running 10781_19_CLEC4G_CLC4G.txt.gz.annotated.gz.exclusions.gz.alleles.gz
finished 10781_19_CLEC4G_CLC4G.txt.gz.annotated.gz.exclusions.gz.alleles.gz
running 10785_8_LRRC52_LRC52.txt.gz.annotated.gz.exclusions.gz.alleles.gz
finished 10785_8_LRRC52_LRC52.txt.gz.annotated.gz.exclusions.gz.alleles.gz
running 10798_4_CD300E_CLM2.txt.gz.annotated.gz.exclusions.gz.alleles.gz
finished 10798_4_CD300E_CLM2.txt.gz.annotated.gz.exclusions.gz.alleles.gz
running 10800_15_SERPINH1_Collagen_binding_protein.txt.gz.annotated.gz.exclusions.gz.alleles.gz
finished 10800_15_SERPINH1_Collagen_binding_protein.txt.gz.annotated.gz.exclusions.gz.alleles.gz
running 10809_14_KLRB1_KLRB1.txt.gz.annotated.gz.exclusions.gz.alleles.gz
finished 10809_14_KLRB1_KLRB1.txt.gz.annotated.gz.exclusions.gz.alleles.gz
running 10814_7_CD1A_CD1A.txt.gz.annotated.gz.exclusions.gz.alleles.gz
finished 10814_7_CD1A_CD1A.txt.gz.annotated.gz.exclusions.gz.alleles.gz
running 10815_2_HABP4_HABP4.txt.gz.annotated.gz.exclusions.gz.alleles.gz
finished 10815_2_HABP4_HABP4.txt.gz.annotated.gz.exclusions.gz.alleles.gz
running 10816_150_PILRA_PILRA_isoform_FDF03_M14.txt.gz.annotated.gz.exclusions.gz.alleles.gz
finished 10816_150_PILRA_PILRA_isoform_FDF03_M14.txt.gz.annotated.gz.exclusions.gz.alleles.gz
running 10817_26_TOMM20L_TO20L.txt.gz.annotated.gz.exclusions.gz.alleles.gz
finished 10817_26_TOMM20L_TO20L.txt.gz.annotated.gz.exclusions.gz.alleles.gz
running 10818_36_SMPD1_ASM.txt.gz.annotated.gz.exclusions.gz.alleles.gz
finished 10818_36_SMPD1_ASM.txt.gz.annotated.gz.exclusions.gz.alleles.gz
running 10825_12_VSIG10_VSI10.txt.gz.annotated.gz.exclusions.gz.alleles.gz
finished 10825_12_VSIG10_VSI10.txt.gz.annotated.gz.exclusions.gz.alleles.gz
running 10827_67_LINGO3_LIGO3.txt.gz.annotated.gz.exclusions.gz.alleles.gz
finished 10827_67_LINGO3_LIGO3.txt.gz.annotated.gz.exclusions.gz.alleles.gz
running 10830_5_EFCAB14_K0494.txt.gz.annotated.gz.exclusions.gz.alleles.gz
finished 10830_5_EFCAB14_K0494.txt.gz.annotated.gz.exclusions.gz.alleles.gz
running 10832_24_B4GALT6_B4GT6.txt.gz.annotated.gz.exclusions.gz.alleles.gz
finished 10832_24_B4GALT6_B4GT6.txt.gz.annotated.gz.exclusions.gz.alleles.gz
running 10833_64_HHIP_HHIP.txt.gz.annotated.gz.exclusions.gz.alleles.gz
finished 10833_64_HHIP_HHIP.txt.gz.annotated.gz.exclusions.gz.alleles.gz
running 10835_25_A4GNT_A4GCT.txt.gz.annotated.gz.exclusions.gz.alleles.gz
finished 10835_25_A4GNT_A4GCT.txt.gz.annotated.gz.exclusions.gz.alleles.gz
running 10842_7_GCNT4_GCNT4.txt.gz.annotated.gz.exclusions.gz.alleles.gz
finished 10842_7_GCNT4_GCNT4.txt.gz.annotated.gz.exclusions.gz.alleles.gz
running 10847_1_SIGLEC15_SIG15.txt.gz.annotated.gz.exclusions.gz.alleles.gz
finished 10847_1_SIGLEC15_SIG15.txt.gz.annotated.gz.exclusions.gz.alleles.gz
running 10848_137_BTNL3_BTNL3.txt.gz.annotated.gz.exclusions.gz.alleles.gz
finished 10848_137_BTNL3_BTNL3.txt.gz.annotated.gz.exclusions.gz.alleles.gz
running 10851_77_EBI3_IL27B.txt.gz.annotated.gz.exclusions.gz.alleles.gz
finished 10851_77_EBI3_IL27B.txt.gz.annotated.gz.exclusions.gz.alleles.gz
running 10852_114_HNRNPDL_HNRDL.txt.gz.annotated.gz.exclusions.gz.alleles.gz
finished 10852_114_HNRNPDL_HNRDL.txt.gz.annotated.gz.exclusions.gz.alleles.gz
running 10866_60_SMEK1_P4R3A.txt.gz.annotated.gz.exclusions.gz.alleles.gz
finished 10866_60_SMEK1_P4R3A.txt.gz.annotated.gz.exclusions.gz.alleles.gz
running 10876_300_BRAT1_BRAT1.txt.gz.annotated.gz.exclusions.gz.alleles.gz
finished 10876_300_BRAT1_BRAT1.txt.gz.annotated.gz.exclusions.gz.alleles.gz
running 10880_38_FAM163B_F163B.txt.gz.annotated.gz.exclusions.gz.alleles.gz
finished 10880_38_FAM163B_F163B.txt.gz.annotated.gz.exclusions.gz.alleles.gz
running 10882_12_DSC1_Desmocollin_1.txt.gz.annotated.gz.exclusions.gz.alleles.gz
finished 10882_12_DSC1_Desmocollin_1.txt.gz.annotated.gz.exclusions.gz.alleles.gz
running 10885_36_C6orf89_CF089.txt.gz.annotated.gz.exclusions.gz.alleles.gz
finished 10885_36_C6orf89_CF089.txt.gz.annotated.gz.exclusions.gz.alleles.gz
running 10889_2_MRAP2_MRAP2.txt.gz.annotated.gz.exclusions.gz.alleles.gz
finished 10889_2_MRAP2_MRAP2.txt.gz.annotated.gz.exclusions.gz.alleles.gz
running 10890_135_LCTL_LCTL.txt.gz.annotated.gz.exclusions.gz.alleles.gz
finished 10890_135_LCTL_LCTL.txt.gz.annotated.gz.exclusions.gz.alleles.gz
running 10892_8_OSMR_OSMR.txt.gz.annotated.gz.exclusions.gz.alleles.gz
finished 10892_8_OSMR_OSMR.txt.gz.annotated.gz.exclusions.gz.alleles.gz
running 10895_28_TMPRSS11B_TM11B.txt.gz.annotated.gz.exclusions.gz.alleles.gz
finished 10895_28_TMPRSS11B_TM11B.txt.gz.annotated.gz.exclusions.gz.alleles.gz
running 10900_272_STMN2_STMN2.txt.gz.annotated.gz.exclusions.gz.alleles.gz
finished 10900_272_STMN2_STMN2.txt.gz.annotated.gz.exclusions.gz.alleles.gz
running 10902_53_ASPRV1_APRV1.txt.gz.annotated.gz.exclusions.gz.alleles.gz
finished 10902_53_ASPRV1_APRV1.txt.gz.annotated.gz.exclusions.gz.alleles.gz
running 10903_50_STX8_STX8.txt.gz.annotated.gz.exclusions.gz.alleles.gz
finished 10903_50_STX8_STX8.txt.gz.annotated.gz.exclusions.gz.alleles.gz
running 10907_116_NTM_NTRI.txt.gz.annotated.gz.exclusions.gz.alleles.gz
finished 10907_116_NTM_NTRI.txt.gz.annotated.gz.exclusions.gz.alleles.gz
running 10908_2_GALNT13_GLT13.txt.gz.annotated.gz.exclusions.gz.alleles.gz
finished 10908_2_GALNT13_GLT13.txt.gz.annotated.gz.exclusions.gz.alleles.gz
running 10910_6_CEACAM4_CEAM4.txt.gz.annotated.gz.exclusions.gz.alleles.gz
finished 10910_6_CEACAM4_CEAM4.txt.gz.annotated.gz.exclusions.gz.alleles.gz
running 10916_44_PLA2R1_PLA2R.txt.gz.annotated.gz.exclusions.gz.alleles.gz
finished 10916_44_PLA2R1_PLA2R.txt.gz.annotated.gz.exclusions.gz.alleles.gz
running 10917_40_GNGT2_GBGT2.txt.gz.annotated.gz.exclusions.gz.alleles.gz
finished 10917_40_GNGT2_GBGT2.txt.gz.annotated.gz.exclusions.gz.alleles.gz
running 10924_258_CYB5D2_NEUFC.txt.gz.annotated.gz.exclusions.gz.alleles.gz
finished 10924_258_CYB5D2_NEUFC.txt.gz.annotated.gz.exclusions.gz.alleles.gz
running 10933_107_CALN1_CABP8.txt.gz.annotated.gz.exclusions.gz.alleles.gz
finished 10933_107_CALN1_CABP8.txt.gz.annotated.gz.exclusions.gz.alleles.gz
running 10938_13_CD58_sLFA_3.txt.gz.annotated.gz.exclusions.gz.alleles.gz
finished 10938_13_CD58_sLFA_3.txt.gz.annotated.gz.exclusions.gz.alleles.gz
running 10939_16_PLEKHA4_PKHA4.txt.gz.annotated.gz.exclusions.gz.alleles.gz
finished 10939_16_PLEKHA4_PKHA4.txt.gz.annotated.gz.exclusions.gz.alleles.gz
running 10940_25_SRL_SRCA.txt.gz.annotated.gz.exclusions.gz.alleles.gz
finished 10940_25_SRL_SRCA.txt.gz.annotated.gz.exclusions.gz.alleles.gz
running 10945_11_STX6_Syntaxin_6.txt.gz.annotated.gz.exclusions.gz.alleles.gz
finished 10945_11_STX6_Syntaxin_6.txt.gz.annotated.gz.exclusions.gz.alleles.gz
running 10948_14_PLD3_PLD3.txt.gz.annotated.gz.exclusions.gz.alleles.gz
finished 10948_14_PLD3_PLD3.txt.gz.annotated.gz.exclusions.gz.alleles.gz
running 10949_59_RPLP2_RLA2.txt.gz.annotated.gz.exclusions.gz.alleles.gz
finished 10949_59_RPLP2_RLA2.txt.gz.annotated.gz.exclusions.gz.alleles.gz
running 10953_14_CLEC2A_CLC2A.txt.gz.annotated.gz.exclusions.gz.alleles.gz
finished 10953_14_CLEC2A_CLC2A.txt.gz.annotated.gz.exclusions.gz.alleles.gz
running 10955_4_CLEC10A_CLC10.txt.gz.annotated.gz.exclusions.gz.alleles.gz
finished 10955_4_CLEC10A_CLC10.txt.gz.annotated.gz.exclusions.gz.alleles.gz
running 10956_82_GCSH_GCSH.txt.gz.annotated.gz.exclusions.gz.alleles.gz
finished 10956_82_GCSH_GCSH.txt.gz.annotated.gz.exclusions.gz.alleles.gz
running 10959_125_BET1L_BET1L.txt.gz.annotated.gz.exclusions.gz.alleles.gz
finished 10959_125_BET1L_BET1L.txt.gz.annotated.gz.exclusions.gz.alleles.gz
running 10961_15_RARRES3_TIG3.txt.gz.annotated.gz.exclusions.gz.alleles.gz
finished 10961_15_RARRES3_TIG3.txt.gz.annotated.gz.exclusions.gz.alleles.gz
running 10974_20_SPINK7_ISK7.txt.gz.annotated.gz.exclusions.gz.alleles.gz
finished 10974_20_SPINK7_ISK7.txt.gz.annotated.gz.exclusions.gz.alleles.gz
running 10975_59_MUCL1_MUCL1.txt.gz.annotated.gz.exclusions.gz.alleles.gz
finished 10975_59_MUCL1_MUCL1.txt.gz.annotated.gz.exclusions.gz.alleles.gz
running 10977_55_UCMA_UCMA.txt.gz.annotated.gz.exclusions.gz.alleles.gz
finished 10977_55_UCMA_UCMA.txt.gz.annotated.gz.exclusions.gz.alleles.gz
running 10978_39_GH2_SOM2.txt.gz.annotated.gz.exclusions.gz.alleles.gz
finished 10978_39_GH2_SOM2.txt.gz.annotated.gz.exclusions.gz.alleles.gz
running 10981_56_NRG3_NRG3.txt.gz.annotated.gz.exclusions.gz.alleles.gz
finished 10981_56_NRG3_NRG3.txt.gz.annotated.gz.exclusions.gz.alleles.gz
running 10990_21_LRRK2_LRRK2.txt.gz.annotated.gz.exclusions.gz.alleles.gz
finished 10990_21_LRRK2_LRRK2.txt.gz.annotated.gz.exclusions.gz.alleles.gz
running 11067_13_BGLAP_Osteocalcin.txt.gz.annotated.gz.exclusions.gz.alleles.gz
finished 11067_13_BGLAP_Osteocalcin.txt.gz.annotated.gz.exclusions.gz.alleles.gz
running 11071_1_IL5_IL_5.txt.gz.annotated.gz.exclusions.gz.alleles.gz
finished 11071_1_IL5_IL_5.txt.gz.annotated.gz.exclusions.gz.alleles.gz
running 11094_104_CLC_LPPL.txt.gz.annotated.gz.exclusions.gz.alleles.gz
finished 11094_104_CLC_LPPL.txt.gz.annotated.gz.exclusions.gz.alleles.gz
running 11096_57_N6AMT1_HEMK2.txt.gz.annotated.gz.exclusions.gz.alleles.gz
finished 11096_57_N6AMT1_HEMK2.txt.gz.annotated.gz.exclusions.gz.alleles.gz
running 11098_1_PDXK_PDXK.txt.gz.annotated.gz.exclusions.gz.alleles.gz
finished 11098_1_PDXK_PDXK.txt.gz.annotated.gz.exclusions.gz.alleles.gz
running 11101_18_TLR4_TLR4.txt.gz.annotated.gz.exclusions.gz.alleles.gz
finished 11101_18_TLR4_TLR4.txt.gz.annotated.gz.exclusions.gz.alleles.gz
running 11102_22_REG4_REG4.txt.gz.annotated.gz.exclusions.gz.alleles.gz
finished 11102_22_REG4_REG4.txt.gz.annotated.gz.exclusions.gz.alleles.gz
running 11103_24_HSPB1_HSP_27.txt.gz.annotated.gz.exclusions.gz.alleles.gz
finished 11103_24_HSPB1_HSP_27.txt.gz.annotated.gz.exclusions.gz.alleles.gz
running 11104_13_CHI3L1_YKL_40.txt.gz.annotated.gz.exclusions.gz.alleles.gz
finished 11104_13_CHI3L1_YKL_40.txt.gz.annotated.gz.exclusions.gz.alleles.gz
running 11105_171_ENO1_Alpha_enolase.txt.gz.annotated.gz.exclusions.gz.alleles.gz
finished 11105_171_ENO1_Alpha_enolase.txt.gz.annotated.gz.exclusions.gz.alleles.gz
running 11107_25_TENM3_TEN3.txt.gz.annotated.gz.exclusions.gz.alleles.gz
finished 11107_25_TENM3_TEN3.txt.gz.annotated.gz.exclusions.gz.alleles.gz
running 11109_56_SVEP1_SVEP1.txt.gz.annotated.gz.exclusions.gz.alleles.gz
finished 11109_56_SVEP1_SVEP1.txt.gz.annotated.gz.exclusions.gz.alleles.gz
running 11110_4_TMEM119_TM119.txt.gz.annotated.gz.exclusions.gz.alleles.gz
finished 11110_4_TMEM119_TM119.txt.gz.annotated.gz.exclusions.gz.alleles.gz
running 11112_18_TMEM167A_KISHA.txt.gz.annotated.gz.exclusions.gz.alleles.gz
finished 11112_18_TMEM167A_KISHA.txt.gz.annotated.gz.exclusions.gz.alleles.gz
running 11116_16_C11orf87_CK087.txt.gz.annotated.gz.exclusions.gz.alleles.gz
finished 11116_16_C11orf87_CK087.txt.gz.annotated.gz.exclusions.gz.alleles.gz
running 11117_2_SPATA20_SPT20.txt.gz.annotated.gz.exclusions.gz.alleles.gz
finished 11117_2_SPATA20_SPT20.txt.gz.annotated.gz.exclusions.gz.alleles.gz
running 11118_107_RAB17_RAB17.txt.gz.annotated.gz.exclusions.gz.alleles.gz
finished 11118_107_RAB17_RAB17.txt.gz.annotated.gz.exclusions.gz.alleles.gz
running 11120_49_NAT14_NAT14.txt.gz.annotated.gz.exclusions.gz.alleles.gz
finished 11120_49_NAT14_NAT14.txt.gz.annotated.gz.exclusions.gz.alleles.gz
running 11122_97_SPG21_SPG21.txt.gz.annotated.gz.exclusions.gz.alleles.gz
finished 11122_97_SPG21_SPG21.txt.gz.annotated.gz.exclusions.gz.alleles.gz
running 11126_102_TRIO_TRIO.txt.gz.annotated.gz.exclusions.gz.alleles.gz
finished 11126_102_TRIO_TRIO.txt.gz.annotated.gz.exclusions.gz.alleles.gz
running 11128_29_TMEM132C_T132C.txt.gz.annotated.gz.exclusions.gz.alleles.gz
finished 11128_29_TMEM132C_T132C.txt.gz.annotated.gz.exclusions.gz.alleles.gz
running 11129_66_BMP15_BMP15.txt.gz.annotated.gz.exclusions.gz.alleles.gz
finished 11129_66_BMP15_BMP15.txt.gz.annotated.gz.exclusions.gz.alleles.gz
running 11130_158_CACNB4_CACB4.txt.gz.annotated.gz.exclusions.gz.alleles.gz
finished 11130_158_CACNB4_CACB4.txt.gz.annotated.gz.exclusions.gz.alleles.gz
