running 11636_33_TAGLN2_Transgelin_2.txt.gz.annotated.gz.exclusions.gz.alleles.gz
finished 11636_33_TAGLN2_Transgelin_2.txt.gz.annotated.gz.exclusions.gz.alleles.gz
running 11638_42_B3GALT2_B3GT2.txt.gz.annotated.gz.exclusions.gz.alleles.gz
finished 11638_42_B3GALT2_B3GT2.txt.gz.annotated.gz.exclusions.gz.alleles.gz
running 11643_73_DTX3L_DTX3L.txt.gz.annotated.gz.exclusions.gz.alleles.gz
finished 11643_73_DTX3L_DTX3L.txt.gz.annotated.gz.exclusions.gz.alleles.gz
running 11645_9_P4HA1_P4HA1.txt.gz.annotated.gz.exclusions.gz.alleles.gz
finished 11645_9_P4HA1_P4HA1.txt.gz.annotated.gz.exclusions.gz.alleles.gz
running 11646_4_CHST9_Carbohydrate_sulfotransferase_9.txt.gz.annotated.gz.exclusions.gz.alleles.gz
finished 11646_4_CHST9_Carbohydrate_sulfotransferase_9.txt.gz.annotated.gz.exclusions.gz.alleles.gz
running 11647_6_FZD10_Frizzled_10.txt.gz.annotated.gz.exclusions.gz.alleles.gz
finished 11647_6_FZD10_Frizzled_10.txt.gz.annotated.gz.exclusions.gz.alleles.gz
running 11649_3_SMAP1_SMAP1.txt.gz.annotated.gz.exclusions.gz.alleles.gz
finished 11649_3_SMAP1_SMAP1.txt.gz.annotated.gz.exclusions.gz.alleles.gz
running 11653_69_SLC6A9_SC6A9.txt.gz.annotated.gz.exclusions.gz.alleles.gz
finished 11653_69_SLC6A9_SC6A9.txt.gz.annotated.gz.exclusions.gz.alleles.gz
running 11654_77_NRSN1_NRSN1.txt.gz.annotated.gz.exclusions.gz.alleles.gz
finished 11654_77_NRSN1_NRSN1.txt.gz.annotated.gz.exclusions.gz.alleles.gz
running 11656_110_EVL_EVL.txt.gz.annotated.gz.exclusions.gz.alleles.gz
finished 11656_110_EVL_EVL.txt.gz.annotated.gz.exclusions.gz.alleles.gz
running 11657_86_SOCS7_SOCS7.txt.gz.annotated.gz.exclusions.gz.alleles.gz
finished 11657_86_SOCS7_SOCS7.txt.gz.annotated.gz.exclusions.gz.alleles.gz
running 11659_31_CLINT1_EPN4.txt.gz.annotated.gz.exclusions.gz.alleles.gz
finished 11659_31_CLINT1_EPN4.txt.gz.annotated.gz.exclusions.gz.alleles.gz
running 11661_11_NLRP1_NALP1.txt.gz.annotated.gz.exclusions.gz.alleles.gz
finished 11661_11_NLRP1_NALP1.txt.gz.annotated.gz.exclusions.gz.alleles.gz
running 11664_32_ARFGAP2_ARFG2.txt.gz.annotated.gz.exclusions.gz.alleles.gz
finished 11664_32_ARFGAP2_ARFG2.txt.gz.annotated.gz.exclusions.gz.alleles.gz
running 11666_72_RGS8_RGS8.txt.gz.annotated.gz.exclusions.gz.alleles.gz
finished 11666_72_RGS8_RGS8.txt.gz.annotated.gz.exclusions.gz.alleles.gz
running 11667_29_TNS2_TENC1.txt.gz.annotated.gz.exclusions.gz.alleles.gz
finished 11667_29_TNS2_TENC1.txt.gz.annotated.gz.exclusions.gz.alleles.gz
running 11669_39_SLCO5A1_SO5A1.txt.gz.annotated.gz.exclusions.gz.alleles.gz
finished 11669_39_SLCO5A1_SO5A1.txt.gz.annotated.gz.exclusions.gz.alleles.gz
running 11671_19_BRPF1_BRPF1.txt.gz.annotated.gz.exclusions.gz.alleles.gz
finished 11671_19_BRPF1_BRPF1.txt.gz.annotated.gz.exclusions.gz.alleles.gz
running 11672_17_KIF16B_KI16B.txt.gz.annotated.gz.exclusions.gz.alleles.gz
finished 11672_17_KIF16B_KI16B.txt.gz.annotated.gz.exclusions.gz.alleles.gz
running 11677_17_ZDHHC14_ZDH14.txt.gz.annotated.gz.exclusions.gz.alleles.gz
finished 11677_17_ZDHHC14_ZDH14.txt.gz.annotated.gz.exclusions.gz.alleles.gz
running 11678_105_GJD2_CXD2.txt.gz.annotated.gz.exclusions.gz.alleles.gz
finished 11678_105_GJD2_CXD2.txt.gz.annotated.gz.exclusions.gz.alleles.gz
running 11681_8_AGFG1_NUPL.txt.gz.annotated.gz.exclusions.gz.alleles.gz
finished 11681_8_AGFG1_NUPL.txt.gz.annotated.gz.exclusions.gz.alleles.gz
running 11682_7_TXNIP_TXNIP.txt.gz.annotated.gz.exclusions.gz.alleles.gz
finished 11682_7_TXNIP_TXNIP.txt.gz.annotated.gz.exclusions.gz.alleles.gz
running 11683_19_GGA3_GGA3.txt.gz.annotated.gz.exclusions.gz.alleles.gz
finished 11683_19_GGA3_GGA3.txt.gz.annotated.gz.exclusions.gz.alleles.gz
running 11690_47_ANAPC7_APC7.txt.gz.annotated.gz.exclusions.gz.alleles.gz
finished 11690_47_ANAPC7_APC7.txt.gz.annotated.gz.exclusions.gz.alleles.gz
running 11692_21_SHC4_SHC4.txt.gz.annotated.gz.exclusions.gz.alleles.gz
finished 11692_21_SHC4_SHC4.txt.gz.annotated.gz.exclusions.gz.alleles.gz
running 11696_7_CRABP2_RABP2.txt.gz.annotated.gz.exclusions.gz.alleles.gz
finished 11696_7_CRABP2_RABP2.txt.gz.annotated.gz.exclusions.gz.alleles.gz
running 11699_16_PTP4A2_TP4A2.txt.gz.annotated.gz.exclusions.gz.alleles.gz
finished 11699_16_PTP4A2_TP4A2.txt.gz.annotated.gz.exclusions.gz.alleles.gz
running 11708_2_LCN1_LCN1.txt.gz.annotated.gz.exclusions.gz.alleles.gz
finished 11708_2_LCN1_LCN1.txt.gz.annotated.gz.exclusions.gz.alleles.gz
running 11709_29_CPT1B_CPT1B.txt.gz.annotated.gz.exclusions.gz.alleles.gz
finished 11709_29_CPT1B_CPT1B.txt.gz.annotated.gz.exclusions.gz.alleles.gz
running 11715_1_POU2F1_PO2F1.txt.gz.annotated.gz.exclusions.gz.alleles.gz
finished 11715_1_POU2F1_PO2F1.txt.gz.annotated.gz.exclusions.gz.alleles.gz
running 11716_28_LRIT2_LRIT2.txt.gz.annotated.gz.exclusions.gz.alleles.gz
finished 11716_28_LRIT2_LRIT2.txt.gz.annotated.gz.exclusions.gz.alleles.gz
running 11816_84_JAK2_JAK2.txt.gz.annotated.gz.exclusions.gz.alleles.gz
finished 11816_84_JAK2_JAK2.txt.gz.annotated.gz.exclusions.gz.alleles.gz
running 11825_27_PPARGC1A_PRGC1.txt.gz.annotated.gz.exclusions.gz.alleles.gz
finished 11825_27_PPARGC1A_PRGC1.txt.gz.annotated.gz.exclusions.gz.alleles.gz
running 11827_7_RORC_RORG.txt.gz.annotated.gz.exclusions.gz.alleles.gz
finished 11827_7_RORC_RORG.txt.gz.annotated.gz.exclusions.gz.alleles.gz
running 11837_7_TNFRSF18_GITR.txt.gz.annotated.gz.exclusions.gz.alleles.gz
finished 11837_7_TNFRSF18_GITR.txt.gz.annotated.gz.exclusions.gz.alleles.gz
running 11838_130_PIEZO1_FA38A.txt.gz.annotated.gz.exclusions.gz.alleles.gz
finished 11838_130_PIEZO1_FA38A.txt.gz.annotated.gz.exclusions.gz.alleles.gz
running 11872_9_PCDHGB1_PCDGD.txt.gz.annotated.gz.exclusions.gz.alleles.gz
finished 11872_9_PCDHGB1_PCDGD.txt.gz.annotated.gz.exclusions.gz.alleles.gz
running 11910_27_DLX4_DLX4.txt.gz.annotated.gz.exclusions.gz.alleles.gz
finished 11910_27_DLX4_DLX4.txt.gz.annotated.gz.exclusions.gz.alleles.gz
running 11911_13_LRRC4B_LRC4B.txt.gz.annotated.gz.exclusions.gz.alleles.gz
finished 11911_13_LRRC4B_LRC4B.txt.gz.annotated.gz.exclusions.gz.alleles.gz
running 11926_23_AAGAB_P34.txt.gz.annotated.gz.exclusions.gz.alleles.gz
finished 11926_23_AAGAB_P34.txt.gz.annotated.gz.exclusions.gz.alleles.gz
running 11934_9_INTS3_INT3.txt.gz.annotated.gz.exclusions.gz.alleles.gz
finished 11934_9_INTS3_INT3.txt.gz.annotated.gz.exclusions.gz.alleles.gz
running 11952_1_IGDCC3_IGDC3.txt.gz.annotated.gz.exclusions.gz.alleles.gz
finished 11952_1_IGDCC3_IGDC3.txt.gz.annotated.gz.exclusions.gz.alleles.gz
running 11955_1_ARHGAP1_RHG01.txt.gz.annotated.gz.exclusions.gz.alleles.gz
finished 11955_1_ARHGAP1_RHG01.txt.gz.annotated.gz.exclusions.gz.alleles.gz
running 11967_23_CRABP1_RABP1.txt.gz.annotated.gz.exclusions.gz.alleles.gz
finished 11967_23_CRABP1_RABP1.txt.gz.annotated.gz.exclusions.gz.alleles.gz
running 11969_5_S100A2_S100A2.txt.gz.annotated.gz.exclusions.gz.alleles.gz
finished 11969_5_S100A2_S100A2.txt.gz.annotated.gz.exclusions.gz.alleles.gz
running 11988_24_PTPRH_PTPRH.txt.gz.annotated.gz.exclusions.gz.alleles.gz
finished 11988_24_PTPRH_PTPRH.txt.gz.annotated.gz.exclusions.gz.alleles.gz
running 11989_35_EMC1_EMC1.txt.gz.annotated.gz.exclusions.gz.alleles.gz
finished 11989_35_EMC1_EMC1.txt.gz.annotated.gz.exclusions.gz.alleles.gz
running 12001_7_TJP1_ZO1.txt.gz.annotated.gz.exclusions.gz.alleles.gz
finished 12001_7_TJP1_ZO1.txt.gz.annotated.gz.exclusions.gz.alleles.gz
running 12008_3_CD7_CD7.txt.gz.annotated.gz.exclusions.gz.alleles.gz
finished 12008_3_CD7_CD7.txt.gz.annotated.gz.exclusions.gz.alleles.gz
running 12014_19_PTS_PTPS.txt.gz.annotated.gz.exclusions.gz.alleles.gz
finished 12014_19_PTS_PTPS.txt.gz.annotated.gz.exclusions.gz.alleles.gz
running 12016_60_CBL_CBL.txt.gz.annotated.gz.exclusions.gz.alleles.gz
finished 12016_60_CBL_CBL.txt.gz.annotated.gz.exclusions.gz.alleles.gz
running 12018_84_TPK1_TPK1.txt.gz.annotated.gz.exclusions.gz.alleles.gz
finished 12018_84_TPK1_TPK1.txt.gz.annotated.gz.exclusions.gz.alleles.gz
running 12020_39_BPGM_PMGE.txt.gz.annotated.gz.exclusions.gz.alleles.gz
finished 12020_39_BPGM_PMGE.txt.gz.annotated.gz.exclusions.gz.alleles.gz
running 12022_12_SMAD4_SMAD4.txt.gz.annotated.gz.exclusions.gz.alleles.gz
finished 12022_12_SMAD4_SMAD4.txt.gz.annotated.gz.exclusions.gz.alleles.gz
running 12030_82_DES_Desmin.txt.gz.annotated.gz.exclusions.gz.alleles.gz
finished 12030_82_DES_Desmin.txt.gz.annotated.gz.exclusions.gz.alleles.gz
running 12033_3_BUB1_BUB1.txt.gz.annotated.gz.exclusions.gz.alleles.gz
finished 12033_3_BUB1_BUB1.txt.gz.annotated.gz.exclusions.gz.alleles.gz
running 12034_28_CAP1_CAP_1.txt.gz.annotated.gz.exclusions.gz.alleles.gz
finished 12034_28_CAP1_CAP_1.txt.gz.annotated.gz.exclusions.gz.alleles.gz
running 12041_33_HSPA1L_HS71L.txt.gz.annotated.gz.exclusions.gz.alleles.gz
finished 12041_33_HSPA1L_HS71L.txt.gz.annotated.gz.exclusions.gz.alleles.gz
running 12046_51_TARDBP_TADBP.txt.gz.annotated.gz.exclusions.gz.alleles.gz
finished 12046_51_TARDBP_TADBP.txt.gz.annotated.gz.exclusions.gz.alleles.gz
running 12329_21_RPS6KA1_KS6A1.txt.gz.annotated.gz.exclusions.gz.alleles.gz
finished 12329_21_RPS6KA1_KS6A1.txt.gz.annotated.gz.exclusions.gz.alleles.gz
running 12332_7_EEF2K_EF2K.txt.gz.annotated.gz.exclusions.gz.alleles.gz
finished 12332_7_EEF2K_EF2K.txt.gz.annotated.gz.exclusions.gz.alleles.gz
running 12333_87_RPIA_RPIA.txt.gz.annotated.gz.exclusions.gz.alleles.gz
finished 12333_87_RPIA_RPIA.txt.gz.annotated.gz.exclusions.gz.alleles.gz
running 12334_25_SHMT1_cSHMT.txt.gz.annotated.gz.exclusions.gz.alleles.gz
finished 12334_25_SHMT1_cSHMT.txt.gz.annotated.gz.exclusions.gz.alleles.gz
running 12338_27_EGFLAM_EGFLA.txt.gz.annotated.gz.exclusions.gz.alleles.gz
finished 12338_27_EGFLAM_EGFLA.txt.gz.annotated.gz.exclusions.gz.alleles.gz
running 12340_17_AARS_SYAC.txt.gz.annotated.gz.exclusions.gz.alleles.gz
finished 12340_17_AARS_SYAC.txt.gz.annotated.gz.exclusions.gz.alleles.gz
running 12341_8_DUSP6_DUS6.txt.gz.annotated.gz.exclusions.gz.alleles.gz
finished 12341_8_DUSP6_DUS6.txt.gz.annotated.gz.exclusions.gz.alleles.gz
running 12343_14_ACAP2_CENB2.txt.gz.annotated.gz.exclusions.gz.alleles.gz
finished 12343_14_ACAP2_CENB2.txt.gz.annotated.gz.exclusions.gz.alleles.gz
running 12345_4_ANAPC10_APC10.txt.gz.annotated.gz.exclusions.gz.alleles.gz
finished 12345_4_ANAPC10_APC10.txt.gz.annotated.gz.exclusions.gz.alleles.gz
running 12347_29_CCM2_CCM2.txt.gz.annotated.gz.exclusions.gz.alleles.gz
finished 12347_29_CCM2_CCM2.txt.gz.annotated.gz.exclusions.gz.alleles.gz
running 12348_46_SARS2_SYSM.txt.gz.annotated.gz.exclusions.gz.alleles.gz
finished 12348_46_SARS2_SYSM.txt.gz.annotated.gz.exclusions.gz.alleles.gz
running 12350_86_ETS2_ETS2.txt.gz.annotated.gz.exclusions.gz.alleles.gz
finished 12350_86_ETS2_ETS2.txt.gz.annotated.gz.exclusions.gz.alleles.gz
running 12352_70_ARRDC3_ARRD3.txt.gz.annotated.gz.exclusions.gz.alleles.gz
finished 12352_70_ARRDC3_ARRD3.txt.gz.annotated.gz.exclusions.gz.alleles.gz
running 12355_223_MRRF_RRFM.txt.gz.annotated.gz.exclusions.gz.alleles.gz
finished 12355_223_MRRF_RRFM.txt.gz.annotated.gz.exclusions.gz.alleles.gz
running 12356_65_SRI_Sorcin.txt.gz.annotated.gz.exclusions.gz.alleles.gz
finished 12356_65_SRI_Sorcin.txt.gz.annotated.gz.exclusions.gz.alleles.gz
running 12357_41_SNAP29_SNP29.txt.gz.annotated.gz.exclusions.gz.alleles.gz
finished 12357_41_SNAP29_SNP29.txt.gz.annotated.gz.exclusions.gz.alleles.gz
running 12358_6_IGBP1_IGBP1.txt.gz.annotated.gz.exclusions.gz.alleles.gz
finished 12358_6_IGBP1_IGBP1.txt.gz.annotated.gz.exclusions.gz.alleles.gz
running 12361_102_RRAS2_RRAS2.txt.gz.annotated.gz.exclusions.gz.alleles.gz
finished 12361_102_RRAS2_RRAS2.txt.gz.annotated.gz.exclusions.gz.alleles.gz
running 12363_70_TRIB2_TRIB2.txt.gz.annotated.gz.exclusions.gz.alleles.gz
finished 12363_70_TRIB2_TRIB2.txt.gz.annotated.gz.exclusions.gz.alleles.gz
running 12365_108_RUVBL1_RUVB1.txt.gz.annotated.gz.exclusions.gz.alleles.gz
finished 12365_108_RUVBL1_RUVB1.txt.gz.annotated.gz.exclusions.gz.alleles.gz
