running SLAMF7_Q9NQ25_OID20602.gz
finished SLAMF7_Q9NQ25_OID20602.gz
running SLAMF8_Q9P0V8_OID21214.gz
finished SLAMF8_Q9P0V8_OID21214.gz
running SLC12A2_P55011_OID30077.gz
finished SLC12A2_P55011_OID30077.gz
running SLC13A1_Q9BZW2_OID31388.gz
finished SLC13A1_Q9BZW2_OID31388.gz
running SLC16A1_P53985_OID20799.gz
finished SLC16A1_P53985_OID20799.gz
running SLC1A4_P43007_OID30926.gz
finished SLC1A4_P43007_OID30926.gz
running SLC27A4_Q6P1M0_OID20814.gz
finished SLC27A4_Q6P1M0_OID20814.gz
running SLC28A1_O00337_OID31220.gz
finished SLC28A1_O00337_OID31220.gz
running SLC34A3_Q8N130_OID31203.gz
finished SLC34A3_Q8N130_OID31203.gz
running SLC39A14_Q15043_OID20852.gz
finished SLC39A14_Q15043_OID20852.gz
running SLC39A5_Q6ZMH5_OID20539.gz
finished SLC39A5_Q6ZMH5_OID20539.gz
running SLC44A4_Q53GD3_OID30897.gz
finished SLC44A4_Q53GD3_OID30897.gz
running SLC4A1_P02730_OID30369.gz
finished SLC4A1_P02730_OID30369.gz
running SLC51B_Q86UW2_OID30107.gz
finished SLC51B_Q86UW2_OID30107.gz
running SLC9A3R1_O14745_OID30630.gz
finished SLC9A3R1_O14745_OID30630.gz
running SLC9A3R2_Q15599_OID31445.gz
finished SLC9A3R2_Q15599_OID31445.gz
running SLIRP_Q9GZT3_OID31174.gz
finished SLIRP_Q9GZT3_OID31174.gz
running SLIT2_O94813_OID20862.gz
finished SLIT2_O94813_OID20862.gz
running SLITRK1_Q96PX8_OID30510.gz
finished SLITRK1_Q96PX8_OID30510.gz
running SLITRK2_Q9H156_OID21409.gz
finished SLITRK2_Q9H156_OID21409.gz
running SLITRK6_Q9H5Y7_OID20094.gz
finished SLITRK6_Q9H5Y7_OID20094.gz
running SLK_Q9H2G2_OID31282.gz
finished SLK_Q9H2G2_OID31282.gz
running SLMAP_Q14BN4_OID31441.gz
finished SLMAP_Q14BN4_OID31441.gz
running SLURP1_P55000_OID30404.gz
finished SLURP1_P55000_OID30404.gz
running SMAD1_Q15797_OID21180.gz
finished SMAD1_Q15797_OID21180.gz
running SMAD2_Q15796_OID31353.gz
finished SMAD2_Q15796_OID31353.gz
running SMAD3_P84022_OID31418.gz
finished SMAD3_P84022_OID31418.gz
running SMAD5_Q99717_OID21353.gz
finished SMAD5_Q99717_OID21353.gz
running SMARCA2_P51531_OID20796.gz
finished SMARCA2_P51531_OID20796.gz
running SMC3_Q9UQE7_OID31195.gz
finished SMC3_Q9UQE7_OID31195.gz
running SMNDC1_O75940_OID31471.gz
finished SMNDC1_O75940_OID31471.gz
running SMOC1_Q9H4F8_OID21461.gz
finished SMOC1_Q9H4F8_OID21461.gz
running SMOC2_Q9H3U7_OID20730.gz
finished SMOC2_Q9H3U7_OID20730.gz
running SMPD1_P17405_OID21028.gz
finished SMPD1_P17405_OID21028.gz
running SMPD3_Q9NY59_OID30477.gz
finished SMPD3_Q9NY59_OID30477.gz
running SMPDL3A_Q92484_OID20676.gz
finished SMPDL3A_Q92484_OID20676.gz
running SMPDL3B_Q92485_OID31387.gz
finished SMPDL3B_Q92485_OID31387.gz
running SMS_P52788_OID30853.gz
finished SMS_P52788_OID30853.gz
running SMTN_P53814_OID31154.gz
finished SMTN_P53814_OID31154.gz
running SNAP23_O00161_OID20218.gz
finished SNAP23_O00161_OID20218.gz
running SNAP25_P60880_OID30811.gz
finished SNAP25_P60880_OID30811.gz
running SNAP29_O95721_OID21506.gz
finished SNAP29_O95721_OID21506.gz
running SNAPIN_O95295_OID31019.gz
finished SNAPIN_O95295_OID31019.gz
running SNCA_P37840_OID30645.gz
finished SNCA_P37840_OID30645.gz
running SNCG_O76070_OID20971.gz
finished SNCG_O76070_OID20971.gz
running SNED1_Q8TER0_OID30205.gz
finished SNED1_Q8TER0_OID30205.gz
running SNRPB2_P08579_OID31132.gz
finished SNRPB2_P08579_OID31132.gz
running SNU13_P55769_OID30052.gz
finished SNU13_P55769_OID30052.gz
running SNX15_Q9NRS6_OID30644.gz
finished SNX15_Q9NRS6_OID30644.gz
running SNX18_Q96RF0_OID31476.gz
finished SNX18_Q96RF0_OID31476.gz
running SNX2_O60749_OID31374.gz
finished SNX2_O60749_OID31374.gz
running SNX5_Q9Y5X3_OID30215.gz
finished SNX5_Q9Y5X3_OID30215.gz
running SNX9_Q9Y5X1_OID20135.gz
finished SNX9_Q9Y5X1_OID20135.gz
running SOD1_P00441_OID20386.gz
finished SOD1_P00441_OID20386.gz
running SOD2_P04179_OID21114.gz
finished SOD2_P04179_OID21114.gz
running SOD3_P08294_OID30683.gz
finished SOD3_P08294_OID30683.gz
running SORBS1_Q9BX66_OID30978.gz
finished SORBS1_Q9BX66_OID30978.gz
running SORCS2_Q96PQ0_OID21262.gz
finished SORCS2_Q96PQ0_OID21262.gz
running SORD_Q00796_OID21453.gz
finished SORD_Q00796_OID21453.gz
running SORT1_Q99523_OID20213.gz
finished SORT1_Q99523_OID20213.gz
running SOST_Q9BQB4_OID20204.gz
finished SOST_Q9BQB4_OID20204.gz
running SOWAHA_Q2M3V2_OID30888.gz
finished SOWAHA_Q2M3V2_OID30888.gz
running SOX2_P48431_OID30981.gz
finished SOX2_P48431_OID30981.gz
running SOX9_P48436_OID30905.gz
finished SOX9_P48436_OID30905.gz
running SPACA5_SPACA5B_Q96QH8_OID30990.gz
finished SPACA5_SPACA5B_Q96QH8_OID30990.gz
running SPAG1_Q07617_OID30979.gz
finished SPAG1_Q07617_OID30979.gz
running SPARCL1_Q14515_OID20361.gz
finished SPARCL1_Q14515_OID20361.gz
running SPARC_P09486_OID21511.gz
finished SPARC_P09486_OID21511.gz
running SPART_Q8N0X7_OID30656.gz
finished SPART_Q8N0X7_OID30656.gz
running SPESP1_Q6UW49_OID30298.gz
finished SPESP1_Q6UW49_OID30298.gz
running SPINK1_P00995_OID21097.gz
finished SPINK1_P00995_OID21097.gz
running SPINK2_P20155_OID30627.gz
finished SPINK2_P20155_OID30627.gz
running SPINK4_O60575_OID20509.gz
finished SPINK4_O60575_OID20509.gz
running SPINK5_Q9NQ38_OID21148.gz
finished SPINK5_Q9NQ38_OID21148.gz
running SPINK6_Q6UWN8_OID21450.gz
finished SPINK6_Q6UWN8_OID21450.gz
running SPINK8_P0C7L1_OID30153.gz
finished SPINK8_P0C7L1_OID30153.gz
running SPINT1_O43278_OID21109.gz
finished SPINT1_O43278_OID21109.gz
running SPINT2_O43291_OID20720.gz
finished SPINT2_O43291_OID20720.gz
running SPINT3_P49223_OID31509.gz
finished SPINT3_P49223_OID31509.gz
running SPOCK1_Q08629_OID20924.gz
finished SPOCK1_Q08629_OID20924.gz
