running 7808_5_GLCE_GLCE.txt.gz.annotated.gz.exclusions.gz.alleles.gz
finished 7808_5_GLCE_GLCE.txt.gz.annotated.gz.exclusions.gz.alleles.gz
running 7809_22_SPATA9_SPAT9.txt.gz.annotated.gz.exclusions.gz.alleles.gz
finished 7809_22_SPATA9_SPAT9.txt.gz.annotated.gz.exclusions.gz.alleles.gz
running 7810_20_C1QTNF5_C1QTNF5.txt.gz.annotated.gz.exclusions.gz.alleles.gz
finished 7810_20_C1QTNF5_C1QTNF5.txt.gz.annotated.gz.exclusions.gz.alleles.gz
running 7815_49_IGFBPL1_IBPL1.txt.gz.annotated.gz.exclusions.gz.alleles.gz
finished 7815_49_IGFBPL1_IBPL1.txt.gz.annotated.gz.exclusions.gz.alleles.gz
running 7818_101_GBP6_GBP6.txt.gz.annotated.gz.exclusions.gz.alleles.gz
finished 7818_101_GBP6_GBP6.txt.gz.annotated.gz.exclusions.gz.alleles.gz
running 7821_6_C1D_C1D.txt.gz.annotated.gz.exclusions.gz.alleles.gz
finished 7821_6_C1D_C1D.txt.gz.annotated.gz.exclusions.gz.alleles.gz
running 7822_11_HRASLS2_HRSL2.txt.gz.annotated.gz.exclusions.gz.alleles.gz
finished 7822_11_HRASLS2_HRSL2.txt.gz.annotated.gz.exclusions.gz.alleles.gz
running 7823_22_ST6GALNAC2_SIA7B.txt.gz.annotated.gz.exclusions.gz.alleles.gz
finished 7823_22_ST6GALNAC2_SIA7B.txt.gz.annotated.gz.exclusions.gz.alleles.gz
running 7824_88_MSRB3_MSRB3.txt.gz.annotated.gz.exclusions.gz.alleles.gz
finished 7824_88_MSRB3_MSRB3.txt.gz.annotated.gz.exclusions.gz.alleles.gz
running 7825_7_ABHD12_ABD12.txt.gz.annotated.gz.exclusions.gz.alleles.gz
finished 7825_7_ABHD12_ABD12.txt.gz.annotated.gz.exclusions.gz.alleles.gz
running 7826_1_DCLK3_DCLK3.txt.gz.annotated.gz.exclusions.gz.alleles.gz
finished 7826_1_DCLK3_DCLK3.txt.gz.annotated.gz.exclusions.gz.alleles.gz
running 7827_20_ADAM32_ADA32.txt.gz.annotated.gz.exclusions.gz.alleles.gz
finished 7827_20_ADAM32_ADA32.txt.gz.annotated.gz.exclusions.gz.alleles.gz
running 7835_2_BNIP3L_BNI3L.txt.gz.annotated.gz.exclusions.gz.alleles.gz
finished 7835_2_BNIP3L_BNI3L.txt.gz.annotated.gz.exclusions.gz.alleles.gz
running 7838_27_SMR3A_SMR3A.txt.gz.annotated.gz.exclusions.gz.alleles.gz
finished 7838_27_SMR3A_SMR3A.txt.gz.annotated.gz.exclusions.gz.alleles.gz
running 7839_99_FAM19A3_F19A3.txt.gz.annotated.gz.exclusions.gz.alleles.gz
finished 7839_99_FAM19A3_F19A3.txt.gz.annotated.gz.exclusions.gz.alleles.gz
running 7841_84_ESAM_ESAM.txt.gz.annotated.gz.exclusions.gz.alleles.gz
finished 7841_84_ESAM_ESAM.txt.gz.annotated.gz.exclusions.gz.alleles.gz
running 7842_52_SERF1A_SERF1.txt.gz.annotated.gz.exclusions.gz.alleles.gz
finished 7842_52_SERF1A_SERF1.txt.gz.annotated.gz.exclusions.gz.alleles.gz
running 7846_44_PSG11_PSG11.txt.gz.annotated.gz.exclusions.gz.alleles.gz
finished 7846_44_PSG11_PSG11.txt.gz.annotated.gz.exclusions.gz.alleles.gz
running 7849_3_QPCT_Glutaminyl_cyclase.txt.gz.annotated.gz.exclusions.gz.alleles.gz
finished 7849_3_QPCT_Glutaminyl_cyclase.txt.gz.annotated.gz.exclusions.gz.alleles.gz
running 7850_1_COX4I2_COX42.txt.gz.annotated.gz.exclusions.gz.alleles.gz
finished 7850_1_COX4I2_COX42.txt.gz.annotated.gz.exclusions.gz.alleles.gz
running 7851_30_ANKRD46_ANR46.txt.gz.annotated.gz.exclusions.gz.alleles.gz
finished 7851_30_ANKRD46_ANR46.txt.gz.annotated.gz.exclusions.gz.alleles.gz
running 7852_9_MTIF3_IF3M.txt.gz.annotated.gz.exclusions.gz.alleles.gz
finished 7852_9_MTIF3_IF3M.txt.gz.annotated.gz.exclusions.gz.alleles.gz
running 7853_19_SCO1_SCO1.txt.gz.annotated.gz.exclusions.gz.alleles.gz
finished 7853_19_SCO1_SCO1.txt.gz.annotated.gz.exclusions.gz.alleles.gz
running 7854_38_NCR3LG1_NR3L1.txt.gz.annotated.gz.exclusions.gz.alleles.gz
finished 7854_38_NCR3LG1_NR3L1.txt.gz.annotated.gz.exclusions.gz.alleles.gz
running 7856_51_FAM151A_F151A.txt.gz.annotated.gz.exclusions.gz.alleles.gz
finished 7856_51_FAM151A_F151A.txt.gz.annotated.gz.exclusions.gz.alleles.gz
running 7857_22_NTS_NEUT.txt.gz.annotated.gz.exclusions.gz.alleles.gz
finished 7857_22_NTS_NEUT.txt.gz.annotated.gz.exclusions.gz.alleles.gz
running 7859_21_PCDHGC3_PCDGK.txt.gz.annotated.gz.exclusions.gz.alleles.gz
finished 7859_21_PCDHGC3_PCDGK.txt.gz.annotated.gz.exclusions.gz.alleles.gz
running 7860_9_HERC4_HERC4.txt.gz.annotated.gz.exclusions.gz.alleles.gz
finished 7860_9_HERC4_HERC4.txt.gz.annotated.gz.exclusions.gz.alleles.gz
running 7861_9_ROR2_ROR2.txt.gz.annotated.gz.exclusions.gz.alleles.gz
finished 7861_9_ROR2_ROR2.txt.gz.annotated.gz.exclusions.gz.alleles.gz
running 7863_50_PGRMC1_PGRC1.txt.gz.annotated.gz.exclusions.gz.alleles.gz
finished 7863_50_PGRMC1_PGRC1.txt.gz.annotated.gz.exclusions.gz.alleles.gz
running 7864_3_SIGLEC8_SIGL8.txt.gz.annotated.gz.exclusions.gz.alleles.gz
finished 7864_3_SIGLEC8_SIGL8.txt.gz.annotated.gz.exclusions.gz.alleles.gz
running 7865_126_PLA2G16_HRSL3.txt.gz.annotated.gz.exclusions.gz.alleles.gz
finished 7865_126_PLA2G16_HRSL3.txt.gz.annotated.gz.exclusions.gz.alleles.gz
running 7866_11_DNAJC30_DJC30.txt.gz.annotated.gz.exclusions.gz.alleles.gz
finished 7866_11_DNAJC30_DJC30.txt.gz.annotated.gz.exclusions.gz.alleles.gz
running 7867_154_ST6GALNAC1_SIA7A.txt.gz.annotated.gz.exclusions.gz.alleles.gz
finished 7867_154_ST6GALNAC1_SIA7A.txt.gz.annotated.gz.exclusions.gz.alleles.gz
running 7871_16_TMEM132A_T132A.txt.gz.annotated.gz.exclusions.gz.alleles.gz
finished 7871_16_TMEM132A_T132A.txt.gz.annotated.gz.exclusions.gz.alleles.gz
running 7873_32_TSSK2_TSSK2.txt.gz.annotated.gz.exclusions.gz.alleles.gz
finished 7873_32_TSSK2_TSSK2.txt.gz.annotated.gz.exclusions.gz.alleles.gz
running 7875_86_PLEK_PLEK.txt.gz.annotated.gz.exclusions.gz.alleles.gz
finished 7875_86_PLEK_PLEK.txt.gz.annotated.gz.exclusions.gz.alleles.gz
running 7878_2_SEC61B_SC61B.txt.gz.annotated.gz.exclusions.gz.alleles.gz
finished 7878_2_SEC61B_SC61B.txt.gz.annotated.gz.exclusions.gz.alleles.gz
running 7879_12_CYP3A4_Cytochrome_P450_3A4.txt.gz.annotated.gz.exclusions.gz.alleles.gz
finished 7879_12_CYP3A4_Cytochrome_P450_3A4.txt.gz.annotated.gz.exclusions.gz.alleles.gz
running 7880_9_PSMA1_PSA1.txt.gz.annotated.gz.exclusions.gz.alleles.gz
finished 7880_9_PSMA1_PSA1.txt.gz.annotated.gz.exclusions.gz.alleles.gz
running 7881_244_PARP16_PAR16.txt.gz.annotated.gz.exclusions.gz.alleles.gz
finished 7881_244_PARP16_PAR16.txt.gz.annotated.gz.exclusions.gz.alleles.gz
running 7886_26_SPTLC1_SPTC1.txt.gz.annotated.gz.exclusions.gz.alleles.gz
finished 7886_26_SPTLC1_SPTC1.txt.gz.annotated.gz.exclusions.gz.alleles.gz
running 7887_57_COX5B_COX5B.txt.gz.annotated.gz.exclusions.gz.alleles.gz
finished 7887_57_COX5B_COX5B.txt.gz.annotated.gz.exclusions.gz.alleles.gz
running 7888_58_COA3_CCD56.txt.gz.annotated.gz.exclusions.gz.alleles.gz
finished 7888_58_COA3_CCD56.txt.gz.annotated.gz.exclusions.gz.alleles.gz
running 7890_68_DPP10_DPP10.txt.gz.annotated.gz.exclusions.gz.alleles.gz
finished 7890_68_DPP10_DPP10.txt.gz.annotated.gz.exclusions.gz.alleles.gz
running 7891_45_UGT1A6_UGT_1A6.txt.gz.annotated.gz.exclusions.gz.alleles.gz
finished 7891_45_UGT1A6_UGT_1A6.txt.gz.annotated.gz.exclusions.gz.alleles.gz
running 7892_132_KIAA1467_K1467.txt.gz.annotated.gz.exclusions.gz.alleles.gz
finished 7892_132_KIAA1467_K1467.txt.gz.annotated.gz.exclusions.gz.alleles.gz
running 7894_155_FGF3_FGF_3.txt.gz.annotated.gz.exclusions.gz.alleles.gz
finished 7894_155_FGF3_FGF_3.txt.gz.annotated.gz.exclusions.gz.alleles.gz
running 7895_108_MRAP_MRAP.txt.gz.annotated.gz.exclusions.gz.alleles.gz
finished 7895_108_MRAP_MRAP.txt.gz.annotated.gz.exclusions.gz.alleles.gz
running 7897_75_DLG3_DLG3.txt.gz.annotated.gz.exclusions.gz.alleles.gz
finished 7897_75_DLG3_DLG3.txt.gz.annotated.gz.exclusions.gz.alleles.gz
running 7898_29_MDM1_MDM1.txt.gz.annotated.gz.exclusions.gz.alleles.gz
finished 7898_29_MDM1_MDM1.txt.gz.annotated.gz.exclusions.gz.alleles.gz
running 7903_18_VAMP3_VAMP3.txt.gz.annotated.gz.exclusions.gz.alleles.gz
finished 7903_18_VAMP3_VAMP3.txt.gz.annotated.gz.exclusions.gz.alleles.gz
running 7905_30_HP_HPT.txt.gz.annotated.gz.exclusions.gz.alleles.gz
finished 7905_30_HP_HPT.txt.gz.annotated.gz.exclusions.gz.alleles.gz
running 7910_41_LRFN1_LRFN1.txt.gz.annotated.gz.exclusions.gz.alleles.gz
finished 7910_41_LRFN1_LRFN1.txt.gz.annotated.gz.exclusions.gz.alleles.gz
running 7911_29_SCN4B_SCN4B.txt.gz.annotated.gz.exclusions.gz.alleles.gz
finished 7911_29_SCN4B_SCN4B.txt.gz.annotated.gz.exclusions.gz.alleles.gz
running 7916_10_S100A7_S100A7.txt.gz.annotated.gz.exclusions.gz.alleles.gz
finished 7916_10_S100A7_S100A7.txt.gz.annotated.gz.exclusions.gz.alleles.gz
running 7917_17_CPD_CBPD.txt.gz.annotated.gz.exclusions.gz.alleles.gz
finished 7917_17_CPD_CBPD.txt.gz.annotated.gz.exclusions.gz.alleles.gz
running 7918_114_AMY1A_Amylase__alpha_1A.txt.gz.annotated.gz.exclusions.gz.alleles.gz
finished 7918_114_AMY1A_Amylase__alpha_1A.txt.gz.annotated.gz.exclusions.gz.alleles.gz
running 7920_30_ST8SIA2_SIA8B.txt.gz.annotated.gz.exclusions.gz.alleles.gz
finished 7920_30_ST8SIA2_SIA8B.txt.gz.annotated.gz.exclusions.gz.alleles.gz
running 7921_65_FJX1_FJX1.txt.gz.annotated.gz.exclusions.gz.alleles.gz
finished 7921_65_FJX1_FJX1.txt.gz.annotated.gz.exclusions.gz.alleles.gz
running 7922_5_ADM_Adrenomedullin.txt.gz.annotated.gz.exclusions.gz.alleles.gz
finished 7922_5_ADM_Adrenomedullin.txt.gz.annotated.gz.exclusions.gz.alleles.gz
running 7923_41_SEMA4C_SEM4C.txt.gz.annotated.gz.exclusions.gz.alleles.gz
finished 7923_41_SEMA4C_SEM4C.txt.gz.annotated.gz.exclusions.gz.alleles.gz
running 7924_7_CD3G_CD3G.txt.gz.annotated.gz.exclusions.gz.alleles.gz
finished 7924_7_CD3G_CD3G.txt.gz.annotated.gz.exclusions.gz.alleles.gz
running 7925_18_SMCO2_CL070.txt.gz.annotated.gz.exclusions.gz.alleles.gz
finished 7925_18_SMCO2_CL070.txt.gz.annotated.gz.exclusions.gz.alleles.gz
running 7926_13_SPINT3_SPIT3.txt.gz.annotated.gz.exclusions.gz.alleles.gz
finished 7926_13_SPINT3_SPIT3.txt.gz.annotated.gz.exclusions.gz.alleles.gz
running 7927_16_ST6GALNAC5_SIA7E.txt.gz.annotated.gz.exclusions.gz.alleles.gz
finished 7927_16_ST6GALNAC5_SIA7E.txt.gz.annotated.gz.exclusions.gz.alleles.gz
running 7928_183_TPST1_TPST1.txt.gz.annotated.gz.exclusions.gz.alleles.gz
finished 7928_183_TPST1_TPST1.txt.gz.annotated.gz.exclusions.gz.alleles.gz
running 7930_3_EXOSC1_EXOS1.txt.gz.annotated.gz.exclusions.gz.alleles.gz
finished 7930_3_EXOSC1_EXOS1.txt.gz.annotated.gz.exclusions.gz.alleles.gz
running 7932_23_SYT8_SYT8.txt.gz.annotated.gz.exclusions.gz.alleles.gz
finished 7932_23_SYT8_SYT8.txt.gz.annotated.gz.exclusions.gz.alleles.gz
running 7933_75_ADAM22_ADA22.txt.gz.annotated.gz.exclusions.gz.alleles.gz
finished 7933_75_ADAM22_ADA22.txt.gz.annotated.gz.exclusions.gz.alleles.gz
running 7934_11_NDRG4_NDRG4.txt.gz.annotated.gz.exclusions.gz.alleles.gz
finished 7934_11_NDRG4_NDRG4.txt.gz.annotated.gz.exclusions.gz.alleles.gz
running 7935_26_LARGE_LARGE.txt.gz.annotated.gz.exclusions.gz.alleles.gz
finished 7935_26_LARGE_LARGE.txt.gz.annotated.gz.exclusions.gz.alleles.gz
running 7939_1_PQLC2L_CC055.txt.gz.annotated.gz.exclusions.gz.alleles.gz
finished 7939_1_PQLC2L_CC055.txt.gz.annotated.gz.exclusions.gz.alleles.gz
running 7943_16_CUZD1_CUZD1.txt.gz.annotated.gz.exclusions.gz.alleles.gz
finished 7943_16_CUZD1_CUZD1.txt.gz.annotated.gz.exclusions.gz.alleles.gz
running 7944_1_KIR3DL3_KI3L3.txt.gz.annotated.gz.exclusions.gz.alleles.gz
finished 7944_1_KIR3DL3_KI3L3.txt.gz.annotated.gz.exclusions.gz.alleles.gz
running 7945_10_SEMA6A_Semaphorin_6A.txt.gz.annotated.gz.exclusions.gz.alleles.gz
finished 7945_10_SEMA6A_Semaphorin_6A.txt.gz.annotated.gz.exclusions.gz.alleles.gz
running 7947_19_ENTHD2_AP4AT.txt.gz.annotated.gz.exclusions.gz.alleles.gz
finished 7947_19_ENTHD2_AP4AT.txt.gz.annotated.gz.exclusions.gz.alleles.gz
running 7948_129_GLTPD2_GLTD2.txt.gz.annotated.gz.exclusions.gz.alleles.gz
finished 7948_129_GLTPD2_GLTD2.txt.gz.annotated.gz.exclusions.gz.alleles.gz
running 7950_142_BTNL9_BTNL9.txt.gz.annotated.gz.exclusions.gz.alleles.gz
finished 7950_142_BTNL9_BTNL9.txt.gz.annotated.gz.exclusions.gz.alleles.gz
running 7952_2_VTI1A_VTI1A.txt.gz.annotated.gz.exclusions.gz.alleles.gz
finished 7952_2_VTI1A_VTI1A.txt.gz.annotated.gz.exclusions.gz.alleles.gz
running 7953_20_SLAMF1_SLAF1.txt.gz.annotated.gz.exclusions.gz.alleles.gz
finished 7953_20_SLAMF1_SLAF1.txt.gz.annotated.gz.exclusions.gz.alleles.gz
running 7955_195_ITIH1_ITI_heavy_chain_H1.txt.gz.annotated.gz.exclusions.gz.alleles.gz
finished 7955_195_ITIH1_ITI_heavy_chain_H1.txt.gz.annotated.gz.exclusions.gz.alleles.gz
running 7956_11_MINOS1_MOS1.txt.gz.annotated.gz.exclusions.gz.alleles.gz
finished 7956_11_MINOS1_MOS1.txt.gz.annotated.gz.exclusions.gz.alleles.gz
running 7957_2_SCG3_SCG3.txt.gz.annotated.gz.exclusions.gz.alleles.gz
finished 7957_2_SCG3_SCG3.txt.gz.annotated.gz.exclusions.gz.alleles.gz
running 7959_34_CDH7_CADH7.txt.gz.annotated.gz.exclusions.gz.alleles.gz
finished 7959_34_CDH7_CADH7.txt.gz.annotated.gz.exclusions.gz.alleles.gz
running 7960_53_POTEG_POTEG.txt.gz.annotated.gz.exclusions.gz.alleles.gz
finished 7960_53_POTEG_POTEG.txt.gz.annotated.gz.exclusions.gz.alleles.gz
running 7962_11_SPINK8_ISK8.txt.gz.annotated.gz.exclusions.gz.alleles.gz
finished 7962_11_SPINK8_ISK8.txt.gz.annotated.gz.exclusions.gz.alleles.gz
running 7967_38_POTEM_POTEM.txt.gz.annotated.gz.exclusions.gz.alleles.gz
finished 7967_38_POTEM_POTEM.txt.gz.annotated.gz.exclusions.gz.alleles.gz
running 7968_15_CRTAM_CRTAM.txt.gz.annotated.gz.exclusions.gz.alleles.gz
finished 7968_15_CRTAM_CRTAM.txt.gz.annotated.gz.exclusions.gz.alleles.gz
running 7969_163_WFDC11_WFD11.txt.gz.annotated.gz.exclusions.gz.alleles.gz
finished 7969_163_WFDC11_WFD11.txt.gz.annotated.gz.exclusions.gz.alleles.gz
running 7970_315_ART3_NAR3.txt.gz.annotated.gz.exclusions.gz.alleles.gz
finished 7970_315_ART3_NAR3.txt.gz.annotated.gz.exclusions.gz.alleles.gz
running 7975_97_UNC5A_UNC5A.txt.gz.annotated.gz.exclusions.gz.alleles.gz
finished 7975_97_UNC5A_UNC5A.txt.gz.annotated.gz.exclusions.gz.alleles.gz
running 7976_19_FRRS1L_FRS1L.txt.gz.annotated.gz.exclusions.gz.alleles.gz
finished 7976_19_FRRS1L_FRS1L.txt.gz.annotated.gz.exclusions.gz.alleles.gz
running 7980_72_B3GNT2_B3GN2.txt.gz.annotated.gz.exclusions.gz.alleles.gz
finished 7980_72_B3GNT2_B3GN2.txt.gz.annotated.gz.exclusions.gz.alleles.gz
running 7981_230_B3GALT6_B3GT6.txt.gz.annotated.gz.exclusions.gz.alleles.gz
finished 7981_230_B3GALT6_B3GT6.txt.gz.annotated.gz.exclusions.gz.alleles.gz
running 7982_10_MRPL32_RM32.txt.gz.annotated.gz.exclusions.gz.alleles.gz
finished 7982_10_MRPL32_RM32.txt.gz.annotated.gz.exclusions.gz.alleles.gz
running 7983_1_PCDHGC5_PCDGM.txt.gz.annotated.gz.exclusions.gz.alleles.gz
finished 7983_1_PCDHGC5_PCDGM.txt.gz.annotated.gz.exclusions.gz.alleles.gz
running 7986_98_NAALAD2_NALD2.txt.gz.annotated.gz.exclusions.gz.alleles.gz
finished 7986_98_NAALAD2_NALD2.txt.gz.annotated.gz.exclusions.gz.alleles.gz
running 7989_5_C1orf226_CA226.txt.gz.annotated.gz.exclusions.gz.alleles.gz
finished 7989_5_C1orf226_CA226.txt.gz.annotated.gz.exclusions.gz.alleles.gz
running 7991_54_IQCF1_IQCF1.txt.gz.annotated.gz.exclusions.gz.alleles.gz
finished 7991_54_IQCF1_IQCF1.txt.gz.annotated.gz.exclusions.gz.alleles.gz
running 7993_23_ASTL_ASTL.txt.gz.annotated.gz.exclusions.gz.alleles.gz
finished 7993_23_ASTL_ASTL.txt.gz.annotated.gz.exclusions.gz.alleles.gz
running 7994_41_ERO1LB_ERO1B.txt.gz.annotated.gz.exclusions.gz.alleles.gz
finished 7994_41_ERO1LB_ERO1B.txt.gz.annotated.gz.exclusions.gz.alleles.gz
running 7995_16_VWC2L_VWC2L.txt.gz.annotated.gz.exclusions.gz.alleles.gz
finished 7995_16_VWC2L_VWC2L.txt.gz.annotated.gz.exclusions.gz.alleles.gz
running 7997_118_DOC2B_DOC2B.txt.gz.annotated.gz.exclusions.gz.alleles.gz
finished 7997_118_DOC2B_DOC2B.txt.gz.annotated.gz.exclusions.gz.alleles.gz
running 7999_23_ENTPD1_CD39.txt.gz.annotated.gz.exclusions.gz.alleles.gz
finished 7999_23_ENTPD1_CD39.txt.gz.annotated.gz.exclusions.gz.alleles.gz
running 8000_17_KIR2DL5A_KI2LA.txt.gz.annotated.gz.exclusions.gz.alleles.gz
finished 8000_17_KIR2DL5A_KI2LA.txt.gz.annotated.gz.exclusions.gz.alleles.gz
running 8002_27_TMPRSS5_Spinesin.txt.gz.annotated.gz.exclusions.gz.alleles.gz
finished 8002_27_TMPRSS5_Spinesin.txt.gz.annotated.gz.exclusions.gz.alleles.gz
running 8003_57_LGI3_LGI3.txt.gz.annotated.gz.exclusions.gz.alleles.gz
finished 8003_57_LGI3_LGI3.txt.gz.annotated.gz.exclusions.gz.alleles.gz
running 8004_15_GAPDHS_G3PT.txt.gz.annotated.gz.exclusions.gz.alleles.gz
finished 8004_15_GAPDHS_G3PT.txt.gz.annotated.gz.exclusions.gz.alleles.gz
