running 16594_44_FAIM_FAIM1.txt.gz.annotated.gz.exclusions.gz.alleles.gz
finished 16594_44_FAIM_FAIM1.txt.gz.annotated.gz.exclusions.gz.alleles.gz
running 16596_25_GLRX3_GLRX3.txt.gz.annotated.gz.exclusions.gz.alleles.gz
finished 16596_25_GLRX3_GLRX3.txt.gz.annotated.gz.exclusions.gz.alleles.gz
running 16597_11_GLRX5_GLRX5.txt.gz.annotated.gz.exclusions.gz.alleles.gz
finished 16597_11_GLRX5_GLRX5.txt.gz.annotated.gz.exclusions.gz.alleles.gz
running 16599_38_GPN1_GPN1.txt.gz.annotated.gz.exclusions.gz.alleles.gz
finished 16599_38_GPN1_GPN1.txt.gz.annotated.gz.exclusions.gz.alleles.gz
running 16605_2_C1QTNF9_C1T9A.txt.gz.annotated.gz.exclusions.gz.alleles.gz
finished 16605_2_C1QTNF9_C1T9A.txt.gz.annotated.gz.exclusions.gz.alleles.gz
running 16606_85_AKR1B1_Aldose_reductase.txt.gz.annotated.gz.exclusions.gz.alleles.gz
finished 16606_85_AKR1B1_Aldose_reductase.txt.gz.annotated.gz.exclusions.gz.alleles.gz
running 16607_78_GSN_Gelsolin.txt.gz.annotated.gz.exclusions.gz.alleles.gz
finished 16607_78_GSN_Gelsolin.txt.gz.annotated.gz.exclusions.gz.alleles.gz
running 16609_106_KIRREL2_KIRR2.txt.gz.annotated.gz.exclusions.gz.alleles.gz
finished 16609_106_KIRREL2_KIRR2.txt.gz.annotated.gz.exclusions.gz.alleles.gz
running 16610_13_LRP10_LRP10.txt.gz.annotated.gz.exclusions.gz.alleles.gz
finished 16610_13_LRP10_LRP10.txt.gz.annotated.gz.exclusions.gz.alleles.gz
running 16612_28_SDC3_SDC3.txt.gz.annotated.gz.exclusions.gz.alleles.gz
finished 16612_28_SDC3_SDC3.txt.gz.annotated.gz.exclusions.gz.alleles.gz
running 16613_3_CDH17_CAD17.txt.gz.annotated.gz.exclusions.gz.alleles.gz
finished 16613_3_CDH17_CAD17.txt.gz.annotated.gz.exclusions.gz.alleles.gz
running 16614_27_RSPO1_RSPO1.txt.gz.annotated.gz.exclusions.gz.alleles.gz
finished 16614_27_RSPO1_RSPO1.txt.gz.annotated.gz.exclusions.gz.alleles.gz
running 16616_137_ENO3_ENOB.txt.gz.annotated.gz.exclusions.gz.alleles.gz
finished 16616_137_ENO3_ENOB.txt.gz.annotated.gz.exclusions.gz.alleles.gz
running 16617_14_CASP14_Caspase_14.txt.gz.annotated.gz.exclusions.gz.alleles.gz
finished 16617_14_CASP14_Caspase_14.txt.gz.annotated.gz.exclusions.gz.alleles.gz
running 16618_7_CD69_CD69.txt.gz.annotated.gz.exclusions.gz.alleles.gz
finished 16618_7_CD69_CD69.txt.gz.annotated.gz.exclusions.gz.alleles.gz
running 16620_26_LY75_LY75.txt.gz.annotated.gz.exclusions.gz.alleles.gz
finished 16620_26_LY75_LY75.txt.gz.annotated.gz.exclusions.gz.alleles.gz
running 16621_77_APOA1BP_AIBP.txt.gz.annotated.gz.exclusions.gz.alleles.gz
finished 16621_77_APOA1BP_AIBP.txt.gz.annotated.gz.exclusions.gz.alleles.gz
running 16746_12_INHBB_Activin_B.txt.gz.annotated.gz.exclusions.gz.alleles.gz
finished 16746_12_INHBB_Activin_B.txt.gz.annotated.gz.exclusions.gz.alleles.gz
running 16748_1_BMP3_BMP_3.txt.gz.annotated.gz.exclusions.gz.alleles.gz
finished 16748_1_BMP3_BMP_3.txt.gz.annotated.gz.exclusions.gz.alleles.gz
running 16749_79_GDF10_BMP_3b.txt.gz.annotated.gz.exclusions.gz.alleles.gz
finished 16749_79_GDF10_BMP_3b.txt.gz.annotated.gz.exclusions.gz.alleles.gz
running 16751_15_NPPB_BNP.txt.gz.annotated.gz.exclusions.gz.alleles.gz
finished 16751_15_NPPB_BNP.txt.gz.annotated.gz.exclusions.gz.alleles.gz
running 16753_46_COL6A2_CO6A2.txt.gz.annotated.gz.exclusions.gz.alleles.gz
finished 16753_46_COL6A2_CO6A2.txt.gz.annotated.gz.exclusions.gz.alleles.gz
running 16754_40_CASK_CSKP.txt.gz.annotated.gz.exclusions.gz.alleles.gz
finished 16754_40_CASK_CSKP.txt.gz.annotated.gz.exclusions.gz.alleles.gz
running 16755_195_GDF3_GDF_3.txt.gz.annotated.gz.exclusions.gz.alleles.gz
finished 16755_195_GDF3_GDF_3.txt.gz.annotated.gz.exclusions.gz.alleles.gz
running 16756_30_GDF7_GDF7.txt.gz.annotated.gz.exclusions.gz.alleles.gz
finished 16756_30_GDF7_GDF7.txt.gz.annotated.gz.exclusions.gz.alleles.gz
running 16758_96_HDGF_HDGF.txt.gz.annotated.gz.exclusions.gz.alleles.gz
finished 16758_96_HDGF_HDGF.txt.gz.annotated.gz.exclusions.gz.alleles.gz
running 16760_2_IL26_IL_26.txt.gz.annotated.gz.exclusions.gz.alleles.gz
finished 16760_2_IL26_IL_26.txt.gz.annotated.gz.exclusions.gz.alleles.gz
running 16763_11_LECT2_LECT2.txt.gz.annotated.gz.exclusions.gz.alleles.gz
finished 16763_11_LECT2_LECT2.txt.gz.annotated.gz.exclusions.gz.alleles.gz
running 16765_52_PPBP_PBP.txt.gz.annotated.gz.exclusions.gz.alleles.gz
finished 16765_52_PPBP_PBP.txt.gz.annotated.gz.exclusions.gz.alleles.gz
running 16768_3_JUP_PLAK.txt.gz.annotated.gz.exclusions.gz.alleles.gz
finished 16768_3_JUP_PLAK.txt.gz.annotated.gz.exclusions.gz.alleles.gz
running 16769_20_RAC3_RAC3.txt.gz.annotated.gz.exclusions.gz.alleles.gz
finished 16769_20_RAC3_RAC3.txt.gz.annotated.gz.exclusions.gz.alleles.gz
running 16770_3_REG1B_REG1B.txt.gz.annotated.gz.exclusions.gz.alleles.gz
finished 16770_3_REG1B_REG1B.txt.gz.annotated.gz.exclusions.gz.alleles.gz
running 16773_29_SCUBE3_SCUB3.txt.gz.annotated.gz.exclusions.gz.alleles.gz
finished 16773_29_SCUBE3_SCUB3.txt.gz.annotated.gz.exclusions.gz.alleles.gz
running 16781_2_ENGASE_ENASE.txt.gz.annotated.gz.exclusions.gz.alleles.gz
finished 16781_2_ENGASE_ENASE.txt.gz.annotated.gz.exclusions.gz.alleles.gz
running 16785_45_DEFA5_HD_5.txt.gz.annotated.gz.exclusions.gz.alleles.gz
finished 16785_45_DEFA5_HD_5.txt.gz.annotated.gz.exclusions.gz.alleles.gz
running 16792_4_SIGLEC5_Siglec_5.txt.gz.annotated.gz.exclusions.gz.alleles.gz
finished 16792_4_SIGLEC5_Siglec_5.txt.gz.annotated.gz.exclusions.gz.alleles.gz
running 16802_31_OCIAD1_OCAD1.txt.gz.annotated.gz.exclusions.gz.alleles.gz
finished 16802_31_OCIAD1_OCAD1.txt.gz.annotated.gz.exclusions.gz.alleles.gz
running 16803_4_CALB2_CALB2.txt.gz.annotated.gz.exclusions.gz.alleles.gz
finished 16803_4_CALB2_CALB2.txt.gz.annotated.gz.exclusions.gz.alleles.gz
running 16805_5_PDE5A_PDE5A.txt.gz.annotated.gz.exclusions.gz.alleles.gz
finished 16805_5_PDE5A_PDE5A.txt.gz.annotated.gz.exclusions.gz.alleles.gz
running 16807_35_TNNT3_TNNT3.txt.gz.annotated.gz.exclusions.gz.alleles.gz
finished 16807_35_TNNT3_TNNT3.txt.gz.annotated.gz.exclusions.gz.alleles.gz
running 16809_1_NME4_NDKM.txt.gz.annotated.gz.exclusions.gz.alleles.gz
finished 16809_1_NME4_NDKM.txt.gz.annotated.gz.exclusions.gz.alleles.gz
running 16810_3_GDI1_RhoGDI.txt.gz.annotated.gz.exclusions.gz.alleles.gz
finished 16810_3_GDI1_RhoGDI.txt.gz.annotated.gz.exclusions.gz.alleles.gz
running 16814_13_FHL1_SLIM_1.txt.gz.annotated.gz.exclusions.gz.alleles.gz
finished 16814_13_FHL1_SLIM_1.txt.gz.annotated.gz.exclusions.gz.alleles.gz
running 16818_200_CDCP1_CDCP1.txt.gz.annotated.gz.exclusions.gz.alleles.gz
finished 16818_200_CDCP1_CDCP1.txt.gz.annotated.gz.exclusions.gz.alleles.gz
running 16823_75_APOL3_APOL3.txt.gz.annotated.gz.exclusions.gz.alleles.gz
finished 16823_75_APOL3_APOL3.txt.gz.annotated.gz.exclusions.gz.alleles.gz
running 16825_20_ATXN3_ATX3.txt.gz.annotated.gz.exclusions.gz.alleles.gz
finished 16825_20_ATXN3_ATX3.txt.gz.annotated.gz.exclusions.gz.alleles.gz
running 16828_8_COL6A1_Collagen_a1_VI_.txt.gz.annotated.gz.exclusions.gz.alleles.gz
finished 16828_8_COL6A1_Collagen_a1_VI_.txt.gz.annotated.gz.exclusions.gz.alleles.gz
running 16831_7_DOK1_DOK1.txt.gz.annotated.gz.exclusions.gz.alleles.gz
finished 16831_7_DOK1_DOK1.txt.gz.annotated.gz.exclusions.gz.alleles.gz
running 16836_1_CFHR3_FHR3.txt.gz.annotated.gz.exclusions.gz.alleles.gz
finished 16836_1_CFHR3_FHR3.txt.gz.annotated.gz.exclusions.gz.alleles.gz
running 16837_20_CFLAR_FLIP.txt.gz.annotated.gz.exclusions.gz.alleles.gz
finished 16837_20_CFLAR_FLIP.txt.gz.annotated.gz.exclusions.gz.alleles.gz
running 16845_15_MPZL1_MPZL1.txt.gz.annotated.gz.exclusions.gz.alleles.gz
finished 16845_15_MPZL1_MPZL1.txt.gz.annotated.gz.exclusions.gz.alleles.gz
running 16847_39_RAB3B_RAB3B.txt.gz.annotated.gz.exclusions.gz.alleles.gz
finished 16847_39_RAB3B_RAB3B.txt.gz.annotated.gz.exclusions.gz.alleles.gz
running 16850_5_RGS5_RGS5.txt.gz.annotated.gz.exclusions.gz.alleles.gz
finished 16850_5_RGS5_RGS5.txt.gz.annotated.gz.exclusions.gz.alleles.gz
running 16851_50_SCO2_SCO2.txt.gz.annotated.gz.exclusions.gz.alleles.gz
finished 16851_50_SCO2_SCO2.txt.gz.annotated.gz.exclusions.gz.alleles.gz
running 16852_10_PDZK1_NHRF3.txt.gz.annotated.gz.exclusions.gz.alleles.gz
finished 16852_10_PDZK1_NHRF3.txt.gz.annotated.gz.exclusions.gz.alleles.gz
running 16853_5_NRK1_NRK1.txt.gz.annotated.gz.exclusions.gz.alleles.gz
finished 16853_5_NRK1_NRK1.txt.gz.annotated.gz.exclusions.gz.alleles.gz
running 16854_17_LSM4_LSM4.txt.gz.annotated.gz.exclusions.gz.alleles.gz
finished 16854_17_LSM4_LSM4.txt.gz.annotated.gz.exclusions.gz.alleles.gz
running 16856_79_MAPRE2_MARE2.txt.gz.annotated.gz.exclusions.gz.alleles.gz
finished 16856_79_MAPRE2_MARE2.txt.gz.annotated.gz.exclusions.gz.alleles.gz
running 16857_2_RAB2A_RAB2A.txt.gz.annotated.gz.exclusions.gz.alleles.gz
finished 16857_2_RAB2A_RAB2A.txt.gz.annotated.gz.exclusions.gz.alleles.gz
running 16858_384_RCN3_RCN3.txt.gz.annotated.gz.exclusions.gz.alleles.gz
finished 16858_384_RCN3_RCN3.txt.gz.annotated.gz.exclusions.gz.alleles.gz
running 16859_100_SH3GLB1_SHLB1.txt.gz.annotated.gz.exclusions.gz.alleles.gz
finished 16859_100_SH3GLB1_SHLB1.txt.gz.annotated.gz.exclusions.gz.alleles.gz
running 16863_47_NANP_NANP.txt.gz.annotated.gz.exclusions.gz.alleles.gz
finished 16863_47_NANP_NANP.txt.gz.annotated.gz.exclusions.gz.alleles.gz
running 16865_62_TAF15_RBP56.txt.gz.annotated.gz.exclusions.gz.alleles.gz
finished 16865_62_TAF15_RBP56.txt.gz.annotated.gz.exclusions.gz.alleles.gz
running 16867_76_PCTK1_PCTK1.txt.gz.annotated.gz.exclusions.gz.alleles.gz
finished 16867_76_PCTK1_PCTK1.txt.gz.annotated.gz.exclusions.gz.alleles.gz
running 16872_248_GSTZ1_MAAI.txt.gz.annotated.gz.exclusions.gz.alleles.gz
finished 16872_248_GSTZ1_MAAI.txt.gz.annotated.gz.exclusions.gz.alleles.gz
running 16875_13_MAGOHB_MGN2.txt.gz.annotated.gz.exclusions.gz.alleles.gz
finished 16875_13_MAGOHB_MGN2.txt.gz.annotated.gz.exclusions.gz.alleles.gz
running 16877_19_MSRB2_MSRB2.txt.gz.annotated.gz.exclusions.gz.alleles.gz
finished 16877_19_MSRB2_MSRB2.txt.gz.annotated.gz.exclusions.gz.alleles.gz
running 16882_27_PHPT1_PHP14.txt.gz.annotated.gz.exclusions.gz.alleles.gz
finished 16882_27_PHPT1_PHP14.txt.gz.annotated.gz.exclusions.gz.alleles.gz
running 16883_57_RAB4A_RAB4A.txt.gz.annotated.gz.exclusions.gz.alleles.gz
finished 16883_57_RAB4A_RAB4A.txt.gz.annotated.gz.exclusions.gz.alleles.gz
running 16885_49_MAPRE3_MARE3.txt.gz.annotated.gz.exclusions.gz.alleles.gz
finished 16885_49_MAPRE3_MARE3.txt.gz.annotated.gz.exclusions.gz.alleles.gz
running 16887_29_PTRH2_PTH2.txt.gz.annotated.gz.exclusions.gz.alleles.gz
finished 16887_29_PTRH2_PTH2.txt.gz.annotated.gz.exclusions.gz.alleles.gz
running 16890_37_ADAMTSL1_ATL1.txt.gz.annotated.gz.exclusions.gz.alleles.gz
finished 16890_37_ADAMTSL1_ATL1.txt.gz.annotated.gz.exclusions.gz.alleles.gz
running 16892_23_ENPP2_ENPP2.txt.gz.annotated.gz.exclusions.gz.alleles.gz
finished 16892_23_ENPP2_ENPP2.txt.gz.annotated.gz.exclusions.gz.alleles.gz
running 16899_59_OSBPL9_OSBL9.txt.gz.annotated.gz.exclusions.gz.alleles.gz
finished 16899_59_OSBPL9_OSBL9.txt.gz.annotated.gz.exclusions.gz.alleles.gz
running 16900_29_MDGA1_MDGA1.txt.gz.annotated.gz.exclusions.gz.alleles.gz
finished 16900_29_MDGA1_MDGA1.txt.gz.annotated.gz.exclusions.gz.alleles.gz
running 16902_17_LAMP1_LAMP1.txt.gz.annotated.gz.exclusions.gz.alleles.gz
finished 16902_17_LAMP1_LAMP1.txt.gz.annotated.gz.exclusions.gz.alleles.gz
running 16907_3_CADM2_Nectin_like_protein_3.txt.gz.annotated.gz.exclusions.gz.alleles.gz
finished 16907_3_CADM2_Nectin_like_protein_3.txt.gz.annotated.gz.exclusions.gz.alleles.gz
running 16908_5_OMG_OMGP.txt.gz.annotated.gz.exclusions.gz.alleles.gz
finished 16908_5_OMG_OMGP.txt.gz.annotated.gz.exclusions.gz.alleles.gz
running 16913_8_RNASET2_RNT2.txt.gz.annotated.gz.exclusions.gz.alleles.gz
finished 16913_8_RNASET2_RNT2.txt.gz.annotated.gz.exclusions.gz.alleles.gz
running 16914_104_CD14_sCD14.txt.gz.annotated.gz.exclusions.gz.alleles.gz
finished 16914_104_CD14_sCD14.txt.gz.annotated.gz.exclusions.gz.alleles.gz
