running CGB3_CGB5_CGB8_P0DN86_OID30671.gz
finished CGB3_CGB5_CGB8_P0DN86_OID30671.gz
running CGN_Q9P2M7_OID30894.gz
finished CGN_Q9P2M7_OID30894.gz
running CGREF1_Q99674_OID20152.gz
finished CGREF1_Q99674_OID20152.gz
running CHAC2_Q8WUX2_OID21230.gz
finished CHAC2_Q8WUX2_OID21230.gz
running CHAD_O15335_OID30660.gz
finished CHAD_O15335_OID30660.gz
running CHCHD10_Q8WYQ3_OID31116.gz
finished CHCHD10_Q8WYQ3_OID31116.gz
running CHCHD6_Q9BRQ6_OID31426.gz
finished CHCHD6_Q9BRQ6_OID31426.gz
running CHEK2_O96017_OID20054.gz
finished CHEK2_O96017_OID20054.gz
running CHGA_P10645_OID30403.gz
finished CHGA_P10645_OID30403.gz
running CHGB_P05060_OID21038.gz
finished CHGB_P05060_OID21038.gz
running CHI3L1_P36222_OID20399.gz
finished CHI3L1_P36222_OID20399.gz
running CHIT1_Q13231_OID20312.gz
finished CHIT1_Q13231_OID20312.gz
running CHL1_O00533_OID20366.gz
finished CHL1_O00533_OID20366.gz
running CHMP1A_Q9HD42_OID20930.gz
finished CHMP1A_Q9HD42_OID20930.gz
running CHM_P24386_OID30972.gz
finished CHM_P24386_OID30972.gz
running CHMP6_Q96FZ7_OID30327.gz
finished CHMP6_Q96FZ7_OID30327.gz
running CHP1_Q99653_OID30869.gz
finished CHP1_Q99653_OID30869.gz
running CHRDL1_Q9BU40_OID20771.gz
finished CHRDL1_Q9BU40_OID20771.gz
running CHRDL2_Q6WN34_OID20223.gz
finished CHRDL2_Q6WN34_OID20223.gz
running CHRM1_P11229_OID30930.gz
finished CHRM1_P11229_OID30930.gz
running CIAPIN1_Q6FI81_OID21501.gz
finished CIAPIN1_Q6FI81_OID21501.gz
running CILP_O75339_OID30399.gz
finished CILP_O75339_OID30399.gz
running CINP_Q9BW66_OID31328.gz
finished CINP_Q9BW66_OID31328.gz
running CIRBP_Q14011_OID31503.gz
finished CIRBP_Q14011_OID31503.gz
running CIT_O14578_OID30970.gz
finished CIT_O14578_OID30970.gz
running CKAP4_Q07065_OID20617.gz
finished CKAP4_Q07065_OID20617.gz
running CKB_P12277_OID30400.gz
finished CKB_P12277_OID30400.gz
running CKMT1A_CKMT1B_P12532_OID20721.gz
finished CKMT1A_CKMT1B_P12532_OID20721.gz
running CLASP1_Q7Z460_OID31192.gz
finished CLASP1_Q7Z460_OID31192.gz
running CLC_Q05315_OID20126.gz
finished CLC_Q05315_OID20126.gz
running CLEC10A_Q8IUN9_OID20928.gz
finished CLEC10A_Q8IUN9_OID20928.gz
running CLEC11A_Q9Y240_OID21112.gz
finished CLEC11A_Q9Y240_OID21112.gz
running CLEC12A_Q5QGZ9_OID30552.gz
finished CLEC12A_Q5QGZ9_OID30552.gz
running CLEC14A_Q86T13_OID21090.gz
finished CLEC14A_Q86T13_OID21090.gz
running CLEC1A_Q8NC01_OID20099.gz
finished CLEC1A_Q8NC01_OID20099.gz
running CLEC1B_Q9P126_OID21061.gz
finished CLEC1B_Q9P126_OID21061.gz
running CLEC2L_P0C7M8_OID30884.gz
finished CLEC2L_P0C7M8_OID30884.gz
running CLEC3B_P05452_OID30756.gz
finished CLEC3B_P05452_OID30756.gz
running CLEC4A_Q9UMR7_OID20573.gz
finished CLEC4A_Q9UMR7_OID20573.gz
running CLEC4C_Q8WTT0_OID20547.gz
finished CLEC4C_Q8WTT0_OID20547.gz
running CLEC4D_Q8WXI8_OID20609.gz
finished CLEC4D_Q8WXI8_OID20609.gz
running CLEC4G_Q6UXB4_OID20590.gz
finished CLEC4G_Q6UXB4_OID20590.gz
running CLEC4M_Q9H2X3_OID30405.gz
finished CLEC4M_Q9H2X3_OID30405.gz
running CLEC5A_Q9NY25_OID20165.gz
finished CLEC5A_Q9NY25_OID20165.gz
running CLEC6A_Q6EIG7_OID21228.gz
finished CLEC6A_Q6EIG7_OID21228.gz
running CLEC7A_Q9BXN2_OID20636.gz
finished CLEC7A_Q9BXN2_OID20636.gz
running CLGN_O14967_OID30957.gz
finished CLGN_O14967_OID30957.gz
running CLIC5_Q9NZA1_OID30890.gz
finished CLIC5_Q9NZA1_OID30890.gz
running CLINT1_Q14677_OID31182.gz
finished CLINT1_Q14677_OID31182.gz
running CLIP2_Q9UDT6_OID20559.gz
finished CLIP2_Q9UDT6_OID20559.gz
running CLMP_Q9H6B4_OID21419.gz
finished CLMP_Q9H6B4_OID21419.gz
running CLNS1A_P54105_OID30929.gz
finished CLNS1A_P54105_OID30929.gz
running CLPP_Q16740_OID20910.gz
finished CLPP_Q16740_OID20910.gz
running CLPS_P04118_OID21156.gz
finished CLPS_P04118_OID21156.gz
running CLSPN_Q9HAW4_OID20831.gz
finished CLSPN_Q9HAW4_OID20831.gz
running CLSTN1_O94985_OID20874.gz
finished CLSTN1_O94985_OID20874.gz
running CLSTN2_Q9H4D0_OID20664.gz
finished CLSTN2_Q9H4D0_OID20664.gz
running CLSTN3_Q9BQT9_OID31092.gz
finished CLSTN3_Q9BQT9_OID31092.gz
running CLTA_P09496_OID20118.gz
finished CLTA_P09496_OID20118.gz
running CLUL1_Q15846_OID20198.gz
finished CLUL1_Q15846_OID20198.gz
running CLU_P10909_OID30732.gz
finished CLU_P10909_OID30732.gz
running CMC1_Q7Z7K0_OID30360.gz
finished CMC1_Q7Z7K0_OID30360.gz
running CMIP_Q8IY22_OID31406.gz
finished CMIP_Q8IY22_OID31406.gz
running CNDP1_Q96KN2_OID20347.gz
finished CNDP1_Q96KN2_OID20347.gz
running CNGB3_Q9NQW8_OID30805.gz
finished CNGB3_Q9NQW8_OID30805.gz
running CNP_P09543_OID30285.gz
finished CNP_P09543_OID30285.gz
running CNPY2_Q9Y2B0_OID20069.gz
finished CNPY2_Q9Y2B0_OID20069.gz
running CNPY4_Q8N129_OID21317.gz
finished CNPY4_Q8N129_OID21317.gz
running CNST_Q6PJW8_OID20127.gz
finished CNST_Q6PJW8_OID20127.gz
running CNTF_P26441_OID30807.gz
finished CNTF_P26441_OID30807.gz
running CNTN1_Q12860_OID20307.gz
finished CNTN1_Q12860_OID20307.gz
running CNTN2_Q02246_OID21426.gz
finished CNTN2_Q02246_OID21426.gz
running CNTN3_Q9P232_OID21092.gz
finished CNTN3_Q9P232_OID21092.gz
running CNTN4_Q8IWV2_OID21117.gz
finished CNTN4_Q8IWV2_OID21117.gz
running CNTN5_O94779_OID21006.gz
finished CNTN5_O94779_OID21006.gz
running CNTNAP2_Q9UHC6_OID20556.gz
finished CNTNAP2_Q9UHC6_OID20556.gz
running CNTNAP4_Q9C0A0_OID30911.gz
finished CNTNAP4_Q9C0A0_OID30911.gz
running COCH_O43405_OID30305.gz
finished COCH_O43405_OID30305.gz
running COL15A1_P39059_OID30396.gz
finished COL15A1_P39059_OID30396.gz
running COL18A1_P39060_OID20332.gz
finished COL18A1_P39060_OID20332.gz
running COL1A1_P02452_OID20335.gz
finished COL1A1_P02452_OID20335.gz
running COL24A1_Q17RW2_OID31464.gz
finished COL24A1_Q17RW2_OID31464.gz
running COL28A1_Q2UY09_OID30969.gz
finished COL28A1_Q2UY09_OID30969.gz
running COL2A1_P02458_OID30286.gz
finished COL2A1_P02458_OID30286.gz
running COL3A1_P02461_OID30379.gz
finished COL3A1_P02461_OID30379.gz
running COL4A1_P02462_OID20208.gz
finished COL4A1_P02462_OID20208.gz
running COL4A4_P53420_OID31333.gz
finished COL4A4_P53420_OID31333.gz
running COL5A1_P20908_OID30587.gz
finished COL5A1_P20908_OID30587.gz
running COL6A3_P12111_OID20292.gz
finished COL6A3_P12111_OID20292.gz
running COL9A1_P20849_OID20550.gz
finished COL9A1_P20849_OID20550.gz
running COL9A2_Q14055_OID31255.gz
finished COL9A2_Q14055_OID31255.gz
running COLEC12_Q5KU26_OID20738.gz
finished COLEC12_Q5KU26_OID20738.gz
running COMMD1_Q8N668_OID30222.gz
finished COMMD1_Q8N668_OID30222.gz
running COMMD9_Q9P000_OID31390.gz
finished COMMD9_Q9P000_OID31390.gz
running COMP_P49747_OID20405.gz
finished COMP_P49747_OID20405.gz
running COMT_P21964_OID20086.gz
finished COMT_P21964_OID20086.gz
running COPB2_P35606_OID30173.gz
finished COPB2_P35606_OID30173.gz
running COPE_O14579_OID20797.gz
finished COPE_O14579_OID20797.gz
running COQ7_Q99807_OID30217.gz
finished COQ7_Q99807_OID30217.gz
running CORO1A_P31146_OID20286.gz
finished CORO1A_P31146_OID20286.gz
running CORO6_Q6QEF8_OID30870.gz
finished CORO6_Q6QEF8_OID30870.gz
running COX5B_P10606_OID21297.gz
finished COX5B_P10606_OID21297.gz
running COX6B1_P14854_OID30317.gz
finished COX6B1_P14854_OID30317.gz
running CPA1_P15085_OID20280.gz
finished CPA1_P15085_OID20280.gz
running CPA2_P48052_OID21060.gz
finished CPA2_P48052_OID21060.gz
running CPA4_Q9UI42_OID30606.gz
finished CPA4_Q9UI42_OID30606.gz
running CPB1_P15086_OID20289.gz
finished CPB1_P15086_OID20289.gz
running CPB2_Q96IY4_OID30734.gz
finished CPB2_Q96IY4_OID30734.gz
running CPE_P16870_OID21392.gz
finished CPE_P16870_OID21392.gz
