running 11480_1_ALDH3A1_Aldehyde_dehydrogenase__class_3.txt.gz.annotated.gz.exclusions.gz.alleles.gz
finished 11480_1_ALDH3A1_Aldehyde_dehydrogenase__class_3.txt.gz.annotated.gz.exclusions.gz.alleles.gz
running 11481_25_HAVCR2_TIMD3.txt.gz.annotated.gz.exclusions.gz.alleles.gz
finished 11481_25_HAVCR2_TIMD3.txt.gz.annotated.gz.exclusions.gz.alleles.gz
running 11486_26_ZNF174_ZN174.txt.gz.annotated.gz.exclusions.gz.alleles.gz
finished 11486_26_ZNF174_ZN174.txt.gz.annotated.gz.exclusions.gz.alleles.gz
running 11490_42_UBL4A_UBL4A.txt.gz.annotated.gz.exclusions.gz.alleles.gz
finished 11490_42_UBL4A_UBL4A.txt.gz.annotated.gz.exclusions.gz.alleles.gz
running 11493_169_DYNLL2_DYL2.txt.gz.annotated.gz.exclusions.gz.alleles.gz
finished 11493_169_DYNLL2_DYL2.txt.gz.annotated.gz.exclusions.gz.alleles.gz
running 11494_4_ELL2_ELL2.txt.gz.annotated.gz.exclusions.gz.alleles.gz
finished 11494_4_ELL2_ELL2.txt.gz.annotated.gz.exclusions.gz.alleles.gz
running 11510_31_APOL1_Apo_L1.txt.gz.annotated.gz.exclusions.gz.alleles.gz
finished 11510_31_APOL1_Apo_L1.txt.gz.annotated.gz.exclusions.gz.alleles.gz
running 11513_92_CD38_CD38.txt.gz.annotated.gz.exclusions.gz.alleles.gz
finished 11513_92_CD38_CD38.txt.gz.annotated.gz.exclusions.gz.alleles.gz
running 11514_196_CD59_CD59.txt.gz.annotated.gz.exclusions.gz.alleles.gz
finished 11514_196_CD59_CD59.txt.gz.annotated.gz.exclusions.gz.alleles.gz
running 11516_7_FABP1_FABPL.txt.gz.annotated.gz.exclusions.gz.alleles.gz
finished 11516_7_FABP1_FABPL.txt.gz.annotated.gz.exclusions.gz.alleles.gz
running 11530_37_HMBS_HEM3.txt.gz.annotated.gz.exclusions.gz.alleles.gz
finished 11530_37_HMBS_HEM3.txt.gz.annotated.gz.exclusions.gz.alleles.gz
running 11531_24_C10orf54_GI24.txt.gz.annotated.gz.exclusions.gz.alleles.gz
finished 11531_24_C10orf54_GI24.txt.gz.annotated.gz.exclusions.gz.alleles.gz
running 11534_6_LRIT3_LRIT3.txt.gz.annotated.gz.exclusions.gz.alleles.gz
finished 11534_6_LRIT3_LRIT3.txt.gz.annotated.gz.exclusions.gz.alleles.gz
running 11536_9_MYSM1_MYSM1.txt.gz.annotated.gz.exclusions.gz.alleles.gz
finished 11536_9_MYSM1_MYSM1.txt.gz.annotated.gz.exclusions.gz.alleles.gz
running 11537_12_TFR2_TFR2.txt.gz.annotated.gz.exclusions.gz.alleles.gz
finished 11537_12_TFR2_TFR2.txt.gz.annotated.gz.exclusions.gz.alleles.gz
running 11538_216_MLYCD_DCMC.txt.gz.annotated.gz.exclusions.gz.alleles.gz
finished 11538_216_MLYCD_DCMC.txt.gz.annotated.gz.exclusions.gz.alleles.gz
running 11539_4_ATP5J2_ATPK.txt.gz.annotated.gz.exclusions.gz.alleles.gz
finished 11539_4_ATP5J2_ATPK.txt.gz.annotated.gz.exclusions.gz.alleles.gz
running 11540_37_FOXO3_FOXO3A.txt.gz.annotated.gz.exclusions.gz.alleles.gz
finished 11540_37_FOXO3_FOXO3A.txt.gz.annotated.gz.exclusions.gz.alleles.gz
running 11542_11_TMEM230_TM230.txt.gz.annotated.gz.exclusions.gz.alleles.gz
finished 11542_11_TMEM230_TM230.txt.gz.annotated.gz.exclusions.gz.alleles.gz
running 11543_84_LIMA1_LIMA1.txt.gz.annotated.gz.exclusions.gz.alleles.gz
finished 11543_84_LIMA1_LIMA1.txt.gz.annotated.gz.exclusions.gz.alleles.gz
running 11544_39_PHF3_PHF3.txt.gz.annotated.gz.exclusions.gz.alleles.gz
finished 11544_39_PHF3_PHF3.txt.gz.annotated.gz.exclusions.gz.alleles.gz
running 11546_7_CYGB_CYGB.txt.gz.annotated.gz.exclusions.gz.alleles.gz
finished 11546_7_CYGB_CYGB.txt.gz.annotated.gz.exclusions.gz.alleles.gz
running 11547_84_MUSK_MUSK.txt.gz.annotated.gz.exclusions.gz.alleles.gz
finished 11547_84_MUSK_MUSK.txt.gz.annotated.gz.exclusions.gz.alleles.gz
running 11548_84_CDC25A_MPIP1.txt.gz.annotated.gz.exclusions.gz.alleles.gz
finished 11548_84_CDC25A_MPIP1.txt.gz.annotated.gz.exclusions.gz.alleles.gz
running 11549_6_ISL1_ISL1.txt.gz.annotated.gz.exclusions.gz.alleles.gz
finished 11549_6_ISL1_ISL1.txt.gz.annotated.gz.exclusions.gz.alleles.gz
running 11551_16_HMG20B_HM20B.txt.gz.annotated.gz.exclusions.gz.alleles.gz
finished 11551_16_HMG20B_HM20B.txt.gz.annotated.gz.exclusions.gz.alleles.gz
running 11556_19_ARFGAP1_ARFG1.txt.gz.annotated.gz.exclusions.gz.alleles.gz
finished 11556_19_ARFGAP1_ARFG1.txt.gz.annotated.gz.exclusions.gz.alleles.gz
running 11557_3_SMURF1_SMUF1.txt.gz.annotated.gz.exclusions.gz.alleles.gz
finished 11557_3_SMURF1_SMUF1.txt.gz.annotated.gz.exclusions.gz.alleles.gz
running 11560_76_NFATC4_NFAC4.txt.gz.annotated.gz.exclusions.gz.alleles.gz
finished 11560_76_NFATC4_NFAC4.txt.gz.annotated.gz.exclusions.gz.alleles.gz
running 11562_9_POLE2_DPOE2.txt.gz.annotated.gz.exclusions.gz.alleles.gz
finished 11562_9_POLE2_DPOE2.txt.gz.annotated.gz.exclusions.gz.alleles.gz
running 11563_51_SYTL4_SYTL4.txt.gz.annotated.gz.exclusions.gz.alleles.gz
finished 11563_51_SYTL4_SYTL4.txt.gz.annotated.gz.exclusions.gz.alleles.gz
running 11565_58_ZNF23_ZNF23.txt.gz.annotated.gz.exclusions.gz.alleles.gz
finished 11565_58_ZNF23_ZNF23.txt.gz.annotated.gz.exclusions.gz.alleles.gz
running 11566_48_KRT72_Keratin_72.txt.gz.annotated.gz.exclusions.gz.alleles.gz
finished 11566_48_KRT72_Keratin_72.txt.gz.annotated.gz.exclusions.gz.alleles.gz
running 11567_23_ZNF10_ZNF10.txt.gz.annotated.gz.exclusions.gz.alleles.gz
finished 11567_23_ZNF10_ZNF10.txt.gz.annotated.gz.exclusions.gz.alleles.gz
running 11568_2_FKBP1B_FKB1B.txt.gz.annotated.gz.exclusions.gz.alleles.gz
finished 11568_2_FKBP1B_FKB1B.txt.gz.annotated.gz.exclusions.gz.alleles.gz
running 11570_94_BCAP29_BAP29.txt.gz.annotated.gz.exclusions.gz.alleles.gz
finished 11570_94_BCAP29_BAP29.txt.gz.annotated.gz.exclusions.gz.alleles.gz
running 11571_75_KLRC3_NKG2E.txt.gz.annotated.gz.exclusions.gz.alleles.gz
finished 11571_75_KLRC3_NKG2E.txt.gz.annotated.gz.exclusions.gz.alleles.gz
running 11572_4_DNM2_DYN2.txt.gz.annotated.gz.exclusions.gz.alleles.gz
finished 11572_4_DNM2_DYN2.txt.gz.annotated.gz.exclusions.gz.alleles.gz
running 11573_3_SRSF6_SRSF6.txt.gz.annotated.gz.exclusions.gz.alleles.gz
finished 11573_3_SRSF6_SRSF6.txt.gz.annotated.gz.exclusions.gz.alleles.gz
running 11582_63_DNAJA2_DNJA2.txt.gz.annotated.gz.exclusions.gz.alleles.gz
finished 11582_63_DNAJA2_DNJA2.txt.gz.annotated.gz.exclusions.gz.alleles.gz
running 11587_5_MGA_MGAP.txt.gz.annotated.gz.exclusions.gz.alleles.gz
finished 11587_5_MGA_MGAP.txt.gz.annotated.gz.exclusions.gz.alleles.gz
running 11590_5_RBM23_RBM23.txt.gz.annotated.gz.exclusions.gz.alleles.gz
finished 11590_5_RBM23_RBM23.txt.gz.annotated.gz.exclusions.gz.alleles.gz
running 11591_43_PRC1_PRC1.txt.gz.annotated.gz.exclusions.gz.alleles.gz
finished 11591_43_PRC1_PRC1.txt.gz.annotated.gz.exclusions.gz.alleles.gz
running 11592_1_ELAVL1_ELAV1.txt.gz.annotated.gz.exclusions.gz.alleles.gz
finished 11592_1_ELAVL1_ELAV1.txt.gz.annotated.gz.exclusions.gz.alleles.gz
running 11593_21_CXCL9_MIG.txt.gz.annotated.gz.exclusions.gz.alleles.gz
finished 11593_21_CXCL9_MIG.txt.gz.annotated.gz.exclusions.gz.alleles.gz
running 11596_47_ZNF75D_ZN75D.txt.gz.annotated.gz.exclusions.gz.alleles.gz
finished 11596_47_ZNF75D_ZN75D.txt.gz.annotated.gz.exclusions.gz.alleles.gz
running 11601_26_DHX8_DHX8.txt.gz.annotated.gz.exclusions.gz.alleles.gz
finished 11601_26_DHX8_DHX8.txt.gz.annotated.gz.exclusions.gz.alleles.gz
running 11606_22_DNAJB6_DNJB6.txt.gz.annotated.gz.exclusions.gz.alleles.gz
finished 11606_22_DNAJB6_DNJB6.txt.gz.annotated.gz.exclusions.gz.alleles.gz
running 11607_15_BRD1_BRD1.txt.gz.annotated.gz.exclusions.gz.alleles.gz
finished 11607_15_BRD1_BRD1.txt.gz.annotated.gz.exclusions.gz.alleles.gz
running 11608_5_MAP1LC3B_MLP3B.txt.gz.annotated.gz.exclusions.gz.alleles.gz
finished 11608_5_MAP1LC3B_MLP3B.txt.gz.annotated.gz.exclusions.gz.alleles.gz
running 11614_29_ERH_ERH.txt.gz.annotated.gz.exclusions.gz.alleles.gz
finished 11614_29_ERH_ERH.txt.gz.annotated.gz.exclusions.gz.alleles.gz
running 11615_16_DAPP1_DAPP1.txt.gz.annotated.gz.exclusions.gz.alleles.gz
finished 11615_16_DAPP1_DAPP1.txt.gz.annotated.gz.exclusions.gz.alleles.gz
running 11616_9_HSF1_HSF1.txt.gz.annotated.gz.exclusions.gz.alleles.gz
finished 11616_9_HSF1_HSF1.txt.gz.annotated.gz.exclusions.gz.alleles.gz
running 11617_1_ITGAL_LFA_1_alpha_L_chain.txt.gz.annotated.gz.exclusions.gz.alleles.gz
finished 11617_1_ITGAL_LFA_1_alpha_L_chain.txt.gz.annotated.gz.exclusions.gz.alleles.gz
running 11618_83_MYB_MYB.txt.gz.annotated.gz.exclusions.gz.alleles.gz
finished 11618_83_MYB_MYB.txt.gz.annotated.gz.exclusions.gz.alleles.gz
running 11626_7_UBE2V1_UB2V1.txt.gz.annotated.gz.exclusions.gz.alleles.gz
finished 11626_7_UBE2V1_UB2V1.txt.gz.annotated.gz.exclusions.gz.alleles.gz
running 11633_89_AHSA1_AHSA1.txt.gz.annotated.gz.exclusions.gz.alleles.gz
finished 11633_89_AHSA1_AHSA1.txt.gz.annotated.gz.exclusions.gz.alleles.gz
running 11634_32_RGS10_RGS10.txt.gz.annotated.gz.exclusions.gz.alleles.gz
finished 11634_32_RGS10_RGS10.txt.gz.annotated.gz.exclusions.gz.alleles.gz
running 11636_33_TAGLN2_Transgelin_2.txt.gz.annotated.gz.exclusions.gz.alleles.gz
finished 11636_33_TAGLN2_Transgelin_2.txt.gz.annotated.gz.exclusions.gz.alleles.gz
running 11638_42_B3GALT2_B3GT2.txt.gz.annotated.gz.exclusions.gz.alleles.gz
finished 11638_42_B3GALT2_B3GT2.txt.gz.annotated.gz.exclusions.gz.alleles.gz
running 11643_73_DTX3L_DTX3L.txt.gz.annotated.gz.exclusions.gz.alleles.gz
finished 11643_73_DTX3L_DTX3L.txt.gz.annotated.gz.exclusions.gz.alleles.gz
running 11645_9_P4HA1_P4HA1.txt.gz.annotated.gz.exclusions.gz.alleles.gz
finished 11645_9_P4HA1_P4HA1.txt.gz.annotated.gz.exclusions.gz.alleles.gz
running 11646_4_CHST9_Carbohydrate_sulfotransferase_9.txt.gz.annotated.gz.exclusions.gz.alleles.gz
finished 11646_4_CHST9_Carbohydrate_sulfotransferase_9.txt.gz.annotated.gz.exclusions.gz.alleles.gz
running 11647_6_FZD10_Frizzled_10.txt.gz.annotated.gz.exclusions.gz.alleles.gz
finished 11647_6_FZD10_Frizzled_10.txt.gz.annotated.gz.exclusions.gz.alleles.gz
running 11649_3_SMAP1_SMAP1.txt.gz.annotated.gz.exclusions.gz.alleles.gz
finished 11649_3_SMAP1_SMAP1.txt.gz.annotated.gz.exclusions.gz.alleles.gz
running 11653_69_SLC6A9_SC6A9.txt.gz.annotated.gz.exclusions.gz.alleles.gz
finished 11653_69_SLC6A9_SC6A9.txt.gz.annotated.gz.exclusions.gz.alleles.gz
running 11654_77_NRSN1_NRSN1.txt.gz.annotated.gz.exclusions.gz.alleles.gz
finished 11654_77_NRSN1_NRSN1.txt.gz.annotated.gz.exclusions.gz.alleles.gz
running 11656_110_EVL_EVL.txt.gz.annotated.gz.exclusions.gz.alleles.gz
finished 11656_110_EVL_EVL.txt.gz.annotated.gz.exclusions.gz.alleles.gz
running 11657_86_SOCS7_SOCS7.txt.gz.annotated.gz.exclusions.gz.alleles.gz
finished 11657_86_SOCS7_SOCS7.txt.gz.annotated.gz.exclusions.gz.alleles.gz
running 11659_31_CLINT1_EPN4.txt.gz.annotated.gz.exclusions.gz.alleles.gz
finished 11659_31_CLINT1_EPN4.txt.gz.annotated.gz.exclusions.gz.alleles.gz
running 11661_11_NLRP1_NALP1.txt.gz.annotated.gz.exclusions.gz.alleles.gz
finished 11661_11_NLRP1_NALP1.txt.gz.annotated.gz.exclusions.gz.alleles.gz
running 11664_32_ARFGAP2_ARFG2.txt.gz.annotated.gz.exclusions.gz.alleles.gz
finished 11664_32_ARFGAP2_ARFG2.txt.gz.annotated.gz.exclusions.gz.alleles.gz
running 11666_72_RGS8_RGS8.txt.gz.annotated.gz.exclusions.gz.alleles.gz
finished 11666_72_RGS8_RGS8.txt.gz.annotated.gz.exclusions.gz.alleles.gz
running 11667_29_TNS2_TENC1.txt.gz.annotated.gz.exclusions.gz.alleles.gz
finished 11667_29_TNS2_TENC1.txt.gz.annotated.gz.exclusions.gz.alleles.gz
running 11669_39_SLCO5A1_SO5A1.txt.gz.annotated.gz.exclusions.gz.alleles.gz
finished 11669_39_SLCO5A1_SO5A1.txt.gz.annotated.gz.exclusions.gz.alleles.gz
running 11671_19_BRPF1_BRPF1.txt.gz.annotated.gz.exclusions.gz.alleles.gz
finished 11671_19_BRPF1_BRPF1.txt.gz.annotated.gz.exclusions.gz.alleles.gz
running 11672_17_KIF16B_KI16B.txt.gz.annotated.gz.exclusions.gz.alleles.gz
finished 11672_17_KIF16B_KI16B.txt.gz.annotated.gz.exclusions.gz.alleles.gz
running 11677_17_ZDHHC14_ZDH14.txt.gz.annotated.gz.exclusions.gz.alleles.gz
finished 11677_17_ZDHHC14_ZDH14.txt.gz.annotated.gz.exclusions.gz.alleles.gz
running 11678_105_GJD2_CXD2.txt.gz.annotated.gz.exclusions.gz.alleles.gz
finished 11678_105_GJD2_CXD2.txt.gz.annotated.gz.exclusions.gz.alleles.gz
running 11681_8_AGFG1_NUPL.txt.gz.annotated.gz.exclusions.gz.alleles.gz
finished 11681_8_AGFG1_NUPL.txt.gz.annotated.gz.exclusions.gz.alleles.gz
running 11682_7_TXNIP_TXNIP.txt.gz.annotated.gz.exclusions.gz.alleles.gz
finished 11682_7_TXNIP_TXNIP.txt.gz.annotated.gz.exclusions.gz.alleles.gz
running 11683_19_GGA3_GGA3.txt.gz.annotated.gz.exclusions.gz.alleles.gz
finished 11683_19_GGA3_GGA3.txt.gz.annotated.gz.exclusions.gz.alleles.gz
running 11690_47_ANAPC7_APC7.txt.gz.annotated.gz.exclusions.gz.alleles.gz
finished 11690_47_ANAPC7_APC7.txt.gz.annotated.gz.exclusions.gz.alleles.gz
running 11692_21_SHC4_SHC4.txt.gz.annotated.gz.exclusions.gz.alleles.gz
finished 11692_21_SHC4_SHC4.txt.gz.annotated.gz.exclusions.gz.alleles.gz
running 11696_7_CRABP2_RABP2.txt.gz.annotated.gz.exclusions.gz.alleles.gz
finished 11696_7_CRABP2_RABP2.txt.gz.annotated.gz.exclusions.gz.alleles.gz
running 11699_16_PTP4A2_TP4A2.txt.gz.annotated.gz.exclusions.gz.alleles.gz
finished 11699_16_PTP4A2_TP4A2.txt.gz.annotated.gz.exclusions.gz.alleles.gz
running 11708_2_LCN1_LCN1.txt.gz.annotated.gz.exclusions.gz.alleles.gz
finished 11708_2_LCN1_LCN1.txt.gz.annotated.gz.exclusions.gz.alleles.gz
running 11709_29_CPT1B_CPT1B.txt.gz.annotated.gz.exclusions.gz.alleles.gz
finished 11709_29_CPT1B_CPT1B.txt.gz.annotated.gz.exclusions.gz.alleles.gz
running 11715_1_POU2F1_PO2F1.txt.gz.annotated.gz.exclusions.gz.alleles.gz
finished 11715_1_POU2F1_PO2F1.txt.gz.annotated.gz.exclusions.gz.alleles.gz
running 11716_28_LRIT2_LRIT2.txt.gz.annotated.gz.exclusions.gz.alleles.gz
finished 11716_28_LRIT2_LRIT2.txt.gz.annotated.gz.exclusions.gz.alleles.gz
running 11816_84_JAK2_JAK2.txt.gz.annotated.gz.exclusions.gz.alleles.gz
finished 11816_84_JAK2_JAK2.txt.gz.annotated.gz.exclusions.gz.alleles.gz
running 11825_27_PPARGC1A_PRGC1.txt.gz.annotated.gz.exclusions.gz.alleles.gz
finished 11825_27_PPARGC1A_PRGC1.txt.gz.annotated.gz.exclusions.gz.alleles.gz
running 11827_7_RORC_RORG.txt.gz.annotated.gz.exclusions.gz.alleles.gz
finished 11827_7_RORC_RORG.txt.gz.annotated.gz.exclusions.gz.alleles.gz
running 11837_7_TNFRSF18_GITR.txt.gz.annotated.gz.exclusions.gz.alleles.gz
finished 11837_7_TNFRSF18_GITR.txt.gz.annotated.gz.exclusions.gz.alleles.gz
running 11838_130_PIEZO1_FA38A.txt.gz.annotated.gz.exclusions.gz.alleles.gz
finished 11838_130_PIEZO1_FA38A.txt.gz.annotated.gz.exclusions.gz.alleles.gz
running 11872_9_PCDHGB1_PCDGD.txt.gz.annotated.gz.exclusions.gz.alleles.gz
finished 11872_9_PCDHGB1_PCDGD.txt.gz.annotated.gz.exclusions.gz.alleles.gz
running 11910_27_DLX4_DLX4.txt.gz.annotated.gz.exclusions.gz.alleles.gz
finished 11910_27_DLX4_DLX4.txt.gz.annotated.gz.exclusions.gz.alleles.gz
running 11911_13_LRRC4B_LRC4B.txt.gz.annotated.gz.exclusions.gz.alleles.gz
finished 11911_13_LRRC4B_LRC4B.txt.gz.annotated.gz.exclusions.gz.alleles.gz
running 11926_23_AAGAB_P34.txt.gz.annotated.gz.exclusions.gz.alleles.gz
finished 11926_23_AAGAB_P34.txt.gz.annotated.gz.exclusions.gz.alleles.gz
running 11934_9_INTS3_INT3.txt.gz.annotated.gz.exclusions.gz.alleles.gz
finished 11934_9_INTS3_INT3.txt.gz.annotated.gz.exclusions.gz.alleles.gz
running 11952_1_IGDCC3_IGDC3.txt.gz.annotated.gz.exclusions.gz.alleles.gz
finished 11952_1_IGDCC3_IGDC3.txt.gz.annotated.gz.exclusions.gz.alleles.gz
running 11955_1_ARHGAP1_RHG01.txt.gz.annotated.gz.exclusions.gz.alleles.gz
finished 11955_1_ARHGAP1_RHG01.txt.gz.annotated.gz.exclusions.gz.alleles.gz
running 11967_23_CRABP1_RABP1.txt.gz.annotated.gz.exclusions.gz.alleles.gz
finished 11967_23_CRABP1_RABP1.txt.gz.annotated.gz.exclusions.gz.alleles.gz
running 11969_5_S100A2_S100A2.txt.gz.annotated.gz.exclusions.gz.alleles.gz
finished 11969_5_S100A2_S100A2.txt.gz.annotated.gz.exclusions.gz.alleles.gz
running 11988_24_PTPRH_PTPRH.txt.gz.annotated.gz.exclusions.gz.alleles.gz
finished 11988_24_PTPRH_PTPRH.txt.gz.annotated.gz.exclusions.gz.alleles.gz
running 11989_35_EMC1_EMC1.txt.gz.annotated.gz.exclusions.gz.alleles.gz
finished 11989_35_EMC1_EMC1.txt.gz.annotated.gz.exclusions.gz.alleles.gz
running 12001_7_TJP1_ZO1.txt.gz.annotated.gz.exclusions.gz.alleles.gz
finished 12001_7_TJP1_ZO1.txt.gz.annotated.gz.exclusions.gz.alleles.gz
running 12008_3_CD7_CD7.txt.gz.annotated.gz.exclusions.gz.alleles.gz
finished 12008_3_CD7_CD7.txt.gz.annotated.gz.exclusions.gz.alleles.gz
running 12014_19_PTS_PTPS.txt.gz.annotated.gz.exclusions.gz.alleles.gz
finished 12014_19_PTS_PTPS.txt.gz.annotated.gz.exclusions.gz.alleles.gz
