running 5383_14_TNFRSF13C_BAFF_Receptor.txt.gz.annotated.gz.exclusions.gz.alleles.gz
finished 5383_14_TNFRSF13C_BAFF_Receptor.txt.gz.annotated.gz.exclusions.gz.alleles.gz
running 5392_73_FAS_Fas__soluble.txt.gz.annotated.gz.exclusions.gz.alleles.gz
finished 5392_73_FAS_Fas__soluble.txt.gz.annotated.gz.exclusions.gz.alleles.gz
running 5400_52_LEPR_sLeptin_R.txt.gz.annotated.gz.exclusions.gz.alleles.gz
finished 5400_52_LEPR_sLeptin_R.txt.gz.annotated.gz.exclusions.gz.alleles.gz
running 5404_53_TNFRSF21_DR6.txt.gz.annotated.gz.exclusions.gz.alleles.gz
finished 5404_53_TNFRSF21_DR6.txt.gz.annotated.gz.exclusions.gz.alleles.gz
running 5410_53_CDH15_CAD15.txt.gz.annotated.gz.exclusions.gz.alleles.gz
finished 5410_53_CDH15_CAD15.txt.gz.annotated.gz.exclusions.gz.alleles.gz
running 5412_53_CD27_CD27.txt.gz.annotated.gz.exclusions.gz.alleles.gz
finished 5412_53_CD27_CD27.txt.gz.annotated.gz.exclusions.gz.alleles.gz
running 5430_66_SIRPA_SHPS1.txt.gz.annotated.gz.exclusions.gz.alleles.gz
finished 5430_66_SIRPA_SHPS1.txt.gz.annotated.gz.exclusions.gz.alleles.gz
running 5437_63_FABP3_FABP.txt.gz.annotated.gz.exclusions.gz.alleles.gz
finished 5437_63_FABP3_FABP.txt.gz.annotated.gz.exclusions.gz.alleles.gz
running 5440_26_TNNI2_Troponin_I__skeletal__fast_twitch.txt.gz.annotated.gz.exclusions.gz.alleles.gz
finished 5440_26_TNNI2_Troponin_I__skeletal__fast_twitch.txt.gz.annotated.gz.exclusions.gz.alleles.gz
running 5441_67_TNNI3_Troponin_I.txt.gz.annotated.gz.exclusions.gz.alleles.gz
finished 5441_67_TNNI3_Troponin_I.txt.gz.annotated.gz.exclusions.gz.alleles.gz
running 5443_62_NPPA_ANP.txt.gz.annotated.gz.exclusions.gz.alleles.gz
finished 5443_62_NPPA_ANP.txt.gz.annotated.gz.exclusions.gz.alleles.gz
running 5451_1_ALCAM_ALCAM.txt.gz.annotated.gz.exclusions.gz.alleles.gz
finished 5451_1_ALCAM_ALCAM.txt.gz.annotated.gz.exclusions.gz.alleles.gz
running 5452_71_ASGR1_ASGR1.txt.gz.annotated.gz.exclusions.gz.alleles.gz
finished 5452_71_ASGR1_ASGR1.txt.gz.annotated.gz.exclusions.gz.alleles.gz
running 5456_59_CNDP1_CNDP1.txt.gz.annotated.gz.exclusions.gz.alleles.gz
finished 5456_59_CNDP1_CNDP1.txt.gz.annotated.gz.exclusions.gz.alleles.gz
running 5457_5_COLEC12_COLEC12.txt.gz.annotated.gz.exclusions.gz.alleles.gz
finished 5457_5_COLEC12_COLEC12.txt.gz.annotated.gz.exclusions.gz.alleles.gz
running 5459_33_CST1_CYTN.txt.gz.annotated.gz.exclusions.gz.alleles.gz
finished 5459_33_CST1_CYTN.txt.gz.annotated.gz.exclusions.gz.alleles.gz
running 5460_60_DDX19B_DEAD_box_protein_19B.txt.gz.annotated.gz.exclusions.gz.alleles.gz
finished 5460_60_DDX19B_DEAD_box_protein_19B.txt.gz.annotated.gz.exclusions.gz.alleles.gz
running 5462_62_FCN3_Ficolin_3.txt.gz.annotated.gz.exclusions.gz.alleles.gz
finished 5462_62_FCN3_Ficolin_3.txt.gz.annotated.gz.exclusions.gz.alleles.gz
running 5463_22_GAS1_GAS1.txt.gz.annotated.gz.exclusions.gz.alleles.gz
finished 5463_22_GAS1_GAS1.txt.gz.annotated.gz.exclusions.gz.alleles.gz
running 5464_52_GRB2_GRB2_adapter_protein.txt.gz.annotated.gz.exclusions.gz.alleles.gz
finished 5464_52_GRB2_GRB2_adapter_protein.txt.gz.annotated.gz.exclusions.gz.alleles.gz
running 5465_32_HS6ST1_H6ST1.txt.gz.annotated.gz.exclusions.gz.alleles.gz
finished 5465_32_HS6ST1_H6ST1.txt.gz.annotated.gz.exclusions.gz.alleles.gz
running 5467_15_HSP90AB1_HSP_90b.txt.gz.annotated.gz.exclusions.gz.alleles.gz
finished 5467_15_HSP90AB1_HSP_90b.txt.gz.annotated.gz.exclusions.gz.alleles.gz
running 5468_67_IL17RC_IL_17_RC.txt.gz.annotated.gz.exclusions.gz.alleles.gz
finished 5468_67_IL17RC_IL_17_RC.txt.gz.annotated.gz.exclusions.gz.alleles.gz
running 5475_10_PRKCB_PKC_B_II.txt.gz.annotated.gz.exclusions.gz.alleles.gz
finished 5475_10_PRKCB_PKC_B_II.txt.gz.annotated.gz.exclusions.gz.alleles.gz
running 5476_66_PRKCG_PKC_G.txt.gz.annotated.gz.exclusions.gz.alleles.gz
finished 5476_66_PRKCG_PKC_G.txt.gz.annotated.gz.exclusions.gz.alleles.gz
running 5478_50_FOLH1_PSMA.txt.gz.annotated.gz.exclusions.gz.alleles.gz
finished 5478_50_FOLH1_PSMA.txt.gz.annotated.gz.exclusions.gz.alleles.gz
running 5480_49_CCL5_RANTES.txt.gz.annotated.gz.exclusions.gz.alleles.gz
finished 5480_49_CCL5_RANTES.txt.gz.annotated.gz.exclusions.gz.alleles.gz
running 5481_16_RASA1_RASA1.txt.gz.annotated.gz.exclusions.gz.alleles.gz
finished 5481_16_RASA1_RASA1.txt.gz.annotated.gz.exclusions.gz.alleles.gz
running 5483_1_RGMA_RGMA.txt.gz.annotated.gz.exclusions.gz.alleles.gz
finished 5483_1_RGMA_RGMA.txt.gz.annotated.gz.exclusions.gz.alleles.gz
running 5484_63_RPS3A_RS3A.txt.gz.annotated.gz.exclusions.gz.alleles.gz
finished 5484_63_RPS3A_RS3A.txt.gz.annotated.gz.exclusions.gz.alleles.gz
running 5486_73_ICAM2_sICAM_2.txt.gz.annotated.gz.exclusions.gz.alleles.gz
finished 5486_73_ICAM2_sICAM_2.txt.gz.annotated.gz.exclusions.gz.alleles.gz
running 5487_7_SLAMF7_SLAF7.txt.gz.annotated.gz.exclusions.gz.alleles.gz
finished 5487_7_SLAMF7_SLAF7.txt.gz.annotated.gz.exclusions.gz.alleles.gz
running 5488_74_SRC_SRCN1.txt.gz.annotated.gz.exclusions.gz.alleles.gz
finished 5488_74_SRC_SRCN1.txt.gz.annotated.gz.exclusions.gz.alleles.gz
running 5489_18_STIP1_Stress_induced_phosphoprotein_1.txt.gz.annotated.gz.exclusions.gz.alleles.gz
finished 5489_18_STIP1_Stress_induced_phosphoprotein_1.txt.gz.annotated.gz.exclusions.gz.alleles.gz
running 5490_53_SPOCK1_Testican_1.txt.gz.annotated.gz.exclusions.gz.alleles.gz
finished 5490_53_SPOCK1_Testican_1.txt.gz.annotated.gz.exclusions.gz.alleles.gz
running 5491_12_SPOCK2_Testican_2.txt.gz.annotated.gz.exclusions.gz.alleles.gz
finished 5491_12_SPOCK2_Testican_2.txt.gz.annotated.gz.exclusions.gz.alleles.gz
running 5493_17_WNK3_WNK3.txt.gz.annotated.gz.exclusions.gz.alleles.gz
finished 5493_17_WNK3_WNK3.txt.gz.annotated.gz.exclusions.gz.alleles.gz
running 5494_52_SNRPF_RUXF.txt.gz.annotated.gz.exclusions.gz.alleles.gz
finished 5494_52_SNRPF_RUXF.txt.gz.annotated.gz.exclusions.gz.alleles.gz
running 5508_62_CTSD_Cathepsin_D.txt.gz.annotated.gz.exclusions.gz.alleles.gz
finished 5508_62_CTSD_Cathepsin_D.txt.gz.annotated.gz.exclusions.gz.alleles.gz
running 5509_7_EGF_EGF.txt.gz.annotated.gz.exclusions.gz.alleles.gz
finished 5509_7_EGF_EGF.txt.gz.annotated.gz.exclusions.gz.alleles.gz
running 5526_53_TNFRSF18_GITR.txt.gz.annotated.gz.exclusions.gz.alleles.gz
finished 5526_53_TNFRSF18_GITR.txt.gz.annotated.gz.exclusions.gz.alleles.gz
running 5532_53_FGFR1_bFGF_R.txt.gz.annotated.gz.exclusions.gz.alleles.gz
finished 5532_53_FGFR1_bFGF_R.txt.gz.annotated.gz.exclusions.gz.alleles.gz
running 5534_49_TNFRSF10B_TRAIL_R2.txt.gz.annotated.gz.exclusions.gz.alleles.gz
finished 5534_49_TNFRSF10B_TRAIL_R2.txt.gz.annotated.gz.exclusions.gz.alleles.gz
running 5542_22_NRP1_NRP1.txt.gz.annotated.gz.exclusions.gz.alleles.gz
finished 5542_22_NRP1_NRP1.txt.gz.annotated.gz.exclusions.gz.alleles.gz
running 5581_28_FGL1_FGL1.txt.gz.annotated.gz.exclusions.gz.alleles.gz
finished 5581_28_FGL1_FGL1.txt.gz.annotated.gz.exclusions.gz.alleles.gz
running 5583_62_RYK_RYK.txt.gz.annotated.gz.exclusions.gz.alleles.gz
finished 5583_62_RYK_RYK.txt.gz.annotated.gz.exclusions.gz.alleles.gz
running 5584_21_TCN2_Holo_TC_II.txt.gz.annotated.gz.exclusions.gz.alleles.gz
finished 5584_21_TCN2_Holo_TC_II.txt.gz.annotated.gz.exclusions.gz.alleles.gz
running 5586_66_MINPP1_MINP1.txt.gz.annotated.gz.exclusions.gz.alleles.gz
finished 5586_66_MINPP1_MINP1.txt.gz.annotated.gz.exclusions.gz.alleles.gz
running 5590_11_ZPLD1_ZPLD1.txt.gz.annotated.gz.exclusions.gz.alleles.gz
finished 5590_11_ZPLD1_ZPLD1.txt.gz.annotated.gz.exclusions.gz.alleles.gz
running 5593_11_PDIA5_PDIA5.txt.gz.annotated.gz.exclusions.gz.alleles.gz
finished 5593_11_PDIA5_PDIA5.txt.gz.annotated.gz.exclusions.gz.alleles.gz
running 5596_75_CD5_CD5.txt.gz.annotated.gz.exclusions.gz.alleles.gz
finished 5596_75_CD5_CD5.txt.gz.annotated.gz.exclusions.gz.alleles.gz
running 5598_3_GREM2_GREM2.txt.gz.annotated.gz.exclusions.gz.alleles.gz
finished 5598_3_GREM2_GREM2.txt.gz.annotated.gz.exclusions.gz.alleles.gz
running 5599_88_PCYOX1L_PCYXL.txt.gz.annotated.gz.exclusions.gz.alleles.gz
finished 5599_88_PCYOX1L_PCYXL.txt.gz.annotated.gz.exclusions.gz.alleles.gz
running 5601_2_PGLYRP2_PGRP_L.txt.gz.annotated.gz.exclusions.gz.alleles.gz
finished 5601_2_PGLYRP2_PGRP_L.txt.gz.annotated.gz.exclusions.gz.alleles.gz
running 5602_62_RNASE10_RNS10.txt.gz.annotated.gz.exclusions.gz.alleles.gz
finished 5602_62_RNASE10_RNS10.txt.gz.annotated.gz.exclusions.gz.alleles.gz
running 5604_30_HPSE_HPSE.txt.gz.annotated.gz.exclusions.gz.alleles.gz
finished 5604_30_HPSE_HPSE.txt.gz.annotated.gz.exclusions.gz.alleles.gz
running 5605_77_MFNG_MFNG.txt.gz.annotated.gz.exclusions.gz.alleles.gz
finished 5605_77_MFNG_MFNG.txt.gz.annotated.gz.exclusions.gz.alleles.gz
running 5606_24_MFAP1_MFAP1.txt.gz.annotated.gz.exclusions.gz.alleles.gz
finished 5606_24_MFAP1_MFAP1.txt.gz.annotated.gz.exclusions.gz.alleles.gz
running 5609_92_FAM19A5_F19A5.txt.gz.annotated.gz.exclusions.gz.alleles.gz
finished 5609_92_FAM19A5_F19A5.txt.gz.annotated.gz.exclusions.gz.alleles.gz
running 5610_32_FAM171A1_CJ038.txt.gz.annotated.gz.exclusions.gz.alleles.gz
finished 5610_32_FAM171A1_CJ038.txt.gz.annotated.gz.exclusions.gz.alleles.gz
running 5611_56_DEFB108B_D108B.txt.gz.annotated.gz.exclusions.gz.alleles.gz
finished 5611_56_DEFB108B_D108B.txt.gz.annotated.gz.exclusions.gz.alleles.gz
running 5612_16_HINT2_HINT2.txt.gz.annotated.gz.exclusions.gz.alleles.gz
finished 5612_16_HINT2_HINT2.txt.gz.annotated.gz.exclusions.gz.alleles.gz
running 5613_75_LAT2_NTAL.txt.gz.annotated.gz.exclusions.gz.alleles.gz
finished 5613_75_LAT2_NTAL.txt.gz.annotated.gz.exclusions.gz.alleles.gz
running 5614_44_CRH_CRH.txt.gz.annotated.gz.exclusions.gz.alleles.gz
finished 5614_44_CRH_CRH.txt.gz.annotated.gz.exclusions.gz.alleles.gz
running 5615_62_FAM172A_F172A.txt.gz.annotated.gz.exclusions.gz.alleles.gz
finished 5615_62_FAM172A_F172A.txt.gz.annotated.gz.exclusions.gz.alleles.gz
running 5617_41_NPFF_NPFF.txt.gz.annotated.gz.exclusions.gz.alleles.gz
finished 5617_41_NPFF_NPFF.txt.gz.annotated.gz.exclusions.gz.alleles.gz
running 5618_50_FAM3B_FAM3B.txt.gz.annotated.gz.exclusions.gz.alleles.gz
finished 5618_50_FAM3B_FAM3B.txt.gz.annotated.gz.exclusions.gz.alleles.gz
running 5620_13_PAM_AMD.txt.gz.annotated.gz.exclusions.gz.alleles.gz
finished 5620_13_PAM_AMD.txt.gz.annotated.gz.exclusions.gz.alleles.gz
running 5621_64_THSD1_THSD1.txt.gz.annotated.gz.exclusions.gz.alleles.gz
finished 5621_64_THSD1_THSD1.txt.gz.annotated.gz.exclusions.gz.alleles.gz
running 5623_11_CD300LF_CLM1.txt.gz.annotated.gz.exclusions.gz.alleles.gz
finished 5623_11_CD300LF_CLM1.txt.gz.annotated.gz.exclusions.gz.alleles.gz
running 5626_20_CTRC_CTRC.txt.gz.annotated.gz.exclusions.gz.alleles.gz
finished 5626_20_CTRC_CTRC.txt.gz.annotated.gz.exclusions.gz.alleles.gz
running 5627_53_GNRH1_GON1.txt.gz.annotated.gz.exclusions.gz.alleles.gz
finished 5627_53_GNRH1_GON1.txt.gz.annotated.gz.exclusions.gz.alleles.gz
running 5628_21_SEMA3G_SEM3G.txt.gz.annotated.gz.exclusions.gz.alleles.gz
finished 5628_21_SEMA3G_SEM3G.txt.gz.annotated.gz.exclusions.gz.alleles.gz
running 5629_58_KLRC1_NKG2A.txt.gz.annotated.gz.exclusions.gz.alleles.gz
finished 5629_58_KLRC1_NKG2A.txt.gz.annotated.gz.exclusions.gz.alleles.gz
running 5630_48_CD300A_CM35H.txt.gz.annotated.gz.exclusions.gz.alleles.gz
finished 5630_48_CD300A_CM35H.txt.gz.annotated.gz.exclusions.gz.alleles.gz
running 5631_83_MLN_MOTI.txt.gz.annotated.gz.exclusions.gz.alleles.gz
finished 5631_83_MLN_MOTI.txt.gz.annotated.gz.exclusions.gz.alleles.gz
running 5632_6_CRTAC1_CRAC1.txt.gz.annotated.gz.exclusions.gz.alleles.gz
finished 5632_6_CRTAC1_CRAC1.txt.gz.annotated.gz.exclusions.gz.alleles.gz
running 5634_39_POFUT1_OFUT1.txt.gz.annotated.gz.exclusions.gz.alleles.gz
finished 5634_39_POFUT1_OFUT1.txt.gz.annotated.gz.exclusions.gz.alleles.gz
running 5636_10_MFAP4_MFAP4.txt.gz.annotated.gz.exclusions.gz.alleles.gz
finished 5636_10_MFAP4_MFAP4.txt.gz.annotated.gz.exclusions.gz.alleles.gz
running 5637_81_NTNG1_NTNG1.txt.gz.annotated.gz.exclusions.gz.alleles.gz
finished 5637_81_NTNG1_NTNG1.txt.gz.annotated.gz.exclusions.gz.alleles.gz
