running 7178_59_DEPP_DEPP.txt.gz.annotated.gz.exclusions.gz.alleles.gz
finished 7178_59_DEPP_DEPP.txt.gz.annotated.gz.exclusions.gz.alleles.gz
running 7179_69_NFASC_NFASC.txt.gz.annotated.gz.exclusions.gz.alleles.gz
finished 7179_69_NFASC_NFASC.txt.gz.annotated.gz.exclusions.gz.alleles.gz
running 7180_114_IFNA14_IFN14.txt.gz.annotated.gz.exclusions.gz.alleles.gz
finished 7180_114_IFNA14_IFN14.txt.gz.annotated.gz.exclusions.gz.alleles.gz
running 7181_17_VAPB_VAPB.txt.gz.annotated.gz.exclusions.gz.alleles.gz
finished 7181_17_VAPB_VAPB.txt.gz.annotated.gz.exclusions.gz.alleles.gz
running 7183_102_C19orf80_TD26.txt.gz.annotated.gz.exclusions.gz.alleles.gz
finished 7183_102_C19orf80_TD26.txt.gz.annotated.gz.exclusions.gz.alleles.gz
running 7184_13_CEACAM7_CEAM7.txt.gz.annotated.gz.exclusions.gz.alleles.gz
finished 7184_13_CEACAM7_CEAM7.txt.gz.annotated.gz.exclusions.gz.alleles.gz
running 7185_29_GP5_GPV.txt.gz.annotated.gz.exclusions.gz.alleles.gz
finished 7185_29_GP5_GPV.txt.gz.annotated.gz.exclusions.gz.alleles.gz
running 7186_111_STX3_STX3.txt.gz.annotated.gz.exclusions.gz.alleles.gz
finished 7186_111_STX3_STX3.txt.gz.annotated.gz.exclusions.gz.alleles.gz
running 7187_3_PPM1L_PPM1L.txt.gz.annotated.gz.exclusions.gz.alleles.gz
finished 7187_3_PPM1L_PPM1L.txt.gz.annotated.gz.exclusions.gz.alleles.gz
running 7189_55_CHST3_CHST3.txt.gz.annotated.gz.exclusions.gz.alleles.gz
finished 7189_55_CHST3_CHST3.txt.gz.annotated.gz.exclusions.gz.alleles.gz
running 7191_32_SLMAP_SLMAP.txt.gz.annotated.gz.exclusions.gz.alleles.gz
finished 7191_32_SLMAP_SLMAP.txt.gz.annotated.gz.exclusions.gz.alleles.gz
running 7192_37_IFNLR1_CRF2_12.txt.gz.annotated.gz.exclusions.gz.alleles.gz
finished 7192_37_IFNLR1_CRF2_12.txt.gz.annotated.gz.exclusions.gz.alleles.gz
running 7193_98_PCDHAC1_PCDC1.txt.gz.annotated.gz.exclusions.gz.alleles.gz
finished 7193_98_PCDHAC1_PCDC1.txt.gz.annotated.gz.exclusions.gz.alleles.gz
running 7194_36_NPTN_NPTN.txt.gz.annotated.gz.exclusions.gz.alleles.gz
finished 7194_36_NPTN_NPTN.txt.gz.annotated.gz.exclusions.gz.alleles.gz
running 7196_21_IFNW1_IFN_w.txt.gz.annotated.gz.exclusions.gz.alleles.gz
finished 7196_21_IFNW1_IFN_w.txt.gz.annotated.gz.exclusions.gz.alleles.gz
running 7197_2_DNAJC15_DJC15.txt.gz.annotated.gz.exclusions.gz.alleles.gz
finished 7197_2_DNAJC15_DJC15.txt.gz.annotated.gz.exclusions.gz.alleles.gz
running 7198_197_FAM20B_FA20B.txt.gz.annotated.gz.exclusions.gz.alleles.gz
finished 7198_197_FAM20B_FA20B.txt.gz.annotated.gz.exclusions.gz.alleles.gz
running 7199_3_SYN3_SYN3.txt.gz.annotated.gz.exclusions.gz.alleles.gz
finished 7199_3_SYN3_SYN3.txt.gz.annotated.gz.exclusions.gz.alleles.gz
running 7200_4_LRFN2_LRFN2.txt.gz.annotated.gz.exclusions.gz.alleles.gz
finished 7200_4_LRFN2_LRFN2.txt.gz.annotated.gz.exclusions.gz.alleles.gz
running 7201_5_ISCU_ISCU.txt.gz.annotated.gz.exclusions.gz.alleles.gz
finished 7201_5_ISCU_ISCU.txt.gz.annotated.gz.exclusions.gz.alleles.gz
running 7202_107_SEMA6C_SEMA6C.txt.gz.annotated.gz.exclusions.gz.alleles.gz
finished 7202_107_SEMA6C_SEMA6C.txt.gz.annotated.gz.exclusions.gz.alleles.gz
running 7203_125_RFNG_RFNG.txt.gz.annotated.gz.exclusions.gz.alleles.gz
finished 7203_125_RFNG_RFNG.txt.gz.annotated.gz.exclusions.gz.alleles.gz
running 7204_1_CEACAM21_CEA21.txt.gz.annotated.gz.exclusions.gz.alleles.gz
finished 7204_1_CEACAM21_CEA21.txt.gz.annotated.gz.exclusions.gz.alleles.gz
running 7206_20_FBP1_F16P1.txt.gz.annotated.gz.exclusions.gz.alleles.gz
finished 7206_20_FBP1_F16P1.txt.gz.annotated.gz.exclusions.gz.alleles.gz
running 7207_4_IK_RED.txt.gz.annotated.gz.exclusions.gz.alleles.gz
finished 7207_4_IK_RED.txt.gz.annotated.gz.exclusions.gz.alleles.gz
running 7208_60_MGAT4C_MGT4C.txt.gz.annotated.gz.exclusions.gz.alleles.gz
finished 7208_60_MGAT4C_MGT4C.txt.gz.annotated.gz.exclusions.gz.alleles.gz
running 7210_25_APLP1_Amyloid_like_protein_1.txt.gz.annotated.gz.exclusions.gz.alleles.gz
finished 7210_25_APLP1_Amyloid_like_protein_1.txt.gz.annotated.gz.exclusions.gz.alleles.gz
running 7211_2_RNASE1_RNase_1.txt.gz.annotated.gz.exclusions.gz.alleles.gz
finished 7211_2_RNASE1_RNase_1.txt.gz.annotated.gz.exclusions.gz.alleles.gz
running 7215_18_CYB5R3_NADH_cytochrome_b5_reductase.txt.gz.annotated.gz.exclusions.gz.alleles.gz
finished 7215_18_CYB5R3_NADH_cytochrome_b5_reductase.txt.gz.annotated.gz.exclusions.gz.alleles.gz
running 7218_87_ATP1B2_AT1B2.txt.gz.annotated.gz.exclusions.gz.alleles.gz
finished 7218_87_ATP1B2_AT1B2.txt.gz.annotated.gz.exclusions.gz.alleles.gz
running 7221_56_CKAP4_CKAP4.txt.gz.annotated.gz.exclusions.gz.alleles.gz
finished 7221_56_CKAP4_CKAP4.txt.gz.annotated.gz.exclusions.gz.alleles.gz
running 7223_60_S100A13_S100A13.txt.gz.annotated.gz.exclusions.gz.alleles.gz
finished 7223_60_S100A13_S100A13.txt.gz.annotated.gz.exclusions.gz.alleles.gz
running 7224_11_TRAT1_TRAT1.txt.gz.annotated.gz.exclusions.gz.alleles.gz
finished 7224_11_TRAT1_TRAT1.txt.gz.annotated.gz.exclusions.gz.alleles.gz
running 7225_51_MMGT1_MMGT1.txt.gz.annotated.gz.exclusions.gz.alleles.gz
finished 7225_51_MMGT1_MMGT1.txt.gz.annotated.gz.exclusions.gz.alleles.gz
running 7227_75_COCH_COCH.txt.gz.annotated.gz.exclusions.gz.alleles.gz
finished 7227_75_COCH_COCH.txt.gz.annotated.gz.exclusions.gz.alleles.gz
running 7228_2_ST6GALNAC6_SIA7F.txt.gz.annotated.gz.exclusions.gz.alleles.gz
finished 7228_2_ST6GALNAC6_SIA7F.txt.gz.annotated.gz.exclusions.gz.alleles.gz
running 7231_37_TMPRSS11A_TM11A.txt.gz.annotated.gz.exclusions.gz.alleles.gz
finished 7231_37_TMPRSS11A_TM11A.txt.gz.annotated.gz.exclusions.gz.alleles.gz
running 7233_73_P2RX6_P2RX6.txt.gz.annotated.gz.exclusions.gz.alleles.gz
finished 7233_73_P2RX6_P2RX6.txt.gz.annotated.gz.exclusions.gz.alleles.gz
running 7234_12_COLGALT2_GT252.txt.gz.annotated.gz.exclusions.gz.alleles.gz
finished 7234_12_COLGALT2_GT252.txt.gz.annotated.gz.exclusions.gz.alleles.gz
running 7240_2_MBTPS1_MBTP1.txt.gz.annotated.gz.exclusions.gz.alleles.gz
finished 7240_2_MBTPS1_MBTP1.txt.gz.annotated.gz.exclusions.gz.alleles.gz
running 7242_14_VSTM4_CJ072.txt.gz.annotated.gz.exclusions.gz.alleles.gz
finished 7242_14_VSTM4_CJ072.txt.gz.annotated.gz.exclusions.gz.alleles.gz
running 7244_16_IGFLR1_TM149.txt.gz.annotated.gz.exclusions.gz.alleles.gz
finished 7244_16_IGFLR1_TM149.txt.gz.annotated.gz.exclusions.gz.alleles.gz
running 7245_2_CELF2_CELF2.txt.gz.annotated.gz.exclusions.gz.alleles.gz
finished 7245_2_CELF2_CELF2.txt.gz.annotated.gz.exclusions.gz.alleles.gz
running 7246_4_FREM2_FREM2.txt.gz.annotated.gz.exclusions.gz.alleles.gz
finished 7246_4_FREM2_FREM2.txt.gz.annotated.gz.exclusions.gz.alleles.gz
running 7247_1_GORAB_GORAB.txt.gz.annotated.gz.exclusions.gz.alleles.gz
finished 7247_1_GORAB_GORAB.txt.gz.annotated.gz.exclusions.gz.alleles.gz
running 7249_307_BCL2L10_B2L10.txt.gz.annotated.gz.exclusions.gz.alleles.gz
finished 7249_307_BCL2L10_B2L10.txt.gz.annotated.gz.exclusions.gz.alleles.gz
running 7251_64_C1QTNF3_C1QT3.txt.gz.annotated.gz.exclusions.gz.alleles.gz
finished 7251_64_C1QTNF3_C1QT3.txt.gz.annotated.gz.exclusions.gz.alleles.gz
running 7253_6_QKI_QKI.txt.gz.annotated.gz.exclusions.gz.alleles.gz
finished 7253_6_QKI_QKI.txt.gz.annotated.gz.exclusions.gz.alleles.gz
running 7257_18_PTH2_TIP39.txt.gz.annotated.gz.exclusions.gz.alleles.gz
finished 7257_18_PTH2_TIP39.txt.gz.annotated.gz.exclusions.gz.alleles.gz
running 7258_5_PRG2_EMBP.txt.gz.annotated.gz.exclusions.gz.alleles.gz
finished 7258_5_PRG2_EMBP.txt.gz.annotated.gz.exclusions.gz.alleles.gz
running 7262_191_CHST14_CHSTE.txt.gz.annotated.gz.exclusions.gz.alleles.gz
finished 7262_191_CHST14_CHSTE.txt.gz.annotated.gz.exclusions.gz.alleles.gz
running 7265_32_OSTN_OSTN.txt.gz.annotated.gz.exclusions.gz.alleles.gz
finished 7265_32_OSTN_OSTN.txt.gz.annotated.gz.exclusions.gz.alleles.gz
running 7266_4_SERPINA9_SPA9.txt.gz.annotated.gz.exclusions.gz.alleles.gz
finished 7266_4_SERPINA9_SPA9.txt.gz.annotated.gz.exclusions.gz.alleles.gz
running 7267_2_SPTLC2_LCB2.txt.gz.annotated.gz.exclusions.gz.alleles.gz
finished 7267_2_SPTLC2_LCB2.txt.gz.annotated.gz.exclusions.gz.alleles.gz
running 7551_33_LRRC32_LRC32.txt.gz.annotated.gz.exclusions.gz.alleles.gz
finished 7551_33_LRRC32_LRC32.txt.gz.annotated.gz.exclusions.gz.alleles.gz
running 7624_19_ANK2_ANK2.txt.gz.annotated.gz.exclusions.gz.alleles.gz
finished 7624_19_ANK2_ANK2.txt.gz.annotated.gz.exclusions.gz.alleles.gz
running 7625_27_YWHAQ_14_3_3_protein_theta.txt.gz.annotated.gz.exclusions.gz.alleles.gz
finished 7625_27_YWHAQ_14_3_3_protein_theta.txt.gz.annotated.gz.exclusions.gz.alleles.gz
running 7628_40_CRELD1_CREL1.txt.gz.annotated.gz.exclusions.gz.alleles.gz
finished 7628_40_CRELD1_CREL1.txt.gz.annotated.gz.exclusions.gz.alleles.gz
running 7638_30_LMAN2_Lectin__mannose_binding_2.txt.gz.annotated.gz.exclusions.gz.alleles.gz
finished 7638_30_LMAN2_Lectin__mannose_binding_2.txt.gz.annotated.gz.exclusions.gz.alleles.gz
running 7648_9_MYBPC1_MYPC1.txt.gz.annotated.gz.exclusions.gz.alleles.gz
finished 7648_9_MYBPC1_MYPC1.txt.gz.annotated.gz.exclusions.gz.alleles.gz
running 7655_11_NPPB_N_terminal_pro_BNP.txt.gz.annotated.gz.exclusions.gz.alleles.gz
finished 7655_11_NPPB_N_terminal_pro_BNP.txt.gz.annotated.gz.exclusions.gz.alleles.gz
running 7696_3_NBR1_NBR1.txt.gz.annotated.gz.exclusions.gz.alleles.gz
finished 7696_3_NBR1_NBR1.txt.gz.annotated.gz.exclusions.gz.alleles.gz
running 7713_102_FMR1_FMR1.txt.gz.annotated.gz.exclusions.gz.alleles.gz
finished 7713_102_FMR1_FMR1.txt.gz.annotated.gz.exclusions.gz.alleles.gz
running 7717_95_CFTR_CFTR.txt.gz.annotated.gz.exclusions.gz.alleles.gz
finished 7717_95_CFTR_CFTR.txt.gz.annotated.gz.exclusions.gz.alleles.gz
running 7732_45_VAMP4_VAMP4.txt.gz.annotated.gz.exclusions.gz.alleles.gz
finished 7732_45_VAMP4_VAMP4.txt.gz.annotated.gz.exclusions.gz.alleles.gz
running 7736_28_OPALIN_OPALI.txt.gz.annotated.gz.exclusions.gz.alleles.gz
finished 7736_28_OPALIN_OPALI.txt.gz.annotated.gz.exclusions.gz.alleles.gz
running 7737_76_ITGB6_ITB6.txt.gz.annotated.gz.exclusions.gz.alleles.gz
finished 7737_76_ITGB6_ITB6.txt.gz.annotated.gz.exclusions.gz.alleles.gz
running 7738_299_STX2_STX2.txt.gz.annotated.gz.exclusions.gz.alleles.gz
finished 7738_299_STX2_STX2.txt.gz.annotated.gz.exclusions.gz.alleles.gz
running 7740_33_FATE1_FATE1.txt.gz.annotated.gz.exclusions.gz.alleles.gz
finished 7740_33_FATE1_FATE1.txt.gz.annotated.gz.exclusions.gz.alleles.gz
running 7741_111_RTF1_RTF1.txt.gz.annotated.gz.exclusions.gz.alleles.gz
finished 7741_111_RTF1_RTF1.txt.gz.annotated.gz.exclusions.gz.alleles.gz
running 7742_11_RNF148_RN148.txt.gz.annotated.gz.exclusions.gz.alleles.gz
finished 7742_11_RNF148_RN148.txt.gz.annotated.gz.exclusions.gz.alleles.gz
running 7743_5_TIMM50_TIM50.txt.gz.annotated.gz.exclusions.gz.alleles.gz
finished 7743_5_TIMM50_TIM50.txt.gz.annotated.gz.exclusions.gz.alleles.gz
running 7745_3_CISD1_ZCD1.txt.gz.annotated.gz.exclusions.gz.alleles.gz
finished 7745_3_CISD1_ZCD1.txt.gz.annotated.gz.exclusions.gz.alleles.gz
running 7747_47_NDUFB11_NDUBB.txt.gz.annotated.gz.exclusions.gz.alleles.gz
finished 7747_47_NDUFB11_NDUBB.txt.gz.annotated.gz.exclusions.gz.alleles.gz
running 7748_11_NDUFV2_NDUV2.txt.gz.annotated.gz.exclusions.gz.alleles.gz
finished 7748_11_NDUFV2_NDUV2.txt.gz.annotated.gz.exclusions.gz.alleles.gz
running 7751_121_SFRP2_SARP_1.txt.gz.annotated.gz.exclusions.gz.alleles.gz
finished 7751_121_SFRP2_SARP_1.txt.gz.annotated.gz.exclusions.gz.alleles.gz
running 7752_31_CLEC4D_CLC4D.txt.gz.annotated.gz.exclusions.gz.alleles.gz
finished 7752_31_CLEC4D_CLC4D.txt.gz.annotated.gz.exclusions.gz.alleles.gz
running 7753_21_HTATIP2_HTAI2.txt.gz.annotated.gz.exclusions.gz.alleles.gz
finished 7753_21_HTATIP2_HTAI2.txt.gz.annotated.gz.exclusions.gz.alleles.gz
running 7754_11_JAG1_JAG1.txt.gz.annotated.gz.exclusions.gz.alleles.gz
finished 7754_11_JAG1_JAG1.txt.gz.annotated.gz.exclusions.gz.alleles.gz
running 7755_37_ITGB5_ITB5.txt.gz.annotated.gz.exclusions.gz.alleles.gz
finished 7755_37_ITGB5_ITB5.txt.gz.annotated.gz.exclusions.gz.alleles.gz
running 7757_5_HLA_DQA2_DQA2.txt.gz.annotated.gz.exclusions.gz.alleles.gz
finished 7757_5_HLA_DQA2_DQA2.txt.gz.annotated.gz.exclusions.gz.alleles.gz
running 7758_217_RNF215_RN215.txt.gz.annotated.gz.exclusions.gz.alleles.gz
finished 7758_217_RNF215_RN215.txt.gz.annotated.gz.exclusions.gz.alleles.gz
running 7761_125_CHKB_CHKB.txt.gz.annotated.gz.exclusions.gz.alleles.gz
finished 7761_125_CHKB_CHKB.txt.gz.annotated.gz.exclusions.gz.alleles.gz
running 7762_30_SNN_SNN.txt.gz.annotated.gz.exclusions.gz.alleles.gz
finished 7762_30_SNN_SNN.txt.gz.annotated.gz.exclusions.gz.alleles.gz
running 7763_25_CDH11_Cadherin_11.txt.gz.annotated.gz.exclusions.gz.alleles.gz
finished 7763_25_CDH11_Cadherin_11.txt.gz.annotated.gz.exclusions.gz.alleles.gz
running 7765_15_ITM2A_ITM2A.txt.gz.annotated.gz.exclusions.gz.alleles.gz
finished 7765_15_ITM2A_ITM2A.txt.gz.annotated.gz.exclusions.gz.alleles.gz
running 7766_25_ZP4_ZP4.txt.gz.annotated.gz.exclusions.gz.alleles.gz
finished 7766_25_ZP4_ZP4.txt.gz.annotated.gz.exclusions.gz.alleles.gz
running 7767_1_CLPSL2_CF126.txt.gz.annotated.gz.exclusions.gz.alleles.gz
finished 7767_1_CLPSL2_CF126.txt.gz.annotated.gz.exclusions.gz.alleles.gz
running 7769_29_SH3BP2_3BP2.txt.gz.annotated.gz.exclusions.gz.alleles.gz
finished 7769_29_SH3BP2_3BP2.txt.gz.annotated.gz.exclusions.gz.alleles.gz
running 7770_25_NFU1_NFU1.txt.gz.annotated.gz.exclusions.gz.alleles.gz
finished 7770_25_NFU1_NFU1.txt.gz.annotated.gz.exclusions.gz.alleles.gz
running 7773_20_KIR2DL2_KI2L2.txt.gz.annotated.gz.exclusions.gz.alleles.gz
finished 7773_20_KIR2DL2_KI2L2.txt.gz.annotated.gz.exclusions.gz.alleles.gz
running 7776_20_UNC5B_UNC5B.txt.gz.annotated.gz.exclusions.gz.alleles.gz
finished 7776_20_UNC5B_UNC5B.txt.gz.annotated.gz.exclusions.gz.alleles.gz
running 7778_104_C9orf89_BINCA.txt.gz.annotated.gz.exclusions.gz.alleles.gz
finished 7778_104_C9orf89_BINCA.txt.gz.annotated.gz.exclusions.gz.alleles.gz
running 7779_86_CHST11_CHSTB.txt.gz.annotated.gz.exclusions.gz.alleles.gz
finished 7779_86_CHST11_CHSTB.txt.gz.annotated.gz.exclusions.gz.alleles.gz
running 7782_34_EDDM3B_EP3B.txt.gz.annotated.gz.exclusions.gz.alleles.gz
finished 7782_34_EDDM3B_EP3B.txt.gz.annotated.gz.exclusions.gz.alleles.gz
running 7784_1_KNG1_Kininogen__HMW.txt.gz.annotated.gz.exclusions.gz.alleles.gz
finished 7784_1_KNG1_Kininogen__HMW.txt.gz.annotated.gz.exclusions.gz.alleles.gz
running 7785_1_EFNB3_Ephrin_B3.txt.gz.annotated.gz.exclusions.gz.alleles.gz
finished 7785_1_EFNB3_Ephrin_B3.txt.gz.annotated.gz.exclusions.gz.alleles.gz
running 7786_83_CLEC2B_CLC2B.txt.gz.annotated.gz.exclusions.gz.alleles.gz
finished 7786_83_CLEC2B_CLC2B.txt.gz.annotated.gz.exclusions.gz.alleles.gz
running 7787_25_LILRA5_LIRA5.txt.gz.annotated.gz.exclusions.gz.alleles.gz
finished 7787_25_LILRA5_LIRA5.txt.gz.annotated.gz.exclusions.gz.alleles.gz
running 7788_1_ATP5J_CF6.txt.gz.annotated.gz.exclusions.gz.alleles.gz
finished 7788_1_ATP5J_CF6.txt.gz.annotated.gz.exclusions.gz.alleles.gz
running 7789_182_PRDX4_PRDX4.txt.gz.annotated.gz.exclusions.gz.alleles.gz
finished 7789_182_PRDX4_PRDX4.txt.gz.annotated.gz.exclusions.gz.alleles.gz
running 7790_21_LIF_LIF.txt.gz.annotated.gz.exclusions.gz.alleles.gz
finished 7790_21_LIF_LIF.txt.gz.annotated.gz.exclusions.gz.alleles.gz
running 7792_58_CCDC90B_CC90B.txt.gz.annotated.gz.exclusions.gz.alleles.gz
finished 7792_58_CCDC90B_CC90B.txt.gz.annotated.gz.exclusions.gz.alleles.gz
running 7795_14_KLRC3_NKG2E.txt.gz.annotated.gz.exclusions.gz.alleles.gz
finished 7795_14_KLRC3_NKG2E.txt.gz.annotated.gz.exclusions.gz.alleles.gz
running 7796_10_CD79A_CD79A.txt.gz.annotated.gz.exclusions.gz.alleles.gz
finished 7796_10_CD79A_CD79A.txt.gz.annotated.gz.exclusions.gz.alleles.gz
running 7797_11_CCDC167_CC167.txt.gz.annotated.gz.exclusions.gz.alleles.gz
finished 7797_11_CCDC167_CC167.txt.gz.annotated.gz.exclusions.gz.alleles.gz
running 7803_4_CHST1_CHST1.txt.gz.annotated.gz.exclusions.gz.alleles.gz
finished 7803_4_CHST1_CHST1.txt.gz.annotated.gz.exclusions.gz.alleles.gz
running 7805_52_GOSR1_GOS_28.txt.gz.annotated.gz.exclusions.gz.alleles.gz
finished 7805_52_GOSR1_GOS_28.txt.gz.annotated.gz.exclusions.gz.alleles.gz
running 7806_33_B4GALT7_B4GT7.txt.gz.annotated.gz.exclusions.gz.alleles.gz
finished 7806_33_B4GALT7_B4GT7.txt.gz.annotated.gz.exclusions.gz.alleles.gz
