running 6604_59_NDNF_CD031.txt.gz.annotated.gz.exclusions.gz.alleles.gz
finished 6604_59_NDNF_CD031.txt.gz.annotated.gz.exclusions.gz.alleles.gz
running 6605_17_IGFALS_IGFALS.txt.gz.annotated.gz.exclusions.gz.alleles.gz
finished 6605_17_IGFALS_IGFALS.txt.gz.annotated.gz.exclusions.gz.alleles.gz
running 6606_61_KISS1_KISS1.txt.gz.annotated.gz.exclusions.gz.alleles.gz
finished 6606_61_KISS1_KISS1.txt.gz.annotated.gz.exclusions.gz.alleles.gz
running 6609_22_CNP_CN37.txt.gz.annotated.gz.exclusions.gz.alleles.gz
finished 6609_22_CNP_CN37.txt.gz.annotated.gz.exclusions.gz.alleles.gz
running 6611_8_KDELC1_KDEL1.txt.gz.annotated.gz.exclusions.gz.alleles.gz
finished 6611_8_KDELC1_KDEL1.txt.gz.annotated.gz.exclusions.gz.alleles.gz
running 6612_90_BRICD5_CP079.txt.gz.annotated.gz.exclusions.gz.alleles.gz
finished 6612_90_BRICD5_CP079.txt.gz.annotated.gz.exclusions.gz.alleles.gz
running 6617_12_FCRL6_FCRL6.txt.gz.annotated.gz.exclusions.gz.alleles.gz
finished 6617_12_FCRL6_FCRL6.txt.gz.annotated.gz.exclusions.gz.alleles.gz
running 6620_82_LINGO1_LIGO1.txt.gz.annotated.gz.exclusions.gz.alleles.gz
finished 6620_82_LINGO1_LIGO1.txt.gz.annotated.gz.exclusions.gz.alleles.gz
running 6621_10_RLN2_REL2.txt.gz.annotated.gz.exclusions.gz.alleles.gz
finished 6621_10_RLN2_REL2.txt.gz.annotated.gz.exclusions.gz.alleles.gz
running 6622_90_APLN_APEL.txt.gz.annotated.gz.exclusions.gz.alleles.gz
finished 6622_90_APLN_APEL.txt.gz.annotated.gz.exclusions.gz.alleles.gz
running 6624_94_WNT11_WNT11.txt.gz.annotated.gz.exclusions.gz.alleles.gz
finished 6624_94_WNT11_WNT11.txt.gz.annotated.gz.exclusions.gz.alleles.gz
running 6625_31_ATAD1_ATAD1.txt.gz.annotated.gz.exclusions.gz.alleles.gz
finished 6625_31_ATAD1_ATAD1.txt.gz.annotated.gz.exclusions.gz.alleles.gz
running 6626_81_CHST12_CHSTC.txt.gz.annotated.gz.exclusions.gz.alleles.gz
finished 6626_81_CHST12_CHSTC.txt.gz.annotated.gz.exclusions.gz.alleles.gz
running 6627_25_PNLIPRP1_LIPR1.txt.gz.annotated.gz.exclusions.gz.alleles.gz
finished 6627_25_PNLIPRP1_LIPR1.txt.gz.annotated.gz.exclusions.gz.alleles.gz
running 6629_3_DEFB1_HBD_1.txt.gz.annotated.gz.exclusions.gz.alleles.gz
finished 6629_3_DEFB1_HBD_1.txt.gz.annotated.gz.exclusions.gz.alleles.gz
running 6631_17_COL9A1_CO9A1.txt.gz.annotated.gz.exclusions.gz.alleles.gz
finished 6631_17_COL9A1_CO9A1.txt.gz.annotated.gz.exclusions.gz.alleles.gz
running 6633_43_UPK3BL_UPK3L.txt.gz.annotated.gz.exclusions.gz.alleles.gz
finished 6633_43_UPK3BL_UPK3L.txt.gz.annotated.gz.exclusions.gz.alleles.gz
running 6641_60_UBB_PolyUbiquitin_K48.txt.gz.annotated.gz.exclusions.gz.alleles.gz
finished 6641_60_UBB_PolyUbiquitin_K48.txt.gz.annotated.gz.exclusions.gz.alleles.gz
running 6647_55_UBC_PolyUbiquitin_K63.txt.gz.annotated.gz.exclusions.gz.alleles.gz
finished 6647_55_UBC_PolyUbiquitin_K63.txt.gz.annotated.gz.exclusions.gz.alleles.gz
running 6649_51_NTN1_NET1.txt.gz.annotated.gz.exclusions.gz.alleles.gz
finished 6649_51_NTN1_NET1.txt.gz.annotated.gz.exclusions.gz.alleles.gz
running 6651_74_UBB_PolyUbiquitin_K48.txt.gz.annotated.gz.exclusions.gz.alleles.gz
finished 6651_74_UBB_PolyUbiquitin_K48.txt.gz.annotated.gz.exclusions.gz.alleles.gz
running 6653_58_CD47_CD47.txt.gz.annotated.gz.exclusions.gz.alleles.gz
finished 6653_58_CD47_CD47.txt.gz.annotated.gz.exclusions.gz.alleles.gz
running 6706_18_ALPPL2_PPBN.txt.gz.annotated.gz.exclusions.gz.alleles.gz
finished 6706_18_ALPPL2_PPBN.txt.gz.annotated.gz.exclusions.gz.alleles.gz
running 6713_4_LRP11_LRP11.txt.gz.annotated.gz.exclusions.gz.alleles.gz
finished 6713_4_LRP11_LRP11.txt.gz.annotated.gz.exclusions.gz.alleles.gz
running 6715_63_ALPPL2_PPBN.txt.gz.annotated.gz.exclusions.gz.alleles.gz
finished 6715_63_ALPPL2_PPBN.txt.gz.annotated.gz.exclusions.gz.alleles.gz
running 6895_1_TFRC_TR.txt.gz.annotated.gz.exclusions.gz.alleles.gz
finished 6895_1_TFRC_TR.txt.gz.annotated.gz.exclusions.gz.alleles.gz
running 6896_3_C1orf162_CA162.txt.gz.annotated.gz.exclusions.gz.alleles.gz
finished 6896_3_C1orf162_CA162.txt.gz.annotated.gz.exclusions.gz.alleles.gz
running 6897_38_B3GAT3_B3GA3.txt.gz.annotated.gz.exclusions.gz.alleles.gz
finished 6897_38_B3GAT3_B3GA3.txt.gz.annotated.gz.exclusions.gz.alleles.gz
running 6899_37_PCBD2_PHS2.txt.gz.annotated.gz.exclusions.gz.alleles.gz
finished 6899_37_PCBD2_PHS2.txt.gz.annotated.gz.exclusions.gz.alleles.gz
running 6900_30_UBE2J1_UB2J1.txt.gz.annotated.gz.exclusions.gz.alleles.gz
finished 6900_30_UBE2J1_UB2J1.txt.gz.annotated.gz.exclusions.gz.alleles.gz
running 6904_14_LRRTM2_LRRT2.txt.gz.annotated.gz.exclusions.gz.alleles.gz
finished 6904_14_LRRTM2_LRRT2.txt.gz.annotated.gz.exclusions.gz.alleles.gz
running 6907_17_TMCO5A_TMC5A.txt.gz.annotated.gz.exclusions.gz.alleles.gz
finished 6907_17_TMCO5A_TMC5A.txt.gz.annotated.gz.exclusions.gz.alleles.gz
running 6909_40_MGAT2_MGAT2.txt.gz.annotated.gz.exclusions.gz.alleles.gz
finished 6909_40_MGAT2_MGAT2.txt.gz.annotated.gz.exclusions.gz.alleles.gz
running 6911_103_CLEC6A_CLC6A.txt.gz.annotated.gz.exclusions.gz.alleles.gz
finished 6911_103_CLEC6A_CLC6A.txt.gz.annotated.gz.exclusions.gz.alleles.gz
running 6912_6_EFHA2_EFHA2.txt.gz.annotated.gz.exclusions.gz.alleles.gz
finished 6912_6_EFHA2_EFHA2.txt.gz.annotated.gz.exclusions.gz.alleles.gz
running 6913_189_HMGB2_HMG_2.txt.gz.annotated.gz.exclusions.gz.alleles.gz
finished 6913_189_HMGB2_HMG_2.txt.gz.annotated.gz.exclusions.gz.alleles.gz
running 6915_2_CD164L2_C16L2.txt.gz.annotated.gz.exclusions.gz.alleles.gz
finished 6915_2_CD164L2_C16L2.txt.gz.annotated.gz.exclusions.gz.alleles.gz
running 6917_49_LRRC3_LRRC3.txt.gz.annotated.gz.exclusions.gz.alleles.gz
finished 6917_49_LRRC3_LRRC3.txt.gz.annotated.gz.exclusions.gz.alleles.gz
running 6918_183_CCK_CCKN.txt.gz.annotated.gz.exclusions.gz.alleles.gz
finished 6918_183_CCK_CCKN.txt.gz.annotated.gz.exclusions.gz.alleles.gz
running 6919_3_HBZ_HBAZ.txt.gz.annotated.gz.exclusions.gz.alleles.gz
finished 6919_3_HBZ_HBAZ.txt.gz.annotated.gz.exclusions.gz.alleles.gz
running 6920_1_GFRAL_GFRAL.txt.gz.annotated.gz.exclusions.gz.alleles.gz
finished 6920_1_GFRAL_GFRAL.txt.gz.annotated.gz.exclusions.gz.alleles.gz
running 6921_24_B4GALT3_B4GT3.txt.gz.annotated.gz.exclusions.gz.alleles.gz
finished 6921_24_B4GALT3_B4GT3.txt.gz.annotated.gz.exclusions.gz.alleles.gz
running 6923_1_PLOD2_PLOD2.txt.gz.annotated.gz.exclusions.gz.alleles.gz
finished 6923_1_PLOD2_PLOD2.txt.gz.annotated.gz.exclusions.gz.alleles.gz
running 6925_26_SNX8_SNX8.txt.gz.annotated.gz.exclusions.gz.alleles.gz
finished 6925_26_SNX8_SNX8.txt.gz.annotated.gz.exclusions.gz.alleles.gz
running 6927_7_NDST1_NDST1.txt.gz.annotated.gz.exclusions.gz.alleles.gz
finished 6927_7_NDST1_NDST1.txt.gz.annotated.gz.exclusions.gz.alleles.gz
running 6929_10_ST8SIA3_SIA8C.txt.gz.annotated.gz.exclusions.gz.alleles.gz
finished 6929_10_ST8SIA3_SIA8C.txt.gz.annotated.gz.exclusions.gz.alleles.gz
running 6930_95_ST8SIA6_SIA8F.txt.gz.annotated.gz.exclusions.gz.alleles.gz
finished 6930_95_ST8SIA6_SIA8F.txt.gz.annotated.gz.exclusions.gz.alleles.gz
running 6932_42_ITGA5_ITA5.txt.gz.annotated.gz.exclusions.gz.alleles.gz
finished 6932_42_ITGA5_ITA5.txt.gz.annotated.gz.exclusions.gz.alleles.gz
running 6933_20_MRPL34_RM34.txt.gz.annotated.gz.exclusions.gz.alleles.gz
finished 6933_20_MRPL34_RM34.txt.gz.annotated.gz.exclusions.gz.alleles.gz
running 6936_7_PMEPA1_PMEPA.txt.gz.annotated.gz.exclusions.gz.alleles.gz
finished 6936_7_PMEPA1_PMEPA.txt.gz.annotated.gz.exclusions.gz.alleles.gz
running 6937_251_C1orf43_CA043.txt.gz.annotated.gz.exclusions.gz.alleles.gz
finished 6937_251_C1orf43_CA043.txt.gz.annotated.gz.exclusions.gz.alleles.gz
running 6938_21_PCDHGA12_PCDGC.txt.gz.annotated.gz.exclusions.gz.alleles.gz
finished 6938_21_PCDHGA12_PCDGC.txt.gz.annotated.gz.exclusions.gz.alleles.gz
running 6940_18_JPH1_JPH1.txt.gz.annotated.gz.exclusions.gz.alleles.gz
finished 6940_18_JPH1_JPH1.txt.gz.annotated.gz.exclusions.gz.alleles.gz
running 6941_11_SUMF1_SUMF1.txt.gz.annotated.gz.exclusions.gz.alleles.gz
finished 6941_11_SUMF1_SUMF1.txt.gz.annotated.gz.exclusions.gz.alleles.gz
running 6947_4_ST3GAL6_SIA10.txt.gz.annotated.gz.exclusions.gz.alleles.gz
finished 6947_4_ST3GAL6_SIA10.txt.gz.annotated.gz.exclusions.gz.alleles.gz
running 6948_82_FIG4_FIG4.txt.gz.annotated.gz.exclusions.gz.alleles.gz
finished 6948_82_FIG4_FIG4.txt.gz.annotated.gz.exclusions.gz.alleles.gz
running 6951_26_ASIC4_ASIC4.txt.gz.annotated.gz.exclusions.gz.alleles.gz
finished 6951_26_ASIC4_ASIC4.txt.gz.annotated.gz.exclusions.gz.alleles.gz
running 6955_68_SNX1_SNX1.txt.gz.annotated.gz.exclusions.gz.alleles.gz
finished 6955_68_SNX1_SNX1.txt.gz.annotated.gz.exclusions.gz.alleles.gz
running 6961_14_IGFL3_IGFL3.txt.gz.annotated.gz.exclusions.gz.alleles.gz
finished 6961_14_IGFL3_IGFL3.txt.gz.annotated.gz.exclusions.gz.alleles.gz
running 6962_5_HLA_DRB3_DRB3.txt.gz.annotated.gz.exclusions.gz.alleles.gz
finished 6962_5_HLA_DRB3_DRB3.txt.gz.annotated.gz.exclusions.gz.alleles.gz
running 6965_19_CNTNAP2_CNTP2.txt.gz.annotated.gz.exclusions.gz.alleles.gz
finished 6965_19_CNTNAP2_CNTP2.txt.gz.annotated.gz.exclusions.gz.alleles.gz
running 6966_144_STX1B_STX1B.txt.gz.annotated.gz.exclusions.gz.alleles.gz
finished 6966_144_STX1B_STX1B.txt.gz.annotated.gz.exclusions.gz.alleles.gz
running 6969_14_WFDC5_WFDC5.txt.gz.annotated.gz.exclusions.gz.alleles.gz
finished 6969_14_WFDC5_WFDC5.txt.gz.annotated.gz.exclusions.gz.alleles.gz
running 6974_6_CD74_HG2A.txt.gz.annotated.gz.exclusions.gz.alleles.gz
finished 6974_6_CD74_HG2A.txt.gz.annotated.gz.exclusions.gz.alleles.gz
running 6975_52_SNAPIN_SNAPN.txt.gz.annotated.gz.exclusions.gz.alleles.gz
finished 6975_52_SNAPIN_SNAPN.txt.gz.annotated.gz.exclusions.gz.alleles.gz
running 6984_6_IGSF8_IGSF8.txt.gz.annotated.gz.exclusions.gz.alleles.gz
finished 6984_6_IGSF8_IGSF8.txt.gz.annotated.gz.exclusions.gz.alleles.gz
running 6986_17_HS3ST3B1_HS3SB.txt.gz.annotated.gz.exclusions.gz.alleles.gz
finished 6986_17_HS3ST3B1_HS3SB.txt.gz.annotated.gz.exclusions.gz.alleles.gz
running 6990_44_SDF2L1_SDF2L.txt.gz.annotated.gz.exclusions.gz.alleles.gz
finished 6990_44_SDF2L1_SDF2L.txt.gz.annotated.gz.exclusions.gz.alleles.gz
running 6991_24_FUT9_FUT9.txt.gz.annotated.gz.exclusions.gz.alleles.gz
finished 6991_24_FUT9_FUT9.txt.gz.annotated.gz.exclusions.gz.alleles.gz
running 6992_67_HBD_HBD.txt.gz.annotated.gz.exclusions.gz.alleles.gz
finished 6992_67_HBD_HBD.txt.gz.annotated.gz.exclusions.gz.alleles.gz
running 6994_19_C3orf18_CC018.txt.gz.annotated.gz.exclusions.gz.alleles.gz
finished 6994_19_C3orf18_CC018.txt.gz.annotated.gz.exclusions.gz.alleles.gz
running 6997_32_RAB26_RAB26.txt.gz.annotated.gz.exclusions.gz.alleles.gz
finished 6997_32_RAB26_RAB26.txt.gz.annotated.gz.exclusions.gz.alleles.gz
running 6998_106_ASPH_HAAH.txt.gz.annotated.gz.exclusions.gz.alleles.gz
finished 6998_106_ASPH_HAAH.txt.gz.annotated.gz.exclusions.gz.alleles.gz
running 7003_4_GALNT10_GLT10.txt.gz.annotated.gz.exclusions.gz.alleles.gz
finished 7003_4_GALNT10_GLT10.txt.gz.annotated.gz.exclusions.gz.alleles.gz
running 7006_4_COL25A1_COPA1.txt.gz.annotated.gz.exclusions.gz.alleles.gz
finished 7006_4_COL25A1_COPA1.txt.gz.annotated.gz.exclusions.gz.alleles.gz
running 7007_24_TRAPPC4_TRAPPC4.txt.gz.annotated.gz.exclusions.gz.alleles.gz
finished 7007_24_TRAPPC4_TRAPPC4.txt.gz.annotated.gz.exclusions.gz.alleles.gz
running 7009_8_CD72_CD72.txt.gz.annotated.gz.exclusions.gz.alleles.gz
finished 7009_8_CD72_CD72.txt.gz.annotated.gz.exclusions.gz.alleles.gz
running 7011_8_KCNIP4_KCIP4.txt.gz.annotated.gz.exclusions.gz.alleles.gz
finished 7011_8_KCNIP4_KCIP4.txt.gz.annotated.gz.exclusions.gz.alleles.gz
running 7015_8_LILRB5_LIRB5.txt.gz.annotated.gz.exclusions.gz.alleles.gz
finished 7015_8_LILRB5_LIRB5.txt.gz.annotated.gz.exclusions.gz.alleles.gz
running 7016_12_GCNT1_GCNT1.txt.gz.annotated.gz.exclusions.gz.alleles.gz
finished 7016_12_GCNT1_GCNT1.txt.gz.annotated.gz.exclusions.gz.alleles.gz
