running 13720_95_PRTN3_Proteinase_3.txt.gz.annotated.gz.exclusions.gz.alleles.gz
finished 13720_95_PRTN3_Proteinase_3.txt.gz.annotated.gz.exclusions.gz.alleles.gz
running 13724_27_FGF19_FGF_19.txt.gz.annotated.gz.exclusions.gz.alleles.gz
finished 13724_27_FGF19_FGF_19.txt.gz.annotated.gz.exclusions.gz.alleles.gz
running 13726_4_CD80_B7.txt.gz.annotated.gz.exclusions.gz.alleles.gz
finished 13726_4_CD80_B7.txt.gz.annotated.gz.exclusions.gz.alleles.gz
running 13727_44_SPOP_SPOP.txt.gz.annotated.gz.exclusions.gz.alleles.gz
finished 13727_44_SPOP_SPOP.txt.gz.annotated.gz.exclusions.gz.alleles.gz
running 13728_19_ERP29_ERP29.txt.gz.annotated.gz.exclusions.gz.alleles.gz
finished 13728_19_ERP29_ERP29.txt.gz.annotated.gz.exclusions.gz.alleles.gz
running 13729_26_SFXN5_SFXN5.txt.gz.annotated.gz.exclusions.gz.alleles.gz
finished 13729_26_SFXN5_SFXN5.txt.gz.annotated.gz.exclusions.gz.alleles.gz
running 13733_5_IL12B_IL_12_p40.txt.gz.annotated.gz.exclusions.gz.alleles.gz
finished 13733_5_IL12B_IL_12_p40.txt.gz.annotated.gz.exclusions.gz.alleles.gz
running 13735_1_RAP1GAP_RPGP1.txt.gz.annotated.gz.exclusions.gz.alleles.gz
finished 13735_1_RAP1GAP_RPGP1.txt.gz.annotated.gz.exclusions.gz.alleles.gz
running 13738_8_INHBA_Inhibin_bA_chain.txt.gz.annotated.gz.exclusions.gz.alleles.gz
finished 13738_8_INHBA_Inhibin_bA_chain.txt.gz.annotated.gz.exclusions.gz.alleles.gz
running 13740_51_FRZB_sFRP_3.txt.gz.annotated.gz.exclusions.gz.alleles.gz
finished 13740_51_FRZB_sFRP_3.txt.gz.annotated.gz.exclusions.gz.alleles.gz
running 13743_56_CUL4B_CUL4B.txt.gz.annotated.gz.exclusions.gz.alleles.gz
finished 13743_56_CUL4B_CUL4B.txt.gz.annotated.gz.exclusions.gz.alleles.gz
running 13744_37_IL3RA_IL_3_Ra.txt.gz.annotated.gz.exclusions.gz.alleles.gz
finished 13744_37_IL3RA_IL_3_Ra.txt.gz.annotated.gz.exclusions.gz.alleles.gz
running 13745_10_PKD2_PKD2.txt.gz.annotated.gz.exclusions.gz.alleles.gz
finished 13745_10_PKD2_PKD2.txt.gz.annotated.gz.exclusions.gz.alleles.gz
running 13748_4_CCL8_MCP_2.txt.gz.annotated.gz.exclusions.gz.alleles.gz
finished 13748_4_CCL8_MCP_2.txt.gz.annotated.gz.exclusions.gz.alleles.gz
running 13926_1_RMI1_RMI1.txt.gz.annotated.gz.exclusions.gz.alleles.gz
finished 13926_1_RMI1_RMI1.txt.gz.annotated.gz.exclusions.gz.alleles.gz
running 13929_27_CROT_OCTC.txt.gz.annotated.gz.exclusions.gz.alleles.gz
finished 13929_27_CROT_OCTC.txt.gz.annotated.gz.exclusions.gz.alleles.gz
running 13930_3_APOBEC3G_ABC3G.txt.gz.annotated.gz.exclusions.gz.alleles.gz
finished 13930_3_APOBEC3G_ABC3G.txt.gz.annotated.gz.exclusions.gz.alleles.gz
running 13931_22_PSMD9_PSMD9.txt.gz.annotated.gz.exclusions.gz.alleles.gz
finished 13931_22_PSMD9_PSMD9.txt.gz.annotated.gz.exclusions.gz.alleles.gz
running 13932_45_ARHGEF7_COOL_1.txt.gz.annotated.gz.exclusions.gz.alleles.gz
finished 13932_45_ARHGEF7_COOL_1.txt.gz.annotated.gz.exclusions.gz.alleles.gz
running 13933_276_NAB1_NAB1.txt.gz.annotated.gz.exclusions.gz.alleles.gz
finished 13933_276_NAB1_NAB1.txt.gz.annotated.gz.exclusions.gz.alleles.gz
running 13934_3_MCF2L_MCF2L.txt.gz.annotated.gz.exclusions.gz.alleles.gz
finished 13934_3_MCF2L_MCF2L.txt.gz.annotated.gz.exclusions.gz.alleles.gz
running 13936_24_PGK2_PGK2.txt.gz.annotated.gz.exclusions.gz.alleles.gz
finished 13936_24_PGK2_PGK2.txt.gz.annotated.gz.exclusions.gz.alleles.gz
running 13937_75_CAND1_CAND1.txt.gz.annotated.gz.exclusions.gz.alleles.gz
finished 13937_75_CAND1_CAND1.txt.gz.annotated.gz.exclusions.gz.alleles.gz
running 13939_14_UGP2_UGPA1.txt.gz.annotated.gz.exclusions.gz.alleles.gz
finished 13939_14_UGP2_UGPA1.txt.gz.annotated.gz.exclusions.gz.alleles.gz
running 13940_19_IFI16_IP16.txt.gz.annotated.gz.exclusions.gz.alleles.gz
finished 13940_19_IFI16_IP16.txt.gz.annotated.gz.exclusions.gz.alleles.gz
running 13941_82_FARS2_SYFM.txt.gz.annotated.gz.exclusions.gz.alleles.gz
finished 13941_82_FARS2_SYFM.txt.gz.annotated.gz.exclusions.gz.alleles.gz
running 13942_140_SPSB1_SPSB1.txt.gz.annotated.gz.exclusions.gz.alleles.gz
finished 13942_140_SPSB1_SPSB1.txt.gz.annotated.gz.exclusions.gz.alleles.gz
running 13943_38_DPY30_DPY30.txt.gz.annotated.gz.exclusions.gz.alleles.gz
finished 13943_38_DPY30_DPY30.txt.gz.annotated.gz.exclusions.gz.alleles.gz
running 13944_3_SULT1A3_SULT_1A3.txt.gz.annotated.gz.exclusions.gz.alleles.gz
finished 13944_3_SULT1A3_SULT_1A3.txt.gz.annotated.gz.exclusions.gz.alleles.gz
running 13946_8_DDX23_DDX23.txt.gz.annotated.gz.exclusions.gz.alleles.gz
finished 13946_8_DDX23_DDX23.txt.gz.annotated.gz.exclusions.gz.alleles.gz
running 13947_371_NUDT12_NUD12.txt.gz.annotated.gz.exclusions.gz.alleles.gz
finished 13947_371_NUDT12_NUD12.txt.gz.annotated.gz.exclusions.gz.alleles.gz
running 13948_50_GABBR2_GABR2.txt.gz.annotated.gz.exclusions.gz.alleles.gz
finished 13948_50_GABBR2_GABR2.txt.gz.annotated.gz.exclusions.gz.alleles.gz
running 13950_9_COL4A3BP_C43BP.txt.gz.annotated.gz.exclusions.gz.alleles.gz
finished 13950_9_COL4A3BP_C43BP.txt.gz.annotated.gz.exclusions.gz.alleles.gz
running 13954_9_GNPNAT1_GNA1.txt.gz.annotated.gz.exclusions.gz.alleles.gz
finished 13954_9_GNPNAT1_GNA1.txt.gz.annotated.gz.exclusions.gz.alleles.gz
running 13955_33_DAPK1_DAPK1.txt.gz.annotated.gz.exclusions.gz.alleles.gz
finished 13955_33_DAPK1_DAPK1.txt.gz.annotated.gz.exclusions.gz.alleles.gz
running 13958_5_RBM46_RBM46.txt.gz.annotated.gz.exclusions.gz.alleles.gz
finished 13958_5_RBM46_RBM46.txt.gz.annotated.gz.exclusions.gz.alleles.gz
running 13959_7_LAP3_LAP.txt.gz.annotated.gz.exclusions.gz.alleles.gz
finished 13959_7_LAP3_LAP.txt.gz.annotated.gz.exclusions.gz.alleles.gz
running 13960_15_AGAP3_AGAP3.txt.gz.annotated.gz.exclusions.gz.alleles.gz
finished 13960_15_AGAP3_AGAP3.txt.gz.annotated.gz.exclusions.gz.alleles.gz
running 13961_18_KIF3A_KIF3A.txt.gz.annotated.gz.exclusions.gz.alleles.gz
finished 13961_18_KIF3A_KIF3A.txt.gz.annotated.gz.exclusions.gz.alleles.gz
running 13963_7_TOLLIP_tollip.txt.gz.annotated.gz.exclusions.gz.alleles.gz
finished 13963_7_TOLLIP_tollip.txt.gz.annotated.gz.exclusions.gz.alleles.gz
running 13966_30_MYOM3_MYOM3.txt.gz.annotated.gz.exclusions.gz.alleles.gz
finished 13966_30_MYOM3_MYOM3.txt.gz.annotated.gz.exclusions.gz.alleles.gz
running 13967_14_TXNRD1_Thioredoxin_reductase_1.txt.gz.annotated.gz.exclusions.gz.alleles.gz
finished 13967_14_TXNRD1_Thioredoxin_reductase_1.txt.gz.annotated.gz.exclusions.gz.alleles.gz
running 13969_24_KPNA6_IMA7.txt.gz.annotated.gz.exclusions.gz.alleles.gz
finished 13969_24_KPNA6_IMA7.txt.gz.annotated.gz.exclusions.gz.alleles.gz
running 13972_4_HSD17B14_DHB14.txt.gz.annotated.gz.exclusions.gz.alleles.gz
finished 13972_4_HSD17B14_DHB14.txt.gz.annotated.gz.exclusions.gz.alleles.gz
running 13973_62_TTL_TTL.txt.gz.annotated.gz.exclusions.gz.alleles.gz
finished 13973_62_TTL_TTL.txt.gz.annotated.gz.exclusions.gz.alleles.gz
running 13975_56_PPFIA1_LIPA1.txt.gz.annotated.gz.exclusions.gz.alleles.gz
finished 13975_56_PPFIA1_LIPA1.txt.gz.annotated.gz.exclusions.gz.alleles.gz
running 13976_9_ARHGEF1_ARHG1.txt.gz.annotated.gz.exclusions.gz.alleles.gz
finished 13976_9_ARHGEF1_ARHG1.txt.gz.annotated.gz.exclusions.gz.alleles.gz
running 13977_28_BARD1_BARD1.txt.gz.annotated.gz.exclusions.gz.alleles.gz
finished 13977_28_BARD1_BARD1.txt.gz.annotated.gz.exclusions.gz.alleles.gz
running 13978_122_TBX3_Tbx3.txt.gz.annotated.gz.exclusions.gz.alleles.gz
finished 13978_122_TBX3_Tbx3.txt.gz.annotated.gz.exclusions.gz.alleles.gz
running 13979_3_SLC26A7_S26A7.txt.gz.annotated.gz.exclusions.gz.alleles.gz
finished 13979_3_SLC26A7_S26A7.txt.gz.annotated.gz.exclusions.gz.alleles.gz
running 13982_33_RGS18_RGS18.txt.gz.annotated.gz.exclusions.gz.alleles.gz
finished 13982_33_RGS18_RGS18.txt.gz.annotated.gz.exclusions.gz.alleles.gz
running 13983_27_CRYZ_QOR.txt.gz.annotated.gz.exclusions.gz.alleles.gz
finished 13983_27_CRYZ_QOR.txt.gz.annotated.gz.exclusions.gz.alleles.gz
running 13984_23_DDX25_DDX25.txt.gz.annotated.gz.exclusions.gz.alleles.gz
finished 13984_23_DDX25_DDX25.txt.gz.annotated.gz.exclusions.gz.alleles.gz
running 13985_12_SMURF2_SMUF2.txt.gz.annotated.gz.exclusions.gz.alleles.gz
finished 13985_12_SMURF2_SMUF2.txt.gz.annotated.gz.exclusions.gz.alleles.gz
running 13986_6_LANCL1_LANC1.txt.gz.annotated.gz.exclusions.gz.alleles.gz
finished 13986_6_LANCL1_LANC1.txt.gz.annotated.gz.exclusions.gz.alleles.gz
running 13988_67_NMRAL1_NMRL1.txt.gz.annotated.gz.exclusions.gz.alleles.gz
finished 13988_67_NMRAL1_NMRL1.txt.gz.annotated.gz.exclusions.gz.alleles.gz
running 13990_1_PC_pyruvate_carboxylase.txt.gz.annotated.gz.exclusions.gz.alleles.gz
finished 13990_1_PC_pyruvate_carboxylase.txt.gz.annotated.gz.exclusions.gz.alleles.gz
running 13991_47_EIF4G3_IF4G3.txt.gz.annotated.gz.exclusions.gz.alleles.gz
finished 13991_47_EIF4G3_IF4G3.txt.gz.annotated.gz.exclusions.gz.alleles.gz
running 13992_12_NSF_NSF.txt.gz.annotated.gz.exclusions.gz.alleles.gz
finished 13992_12_NSF_NSF.txt.gz.annotated.gz.exclusions.gz.alleles.gz
running 13993_20_EPB41L1_E41L1.txt.gz.annotated.gz.exclusions.gz.alleles.gz
finished 13993_20_EPB41L1_E41L1.txt.gz.annotated.gz.exclusions.gz.alleles.gz
running 13994_1_FBL_FBRL.txt.gz.annotated.gz.exclusions.gz.alleles.gz
finished 13994_1_FBL_FBRL.txt.gz.annotated.gz.exclusions.gz.alleles.gz
running 13996_16_PPCDC_COAC.txt.gz.annotated.gz.exclusions.gz.alleles.gz
finished 13996_16_PPCDC_COAC.txt.gz.annotated.gz.exclusions.gz.alleles.gz
running 13998_26_ADSSL1_PURA1.txt.gz.annotated.gz.exclusions.gz.alleles.gz
finished 13998_26_ADSSL1_PURA1.txt.gz.annotated.gz.exclusions.gz.alleles.gz
running 14002_18_DOCK9_DOCK9.txt.gz.annotated.gz.exclusions.gz.alleles.gz
finished 14002_18_DOCK9_DOCK9.txt.gz.annotated.gz.exclusions.gz.alleles.gz
running 14005_2_CHD7_CHD7.txt.gz.annotated.gz.exclusions.gz.alleles.gz
finished 14005_2_CHD7_CHD7.txt.gz.annotated.gz.exclusions.gz.alleles.gz
running 14006_36_GNMT_GNMT.txt.gz.annotated.gz.exclusions.gz.alleles.gz
finished 14006_36_GNMT_GNMT.txt.gz.annotated.gz.exclusions.gz.alleles.gz
running 14007_22_PAPSS1_PAPS1.txt.gz.annotated.gz.exclusions.gz.alleles.gz
finished 14007_22_PAPSS1_PAPS1.txt.gz.annotated.gz.exclusions.gz.alleles.gz
running 14008_22_DCP1A_DCP1A.txt.gz.annotated.gz.exclusions.gz.alleles.gz
finished 14008_22_DCP1A_DCP1A.txt.gz.annotated.gz.exclusions.gz.alleles.gz
running 14009_65_TNFAIP3_TNFAIP3.txt.gz.annotated.gz.exclusions.gz.alleles.gz
finished 14009_65_TNFAIP3_TNFAIP3.txt.gz.annotated.gz.exclusions.gz.alleles.gz
running 14011_17_S100A11_S100A11.txt.gz.annotated.gz.exclusions.gz.alleles.gz
finished 14011_17_S100A11_S100A11.txt.gz.annotated.gz.exclusions.gz.alleles.gz
running 14012_17_DHX58_LGP2.txt.gz.annotated.gz.exclusions.gz.alleles.gz
finished 14012_17_DHX58_LGP2.txt.gz.annotated.gz.exclusions.gz.alleles.gz
running 14013_11_TANK_TANK.txt.gz.annotated.gz.exclusions.gz.alleles.gz
finished 14013_11_TANK_TANK.txt.gz.annotated.gz.exclusions.gz.alleles.gz
running 14019_73_EVPL_EVPL.txt.gz.annotated.gz.exclusions.gz.alleles.gz
finished 14019_73_EVPL_EVPL.txt.gz.annotated.gz.exclusions.gz.alleles.gz
running 14021_81_MED4_MED4.txt.gz.annotated.gz.exclusions.gz.alleles.gz
finished 14021_81_MED4_MED4.txt.gz.annotated.gz.exclusions.gz.alleles.gz
running 14024_196_EDA_EDA.txt.gz.annotated.gz.exclusions.gz.alleles.gz
finished 14024_196_EDA_EDA.txt.gz.annotated.gz.exclusions.gz.alleles.gz
running 14025_18_TNFRSF9_4_1BB.txt.gz.annotated.gz.exclusions.gz.alleles.gz
finished 14025_18_TNFRSF9_4_1BB.txt.gz.annotated.gz.exclusions.gz.alleles.gz
running 14026_24_IL17F_IL_17F.txt.gz.annotated.gz.exclusions.gz.alleles.gz
finished 14026_24_IL17F_IL_17F.txt.gz.annotated.gz.exclusions.gz.alleles.gz
running 14028_22_PIK3C2A_P3C2A.txt.gz.annotated.gz.exclusions.gz.alleles.gz
finished 14028_22_PIK3C2A_P3C2A.txt.gz.annotated.gz.exclusions.gz.alleles.gz
running 14029_42_COPS2_CSN2.txt.gz.annotated.gz.exclusions.gz.alleles.gz
finished 14029_42_COPS2_CSN2.txt.gz.annotated.gz.exclusions.gz.alleles.gz
running 14034_22_TACSTD2_GA733_1_protein.txt.gz.annotated.gz.exclusions.gz.alleles.gz
finished 14034_22_TACSTD2_GA733_1_protein.txt.gz.annotated.gz.exclusions.gz.alleles.gz
