running 12718_43_PIN4_PIN4.txt.gz.annotated.gz.exclusions.gz.alleles.gz
finished 12718_43_PIN4_PIN4.txt.gz.annotated.gz.exclusions.gz.alleles.gz
running 12720_71_UBQLN4_UBQL4.txt.gz.annotated.gz.exclusions.gz.alleles.gz
finished 12720_71_UBQLN4_UBQL4.txt.gz.annotated.gz.exclusions.gz.alleles.gz
running 12721_4_TAX1BP1_TAXB1.txt.gz.annotated.gz.exclusions.gz.alleles.gz
finished 12721_4_TAX1BP1_TAXB1.txt.gz.annotated.gz.exclusions.gz.alleles.gz
running 12724_81_CIRBP_CIRBP.txt.gz.annotated.gz.exclusions.gz.alleles.gz
finished 12724_81_CIRBP_CIRBP.txt.gz.annotated.gz.exclusions.gz.alleles.gz
running 12726_3_RFXAP_RFXAP.txt.gz.annotated.gz.exclusions.gz.alleles.gz
finished 12726_3_RFXAP_RFXAP.txt.gz.annotated.gz.exclusions.gz.alleles.gz
running 12727_7_PTGFRN_FPRP.txt.gz.annotated.gz.exclusions.gz.alleles.gz
finished 12727_7_PTGFRN_FPRP.txt.gz.annotated.gz.exclusions.gz.alleles.gz
running 12729_12_PSMG3_PSMG3.txt.gz.annotated.gz.exclusions.gz.alleles.gz
finished 12729_12_PSMG3_PSMG3.txt.gz.annotated.gz.exclusions.gz.alleles.gz
running 12730_3_NDC80_KNTC2.txt.gz.annotated.gz.exclusions.gz.alleles.gz
finished 12730_3_NDC80_KNTC2.txt.gz.annotated.gz.exclusions.gz.alleles.gz
running 12731_12_PLEKHA7_PKHA7.txt.gz.annotated.gz.exclusions.gz.alleles.gz
finished 12731_12_PLEKHA7_PKHA7.txt.gz.annotated.gz.exclusions.gz.alleles.gz
running 12732_13_MPP7_MPP7.txt.gz.annotated.gz.exclusions.gz.alleles.gz
finished 12732_13_MPP7_MPP7.txt.gz.annotated.gz.exclusions.gz.alleles.gz
running 12734_112_KIF22_KIF22.txt.gz.annotated.gz.exclusions.gz.alleles.gz
finished 12734_112_KIF22_KIF22.txt.gz.annotated.gz.exclusions.gz.alleles.gz
running 12735_39_CSDE1_CSDE1.txt.gz.annotated.gz.exclusions.gz.alleles.gz
finished 12735_39_CSDE1_CSDE1.txt.gz.annotated.gz.exclusions.gz.alleles.gz
running 12737_12_PLS1_PLSI.txt.gz.annotated.gz.exclusions.gz.alleles.gz
finished 12737_12_PLS1_PLSI.txt.gz.annotated.gz.exclusions.gz.alleles.gz
running 12738_43_NISCH_NISCH.txt.gz.annotated.gz.exclusions.gz.alleles.gz
finished 12738_43_NISCH_NISCH.txt.gz.annotated.gz.exclusions.gz.alleles.gz
running 12740_55_FEV_FEV.txt.gz.annotated.gz.exclusions.gz.alleles.gz
finished 12740_55_FEV_FEV.txt.gz.annotated.gz.exclusions.gz.alleles.gz
running 12742_160_TMEM8B_TMM8B.txt.gz.annotated.gz.exclusions.gz.alleles.gz
finished 12742_160_TMEM8B_TMM8B.txt.gz.annotated.gz.exclusions.gz.alleles.gz
running 12743_18_BAG5_BAG5.txt.gz.annotated.gz.exclusions.gz.alleles.gz
finished 12743_18_BAG5_BAG5.txt.gz.annotated.gz.exclusions.gz.alleles.gz
running 12746_4_CYTH4_CYH4.txt.gz.annotated.gz.exclusions.gz.alleles.gz
finished 12746_4_CYTH4_CYH4.txt.gz.annotated.gz.exclusions.gz.alleles.gz
running 12747_89_RBM3_RBM3.txt.gz.annotated.gz.exclusions.gz.alleles.gz
finished 12747_89_RBM3_RBM3.txt.gz.annotated.gz.exclusions.gz.alleles.gz
running 12748_6_BRDT_BRDT.txt.gz.annotated.gz.exclusions.gz.alleles.gz
finished 12748_6_BRDT_BRDT.txt.gz.annotated.gz.exclusions.gz.alleles.gz
running 12750_9_ITGB2_LFA_1_beta_2.txt.gz.annotated.gz.exclusions.gz.alleles.gz
finished 12750_9_ITGB2_LFA_1_beta_2.txt.gz.annotated.gz.exclusions.gz.alleles.gz
running 12751_26_ZHX1_ZHX1.txt.gz.annotated.gz.exclusions.gz.alleles.gz
finished 12751_26_ZHX1_ZHX1.txt.gz.annotated.gz.exclusions.gz.alleles.gz
running 12753_6_APBB2_APBB2.txt.gz.annotated.gz.exclusions.gz.alleles.gz
finished 12753_6_APBB2_APBB2.txt.gz.annotated.gz.exclusions.gz.alleles.gz
running 12754_14_CSDC2_CSDC2.txt.gz.annotated.gz.exclusions.gz.alleles.gz
finished 12754_14_CSDC2_CSDC2.txt.gz.annotated.gz.exclusions.gz.alleles.gz
running 12756_3_BACH2_BACH2.txt.gz.annotated.gz.exclusions.gz.alleles.gz
finished 12756_3_BACH2_BACH2.txt.gz.annotated.gz.exclusions.gz.alleles.gz
running 12758_47_GRID2_GRID2.txt.gz.annotated.gz.exclusions.gz.alleles.gz
finished 12758_47_GRID2_GRID2.txt.gz.annotated.gz.exclusions.gz.alleles.gz
running 12759_47_ILF3_DRBP76.txt.gz.annotated.gz.exclusions.gz.alleles.gz
finished 12759_47_ILF3_DRBP76.txt.gz.annotated.gz.exclusions.gz.alleles.gz
running 12760_34_ZNF774_ZN774.txt.gz.annotated.gz.exclusions.gz.alleles.gz
finished 12760_34_ZNF774_ZN774.txt.gz.annotated.gz.exclusions.gz.alleles.gz
running 12761_12_APBB2_APBB2.txt.gz.annotated.gz.exclusions.gz.alleles.gz
finished 12761_12_APBB2_APBB2.txt.gz.annotated.gz.exclusions.gz.alleles.gz
running 12763_69_ZNF334_ZN334.txt.gz.annotated.gz.exclusions.gz.alleles.gz
finished 12763_69_ZNF334_ZN334.txt.gz.annotated.gz.exclusions.gz.alleles.gz
running 12764_3_ELMO1_ELMO1.txt.gz.annotated.gz.exclusions.gz.alleles.gz
finished 12764_3_ELMO1_ELMO1.txt.gz.annotated.gz.exclusions.gz.alleles.gz
running 12766_33_GPR142_GP142.txt.gz.annotated.gz.exclusions.gz.alleles.gz
finished 12766_33_GPR142_GP142.txt.gz.annotated.gz.exclusions.gz.alleles.gz
running 12768_3_PPP1R3B_PPR3B.txt.gz.annotated.gz.exclusions.gz.alleles.gz
finished 12768_3_PPP1R3B_PPR3B.txt.gz.annotated.gz.exclusions.gz.alleles.gz
running 12771_19_ZNF180_ZN180.txt.gz.annotated.gz.exclusions.gz.alleles.gz
finished 12771_19_ZNF180_ZN180.txt.gz.annotated.gz.exclusions.gz.alleles.gz
running 12772_8_NUP98_NUP98.txt.gz.annotated.gz.exclusions.gz.alleles.gz
finished 12772_8_NUP98_NUP98.txt.gz.annotated.gz.exclusions.gz.alleles.gz
running 12774_12_HCN1_HCN1.txt.gz.annotated.gz.exclusions.gz.alleles.gz
finished 12774_12_HCN1_HCN1.txt.gz.annotated.gz.exclusions.gz.alleles.gz
running 12775_6_HMGB3_HMGB3.txt.gz.annotated.gz.exclusions.gz.alleles.gz
finished 12775_6_HMGB3_HMGB3.txt.gz.annotated.gz.exclusions.gz.alleles.gz
running 12777_11_SF1_SF01.txt.gz.annotated.gz.exclusions.gz.alleles.gz
finished 12777_11_SF1_SF01.txt.gz.annotated.gz.exclusions.gz.alleles.gz
running 12779_30_PRDM4_PRDM4.txt.gz.annotated.gz.exclusions.gz.alleles.gz
finished 12779_30_PRDM4_PRDM4.txt.gz.annotated.gz.exclusions.gz.alleles.gz
running 12781_2_TARBP2_TRBP2.txt.gz.annotated.gz.exclusions.gz.alleles.gz
finished 12781_2_TARBP2_TRBP2.txt.gz.annotated.gz.exclusions.gz.alleles.gz
running 12783_29_HNRNPM_HNRPM.txt.gz.annotated.gz.exclusions.gz.alleles.gz
finished 12783_29_HNRNPM_HNRPM.txt.gz.annotated.gz.exclusions.gz.alleles.gz
running 12784_10_APBB3_APBB3.txt.gz.annotated.gz.exclusions.gz.alleles.gz
finished 12784_10_APBB3_APBB3.txt.gz.annotated.gz.exclusions.gz.alleles.gz
running 12785_49_ZBTB33_KAISO.txt.gz.annotated.gz.exclusions.gz.alleles.gz
finished 12785_49_ZBTB33_KAISO.txt.gz.annotated.gz.exclusions.gz.alleles.gz
running 12786_61_GPCPD1_GDE5.txt.gz.annotated.gz.exclusions.gz.alleles.gz
finished 12786_61_GPCPD1_GDE5.txt.gz.annotated.gz.exclusions.gz.alleles.gz
running 12787_47_ZNF134_ZN134.txt.gz.annotated.gz.exclusions.gz.alleles.gz
finished 12787_47_ZNF134_ZN134.txt.gz.annotated.gz.exclusions.gz.alleles.gz
running 12788_6_CCDC101_SGF29.txt.gz.annotated.gz.exclusions.gz.alleles.gz
finished 12788_6_CCDC101_SGF29.txt.gz.annotated.gz.exclusions.gz.alleles.gz
running 12790_10_CCDC51_CCD51.txt.gz.annotated.gz.exclusions.gz.alleles.gz
finished 12790_10_CCDC51_CCD51.txt.gz.annotated.gz.exclusions.gz.alleles.gz
running 12793_4_PIWIL1_PIWL1.txt.gz.annotated.gz.exclusions.gz.alleles.gz
finished 12793_4_PIWIL1_PIWL1.txt.gz.annotated.gz.exclusions.gz.alleles.gz
running 12794_6_NLRP4_NALP4.txt.gz.annotated.gz.exclusions.gz.alleles.gz
finished 12794_6_NLRP4_NALP4.txt.gz.annotated.gz.exclusions.gz.alleles.gz
running 12795_2_ZNF566_ZN566.txt.gz.annotated.gz.exclusions.gz.alleles.gz
finished 12795_2_ZNF566_ZN566.txt.gz.annotated.gz.exclusions.gz.alleles.gz
running 12796_44_NUDT3_NUDT3.txt.gz.annotated.gz.exclusions.gz.alleles.gz
finished 12796_44_NUDT3_NUDT3.txt.gz.annotated.gz.exclusions.gz.alleles.gz
running 12798_46_SLC4A8_S4A8.txt.gz.annotated.gz.exclusions.gz.alleles.gz
finished 12798_46_SLC4A8_S4A8.txt.gz.annotated.gz.exclusions.gz.alleles.gz
running 12799_65_DNAJC27_DJC27.txt.gz.annotated.gz.exclusions.gz.alleles.gz
finished 12799_65_DNAJC27_DJC27.txt.gz.annotated.gz.exclusions.gz.alleles.gz
running 12800_5_TPPP2_TPPP2.txt.gz.annotated.gz.exclusions.gz.alleles.gz
finished 12800_5_TPPP2_TPPP2.txt.gz.annotated.gz.exclusions.gz.alleles.gz
running 12801_33_IRF2_IRF2.txt.gz.annotated.gz.exclusions.gz.alleles.gz
finished 12801_33_IRF2_IRF2.txt.gz.annotated.gz.exclusions.gz.alleles.gz
running 12803_9_ZNF329_ZN329.txt.gz.annotated.gz.exclusions.gz.alleles.gz
finished 12803_9_ZNF329_ZN329.txt.gz.annotated.gz.exclusions.gz.alleles.gz
running 12804_5_GMEB2_GMEB2.txt.gz.annotated.gz.exclusions.gz.alleles.gz
finished 12804_5_GMEB2_GMEB2.txt.gz.annotated.gz.exclusions.gz.alleles.gz
running 12807_89_ARHGAP30_RHG30.txt.gz.annotated.gz.exclusions.gz.alleles.gz
finished 12807_89_ARHGAP30_RHG30.txt.gz.annotated.gz.exclusions.gz.alleles.gz
running 12808_103_CARHSP1_CHSP1.txt.gz.annotated.gz.exclusions.gz.alleles.gz
finished 12808_103_CARHSP1_CHSP1.txt.gz.annotated.gz.exclusions.gz.alleles.gz
running 12811_55_ZNF415_ZN415.txt.gz.annotated.gz.exclusions.gz.alleles.gz
finished 12811_55_ZNF415_ZN415.txt.gz.annotated.gz.exclusions.gz.alleles.gz
running 12812_25_ACYP2_ACYP2.txt.gz.annotated.gz.exclusions.gz.alleles.gz
finished 12812_25_ACYP2_ACYP2.txt.gz.annotated.gz.exclusions.gz.alleles.gz
running 12813_18_EHBP1_EHBP1.txt.gz.annotated.gz.exclusions.gz.alleles.gz
finished 12813_18_EHBP1_EHBP1.txt.gz.annotated.gz.exclusions.gz.alleles.gz
running 12814_17_RNPC3_RBM40.txt.gz.annotated.gz.exclusions.gz.alleles.gz
finished 12814_17_RNPC3_RBM40.txt.gz.annotated.gz.exclusions.gz.alleles.gz
running 12815_9_IARS_SYIC.txt.gz.annotated.gz.exclusions.gz.alleles.gz
finished 12815_9_IARS_SYIC.txt.gz.annotated.gz.exclusions.gz.alleles.gz
running 12817_1_GEM_GEM.txt.gz.annotated.gz.exclusions.gz.alleles.gz
finished 12817_1_GEM_GEM.txt.gz.annotated.gz.exclusions.gz.alleles.gz
running 12818_159_SLC14A2_UT2.txt.gz.annotated.gz.exclusions.gz.alleles.gz
finished 12818_159_SLC14A2_UT2.txt.gz.annotated.gz.exclusions.gz.alleles.gz
running 12820_1_GRAP_GRAP.txt.gz.annotated.gz.exclusions.gz.alleles.gz
finished 12820_1_GRAP_GRAP.txt.gz.annotated.gz.exclusions.gz.alleles.gz
running 12821_6_NLRP10_NAL10.txt.gz.annotated.gz.exclusions.gz.alleles.gz
finished 12821_6_NLRP10_NAL10.txt.gz.annotated.gz.exclusions.gz.alleles.gz
running 12822_34_APBB1_APBB1.txt.gz.annotated.gz.exclusions.gz.alleles.gz
finished 12822_34_APBB1_APBB1.txt.gz.annotated.gz.exclusions.gz.alleles.gz
running 12825_18_APPL1_DP13A.txt.gz.annotated.gz.exclusions.gz.alleles.gz
finished 12825_18_APPL1_DP13A.txt.gz.annotated.gz.exclusions.gz.alleles.gz
running 12826_5_SLC5A5_SC5A5.txt.gz.annotated.gz.exclusions.gz.alleles.gz
finished 12826_5_SLC5A5_SC5A5.txt.gz.annotated.gz.exclusions.gz.alleles.gz
running 12827_37_RGS3_RGS3.txt.gz.annotated.gz.exclusions.gz.alleles.gz
finished 12827_37_RGS3_RGS3.txt.gz.annotated.gz.exclusions.gz.alleles.gz
running 12830_4_SAP18_SAP18.txt.gz.annotated.gz.exclusions.gz.alleles.gz
finished 12830_4_SAP18_SAP18.txt.gz.annotated.gz.exclusions.gz.alleles.gz
running 12831_21_TESC_TESC.txt.gz.annotated.gz.exclusions.gz.alleles.gz
finished 12831_21_TESC_TESC.txt.gz.annotated.gz.exclusions.gz.alleles.gz
running 12832_10_ASH2L_ASH2L.txt.gz.annotated.gz.exclusions.gz.alleles.gz
finished 12832_10_ASH2L_ASH2L.txt.gz.annotated.gz.exclusions.gz.alleles.gz
running 12834_3_KCNF1_KCNF1.txt.gz.annotated.gz.exclusions.gz.alleles.gz
finished 12834_3_KCNF1_KCNF1.txt.gz.annotated.gz.exclusions.gz.alleles.gz
running 12835_101_PYDC1_PYDC1.txt.gz.annotated.gz.exclusions.gz.alleles.gz
finished 12835_101_PYDC1_PYDC1.txt.gz.annotated.gz.exclusions.gz.alleles.gz
running 12838_28_DUSP15_DUS15.txt.gz.annotated.gz.exclusions.gz.alleles.gz
finished 12838_28_DUSP15_DUS15.txt.gz.annotated.gz.exclusions.gz.alleles.gz
running 12842_43_STX10_STX10.txt.gz.annotated.gz.exclusions.gz.alleles.gz
finished 12842_43_STX10_STX10.txt.gz.annotated.gz.exclusions.gz.alleles.gz
running 12843_6_ZNF410_ZN410.txt.gz.annotated.gz.exclusions.gz.alleles.gz
finished 12843_6_ZNF410_ZN410.txt.gz.annotated.gz.exclusions.gz.alleles.gz
