running 15452_5_NT5E_5__Nucleotidase.txt.gz.annotated.gz.exclusions.gz.alleles.gz
finished 15452_5_NT5E_5__Nucleotidase.txt.gz.annotated.gz.exclusions.gz.alleles.gz
running 15453_3_AMBP_a1_Microglobulin.txt.gz.annotated.gz.exclusions.gz.alleles.gz
finished 15453_3_AMBP_a1_Microglobulin.txt.gz.annotated.gz.exclusions.gz.alleles.gz
running 15455_40_ADAM15_ADA15.txt.gz.annotated.gz.exclusions.gz.alleles.gz
finished 15455_40_ADAM15_ADA15.txt.gz.annotated.gz.exclusions.gz.alleles.gz
running 15457_14_ANPEP_Aminopeptidase_N.txt.gz.annotated.gz.exclusions.gz.alleles.gz
finished 15457_14_ANPEP_Aminopeptidase_N.txt.gz.annotated.gz.exclusions.gz.alleles.gz
running 15460_9_DPP4_CD26.txt.gz.annotated.gz.exclusions.gz.alleles.gz
finished 15460_9_DPP4_CD26.txt.gz.annotated.gz.exclusions.gz.alleles.gz
running 15462_28_CD8A_CD8A.txt.gz.annotated.gz.exclusions.gz.alleles.gz
finished 15462_28_CD8A_CD8A.txt.gz.annotated.gz.exclusions.gz.alleles.gz
running 15465_79_CNPY4_CNPY4.txt.gz.annotated.gz.exclusions.gz.alleles.gz
finished 15465_79_CNPY4_CNPY4.txt.gz.annotated.gz.exclusions.gz.alleles.gz
running 15466_30_COL9A1_CO9A1.txt.gz.annotated.gz.exclusions.gz.alleles.gz
finished 15466_30_COL9A1_CO9A1.txt.gz.annotated.gz.exclusions.gz.alleles.gz
running 15467_10_CTHRC1_CTHR1.txt.gz.annotated.gz.exclusions.gz.alleles.gz
finished 15467_10_CTHRC1_CTHR1.txt.gz.annotated.gz.exclusions.gz.alleles.gz
running 15468_14_CFHR1_FHR1.txt.gz.annotated.gz.exclusions.gz.alleles.gz
finished 15468_14_CFHR1_FHR1.txt.gz.annotated.gz.exclusions.gz.alleles.gz
running 15470_11_HEXB_Hexosaminidase_B.txt.gz.annotated.gz.exclusions.gz.alleles.gz
finished 15470_11_HEXB_Hexosaminidase_B.txt.gz.annotated.gz.exclusions.gz.alleles.gz
running 15471_29_PNLIPRP2_LIPR2.txt.gz.annotated.gz.exclusions.gz.alleles.gz
finished 15471_29_PNLIPRP2_LIPR2.txt.gz.annotated.gz.exclusions.gz.alleles.gz
running 15472_16_LRP11_LRP11.txt.gz.annotated.gz.exclusions.gz.alleles.gz
finished 15472_16_LRP11_LRP11.txt.gz.annotated.gz.exclusions.gz.alleles.gz
running 15474_7_PIN1_PIN1.txt.gz.annotated.gz.exclusions.gz.alleles.gz
finished 15474_7_PIN1_PIN1.txt.gz.annotated.gz.exclusions.gz.alleles.gz
running 15475_4_PLTP_PLTP.txt.gz.annotated.gz.exclusions.gz.alleles.gz
finished 15475_4_PLTP_PLTP.txt.gz.annotated.gz.exclusions.gz.alleles.gz
running 15476_6_REG3G_REG3G.txt.gz.annotated.gz.exclusions.gz.alleles.gz
finished 15476_6_REG3G_REG3G.txt.gz.annotated.gz.exclusions.gz.alleles.gz
running 15480_2_VNN2_VNN2.txt.gz.annotated.gz.exclusions.gz.alleles.gz
finished 15480_2_VNN2_VNN2.txt.gz.annotated.gz.exclusions.gz.alleles.gz
running 15481_45_CAMP_LL_37.txt.gz.annotated.gz.exclusions.gz.alleles.gz
finished 15481_45_CAMP_LL_37.txt.gz.annotated.gz.exclusions.gz.alleles.gz
running 15482_12_A2ML1_A2ML1.txt.gz.annotated.gz.exclusions.gz.alleles.gz
finished 15482_12_A2ML1_A2ML1.txt.gz.annotated.gz.exclusions.gz.alleles.gz
running 15483_377_AGRN_Agrin.txt.gz.annotated.gz.exclusions.gz.alleles.gz
finished 15483_377_AGRN_Agrin.txt.gz.annotated.gz.exclusions.gz.alleles.gz
running 15486_126_AOC1_ABP1.txt.gz.annotated.gz.exclusions.gz.alleles.gz
finished 15486_126_AOC1_ABP1.txt.gz.annotated.gz.exclusions.gz.alleles.gz
running 15487_164_CES1_carboxylesterase__liver.txt.gz.annotated.gz.exclusions.gz.alleles.gz
finished 15487_164_CES1_carboxylesterase__liver.txt.gz.annotated.gz.exclusions.gz.alleles.gz
running 15491_20_CD248_CD248.txt.gz.annotated.gz.exclusions.gz.alleles.gz
finished 15491_20_CD248_CD248.txt.gz.annotated.gz.exclusions.gz.alleles.gz
running 15492_1_CRIM1_CRIM1.txt.gz.annotated.gz.exclusions.gz.alleles.gz
finished 15492_1_CRIM1_CRIM1.txt.gz.annotated.gz.exclusions.gz.alleles.gz
running 15494_11_FGFBP1_FGFP1.txt.gz.annotated.gz.exclusions.gz.alleles.gz
finished 15494_11_FGFBP1_FGFP1.txt.gz.annotated.gz.exclusions.gz.alleles.gz
running 15495_9_FOLR3_FOLR3.txt.gz.annotated.gz.exclusions.gz.alleles.gz
finished 15495_9_FOLR3_FOLR3.txt.gz.annotated.gz.exclusions.gz.alleles.gz
running 15497_9_HS3ST1_HS3S1.txt.gz.annotated.gz.exclusions.gz.alleles.gz
finished 15497_9_HS3ST1_HS3S1.txt.gz.annotated.gz.exclusions.gz.alleles.gz
running 15499_11_ATRN_Attractin.txt.gz.annotated.gz.exclusions.gz.alleles.gz
finished 15499_11_ATRN_Attractin.txt.gz.annotated.gz.exclusions.gz.alleles.gz
running 15503_15_LEFTY2_Lefty_A.txt.gz.annotated.gz.exclusions.gz.alleles.gz
finished 15503_15_LEFTY2_Lefty_A.txt.gz.annotated.gz.exclusions.gz.alleles.gz
running 15503_20_LEFTY2_Lefty_A.txt.gz.annotated.gz.exclusions.gz.alleles.gz
finished 15503_20_LEFTY2_Lefty_A.txt.gz.annotated.gz.exclusions.gz.alleles.gz
running 15504_39_BIRC7_Livin_B.txt.gz.annotated.gz.exclusions.gz.alleles.gz
finished 15504_39_BIRC7_Livin_B.txt.gz.annotated.gz.exclusions.gz.alleles.gz
running 15506_34_LRP12_LRP12.txt.gz.annotated.gz.exclusions.gz.alleles.gz
finished 15506_34_LRP12_LRP12.txt.gz.annotated.gz.exclusions.gz.alleles.gz
running 15509_2_NAGLU_NAG.txt.gz.annotated.gz.exclusions.gz.alleles.gz
finished 15509_2_NAGLU_NAG.txt.gz.annotated.gz.exclusions.gz.alleles.gz
running 15511_37_NPTXR_NPTXR.txt.gz.annotated.gz.exclusions.gz.alleles.gz
finished 15511_37_NPTXR_NPTXR.txt.gz.annotated.gz.exclusions.gz.alleles.gz
running 15513_108_PRSS8_Prostasin.txt.gz.annotated.gz.exclusions.gz.alleles.gz
finished 15513_108_PRSS8_Prostasin.txt.gz.annotated.gz.exclusions.gz.alleles.gz
running 15514_26_BCHE_Pseudocholinesterase.txt.gz.annotated.gz.exclusions.gz.alleles.gz
finished 15514_26_BCHE_Pseudocholinesterase.txt.gz.annotated.gz.exclusions.gz.alleles.gz
running 15515_2_SAA1_SAA.txt.gz.annotated.gz.exclusions.gz.alleles.gz
finished 15515_2_SAA1_SAA.txt.gz.annotated.gz.exclusions.gz.alleles.gz
running 15516_12_SAA4_SAA_4.txt.gz.annotated.gz.exclusions.gz.alleles.gz
finished 15516_12_SAA4_SAA_4.txt.gz.annotated.gz.exclusions.gz.alleles.gz
running 15521_4_CLSTN1_Alcadein_alpha_1.txt.gz.annotated.gz.exclusions.gz.alleles.gz
finished 15521_4_CLSTN1_Alcadein_alpha_1.txt.gz.annotated.gz.exclusions.gz.alleles.gz
running 15522_2_GLIPR2_GAPR1.txt.gz.annotated.gz.exclusions.gz.alleles.gz
finished 15522_2_GLIPR2_GAPR1.txt.gz.annotated.gz.exclusions.gz.alleles.gz
running 15523_9_ALAD_HEM2.txt.gz.annotated.gz.exclusions.gz.alleles.gz
finished 15523_9_ALAD_HEM2.txt.gz.annotated.gz.exclusions.gz.alleles.gz
running 15524_30_PGAM2_PGAM2.txt.gz.annotated.gz.exclusions.gz.alleles.gz
finished 15524_30_PGAM2_PGAM2.txt.gz.annotated.gz.exclusions.gz.alleles.gz
running 15525_294_ADH1C_ADH1G.txt.gz.annotated.gz.exclusions.gz.alleles.gz
finished 15525_294_ADH1C_ADH1G.txt.gz.annotated.gz.exclusions.gz.alleles.gz
running 15526_33_GSS_GSHB.txt.gz.annotated.gz.exclusions.gz.alleles.gz
finished 15526_33_GSS_GSHB.txt.gz.annotated.gz.exclusions.gz.alleles.gz
running 15527_90_DLD_DLDH.txt.gz.annotated.gz.exclusions.gz.alleles.gz
finished 15527_90_DLD_DLDH.txt.gz.annotated.gz.exclusions.gz.alleles.gz
running 15529_33_CSRP1_Cysteine_rich_protein_1.txt.gz.annotated.gz.exclusions.gz.alleles.gz
finished 15529_33_CSRP1_Cysteine_rich_protein_1.txt.gz.annotated.gz.exclusions.gz.alleles.gz
running 15530_33_EPHB4_EphB4.txt.gz.annotated.gz.exclusions.gz.alleles.gz
finished 15530_33_EPHB4_EphB4.txt.gz.annotated.gz.exclusions.gz.alleles.gz
running 15533_97_MSR1_Macrophage_scavenger_receptor.txt.gz.annotated.gz.exclusions.gz.alleles.gz
finished 15533_97_MSR1_Macrophage_scavenger_receptor.txt.gz.annotated.gz.exclusions.gz.alleles.gz
running 15534_26_MDH2_Malate_dehydrogenase_2.txt.gz.annotated.gz.exclusions.gz.alleles.gz
finished 15534_26_MDH2_Malate_dehydrogenase_2.txt.gz.annotated.gz.exclusions.gz.alleles.gz
running 15535_3_PRSS27_Marapsin.txt.gz.annotated.gz.exclusions.gz.alleles.gz
finished 15535_3_PRSS27_Marapsin.txt.gz.annotated.gz.exclusions.gz.alleles.gz
running 15539_15_SLITRK1_SLIK1.txt.gz.annotated.gz.exclusions.gz.alleles.gz
finished 15539_15_SLITRK1_SLIK1.txt.gz.annotated.gz.exclusions.gz.alleles.gz
running 15540_6_VIM_Vimentin.txt.gz.annotated.gz.exclusions.gz.alleles.gz
finished 15540_6_VIM_Vimentin.txt.gz.annotated.gz.exclusions.gz.alleles.gz
running 15542_19_CKMT1A_KCRU.txt.gz.annotated.gz.exclusions.gz.alleles.gz
finished 15542_19_CKMT1A_KCRU.txt.gz.annotated.gz.exclusions.gz.alleles.gz
running 15544_25_KLK14_kallikrein_14.txt.gz.annotated.gz.exclusions.gz.alleles.gz
finished 15544_25_KLK14_kallikrein_14.txt.gz.annotated.gz.exclusions.gz.alleles.gz
running 15545_13_PPP3R1_Calcineurin_B_a.txt.gz.annotated.gz.exclusions.gz.alleles.gz
finished 15545_13_PPP3R1_Calcineurin_B_a.txt.gz.annotated.gz.exclusions.gz.alleles.gz
running 15548_35_PHGDH_SERA.txt.gz.annotated.gz.exclusions.gz.alleles.gz
finished 15548_35_PHGDH_SERA.txt.gz.annotated.gz.exclusions.gz.alleles.gz
running 15553_22_ACHE_ACES.txt.gz.annotated.gz.exclusions.gz.alleles.gz
finished 15553_22_ACHE_ACES.txt.gz.annotated.gz.exclusions.gz.alleles.gz
running 15556_49_AMY2B_Alpha_amylase_2B.txt.gz.annotated.gz.exclusions.gz.alleles.gz
finished 15556_49_AMY2B_Alpha_amylase_2B.txt.gz.annotated.gz.exclusions.gz.alleles.gz
running 15558_63_ENPEP_AMPE.txt.gz.annotated.gz.exclusions.gz.alleles.gz
finished 15558_63_ENPEP_AMPE.txt.gz.annotated.gz.exclusions.gz.alleles.gz
running 15559_5_ANTXR2_ANTR2.txt.gz.annotated.gz.exclusions.gz.alleles.gz
finished 15559_5_ANTXR2_ANTR2.txt.gz.annotated.gz.exclusions.gz.alleles.gz
running 15560_52_TCN2_Apo_TC_II.txt.gz.annotated.gz.exclusions.gz.alleles.gz
finished 15560_52_TCN2_Apo_TC_II.txt.gz.annotated.gz.exclusions.gz.alleles.gz
running 15562_24_GUSB_BGLR.txt.gz.annotated.gz.exclusions.gz.alleles.gz
finished 15562_24_GUSB_BGLR.txt.gz.annotated.gz.exclusions.gz.alleles.gz
running 15565_102_MUC16_CA125.txt.gz.annotated.gz.exclusions.gz.alleles.gz
finished 15565_102_MUC16_CA125.txt.gz.annotated.gz.exclusions.gz.alleles.gz
running 15566_10_CNN1_Calponin_1.txt.gz.annotated.gz.exclusions.gz.alleles.gz
finished 15566_10_CNN1_Calponin_1.txt.gz.annotated.gz.exclusions.gz.alleles.gz
running 15567_2_CD247_CD3_zeta.txt.gz.annotated.gz.exclusions.gz.alleles.gz
finished 15567_2_CD247_CD3_zeta.txt.gz.annotated.gz.exclusions.gz.alleles.gz
running 15569_15_COL2A1_Collagen_II.txt.gz.annotated.gz.exclusions.gz.alleles.gz
finished 15569_15_COL2A1_Collagen_II.txt.gz.annotated.gz.exclusions.gz.alleles.gz
running 15570_99_CR2_Complement_receptor_type_2.txt.gz.annotated.gz.exclusions.gz.alleles.gz
finished 15570_99_CR2_Complement_receptor_type_2.txt.gz.annotated.gz.exclusions.gz.alleles.gz
running 15573_110_NCAN_CSPG3.txt.gz.annotated.gz.exclusions.gz.alleles.gz
finished 15573_110_NCAN_CSPG3.txt.gz.annotated.gz.exclusions.gz.alleles.gz
running 15574_37_CCNA2_Cyclin_A.txt.gz.annotated.gz.exclusions.gz.alleles.gz
finished 15574_37_CCNA2_Cyclin_A.txt.gz.annotated.gz.exclusions.gz.alleles.gz
running 15576_158_RNASE3_ECP.txt.gz.annotated.gz.exclusions.gz.alleles.gz
finished 15576_158_RNASE3_ECP.txt.gz.annotated.gz.exclusions.gz.alleles.gz
running 15579_26_ENPP6_ENPP6.txt.gz.annotated.gz.exclusions.gz.alleles.gz
finished 15579_26_ENPP6_ENPP6.txt.gz.annotated.gz.exclusions.gz.alleles.gz
running 15580_2_EPHA7_EPHA7.txt.gz.annotated.gz.exclusions.gz.alleles.gz
finished 15580_2_EPHA7_EPHA7.txt.gz.annotated.gz.exclusions.gz.alleles.gz
running 15581_16_FANK1_FANK1.txt.gz.annotated.gz.exclusions.gz.alleles.gz
finished 15581_16_FANK1_FANK1.txt.gz.annotated.gz.exclusions.gz.alleles.gz
running 15582_25_FCN1_FCN1.txt.gz.annotated.gz.exclusions.gz.alleles.gz
finished 15582_25_FCN1_FCN1.txt.gz.annotated.gz.exclusions.gz.alleles.gz
running 15583_18_FCRLB_FCRLB.txt.gz.annotated.gz.exclusions.gz.alleles.gz
finished 15583_18_FCRLB_FCRLB.txt.gz.annotated.gz.exclusions.gz.alleles.gz
running 15584_9_CFHR2_FHR2.txt.gz.annotated.gz.exclusions.gz.alleles.gz
finished 15584_9_CFHR2_FHR2.txt.gz.annotated.gz.exclusions.gz.alleles.gz
running 15585_304_FBLN5_fibulin_5.txt.gz.annotated.gz.exclusions.gz.alleles.gz
finished 15585_304_FBLN5_fibulin_5.txt.gz.annotated.gz.exclusions.gz.alleles.gz
running 15587_20_FOLR2_FOLR2.txt.gz.annotated.gz.exclusions.gz.alleles.gz
finished 15587_20_FOLR2_FOLR2.txt.gz.annotated.gz.exclusions.gz.alleles.gz
running 15588_17_GLA_galactosidase__alpha.txt.gz.annotated.gz.exclusions.gz.alleles.gz
finished 15588_17_GLA_galactosidase__alpha.txt.gz.annotated.gz.exclusions.gz.alleles.gz
running 15589_1_GC_Gc_Globulin__Mixed_Type.txt.gz.annotated.gz.exclusions.gz.alleles.gz
finished 15589_1_GC_Gc_Globulin__Mixed_Type.txt.gz.annotated.gz.exclusions.gz.alleles.gz
running 15591_28_GPX1_Glutathione_peroxidase.txt.gz.annotated.gz.exclusions.gz.alleles.gz
finished 15591_28_GPX1_Glutathione_peroxidase.txt.gz.annotated.gz.exclusions.gz.alleles.gz
running 15594_47_HTRA1_HTRA1.txt.gz.annotated.gz.exclusions.gz.alleles.gz
finished 15594_47_HTRA1_HTRA1.txt.gz.annotated.gz.exclusions.gz.alleles.gz
running 15596_7_HEXIM1_HEXI1.txt.gz.annotated.gz.exclusions.gz.alleles.gz
finished 15596_7_HEXIM1_HEXI1.txt.gz.annotated.gz.exclusions.gz.alleles.gz
running 15602_43_IL6R_IL_6_sRa.txt.gz.annotated.gz.exclusions.gz.alleles.gz
finished 15602_43_IL6R_IL_6_sRa.txt.gz.annotated.gz.exclusions.gz.alleles.gz
running 15603_20_ITGA2_Integrin_alpha_2.txt.gz.annotated.gz.exclusions.gz.alleles.gz
finished 15603_20_ITGA2_Integrin_alpha_2.txt.gz.annotated.gz.exclusions.gz.alleles.gz
running 15604_18_MAPK9_JNK2.txt.gz.annotated.gz.exclusions.gz.alleles.gz
finished 15604_18_MAPK9_JNK2.txt.gz.annotated.gz.exclusions.gz.alleles.gz
running 15606_19_KRT19_Keratin_19.txt.gz.annotated.gz.exclusions.gz.alleles.gz
finished 15606_19_KRT19_Keratin_19.txt.gz.annotated.gz.exclusions.gz.alleles.gz
running 15607_56_PKLR_KPYR.txt.gz.annotated.gz.exclusions.gz.alleles.gz
finished 15607_56_PKLR_KPYR.txt.gz.annotated.gz.exclusions.gz.alleles.gz
running 15608_5_RPS6KB1_KS6B1.txt.gz.annotated.gz.exclusions.gz.alleles.gz
finished 15608_5_RPS6KB1_KS6B1.txt.gz.annotated.gz.exclusions.gz.alleles.gz
running 15610_72_LAP3_LAP.txt.gz.annotated.gz.exclusions.gz.alleles.gz
finished 15610_72_LAP3_LAP.txt.gz.annotated.gz.exclusions.gz.alleles.gz
running 15612_5_LIN7B_LIN7B.txt.gz.annotated.gz.exclusions.gz.alleles.gz
finished 15612_5_LIN7B_LIN7B.txt.gz.annotated.gz.exclusions.gz.alleles.gz
running 15613_16_PNLIP_LIPP.txt.gz.annotated.gz.exclusions.gz.alleles.gz
finished 15613_16_PNLIP_LIPP.txt.gz.annotated.gz.exclusions.gz.alleles.gz
running 15614_168_LILRA2_LIRA2.txt.gz.annotated.gz.exclusions.gz.alleles.gz
finished 15614_168_LILRA2_LIRA2.txt.gz.annotated.gz.exclusions.gz.alleles.gz
running 15615_8_LILRB3_LIRB3.txt.gz.annotated.gz.exclusions.gz.alleles.gz
finished 15615_8_LILRB3_LIRB3.txt.gz.annotated.gz.exclusions.gz.alleles.gz
running 15617_8_XCL2_lymphotactin_beta.txt.gz.annotated.gz.exclusions.gz.alleles.gz
finished 15617_8_XCL2_lymphotactin_beta.txt.gz.annotated.gz.exclusions.gz.alleles.gz
running 15619_49_MOG_MOG.txt.gz.annotated.gz.exclusions.gz.alleles.gz
finished 15619_49_MOG_MOG.txt.gz.annotated.gz.exclusions.gz.alleles.gz
running 15620_4_NLGN1_NLGN1.txt.gz.annotated.gz.exclusions.gz.alleles.gz
finished 15620_4_NLGN1_NLGN1.txt.gz.annotated.gz.exclusions.gz.alleles.gz
running 15622_13_OPCML_OBCAM.txt.gz.annotated.gz.exclusions.gz.alleles.gz
finished 15622_13_OPCML_OBCAM.txt.gz.annotated.gz.exclusions.gz.alleles.gz
running 15623_1_PDCD1_PD_1.txt.gz.annotated.gz.exclusions.gz.alleles.gz
finished 15623_1_PDCD1_PD_1.txt.gz.annotated.gz.exclusions.gz.alleles.gz
running 15626_223_HSPG2_Perlecan.txt.gz.annotated.gz.exclusions.gz.alleles.gz
finished 15626_223_HSPG2_Perlecan.txt.gz.annotated.gz.exclusions.gz.alleles.gz
running 15627_83_AKT1_PKB.txt.gz.annotated.gz.exclusions.gz.alleles.gz
finished 15627_83_AKT1_PKB.txt.gz.annotated.gz.exclusions.gz.alleles.gz
running 15631_18_PSG1_PSG1.txt.gz.annotated.gz.exclusions.gz.alleles.gz
finished 15631_18_PSG1_PSG1.txt.gz.annotated.gz.exclusions.gz.alleles.gz
running 15633_6_RBP4_RBP.txt.gz.annotated.gz.exclusions.gz.alleles.gz
finished 15633_6_RBP4_RBP.txt.gz.annotated.gz.exclusions.gz.alleles.gz
running 15634_139_SLIT1_SLIT1.txt.gz.annotated.gz.exclusions.gz.alleles.gz
finished 15634_139_SLIT1_SLIT1.txt.gz.annotated.gz.exclusions.gz.alleles.gz
running 15635_4_SMOC2_SMOC2.txt.gz.annotated.gz.exclusions.gz.alleles.gz
finished 15635_4_SMOC2_SMOC2.txt.gz.annotated.gz.exclusions.gz.alleles.gz
running 15636_49_SORCS1_SORC1.txt.gz.annotated.gz.exclusions.gz.alleles.gz
finished 15636_49_SORCS1_SORC1.txt.gz.annotated.gz.exclusions.gz.alleles.gz
running 15637_38_SORCS3_SORC3.txt.gz.annotated.gz.exclusions.gz.alleles.gz
finished 15637_38_SORCS3_SORC3.txt.gz.annotated.gz.exclusions.gz.alleles.gz
running 15640_54_TAGLN_TAGL.txt.gz.annotated.gz.exclusions.gz.alleles.gz
finished 15640_54_TAGLN_TAGL.txt.gz.annotated.gz.exclusions.gz.alleles.gz
running 15641_20_TMEFF1_TEFF1.txt.gz.annotated.gz.exclusions.gz.alleles.gz
finished 15641_20_TMEFF1_TEFF1.txt.gz.annotated.gz.exclusions.gz.alleles.gz
