running 12844_10_BAG4_BAG4.txt.gz.annotated.gz.exclusions.gz.alleles.gz
finished 12844_10_BAG4_BAG4.txt.gz.annotated.gz.exclusions.gz.alleles.gz
running 12845_18_SNX17_SNX17.txt.gz.annotated.gz.exclusions.gz.alleles.gz
finished 12845_18_SNX17_SNX17.txt.gz.annotated.gz.exclusions.gz.alleles.gz
running 12846_3_FBXL5_FBXL5.txt.gz.annotated.gz.exclusions.gz.alleles.gz
finished 12846_3_FBXL5_FBXL5.txt.gz.annotated.gz.exclusions.gz.alleles.gz
running 12847_27_RNGTT_MCE1.txt.gz.annotated.gz.exclusions.gz.alleles.gz
finished 12847_27_RNGTT_MCE1.txt.gz.annotated.gz.exclusions.gz.alleles.gz
running 12848_9_ARHGEF2_ARHG2.txt.gz.annotated.gz.exclusions.gz.alleles.gz
finished 12848_9_ARHGEF2_ARHG2.txt.gz.annotated.gz.exclusions.gz.alleles.gz
running 12849_25_GSKIP_GSKIP.txt.gz.annotated.gz.exclusions.gz.alleles.gz
finished 12849_25_GSKIP_GSKIP.txt.gz.annotated.gz.exclusions.gz.alleles.gz
running 12851_5_POLM_DPOLM.txt.gz.annotated.gz.exclusions.gz.alleles.gz
finished 12851_5_POLM_DPOLM.txt.gz.annotated.gz.exclusions.gz.alleles.gz
running 12853_112_TMOD2_TMOD2.txt.gz.annotated.gz.exclusions.gz.alleles.gz
finished 12853_112_TMOD2_TMOD2.txt.gz.annotated.gz.exclusions.gz.alleles.gz
running 12854_3_TEAD3_TEAD3.txt.gz.annotated.gz.exclusions.gz.alleles.gz
finished 12854_3_TEAD3_TEAD3.txt.gz.annotated.gz.exclusions.gz.alleles.gz
running 12855_16_CASS4_CT032.txt.gz.annotated.gz.exclusions.gz.alleles.gz
finished 12855_16_CASS4_CT032.txt.gz.annotated.gz.exclusions.gz.alleles.gz
running 12856_14_TMEM237_TM237.txt.gz.annotated.gz.exclusions.gz.alleles.gz
finished 12856_14_TMEM237_TM237.txt.gz.annotated.gz.exclusions.gz.alleles.gz
running 12859_33_ECI2_PECI.txt.gz.annotated.gz.exclusions.gz.alleles.gz
finished 12859_33_ECI2_PECI.txt.gz.annotated.gz.exclusions.gz.alleles.gz
running 12860_7_ARPP21_cAMP_regulated_phosphoprotein_21.txt.gz.annotated.gz.exclusions.gz.alleles.gz
finished 12860_7_ARPP21_cAMP_regulated_phosphoprotein_21.txt.gz.annotated.gz.exclusions.gz.alleles.gz
running 12861_13_TMOD3_TMOD3.txt.gz.annotated.gz.exclusions.gz.alleles.gz
finished 12861_13_TMOD3_TMOD3.txt.gz.annotated.gz.exclusions.gz.alleles.gz
running 12862_14_NEDD9_CASL.txt.gz.annotated.gz.exclusions.gz.alleles.gz
finished 12862_14_NEDD9_CASL.txt.gz.annotated.gz.exclusions.gz.alleles.gz
running 12864_9_NIPAL4_NIPA4.txt.gz.annotated.gz.exclusions.gz.alleles.gz
finished 12864_9_NIPAL4_NIPA4.txt.gz.annotated.gz.exclusions.gz.alleles.gz
running 12867_40_DYNLT3_DYLT3.txt.gz.annotated.gz.exclusions.gz.alleles.gz
finished 12867_40_DYNLT3_DYLT3.txt.gz.annotated.gz.exclusions.gz.alleles.gz
running 12869_68_DDX6_DDX6.txt.gz.annotated.gz.exclusions.gz.alleles.gz
finished 12869_68_DDX6_DDX6.txt.gz.annotated.gz.exclusions.gz.alleles.gz
running 12871_10_TWF1_TWF1.txt.gz.annotated.gz.exclusions.gz.alleles.gz
finished 12871_10_TWF1_TWF1.txt.gz.annotated.gz.exclusions.gz.alleles.gz
running 12872_35_CNGA2_CNGA2.txt.gz.annotated.gz.exclusions.gz.alleles.gz
finished 12872_35_CNGA2_CNGA2.txt.gz.annotated.gz.exclusions.gz.alleles.gz
running 12873_11_SPN_LEUK.txt.gz.annotated.gz.exclusions.gz.alleles.gz
finished 12873_11_SPN_LEUK.txt.gz.annotated.gz.exclusions.gz.alleles.gz
running 12875_28_UBTD2_UBTD2.txt.gz.annotated.gz.exclusions.gz.alleles.gz
finished 12875_28_UBTD2_UBTD2.txt.gz.annotated.gz.exclusions.gz.alleles.gz
running 12876_39_SPEF1_SPEF1.txt.gz.annotated.gz.exclusions.gz.alleles.gz
finished 12876_39_SPEF1_SPEF1.txt.gz.annotated.gz.exclusions.gz.alleles.gz
running 12878_60_OSBPL11_OSB11.txt.gz.annotated.gz.exclusions.gz.alleles.gz
finished 12878_60_OSBPL11_OSB11.txt.gz.annotated.gz.exclusions.gz.alleles.gz
running 12879_5_RBL1_p107.txt.gz.annotated.gz.exclusions.gz.alleles.gz
finished 12879_5_RBL1_p107.txt.gz.annotated.gz.exclusions.gz.alleles.gz
running 12880_1_SV2A_SV2A.txt.gz.annotated.gz.exclusions.gz.alleles.gz
finished 12880_1_SV2A_SV2A.txt.gz.annotated.gz.exclusions.gz.alleles.gz
running 12881_17_RDH16_RDH16.txt.gz.annotated.gz.exclusions.gz.alleles.gz
finished 12881_17_RDH16_RDH16.txt.gz.annotated.gz.exclusions.gz.alleles.gz
running 12882_7_PARP11_PAR11.txt.gz.annotated.gz.exclusions.gz.alleles.gz
finished 12882_7_PARP11_PAR11.txt.gz.annotated.gz.exclusions.gz.alleles.gz
running 12885_42_NR1D2_NR1D2.txt.gz.annotated.gz.exclusions.gz.alleles.gz
finished 12885_42_NR1D2_NR1D2.txt.gz.annotated.gz.exclusions.gz.alleles.gz
running 12888_18_SAP30_SAP30.txt.gz.annotated.gz.exclusions.gz.alleles.gz
finished 12888_18_SAP30_SAP30.txt.gz.annotated.gz.exclusions.gz.alleles.gz
running 12891_1_MICALL2_MILK2.txt.gz.annotated.gz.exclusions.gz.alleles.gz
finished 12891_1_MICALL2_MILK2.txt.gz.annotated.gz.exclusions.gz.alleles.gz
running 12892_10_SYTL1_SYTL1.txt.gz.annotated.gz.exclusions.gz.alleles.gz
finished 12892_10_SYTL1_SYTL1.txt.gz.annotated.gz.exclusions.gz.alleles.gz
running 12893_159_IFI16_IP16.txt.gz.annotated.gz.exclusions.gz.alleles.gz
finished 12893_159_IFI16_IP16.txt.gz.annotated.gz.exclusions.gz.alleles.gz
running 12894_3_PAXIP1_PAXI1.txt.gz.annotated.gz.exclusions.gz.alleles.gz
finished 12894_3_PAXIP1_PAXI1.txt.gz.annotated.gz.exclusions.gz.alleles.gz
running 12895_28_DGKB_DGKB.txt.gz.annotated.gz.exclusions.gz.alleles.gz
finished 12895_28_DGKB_DGKB.txt.gz.annotated.gz.exclusions.gz.alleles.gz
running 12904_180_CUBN_cubilin.txt.gz.annotated.gz.exclusions.gz.alleles.gz
finished 12904_180_CUBN_cubilin.txt.gz.annotated.gz.exclusions.gz.alleles.gz
running 12923_51_KRT17_Keratin_17.txt.gz.annotated.gz.exclusions.gz.alleles.gz
finished 12923_51_KRT17_Keratin_17.txt.gz.annotated.gz.exclusions.gz.alleles.gz
running 12925_105_AXIN2_AXIN2.txt.gz.annotated.gz.exclusions.gz.alleles.gz
finished 12925_105_AXIN2_AXIN2.txt.gz.annotated.gz.exclusions.gz.alleles.gz
running 12931_16_NR3C2_MCR.txt.gz.annotated.gz.exclusions.gz.alleles.gz
finished 12931_16_NR3C2_MCR.txt.gz.annotated.gz.exclusions.gz.alleles.gz
running 12933_17_ENOX1_ENOX1.txt.gz.annotated.gz.exclusions.gz.alleles.gz
finished 12933_17_ENOX1_ENOX1.txt.gz.annotated.gz.exclusions.gz.alleles.gz
running 12934_1_HERC5_HERC5.txt.gz.annotated.gz.exclusions.gz.alleles.gz
finished 12934_1_HERC5_HERC5.txt.gz.annotated.gz.exclusions.gz.alleles.gz
running 12936_38_RLBP1_RLBP1.txt.gz.annotated.gz.exclusions.gz.alleles.gz
finished 12936_38_RLBP1_RLBP1.txt.gz.annotated.gz.exclusions.gz.alleles.gz
running 12939_1_POLR1C_RPAC1.txt.gz.annotated.gz.exclusions.gz.alleles.gz
finished 12939_1_POLR1C_RPAC1.txt.gz.annotated.gz.exclusions.gz.alleles.gz
running 12940_35_ALDH3B1_AL3B1.txt.gz.annotated.gz.exclusions.gz.alleles.gz
finished 12940_35_ALDH3B1_AL3B1.txt.gz.annotated.gz.exclusions.gz.alleles.gz
running 12945_33_RAB18_RAB18.txt.gz.annotated.gz.exclusions.gz.alleles.gz
finished 12945_33_RAB18_RAB18.txt.gz.annotated.gz.exclusions.gz.alleles.gz
running 12954_71_PPARA_PPARa.txt.gz.annotated.gz.exclusions.gz.alleles.gz
finished 12954_71_PPARA_PPARa.txt.gz.annotated.gz.exclusions.gz.alleles.gz
running 12956_40_KIAA1279_KBP.txt.gz.annotated.gz.exclusions.gz.alleles.gz
finished 12956_40_KIAA1279_KBP.txt.gz.annotated.gz.exclusions.gz.alleles.gz
running 12957_62_UQCRB_UCR6.txt.gz.annotated.gz.exclusions.gz.alleles.gz
finished 12957_62_UQCRB_UCR6.txt.gz.annotated.gz.exclusions.gz.alleles.gz
running 12960_9_GCK_HXK4.txt.gz.annotated.gz.exclusions.gz.alleles.gz
finished 12960_9_GCK_HXK4.txt.gz.annotated.gz.exclusions.gz.alleles.gz
running 12963_1_GPR107_GP107.txt.gz.annotated.gz.exclusions.gz.alleles.gz
finished 12963_1_GPR107_GP107.txt.gz.annotated.gz.exclusions.gz.alleles.gz
running 12968_2_CSRP2_CSRP2.txt.gz.annotated.gz.exclusions.gz.alleles.gz
finished 12968_2_CSRP2_CSRP2.txt.gz.annotated.gz.exclusions.gz.alleles.gz
running 12970_35_STAU2_STAU2.txt.gz.annotated.gz.exclusions.gz.alleles.gz
finished 12970_35_STAU2_STAU2.txt.gz.annotated.gz.exclusions.gz.alleles.gz
running 12975_11_KRT20_Keratin_20.txt.gz.annotated.gz.exclusions.gz.alleles.gz
finished 12975_11_KRT20_Keratin_20.txt.gz.annotated.gz.exclusions.gz.alleles.gz
running 12976_49_SORBS3_Vinexin_b.txt.gz.annotated.gz.exclusions.gz.alleles.gz
finished 12976_49_SORBS3_Vinexin_b.txt.gz.annotated.gz.exclusions.gz.alleles.gz
running 12980_31_RBM22_RBM22.txt.gz.annotated.gz.exclusions.gz.alleles.gz
finished 12980_31_RBM22_RBM22.txt.gz.annotated.gz.exclusions.gz.alleles.gz
running 12986_12_LIN7C_LIN7C.txt.gz.annotated.gz.exclusions.gz.alleles.gz
finished 12986_12_LIN7C_LIN7C.txt.gz.annotated.gz.exclusions.gz.alleles.gz
running 12987_12_SRSF7_SRSF7.txt.gz.annotated.gz.exclusions.gz.alleles.gz
finished 12987_12_SRSF7_SRSF7.txt.gz.annotated.gz.exclusions.gz.alleles.gz
running 12988_49_EWSR1_EWS.txt.gz.annotated.gz.exclusions.gz.alleles.gz
finished 12988_49_EWSR1_EWS.txt.gz.annotated.gz.exclusions.gz.alleles.gz
running 12990_39_MAP3K3_MAP3K3.txt.gz.annotated.gz.exclusions.gz.alleles.gz
finished 12990_39_MAP3K3_MAP3K3.txt.gz.annotated.gz.exclusions.gz.alleles.gz
running 12991_49_CUL9_CUL9.txt.gz.annotated.gz.exclusions.gz.alleles.gz
finished 12991_49_CUL9_CUL9.txt.gz.annotated.gz.exclusions.gz.alleles.gz
running 12993_21_NPLOC4_NPL4.txt.gz.annotated.gz.exclusions.gz.alleles.gz
finished 12993_21_NPLOC4_NPL4.txt.gz.annotated.gz.exclusions.gz.alleles.gz
running 13007_66_LCN10_LCN10.txt.gz.annotated.gz.exclusions.gz.alleles.gz
finished 13007_66_LCN10_LCN10.txt.gz.annotated.gz.exclusions.gz.alleles.gz
running 13011_20_RPS10_RS10.txt.gz.annotated.gz.exclusions.gz.alleles.gz
finished 13011_20_RPS10_RS10.txt.gz.annotated.gz.exclusions.gz.alleles.gz
running 13013_41_PARK2_PRKN2.txt.gz.annotated.gz.exclusions.gz.alleles.gz
finished 13013_41_PARK2_PRKN2.txt.gz.annotated.gz.exclusions.gz.alleles.gz
running 13022_20_TP53I11_P5I11.txt.gz.annotated.gz.exclusions.gz.alleles.gz
finished 13022_20_TP53I11_P5I11.txt.gz.annotated.gz.exclusions.gz.alleles.gz
running 13025_4_FRS2_FRS2.txt.gz.annotated.gz.exclusions.gz.alleles.gz
finished 13025_4_FRS2_FRS2.txt.gz.annotated.gz.exclusions.gz.alleles.gz
running 13027_20_CBX7_CBX7.txt.gz.annotated.gz.exclusions.gz.alleles.gz
finished 13027_20_CBX7_CBX7.txt.gz.annotated.gz.exclusions.gz.alleles.gz
running 13032_1_BECN1_BECN1.txt.gz.annotated.gz.exclusions.gz.alleles.gz
finished 13032_1_BECN1_BECN1.txt.gz.annotated.gz.exclusions.gz.alleles.gz
running 13039_1_PPP1R8_PP1R8.txt.gz.annotated.gz.exclusions.gz.alleles.gz
finished 13039_1_PPP1R8_PP1R8.txt.gz.annotated.gz.exclusions.gz.alleles.gz
running 13041_47_TRAF4_TRAF4.txt.gz.annotated.gz.exclusions.gz.alleles.gz
finished 13041_47_TRAF4_TRAF4.txt.gz.annotated.gz.exclusions.gz.alleles.gz
running 13042_7_KCNA10_KCA10.txt.gz.annotated.gz.exclusions.gz.alleles.gz
finished 13042_7_KCNA10_KCA10.txt.gz.annotated.gz.exclusions.gz.alleles.gz
running 13043_157_ATAD2_ATAD2.txt.gz.annotated.gz.exclusions.gz.alleles.gz
finished 13043_157_ATAD2_ATAD2.txt.gz.annotated.gz.exclusions.gz.alleles.gz
running 13044_5_TSG101_TS101.txt.gz.annotated.gz.exclusions.gz.alleles.gz
finished 13044_5_TSG101_TS101.txt.gz.annotated.gz.exclusions.gz.alleles.gz
running 13053_6_SLC6A14_S6A14.txt.gz.annotated.gz.exclusions.gz.alleles.gz
finished 13053_6_SLC6A14_S6A14.txt.gz.annotated.gz.exclusions.gz.alleles.gz
running 13055_53_PSD_PSD1.txt.gz.annotated.gz.exclusions.gz.alleles.gz
finished 13055_53_PSD_PSD1.txt.gz.annotated.gz.exclusions.gz.alleles.gz
running 13056_18_SLC6A16_S6A16.txt.gz.annotated.gz.exclusions.gz.alleles.gz
finished 13056_18_SLC6A16_S6A16.txt.gz.annotated.gz.exclusions.gz.alleles.gz
running 13059_33_RFK_RIFK.txt.gz.annotated.gz.exclusions.gz.alleles.gz
finished 13059_33_RFK_RIFK.txt.gz.annotated.gz.exclusions.gz.alleles.gz
running 13062_4_GMFG_GMFG.txt.gz.annotated.gz.exclusions.gz.alleles.gz
finished 13062_4_GMFG_GMFG.txt.gz.annotated.gz.exclusions.gz.alleles.gz
running 13066_42_EDC4_EDC4.txt.gz.annotated.gz.exclusions.gz.alleles.gz
finished 13066_42_EDC4_EDC4.txt.gz.annotated.gz.exclusions.gz.alleles.gz
running 13067_5_PRKG1_KGP1B.txt.gz.annotated.gz.exclusions.gz.alleles.gz
finished 13067_5_PRKG1_KGP1B.txt.gz.annotated.gz.exclusions.gz.alleles.gz
