running 2952_75_IGF1_IGF_I.txt.gz.annotated.gz.exclusions.gz.alleles.gz
finished 2952_75_IGF1_IGF_I.txt.gz.annotated.gz.exclusions.gz.alleles.gz
running 2960_66_CFP_Properdin.txt.gz.annotated.gz.exclusions.gz.alleles.gz
finished 2960_66_CFP_Properdin.txt.gz.annotated.gz.exclusions.gz.alleles.gz
running 2961_1_PROC_Protein_C.txt.gz.annotated.gz.exclusions.gz.alleles.gz
finished 2961_1_PROC_Protein_C.txt.gz.annotated.gz.exclusions.gz.alleles.gz
running 2962_50_PTHLH_PTHrP.txt.gz.annotated.gz.exclusions.gz.alleles.gz
finished 2962_50_PTHLH_PTHrP.txt.gz.annotated.gz.exclusions.gz.alleles.gz
running 2966_65_CLEC11A_SCGF_beta.txt.gz.annotated.gz.exclusions.gz.alleles.gz
finished 2966_65_CLEC11A_SCGF_beta.txt.gz.annotated.gz.exclusions.gz.alleles.gz
running 2967_8_VCAM1_VCAM_1.txt.gz.annotated.gz.exclusions.gz.alleles.gz
finished 2967_8_VCAM1_VCAM_1.txt.gz.annotated.gz.exclusions.gz.alleles.gz
running 2968_61_TNFSF15_TNFSF15.txt.gz.annotated.gz.exclusions.gz.alleles.gz
finished 2968_61_TNFSF15_TNFSF15.txt.gz.annotated.gz.exclusions.gz.alleles.gz
running 2970_60_AREG_AREG.txt.gz.annotated.gz.exclusions.gz.alleles.gz
finished 2970_60_AREG_AREG.txt.gz.annotated.gz.exclusions.gz.alleles.gz
running 2972_57_BMP7_BMP_7.txt.gz.annotated.gz.exclusions.gz.alleles.gz
finished 2972_57_BMP7_BMP_7.txt.gz.annotated.gz.exclusions.gz.alleles.gz
running 2973_15_CD36_CD36_ANTIGEN.txt.gz.annotated.gz.exclusions.gz.alleles.gz
finished 2973_15_CD36_CD36_ANTIGEN.txt.gz.annotated.gz.exclusions.gz.alleles.gz
running 2974_61_CNTN1_contactin_1.txt.gz.annotated.gz.exclusions.gz.alleles.gz
finished 2974_61_CNTN1_contactin_1.txt.gz.annotated.gz.exclusions.gz.alleles.gz
running 2975_19_CTGF_CTGF.txt.gz.annotated.gz.exclusions.gz.alleles.gz
finished 2975_19_CTGF_CTGF.txt.gz.annotated.gz.exclusions.gz.alleles.gz
running 2976_58_DSG1_Desmoglein_1.txt.gz.annotated.gz.exclusions.gz.alleles.gz
finished 2976_58_DSG1_Desmoglein_1.txt.gz.annotated.gz.exclusions.gz.alleles.gz
running 2977_7_EDAR_EDAR.txt.gz.annotated.gz.exclusions.gz.alleles.gz
finished 2977_7_EDAR_EDAR.txt.gz.annotated.gz.exclusions.gz.alleles.gz
running 2979_8_CXCL5_ENA_78.txt.gz.annotated.gz.exclusions.gz.alleles.gz
finished 2979_8_CXCL5_ENA_78.txt.gz.annotated.gz.exclusions.gz.alleles.gz
running 2982_82_LGALS4_Galectin_4.txt.gz.annotated.gz.exclusions.gz.alleles.gz
finished 2982_82_LGALS4_Galectin_4.txt.gz.annotated.gz.exclusions.gz.alleles.gz
running 2985_35_CXCL1_Gro_a.txt.gz.annotated.gz.exclusions.gz.alleles.gz
finished 2985_35_CXCL1_Gro_a.txt.gz.annotated.gz.exclusions.gz.alleles.gz
running 2987_37_HIST1H1C_Histone_H1_2.txt.gz.annotated.gz.exclusions.gz.alleles.gz
finished 2987_37_HIST1H1C_Histone_H1_2.txt.gz.annotated.gz.exclusions.gz.alleles.gz
running 2991_9_IL1R1_IL_1_sRI.txt.gz.annotated.gz.exclusions.gz.alleles.gz
finished 2991_9_IL1R1_IL_1_sRI.txt.gz.annotated.gz.exclusions.gz.alleles.gz
running 2992_59_IL17RA_IL_17_sR.txt.gz.annotated.gz.exclusions.gz.alleles.gz
finished 2992_59_IL17RA_IL_17_sR.txt.gz.annotated.gz.exclusions.gz.alleles.gz
running 2993_1_IL18RAP_IL_18_Rb.txt.gz.annotated.gz.exclusions.gz.alleles.gz
finished 2993_1_IL18RAP_IL_18_Rb.txt.gz.annotated.gz.exclusions.gz.alleles.gz
running 2994_71_IL1RL2_IL_1Rrp2.txt.gz.annotated.gz.exclusions.gz.alleles.gz
finished 2994_71_IL1RL2_IL_1Rrp2.txt.gz.annotated.gz.exclusions.gz.alleles.gz
running 2997_8_JAM2_JAM_B.txt.gz.annotated.gz.exclusions.gz.alleles.gz
finished 2997_8_JAM2_JAM_B.txt.gz.annotated.gz.exclusions.gz.alleles.gz
running 2998_53_JAM3_JAM_C.txt.gz.annotated.gz.exclusions.gz.alleles.gz
finished 2998_53_JAM3_JAM_C.txt.gz.annotated.gz.exclusions.gz.alleles.gz
running 2999_6_LSAMP_LSAMP.txt.gz.annotated.gz.exclusions.gz.alleles.gz
finished 2999_6_LSAMP_LSAMP.txt.gz.annotated.gz.exclusions.gz.alleles.gz
running 3000_66_MBL2_MBL.txt.gz.annotated.gz.exclusions.gz.alleles.gz
finished 3000_66_MBL2_MBL.txt.gz.annotated.gz.exclusions.gz.alleles.gz
running 3003_29_NCR3_NKp30.txt.gz.annotated.gz.exclusions.gz.alleles.gz
finished 3003_29_NCR3_NKp30.txt.gz.annotated.gz.exclusions.gz.alleles.gz
running 3004_67_PDCD1LG2_PD_L2.txt.gz.annotated.gz.exclusions.gz.alleles.gz
finished 3004_67_PDCD1LG2_PD_L2.txt.gz.annotated.gz.exclusions.gz.alleles.gz
running 3005_5_PTPN1_PTP_1B.txt.gz.annotated.gz.exclusions.gz.alleles.gz
finished 3005_5_PTPN1_PTP_1B.txt.gz.annotated.gz.exclusions.gz.alleles.gz
running 3007_7_SIGLEC9_Siglec_9.txt.gz.annotated.gz.exclusions.gz.alleles.gz
finished 3007_7_SIGLEC9_Siglec_9.txt.gz.annotated.gz.exclusions.gz.alleles.gz
running 3009_3_TGFBR3_TGF_b_R_III.txt.gz.annotated.gz.exclusions.gz.alleles.gz
finished 3009_3_TGFBR3_TGF_b_R_III.txt.gz.annotated.gz.exclusions.gz.alleles.gz
running 3010_53_TSLP_TSLP.txt.gz.annotated.gz.exclusions.gz.alleles.gz
finished 3010_53_TSLP_TSLP.txt.gz.annotated.gz.exclusions.gz.alleles.gz
running 3022_4_CTLA4_CTLA_4.txt.gz.annotated.gz.exclusions.gz.alleles.gz
finished 3022_4_CTLA4_CTLA_4.txt.gz.annotated.gz.exclusions.gz.alleles.gz
running 3024_18_SERPINF2_a2_Antiplasmin.txt.gz.annotated.gz.exclusions.gz.alleles.gz
finished 3024_18_SERPINF2_a2_Antiplasmin.txt.gz.annotated.gz.exclusions.gz.alleles.gz
running 3025_50_FGF2_bFGF.txt.gz.annotated.gz.exclusions.gz.alleles.gz
finished 3025_50_FGF2_bFGF.txt.gz.annotated.gz.exclusions.gz.alleles.gz
running 3026_5_CAST_Calpastatin.txt.gz.annotated.gz.exclusions.gz.alleles.gz
finished 3026_5_CAST_Calpastatin.txt.gz.annotated.gz.exclusions.gz.alleles.gz
running 3028_36_CCL23_Ck_b_8_1.txt.gz.annotated.gz.exclusions.gz.alleles.gz
finished 3028_36_CCL23_Ck_b_8_1.txt.gz.annotated.gz.exclusions.gz.alleles.gz
running 3029_52_CD209_DC_SIGN.txt.gz.annotated.gz.exclusions.gz.alleles.gz
finished 3029_52_CD209_DC_SIGN.txt.gz.annotated.gz.exclusions.gz.alleles.gz
running 3030_3_CLEC4M_DC_SIGNR.txt.gz.annotated.gz.exclusions.gz.alleles.gz
finished 3030_3_CLEC4M_DC_SIGNR.txt.gz.annotated.gz.exclusions.gz.alleles.gz
running 3033_57_LGALS2_Galectin_2.txt.gz.annotated.gz.exclusions.gz.alleles.gz
finished 3033_57_LGALS2_Galectin_2.txt.gz.annotated.gz.exclusions.gz.alleles.gz
running 3034_1_GFAP_GFAP.txt.gz.annotated.gz.exclusions.gz.alleles.gz
finished 3034_1_GFAP_GFAP.txt.gz.annotated.gz.exclusions.gz.alleles.gz
running 3035_80_IL19_IL_19.txt.gz.annotated.gz.exclusions.gz.alleles.gz
finished 3035_80_IL19_IL_19.txt.gz.annotated.gz.exclusions.gz.alleles.gz
running 3037_62_IL1B_IL_1b.txt.gz.annotated.gz.exclusions.gz.alleles.gz
finished 3037_62_IL1B_IL_1b.txt.gz.annotated.gz.exclusions.gz.alleles.gz
running 3038_9_CXCL11_I_TAC.txt.gz.annotated.gz.exclusions.gz.alleles.gz
finished 3038_9_CXCL11_I_TAC.txt.gz.annotated.gz.exclusions.gz.alleles.gz
running 3040_59_CCL3_MIP_1a.txt.gz.annotated.gz.exclusions.gz.alleles.gz
finished 3040_59_CCL3_MIP_1a.txt.gz.annotated.gz.exclusions.gz.alleles.gz
running 3041_55_MRC2_MRC2.txt.gz.annotated.gz.exclusions.gz.alleles.gz
finished 3041_55_MRC2_MRC2.txt.gz.annotated.gz.exclusions.gz.alleles.gz
running 3042_7_MB_Myoglobin.txt.gz.annotated.gz.exclusions.gz.alleles.gz
finished 3042_7_MB_Myoglobin.txt.gz.annotated.gz.exclusions.gz.alleles.gz
running 3043_49_SPARC_ON.txt.gz.annotated.gz.exclusions.gz.alleles.gz
finished 3043_49_SPARC_ON.txt.gz.annotated.gz.exclusions.gz.alleles.gz
running 3044_3_CCL18_PARC.txt.gz.annotated.gz.exclusions.gz.alleles.gz
finished 3044_3_CCL18_PARC.txt.gz.annotated.gz.exclusions.gz.alleles.gz
running 3045_72_PTN_PTN.txt.gz.annotated.gz.exclusions.gz.alleles.gz
finished 3045_72_PTN_PTN.txt.gz.annotated.gz.exclusions.gz.alleles.gz
running 3046_31_RETN_resistin.txt.gz.annotated.gz.exclusions.gz.alleles.gz
finished 3046_31_RETN_resistin.txt.gz.annotated.gz.exclusions.gz.alleles.gz
running 3049_61_PRSS1_Trypsin.txt.gz.annotated.gz.exclusions.gz.alleles.gz
finished 3049_61_PRSS1_Trypsin.txt.gz.annotated.gz.exclusions.gz.alleles.gz
running 3050_7_VWF_vWF.txt.gz.annotated.gz.exclusions.gz.alleles.gz
finished 3050_7_VWF_vWF.txt.gz.annotated.gz.exclusions.gz.alleles.gz
running 3052_8_FASLG_Fas_ligand__soluble.txt.gz.annotated.gz.exclusions.gz.alleles.gz
finished 3052_8_FASLG_Fas_ligand__soluble.txt.gz.annotated.gz.exclusions.gz.alleles.gz
running 3054_3_HP_Haptoglobin__Mixed_Type.txt.gz.annotated.gz.exclusions.gz.alleles.gz
finished 3054_3_HP_Haptoglobin__Mixed_Type.txt.gz.annotated.gz.exclusions.gz.alleles.gz
running 3055_54_IL4R_IL_4_sR.txt.gz.annotated.gz.exclusions.gz.alleles.gz
finished 3055_54_IL4R_IL_4_sR.txt.gz.annotated.gz.exclusions.gz.alleles.gz
running 3057_55_WISP1_WISP_1.txt.gz.annotated.gz.exclusions.gz.alleles.gz
finished 3057_55_WISP1_WISP_1.txt.gz.annotated.gz.exclusions.gz.alleles.gz
running 3059_50_TNFSF13B_BAFF.txt.gz.annotated.gz.exclusions.gz.alleles.gz
finished 3059_50_TNFSF13B_BAFF.txt.gz.annotated.gz.exclusions.gz.alleles.gz
running 3060_43_C9_C9.txt.gz.annotated.gz.exclusions.gz.alleles.gz
finished 3060_43_C9_C9.txt.gz.annotated.gz.exclusions.gz.alleles.gz
running 3065_65_FGF5_FGF_5.txt.gz.annotated.gz.exclusions.gz.alleles.gz
finished 3065_65_FGF5_FGF_5.txt.gz.annotated.gz.exclusions.gz.alleles.gz
running 3066_12_LGALS3_Galectin_3.txt.gz.annotated.gz.exclusions.gz.alleles.gz
finished 3066_12_LGALS3_Galectin_3.txt.gz.annotated.gz.exclusions.gz.alleles.gz
running 3067_67_GDF9_GDF_9.txt.gz.annotated.gz.exclusions.gz.alleles.gz
finished 3067_67_GDF9_GDF_9.txt.gz.annotated.gz.exclusions.gz.alleles.gz
running 3070_1_IL2_IL_2.txt.gz.annotated.gz.exclusions.gz.alleles.gz
finished 3070_1_IL2_IL_2.txt.gz.annotated.gz.exclusions.gz.alleles.gz
running 3072_4_IL13_IL_13.txt.gz.annotated.gz.exclusions.gz.alleles.gz
finished 3072_4_IL13_IL_13.txt.gz.annotated.gz.exclusions.gz.alleles.gz
running 3073_51_IL18BP_IL_18_BPa.txt.gz.annotated.gz.exclusions.gz.alleles.gz
finished 3073_51_IL18BP_IL_18_BPa.txt.gz.annotated.gz.exclusions.gz.alleles.gz
running 3074_6_LBP_LBP.txt.gz.annotated.gz.exclusions.gz.alleles.gz
finished 3074_6_LBP_LBP.txt.gz.annotated.gz.exclusions.gz.alleles.gz
running 3077_66_F10_Coagulation_Factor_Xa.txt.gz.annotated.gz.exclusions.gz.alleles.gz
finished 3077_66_F10_Coagulation_Factor_Xa.txt.gz.annotated.gz.exclusions.gz.alleles.gz
running 3078_1_PGF_PlGF.txt.gz.annotated.gz.exclusions.gz.alleles.gz
finished 3078_1_PGF_PlGF.txt.gz.annotated.gz.exclusions.gz.alleles.gz
running 3079_62_RARRES2_TIG2.txt.gz.annotated.gz.exclusions.gz.alleles.gz
finished 3079_62_RARRES2_TIG2.txt.gz.annotated.gz.exclusions.gz.alleles.gz
running 3081_70_ULBP1_ULBP_1.txt.gz.annotated.gz.exclusions.gz.alleles.gz
finished 3081_70_ULBP1_ULBP_1.txt.gz.annotated.gz.exclusions.gz.alleles.gz
running 3082_9_ULBP2_ULBP_2.txt.gz.annotated.gz.exclusions.gz.alleles.gz
finished 3082_9_ULBP2_ULBP_2.txt.gz.annotated.gz.exclusions.gz.alleles.gz
running 3083_71_EDA2R_XEDAR.txt.gz.annotated.gz.exclusions.gz.alleles.gz
finished 3083_71_EDA2R_XEDAR.txt.gz.annotated.gz.exclusions.gz.alleles.gz
running 3091_70_AURKA_Aurora_kinase_A.txt.gz.annotated.gz.exclusions.gz.alleles.gz
finished 3091_70_AURKA_Aurora_kinase_A.txt.gz.annotated.gz.exclusions.gz.alleles.gz
running 3115_64_MAPK1_MK01.txt.gz.annotated.gz.exclusions.gz.alleles.gz
finished 3115_64_MAPK1_MK01.txt.gz.annotated.gz.exclusions.gz.alleles.gz
running 3122_6_DIABLO_SMAC.txt.gz.annotated.gz.exclusions.gz.alleles.gz
finished 3122_6_DIABLO_SMAC.txt.gz.annotated.gz.exclusions.gz.alleles.gz
running 3132_1_VEGFC_VEGF_C.txt.gz.annotated.gz.exclusions.gz.alleles.gz
finished 3132_1_VEGFC_VEGF_C.txt.gz.annotated.gz.exclusions.gz.alleles.gz
running 3143_3_CD4_sCD4.txt.gz.annotated.gz.exclusions.gz.alleles.gz
finished 3143_3_CD4_sCD4.txt.gz.annotated.gz.exclusions.gz.alleles.gz
running 3151_6_IL2RA_IL_2_sRa.txt.gz.annotated.gz.exclusions.gz.alleles.gz
finished 3151_6_IL2RA_IL_2_sRa.txt.gz.annotated.gz.exclusions.gz.alleles.gz
running 3152_57_TNFRSF1B_TNF_sR_II.txt.gz.annotated.gz.exclusions.gz.alleles.gz
finished 3152_57_TNFRSF1B_TNF_sR_II.txt.gz.annotated.gz.exclusions.gz.alleles.gz
running 3166_92_CD33_Siglec_3.txt.gz.annotated.gz.exclusions.gz.alleles.gz
finished 3166_92_CD33_Siglec_3.txt.gz.annotated.gz.exclusions.gz.alleles.gz
