running SEMA3G_Q9NS98_OID30599.gz
finished SEMA3G_Q9NS98_OID30599.gz
running SEMA4C_Q9C0C4_OID21329.gz
finished SEMA4C_Q9C0C4_OID21329.gz
running SEMA4D_Q92854_OID21020.gz
finished SEMA4D_Q92854_OID21020.gz
running SEMA6C_Q9H3T2_OID30531.gz
finished SEMA6C_Q9H3T2_OID30531.gz
running SEMA7A_O75326_OID20283.gz
finished SEMA7A_O75326_OID20283.gz
running SEPTIN3_Q9UH03_OID31025.gz
finished SEPTIN3_Q9UH03_OID31025.gz
running SEPTIN7_Q16181_OID31288.gz
finished SEPTIN7_Q16181_OID31288.gz
running SEPTIN8_Q92599_OID31079.gz
finished SEPTIN8_Q92599_OID31079.gz
running SEPTIN9_Q9UHD8_OID21279.gz
finished SEPTIN9_Q9UHD8_OID21279.gz
running SERPINA11_Q86U17_OID20281.gz
finished SERPINA11_Q86U17_OID20281.gz
running SERPINA12_Q8IW75_OID20219.gz
finished SERPINA12_Q8IW75_OID20219.gz
running SERPINA1_P01009_OID30750.gz
finished SERPINA1_P01009_OID30750.gz
running SERPINA3_P01011_OID30786.gz
finished SERPINA3_P01011_OID30786.gz
running SERPINA4_P29622_OID30774.gz
finished SERPINA4_P29622_OID30774.gz
running SERPINA5_P05154_OID30763.gz
finished SERPINA5_P05154_OID30763.gz
running SERPINA6_P08185_OID30743.gz
finished SERPINA6_P08185_OID30743.gz
running SERPINA7_P05543_OID30724.gz
finished SERPINA7_P05543_OID30724.gz
running SERPINA9_Q86WD7_OID21284.gz
finished SERPINA9_Q86WD7_OID21284.gz
running SERPINB1_P30740_OID21088.gz
finished SERPINB1_P30740_OID21088.gz
running SERPINB5_P36952_OID20064.gz
finished SERPINB5_P36952_OID20064.gz
running SERPINB6_P35237_OID21023.gz
finished SERPINB6_P35237_OID21023.gz
running SERPINB8_P50452_OID20630.gz
finished SERPINB8_P50452_OID20630.gz
running SERPINB9_P50453_OID20932.gz
finished SERPINB9_P50453_OID20932.gz
running SERPINC1_P01008_OID30789.gz
finished SERPINC1_P01008_OID30789.gz
running SERPIND1_P05546_OID30767.gz
finished SERPIND1_P05546_OID30767.gz
running SERPINE1_P05121_OID20342.gz
finished SERPINE1_P05121_OID20342.gz
running SERPINE2_P07093_OID30359.gz
finished SERPINE2_P07093_OID30359.gz
running SERPINF1_P36955_OID30757.gz
finished SERPINF1_P36955_OID30757.gz
running SERPINF2_P08697_OID30779.gz
finished SERPINF2_P08697_OID30779.gz
running SERPING1_P05155_OID30777.gz
finished SERPING1_P05155_OID30777.gz
running SERPINH1_P50454_OID31322.gz
finished SERPINH1_P50454_OID31322.gz
running SERPINI1_Q99574_OID30604.gz
finished SERPINI1_Q99574_OID30604.gz
running SERPINI2_O75830_OID31504.gz
finished SERPINI2_O75830_OID31504.gz
running SESTD1_Q86VW0_OID20790.gz
finished SESTD1_Q86VW0_OID20790.gz
running SETMAR_Q53H47_OID20948.gz
finished SETMAR_Q53H47_OID20948.gz
running SEZ6L2_Q6UXD5_OID21289.gz
finished SEZ6L2_Q6UXD5_OID21289.gz
running SEZ6L_Q9BYH1_OID21488.gz
finished SEZ6L_Q9BYH1_OID21488.gz
running SEZ6_Q53EL9_OID30968.gz
finished SEZ6_Q53EL9_OID30968.gz
running SF3B4_Q15427_OID21278.gz
finished SF3B4_Q15427_OID21278.gz
running SFRP1_Q8N474_OID20984.gz
finished SFRP1_Q8N474_OID20984.gz
running SFRP4_Q6FHJ7_OID30648.gz
finished SFRP4_Q6FHJ7_OID30648.gz
running SFTPA1_Q8IWL2_OID21165.gz
finished SFTPA1_Q8IWL2_OID21165.gz
running SFTPA2_Q8IWL1_OID21218.gz
finished SFTPA2_Q8IWL1_OID21218.gz
running SFTPD_P35247_OID20214.gz
finished SFTPD_P35247_OID20214.gz
running SGSH_P51688_OID30341.gz
finished SGSH_P51688_OID30341.gz
running SH2B3_Q9UQQ2_OID21222.gz
finished SH2B3_Q9UQQ2_OID21222.gz
running SH2D1A_O60880_OID20514.gz
finished SH2D1A_O60880_OID20514.gz
running SH3BGRL2_Q9UJC5_OID30863.gz
finished SH3BGRL2_Q9UJC5_OID30863.gz
running SH3BP1_Q9Y3L3_OID31439.gz
finished SH3BP1_Q9Y3L3_OID31439.gz
running SH3GL3_Q99963_OID31334.gz
finished SH3GL3_Q99963_OID31334.gz
running SH3GLB2_Q9NR46_OID31145.gz
finished SH3GLB2_Q9NR46_OID31145.gz
running SHBG_P04278_OID30685.gz
finished SHBG_P04278_OID30685.gz
running SHC1_P29353_OID31222.gz
finished SHC1_P29353_OID31222.gz
running SHD_Q96IW2_OID30098.gz
finished SHD_Q96IW2_OID30098.gz
running SHH_Q15465_OID30516.gz
finished SHH_Q15465_OID30516.gz
running SHISA5_Q8N114_OID30387.gz
finished SHISA5_Q8N114_OID30387.gz
running SHMT1_P34896_OID20714.gz
finished SHMT1_P34896_OID20714.gz
running SHPK_Q9UHJ6_OID31292.gz
finished SHPK_Q9UHJ6_OID31292.gz
running SIAE_Q9HAT2_OID21503.gz
finished SIAE_Q9HAT2_OID21503.gz
running SIGLEC10_Q96LC7_OID20537.gz
finished SIGLEC10_Q96LC7_OID20537.gz
running SIGLEC15_Q6ZMC9_OID20812.gz
finished SIGLEC15_Q6ZMC9_OID20812.gz
running SIGLEC1_Q9BZZ2_OID20690.gz
finished SIGLEC1_Q9BZZ2_OID20690.gz
running SIGLEC5_O15389_OID21082.gz
finished SIGLEC5_O15389_OID21082.gz
running SIGLEC6_O43699_OID21394.gz
finished SIGLEC6_O43699_OID21394.gz
running SIGLEC7_Q9Y286_OID20190.gz
finished SIGLEC7_Q9Y286_OID20190.gz
running SIGLEC8_Q9NYZ4_OID30261.gz
finished SIGLEC8_Q9NYZ4_OID30261.gz
running SIGLEC9_Q9Y336_OID21390.gz
finished SIGLEC9_Q9Y336_OID21390.gz
running SIL1_Q9H173_OID30207.gz
finished SIL1_Q9H173_OID30207.gz
running SIRPA_P78324_OID20304.gz
finished SIRPA_P78324_OID20304.gz
running SIRPB1_O00241_OID20739.gz
finished SIRPB1_O00241_OID20739.gz
running SIRT1_Q96EB6_OID30439.gz
finished SIRT1_Q96EB6_OID30439.gz
running SIRT2_Q8IXJ6_OID21375.gz
finished SIRT2_Q8IXJ6_OID21375.gz
running SIRT5_Q9NXA8_OID20820.gz
finished SIRT5_Q9NXA8_OID20820.gz
running SIT1_Q9Y3P8_OID20462.gz
finished SIT1_Q9Y3P8_OID20462.gz
running SKAP1_Q86WV1_OID20906.gz
finished SKAP1_Q86WV1_OID20906.gz
running SKAP2_O75563_OID20761.gz
finished SKAP2_O75563_OID20761.gz
running SKIV2L_Q15477_OID30056.gz
finished SKIV2L_Q15477_OID30056.gz
running SLA2_Q9H6Q3_OID31017.gz
finished SLA2_Q9H6Q3_OID31017.gz
running SLAMF1_Q13291_OID20496.gz
finished SLAMF1_Q13291_OID20496.gz
running SLAMF6_Q96DU3_OID21254.gz
finished SLAMF6_Q96DU3_OID21254.gz
