running MMP7_P09237_OID20087.gz
finished MMP7_P09237_OID20087.gz
running MMP8_P22894_OID21019.gz
finished MMP8_P22894_OID21019.gz
running MMP9_P14780_OID21103.gz
finished MMP9_P14780_OID21103.gz
running MMUT_P22033_OID30159.gz
finished MMUT_P22033_OID30159.gz
running MN1_Q10571_OID30908.gz
finished MN1_Q10571_OID30908.gz
running MNAT1_P51948_OID31327.gz
finished MNAT1_P51948_OID31327.gz
running MNDA_P41218_OID20156.gz
finished MNDA_P41218_OID20156.gz
running MOCS2_O96007_OID30638.gz
finished MOCS2_O96007_OID30638.gz
running MOG_Q16653_OID21384.gz
finished MOG_Q16653_OID21384.gz
running MORC3_Q14149_OID31073.gz
finished MORC3_Q14149_OID31073.gz
running MORF4L1_Q9UBU8_OID31257.gz
finished MORF4L1_Q9UBU8_OID31257.gz
running MORF4L2_Q15014_OID31160.gz
finished MORF4L2_Q15014_OID31160.gz
running MORN4_Q8NDC4_OID31217.gz
finished MORN4_Q8NDC4_OID31217.gz
running MPHOSPH8_Q99549_OID20092.gz
finished MPHOSPH8_Q99549_OID20092.gz
running MPIG6B_O95866_OID20779.gz
finished MPIG6B_O95866_OID20779.gz
running MPI_P34949_OID21288.gz
finished MPI_P34949_OID21288.gz
running MPO_P05164_OID21100.gz
finished MPO_P05164_OID21100.gz
running MPRIP_Q6WCQ1_OID31420.gz
finished MPRIP_Q6WCQ1_OID31420.gz
running MRC1_P22897_OID30694.gz
finished MRC1_P22897_OID30694.gz
running MRI1_Q9BV20_OID30891.gz
finished MRI1_Q9BV20_OID30891.gz
running MRPL24_Q96A35_OID30178.gz
finished MRPL24_Q96A35_OID30178.gz
running MRPL28_Q13084_OID31023.gz
finished MRPL28_Q13084_OID31023.gz
running MRPL46_Q9H2W6_OID20858.gz
finished MRPL46_Q9H2W6_OID20858.gz
running MRPL52_Q86TS9_OID31239.gz
finished MRPL52_Q86TS9_OID31239.gz
running MRPL58_Q14197_OID31036.gz
finished MRPL58_Q14197_OID31036.gz
running MRPS16_Q9Y3D3_OID30489.gz
finished MRPS16_Q9Y3D3_OID30489.gz
running MSLNL_Q96KJ4_OID30939.gz
finished MSLNL_Q96KJ4_OID30939.gz
running MSLN_Q13421_OID21380.gz
finished MSLN_Q13421_OID21380.gz
running MSMB_P08118_OID20275.gz
finished MSMB_P08118_OID20275.gz
running MSR1_P21757_OID21063.gz
finished MSR1_P21757_OID21063.gz
running MSRA_Q9UJ68_OID21513.gz
finished MSRA_Q9UJ68_OID21513.gz
running MST1_P26927_OID30713.gz
finished MST1_P26927_OID30713.gz
running MSTN_O14793_OID20115.gz
finished MSTN_O14793_OID20115.gz
running MTDH_Q86UE4_OID30538.gz
finished MTDH_Q86UE4_OID30538.gz
running MTHFD2_P13995_OID31078.gz
finished MTHFD2_P13995_OID31078.gz
running MTHFSD_Q2M296_OID31305.gz
finished MTHFSD_Q2M296_OID31305.gz
running MTIF3_Q9H2K0_OID31513.gz
finished MTIF3_Q9H2K0_OID31513.gz
running MTPN_P58546_OID20080.gz
finished MTPN_P58546_OID20080.gz
running MTR_Q99707_OID30110.gz
finished MTR_Q99707_OID30110.gz
running MTSS1_O43312_OID31492.gz
finished MTSS1_O43312_OID31492.gz
running MTSS2_Q765P7_OID31409.gz
finished MTSS2_Q765P7_OID31409.gz
running MTUS1_Q9ULD2_OID31315.gz
finished MTUS1_Q9ULD2_OID31315.gz
running MUC13_Q9H3R2_OID20866.gz
finished MUC13_Q9H3R2_OID20866.gz
running MUC16_Q8WXI7_OID21378.gz
finished MUC16_Q8WXI7_OID21378.gz
running MUC2_Q02817_OID30377.gz
finished MUC2_Q02817_OID30377.gz
running MUCL3_Q3MIW9_OID31170.gz
finished MUCL3_Q3MIW9_OID31170.gz
running MVK_Q03426_OID20459.gz
finished MVK_Q03426_OID20459.gz
running MXRA8_Q9BRK3_OID30583.gz
finished MXRA8_Q9BRK3_OID30583.gz
running MYBPC1_Q00872_OID30296.gz
finished MYBPC1_Q00872_OID30296.gz
running MYBPC2_Q14324_OID30199.gz
finished MYBPC2_Q14324_OID30199.gz
running MYCBP2_O75592_OID30996.gz
finished MYCBP2_O75592_OID30996.gz
running MYDGF_Q969H8_OID30313.gz
finished MYDGF_Q969H8_OID30313.gz
running MYH4_Q9Y623_OID30061.gz
finished MYH4_Q9Y623_OID30061.gz
running MYH7B_A7E2Y1_OID31178.gz
finished MYH7B_A7E2Y1_OID31178.gz
running MYH9_P35579_OID30382.gz
finished MYH9_P35579_OID30382.gz
running MYL1_P05976_OID30120.gz
finished MYL1_P05976_OID30120.gz
running MYL3_P08590_OID30251.gz
finished MYL3_P08590_OID30251.gz
running MYL4_P12829_OID30245.gz
finished MYL4_P12829_OID30245.gz
running MYL6B_P14649_OID30936.gz
finished MYL6B_P14649_OID30936.gz
running MYLPF_Q96A32_OID30917.gz
finished MYLPF_Q96A32_OID30917.gz
running MYO6_Q9UM54_OID30989.gz
finished MYO6_Q9UM54_OID30989.gz
running MYO9B_Q13459_OID20451.gz
finished MYO9B_Q13459_OID20451.gz
running MYOC_Q99972_OID21121.gz
finished MYOC_Q99972_OID21121.gz
running MYOM1_P52179_OID30834.gz
finished MYOM1_P52179_OID30834.gz
running MYOM2_P54296_OID30131.gz
finished MYOM2_P54296_OID30131.gz
running MYOM3_Q5VTT5_OID30633.gz
finished MYOM3_Q5VTT5_OID30633.gz
running MZB1_Q8WU39_OID20732.gz
finished MZB1_Q8WU39_OID20732.gz
running MZT1_Q08AG7_OID21186.gz
finished MZT1_Q08AG7_OID21186.gz
running NAA10_P41227_OID30188.gz
finished NAA10_P41227_OID30188.gz
running NAA80_Q93015_OID30893.gz
finished NAA80_Q93015_OID30893.gz
running NAAA_Q02083_OID20931.gz
finished NAAA_Q02083_OID20931.gz
running NACC1_Q96RE7_OID31393.gz
finished NACC1_Q96RE7_OID31393.gz
running NADK_O95544_OID20178.gz
finished NADK_O95544_OID20178.gz
running NAGA_P17050_OID30509.gz
finished NAGA_P17050_OID30509.gz
running NAGK_Q9UJ70_OID30271.gz
finished NAGK_Q9UJ70_OID30271.gz
running NAGPA_Q9UK23_OID30643.gz
finished NAGPA_Q9UK23_OID30643.gz
running NAMPT_P43490_OID21227.gz
finished NAMPT_P43490_OID21227.gz
running NAP1L4_Q99733_OID31475.gz
finished NAP1L4_Q99733_OID31475.gz
running NAPRT_Q6XQN6_OID31114.gz
finished NAPRT_Q6XQN6_OID31114.gz
running NARS1_O43776_OID31035.gz
finished NARS1_O43776_OID31035.gz
running NBL1_P41271_OID21486.gz
finished NBL1_P41271_OID21486.gz
running NBN_O60934_OID20442.gz
finished NBN_O60934_OID20442.gz
running NCAM1_P13591_OID20354.gz
finished NCAM1_P13591_OID20354.gz
running NCAM2_O15394_OID21095.gz
finished NCAM2_O15394_OID21095.gz
running NCAN_O14594_OID21055.gz
finished NCAN_O14594_OID21055.gz
running NCF2_P19878_OID20567.gz
finished NCF2_P19878_OID20567.gz
running NCK2_O43639_OID20683.gz
finished NCK2_O43639_OID20683.gz
running NCLN_Q969V3_OID20448.gz
finished NCLN_Q969V3_OID20448.gz
running NCR1_O76036_OID20566.gz
finished NCR1_O76036_OID20566.gz
running NCR3LG1_Q68D85_OID31490.gz
finished NCR3LG1_Q68D85_OID31490.gz
running NCS1_P62166_OID21458.gz
finished NCS1_P62166_OID21458.gz
running NDRG1_Q92597_OID20792.gz
finished NDRG1_Q92597_OID20792.gz
running NDST1_P52848_OID31369.gz
finished NDST1_P52848_OID31369.gz
running NDUFA5_Q16718_OID30520.gz
finished NDUFA5_Q16718_OID30520.gz
running NDUFB7_P17568_OID31521.gz
finished NDUFB7_P17568_OID31521.gz
running NDUFS6_O75380_OID21224.gz
finished NDUFS6_O75380_OID21224.gz
running NEB_P20929_OID30105.gz
finished NEB_P20929_OID30105.gz
running NECAP2_Q9NVZ3_OID30089.gz
finished NECAP2_Q9NVZ3_OID30089.gz
running NECTIN1_Q15223_OID30545.gz
finished NECTIN1_Q15223_OID30545.gz
running NECTIN2_Q92692_OID20222.gz
finished NECTIN2_Q92692_OID20222.gz
running NECTIN4_Q96NY8_OID21490.gz
finished NECTIN4_Q96NY8_OID21490.gz
running NEDD4L_Q96PU5_OID30521.gz
finished NEDD4L_Q96PU5_OID30521.gz
running NEDD9_Q14511_OID30503.gz
finished NEDD9_Q14511_OID30503.gz
running NEFL_P07196_OID20871.gz
finished NEFL_P07196_OID20871.gz
running NEK7_Q8TDX7_OID31250.gz
finished NEK7_Q8TDX7_OID31250.gz
running NELL1_Q92832_OID21494.gz
finished NELL1_Q92832_OID21494.gz
running NELL2_Q99435_OID20706.gz
finished NELL2_Q99435_OID20706.gz
running NENF_Q9UMX5_OID31354.gz
finished NENF_Q9UMX5_OID31354.gz
running NEO1_Q92859_OID31066.gz
finished NEO1_Q92859_OID31066.gz
