running VPS53_Q5VIR6_OID21281.gz
finished VPS53_Q5VIR6_OID21281.gz
running VSIG10L_Q86VR7_OID30189.gz
finished VSIG10L_Q86VR7_OID30189.gz
running VSIG10_Q8N0Z9_OID31400.gz
finished VSIG10_Q8N0Z9_OID31400.gz
running VSIG2_Q96IQ7_OID31371.gz
finished VSIG2_Q96IQ7_OID31371.gz
running VSIG4_Q9Y279_OID21144.gz
finished VSIG4_Q9Y279_OID21144.gz
running VSIR_Q9H7M9_OID20131.gz
finished VSIR_Q9H7M9_OID20131.gz
running VSNL1_P62760_OID31105.gz
finished VSNL1_P62760_OID31105.gz
running VSTM1_Q6UX27_OID20851.gz
finished VSTM1_Q6UX27_OID20851.gz
running VSTM2B_A6NLU5_OID31272.gz
finished VSTM2B_A6NLU5_OID31272.gz
running VSTM2L_Q96N03_OID20067.gz
finished VSTM2L_Q96N03_OID20067.gz
running VTA1_Q9NP79_OID21016.gz
finished VTA1_Q9NP79_OID21016.gz
running VTCN1_Q7Z7D3_OID21164.gz
finished VTCN1_Q7Z7D3_OID21164.gz
running VTI1A_Q96AJ9_OID30640.gz
finished VTI1A_Q96AJ9_OID30640.gz
running VWA1_Q6PCB0_OID21421.gz
finished VWA1_Q6PCB0_OID21421.gz
running VWA5A_O00534_OID31198.gz
finished VWA5A_O00534_OID31198.gz
running VWC2L_B2RUY7_OID31002.gz
finished VWC2L_B2RUY7_OID31002.gz
running VWC2_Q2TAL6_OID20936.gz
finished VWC2_Q2TAL6_OID20936.gz
running VWF_P04275_OID20256.gz
finished VWF_P04275_OID20256.gz
running WARS_P23381_OID21084.gz
finished WARS_P23381_OID21084.gz
running WASF1_Q92558_OID20091.gz
finished WASF1_Q92558_OID20091.gz
running WASF3_Q9UPY6_OID20882.gz
finished WASF3_Q9UPY6_OID20882.gz
running WASHC3_Q9Y3C0_OID31123.gz
finished WASHC3_Q9Y3C0_OID31123.gz
running WASL_O00401_OID30467.gz
finished WASL_O00401_OID30467.gz
running WAS_P42768_OID20479.gz
finished WAS_P42768_OID20479.gz
running WDR46_O15213_OID31389.gz
finished WDR46_O15213_OID31389.gz
running WFDC12_Q8WWY7_OID21462.gz
finished WFDC12_Q8WWY7_OID21462.gz
running WFDC1_Q9HC57_OID31366.gz
finished WFDC1_Q9HC57_OID31366.gz
running WFDC2_Q14508_OID21505.gz
finished WFDC2_Q14508_OID21505.gz
running WFIKKN1_Q96NZ8_OID20939.gz
finished WFIKKN1_Q96NZ8_OID20939.gz
running WFIKKN2_Q8TEU8_OID20785.gz
finished WFIKKN2_Q8TEU8_OID20785.gz
running WIF1_Q9Y5W5_OID21464.gz
finished WIF1_Q9Y5W5_OID21464.gz
running WNT9A_O14904_OID20460.gz
finished WNT9A_O14904_OID20460.gz
running WWP2_O00308_OID20926.gz
finished WWP2_O00308_OID20926.gz
running XCL1_P47992_OID21398.gz
finished XCL1_P47992_OID21398.gz
running XG_P55808_OID20259.gz
finished XG_P55808_OID20259.gz
running XIAP_P98170_OID30490.gz
finished XIAP_P98170_OID30490.gz
running XPNPEP2_O43895_OID21508.gz
finished XPNPEP2_O43895_OID21508.gz
running XRCC4_Q13426_OID20869.gz
finished XRCC4_Q13426_OID20869.gz
running YAP1_P46937_OID31113.gz
finished YAP1_P46937_OID31113.gz
running YARS1_P54577_OID31494.gz
finished YARS1_P54577_OID31494.gz
running YES1_P07947_OID21348.gz
finished YES1_P07947_OID21348.gz
running YJU2_Q9BW85_OID31404.gz
finished YJU2_Q9BW85_OID31404.gz
running YOD1_Q5VVQ6_OID30181.gz
finished YOD1_Q5VVQ6_OID30181.gz
running YTHDF3_Q7Z739_OID20478.gz
finished YTHDF3_Q7Z739_OID20478.gz
running YWHAQ_P27348_OID30605.gz
finished YWHAQ_P27348_OID30605.gz
running YY1_P25490_OID30446.gz
finished YY1_P25490_OID30446.gz
running ZBP1_Q9H171_OID30526.gz
finished ZBP1_Q9H171_OID30526.gz
running ZBTB16_Q05516_OID21205.gz
finished ZBTB16_Q05516_OID21205.gz
running ZBTB17_Q13105_OID20082.gz
finished ZBTB17_Q13105_OID20082.gz
running ZCCHC8_Q6NZY4_OID30117.gz
finished ZCCHC8_Q6NZY4_OID30117.gz
running ZFYVE19_Q96K21_OID31452.gz
finished ZFYVE19_Q96K21_OID31452.gz
running ZHX2_Q9Y6X8_OID31140.gz
finished ZHX2_Q9Y6X8_OID31140.gz
running ZNF174_Q15697_OID30508.gz
finished ZNF174_Q15697_OID30508.gz
running ZNF75D_P51815_OID31303.gz
finished ZNF75D_P51815_OID31303.gz
running ZNF830_Q96NB3_OID31350.gz
finished ZNF830_Q96NB3_OID31350.gz
running ZNRD2_O60232_OID31450.gz
finished ZNRD2_O60232_OID31450.gz
running ZNRF4_Q8WWF5_OID31347.gz
finished ZNRF4_Q8WWF5_OID31347.gz
running ZP3_P21754_OID30265.gz
finished ZP3_P21754_OID30265.gz
running ZP4_Q12836_OID31185.gz
finished ZP4_Q12836_OID31185.gz
running ZPR1_O75312_OID30801.gz
finished ZPR1_O75312_OID30801.gz
running 10000_28_CRYBB2_CRBB2.txt.gz.annotated.gz.exclusions.gz.alleles.gz
finished 10000_28_CRYBB2_CRBB2.txt.gz.annotated.gz.exclusions.gz.alleles.gz
running 10001_7_RAF1_c_Raf.txt.gz.annotated.gz.exclusions.gz.alleles.gz
finished 10001_7_RAF1_c_Raf.txt.gz.annotated.gz.exclusions.gz.alleles.gz
running 10003_15_ZNF41_ZNF41.txt.gz.annotated.gz.exclusions.gz.alleles.gz
finished 10003_15_ZNF41_ZNF41.txt.gz.annotated.gz.exclusions.gz.alleles.gz
running 10006_25_ELK1_ELK1.txt.gz.annotated.gz.exclusions.gz.alleles.gz
finished 10006_25_ELK1_ELK1.txt.gz.annotated.gz.exclusions.gz.alleles.gz
running 10008_43_GUCA1A_GUC1A.txt.gz.annotated.gz.exclusions.gz.alleles.gz
finished 10008_43_GUCA1A_GUC1A.txt.gz.annotated.gz.exclusions.gz.alleles.gz
running 10011_65_OCRL_OCRL.txt.gz.annotated.gz.exclusions.gz.alleles.gz
finished 10011_65_OCRL_OCRL.txt.gz.annotated.gz.exclusions.gz.alleles.gz
running 10012_5_SPDEF_SPDEF.txt.gz.annotated.gz.exclusions.gz.alleles.gz
finished 10012_5_SPDEF_SPDEF.txt.gz.annotated.gz.exclusions.gz.alleles.gz
running 10014_31_SNAI2_SLUG.txt.gz.annotated.gz.exclusions.gz.alleles.gz
finished 10014_31_SNAI2_SLUG.txt.gz.annotated.gz.exclusions.gz.alleles.gz
running 10015_119_KCNAB2_KCAB2.txt.gz.annotated.gz.exclusions.gz.alleles.gz
finished 10015_119_KCNAB2_KCAB2.txt.gz.annotated.gz.exclusions.gz.alleles.gz
running 10022_207_POLH_POLH.txt.gz.annotated.gz.exclusions.gz.alleles.gz
finished 10022_207_POLH_POLH.txt.gz.annotated.gz.exclusions.gz.alleles.gz
running 10023_32_VDR_VDR.txt.gz.annotated.gz.exclusions.gz.alleles.gz
finished 10023_32_VDR_VDR.txt.gz.annotated.gz.exclusions.gz.alleles.gz
running 10024_44_HOGA1_HOGA1.txt.gz.annotated.gz.exclusions.gz.alleles.gz
finished 10024_44_HOGA1_HOGA1.txt.gz.annotated.gz.exclusions.gz.alleles.gz
running 10030_8_MUTYH_MutY_homolog.txt.gz.annotated.gz.exclusions.gz.alleles.gz
finished 10030_8_MUTYH_MutY_homolog.txt.gz.annotated.gz.exclusions.gz.alleles.gz
running 10035_6_DUSP4_DUS4.txt.gz.annotated.gz.exclusions.gz.alleles.gz
finished 10035_6_DUSP4_DUS4.txt.gz.annotated.gz.exclusions.gz.alleles.gz
running 10036_201_ZHX3_ZHX3.txt.gz.annotated.gz.exclusions.gz.alleles.gz
finished 10036_201_ZHX3_ZHX3.txt.gz.annotated.gz.exclusions.gz.alleles.gz
running 10037_98_SIGLEC12_SIG12.txt.gz.annotated.gz.exclusions.gz.alleles.gz
finished 10037_98_SIGLEC12_SIG12.txt.gz.annotated.gz.exclusions.gz.alleles.gz
running 10040_63_TP63_P73L.txt.gz.annotated.gz.exclusions.gz.alleles.gz
finished 10040_63_TP63_P73L.txt.gz.annotated.gz.exclusions.gz.alleles.gz
running 10041_3_HNF4A_HNF4A.txt.gz.annotated.gz.exclusions.gz.alleles.gz
finished 10041_3_HNF4A_HNF4A.txt.gz.annotated.gz.exclusions.gz.alleles.gz
running 10042_8_SGK3_SGK3.txt.gz.annotated.gz.exclusions.gz.alleles.gz
finished 10042_8_SGK3_SGK3.txt.gz.annotated.gz.exclusions.gz.alleles.gz
running 10043_31_BRD4_BRD4.txt.gz.annotated.gz.exclusions.gz.alleles.gz
finished 10043_31_BRD4_BRD4.txt.gz.annotated.gz.exclusions.gz.alleles.gz
