running 4549_78_FUT5_FUT5.txt.gz.annotated.gz.exclusions.gz.alleles.gz
finished 4549_78_FUT5_FUT5.txt.gz.annotated.gz.exclusions.gz.alleles.gz
running 4551_72_ADGRG5_GP114.txt.gz.annotated.gz.exclusions.gz.alleles.gz
finished 4551_72_ADGRG5_GP114.txt.gz.annotated.gz.exclusions.gz.alleles.gz
running 4553_65_HDGFRP2_HDGR2.txt.gz.annotated.gz.exclusions.gz.alleles.gz
finished 4553_65_HDGFRP2_HDGR2.txt.gz.annotated.gz.exclusions.gz.alleles.gz
running 4556_10_IL34_IL_34.txt.gz.annotated.gz.exclusions.gz.alleles.gz
finished 4556_10_IL34_IL_34.txt.gz.annotated.gz.exclusions.gz.alleles.gz
running 4557_61_KIRREL3_KIRR3.txt.gz.annotated.gz.exclusions.gz.alleles.gz
finished 4557_61_KIRREL3_KIRR3.txt.gz.annotated.gz.exclusions.gz.alleles.gz
running 4559_64_KYNU_KYNU.txt.gz.annotated.gz.exclusions.gz.alleles.gz
finished 4559_64_KYNU_KYNU.txt.gz.annotated.gz.exclusions.gz.alleles.gz
running 4560_34_LCK_LCK.txt.gz.annotated.gz.exclusions.gz.alleles.gz
finished 4560_34_LCK_LCK.txt.gz.annotated.gz.exclusions.gz.alleles.gz
running 4562_1_NXPH1_NXPH1.txt.gz.annotated.gz.exclusions.gz.alleles.gz
finished 4562_1_NXPH1_NXPH1.txt.gz.annotated.gz.exclusions.gz.alleles.gz
running 4563_61_PLCG1_PLCG1.txt.gz.annotated.gz.exclusions.gz.alleles.gz
finished 4563_61_PLCG1_PLCG1.txt.gz.annotated.gz.exclusions.gz.alleles.gz
running 4564_2_PLXNC1_PLXC1.txt.gz.annotated.gz.exclusions.gz.alleles.gz
finished 4564_2_PLXNC1_PLXC1.txt.gz.annotated.gz.exclusions.gz.alleles.gz
running 4566_24_RSPO2_RSPO2.txt.gz.annotated.gz.exclusions.gz.alleles.gz
finished 4566_24_RSPO2_RSPO2.txt.gz.annotated.gz.exclusions.gz.alleles.gz
running 4567_82_SH2D1A_SH21A.txt.gz.annotated.gz.exclusions.gz.alleles.gz
finished 4567_82_SH2D1A_SH21A.txt.gz.annotated.gz.exclusions.gz.alleles.gz
running 4568_17_SLITRK5_SLIK5.txt.gz.annotated.gz.exclusions.gz.alleles.gz
finished 4568_17_SLITRK5_SLIK5.txt.gz.annotated.gz.exclusions.gz.alleles.gz
running 4569_52_SORCS2_SORC2.txt.gz.annotated.gz.exclusions.gz.alleles.gz
finished 4569_52_SORCS2_SORC2.txt.gz.annotated.gz.exclusions.gz.alleles.gz
running 4588_1_PPY_PH.txt.gz.annotated.gz.exclusions.gz.alleles.gz
finished 4588_1_PPY_PH.txt.gz.annotated.gz.exclusions.gz.alleles.gz
running 4673_13_IL6_IL_6.txt.gz.annotated.gz.exclusions.gz.alleles.gz
finished 4673_13_IL6_IL_6.txt.gz.annotated.gz.exclusions.gz.alleles.gz
running 4693_72_HIBADH_3HIDH.txt.gz.annotated.gz.exclusions.gz.alleles.gz
finished 4693_72_HIBADH_3HIDH.txt.gz.annotated.gz.exclusions.gz.alleles.gz
running 4697_59_CSF2_GM_CSF.txt.gz.annotated.gz.exclusions.gz.alleles.gz
finished 4697_59_CSF2_GM_CSF.txt.gz.annotated.gz.exclusions.gz.alleles.gz
running 4703_87_LTA_TNF_b.txt.gz.annotated.gz.exclusions.gz.alleles.gz
finished 4703_87_LTA_TNF_b.txt.gz.annotated.gz.exclusions.gz.alleles.gz
running 4706_17_EPB41_41.txt.gz.annotated.gz.exclusions.gz.alleles.gz
finished 4706_17_EPB41_41.txt.gz.annotated.gz.exclusions.gz.alleles.gz
running 4708_3_HSD17B1_17_beta_HSD_1.txt.gz.annotated.gz.exclusions.gz.alleles.gz
finished 4708_3_HSD17B1_17_beta_HSD_1.txt.gz.annotated.gz.exclusions.gz.alleles.gz
running 4712_28_APOD_Apo_D.txt.gz.annotated.gz.exclusions.gz.alleles.gz
finished 4712_28_APOD_Apo_D.txt.gz.annotated.gz.exclusions.gz.alleles.gz
running 4717_55_IL3_IL_3.txt.gz.annotated.gz.exclusions.gz.alleles.gz
finished 4717_55_IL3_IL_3.txt.gz.annotated.gz.exclusions.gz.alleles.gz
running 4718_5_PPIB_PPIB.txt.gz.annotated.gz.exclusions.gz.alleles.gz
finished 4718_5_PPIB_PPIB.txt.gz.annotated.gz.exclusions.gz.alleles.gz
running 4719_58_PDIA3_Protein_disulfide_isomerase_A3.txt.gz.annotated.gz.exclusions.gz.alleles.gz
finished 4719_58_PDIA3_Protein_disulfide_isomerase_A3.txt.gz.annotated.gz.exclusions.gz.alleles.gz
running 4721_54_TFF3_TFF3.txt.gz.annotated.gz.exclusions.gz.alleles.gz
finished 4721_54_TFF3_TFF3.txt.gz.annotated.gz.exclusions.gz.alleles.gz
running 4763_31_AFM_Afamin.txt.gz.annotated.gz.exclusions.gz.alleles.gz
finished 4763_31_AFM_Afamin.txt.gz.annotated.gz.exclusions.gz.alleles.gz
running 4769_10_OLFM4_Olfactomedin_4.txt.gz.annotated.gz.exclusions.gz.alleles.gz
finished 4769_10_OLFM4_Olfactomedin_4.txt.gz.annotated.gz.exclusions.gz.alleles.gz
running 4771_10_SMPDL3A_ASM3A.txt.gz.annotated.gz.exclusions.gz.alleles.gz
finished 4771_10_SMPDL3A_ASM3A.txt.gz.annotated.gz.exclusions.gz.alleles.gz
running 4775_34_GSN_Gelsolin.txt.gz.annotated.gz.exclusions.gz.alleles.gz
finished 4775_34_GSN_Gelsolin.txt.gz.annotated.gz.exclusions.gz.alleles.gz
running 4785_30_SERPINA6_CBG.txt.gz.annotated.gz.exclusions.gz.alleles.gz
finished 4785_30_SERPINA6_CBG.txt.gz.annotated.gz.exclusions.gz.alleles.gz
running 4801_13_LPO_PERL.txt.gz.annotated.gz.exclusions.gz.alleles.gz
finished 4801_13_LPO_PERL.txt.gz.annotated.gz.exclusions.gz.alleles.gz
running 4807_13_COL8A1_CO8A1.txt.gz.annotated.gz.exclusions.gz.alleles.gz
finished 4807_13_COL8A1_CO8A1.txt.gz.annotated.gz.exclusions.gz.alleles.gz
running 4811_33_ITIH4_ITI_heavy_chain_H4.txt.gz.annotated.gz.exclusions.gz.alleles.gz
finished 4811_33_ITIH4_ITI_heavy_chain_H4.txt.gz.annotated.gz.exclusions.gz.alleles.gz
running 4829_43_SFN_STRATIFIN.txt.gz.annotated.gz.exclusions.gz.alleles.gz
finished 4829_43_SFN_STRATIFIN.txt.gz.annotated.gz.exclusions.gz.alleles.gz
running 4831_4_SELL_sL_Selectin.txt.gz.annotated.gz.exclusions.gz.alleles.gz
finished 4831_4_SELL_sL_Selectin.txt.gz.annotated.gz.exclusions.gz.alleles.gz
running 4832_75_TNFRSF10A_TRAIL_R1.txt.gz.annotated.gz.exclusions.gz.alleles.gz
finished 4832_75_TNFRSF10A_TRAIL_R1.txt.gz.annotated.gz.exclusions.gz.alleles.gz
running 4834_61_EPHA2_Epithelial_cell_kinase.txt.gz.annotated.gz.exclusions.gz.alleles.gz
finished 4834_61_EPHA2_Epithelial_cell_kinase.txt.gz.annotated.gz.exclusions.gz.alleles.gz
running 4840_73_CSF3_G_CSF.txt.gz.annotated.gz.exclusions.gz.alleles.gz
finished 4840_73_CSF3_G_CSF.txt.gz.annotated.gz.exclusions.gz.alleles.gz
running 4842_62_GPC3_Glypican_3.txt.gz.annotated.gz.exclusions.gz.alleles.gz
finished 4842_62_GPC3_Glypican_3.txt.gz.annotated.gz.exclusions.gz.alleles.gz
running 4851_25_IL1A_IL_1a.txt.gz.annotated.gz.exclusions.gz.alleles.gz
finished 4851_25_IL1A_IL_1a.txt.gz.annotated.gz.exclusions.gz.alleles.gz
running 4862_63_BMPR2_BMP_RII.txt.gz.annotated.gz.exclusions.gz.alleles.gz
finished 4862_63_BMPR2_BMP_RII.txt.gz.annotated.gz.exclusions.gz.alleles.gz
running 4866_59_NTRK2_TrkB.txt.gz.annotated.gz.exclusions.gz.alleles.gz
finished 4866_59_NTRK2_TrkB.txt.gz.annotated.gz.exclusions.gz.alleles.gz
running 4867_15_VEGFA_VEGF121.txt.gz.annotated.gz.exclusions.gz.alleles.gz
finished 4867_15_VEGFA_VEGF121.txt.gz.annotated.gz.exclusions.gz.alleles.gz
running 4874_3_ANG_Angiogenin.txt.gz.annotated.gz.exclusions.gz.alleles.gz
finished 4874_3_ANG_Angiogenin.txt.gz.annotated.gz.exclusions.gz.alleles.gz
running 4876_32_F9_Coagulation_Factor_IX.txt.gz.annotated.gz.exclusions.gz.alleles.gz
finished 4876_32_F9_Coagulation_Factor_IX.txt.gz.annotated.gz.exclusions.gz.alleles.gz
running 4878_3_F10_Coagulation_Factor_X.txt.gz.annotated.gz.exclusions.gz.alleles.gz
finished 4878_3_F10_Coagulation_Factor_X.txt.gz.annotated.gz.exclusions.gz.alleles.gz
running 4880_21_GDF2_GDF2.txt.gz.annotated.gz.exclusions.gz.alleles.gz
finished 4880_21_GDF2_GDF2.txt.gz.annotated.gz.exclusions.gz.alleles.gz
running 4883_56_INS_Insulin.txt.gz.annotated.gz.exclusions.gz.alleles.gz
finished 4883_56_INS_Insulin.txt.gz.annotated.gz.exclusions.gz.alleles.gz
running 4886_3_CCL7_MCP_3.txt.gz.annotated.gz.exclusions.gz.alleles.gz
finished 4886_3_CCL7_MCP_3.txt.gz.annotated.gz.exclusions.gz.alleles.gz
running 4889_82_WNT7A_WNT7A.txt.gz.annotated.gz.exclusions.gz.alleles.gz
finished 4889_82_WNT7A_WNT7A.txt.gz.annotated.gz.exclusions.gz.alleles.gz
running 4890_10_POMC_ACTH.txt.gz.annotated.gz.exclusions.gz.alleles.gz
finished 4890_10_POMC_ACTH.txt.gz.annotated.gz.exclusions.gz.alleles.gz
running 4891_50_GCG_Glucagon.txt.gz.annotated.gz.exclusions.gz.alleles.gz
finished 4891_50_GCG_Glucagon.txt.gz.annotated.gz.exclusions.gz.alleles.gz
running 4900_8_C3_C3a.txt.gz.annotated.gz.exclusions.gz.alleles.gz
finished 4900_8_C3_C3a.txt.gz.annotated.gz.exclusions.gz.alleles.gz
running 4904_7_CASP2_Caspase_2.txt.gz.annotated.gz.exclusions.gz.alleles.gz
finished 4904_7_CASP2_Caspase_2.txt.gz.annotated.gz.exclusions.gz.alleles.gz
running 4905_63_COTL1_Coactosin_like_protein.txt.gz.annotated.gz.exclusions.gz.alleles.gz
finished 4905_63_COTL1_Coactosin_like_protein.txt.gz.annotated.gz.exclusions.gz.alleles.gz
running 4906_35_F5_Coagulation_Factor_V.txt.gz.annotated.gz.exclusions.gz.alleles.gz
finished 4906_35_F5_Coagulation_Factor_V.txt.gz.annotated.gz.exclusions.gz.alleles.gz
running 4908_6_ENG_Endoglin.txt.gz.annotated.gz.exclusions.gz.alleles.gz
finished 4908_6_ENG_Endoglin.txt.gz.annotated.gz.exclusions.gz.alleles.gz
running 4909_68_LGALS8_Galectin_8.txt.gz.annotated.gz.exclusions.gz.alleles.gz
finished 4909_68_LGALS8_Galectin_8.txt.gz.annotated.gz.exclusions.gz.alleles.gz
running 4910_21_PLA2G1B_GIB.txt.gz.annotated.gz.exclusions.gz.alleles.gz
finished 4910_21_PLA2G1B_GIB.txt.gz.annotated.gz.exclusions.gz.alleles.gz
running 4911_49_GSTP1_Glutathione_S_transferase_Pi.txt.gz.annotated.gz.exclusions.gz.alleles.gz
finished 4911_49_GSTP1_Glutathione_S_transferase_Pi.txt.gz.annotated.gz.exclusions.gz.alleles.gz
running 4912_17_GOT1_GOT1.txt.gz.annotated.gz.exclusions.gz.alleles.gz
finished 4912_17_GOT1_GOT1.txt.gz.annotated.gz.exclusions.gz.alleles.gz
running 4913_78_CCL16_HCC_4.txt.gz.annotated.gz.exclusions.gz.alleles.gz
finished 4913_78_CCL16_HCC_4.txt.gz.annotated.gz.exclusions.gz.alleles.gz
running 4920_10_LYZ_Lysozyme.txt.gz.annotated.gz.exclusions.gz.alleles.gz
finished 4920_10_LYZ_Lysozyme.txt.gz.annotated.gz.exclusions.gz.alleles.gz
running 4922_13_CCL19_MIP_3b.txt.gz.annotated.gz.exclusions.gz.alleles.gz
finished 4922_13_CCL19_MIP_3b.txt.gz.annotated.gz.exclusions.gz.alleles.gz
running 4923_79_AMH_MIS.txt.gz.annotated.gz.exclusions.gz.alleles.gz
finished 4923_79_AMH_MIS.txt.gz.annotated.gz.exclusions.gz.alleles.gz
running 4924_32_MMP1_MMP_1.txt.gz.annotated.gz.exclusions.gz.alleles.gz
finished 4924_32_MMP1_MMP_1.txt.gz.annotated.gz.exclusions.gz.alleles.gz
running 4925_54_MMP13_MMP_13.txt.gz.annotated.gz.exclusions.gz.alleles.gz
finished 4925_54_MMP13_MMP_13.txt.gz.annotated.gz.exclusions.gz.alleles.gz
running 4929_55_SHBG_SHBG.txt.gz.annotated.gz.exclusions.gz.alleles.gz
finished 4929_55_SHBG_SHBG.txt.gz.annotated.gz.exclusions.gz.alleles.gz
running 4930_21_STC1_Stanniocalcin_1.txt.gz.annotated.gz.exclusions.gz.alleles.gz
finished 4930_21_STC1_Stanniocalcin_1.txt.gz.annotated.gz.exclusions.gz.alleles.gz
running 4931_59_F3_TF.txt.gz.annotated.gz.exclusions.gz.alleles.gz
finished 4931_59_F3_TF.txt.gz.annotated.gz.exclusions.gz.alleles.gz
running 4956_2_EREG_EPI.txt.gz.annotated.gz.exclusions.gz.alleles.gz
finished 4956_2_EREG_EPI.txt.gz.annotated.gz.exclusions.gz.alleles.gz
running 4959_2_AGR2_AGR2.txt.gz.annotated.gz.exclusions.gz.alleles.gz
finished 4959_2_AGR2_AGR2.txt.gz.annotated.gz.exclusions.gz.alleles.gz
running 4960_72_ANXA1_annexin_I.txt.gz.annotated.gz.exclusions.gz.alleles.gz
finished 4960_72_ANXA1_annexin_I.txt.gz.annotated.gz.exclusions.gz.alleles.gz
running 4961_17_ANXA2_annexin_II.txt.gz.annotated.gz.exclusions.gz.alleles.gz
finished 4961_17_ANXA2_annexin_II.txt.gz.annotated.gz.exclusions.gz.alleles.gz
running 4962_52_CDNF_ARMEL.txt.gz.annotated.gz.exclusions.gz.alleles.gz
finished 4962_52_CDNF_ARMEL.txt.gz.annotated.gz.exclusions.gz.alleles.gz
running 4963_19_ARPP19_ARP19.txt.gz.annotated.gz.exclusions.gz.alleles.gz
finished 4963_19_ARPP19_ARP19.txt.gz.annotated.gz.exclusions.gz.alleles.gz
running 4964_67_ERAP1_ARTS1.txt.gz.annotated.gz.exclusions.gz.alleles.gz
finished 4964_67_ERAP1_ARTS1.txt.gz.annotated.gz.exclusions.gz.alleles.gz
running 4965_27_ATP5B_ATP_synthase_beta_chain.txt.gz.annotated.gz.exclusions.gz.alleles.gz
finished 4965_27_ATP5B_ATP_synthase_beta_chain.txt.gz.annotated.gz.exclusions.gz.alleles.gz
running 4967_1_C1QBP_C1QBP.txt.gz.annotated.gz.exclusions.gz.alleles.gz
finished 4967_1_C1QBP_C1QBP.txt.gz.annotated.gz.exclusions.gz.alleles.gz
