running IL5_P05113_OID20472.gz
finished IL5_P05113_OID20472.gz
running IL5RA_Q01344_OID20601.gz
finished IL5RA_Q01344_OID20601.gz
running IL6_P05231_OID20101.gz
finished IL6_P05231_OID20101.gz
running IL6_P05231_OID20563.gz
finished IL6_P05231_OID20563.gz
running IL6_P05231_OID20911.gz
finished IL6_P05231_OID20911.gz
running IL6_P05231_OID21276.gz
finished IL6_P05231_OID21276.gz
running IL6R_P08887_OID20385.gz
finished IL6R_P08887_OID20385.gz
running IL6ST_P40189_OID20147.gz
finished IL6ST_P40189_OID20147.gz
running IL7_P13232_OID20535.gz
finished IL7_P13232_OID20535.gz
running IL7R_P16871_OID21136.gz
finished IL7R_P16871_OID21136.gz
running IL9_P15248_OID31298.gz
finished IL9_P15248_OID31298.gz
running ILKAP_Q9H0C8_OID20855.gz
finished ILKAP_Q9H0C8_OID20855.gz
running IMMT_Q16891_OID31397.gz
finished IMMT_Q16891_OID31397.gz
running IMPA1_P29218_OID20907.gz
finished IMPA1_P29218_OID20907.gz
running IMPACT_Q9P2X3_OID31112.gz
finished IMPACT_Q9P2X3_OID31112.gz
running IMPG1_Q17R60_OID30814.gz
finished IMPG1_Q17R60_OID30814.gz
running ING1_Q9UK53_OID20853.gz
finished ING1_Q9UK53_OID20853.gz
running INHBB_P09529_OID30625.gz
finished INHBB_P09529_OID30625.gz
running INHBC_P55103_OID21093.gz
finished INHBC_P55103_OID21093.gz
running INPP1_P49441_OID21345.gz
finished INPP1_P49441_OID21345.gz
running INPP5D_Q92835_OID30259.gz
finished INPP5D_Q92835_OID30259.gz
running INPP5J_Q15735_OID30975.gz
finished INPP5J_Q15735_OID30975.gz
running INPPL1_O15357_OID21314.gz
finished INPPL1_O15357_OID21314.gz
running INSL3_P51460_OID31129.gz
finished INSL3_P51460_OID31129.gz
running INSL4_Q14641_OID31370.gz
finished INSL4_Q14641_OID31370.gz
running INSL5_Q9Y5Q6_OID31448.gz
finished INSL5_Q9Y5Q6_OID31448.gz
running INSR_P06213_OID30566.gz
finished INSR_P06213_OID30566.gz
running IPCEF1_Q8WWN9_OID20977.gz
finished IPCEF1_Q8WWN9_OID20977.gz
running IQGAP2_Q13576_OID21361.gz
finished IQGAP2_Q13576_OID21361.gz
running IRAG2_Q12912_OID20085.gz
finished IRAG2_Q12912_OID20085.gz
running IRAK1_P51617_OID20485.gz
finished IRAK1_P51617_OID20485.gz
running IRAK4_Q9NWZ3_OID20577.gz
finished IRAK4_Q9NWZ3_OID20577.gz
running ISLR2_Q6UXK2_OID20889.gz
finished ISLR2_Q6UXK2_OID20889.gz
running ISM1_B1AKI9_OID20538.gz
finished ISM1_B1AKI9_OID20538.gz
running ISM2_Q6H9L7_OID30365.gz
finished ISM2_Q6H9L7_OID30365.gz
running IST1_P53990_OID31497.gz
finished IST1_P53990_OID31497.gz
running ITGA11_Q9UKX5_OID20581.gz
finished ITGA11_Q9UKX5_OID20581.gz
running ITGA2_P17301_OID30570.gz
finished ITGA2_P17301_OID30570.gz
running ITGA5_P08648_OID21139.gz
finished ITGA5_P08648_OID21139.gz
running ITGA6_P23229_OID20528.gz
finished ITGA6_P23229_OID20528.gz
running ITGAL_P20701_OID30537.gz
finished ITGAL_P20701_OID30537.gz
running ITGAM_P11215_OID21071.gz
finished ITGAM_P11215_OID21071.gz
running ITGAV_P06756_OID21416.gz
finished ITGAV_P06756_OID21416.gz
running ITGAX_P20702_OID31325.gz
finished ITGAX_P20702_OID31325.gz
running ITGB1BP1_O14713_OID21268.gz
finished ITGB1BP1_O14713_OID21268.gz
running ITGB1BP2_Q9UKP3_OID20112.gz
finished ITGB1BP2_Q9UKP3_OID20112.gz
running ITGB1_P05556_OID20376.gz
finished ITGB1_P05556_OID20376.gz
running ITGB2_P05107_OID20315.gz
finished ITGB2_P05107_OID20315.gz
running ITGB5_P18084_OID21522.gz
finished ITGB5_P18084_OID21522.gz
running ITGB6_P18564_OID20493.gz
finished ITGB6_P18564_OID20493.gz
running ITGB7_P26010_OID21393.gz
finished ITGB7_P26010_OID21393.gz
running ITGBL1_O95965_OID30408.gz
finished ITGBL1_O95965_OID30408.gz
running ITIH1_P19827_OID30722.gz
finished ITIH1_P19827_OID30722.gz
running ITIH3_Q06033_OID20352.gz
finished ITIH3_Q06033_OID20352.gz
running ITIH4_Q14624_OID30762.gz
finished ITIH4_Q14624_OID30762.gz
running ITIH5_Q86UX2_OID31430.gz
finished ITIH5_Q86UX2_OID31430.gz
running ITM2A_O43736_OID20504.gz
finished ITM2A_O43736_OID20504.gz
running ITPA_Q9BY32_OID30082.gz
finished ITPA_Q9BY32_OID30082.gz
running ITPR1_Q14643_OID30216.gz
finished ITPR1_Q14643_OID30216.gz
running ITPRIP_Q8IWB1_OID30860.gz
finished ITPRIP_Q8IWB1_OID30860.gz
running IVD_P26440_OID20833.gz
finished IVD_P26440_OID20833.gz
running IZUMO1_Q8IYV9_OID31159.gz
finished IZUMO1_Q8IYV9_OID31159.gz
running JAM2_P57087_OID21064.gz
finished JAM2_P57087_OID21064.gz
running JAM3_Q9BX67_OID30586.gz
finished JAM3_Q9BX67_OID30586.gz
running JCHAIN_P01591_OID20494.gz
finished JCHAIN_P01591_OID20494.gz
running JMJD1C_Q15652_OID31172.gz
finished JMJD1C_Q15652_OID31172.gz
running JPT2_Q9H910_OID31520.gz
finished JPT2_Q9H910_OID31520.gz
running JUN_P05412_OID20424.gz
finished JUN_P05412_OID20424.gz
running KAZALD1_Q96I82_OID21339.gz
finished KAZALD1_Q96I82_OID21339.gz
running KAZN_Q674X7_OID31481.gz
finished KAZN_Q674X7_OID31481.gz
running KCNC4_Q03721_OID30813.gz
finished KCNC4_Q03721_OID30813.gz
running KCNH2_Q12809_OID30899.gz
finished KCNH2_Q12809_OID30899.gz
running KCNIP4_Q6PIL6_OID20813.gz
finished KCNIP4_Q6PIL6_OID20813.gz
running KCTD5_Q9NXV2_OID31148.gz
finished KCTD5_Q9NXV2_OID31148.gz
running KDM3A_Q9Y4C1_OID30426.gz
finished KDM3A_Q9Y4C1_OID30426.gz
running KDR_P35968_OID21497.gz
finished KDR_P35968_OID21497.gz
running KEL_P23276_OID20881.gz
finished KEL_P23276_OID20881.gz
running KHDC3L_Q587J8_OID31245.gz
finished KHDC3L_Q587J8_OID31245.gz
running KHK_P50053_OID30241.gz
finished KHK_P50053_OID30241.gz
running KIAA0319_Q5VV43_OID31094.gz
finished KIAA0319_Q5VV43_OID31094.gz
running KIAA1549L_Q6ZVL6_OID31312.gz
finished KIAA1549L_Q6ZVL6_OID31312.gz
running KIAA1549_Q9HCM3_OID31307.gz
finished KIAA1549_Q9HCM3_OID31307.gz
running KIAA2013_Q8IYS2_OID31392.gz
finished KIAA2013_Q8IYS2_OID31392.gz
running KIF1C_O43896_OID30163.gz
finished KIF1C_O43896_OID30163.gz
running KIF20B_Q96Q89_OID30816.gz
finished KIF20B_Q96Q89_OID30816.gz
running KIF22_Q14807_OID30175.gz
finished KIF22_Q14807_OID30175.gz
running KIFBP_Q96EK5_OID21320.gz
finished KIFBP_Q96EK5_OID21320.gz
running KIR2DL2_P43627_OID31431.gz
finished KIR2DL2_P43627_OID31431.gz
running KIR2DL3_P43628_OID21196.gz
finished KIR2DL3_P43628_OID21196.gz
running KIR2DS4_P43632_OID31432.gz
finished KIR2DS4_P43632_OID31432.gz
running KIR3DL1_P43629_OID21185.gz
finished KIR3DL1_P43629_OID21185.gz
running KIR3DL2_P43630_OID31191.gz
finished KIR3DL2_P43630_OID31191.gz
running KIRREL1_Q96J84_OID30806.gz
finished KIRREL1_Q96J84_OID30806.gz
running KIRREL2_Q6UWL6_OID20873.gz
finished KIRREL2_Q6UWL6_OID20873.gz
running KITLG_P21583_OID20196.gz
finished KITLG_P21583_OID20196.gz
running KIT_P10721_OID20370.gz
finished KIT_P10721_OID20370.gz
running KLB_Q86Z14_OID20888.gz
finished KLB_Q86Z14_OID20888.gz
running KLF4_O43474_OID30808.gz
finished KLF4_O43474_OID30808.gz
running KLHL41_O60662_OID30986.gz
finished KLHL41_O60662_OID30986.gz
running KLK10_O43240_OID21523.gz
finished KLK10_O43240_OID21523.gz
running KLK11_Q9UBX7_OID21518.gz
finished KLK11_Q9UBX7_OID21518.gz
running KLK12_Q9UKR0_OID21201.gz
finished KLK12_Q9UKR0_OID21201.gz
running KLK13_Q9UKR3_OID21291.gz
finished KLK13_Q9UKR3_OID21291.gz
running KLK14_Q9P0G3_OID21407.gz
finished KLK14_Q9P0G3_OID21407.gz
running KLK15_Q9H2R5_OID31427.gz
finished KLK15_Q9H2R5_OID31427.gz
running KLK1_P06870_OID21499.gz
finished KLK1_P06870_OID21499.gz
running KLK3_P07288_OID30364.gz
finished KLK3_P07288_OID30364.gz
running KLK4_Q9Y5K2_OID21391.gz
finished KLK4_Q9Y5K2_OID21391.gz
running KLK6_Q92876_OID21526.gz
finished KLK6_Q92876_OID21526.gz
