running 10539_30_CD99L2_C99L2.txt.gz.annotated.gz.exclusions.gz.alleles.gz
finished 10539_30_CD99L2_C99L2.txt.gz.annotated.gz.exclusions.gz.alleles.gz
running 10546_2_TSPEAR_TSEAR.txt.gz.annotated.gz.exclusions.gz.alleles.gz
finished 10546_2_TSPEAR_TSEAR.txt.gz.annotated.gz.exclusions.gz.alleles.gz
running 10550_37_BMPR1B_BMP_RIB.txt.gz.annotated.gz.exclusions.gz.alleles.gz
finished 10550_37_BMPR1B_BMP_RIB.txt.gz.annotated.gz.exclusions.gz.alleles.gz
running 10551_7_LAT_LAT.txt.gz.annotated.gz.exclusions.gz.alleles.gz
finished 10551_7_LAT_LAT.txt.gz.annotated.gz.exclusions.gz.alleles.gz
running 10552_88_KLRC4_NKG2F.txt.gz.annotated.gz.exclusions.gz.alleles.gz
finished 10552_88_KLRC4_NKG2F.txt.gz.annotated.gz.exclusions.gz.alleles.gz
running 10553_8_TOR1AIP2_TOIP2.txt.gz.annotated.gz.exclusions.gz.alleles.gz
finished 10553_8_TOR1AIP2_TOIP2.txt.gz.annotated.gz.exclusions.gz.alleles.gz
running 10554_23_GLB1_BGAL.txt.gz.annotated.gz.exclusions.gz.alleles.gz
finished 10554_23_GLB1_BGAL.txt.gz.annotated.gz.exclusions.gz.alleles.gz
running 10557_6_TEX29_TEX29.txt.gz.annotated.gz.exclusions.gz.alleles.gz
finished 10557_6_TEX29_TEX29.txt.gz.annotated.gz.exclusions.gz.alleles.gz
running 10558_26_PCDH9_PCDH9.txt.gz.annotated.gz.exclusions.gz.alleles.gz
finished 10558_26_PCDH9_PCDH9.txt.gz.annotated.gz.exclusions.gz.alleles.gz
running 10560_1_ITM2C_ITM2C.txt.gz.annotated.gz.exclusions.gz.alleles.gz
finished 10560_1_ITM2C_ITM2C.txt.gz.annotated.gz.exclusions.gz.alleles.gz
running 10561_5_PGLYRP3_PGRP_I_alpha.txt.gz.annotated.gz.exclusions.gz.alleles.gz
finished 10561_5_PGLYRP3_PGRP_I_alpha.txt.gz.annotated.gz.exclusions.gz.alleles.gz
running 10562_42_NETO2_NETO2.txt.gz.annotated.gz.exclusions.gz.alleles.gz
finished 10562_42_NETO2_NETO2.txt.gz.annotated.gz.exclusions.gz.alleles.gz
running 10563_13_LYSMD3_LYSM3.txt.gz.annotated.gz.exclusions.gz.alleles.gz
finished 10563_13_LYSMD3_LYSM3.txt.gz.annotated.gz.exclusions.gz.alleles.gz
running 10565_19_SLITRK3_SLIK3.txt.gz.annotated.gz.exclusions.gz.alleles.gz
finished 10565_19_SLITRK3_SLIK3.txt.gz.annotated.gz.exclusions.gz.alleles.gz
running 10569_28_SCGB1A1_Urinary_protein_1.txt.gz.annotated.gz.exclusions.gz.alleles.gz
finished 10569_28_SCGB1A1_Urinary_protein_1.txt.gz.annotated.gz.exclusions.gz.alleles.gz
running 10571_14_MGAT1_MGAT1.txt.gz.annotated.gz.exclusions.gz.alleles.gz
finished 10571_14_MGAT1_MGAT1.txt.gz.annotated.gz.exclusions.gz.alleles.gz
running 10572_65_CST8_CST8.txt.gz.annotated.gz.exclusions.gz.alleles.gz
finished 10572_65_CST8_CST8.txt.gz.annotated.gz.exclusions.gz.alleles.gz
running 10574_10_AXL_AXL.txt.gz.annotated.gz.exclusions.gz.alleles.gz
finished 10574_10_AXL_AXL.txt.gz.annotated.gz.exclusions.gz.alleles.gz
running 10575_31_PUF60_PUF60.txt.gz.annotated.gz.exclusions.gz.alleles.gz
finished 10575_31_PUF60_PUF60.txt.gz.annotated.gz.exclusions.gz.alleles.gz
running 10580_14_SFTA2_SFTA2.txt.gz.annotated.gz.exclusions.gz.alleles.gz
finished 10580_14_SFTA2_SFTA2.txt.gz.annotated.gz.exclusions.gz.alleles.gz
running 10582_36_POMK_SG196.txt.gz.annotated.gz.exclusions.gz.alleles.gz
finished 10582_36_POMK_SG196.txt.gz.annotated.gz.exclusions.gz.alleles.gz
running 10583_1_TMEM108_TM108.txt.gz.annotated.gz.exclusions.gz.alleles.gz
finished 10583_1_TMEM108_TM108.txt.gz.annotated.gz.exclusions.gz.alleles.gz
running 10584_7_NDUFS4_NDUS4.txt.gz.annotated.gz.exclusions.gz.alleles.gz
finished 10584_7_NDUFS4_NDUS4.txt.gz.annotated.gz.exclusions.gz.alleles.gz
running 10588_39_ST3GAL5_SIAT9.txt.gz.annotated.gz.exclusions.gz.alleles.gz
finished 10588_39_ST3GAL5_SIAT9.txt.gz.annotated.gz.exclusions.gz.alleles.gz
running 10589_7_RAET1L_RET1L.txt.gz.annotated.gz.exclusions.gz.alleles.gz
finished 10589_7_RAET1L_RET1L.txt.gz.annotated.gz.exclusions.gz.alleles.gz
running 10600_24_CLGN_CLGN.txt.gz.annotated.gz.exclusions.gz.alleles.gz
finished 10600_24_CLGN_CLGN.txt.gz.annotated.gz.exclusions.gz.alleles.gz
running 10603_1_HTN3_HIS3.txt.gz.annotated.gz.exclusions.gz.alleles.gz
finished 10603_1_HTN3_HIS3.txt.gz.annotated.gz.exclusions.gz.alleles.gz
running 10605_22_APMAP_APMAP.txt.gz.annotated.gz.exclusions.gz.alleles.gz
finished 10605_22_APMAP_APMAP.txt.gz.annotated.gz.exclusions.gz.alleles.gz
running 10606_34_TOR1AIP1_TOIP1.txt.gz.annotated.gz.exclusions.gz.alleles.gz
finished 10606_34_TOR1AIP1_TOIP1.txt.gz.annotated.gz.exclusions.gz.alleles.gz
running 10608_9_HTN1_HIS1.txt.gz.annotated.gz.exclusions.gz.alleles.gz
finished 10608_9_HTN1_HIS1.txt.gz.annotated.gz.exclusions.gz.alleles.gz
running 10612_18_PLOD3_PLOD3.txt.gz.annotated.gz.exclusions.gz.alleles.gz
finished 10612_18_PLOD3_PLOD3.txt.gz.annotated.gz.exclusions.gz.alleles.gz
running 10613_33_CASC4_CASC4.txt.gz.annotated.gz.exclusions.gz.alleles.gz
finished 10613_33_CASC4_CASC4.txt.gz.annotated.gz.exclusions.gz.alleles.gz
running 10615_18_MPZ_MYP0.txt.gz.annotated.gz.exclusions.gz.alleles.gz
finished 10615_18_MPZ_MYP0.txt.gz.annotated.gz.exclusions.gz.alleles.gz
running 10616_67_PODXL2_PDXL2.txt.gz.annotated.gz.exclusions.gz.alleles.gz
finished 10616_67_PODXL2_PDXL2.txt.gz.annotated.gz.exclusions.gz.alleles.gz
running 10618_190_LRP2_megalin.txt.gz.annotated.gz.exclusions.gz.alleles.gz
finished 10618_190_LRP2_megalin.txt.gz.annotated.gz.exclusions.gz.alleles.gz
running 10620_21_MSMB_PSP_94.txt.gz.annotated.gz.exclusions.gz.alleles.gz
finished 10620_21_MSMB_PSP_94.txt.gz.annotated.gz.exclusions.gz.alleles.gz
running 10621_26_PRR16_PRR16.txt.gz.annotated.gz.exclusions.gz.alleles.gz
finished 10621_26_PRR16_PRR16.txt.gz.annotated.gz.exclusions.gz.alleles.gz
running 10623_19_MUC1_MUC1.txt.gz.annotated.gz.exclusions.gz.alleles.gz
finished 10623_19_MUC1_MUC1.txt.gz.annotated.gz.exclusions.gz.alleles.gz
running 10624_45_SPINK13_ISK13.txt.gz.annotated.gz.exclusions.gz.alleles.gz
finished 10624_45_SPINK13_ISK13.txt.gz.annotated.gz.exclusions.gz.alleles.gz
running 10627_87_APLP2_APLP2.txt.gz.annotated.gz.exclusions.gz.alleles.gz
finished 10627_87_APLP2_APLP2.txt.gz.annotated.gz.exclusions.gz.alleles.gz
running 10630_5_HTATIP2_HTAI2.txt.gz.annotated.gz.exclusions.gz.alleles.gz
finished 10630_5_HTATIP2_HTAI2.txt.gz.annotated.gz.exclusions.gz.alleles.gz
running 10637_50_KIAA1324_K1324.txt.gz.annotated.gz.exclusions.gz.alleles.gz
finished 10637_50_KIAA1324_K1324.txt.gz.annotated.gz.exclusions.gz.alleles.gz
running 10638_1_TINF2_TINF2.txt.gz.annotated.gz.exclusions.gz.alleles.gz
finished 10638_1_TINF2_TINF2.txt.gz.annotated.gz.exclusions.gz.alleles.gz
running 10643_16_OLFM3_NOE3.txt.gz.annotated.gz.exclusions.gz.alleles.gz
finished 10643_16_OLFM3_NOE3.txt.gz.annotated.gz.exclusions.gz.alleles.gz
running 10647_18_ASCC1_ASCC1.txt.gz.annotated.gz.exclusions.gz.alleles.gz
finished 10647_18_ASCC1_ASCC1.txt.gz.annotated.gz.exclusions.gz.alleles.gz
running 10663_42_INSIG1_INSI1.txt.gz.annotated.gz.exclusions.gz.alleles.gz
finished 10663_42_INSIG1_INSI1.txt.gz.annotated.gz.exclusions.gz.alleles.gz
running 10666_7_GNPTG_GNPTG.txt.gz.annotated.gz.exclusions.gz.alleles.gz
finished 10666_7_GNPTG_GNPTG.txt.gz.annotated.gz.exclusions.gz.alleles.gz
running 10667_78_C1orf185_CA185.txt.gz.annotated.gz.exclusions.gz.alleles.gz
finished 10667_78_C1orf185_CA185.txt.gz.annotated.gz.exclusions.gz.alleles.gz
running 10668_5_STX4_STX4.txt.gz.annotated.gz.exclusions.gz.alleles.gz
finished 10668_5_STX4_STX4.txt.gz.annotated.gz.exclusions.gz.alleles.gz
running 10672_75_SFTPB_SP_B.txt.gz.annotated.gz.exclusions.gz.alleles.gz
finished 10672_75_SFTPB_SP_B.txt.gz.annotated.gz.exclusions.gz.alleles.gz
running 10675_223_TMX2_TMX2.txt.gz.annotated.gz.exclusions.gz.alleles.gz
finished 10675_223_TMX2_TMX2.txt.gz.annotated.gz.exclusions.gz.alleles.gz
running 10677_9_NDUFB4_NDUB4.txt.gz.annotated.gz.exclusions.gz.alleles.gz
finished 10677_9_NDUFB4_NDUB4.txt.gz.annotated.gz.exclusions.gz.alleles.gz
running 10693_43_KLRG2_KLRG2.txt.gz.annotated.gz.exclusions.gz.alleles.gz
finished 10693_43_KLRG2_KLRG2.txt.gz.annotated.gz.exclusions.gz.alleles.gz
running 10695_12_WFDC10B_WF10B.txt.gz.annotated.gz.exclusions.gz.alleles.gz
finished 10695_12_WFDC10B_WF10B.txt.gz.annotated.gz.exclusions.gz.alleles.gz
running 10699_52_LRP1_LRP1.txt.gz.annotated.gz.exclusions.gz.alleles.gz
finished 10699_52_LRP1_LRP1.txt.gz.annotated.gz.exclusions.gz.alleles.gz
running 10700_10_IGSF11_IGS11.txt.gz.annotated.gz.exclusions.gz.alleles.gz
finished 10700_10_IGSF11_IGS11.txt.gz.annotated.gz.exclusions.gz.alleles.gz
running 10702_1_COL28A1_COSA1.txt.gz.annotated.gz.exclusions.gz.alleles.gz
finished 10702_1_COL28A1_COSA1.txt.gz.annotated.gz.exclusions.gz.alleles.gz
running 10703_203_SUDS3_SDS3.txt.gz.annotated.gz.exclusions.gz.alleles.gz
finished 10703_203_SUDS3_SDS3.txt.gz.annotated.gz.exclusions.gz.alleles.gz
running 10704_91_LRMP_LRMP.txt.gz.annotated.gz.exclusions.gz.alleles.gz
finished 10704_91_LRMP_LRMP.txt.gz.annotated.gz.exclusions.gz.alleles.gz
running 10705_14_ST6GALNAC3_SIA7C.txt.gz.annotated.gz.exclusions.gz.alleles.gz
finished 10705_14_ST6GALNAC3_SIA7C.txt.gz.annotated.gz.exclusions.gz.alleles.gz
running 10708_3_GNRH2_GON2.txt.gz.annotated.gz.exclusions.gz.alleles.gz
finished 10708_3_GNRH2_GON2.txt.gz.annotated.gz.exclusions.gz.alleles.gz
running 10710_23_ZPBP2_ZPBP2.txt.gz.annotated.gz.exclusions.gz.alleles.gz
finished 10710_23_ZPBP2_ZPBP2.txt.gz.annotated.gz.exclusions.gz.alleles.gz
running 10713_151_CD300LB_CLM7.txt.gz.annotated.gz.exclusions.gz.alleles.gz
finished 10713_151_CD300LB_CLM7.txt.gz.annotated.gz.exclusions.gz.alleles.gz
running 10714_7_ACE_ACE.txt.gz.annotated.gz.exclusions.gz.alleles.gz
finished 10714_7_ACE_ACE.txt.gz.annotated.gz.exclusions.gz.alleles.gz
running 10716_35_PSMD5_PSMD5.txt.gz.annotated.gz.exclusions.gz.alleles.gz
finished 10716_35_PSMD5_PSMD5.txt.gz.annotated.gz.exclusions.gz.alleles.gz
running 10722_13_SYK_KSYK.txt.gz.annotated.gz.exclusions.gz.alleles.gz
finished 10722_13_SYK_KSYK.txt.gz.annotated.gz.exclusions.gz.alleles.gz
running 10731_10_HS3ST5_HS3S5.txt.gz.annotated.gz.exclusions.gz.alleles.gz
finished 10731_10_HS3ST5_HS3S5.txt.gz.annotated.gz.exclusions.gz.alleles.gz
running 10734_339_GAL3ST2_G3ST2.txt.gz.annotated.gz.exclusions.gz.alleles.gz
finished 10734_339_GAL3ST2_G3ST2.txt.gz.annotated.gz.exclusions.gz.alleles.gz
running 10737_96_SERPINB1_Serpin_B1.txt.gz.annotated.gz.exclusions.gz.alleles.gz
finished 10737_96_SERPINB1_Serpin_B1.txt.gz.annotated.gz.exclusions.gz.alleles.gz
running 10748_216_PCDHB2_PCDB2.txt.gz.annotated.gz.exclusions.gz.alleles.gz
finished 10748_216_PCDHB2_PCDB2.txt.gz.annotated.gz.exclusions.gz.alleles.gz
running 10752_8_CDYL2_CDYL2.txt.gz.annotated.gz.exclusions.gz.alleles.gz
finished 10752_8_CDYL2_CDYL2.txt.gz.annotated.gz.exclusions.gz.alleles.gz
running 10753_31_ADAM7_ADAM7.txt.gz.annotated.gz.exclusions.gz.alleles.gz
finished 10753_31_ADAM7_ADAM7.txt.gz.annotated.gz.exclusions.gz.alleles.gz
running 10754_113_PROK2_Prokineticin_2.txt.gz.annotated.gz.exclusions.gz.alleles.gz
finished 10754_113_PROK2_Prokineticin_2.txt.gz.annotated.gz.exclusions.gz.alleles.gz
running 10756_34_UCN3_UCN3.txt.gz.annotated.gz.exclusions.gz.alleles.gz
finished 10756_34_UCN3_UCN3.txt.gz.annotated.gz.exclusions.gz.alleles.gz
running 10758_2_KERA_KERA.txt.gz.annotated.gz.exclusions.gz.alleles.gz
finished 10758_2_KERA_KERA.txt.gz.annotated.gz.exclusions.gz.alleles.gz
running 10760_107_GRIA4_GRIA4.txt.gz.annotated.gz.exclusions.gz.alleles.gz
finished 10760_107_GRIA4_GRIA4.txt.gz.annotated.gz.exclusions.gz.alleles.gz
running 10761_5_TMED2_TMED2.txt.gz.annotated.gz.exclusions.gz.alleles.gz
finished 10761_5_TMED2_TMED2.txt.gz.annotated.gz.exclusions.gz.alleles.gz
running 10762_2_KLRG2_KLRG2.txt.gz.annotated.gz.exclusions.gz.alleles.gz
finished 10762_2_KLRG2_KLRG2.txt.gz.annotated.gz.exclusions.gz.alleles.gz
running 10767_52_GPR64_GPR64.txt.gz.annotated.gz.exclusions.gz.alleles.gz
finished 10767_52_GPR64_GPR64.txt.gz.annotated.gz.exclusions.gz.alleles.gz
running 10772_21_CSGALNACT2_CGAT2.txt.gz.annotated.gz.exclusions.gz.alleles.gz
finished 10772_21_CSGALNACT2_CGAT2.txt.gz.annotated.gz.exclusions.gz.alleles.gz
