running 7018_10_TSR3_TSR3.txt.gz.annotated.gz.exclusions.gz.alleles.gz
finished 7018_10_TSR3_TSR3.txt.gz.annotated.gz.exclusions.gz.alleles.gz
running 7019_13_SEMA7A_Semaphorin_7A.txt.gz.annotated.gz.exclusions.gz.alleles.gz
finished 7019_13_SEMA7A_Semaphorin_7A.txt.gz.annotated.gz.exclusions.gz.alleles.gz
running 7020_13_CHST5_CHST5.txt.gz.annotated.gz.exclusions.gz.alleles.gz
finished 7020_13_CHST5_CHST5.txt.gz.annotated.gz.exclusions.gz.alleles.gz
running 7038_45_ST8SIA4_SIA8D.txt.gz.annotated.gz.exclusions.gz.alleles.gz
finished 7038_45_ST8SIA4_SIA8D.txt.gz.annotated.gz.exclusions.gz.alleles.gz
running 7045_4_BNIP3_BNIP3.txt.gz.annotated.gz.exclusions.gz.alleles.gz
finished 7045_4_BNIP3_BNIP3.txt.gz.annotated.gz.exclusions.gz.alleles.gz
running 7046_6_C20orf173_CT173.txt.gz.annotated.gz.exclusions.gz.alleles.gz
finished 7046_6_C20orf173_CT173.txt.gz.annotated.gz.exclusions.gz.alleles.gz
running 7048_4_CEACAM19_CEA19.txt.gz.annotated.gz.exclusions.gz.alleles.gz
finished 7048_4_CEACAM19_CEA19.txt.gz.annotated.gz.exclusions.gz.alleles.gz
running 7049_2_ADAM23_ADAM_23.txt.gz.annotated.gz.exclusions.gz.alleles.gz
finished 7049_2_ADAM23_ADAM_23.txt.gz.annotated.gz.exclusions.gz.alleles.gz
running 7050_5_NEGR1_NEGR1.txt.gz.annotated.gz.exclusions.gz.alleles.gz
finished 7050_5_NEGR1_NEGR1.txt.gz.annotated.gz.exclusions.gz.alleles.gz
running 7054_87_CLEC2D_CLC2D.txt.gz.annotated.gz.exclusions.gz.alleles.gz
finished 7054_87_CLEC2D_CLC2D.txt.gz.annotated.gz.exclusions.gz.alleles.gz
running 7059_14_LILRA6_LIRA6.txt.gz.annotated.gz.exclusions.gz.alleles.gz
finished 7059_14_LILRA6_LIRA6.txt.gz.annotated.gz.exclusions.gz.alleles.gz
running 7060_2_ERO1L_ERO1A.txt.gz.annotated.gz.exclusions.gz.alleles.gz
finished 7060_2_ERO1L_ERO1A.txt.gz.annotated.gz.exclusions.gz.alleles.gz
running 7064_2_VAMP8_VAMP8.txt.gz.annotated.gz.exclusions.gz.alleles.gz
finished 7064_2_VAMP8_VAMP8.txt.gz.annotated.gz.exclusions.gz.alleles.gz
running 7065_1_G6B_G6B.txt.gz.annotated.gz.exclusions.gz.alleles.gz
finished 7065_1_G6B_G6B.txt.gz.annotated.gz.exclusions.gz.alleles.gz
running 7066_199_FAM209B_F209B.txt.gz.annotated.gz.exclusions.gz.alleles.gz
finished 7066_199_FAM209B_F209B.txt.gz.annotated.gz.exclusions.gz.alleles.gz
running 7069_9_TSNARE1_TSNA1.txt.gz.annotated.gz.exclusions.gz.alleles.gz
finished 7069_9_TSNARE1_TSNA1.txt.gz.annotated.gz.exclusions.gz.alleles.gz
running 7070_25_KEL_KELL.txt.gz.annotated.gz.exclusions.gz.alleles.gz
finished 7070_25_KEL_KELL.txt.gz.annotated.gz.exclusions.gz.alleles.gz
running 7071_23_MAN1B1_MA1B1.txt.gz.annotated.gz.exclusions.gz.alleles.gz
finished 7071_23_MAN1B1_MA1B1.txt.gz.annotated.gz.exclusions.gz.alleles.gz
running 7073_69_C22orf15_CV015.txt.gz.annotated.gz.exclusions.gz.alleles.gz
finished 7073_69_C22orf15_CV015.txt.gz.annotated.gz.exclusions.gz.alleles.gz
running 7076_17_ECEL1_ECEL1.txt.gz.annotated.gz.exclusions.gz.alleles.gz
finished 7076_17_ECEL1_ECEL1.txt.gz.annotated.gz.exclusions.gz.alleles.gz
running 7081_2_BTN3A1_BT3A1.txt.gz.annotated.gz.exclusions.gz.alleles.gz
finished 7081_2_BTN3A1_BT3A1.txt.gz.annotated.gz.exclusions.gz.alleles.gz
running 7082_2_B3GNT6_B3GN6.txt.gz.annotated.gz.exclusions.gz.alleles.gz
finished 7082_2_B3GNT6_B3GN6.txt.gz.annotated.gz.exclusions.gz.alleles.gz
running 7083_74_MATN4_MATN4.txt.gz.annotated.gz.exclusions.gz.alleles.gz
finished 7083_74_MATN4_MATN4.txt.gz.annotated.gz.exclusions.gz.alleles.gz
running 7084_1_DRAXIN_DRAXI.txt.gz.annotated.gz.exclusions.gz.alleles.gz
finished 7084_1_DRAXIN_DRAXI.txt.gz.annotated.gz.exclusions.gz.alleles.gz
running 7085_81_CDSN_CDSN.txt.gz.annotated.gz.exclusions.gz.alleles.gz
finished 7085_81_CDSN_CDSN.txt.gz.annotated.gz.exclusions.gz.alleles.gz
running 7089_42_SYT11_SYT11.txt.gz.annotated.gz.exclusions.gz.alleles.gz
finished 7089_42_SYT11_SYT11.txt.gz.annotated.gz.exclusions.gz.alleles.gz
running 7090_17_GALNT1_GALT1.txt.gz.annotated.gz.exclusions.gz.alleles.gz
finished 7090_17_GALNT1_GALT1.txt.gz.annotated.gz.exclusions.gz.alleles.gz
running 7092_7_PDILT_PDILT.txt.gz.annotated.gz.exclusions.gz.alleles.gz
finished 7092_7_PDILT_PDILT.txt.gz.annotated.gz.exclusions.gz.alleles.gz
running 7096_30_RMDN1_RMD1.txt.gz.annotated.gz.exclusions.gz.alleles.gz
finished 7096_30_RMDN1_RMD1.txt.gz.annotated.gz.exclusions.gz.alleles.gz
running 7097_8_CDY1_CDY1.txt.gz.annotated.gz.exclusions.gz.alleles.gz
finished 7097_8_CDY1_CDY1.txt.gz.annotated.gz.exclusions.gz.alleles.gz
running 7099_33_FSTL5_FSTL5.txt.gz.annotated.gz.exclusions.gz.alleles.gz
finished 7099_33_FSTL5_FSTL5.txt.gz.annotated.gz.exclusions.gz.alleles.gz
running 7100_31_CD2_CD2.txt.gz.annotated.gz.exclusions.gz.alleles.gz
finished 7100_31_CD2_CD2.txt.gz.annotated.gz.exclusions.gz.alleles.gz
running 7104_71_CABP7_CABP7.txt.gz.annotated.gz.exclusions.gz.alleles.gz
finished 7104_71_CABP7_CABP7.txt.gz.annotated.gz.exclusions.gz.alleles.gz
running 7105_7_CABLES2_CABL2.txt.gz.annotated.gz.exclusions.gz.alleles.gz
finished 7105_7_CABLES2_CABL2.txt.gz.annotated.gz.exclusions.gz.alleles.gz
running 7106_37_OOSP2_PLACL.txt.gz.annotated.gz.exclusions.gz.alleles.gz
finished 7106_37_OOSP2_PLACL.txt.gz.annotated.gz.exclusions.gz.alleles.gz
running 7108_7_SMIM24_CS077.txt.gz.annotated.gz.exclusions.gz.alleles.gz
finished 7108_7_SMIM24_CS077.txt.gz.annotated.gz.exclusions.gz.alleles.gz
running 7110_2_DNAJB11_DJB11.txt.gz.annotated.gz.exclusions.gz.alleles.gz
finished 7110_2_DNAJB11_DJB11.txt.gz.annotated.gz.exclusions.gz.alleles.gz
running 7113_1_GRPEL1_GRPE1.txt.gz.annotated.gz.exclusions.gz.alleles.gz
finished 7113_1_GRPEL1_GRPE1.txt.gz.annotated.gz.exclusions.gz.alleles.gz
running 7115_5_SEMG1_Semenogelin.txt.gz.annotated.gz.exclusions.gz.alleles.gz
finished 7115_5_SEMG1_Semenogelin.txt.gz.annotated.gz.exclusions.gz.alleles.gz
running 7116_31_OSCAR_OSCAR.txt.gz.annotated.gz.exclusions.gz.alleles.gz
finished 7116_31_OSCAR_OSCAR.txt.gz.annotated.gz.exclusions.gz.alleles.gz
running 7117_21_SERPINI2_SPI2.txt.gz.annotated.gz.exclusions.gz.alleles.gz
finished 7117_21_SERPINI2_SPI2.txt.gz.annotated.gz.exclusions.gz.alleles.gz
running 7118_24_IGDCC3_IGDC3.txt.gz.annotated.gz.exclusions.gz.alleles.gz
finished 7118_24_IGDCC3_IGDC3.txt.gz.annotated.gz.exclusions.gz.alleles.gz
running 7121_2_SYT7_SYT7.txt.gz.annotated.gz.exclusions.gz.alleles.gz
finished 7121_2_SYT7_SYT7.txt.gz.annotated.gz.exclusions.gz.alleles.gz
running 7123_25_MRPL52_RM52.txt.gz.annotated.gz.exclusions.gz.alleles.gz
finished 7123_25_MRPL52_RM52.txt.gz.annotated.gz.exclusions.gz.alleles.gz
running 7124_18_IL21_IL_21.txt.gz.annotated.gz.exclusions.gz.alleles.gz
finished 7124_18_IL21_IL_21.txt.gz.annotated.gz.exclusions.gz.alleles.gz
running 7127_3_APOA2_Apo_A_II.txt.gz.annotated.gz.exclusions.gz.alleles.gz
finished 7127_3_APOA2_Apo_A_II.txt.gz.annotated.gz.exclusions.gz.alleles.gz
running 7128_9_VWA2_VWA2.txt.gz.annotated.gz.exclusions.gz.alleles.gz
finished 7128_9_VWA2_VWA2.txt.gz.annotated.gz.exclusions.gz.alleles.gz
running 7130_4_LAIR2_LAIR2.txt.gz.annotated.gz.exclusions.gz.alleles.gz
finished 7130_4_LAIR2_LAIR2.txt.gz.annotated.gz.exclusions.gz.alleles.gz
running 7132_55_C1QL4_C1QL4.txt.gz.annotated.gz.exclusions.gz.alleles.gz
finished 7132_55_C1QL4_C1QL4.txt.gz.annotated.gz.exclusions.gz.alleles.gz
running 7137_8_MSRA_MSRA.txt.gz.annotated.gz.exclusions.gz.alleles.gz
finished 7137_8_MSRA_MSRA.txt.gz.annotated.gz.exclusions.gz.alleles.gz
running 7139_14_SLITRK4_SLIK4.txt.gz.annotated.gz.exclusions.gz.alleles.gz
finished 7139_14_SLITRK4_SLIK4.txt.gz.annotated.gz.exclusions.gz.alleles.gz
running 7140_1_CELA2A_ELA2A.txt.gz.annotated.gz.exclusions.gz.alleles.gz
finished 7140_1_CELA2A_ELA2A.txt.gz.annotated.gz.exclusions.gz.alleles.gz
running 7141_21_MGAT4B_MGT4B.txt.gz.annotated.gz.exclusions.gz.alleles.gz
finished 7141_21_MGAT4B_MGT4B.txt.gz.annotated.gz.exclusions.gz.alleles.gz
running 7142_5_CPN1_CBPN.txt.gz.annotated.gz.exclusions.gz.alleles.gz
finished 7142_5_CPN1_CBPN.txt.gz.annotated.gz.exclusions.gz.alleles.gz
running 7143_9_GCNT2_GNT2C.txt.gz.annotated.gz.exclusions.gz.alleles.gz
finished 7143_9_GCNT2_GNT2C.txt.gz.annotated.gz.exclusions.gz.alleles.gz
running 7144_234_KAZALD1_KAZD1.txt.gz.annotated.gz.exclusions.gz.alleles.gz
finished 7144_234_KAZALD1_KAZD1.txt.gz.annotated.gz.exclusions.gz.alleles.gz
running 7145_1_ITIH3_ITIH3.txt.gz.annotated.gz.exclusions.gz.alleles.gz
finished 7145_1_ITIH3_ITIH3.txt.gz.annotated.gz.exclusions.gz.alleles.gz
running 7146_16_PDIA4_PDIA4.txt.gz.annotated.gz.exclusions.gz.alleles.gz
finished 7146_16_PDIA4_PDIA4.txt.gz.annotated.gz.exclusions.gz.alleles.gz
running 7147_35_WFDC8_WFDC8.txt.gz.annotated.gz.exclusions.gz.alleles.gz
finished 7147_35_WFDC8_WFDC8.txt.gz.annotated.gz.exclusions.gz.alleles.gz
running 7148_42_FAM173A_F173A.txt.gz.annotated.gz.exclusions.gz.alleles.gz
finished 7148_42_FAM173A_F173A.txt.gz.annotated.gz.exclusions.gz.alleles.gz
running 7153_66_NGRN_NGRN.txt.gz.annotated.gz.exclusions.gz.alleles.gz
finished 7153_66_NGRN_NGRN.txt.gz.annotated.gz.exclusions.gz.alleles.gz
running 7154_92_LEG1_CF058.txt.gz.annotated.gz.exclusions.gz.alleles.gz
finished 7154_92_LEG1_CF058.txt.gz.annotated.gz.exclusions.gz.alleles.gz
running 7155_46_C4BPB_C4b_binding_protein_beta_chain.txt.gz.annotated.gz.exclusions.gz.alleles.gz
finished 7155_46_C4BPB_C4b_binding_protein_beta_chain.txt.gz.annotated.gz.exclusions.gz.alleles.gz
running 7156_2_FUT10_FUT10.txt.gz.annotated.gz.exclusions.gz.alleles.gz
finished 7156_2_FUT10_FUT10.txt.gz.annotated.gz.exclusions.gz.alleles.gz
running 7157_22_PCDHA4_PCDA4.txt.gz.annotated.gz.exclusions.gz.alleles.gz
finished 7157_22_PCDHA4_PCDA4.txt.gz.annotated.gz.exclusions.gz.alleles.gz
running 7161_25_H6PD_G6PE.txt.gz.annotated.gz.exclusions.gz.alleles.gz
finished 7161_25_H6PD_G6PE.txt.gz.annotated.gz.exclusions.gz.alleles.gz
running 7163_26_LACRT_lacritin.txt.gz.annotated.gz.exclusions.gz.alleles.gz
finished 7163_26_LACRT_lacritin.txt.gz.annotated.gz.exclusions.gz.alleles.gz
running 7167_102_VAPA_VAPA.txt.gz.annotated.gz.exclusions.gz.alleles.gz
finished 7167_102_VAPA_VAPA.txt.gz.annotated.gz.exclusions.gz.alleles.gz
running 7173_141_TMEM132C_T132C.txt.gz.annotated.gz.exclusions.gz.alleles.gz
finished 7173_141_TMEM132C_T132C.txt.gz.annotated.gz.exclusions.gz.alleles.gz
running 7175_4_PCDHGA2_PCDG2.txt.gz.annotated.gz.exclusions.gz.alleles.gz
finished 7175_4_PCDHGA2_PCDG2.txt.gz.annotated.gz.exclusions.gz.alleles.gz
running 7178_59_DEPP_DEPP.txt.gz.annotated.gz.exclusions.gz.alleles.gz
finished 7178_59_DEPP_DEPP.txt.gz.annotated.gz.exclusions.gz.alleles.gz
running 7179_69_NFASC_NFASC.txt.gz.annotated.gz.exclusions.gz.alleles.gz
finished 7179_69_NFASC_NFASC.txt.gz.annotated.gz.exclusions.gz.alleles.gz
running 7180_114_IFNA14_IFN14.txt.gz.annotated.gz.exclusions.gz.alleles.gz
finished 7180_114_IFNA14_IFN14.txt.gz.annotated.gz.exclusions.gz.alleles.gz
running 7181_17_VAPB_VAPB.txt.gz.annotated.gz.exclusions.gz.alleles.gz
finished 7181_17_VAPB_VAPB.txt.gz.annotated.gz.exclusions.gz.alleles.gz
running 7183_102_C19orf80_TD26.txt.gz.annotated.gz.exclusions.gz.alleles.gz
finished 7183_102_C19orf80_TD26.txt.gz.annotated.gz.exclusions.gz.alleles.gz
running 7184_13_CEACAM7_CEAM7.txt.gz.annotated.gz.exclusions.gz.alleles.gz
finished 7184_13_CEACAM7_CEAM7.txt.gz.annotated.gz.exclusions.gz.alleles.gz
running 7185_29_GP5_GPV.txt.gz.annotated.gz.exclusions.gz.alleles.gz
finished 7185_29_GP5_GPV.txt.gz.annotated.gz.exclusions.gz.alleles.gz
running 7186_111_STX3_STX3.txt.gz.annotated.gz.exclusions.gz.alleles.gz
finished 7186_111_STX3_STX3.txt.gz.annotated.gz.exclusions.gz.alleles.gz
running 7187_3_PPM1L_PPM1L.txt.gz.annotated.gz.exclusions.gz.alleles.gz
finished 7187_3_PPM1L_PPM1L.txt.gz.annotated.gz.exclusions.gz.alleles.gz
running 7189_55_CHST3_CHST3.txt.gz.annotated.gz.exclusions.gz.alleles.gz
finished 7189_55_CHST3_CHST3.txt.gz.annotated.gz.exclusions.gz.alleles.gz
