running CCL7_P80098_OID20523.gz
finished CCL7_P80098_OID20523.gz
running CCL8_P80075_OID21466.gz
finished CCL8_P80075_OID21466.gz
running CCN1_O00622_OID21368.gz
finished CCN1_O00622_OID21368.gz
running CCN2_P29279_OID20709.gz
finished CCN2_P29279_OID20709.gz
running CCN3_P48745_OID20299.gz
finished CCN3_P48745_OID20299.gz
running CCN4_O95388_OID21444.gz
finished CCN4_O95388_OID21444.gz
running CCN5_O76076_OID21068.gz
finished CCN5_O76076_OID21068.gz
running CCND2_P30279_OID31316.gz
finished CCND2_P30279_OID31316.gz
running CCNE1_P24864_OID30456.gz
finished CCNE1_P24864_OID30456.gz
running CCS_O14618_OID20973.gz
finished CCS_O14618_OID20973.gz
running CCT5_P48643_OID21200.gz
finished CCT5_P48643_OID21200.gz
running CD101_Q93033_OID31480.gz
finished CD101_Q93033_OID31480.gz
running CD109_Q6YHK3_OID21108.gz
finished CD109_Q6YHK3_OID21108.gz
running CD14_P08571_OID20378.gz
finished CD14_P08571_OID20378.gz
running CD160_O95971_OID20647.gz
finished CD160_O95971_OID20647.gz
running CD163_Q86VB7_OID20360.gz
finished CD163_Q86VB7_OID20360.gz
running CD164L2_Q6UWJ8_OID30922.gz
finished CD164L2_Q6UWJ8_OID30922.gz
running CD164_Q04900_OID21080.gz
finished CD164_Q04900_OID21080.gz
running CD177_Q8N6Q3_OID21119.gz
finished CD177_Q8N6Q3_OID21119.gz
running CD1C_P29017_OID21483.gz
finished CD1C_P29017_OID21483.gz
running CD200_P41217_OID20603.gz
finished CD200_P41217_OID20603.gz
running CD200R1_Q8TD46_OID20595.gz
finished CD200R1_Q8TD46_OID20595.gz
running CD207_Q9UJ71_OID21298.gz
finished CD207_Q9UJ71_OID21298.gz
running CD209_Q9NNX6_OID20262.gz
finished CD209_Q9NNX6_OID20262.gz
running CD226_Q15762_OID30556.gz
finished CD226_Q15762_OID30556.gz
running CD22_P20273_OID20637.gz
finished CD22_P20273_OID20637.gz
running CD244_Q9BZW8_OID20628.gz
finished CD244_Q9BZW8_OID20628.gz
running CD248_Q9HCU0_OID30394.gz
finished CD248_Q9HCU0_OID30394.gz
running CD274_Q9NZQ7_OID20966.gz
finished CD274_Q9NZQ7_OID20966.gz
running CD276_Q5ZPR3_OID20680.gz
finished CD276_Q5ZPR3_OID20680.gz
running CD27_P26842_OID21527.gz
finished CD27_P26842_OID21527.gz
running CD28_P10747_OID21265.gz
finished CD28_P10747_OID21265.gz
running CD2AP_Q9Y5K6_OID20177.gz
finished CD2AP_Q9Y5K6_OID20177.gz
running CD2_P06729_OID30097.gz
finished CD2_P06729_OID30097.gz
running CD300A_Q9UGN4_OID30576.gz
finished CD300A_Q9UGN4_OID30576.gz
running CD300C_Q08708_OID21010.gz
finished CD300C_Q08708_OID21010.gz
running CD300E_Q496F6_OID21418.gz
finished CD300E_Q496F6_OID21418.gz
running CD300LF_Q8TDQ1_OID21469.gz
finished CD300LF_Q8TDQ1_OID21469.gz
running CD300LG_Q6UXG3_OID21130.gz
finished CD300LG_Q6UXG3_OID21130.gz
running CD302_Q8IX05_OID21328.gz
finished CD302_Q8IX05_OID21328.gz
running CD33_P20138_OID21472.gz
finished CD33_P20138_OID21472.gz
running CD34_P28906_OID21025.gz
finished CD34_P28906_OID21025.gz
running CD36_P16671_OID30485.gz
finished CD36_P16671_OID30485.gz
running CD38_P28907_OID21316.gz
finished CD38_P28907_OID21316.gz
running CD3D_P04234_OID30827.gz
finished CD3D_P04234_OID30827.gz
running CD3E_P07766_OID31302.gz
finished CD3E_P07766_OID31302.gz
running CD3G_P09693_OID30448.gz
finished CD3G_P09693_OID30448.gz
running CD40LG_P29965_OID20616.gz
finished CD40LG_P29965_OID20616.gz
running CD40_P25942_OID20724.gz
finished CD40_P25942_OID20724.gz
running CD46_P15529_OID20380.gz
finished CD46_P15529_OID20380.gz
running CD48_P09326_OID20692.gz
finished CD48_P09326_OID20692.gz
running CD4_P01730_OID20584.gz
finished CD4_P01730_OID20584.gz
running CD55_P08174_OID20377.gz
finished CD55_P08174_OID20377.gz
running CD58_P19256_OID20716.gz
finished CD58_P19256_OID20716.gz
running CD59_P13987_OID20339.gz
finished CD59_P13987_OID20339.gz
running CD5L_O43866_OID30775.gz
finished CD5L_O43866_OID30775.gz
running CD5_P06127_OID21449.gz
finished CD5_P06127_OID21449.gz
running CD63_P08962_OID20988.gz
finished CD63_P08962_OID20988.gz
running CD69_Q07108_OID20206.gz
finished CD69_Q07108_OID20206.gz
running CD6_P30203_OID20649.gz
finished CD6_P30203_OID20649.gz
running CD70_P32970_OID20599.gz
finished CD70_P32970_OID20599.gz
running CD72_P21854_OID30641.gz
finished CD72_P21854_OID30641.gz
running CD74_P04233_OID21040.gz
finished CD74_P04233_OID21040.gz
running CD79B_P40259_OID20635.gz
finished CD79B_P40259_OID20635.gz
running CD7_P09564_OID30543.gz
finished CD7_P09564_OID30543.gz
running CD80_P33681_OID30291.gz
finished CD80_P33681_OID30291.gz
running CD82_P27701_OID31256.gz
finished CD82_P27701_OID31256.gz
running CD83_Q01151_OID20565.gz
finished CD83_Q01151_OID20565.gz
running CD84_Q9UIB8_OID20607.gz
finished CD84_Q9UIB8_OID20607.gz
running CD86_P42081_OID31500.gz
finished CD86_P42081_OID31500.gz
running CD8A_P01732_OID21018.gz
finished CD8A_P01732_OID21018.gz
running CD93_Q9NPY3_OID20397.gz
finished CD93_Q9NPY3_OID20397.gz
running CD99L2_Q8TCZ2_OID21122.gz
finished CD99L2_Q8TCZ2_OID21122.gz
running CD99_P14209_OID21110.gz
finished CD99_P14209_OID21110.gz
running CDAN1_Q8IWY9_OID31076.gz
finished CDAN1_Q8IWY9_OID31076.gz
running CDA_P32320_OID30345.gz
finished CDA_P32320_OID30345.gz
running CDC123_O75794_OID31242.gz
finished CDC123_O75794_OID31242.gz
running CDC25A_P30304_OID31189.gz
finished CDC25A_P30304_OID31189.gz
running CDC26_Q8NHZ8_OID31508.gz
finished CDC26_Q8NHZ8_OID31508.gz
running CDC27_P30260_OID21238.gz
finished CDC27_P30260_OID21238.gz
