running NDUFA5_Q16718_OID30520.gz
finished NDUFA5_Q16718_OID30520.gz
running NDUFB7_P17568_OID31521.gz
finished NDUFB7_P17568_OID31521.gz
running NDUFS6_O75380_OID21224.gz
finished NDUFS6_O75380_OID21224.gz
running NEB_P20929_OID30105.gz
finished NEB_P20929_OID30105.gz
running NECAP2_Q9NVZ3_OID30089.gz
finished NECAP2_Q9NVZ3_OID30089.gz
running NECTIN1_Q15223_OID30545.gz
finished NECTIN1_Q15223_OID30545.gz
running NECTIN2_Q92692_OID20222.gz
finished NECTIN2_Q92692_OID20222.gz
running NECTIN4_Q96NY8_OID21490.gz
finished NECTIN4_Q96NY8_OID21490.gz
running NEDD4L_Q96PU5_OID30521.gz
finished NEDD4L_Q96PU5_OID30521.gz
running NEDD9_Q14511_OID30503.gz
finished NEDD9_Q14511_OID30503.gz
running NEFL_P07196_OID20871.gz
finished NEFL_P07196_OID20871.gz
running NEK7_Q8TDX7_OID31250.gz
finished NEK7_Q8TDX7_OID31250.gz
running NELL1_Q92832_OID21494.gz
finished NELL1_Q92832_OID21494.gz
running NELL2_Q99435_OID20706.gz
finished NELL2_Q99435_OID20706.gz
running NENF_Q9UMX5_OID31354.gz
finished NENF_Q9UMX5_OID31354.gz
running NEO1_Q92859_OID31066.gz
finished NEO1_Q92859_OID31066.gz
running NEXN_Q0ZGT2_OID30678.gz
finished NEXN_Q0ZGT2_OID30678.gz
running NFASC_O94856_OID20634.gz
finished NFASC_O94856_OID20634.gz
running NFAT5_O94916_OID30522.gz
finished NFAT5_O94916_OID30522.gz
running NFATC1_O95644_OID20545.gz
finished NFATC1_O95644_OID20545.gz
running NFATC3_Q12968_OID20470.gz
finished NFATC3_Q12968_OID20470.gz
running NFE2_Q16621_OID30268.gz
finished NFE2_Q16621_OID30268.gz
running NFIC_P08651_OID30988.gz
finished NFIC_P08651_OID30988.gz
running NFKB1_P19838_OID30160.gz
finished NFKB1_P19838_OID30160.gz
running NFKB2_Q00653_OID31258.gz
finished NFKB2_Q00653_OID31258.gz
running NFKBIE_O00221_OID21212.gz
finished NFKBIE_O00221_OID21212.gz
running NFU1_Q9UMS0_OID31510.gz
finished NFU1_Q9UMS0_OID31510.gz
running NFX1_Q12986_OID30158.gz
finished NFX1_Q12986_OID30158.gz
running NFYA_P23511_OID30134.gz
finished NFYA_P23511_OID30134.gz
running NGF_P01138_OID20920.gz
finished NGF_P01138_OID20920.gz
running NGFR_P08138_OID30300.gz
finished NGFR_P08138_OID30300.gz
running NGRN_Q9NPE2_OID31115.gz
finished NGRN_Q9NPE2_OID31115.gz
running NHLRC3_Q5JS37_OID30614.gz
finished NHLRC3_Q5JS37_OID30614.gz
running NID1_P14543_OID20362.gz
finished NID1_P14543_OID20362.gz
running NID2_Q14112_OID21085.gz
finished NID2_Q14112_OID21085.gz
running NINJ1_Q92982_OID21167.gz
finished NINJ1_Q92982_OID21167.gz
running NIT1_Q86X76_OID30252.gz
finished NIT1_Q86X76_OID30252.gz
running NIT2_Q9NQR4_OID30336.gz
finished NIT2_Q9NQR4_OID30336.gz
running NLGN1_Q8N2Q7_OID30900.gz
finished NLGN1_Q8N2Q7_OID30900.gz
running NLGN2_Q8NFZ4_OID30878.gz
finished NLGN2_Q8NFZ4_OID30878.gz
running NME1_P15531_OID30451.gz
finished NME1_P15531_OID30451.gz
running NME3_Q13232_OID20789.gz
finished NME3_Q13232_OID20789.gz
running NMI_Q13287_OID31378.gz
finished NMI_Q13287_OID31378.gz
running NMNAT1_Q9HAN9_OID20913.gz
finished NMNAT1_Q9HAN9_OID20913.gz
running NMRK2_Q9NPI5_OID31163.gz
finished NMRK2_Q9NPI5_OID31163.gz
running NMT1_P30419_OID31021.gz
finished NMT1_P30419_OID31021.gz
running NOMO1_Q15155_OID21106.gz
finished NOMO1_Q15155_OID21106.gz
running NOP56_O00567_OID30055.gz
finished NOP56_O00567_OID30055.gz
running NOS1_P29475_OID20863.gz
finished NOS1_P29475_OID20863.gz
running NOS2_P35228_OID30087.gz
finished NOS2_P35228_OID30087.gz
running NOS3_P29474_OID20834.gz
finished NOS3_P29474_OID20834.gz
running NOTCH1_P46531_OID20311.gz
finished NOTCH1_P46531_OID20311.gz
running NOTCH2_Q04721_OID30407.gz
finished NOTCH2_Q04721_OID30407.gz
running NOTCH3_Q9UM47_OID20253.gz
finished NOTCH3_Q9UM47_OID20253.gz
running NPC2_P61916_OID30418.gz
finished NPC2_P61916_OID30418.gz
running NPDC1_Q9NQX5_OID20205.gz
finished NPDC1_Q9NQX5_OID20205.gz
running NPHS1_O60500_OID30540.gz
finished NPHS1_O60500_OID30540.gz
running NPHS2_Q9NP85_OID30462.gz
finished NPHS2_Q9NP85_OID30462.gz
running NPL_Q9BXD5_OID30329.gz
finished NPL_Q9BXD5_OID30329.gz
running NPM1_P06748_OID20961.gz
finished NPM1_P06748_OID20961.gz
running NPPB_P16860_OID20049.gz
finished NPPB_P16860_OID20049.gz
running NPPC_P23582_OID20568.gz
finished NPPC_P23582_OID20568.gz
running NPR1_P16066_OID30116.gz
finished NPR1_P16066_OID30116.gz
running NPTN_Q9Y639_OID21235.gz
finished NPTN_Q9Y639_OID21235.gz
running NPTX1_Q15818_OID21074.gz
finished NPTX1_Q15818_OID21074.gz
running NPTX2_P47972_OID30390.gz
finished NPTX2_P47972_OID30390.gz
running NPTXR_O95502_OID20191.gz
finished NPTXR_O95502_OID20191.gz
running NPY_P01303_OID21388.gz
finished NPY_P01303_OID21388.gz
running NRCAM_Q92823_OID20229.gz
finished NRCAM_Q92823_OID20229.gz
running NRGN_Q92686_OID30674.gz
finished NRGN_Q92686_OID30674.gz
running NRN1_Q9NPD7_OID30983.gz
finished NRN1_Q9NPD7_OID30983.gz
running NRP1_O14786_OID20390.gz
finished NRP1_O14786_OID20390.gz
running NRP2_O60462_OID21081.gz
finished NRP2_O60462_OID21081.gz
running NRTN_Q99748_OID20465.gz
finished NRTN_Q99748_OID20465.gz
running NRXN3_Q9Y4C0_OID30901.gz
finished NRXN3_Q9Y4C0_OID30901.gz
running NSFL1C_Q9UNZ2_OID21022.gz
finished NSFL1C_Q9UNZ2_OID21022.gz
running NT5C1A_Q9BXI3_OID31102.gz
finished NT5C1A_Q9BXI3_OID31102.gz
running NT5C3A_Q9H0P0_OID20553.gz
finished NT5C3A_Q9H0P0_OID20553.gz
running NT5C_Q8TCD5_OID30294.gz
finished NT5C_Q8TCD5_OID30294.gz
running NT5E_P21589_OID21498.gz
finished NT5E_P21589_OID21498.gz
