running FGF21_Q9NSA1_OID21402.gz
finished FGF21_Q9NSA1_OID21402.gz
running FGF23_Q9GZV9_OID21411.gz
finished FGF23_Q9GZV9_OID21411.gz
running FGF2_P09038_OID20503.gz
finished FGF2_P09038_OID20503.gz
running FGF3_P11487_OID30544.gz
finished FGF3_P11487_OID30544.gz
running FGF5_P12034_OID20490.gz
finished FGF5_P12034_OID20490.gz
running FGF6_P10767_OID30443.gz
finished FGF6_P10767_OID30443.gz
running FGF7_P21781_OID31241.gz
finished FGF7_P21781_OID31241.gz
running FGF9_P31371_OID31193.gz
finished FGF9_P31371_OID31193.gz
running FGFBP1_Q14512_OID21507.gz
finished FGFBP1_Q14512_OID21507.gz
running FGFBP2_Q9BYJ0_OID30395.gz
finished FGFBP2_Q9BYJ0_OID30395.gz
running FGFBP3_Q8TAT2_OID31108.gz
finished FGFBP3_Q8TAT2_OID31108.gz
running FGFR2_P21802_OID21478.gz
finished FGFR2_P21802_OID21478.gz
running FGFR4_P22455_OID30646.gz
finished FGFR4_P22455_OID30646.gz
running FGL1_Q08830_OID30702.gz
finished FGL1_Q08830_OID30702.gz
running FGR_P09769_OID20828.gz
finished FGR_P09769_OID20828.gz
running FHIP2A_Q5W0V3_OID30187.gz
finished FHIP2A_Q5W0V3_OID30187.gz
running FHIT_P49789_OID20872.gz
finished FHIT_P49789_OID20872.gz
running FH_P07954_OID30839.gz
finished FH_P07954_OID30839.gz
running FIS1_Q9Y3D6_OID20722.gz
finished FIS1_Q9Y3D6_OID20722.gz
running FKBP14_Q9NWM8_OID31065.gz
finished FKBP14_Q9NWM8_OID31065.gz
running FKBP1B_P68106_OID20618.gz
finished FKBP1B_P68106_OID20618.gz
running FKBP4_Q02790_OID20960.gz
finished FKBP4_Q02790_OID20960.gz
running FKBP5_Q13451_OID20937.gz
finished FKBP5_Q13451_OID20937.gz
running FKBP7_Q9Y680_OID20846.gz
finished FKBP7_Q9Y680_OID20846.gz
running FKBPL_Q9UIM3_OID31499.gz
finished FKBPL_Q9UIM3_OID31499.gz
running FLI1_Q01543_OID21239.gz
finished FLI1_Q01543_OID21239.gz
running FLRT2_O43155_OID20946.gz
finished FLRT2_O43155_OID20946.gz
running FLT1_P17948_OID21301.gz
finished FLT1_P17948_OID21301.gz
running FLT3LG_P49771_OID20661.gz
finished FLT3LG_P49771_OID20661.gz
running FLT3_P36888_OID21272.gz
finished FLT3_P36888_OID21272.gz
running FLT4_P35916_OID21491.gz
finished FLT4_P35916_OID21491.gz
running FMNL1_O95466_OID20884.gz
finished FMNL1_O95466_OID20884.gz
running FMR1_Q06787_OID21233.gz
finished FMR1_Q06787_OID21233.gz
running FN1_P02751_OID30787.gz
finished FN1_P02751_OID30787.gz
running FNDC1_Q4ZHG4_OID31127.gz
finished FNDC1_Q4ZHG4_OID31127.gz
running FNTA_P49354_OID31381.gz
finished FNTA_P49354_OID31381.gz
running FOLH1_Q04609_OID30430.gz
finished FOLH1_Q04609_OID30430.gz
running FOLR1_P15328_OID21529.gz
finished FOLR1_P15328_OID21529.gz
running FOLR2_P14207_OID21062.gz
finished FOLR2_P14207_OID21062.gz
running FOLR3_P41439_OID21485.gz
finished FOLR3_P41439_OID21485.gz
running FOSB_P53539_OID20791.gz
finished FOSB_P53539_OID20791.gz
running FOS_P01100_OID31221.gz
finished FOS_P01100_OID31221.gz
running FOXJ3_Q9UPW0_OID30445.gz
finished FOXJ3_Q9UPW0_OID30445.gz
running FOXO1_Q12778_OID20515.gz
finished FOXO1_Q12778_OID20515.gz
running FOXO3_O43524_OID21271.gz
finished FOXO3_O43524_OID21271.gz
running FRMD4B_Q9Y2L6_OID30155.gz
finished FRMD4B_Q9Y2L6_OID30155.gz
running FRMD7_Q6ZUT3_OID30898.gz
finished FRMD7_Q6ZUT3_OID30898.gz
running FRZB_Q92765_OID20968.gz
finished FRZB_Q92765_OID20968.gz
running FSHB_P01225_OID30233.gz
finished FSHB_P01225_OID30233.gz
running FSTL1_Q12841_OID30254.gz
finished FSTL1_Q12841_OID30254.gz
running FSTL3_O95633_OID20782.gz
finished FSTL3_O95633_OID20782.gz
running FST_P19883_OID20770.gz
finished FST_P19883_OID20770.gz
running FTCD_O95954_OID31137.gz
finished FTCD_O95954_OID31137.gz
running FUCA1_P04066_OID20261.gz
finished FUCA1_P04066_OID20261.gz
running FUOM_A2VDF0_OID30626.gz
finished FUOM_A2VDF0_OID30626.gz
running FURIN_P09958_OID21514.gz
finished FURIN_P09958_OID21514.gz
running FUS_P35637_OID21256.gz
finished FUS_P35637_OID21256.gz
running FUT1_P19526_OID31295.gz
finished FUT1_P19526_OID31295.gz
running FUT3_FUT5_P21217_Q11128_OID21013.gz
finished FUT3_FUT5_P21217_Q11128_OID21013.gz
running FUT8_Q9BYC5_OID20992.gz
finished FUT8_Q9BYC5_OID20992.gz
running FXN_Q16595_OID21442.gz
finished FXN_Q16595_OID21442.gz
running FXYD5_Q96DB9_OID20463.gz
finished FXYD5_Q96DB9_OID20463.gz
running FYB1_O15117_OID21140.gz
finished FYB1_O15117_OID21140.gz
running FZD10_Q9ULW2_OID30931.gz
finished FZD10_Q9ULW2_OID30931.gz
running FZD8_Q9H461_OID30818.gz
finished FZD8_Q9H461_OID30818.gz
running GABARAPL1_Q9H0R8_OID31253.gz
finished GABARAPL1_Q9H0R8_OID31253.gz
running GABARAP_O95166_OID31414.gz
finished GABARAP_O95166_OID31414.gz
running GABRA4_P48169_OID30803.gz
finished GABRA4_P48169_OID30803.gz
running GAD1_Q99259_OID31166.gz
finished GAD1_Q99259_OID31166.gz
running GAD2_Q05329_OID30449.gz
finished GAD2_Q05329_OID30449.gz
running GADD45B_O75293_OID31261.gz
finished GADD45B_O75293_OID31261.gz
running GADD45GIP1_Q8TAE8_OID30237.gz
finished GADD45GIP1_Q8TAE8_OID30237.gz
running GAGE2A_Q6NT46_OID31199.gz
finished GAGE2A_Q6NT46_OID31199.gz
running GALNT10_Q86SR1_OID21371.gz
finished GALNT10_Q86SR1_OID21371.gz
running GALNT2_Q10471_OID21423.gz
finished GALNT2_Q10471_OID21423.gz
running GALNT3_Q14435_OID20471.gz
finished GALNT3_Q14435_OID20471.gz
running GALNT5_Q7Z7M9_OID30295.gz
finished GALNT5_Q7Z7M9_OID30295.gz
running GALNT7_Q86SF2_OID21377.gz
finished GALNT7_Q86SF2_OID21377.gz
running GAL_P22466_OID20727.gz
finished GAL_P22466_OID20727.gz
running GAMT_Q14353_OID30133.gz
finished GAMT_Q14353_OID30133.gz
