running C9_P02748_OID30698.gz
finished C9_P02748_OID30698.gz
running CA11_O75493_OID21195.gz
finished CA11_O75493_OID21195.gz
running CA12_O43570_OID21344.gz
finished CA12_O43570_OID21344.gz
running CA13_Q8N1Q1_OID20225.gz
finished CA13_Q8N1Q1_OID20225.gz
running CA14_Q9ULX7_OID21401.gz
finished CA14_Q9ULX7_OID21401.gz
running CA1_P00915_OID20409.gz
finished CA1_P00915_OID20409.gz
running CA2_P00918_OID21149.gz
finished CA2_P00918_OID21149.gz
running CA3_P07451_OID20271.gz
finished CA3_P07451_OID20271.gz
running CA4_P22748_OID20241.gz
finished CA4_P22748_OID20241.gz
running CA5A_P35218_OID20075.gz
finished CA5A_P35218_OID20075.gz
running CA6_P23280_OID21096.gz
finished CA6_P23280_OID21096.gz
running CA7_P43166_OID31265.gz
finished CA7_P43166_OID31265.gz
running CA8_P35219_OID30482.gz
finished CA8_P35219_OID30482.gz
running CA9_Q16790_OID21417.gz
finished CA9_Q16790_OID21417.gz
running CABP2_Q9NPB3_OID30916.gz
finished CABP2_Q9NPB3_OID30916.gz
running CACNA1C_Q13936_OID30840.gz
finished CACNA1C_Q13936_OID30840.gz
running CACNA1H_O95180_OID30064.gz
finished CACNA1H_O95180_OID30064.gz
running CACNB1_Q02641_OID30820.gz
finished CACNB1_Q02641_OID30820.gz
running CACNB3_P54284_OID31039.gz
finished CACNB3_P54284_OID31039.gz
running CACYBP_Q9HB71_OID30649.gz
finished CACYBP_Q9HB71_OID30649.gz
running CADPS_Q9ULU8_OID30915.gz
finished CADPS_Q9ULU8_OID30915.gz
running CALB1_P05937_OID21306.gz
finished CALB1_P05937_OID21306.gz
running CALB2_P22676_OID20801.gz
finished CALB2_P22676_OID20801.gz
running CALCA_P01258_OID20983.gz
finished CALCA_P01258_OID20983.gz
running CALCB_P10092_OID31100.gz
finished CALCB_P10092_OID31100.gz
running CALCOCO1_Q9P1Z2_OID21387.gz
finished CALCOCO1_Q9P1Z2_OID21387.gz
running CALCOCO2_Q13137_OID30249.gz
finished CALCOCO2_Q13137_OID30249.gz
running CALY_Q9NYX4_OID30144.gz
finished CALY_Q9NYX4_OID30144.gz
running CAMKK1_Q8N5S9_OID21182.gz
finished CAMKK1_Q8N5S9_OID21182.gz
running CAMLG_P49069_OID30952.gz
finished CAMLG_P49069_OID30952.gz
running CAMSAP1_Q5T5Y3_OID31070.gz
finished CAMSAP1_Q5T5Y3_OID31070.gz
running CANT1_Q8WVQ1_OID20181.gz
finished CANT1_Q8WVQ1_OID20181.gz
running CAPG_P40121_OID21431.gz
finished CAPG_P40121_OID21431.gz
running CAPN3_P20807_OID31384.gz
finished CAPN3_P20807_OID31384.gz
running CAPS_Q13938_OID31126.gz
finished CAPS_Q13938_OID31126.gz
running CARHSP1_Q9Y2V2_OID20859.gz
finished CARHSP1_Q9Y2V2_OID20859.gz
running CASC3_O15234_OID30921.gz
finished CASC3_O15234_OID30921.gz
running CASP10_Q92851_OID20893.gz
finished CASP10_Q92851_OID20893.gz
running CASP1_P29466_OID20854.gz
finished CASP1_P29466_OID20854.gz
running CASP2_P42575_OID20555.gz
finished CASP2_P42575_OID20555.gz
running CASP3_P42574_OID20305.gz
finished CASP3_P42574_OID20305.gz
running CASP4_P49662_OID31276.gz
finished CASP4_P49662_OID31276.gz
running CASP7_P55210_OID31135.gz
finished CASP7_P55210_OID31135.gz
running CASP8_Q14790_OID21414.gz
finished CASP8_Q14790_OID21414.gz
running CASP9_P55211_OID30530.gz
finished CASP9_P55211_OID30530.gz
running CASQ2_O14958_OID30063.gz
finished CASQ2_O14958_OID30063.gz
running CAT_P04040_OID30712.gz
finished CAT_P04040_OID30712.gz
running CBLIF_P27352_OID20179.gz
finished CBLIF_P27352_OID20179.gz
running CBLN1_P23435_OID30851.gz
finished CBLN1_P23435_OID30851.gz
running CBLN4_Q9NTU7_OID21386.gz
finished CBLN4_Q9NTU7_OID21386.gz
running CBS_P35520_OID30200.gz
finished CBS_P35520_OID30200.gz
running CBX2_Q14781_OID30177.gz
finished CBX2_Q14781_OID30177.gz
running CC2D1A_Q6P1N0_OID20958.gz
finished CC2D1A_Q6P1N0_OID20958.gz
running CCAR2_Q8N163_OID31077.gz
finished CCAR2_Q8N163_OID31077.gz
running CCDC134_Q9H6E4_OID31413.gz
finished CCDC134_Q9H6E4_OID31413.gz
running CCDC28A_Q8IWP9_OID30973.gz
finished CCDC28A_Q8IWP9_OID30973.gz
running CCDC50_Q8IVM0_OID31001.gz
finished CCDC50_Q8IVM0_OID31001.gz
running CCDC80_Q76M96_OID20226.gz
finished CCDC80_Q76M96_OID20226.gz
running CCER2_I3L3R5_OID30221.gz
finished CCER2_I3L3R5_OID30221.gz
running CCL11_P51671_OID20668.gz
finished CCL11_P51671_OID20668.gz
running CCL13_Q99616_OID20655.gz
finished CCL13_Q99616_OID20655.gz
running CCL14_Q16627_OID20401.gz
finished CCL14_Q16627_OID20401.gz
running CCL15_Q16663_OID20328.gz
finished CCL15_Q16663_OID20328.gz
running CCL16_O15467_OID20334.gz
finished CCL16_O15467_OID20334.gz
running CCL17_Q92583_OID20745.gz
finished CCL17_Q92583_OID20745.gz
running CCL18_P55774_OID20395.gz
finished CCL18_P55774_OID20395.gz
running CCL19_Q99731_OID21030.gz
finished CCL19_Q99731_OID21030.gz
running CCL20_P78556_OID20671.gz
finished CCL20_P78556_OID20671.gz
running CCL21_O00585_OID20686.gz
finished CCL21_O00585_OID20686.gz
running CCL22_O00626_OID20765.gz
finished CCL22_O00626_OID20765.gz
running CCL23_P55773_OID20693.gz
finished CCL23_P55773_OID20693.gz
running CCL24_O00175_OID20772.gz
finished CCL24_O00175_OID20772.gz
running CCL25_O15444_OID20674.gz
finished CCL25_O15444_OID20674.gz
running CCL26_Q9Y258_OID20546.gz
finished CCL26_Q9Y258_OID20546.gz
running CCL27_Q9Y4X3_OID20121.gz
finished CCL27_Q9Y4X3_OID20121.gz
running CCL28_Q9NRJ3_OID20569.gz
finished CCL28_Q9NRJ3_OID20569.gz
running CCL2_P13500_OID21004.gz
finished CCL2_P13500_OID21004.gz
running CCL3_P10147_OID20610.gz
finished CCL3_P10147_OID20610.gz
running CCL4_P13236_OID20695.gz
finished CCL4_P13236_OID20695.gz
running CCL5_P13501_OID20412.gz
finished CCL5_P13501_OID20412.gz
