running 8059_1_THPO_Tpo.txt.gz.annotated.gz.exclusions.gz.alleles.gz
finished 8059_1_THPO_Tpo.txt.gz.annotated.gz.exclusions.gz.alleles.gz
running 8060_7_NRG2_NRG2.txt.gz.annotated.gz.exclusions.gz.alleles.gz
finished 8060_7_NRG2_NRG2.txt.gz.annotated.gz.exclusions.gz.alleles.gz
running 8061_102_FAM171B_F171B.txt.gz.annotated.gz.exclusions.gz.alleles.gz
finished 8061_102_FAM171B_F171B.txt.gz.annotated.gz.exclusions.gz.alleles.gz
running 8062_15_EVA1B_F176B.txt.gz.annotated.gz.exclusions.gz.alleles.gz
finished 8062_15_EVA1B_F176B.txt.gz.annotated.gz.exclusions.gz.alleles.gz
running 8064_125_PVR_Poliovirus_receptor.txt.gz.annotated.gz.exclusions.gz.alleles.gz
finished 8064_125_PVR_Poliovirus_receptor.txt.gz.annotated.gz.exclusions.gz.alleles.gz
running 8065_245_PATE4_PATE4.txt.gz.annotated.gz.exclusions.gz.alleles.gz
finished 8065_245_PATE4_PATE4.txt.gz.annotated.gz.exclusions.gz.alleles.gz
running 8066_38_SYT9_SYT9.txt.gz.annotated.gz.exclusions.gz.alleles.gz
finished 8066_38_SYT9_SYT9.txt.gz.annotated.gz.exclusions.gz.alleles.gz
running 8067_21_KCNE3_KCNE3.txt.gz.annotated.gz.exclusions.gz.alleles.gz
finished 8067_21_KCNE3_KCNE3.txt.gz.annotated.gz.exclusions.gz.alleles.gz
running 8068_43_KIAA1161_K1161.txt.gz.annotated.gz.exclusions.gz.alleles.gz
finished 8068_43_KIAA1161_K1161.txt.gz.annotated.gz.exclusions.gz.alleles.gz
running 8069_85_CD3E_CD3E.txt.gz.annotated.gz.exclusions.gz.alleles.gz
finished 8069_85_CD3E_CD3E.txt.gz.annotated.gz.exclusions.gz.alleles.gz
running 8070_88_DLG4_DLG4.txt.gz.annotated.gz.exclusions.gz.alleles.gz
finished 8070_88_DLG4_DLG4.txt.gz.annotated.gz.exclusions.gz.alleles.gz
running 8071_114_PCDHB7_PCDB7.txt.gz.annotated.gz.exclusions.gz.alleles.gz
finished 8071_114_PCDHB7_PCDB7.txt.gz.annotated.gz.exclusions.gz.alleles.gz
running 8074_32_TMEM70_TMM70.txt.gz.annotated.gz.exclusions.gz.alleles.gz
finished 8074_32_TMEM70_TMM70.txt.gz.annotated.gz.exclusions.gz.alleles.gz
running 8076_4_SPACA3_SACA3.txt.gz.annotated.gz.exclusions.gz.alleles.gz
finished 8076_4_SPACA3_SACA3.txt.gz.annotated.gz.exclusions.gz.alleles.gz
running 8079_39_EID3_EID3.txt.gz.annotated.gz.exclusions.gz.alleles.gz
finished 8079_39_EID3_EID3.txt.gz.annotated.gz.exclusions.gz.alleles.gz
running 8080_24_MSMP_PSMP.txt.gz.annotated.gz.exclusions.gz.alleles.gz
finished 8080_24_MSMP_PSMP.txt.gz.annotated.gz.exclusions.gz.alleles.gz
running 8081_55_PLD5_PLD5.txt.gz.annotated.gz.exclusions.gz.alleles.gz
finished 8081_55_PLD5_PLD5.txt.gz.annotated.gz.exclusions.gz.alleles.gz
running 8086_49_ITM2B_ITM2B.txt.gz.annotated.gz.exclusions.gz.alleles.gz
finished 8086_49_ITM2B_ITM2B.txt.gz.annotated.gz.exclusions.gz.alleles.gz
running 8087_250_RNF13_RNF13.txt.gz.annotated.gz.exclusions.gz.alleles.gz
finished 8087_250_RNF13_RNF13.txt.gz.annotated.gz.exclusions.gz.alleles.gz
running 8088_56_C1orf210_CA210.txt.gz.annotated.gz.exclusions.gz.alleles.gz
finished 8088_56_C1orf210_CA210.txt.gz.annotated.gz.exclusions.gz.alleles.gz
running 8089_173_NR4A1_NR4A1.txt.gz.annotated.gz.exclusions.gz.alleles.gz
finished 8089_173_NR4A1_NR4A1.txt.gz.annotated.gz.exclusions.gz.alleles.gz
running 8093_13_KIAA1161_K1161.txt.gz.annotated.gz.exclusions.gz.alleles.gz
finished 8093_13_KIAA1161_K1161.txt.gz.annotated.gz.exclusions.gz.alleles.gz
running 8094_20_CISD2_CISD2.txt.gz.annotated.gz.exclusions.gz.alleles.gz
finished 8094_20_CISD2_CISD2.txt.gz.annotated.gz.exclusions.gz.alleles.gz
running 8097_77_LIPN_LIPN.txt.gz.annotated.gz.exclusions.gz.alleles.gz
finished 8097_77_LIPN_LIPN.txt.gz.annotated.gz.exclusions.gz.alleles.gz
running 8098_37_TBXAS1_THAS.txt.gz.annotated.gz.exclusions.gz.alleles.gz
finished 8098_37_TBXAS1_THAS.txt.gz.annotated.gz.exclusions.gz.alleles.gz
running 8099_42_SPON2_SPON2.txt.gz.annotated.gz.exclusions.gz.alleles.gz
finished 8099_42_SPON2_SPON2.txt.gz.annotated.gz.exclusions.gz.alleles.gz
running 8100_15_ADM2_ADM2.txt.gz.annotated.gz.exclusions.gz.alleles.gz
finished 8100_15_ADM2_ADM2.txt.gz.annotated.gz.exclusions.gz.alleles.gz
running 8102_239_C1orf186_CA186.txt.gz.annotated.gz.exclusions.gz.alleles.gz
finished 8102_239_C1orf186_CA186.txt.gz.annotated.gz.exclusions.gz.alleles.gz
running 8104_21_IL10RA_IL_10_Ra.txt.gz.annotated.gz.exclusions.gz.alleles.gz
finished 8104_21_IL10RA_IL_10_Ra.txt.gz.annotated.gz.exclusions.gz.alleles.gz
running 8106_15_SSR1_SSRA.txt.gz.annotated.gz.exclusions.gz.alleles.gz
finished 8106_15_SSR1_SSRA.txt.gz.annotated.gz.exclusions.gz.alleles.gz
running 8107_12_TMEM234_TM234.txt.gz.annotated.gz.exclusions.gz.alleles.gz
finished 8107_12_TMEM234_TM234.txt.gz.annotated.gz.exclusions.gz.alleles.gz
running 8219_14_ZG16_ZG16.txt.gz.annotated.gz.exclusions.gz.alleles.gz
finished 8219_14_ZG16_ZG16.txt.gz.annotated.gz.exclusions.gz.alleles.gz
running 8220_15_C10orf35_CJ035.txt.gz.annotated.gz.exclusions.gz.alleles.gz
finished 8220_15_C10orf35_CJ035.txt.gz.annotated.gz.exclusions.gz.alleles.gz
running 8221_19_MIF_MIF.txt.gz.annotated.gz.exclusions.gz.alleles.gz
finished 8221_19_MIF_MIF.txt.gz.annotated.gz.exclusions.gz.alleles.gz
running 8222_49_CDHR3_CDHR3.txt.gz.annotated.gz.exclusions.gz.alleles.gz
finished 8222_49_CDHR3_CDHR3.txt.gz.annotated.gz.exclusions.gz.alleles.gz
running 8225_86_EPHB2_EPHB2.txt.gz.annotated.gz.exclusions.gz.alleles.gz
finished 8225_86_EPHB2_EPHB2.txt.gz.annotated.gz.exclusions.gz.alleles.gz
running 8229_1_GXYLT1_GXLT1.txt.gz.annotated.gz.exclusions.gz.alleles.gz
finished 8229_1_GXYLT1_GXLT1.txt.gz.annotated.gz.exclusions.gz.alleles.gz
running 8231_122_FLT1_VEGF_sR1.txt.gz.annotated.gz.exclusions.gz.alleles.gz
finished 8231_122_FLT1_VEGF_sR1.txt.gz.annotated.gz.exclusions.gz.alleles.gz
running 8233_2_ITIH5_ITIH5.txt.gz.annotated.gz.exclusions.gz.alleles.gz
finished 8233_2_ITIH5_ITIH5.txt.gz.annotated.gz.exclusions.gz.alleles.gz
running 8235_48_CHGB_SCG1.txt.gz.annotated.gz.exclusions.gz.alleles.gz
finished 8235_48_CHGB_SCG1.txt.gz.annotated.gz.exclusions.gz.alleles.gz
running 8236_8_C18orf32_CR032.txt.gz.annotated.gz.exclusions.gz.alleles.gz
finished 8236_8_C18orf32_CR032.txt.gz.annotated.gz.exclusions.gz.alleles.gz
running 8237_56_SOSTDC1_SOSD1.txt.gz.annotated.gz.exclusions.gz.alleles.gz
finished 8237_56_SOSTDC1_SOSD1.txt.gz.annotated.gz.exclusions.gz.alleles.gz
running 8242_9_CLEC2L_CLC2L.txt.gz.annotated.gz.exclusions.gz.alleles.gz
finished 8242_9_CLEC2L_CLC2L.txt.gz.annotated.gz.exclusions.gz.alleles.gz
running 8243_55_SPINK1_TATI.txt.gz.annotated.gz.exclusions.gz.alleles.gz
finished 8243_55_SPINK1_TATI.txt.gz.annotated.gz.exclusions.gz.alleles.gz
running 8244_16_FUT8_FUT8.txt.gz.annotated.gz.exclusions.gz.alleles.gz
finished 8244_16_FUT8_FUT8.txt.gz.annotated.gz.exclusions.gz.alleles.gz
running 8245_27_ICAM5_sICAM_5.txt.gz.annotated.gz.exclusions.gz.alleles.gz
finished 8245_27_ICAM5_sICAM_5.txt.gz.annotated.gz.exclusions.gz.alleles.gz
running 8248_222_SIGLEC14_SIG14.txt.gz.annotated.gz.exclusions.gz.alleles.gz
finished 8248_222_SIGLEC14_SIG14.txt.gz.annotated.gz.exclusions.gz.alleles.gz
running 8249_124_ALK_ALK.txt.gz.annotated.gz.exclusions.gz.alleles.gz
finished 8249_124_ALK_ALK.txt.gz.annotated.gz.exclusions.gz.alleles.gz
running 8250_2_PTPRJ_PTPRJ.txt.gz.annotated.gz.exclusions.gz.alleles.gz
finished 8250_2_PTPRJ_PTPRJ.txt.gz.annotated.gz.exclusions.gz.alleles.gz
running 8252_2_NOTUM_NOTUM.txt.gz.annotated.gz.exclusions.gz.alleles.gz
finished 8252_2_NOTUM_NOTUM.txt.gz.annotated.gz.exclusions.gz.alleles.gz
running 8253_2_POMGNT1_PMGT1.txt.gz.annotated.gz.exclusions.gz.alleles.gz
finished 8253_2_POMGNT1_PMGT1.txt.gz.annotated.gz.exclusions.gz.alleles.gz
running 8255_34_MRVI1_MRVI1.txt.gz.annotated.gz.exclusions.gz.alleles.gz
finished 8255_34_MRVI1_MRVI1.txt.gz.annotated.gz.exclusions.gz.alleles.gz
running 8258_22_UXS1_UXS1.txt.gz.annotated.gz.exclusions.gz.alleles.gz
finished 8258_22_UXS1_UXS1.txt.gz.annotated.gz.exclusions.gz.alleles.gz
running 8261_51_STOM_STOM.txt.gz.annotated.gz.exclusions.gz.alleles.gz
finished 8261_51_STOM_STOM.txt.gz.annotated.gz.exclusions.gz.alleles.gz
running 8263_64_TYMSOS_CR056.txt.gz.annotated.gz.exclusions.gz.alleles.gz
finished 8263_64_TYMSOS_CR056.txt.gz.annotated.gz.exclusions.gz.alleles.gz
running 8265_225_TMPO_LAP2B.txt.gz.annotated.gz.exclusions.gz.alleles.gz
finished 8265_225_TMPO_LAP2B.txt.gz.annotated.gz.exclusions.gz.alleles.gz
running 8268_98_HS3ST3A1_HS3SA.txt.gz.annotated.gz.exclusions.gz.alleles.gz
finished 8268_98_HS3ST3A1_HS3SA.txt.gz.annotated.gz.exclusions.gz.alleles.gz
running 8269_327_ARSK_ARSK.txt.gz.annotated.gz.exclusions.gz.alleles.gz
finished 8269_327_ARSK_ARSK.txt.gz.annotated.gz.exclusions.gz.alleles.gz
running 8272_22_HSD17B7_DHB7.txt.gz.annotated.gz.exclusions.gz.alleles.gz
finished 8272_22_HSD17B7_DHB7.txt.gz.annotated.gz.exclusions.gz.alleles.gz
running 8273_84_IL31RA_IL31R.txt.gz.annotated.gz.exclusions.gz.alleles.gz
finished 8273_84_IL31RA_IL31R.txt.gz.annotated.gz.exclusions.gz.alleles.gz
running 8274_64_STX7_Syntaxin_7.txt.gz.annotated.gz.exclusions.gz.alleles.gz
finished 8274_64_STX7_Syntaxin_7.txt.gz.annotated.gz.exclusions.gz.alleles.gz
running 8275_31_PEAR1_PEAR1.txt.gz.annotated.gz.exclusions.gz.alleles.gz
finished 8275_31_PEAR1_PEAR1.txt.gz.annotated.gz.exclusions.gz.alleles.gz
running 8285_64_ADCYAP1_PACA.txt.gz.annotated.gz.exclusions.gz.alleles.gz
finished 8285_64_ADCYAP1_PACA.txt.gz.annotated.gz.exclusions.gz.alleles.gz
running 8288_27_APOH_b2_Glycoprotein_I.txt.gz.annotated.gz.exclusions.gz.alleles.gz
finished 8288_27_APOH_b2_Glycoprotein_I.txt.gz.annotated.gz.exclusions.gz.alleles.gz
running 8289_8_GPNMB_GPNMB.txt.gz.annotated.gz.exclusions.gz.alleles.gz
finished 8289_8_GPNMB_GPNMB.txt.gz.annotated.gz.exclusions.gz.alleles.gz
running 8296_117_KDELC2_KDEL2.txt.gz.annotated.gz.exclusions.gz.alleles.gz
finished 8296_117_KDELC2_KDEL2.txt.gz.annotated.gz.exclusions.gz.alleles.gz
running 8297_8_DNAJC10_DJC10.txt.gz.annotated.gz.exclusions.gz.alleles.gz
finished 8297_8_DNAJC10_DJC10.txt.gz.annotated.gz.exclusions.gz.alleles.gz
running 8298_8_SSMEM1_CG045.txt.gz.annotated.gz.exclusions.gz.alleles.gz
finished 8298_8_SSMEM1_CG045.txt.gz.annotated.gz.exclusions.gz.alleles.gz
running 8299_66_LILRA4_LIRA4.txt.gz.annotated.gz.exclusions.gz.alleles.gz
finished 8299_66_LILRA4_LIRA4.txt.gz.annotated.gz.exclusions.gz.alleles.gz
running 8300_82_PEX14_PEX14.txt.gz.annotated.gz.exclusions.gz.alleles.gz
finished 8300_82_PEX14_PEX14.txt.gz.annotated.gz.exclusions.gz.alleles.gz
running 8303_102_C12orf10_MYG1.txt.gz.annotated.gz.exclusions.gz.alleles.gz
finished 8303_102_C12orf10_MYG1.txt.gz.annotated.gz.exclusions.gz.alleles.gz
running 8304_50_TNFRSF11B_OPG.txt.gz.annotated.gz.exclusions.gz.alleles.gz
finished 8304_50_TNFRSF11B_OPG.txt.gz.annotated.gz.exclusions.gz.alleles.gz
running 8305_18_SULF2_SULF2.txt.gz.annotated.gz.exclusions.gz.alleles.gz
finished 8305_18_SULF2_SULF2.txt.gz.annotated.gz.exclusions.gz.alleles.gz
running 8306_54_PRRG1_TMG1.txt.gz.annotated.gz.exclusions.gz.alleles.gz
finished 8306_54_PRRG1_TMG1.txt.gz.annotated.gz.exclusions.gz.alleles.gz
running 8307_47_C11orf68_CK068.txt.gz.annotated.gz.exclusions.gz.alleles.gz
finished 8307_47_C11orf68_CK068.txt.gz.annotated.gz.exclusions.gz.alleles.gz
running 8309_12_HYAL1_HYAL1.txt.gz.annotated.gz.exclusions.gz.alleles.gz
finished 8309_12_HYAL1_HYAL1.txt.gz.annotated.gz.exclusions.gz.alleles.gz
running 8310_6_ZG16B_U773.txt.gz.annotated.gz.exclusions.gz.alleles.gz
finished 8310_6_ZG16B_U773.txt.gz.annotated.gz.exclusions.gz.alleles.gz
running 8315_5_DEFB119_DB119.txt.gz.annotated.gz.exclusions.gz.alleles.gz
finished 8315_5_DEFB119_DB119.txt.gz.annotated.gz.exclusions.gz.alleles.gz
running 8318_13_SPRED1_SPRE1.txt.gz.annotated.gz.exclusions.gz.alleles.gz
finished 8318_13_SPRED1_SPRE1.txt.gz.annotated.gz.exclusions.gz.alleles.gz
running 8320_5_SLTM_SLTM.txt.gz.annotated.gz.exclusions.gz.alleles.gz
finished 8320_5_SLTM_SLTM.txt.gz.annotated.gz.exclusions.gz.alleles.gz
