running CTRB1_P17538_OID21150.gz
finished CTRB1_P17538_OID21150.gz
running CTRC_Q99895_OID20752.gz
finished CTRC_Q99895_OID20752.gz
running CTRL_P40313_OID31157.gz
finished CTRL_P40313_OID31157.gz
running CTSB_P07858_OID20276.gz
finished CTSB_P07858_OID20276.gz
running CTSC_P53634_OID20679.gz
finished CTSC_P53634_OID20679.gz
running CTSD_P07339_OID20358.gz
finished CTSD_P07339_OID20358.gz
running CTSE_P14091_OID30628.gz
finished CTSE_P14091_OID30628.gz
running CTSF_Q9UBX1_OID21500.gz
finished CTSF_Q9UBX1_OID21500.gz
running CTSH_P09668_OID20113.gz
finished CTSH_P09668_OID20113.gz
running CTSL_P07711_OID20228.gz
finished CTSL_P07711_OID20228.gz
running CTSO_P43234_OID20660.gz
finished CTSO_P43234_OID20660.gz
running CTSS_P25774_OID21056.gz
finished CTSS_P25774_OID21056.gz
running CTSV_O60911_OID21405.gz
finished CTSV_O60911_OID21405.gz
running CTSZ_Q9UBR2_OID20365.gz
finished CTSZ_Q9UBR2_OID20365.gz
running CUZD1_Q86UP6_OID30914.gz
finished CUZD1_Q86UP6_OID30914.gz
running CWC15_Q9P013_OID31479.gz
finished CWC15_Q9P013_OID31479.gz
running CX3CL1_P78423_OID20976.gz
finished CX3CL1_P78423_OID20976.gz
running CXADR_P78310_OID20561.gz
finished CXADR_P78310_OID20561.gz
running CXCL10_P02778_OID20697.gz
finished CXCL10_P02778_OID20697.gz
running CXCL11_O14625_OID21042.gz
finished CXCL11_O14625_OID21042.gz
running CXCL12_P48061_OID20464.gz
finished CXCL12_P48061_OID20464.gz
running CXCL13_O43927_OID21024.gz
finished CXCL13_O43927_OID21024.gz
running CXCL14_O95715_OID20458.gz
finished CXCL14_O95715_OID20458.gz
running CXCL16_Q9H2A7_OID20282.gz
finished CXCL16_Q9H2A7_OID20282.gz
running CXCL17_Q6UXB2_OID20622.gz
finished CXCL17_Q6UXB2_OID20622.gz
running CXCL1_P09341_OID20762.gz
finished CXCL1_P09341_OID20762.gz
running CXCL3_P19876_OID20788.gz
finished CXCL3_P19876_OID20788.gz
running CXCL5_P42830_OID20207.gz
finished CXCL5_P42830_OID20207.gz
running CXCL6_P80162_OID20613.gz
finished CXCL6_P80162_OID20613.gz
running CXCL8_P10145_OID20153.gz
finished CXCL8_P10145_OID20153.gz
running CXCL8_P10145_OID20631.gz
finished CXCL8_P10145_OID20631.gz
running CXCL8_P10145_OID20997.gz
finished CXCL8_P10145_OID20997.gz
running CXCL8_P10145_OID21430.gz
finished CXCL8_P10145_OID21430.gz
running CXCL9_Q07325_OID20675.gz
finished CXCL9_Q07325_OID20675.gz
running CYB5A_P00167_OID31171.gz
finished CYB5A_P00167_OID31171.gz
running CYB5R2_Q6BCY4_OID31512.gz
finished CYB5R2_Q6BCY4_OID31512.gz
running CYP24A1_Q07973_OID30091.gz
finished CYP24A1_Q07973_OID30091.gz
running CYTH3_O43739_OID31208.gz
finished CYTH3_O43739_OID31208.gz
running CYTL1_Q9NRR1_OID30374.gz
finished CYTL1_Q9NRR1_OID30374.gz
running DAAM1_Q9Y4D1_OID30664.gz
finished DAAM1_Q9Y4D1_OID30664.gz
running DAB2_P98082_OID21428.gz
finished DAB2_P98082_OID21428.gz
running DAG1_Q14118_OID20774.gz
finished DAG1_Q14118_OID20774.gz
running DAND5_Q8N907_OID30420.gz
finished DAND5_Q8N907_OID30420.gz
running DAPK2_Q9UIK4_OID30505.gz
finished DAPK2_Q9UIK4_OID30505.gz
running DAPP1_Q9UN19_OID20524.gz
finished DAPP1_Q9UN19_OID20524.gz
running DARS1_P14868_OID20903.gz
finished DARS1_P14868_OID20903.gz
running DBH_P09172_OID30703.gz
finished DBH_P09172_OID30703.gz
running DBI_P07108_OID21143.gz
finished DBI_P07108_OID21143.gz
running DBN1_Q16643_OID30549.gz
finished DBN1_Q16643_OID30549.gz
running DBNL_Q9UJU6_OID20681.gz
finished DBNL_Q9UJU6_OID20681.gz
running DCBLD2_Q96PD2_OID21474.gz
finished DCBLD2_Q96PD2_OID21474.gz
running DCC_P43146_OID30953.gz
finished DCC_P43146_OID30953.gz
running DCDC2C_A8MYV0_OID31235.gz
finished DCDC2C_A8MYV0_OID31235.gz
running DCLRE1C_Q96SD1_OID31240.gz
finished DCLRE1C_Q96SD1_OID31240.gz
running DCN_P07585_OID20106.gz
finished DCN_P07585_OID20106.gz
running DCTD_P32321_OID30657.gz
finished DCTD_P32321_OID30657.gz
running DCTN1_Q14203_OID21399.gz
finished DCTN1_Q14203_OID21399.gz
running DCTN2_Q13561_OID21334.gz
finished DCTN2_Q13561_OID21334.gz
running DCTN6_O00399_OID20879.gz
finished DCTN6_O00399_OID20879.gz
running DCTPP1_Q9H773_OID20148.gz
finished DCTPP1_Q9H773_OID20148.gz
running DCUN1D1_Q96GG9_OID30830.gz
finished DCUN1D1_Q96GG9_OID30830.gz
running DCUN1D2_Q6PH85_OID31231.gz
finished DCUN1D2_Q6PH85_OID31231.gz
running DCXR_Q7Z4W1_OID21480.gz
finished DCXR_Q7Z4W1_OID21480.gz
running DDA1_Q9BW61_OID30126.gz
finished DDA1_Q9BW61_OID30126.gz
running DDAH1_O94760_OID21299.gz
finished DDAH1_O94760_OID21299.gz
running DDC_P20711_OID20215.gz
finished DDC_P20711_OID20215.gz
running DDHD2_O94830_OID31043.gz
finished DDHD2_O94830_OID31043.gz
running DDI2_Q5TDH0_OID30602.gz
finished DDI2_Q5TDH0_OID30602.gz
running DDR1_Q08345_OID21009.gz
finished DDR1_Q08345_OID21009.gz
running DDT_P30046_OID30372.gz
finished DDT_P30046_OID30372.gz
running DDX1_Q92499_OID31518.gz
finished DDX1_Q92499_OID31518.gz
running DDX25_Q9UHL0_OID30892.gz
finished DDX25_Q9UHL0_OID30892.gz
running DDX39A_O00148_OID30494.gz
finished DDX39A_O00148_OID30494.gz
running DDX4_Q9NQI0_OID30431.gz
finished DDX4_Q9NQI0_OID30431.gz
running DDX53_Q86TM3_OID30944.gz
finished DDX53_Q86TM3_OID30944.gz
running DDX58_O95786_OID21226.gz
finished DDX58_O95786_OID21226.gz
running DECR1_Q16698_OID20579.gz
finished DECR1_Q16698_OID20579.gz
running DEFA1_DEFA1B_P59665_OID20344.gz
finished DEFA1_DEFA1B_P59665_OID20344.gz
running DEFB103A_DEFB103B_P81534_OID30534.gz
finished DEFB103A_DEFB103B_P81534_OID30534.gz
running DEFB104A_DEFB104B_Q8WTQ1_OID30849.gz
finished DEFB104A_DEFB104B_Q8WTQ1_OID30849.gz
