running 11431_235_RECQL_RECQ1.txt.gz.annotated.gz.exclusions.gz.alleles.gz
finished 11431_235_RECQL_RECQ1.txt.gz.annotated.gz.exclusions.gz.alleles.gz
running 11432_11_PQBP1_PQBP1.txt.gz.annotated.gz.exclusions.gz.alleles.gz
finished 11432_11_PQBP1_PQBP1.txt.gz.annotated.gz.exclusions.gz.alleles.gz
running 11433_11_TCTN2_TECT2.txt.gz.annotated.gz.exclusions.gz.alleles.gz
finished 11433_11_TCTN2_TECT2.txt.gz.annotated.gz.exclusions.gz.alleles.gz
running 11436_6_INA_AINX.txt.gz.annotated.gz.exclusions.gz.alleles.gz
finished 11436_6_INA_AINX.txt.gz.annotated.gz.exclusions.gz.alleles.gz
running 11438_6_DNAJB2_DNJB2.txt.gz.annotated.gz.exclusions.gz.alleles.gz
finished 11438_6_DNAJB2_DNJB2.txt.gz.annotated.gz.exclusions.gz.alleles.gz
running 11439_88_RHPN2_RHPN2.txt.gz.annotated.gz.exclusions.gz.alleles.gz
finished 11439_88_RHPN2_RHPN2.txt.gz.annotated.gz.exclusions.gz.alleles.gz
running 11440_58_SOCS3_SOCS_3.txt.gz.annotated.gz.exclusions.gz.alleles.gz
finished 11440_58_SOCS3_SOCS_3.txt.gz.annotated.gz.exclusions.gz.alleles.gz
running 11441_11_PYGL_PYGL.txt.gz.annotated.gz.exclusions.gz.alleles.gz
finished 11441_11_PYGL_PYGL.txt.gz.annotated.gz.exclusions.gz.alleles.gz
running 11442_1_DNER_DNER.txt.gz.annotated.gz.exclusions.gz.alleles.gz
finished 11442_1_DNER_DNER.txt.gz.annotated.gz.exclusions.gz.alleles.gz
running 11444_49_POLR3F_RPC6.txt.gz.annotated.gz.exclusions.gz.alleles.gz
finished 11444_49_POLR3F_RPC6.txt.gz.annotated.gz.exclusions.gz.alleles.gz
running 11448_34_GALK1_GALK1.txt.gz.annotated.gz.exclusions.gz.alleles.gz
finished 11448_34_GALK1_GALK1.txt.gz.annotated.gz.exclusions.gz.alleles.gz
running 11449_22_CAPZA1_CAZA1.txt.gz.annotated.gz.exclusions.gz.alleles.gz
finished 11449_22_CAPZA1_CAZA1.txt.gz.annotated.gz.exclusions.gz.alleles.gz
running 11454_87_EIF3G_EIF3G.txt.gz.annotated.gz.exclusions.gz.alleles.gz
finished 11454_87_EIF3G_EIF3G.txt.gz.annotated.gz.exclusions.gz.alleles.gz
running 11456_2_MAGEB10_MAGBA.txt.gz.annotated.gz.exclusions.gz.alleles.gz
finished 11456_2_MAGEB10_MAGBA.txt.gz.annotated.gz.exclusions.gz.alleles.gz
running 11457_53_GALE_GALE.txt.gz.annotated.gz.exclusions.gz.alleles.gz
finished 11457_53_GALE_GALE.txt.gz.annotated.gz.exclusions.gz.alleles.gz
running 11458_30_PCBP1_PCBP1.txt.gz.annotated.gz.exclusions.gz.alleles.gz
finished 11458_30_PCBP1_PCBP1.txt.gz.annotated.gz.exclusions.gz.alleles.gz
running 11459_81_ELL_ELL.txt.gz.annotated.gz.exclusions.gz.alleles.gz
finished 11459_81_ELL_ELL.txt.gz.annotated.gz.exclusions.gz.alleles.gz
running 11462_8_RBFOX2_RBM9.txt.gz.annotated.gz.exclusions.gz.alleles.gz
finished 11462_8_RBFOX2_RBM9.txt.gz.annotated.gz.exclusions.gz.alleles.gz
running 11464_9_RELB_RELB.txt.gz.annotated.gz.exclusions.gz.alleles.gz
finished 11464_9_RELB_RELB.txt.gz.annotated.gz.exclusions.gz.alleles.gz
running 11465_4_GPR135_GP135.txt.gz.annotated.gz.exclusions.gz.alleles.gz
finished 11465_4_GPR135_GP135.txt.gz.annotated.gz.exclusions.gz.alleles.gz
running 11468_15_RBM19_RBM19.txt.gz.annotated.gz.exclusions.gz.alleles.gz
finished 11468_15_RBM19_RBM19.txt.gz.annotated.gz.exclusions.gz.alleles.gz
running 11476_43_VPS4A_VPS4A.txt.gz.annotated.gz.exclusions.gz.alleles.gz
finished 11476_43_VPS4A_VPS4A.txt.gz.annotated.gz.exclusions.gz.alleles.gz
running 11480_1_ALDH3A1_Aldehyde_dehydrogenase__class_3.txt.gz.annotated.gz.exclusions.gz.alleles.gz
finished 11480_1_ALDH3A1_Aldehyde_dehydrogenase__class_3.txt.gz.annotated.gz.exclusions.gz.alleles.gz
running 11481_25_HAVCR2_TIMD3.txt.gz.annotated.gz.exclusions.gz.alleles.gz
finished 11481_25_HAVCR2_TIMD3.txt.gz.annotated.gz.exclusions.gz.alleles.gz
running 11486_26_ZNF174_ZN174.txt.gz.annotated.gz.exclusions.gz.alleles.gz
finished 11486_26_ZNF174_ZN174.txt.gz.annotated.gz.exclusions.gz.alleles.gz
running 11490_42_UBL4A_UBL4A.txt.gz.annotated.gz.exclusions.gz.alleles.gz
finished 11490_42_UBL4A_UBL4A.txt.gz.annotated.gz.exclusions.gz.alleles.gz
running 11493_169_DYNLL2_DYL2.txt.gz.annotated.gz.exclusions.gz.alleles.gz
finished 11493_169_DYNLL2_DYL2.txt.gz.annotated.gz.exclusions.gz.alleles.gz
running 11494_4_ELL2_ELL2.txt.gz.annotated.gz.exclusions.gz.alleles.gz
finished 11494_4_ELL2_ELL2.txt.gz.annotated.gz.exclusions.gz.alleles.gz
running 11510_31_APOL1_Apo_L1.txt.gz.annotated.gz.exclusions.gz.alleles.gz
finished 11510_31_APOL1_Apo_L1.txt.gz.annotated.gz.exclusions.gz.alleles.gz
running 11513_92_CD38_CD38.txt.gz.annotated.gz.exclusions.gz.alleles.gz
finished 11513_92_CD38_CD38.txt.gz.annotated.gz.exclusions.gz.alleles.gz
running 11514_196_CD59_CD59.txt.gz.annotated.gz.exclusions.gz.alleles.gz
finished 11514_196_CD59_CD59.txt.gz.annotated.gz.exclusions.gz.alleles.gz
running 11516_7_FABP1_FABPL.txt.gz.annotated.gz.exclusions.gz.alleles.gz
finished 11516_7_FABP1_FABPL.txt.gz.annotated.gz.exclusions.gz.alleles.gz
running 11530_37_HMBS_HEM3.txt.gz.annotated.gz.exclusions.gz.alleles.gz
finished 11530_37_HMBS_HEM3.txt.gz.annotated.gz.exclusions.gz.alleles.gz
running 11531_24_C10orf54_GI24.txt.gz.annotated.gz.exclusions.gz.alleles.gz
finished 11531_24_C10orf54_GI24.txt.gz.annotated.gz.exclusions.gz.alleles.gz
running 11534_6_LRIT3_LRIT3.txt.gz.annotated.gz.exclusions.gz.alleles.gz
finished 11534_6_LRIT3_LRIT3.txt.gz.annotated.gz.exclusions.gz.alleles.gz
running 11536_9_MYSM1_MYSM1.txt.gz.annotated.gz.exclusions.gz.alleles.gz
finished 11536_9_MYSM1_MYSM1.txt.gz.annotated.gz.exclusions.gz.alleles.gz
running 11537_12_TFR2_TFR2.txt.gz.annotated.gz.exclusions.gz.alleles.gz
finished 11537_12_TFR2_TFR2.txt.gz.annotated.gz.exclusions.gz.alleles.gz
running 11538_216_MLYCD_DCMC.txt.gz.annotated.gz.exclusions.gz.alleles.gz
finished 11538_216_MLYCD_DCMC.txt.gz.annotated.gz.exclusions.gz.alleles.gz
running 11539_4_ATP5J2_ATPK.txt.gz.annotated.gz.exclusions.gz.alleles.gz
finished 11539_4_ATP5J2_ATPK.txt.gz.annotated.gz.exclusions.gz.alleles.gz
running 11540_37_FOXO3_FOXO3A.txt.gz.annotated.gz.exclusions.gz.alleles.gz
finished 11540_37_FOXO3_FOXO3A.txt.gz.annotated.gz.exclusions.gz.alleles.gz
running 11542_11_TMEM230_TM230.txt.gz.annotated.gz.exclusions.gz.alleles.gz
finished 11542_11_TMEM230_TM230.txt.gz.annotated.gz.exclusions.gz.alleles.gz
running 11543_84_LIMA1_LIMA1.txt.gz.annotated.gz.exclusions.gz.alleles.gz
finished 11543_84_LIMA1_LIMA1.txt.gz.annotated.gz.exclusions.gz.alleles.gz
running 11544_39_PHF3_PHF3.txt.gz.annotated.gz.exclusions.gz.alleles.gz
finished 11544_39_PHF3_PHF3.txt.gz.annotated.gz.exclusions.gz.alleles.gz
running 11546_7_CYGB_CYGB.txt.gz.annotated.gz.exclusions.gz.alleles.gz
finished 11546_7_CYGB_CYGB.txt.gz.annotated.gz.exclusions.gz.alleles.gz
running 11547_84_MUSK_MUSK.txt.gz.annotated.gz.exclusions.gz.alleles.gz
finished 11547_84_MUSK_MUSK.txt.gz.annotated.gz.exclusions.gz.alleles.gz
running 11548_84_CDC25A_MPIP1.txt.gz.annotated.gz.exclusions.gz.alleles.gz
finished 11548_84_CDC25A_MPIP1.txt.gz.annotated.gz.exclusions.gz.alleles.gz
running 11549_6_ISL1_ISL1.txt.gz.annotated.gz.exclusions.gz.alleles.gz
finished 11549_6_ISL1_ISL1.txt.gz.annotated.gz.exclusions.gz.alleles.gz
running 11551_16_HMG20B_HM20B.txt.gz.annotated.gz.exclusions.gz.alleles.gz
finished 11551_16_HMG20B_HM20B.txt.gz.annotated.gz.exclusions.gz.alleles.gz
running 11556_19_ARFGAP1_ARFG1.txt.gz.annotated.gz.exclusions.gz.alleles.gz
finished 11556_19_ARFGAP1_ARFG1.txt.gz.annotated.gz.exclusions.gz.alleles.gz
running 11557_3_SMURF1_SMUF1.txt.gz.annotated.gz.exclusions.gz.alleles.gz
finished 11557_3_SMURF1_SMUF1.txt.gz.annotated.gz.exclusions.gz.alleles.gz
running 11560_76_NFATC4_NFAC4.txt.gz.annotated.gz.exclusions.gz.alleles.gz
finished 11560_76_NFATC4_NFAC4.txt.gz.annotated.gz.exclusions.gz.alleles.gz
running 11562_9_POLE2_DPOE2.txt.gz.annotated.gz.exclusions.gz.alleles.gz
finished 11562_9_POLE2_DPOE2.txt.gz.annotated.gz.exclusions.gz.alleles.gz
running 11563_51_SYTL4_SYTL4.txt.gz.annotated.gz.exclusions.gz.alleles.gz
finished 11563_51_SYTL4_SYTL4.txt.gz.annotated.gz.exclusions.gz.alleles.gz
running 11565_58_ZNF23_ZNF23.txt.gz.annotated.gz.exclusions.gz.alleles.gz
finished 11565_58_ZNF23_ZNF23.txt.gz.annotated.gz.exclusions.gz.alleles.gz
running 11566_48_KRT72_Keratin_72.txt.gz.annotated.gz.exclusions.gz.alleles.gz
finished 11566_48_KRT72_Keratin_72.txt.gz.annotated.gz.exclusions.gz.alleles.gz
running 11567_23_ZNF10_ZNF10.txt.gz.annotated.gz.exclusions.gz.alleles.gz
finished 11567_23_ZNF10_ZNF10.txt.gz.annotated.gz.exclusions.gz.alleles.gz
running 11568_2_FKBP1B_FKB1B.txt.gz.annotated.gz.exclusions.gz.alleles.gz
finished 11568_2_FKBP1B_FKB1B.txt.gz.annotated.gz.exclusions.gz.alleles.gz
running 11570_94_BCAP29_BAP29.txt.gz.annotated.gz.exclusions.gz.alleles.gz
finished 11570_94_BCAP29_BAP29.txt.gz.annotated.gz.exclusions.gz.alleles.gz
running 11571_75_KLRC3_NKG2E.txt.gz.annotated.gz.exclusions.gz.alleles.gz
finished 11571_75_KLRC3_NKG2E.txt.gz.annotated.gz.exclusions.gz.alleles.gz
running 11572_4_DNM2_DYN2.txt.gz.annotated.gz.exclusions.gz.alleles.gz
finished 11572_4_DNM2_DYN2.txt.gz.annotated.gz.exclusions.gz.alleles.gz
running 11573_3_SRSF6_SRSF6.txt.gz.annotated.gz.exclusions.gz.alleles.gz
finished 11573_3_SRSF6_SRSF6.txt.gz.annotated.gz.exclusions.gz.alleles.gz
running 11582_63_DNAJA2_DNJA2.txt.gz.annotated.gz.exclusions.gz.alleles.gz
finished 11582_63_DNAJA2_DNJA2.txt.gz.annotated.gz.exclusions.gz.alleles.gz
running 11587_5_MGA_MGAP.txt.gz.annotated.gz.exclusions.gz.alleles.gz
finished 11587_5_MGA_MGAP.txt.gz.annotated.gz.exclusions.gz.alleles.gz
running 11590_5_RBM23_RBM23.txt.gz.annotated.gz.exclusions.gz.alleles.gz
finished 11590_5_RBM23_RBM23.txt.gz.annotated.gz.exclusions.gz.alleles.gz
running 11591_43_PRC1_PRC1.txt.gz.annotated.gz.exclusions.gz.alleles.gz
finished 11591_43_PRC1_PRC1.txt.gz.annotated.gz.exclusions.gz.alleles.gz
running 11592_1_ELAVL1_ELAV1.txt.gz.annotated.gz.exclusions.gz.alleles.gz
finished 11592_1_ELAVL1_ELAV1.txt.gz.annotated.gz.exclusions.gz.alleles.gz
running 11593_21_CXCL9_MIG.txt.gz.annotated.gz.exclusions.gz.alleles.gz
finished 11593_21_CXCL9_MIG.txt.gz.annotated.gz.exclusions.gz.alleles.gz
running 11596_47_ZNF75D_ZN75D.txt.gz.annotated.gz.exclusions.gz.alleles.gz
finished 11596_47_ZNF75D_ZN75D.txt.gz.annotated.gz.exclusions.gz.alleles.gz
running 11601_26_DHX8_DHX8.txt.gz.annotated.gz.exclusions.gz.alleles.gz
finished 11601_26_DHX8_DHX8.txt.gz.annotated.gz.exclusions.gz.alleles.gz
running 11606_22_DNAJB6_DNJB6.txt.gz.annotated.gz.exclusions.gz.alleles.gz
finished 11606_22_DNAJB6_DNJB6.txt.gz.annotated.gz.exclusions.gz.alleles.gz
running 11607_15_BRD1_BRD1.txt.gz.annotated.gz.exclusions.gz.alleles.gz
finished 11607_15_BRD1_BRD1.txt.gz.annotated.gz.exclusions.gz.alleles.gz
running 11608_5_MAP1LC3B_MLP3B.txt.gz.annotated.gz.exclusions.gz.alleles.gz
finished 11608_5_MAP1LC3B_MLP3B.txt.gz.annotated.gz.exclusions.gz.alleles.gz
running 11614_29_ERH_ERH.txt.gz.annotated.gz.exclusions.gz.alleles.gz
finished 11614_29_ERH_ERH.txt.gz.annotated.gz.exclusions.gz.alleles.gz
running 11615_16_DAPP1_DAPP1.txt.gz.annotated.gz.exclusions.gz.alleles.gz
finished 11615_16_DAPP1_DAPP1.txt.gz.annotated.gz.exclusions.gz.alleles.gz
running 11616_9_HSF1_HSF1.txt.gz.annotated.gz.exclusions.gz.alleles.gz
finished 11616_9_HSF1_HSF1.txt.gz.annotated.gz.exclusions.gz.alleles.gz
running 11617_1_ITGAL_LFA_1_alpha_L_chain.txt.gz.annotated.gz.exclusions.gz.alleles.gz
finished 11617_1_ITGAL_LFA_1_alpha_L_chain.txt.gz.annotated.gz.exclusions.gz.alleles.gz
running 11618_83_MYB_MYB.txt.gz.annotated.gz.exclusions.gz.alleles.gz
finished 11618_83_MYB_MYB.txt.gz.annotated.gz.exclusions.gz.alleles.gz
running 11626_7_UBE2V1_UB2V1.txt.gz.annotated.gz.exclusions.gz.alleles.gz
finished 11626_7_UBE2V1_UB2V1.txt.gz.annotated.gz.exclusions.gz.alleles.gz
running 11633_89_AHSA1_AHSA1.txt.gz.annotated.gz.exclusions.gz.alleles.gz
finished 11633_89_AHSA1_AHSA1.txt.gz.annotated.gz.exclusions.gz.alleles.gz
running 11634_32_RGS10_RGS10.txt.gz.annotated.gz.exclusions.gz.alleles.gz
finished 11634_32_RGS10_RGS10.txt.gz.annotated.gz.exclusions.gz.alleles.gz
