running 2730_58_MICA_MICA.txt.gz.annotated.gz.exclusions.gz.alleles.gz
finished 2730_58_MICA_MICA.txt.gz.annotated.gz.exclusions.gz.alleles.gz
running 2731_29_POR_NADPH_P450_Oxidoreductase.txt.gz.annotated.gz.exclusions.gz.alleles.gz
finished 2731_29_POR_NADPH_P450_Oxidoreductase.txt.gz.annotated.gz.exclusions.gz.alleles.gz
running 2732_58_NANOG_NANOG.txt.gz.annotated.gz.exclusions.gz.alleles.gz
finished 2732_58_NANOG_NANOG.txt.gz.annotated.gz.exclusions.gz.alleles.gz
running 2734_49_NCR2_NKp44.txt.gz.annotated.gz.exclusions.gz.alleles.gz
finished 2734_49_NCR2_NKp44.txt.gz.annotated.gz.exclusions.gz.alleles.gz
running 2737_22_NOV_NovH.txt.gz.annotated.gz.exclusions.gz.alleles.gz
finished 2737_22_NOV_NovH.txt.gz.annotated.gz.exclusions.gz.alleles.gz
running 2741_22_SIGLEC6_Siglec_6.txt.gz.annotated.gz.exclusions.gz.alleles.gz
finished 2741_22_SIGLEC6_Siglec_6.txt.gz.annotated.gz.exclusions.gz.alleles.gz
running 2742_68_SIGLEC7_Siglec_7.txt.gz.annotated.gz.exclusions.gz.alleles.gz
finished 2742_68_SIGLEC7_Siglec_7.txt.gz.annotated.gz.exclusions.gz.alleles.gz
running 2743_5_SHH_Sonic_Hedgehog.txt.gz.annotated.gz.exclusions.gz.alleles.gz
finished 2743_5_SHH_Sonic_Hedgehog.txt.gz.annotated.gz.exclusions.gz.alleles.gz
running 2747_3_ULBP3_ULBP_3.txt.gz.annotated.gz.exclusions.gz.alleles.gz
finished 2747_3_ULBP3_ULBP_3.txt.gz.annotated.gz.exclusions.gz.alleles.gz
running 2750_3_APOA1_Apo_A_I.txt.gz.annotated.gz.exclusions.gz.alleles.gz
finished 2750_3_APOA1_Apo_A_I.txt.gz.annotated.gz.exclusions.gz.alleles.gz
running 2752_62_GDF5_BMP_14.txt.gz.annotated.gz.exclusions.gz.alleles.gz
finished 2752_62_GDF5_BMP_14.txt.gz.annotated.gz.exclusions.gz.alleles.gz
running 2754_50_C3_C3.txt.gz.annotated.gz.exclusions.gz.alleles.gz
finished 2754_50_C3_C3.txt.gz.annotated.gz.exclusions.gz.alleles.gz
running 2760_2_FAM107A_DRR1.txt.gz.annotated.gz.exclusions.gz.alleles.gz
finished 2760_2_FAM107A_DRR1.txt.gz.annotated.gz.exclusions.gz.alleles.gz
running 2761_49_FGF18_FGF_18.txt.gz.annotated.gz.exclusions.gz.alleles.gz
finished 2761_49_FGF18_FGF_18.txt.gz.annotated.gz.exclusions.gz.alleles.gz
running 2763_66_FGF20_FGF_20.txt.gz.annotated.gz.exclusions.gz.alleles.gz
finished 2763_66_FGF20_FGF_20.txt.gz.annotated.gz.exclusions.gz.alleles.gz
running 2770_51_CCL1_I_309.txt.gz.annotated.gz.exclusions.gz.alleles.gz
finished 2770_51_CCL1_I_309.txt.gz.annotated.gz.exclusions.gz.alleles.gz
running 2771_35_IGFBP1_IGFBP_1.txt.gz.annotated.gz.exclusions.gz.alleles.gz
finished 2771_35_IGFBP1_IGFBP_1.txt.gz.annotated.gz.exclusions.gz.alleles.gz
running 2773_50_IL10_IL_10.txt.gz.annotated.gz.exclusions.gz.alleles.gz
finished 2773_50_IL10_IL_10.txt.gz.annotated.gz.exclusions.gz.alleles.gz
running 2774_10_IL16_IL_16.txt.gz.annotated.gz.exclusions.gz.alleles.gz
finished 2774_10_IL16_IL_16.txt.gz.annotated.gz.exclusions.gz.alleles.gz
running 2778_10_IL22_IL_22.txt.gz.annotated.gz.exclusions.gz.alleles.gz
finished 2778_10_IL22_IL_22.txt.gz.annotated.gz.exclusions.gz.alleles.gz
running 2780_35_LTF_Lactoferrin.txt.gz.annotated.gz.exclusions.gz.alleles.gz
finished 2780_35_LTF_Lactoferrin.txt.gz.annotated.gz.exclusions.gz.alleles.gz
running 2781_63_CCL4L1_LAG_1.txt.gz.annotated.gz.exclusions.gz.alleles.gz
finished 2781_63_CCL4L1_LAG_1.txt.gz.annotated.gz.exclusions.gz.alleles.gz
running 2783_18_CCL3L1_LD78_beta.txt.gz.annotated.gz.exclusions.gz.alleles.gz
finished 2783_18_CCL3L1_LD78_beta.txt.gz.annotated.gz.exclusions.gz.alleles.gz
running 2788_55_MMP3_MMP_3.txt.gz.annotated.gz.exclusions.gz.alleles.gz
finished 2788_55_MMP3_MMP_3.txt.gz.annotated.gz.exclusions.gz.alleles.gz
running 2789_26_MMP7_MMP_7.txt.gz.annotated.gz.exclusions.gz.alleles.gz
finished 2789_26_MMP7_MMP_7.txt.gz.annotated.gz.exclusions.gz.alleles.gz
running 2790_54_PPBP_NAP_2.txt.gz.annotated.gz.exclusions.gz.alleles.gz
finished 2790_54_PPBP_NAP_2.txt.gz.annotated.gz.exclusions.gz.alleles.gz
running 2794_60_SOD1_SOD.txt.gz.annotated.gz.exclusions.gz.alleles.gz
finished 2794_60_SOD1_SOD.txt.gz.annotated.gz.exclusions.gz.alleles.gz
running 2797_56_APOB_Apo_B.txt.gz.annotated.gz.exclusions.gz.alleles.gz
finished 2797_56_APOB_Apo_B.txt.gz.annotated.gz.exclusions.gz.alleles.gz
running 2805_6_ACE2_ACE2.txt.gz.annotated.gz.exclusions.gz.alleles.gz
finished 2805_6_ACE2_ACE2.txt.gz.annotated.gz.exclusions.gz.alleles.gz
running 2806_49_ACVR1B_Activin_RIB.txt.gz.annotated.gz.exclusions.gz.alleles.gz
finished 2806_49_ACVR1B_Activin_RIB.txt.gz.annotated.gz.exclusions.gz.alleles.gz
running 2809_25_ADAMTS4_ADAMTS_4.txt.gz.annotated.gz.exclusions.gz.alleles.gz
finished 2809_25_ADAMTS4_ADAMTS_4.txt.gz.annotated.gz.exclusions.gz.alleles.gz
running 2811_27_ANGPT1_Angiopoietin_1.txt.gz.annotated.gz.exclusions.gz.alleles.gz
finished 2811_27_ANGPT1_Angiopoietin_1.txt.gz.annotated.gz.exclusions.gz.alleles.gz
running 2813_11_AGRP_ART.txt.gz.annotated.gz.exclusions.gz.alleles.gz
finished 2813_11_AGRP_ART.txt.gz.annotated.gz.exclusions.gz.alleles.gz
running 2816_50_BCAM_BCAM.txt.gz.annotated.gz.exclusions.gz.alleles.gz
finished 2816_50_BCAM_BCAM.txt.gz.annotated.gz.exclusions.gz.alleles.gz
running 2819_23_CDH5_Cadherin_5.txt.gz.annotated.gz.exclusions.gz.alleles.gz
finished 2819_23_CDH5_Cadherin_5.txt.gz.annotated.gz.exclusions.gz.alleles.gz
running 2823_7_COMMD7_COMMD7.txt.gz.annotated.gz.exclusions.gz.alleles.gz
finished 2823_7_COMMD7_COMMD7.txt.gz.annotated.gz.exclusions.gz.alleles.gz
running 2826_53_EDA_EDA.txt.gz.annotated.gz.exclusions.gz.alleles.gz
finished 2826_53_EDA_EDA.txt.gz.annotated.gz.exclusions.gz.alleles.gz
running 2827_23_CX3CL1_Fractalkine_CX3CL_1.txt.gz.annotated.gz.exclusions.gz.alleles.gz
finished 2827_23_CX3CL1_Fractalkine_CX3CL_1.txt.gz.annotated.gz.exclusions.gz.alleles.gz
running 2828_82_SPINT1_HAI_1.txt.gz.annotated.gz.exclusions.gz.alleles.gz
finished 2828_82_SPINT1_HAI_1.txt.gz.annotated.gz.exclusions.gz.alleles.gz
running 2831_29_KLK11_Kallikrein_11.txt.gz.annotated.gz.exclusions.gz.alleles.gz
finished 2831_29_KLK11_Kallikrein_11.txt.gz.annotated.gz.exclusions.gz.alleles.gz
running 2833_20_KLK4_Kallikrein_4.txt.gz.annotated.gz.exclusions.gz.alleles.gz
finished 2833_20_KLK4_Kallikrein_4.txt.gz.annotated.gz.exclusions.gz.alleles.gz
running 2834_54_KLK8_kallikrein_8.txt.gz.annotated.gz.exclusions.gz.alleles.gz
finished 2834_54_KLK8_kallikrein_8.txt.gz.annotated.gz.exclusions.gz.alleles.gz
running 2835_1_XRCC6_Ku70.txt.gz.annotated.gz.exclusions.gz.alleles.gz
finished 2835_1_XRCC6_Ku70.txt.gz.annotated.gz.exclusions.gz.alleles.gz
running 2836_68_LCN2_Lipocalin_2.txt.gz.annotated.gz.exclusions.gz.alleles.gz
finished 2836_68_LCN2_Lipocalin_2.txt.gz.annotated.gz.exclusions.gz.alleles.gz
running 2837_3_MET_Met.txt.gz.annotated.gz.exclusions.gz.alleles.gz
finished 2837_3_MET_Met.txt.gz.annotated.gz.exclusions.gz.alleles.gz
running 2838_53_MMP17_MMP_17.txt.gz.annotated.gz.exclusions.gz.alleles.gz
finished 2838_53_MMP17_MMP_17.txt.gz.annotated.gz.exclusions.gz.alleles.gz
running 2839_2_TNFSF4_OX40_Ligand.txt.gz.annotated.gz.exclusions.gz.alleles.gz
finished 2839_2_TNFSF4_OX40_Ligand.txt.gz.annotated.gz.exclusions.gz.alleles.gz
running 2843_13_SPINT2_SPINT2.txt.gz.annotated.gz.exclusions.gz.alleles.gz
finished 2843_13_SPINT2_SPINT2.txt.gz.annotated.gz.exclusions.gz.alleles.gz
running 2844_53_TIE1_sTie_1.txt.gz.annotated.gz.exclusions.gz.alleles.gz
finished 2844_53_TIE1_sTie_1.txt.gz.annotated.gz.exclusions.gz.alleles.gz
running 2846_24_RPS27A_Ubiquitin1.txt.gz.annotated.gz.exclusions.gz.alleles.gz
finished 2846_24_RPS27A_Ubiquitin1.txt.gz.annotated.gz.exclusions.gz.alleles.gz
running 2849_49_AIF1_AIF1.txt.gz.annotated.gz.exclusions.gz.alleles.gz
finished 2849_49_AIF1_AIF1.txt.gz.annotated.gz.exclusions.gz.alleles.gz
running 2851_63_C5_C5a.txt.gz.annotated.gz.exclusions.gz.alleles.gz
finished 2851_63_C5_C5a.txt.gz.annotated.gz.exclusions.gz.alleles.gz
running 2853_68_CHEK1_CHK1.txt.gz.annotated.gz.exclusions.gz.alleles.gz
finished 2853_68_CHEK1_CHK1.txt.gz.annotated.gz.exclusions.gz.alleles.gz
running 2855_49_MAPK3_ERK_1.txt.gz.annotated.gz.exclusions.gz.alleles.gz
finished 2855_49_MAPK3_ERK_1.txt.gz.annotated.gz.exclusions.gz.alleles.gz
running 2859_69_HDAC8_HDAC8.txt.gz.annotated.gz.exclusions.gz.alleles.gz
finished 2859_69_HDAC8_HDAC8.txt.gz.annotated.gz.exclusions.gz.alleles.gz
running 2860_19_KPNA2_Karyopherin_a2.txt.gz.annotated.gz.exclusions.gz.alleles.gz
finished 2860_19_KPNA2_Karyopherin_a2.txt.gz.annotated.gz.exclusions.gz.alleles.gz
running 2864_2_MAP2K1_MEK1.txt.gz.annotated.gz.exclusions.gz.alleles.gz
finished 2864_2_MAP2K1_MEK1.txt.gz.annotated.gz.exclusions.gz.alleles.gz
running 2870_29_RAC1_RAC1.txt.gz.annotated.gz.exclusions.gz.alleles.gz
finished 2870_29_RAC1_RAC1.txt.gz.annotated.gz.exclusions.gz.alleles.gz
running 2871_73_RAD51_RAD51.txt.gz.annotated.gz.exclusions.gz.alleles.gz
finished 2871_73_RAD51_RAD51.txt.gz.annotated.gz.exclusions.gz.alleles.gz
running 2875_15_TBP_TBP.txt.gz.annotated.gz.exclusions.gz.alleles.gz
finished 2875_15_TBP_TBP.txt.gz.annotated.gz.exclusions.gz.alleles.gz
running 2876_74_TOP1_Topoisomerase_I.txt.gz.annotated.gz.exclusions.gz.alleles.gz
finished 2876_74_TOP1_Topoisomerase_I.txt.gz.annotated.gz.exclusions.gz.alleles.gz
running 2877_3_UBE2I_UBC9.txt.gz.annotated.gz.exclusions.gz.alleles.gz
finished 2877_3_UBE2I_UBC9.txt.gz.annotated.gz.exclusions.gz.alleles.gz
running 2878_66_YES1_YES.txt.gz.annotated.gz.exclusions.gz.alleles.gz
finished 2878_66_YES1_YES.txt.gz.annotated.gz.exclusions.gz.alleles.gz
running 2879_9_SERPINA3_a1_Antichymotrypsin.txt.gz.annotated.gz.exclusions.gz.alleles.gz
finished 2879_9_SERPINA3_a1_Antichymotrypsin.txt.gz.annotated.gz.exclusions.gz.alleles.gz
running 2888_49_C7_C7.txt.gz.annotated.gz.exclusions.gz.alleles.gz
finished 2888_49_C7_C7.txt.gz.annotated.gz.exclusions.gz.alleles.gz
running 2889_37_CTF1_Cardiotrophin_1.txt.gz.annotated.gz.exclusions.gz.alleles.gz
finished 2889_37_CTF1_Cardiotrophin_1.txt.gz.annotated.gz.exclusions.gz.alleles.gz
running 2890_59_CCL28_CCL28.txt.gz.annotated.gz.exclusions.gz.alleles.gz
finished 2890_59_CCL28_CCL28.txt.gz.annotated.gz.exclusions.gz.alleles.gz
running 2900_53_CCL14_HCC_1.txt.gz.annotated.gz.exclusions.gz.alleles.gz
finished 2900_53_CCL14_HCC_1.txt.gz.annotated.gz.exclusions.gz.alleles.gz
running 2906_55_IL4_IL_4.txt.gz.annotated.gz.exclusions.gz.alleles.gz
finished 2906_55_IL4_IL_4.txt.gz.annotated.gz.exclusions.gz.alleles.gz
running 2911_27_MDK_Midkine.txt.gz.annotated.gz.exclusions.gz.alleles.gz
finished 2911_27_MDK_Midkine.txt.gz.annotated.gz.exclusions.gz.alleles.gz
running 2913_1_CCL23_MPIF_1.txt.gz.annotated.gz.exclusions.gz.alleles.gz
finished 2913_1_CCL23_MPIF_1.txt.gz.annotated.gz.exclusions.gz.alleles.gz
running 2925_9_SERPINE1_PAI_1.txt.gz.annotated.gz.exclusions.gz.alleles.gz
finished 2925_9_SERPINE1_PAI_1.txt.gz.annotated.gz.exclusions.gz.alleles.gz
running 2939_10_ARTN_Artemin.txt.gz.annotated.gz.exclusions.gz.alleles.gz
finished 2939_10_ARTN_Artemin.txt.gz.annotated.gz.exclusions.gz.alleles.gz
running 2942_50_CYCS_Cytochrome_c.txt.gz.annotated.gz.exclusions.gz.alleles.gz
finished 2942_50_CYCS_Cytochrome_c.txt.gz.annotated.gz.exclusions.gz.alleles.gz
running 2943_5_CYP3A4_Cytochrome_P450_3A4.txt.gz.annotated.gz.exclusions.gz.alleles.gz
finished 2943_5_CYP3A4_Cytochrome_P450_3A4.txt.gz.annotated.gz.exclusions.gz.alleles.gz
running 2944_66_NBL1_DAN.txt.gz.annotated.gz.exclusions.gz.alleles.gz
finished 2944_66_NBL1_DAN.txt.gz.annotated.gz.exclusions.gz.alleles.gz
running 2946_52_CFD_Factor_D.txt.gz.annotated.gz.exclusions.gz.alleles.gz
finished 2946_52_CFD_Factor_D.txt.gz.annotated.gz.exclusions.gz.alleles.gz
running 2948_58_GHR_Growth_hormone_receptor.txt.gz.annotated.gz.exclusions.gz.alleles.gz
finished 2948_58_GHR_Growth_hormone_receptor.txt.gz.annotated.gz.exclusions.gz.alleles.gz
running 2949_6_PLA2G10_GX.txt.gz.annotated.gz.exclusions.gz.alleles.gz
finished 2949_6_PLA2G10_GX.txt.gz.annotated.gz.exclusions.gz.alleles.gz
running 2950_57_IGFBP4_IGFBP_4.txt.gz.annotated.gz.exclusions.gz.alleles.gz
finished 2950_57_IGFBP4_IGFBP_4.txt.gz.annotated.gz.exclusions.gz.alleles.gz
