running IGSF8_Q969P0_OID20167.gz
finished IGSF8_Q969P0_OID20167.gz
running IGSF9_Q9P2J2_OID30330.gz
finished IGSF9_Q9P2J2_OID30330.gz
running IKBKG_Q9Y6K9_OID20544.gz
finished IKBKG_Q9Y6K9_OID20544.gz
running IKZF2_Q9UKS7_OID21213.gz
finished IKZF2_Q9UKS7_OID21213.gz
running IL10_P22301_OID20431.gz
finished IL10_P22301_OID20431.gz
running IL10RA_Q13651_OID20420.gz
finished IL10RA_Q13651_OID20420.gz
running IL10RB_Q08334_OID20696.gz
finished IL10RB_Q08334_OID20696.gz
running IL11_P20809_OID20455.gz
finished IL11_P20809_OID20455.gz
running IL12A_IL12B_P29459_P29460_OID21327.gz
finished IL12A_IL12B_P29459_P29460_OID21327.gz
running IL12B_P29460_OID20666.gz
finished IL12B_P29460_OID20666.gz
running IL12RB1_P42701_OID20486.gz
finished IL12RB1_P42701_OID20486.gz
running IL12RB2_Q99665_OID30422.gz
finished IL12RB2_Q99665_OID30422.gz
running IL13_P35225_OID20430.gz
finished IL13_P35225_OID20430.gz
running IL13RA1_P78552_OID21504.gz
finished IL13RA1_P78552_OID21504.gz
running IL13RA2_Q14627_OID30841.gz
finished IL13RA2_Q14627_OID30841.gz
running IL15_P40933_OID20562.gz
finished IL15_P40933_OID20562.gz
running IL15RA_Q13261_OID20498.gz
finished IL15RA_Q13261_OID20498.gz
running IL16_Q14005_OID20633.gz
finished IL16_Q14005_OID20633.gz
running IL17A_Q16552_OID20469.gz
finished IL17A_Q16552_OID20469.gz
running IL17C_Q9P0M4_OID20477.gz
finished IL17C_Q9P0M4_OID20477.gz
running IL17D_Q8TAD2_OID20481.gz
finished IL17D_Q8TAD2_OID20481.gz
running IL17F_Q96PD4_OID20456.gz
finished IL17F_Q96PD4_OID20456.gz
running IL17RA_Q96F46_OID21089.gz
finished IL17RA_Q96F46_OID21089.gz
running IL17RB_Q9NRM6_OID20585.gz
finished IL17RB_Q9NRM6_OID20585.gz
running IL18BP_O95998_OID20348.gz
finished IL18BP_O95998_OID20348.gz
running IL18_Q14116_OID20694.gz
finished IL18_Q14116_OID20694.gz
running IL18R1_Q13478_OID20652.gz
finished IL18R1_Q13478_OID20652.gz
running IL18RAP_O95256_OID20900.gz
finished IL18RAP_O95256_OID20900.gz
running IL19_Q9UHD0_OID20158.gz
finished IL19_Q9UHD0_OID20158.gz
running IL1A_P01583_OID20488.gz
finished IL1A_P01583_OID20488.gz
running IL1B_P01584_OID20427.gz
finished IL1B_P01584_OID20427.gz
running IL1R1_P14778_OID21116.gz
finished IL1R1_P14778_OID21116.gz
running IL1R2_P27930_OID20757.gz
finished IL1R2_P27930_OID20757.gz
running IL1RAP_Q9NPH3_OID21126.gz
finished IL1RAP_Q9NPH3_OID21126.gz
running IL1RL1_Q01638_OID20250.gz
finished IL1RL1_Q01638_OID20250.gz
running IL1RL2_Q9HB29_OID20487.gz
finished IL1RL2_Q9HB29_OID20487.gz
running IL1RN_P18510_OID20700.gz
finished IL1RN_P18510_OID20700.gz
running IL20_Q9NYY1_OID20453.gz
finished IL20_Q9NYY1_OID20453.gz
running IL20RA_Q9UHF4_OID20422.gz
finished IL20RA_Q9UHF4_OID20422.gz
running IL20RB_Q6UXL0_OID30461.gz
finished IL20RB_Q6UXL0_OID30461.gz
running IL21R_Q9HBE5_OID30441.gz
finished IL21R_Q9HBE5_OID30441.gz
running IL22_Q9GZX6_OID31407.gz
finished IL22_Q9GZX6_OID31407.gz
running IL22RA1_Q8N6P7_OID20449.gz
finished IL22RA1_Q8N6P7_OID20449.gz
running IL24_Q13007_OID20440.gz
finished IL24_Q13007_OID20440.gz
running IL25_Q9H293_OID31243.gz
finished IL25_Q9H293_OID31243.gz
running IL2_P60568_OID20419.gz
finished IL2_P60568_OID20419.gz
running IL2RA_P01589_OID20267.gz
finished IL2RA_P01589_OID20267.gz
running IL2RB_P14784_OID20450.gz
finished IL2RB_P14784_OID20450.gz
running IL2RG_P31785_OID31361.gz
finished IL2RG_P31785_OID31361.gz
running IL31_Q6EBC2_OID30487.gz
finished IL31_Q6EBC2_OID30487.gz
running IL31RA_Q8NI17_OID30475.gz
finished IL31RA_Q8NI17_OID30475.gz
running IL32_P24001_OID20605.gz
finished IL32_P24001_OID20605.gz
running IL33_O95760_OID20428.gz
finished IL33_O95760_OID20428.gz
running IL34_Q6ZMJ4_OID20809.gz
finished IL34_Q6ZMJ4_OID20809.gz
running IL36A_Q9UHA7_OID30472.gz
finished IL36A_Q9UHA7_OID30472.gz
running IL36G_Q9NZH8_OID30551.gz
finished IL36G_Q9NZH8_OID30551.gz
running IL3_P08700_OID31229.gz
finished IL3_P08700_OID31229.gz
running IL3RA_P26951_OID20461.gz
finished IL3RA_P26951_OID20461.gz
running IL4_P05112_OID20426.gz
finished IL4_P05112_OID20426.gz
running IL4R_P24394_OID20576.gz
finished IL4R_P24394_OID20576.gz
running IL5_P05113_OID20472.gz
finished IL5_P05113_OID20472.gz
running IL5RA_Q01344_OID20601.gz
finished IL5RA_Q01344_OID20601.gz
running IL6_P05231_OID20101.gz
finished IL6_P05231_OID20101.gz
running IL6_P05231_OID20563.gz
finished IL6_P05231_OID20563.gz
running IL6_P05231_OID20911.gz
finished IL6_P05231_OID20911.gz
running IL6_P05231_OID21276.gz
finished IL6_P05231_OID21276.gz
running IL6R_P08887_OID20385.gz
finished IL6R_P08887_OID20385.gz
running IL6ST_P40189_OID20147.gz
finished IL6ST_P40189_OID20147.gz
running IL7_P13232_OID20535.gz
finished IL7_P13232_OID20535.gz
running IL7R_P16871_OID21136.gz
finished IL7R_P16871_OID21136.gz
running IL9_P15248_OID31298.gz
finished IL9_P15248_OID31298.gz
running ILKAP_Q9H0C8_OID20855.gz
finished ILKAP_Q9H0C8_OID20855.gz
running IMMT_Q16891_OID31397.gz
finished IMMT_Q16891_OID31397.gz
running IMPA1_P29218_OID20907.gz
finished IMPA1_P29218_OID20907.gz
running IMPACT_Q9P2X3_OID31112.gz
finished IMPACT_Q9P2X3_OID31112.gz
running IMPG1_Q17R60_OID30814.gz
finished IMPG1_Q17R60_OID30814.gz
running ING1_Q9UK53_OID20853.gz
finished ING1_Q9UK53_OID20853.gz
running INHBB_P09529_OID30625.gz
finished INHBB_P09529_OID30625.gz
running INHBC_P55103_OID21093.gz
finished INHBC_P55103_OID21093.gz
running INPP1_P49441_OID21345.gz
finished INPP1_P49441_OID21345.gz
