running 2835_1_XRCC6_Ku70.txt.gz.annotated.gz.exclusions.gz.alleles.gz
finished 2835_1_XRCC6_Ku70.txt.gz.annotated.gz.exclusions.gz.alleles.gz
running 2836_68_LCN2_Lipocalin_2.txt.gz.annotated.gz.exclusions.gz.alleles.gz
finished 2836_68_LCN2_Lipocalin_2.txt.gz.annotated.gz.exclusions.gz.alleles.gz
running 2837_3_MET_Met.txt.gz.annotated.gz.exclusions.gz.alleles.gz
finished 2837_3_MET_Met.txt.gz.annotated.gz.exclusions.gz.alleles.gz
running 2838_53_MMP17_MMP_17.txt.gz.annotated.gz.exclusions.gz.alleles.gz
finished 2838_53_MMP17_MMP_17.txt.gz.annotated.gz.exclusions.gz.alleles.gz
running 2839_2_TNFSF4_OX40_Ligand.txt.gz.annotated.gz.exclusions.gz.alleles.gz
finished 2839_2_TNFSF4_OX40_Ligand.txt.gz.annotated.gz.exclusions.gz.alleles.gz
running 2843_13_SPINT2_SPINT2.txt.gz.annotated.gz.exclusions.gz.alleles.gz
finished 2843_13_SPINT2_SPINT2.txt.gz.annotated.gz.exclusions.gz.alleles.gz
running 2844_53_TIE1_sTie_1.txt.gz.annotated.gz.exclusions.gz.alleles.gz
finished 2844_53_TIE1_sTie_1.txt.gz.annotated.gz.exclusions.gz.alleles.gz
running 2846_24_RPS27A_Ubiquitin1.txt.gz.annotated.gz.exclusions.gz.alleles.gz
finished 2846_24_RPS27A_Ubiquitin1.txt.gz.annotated.gz.exclusions.gz.alleles.gz
running 2849_49_AIF1_AIF1.txt.gz.annotated.gz.exclusions.gz.alleles.gz
finished 2849_49_AIF1_AIF1.txt.gz.annotated.gz.exclusions.gz.alleles.gz
running 2851_63_C5_C5a.txt.gz.annotated.gz.exclusions.gz.alleles.gz
finished 2851_63_C5_C5a.txt.gz.annotated.gz.exclusions.gz.alleles.gz
running 2853_68_CHEK1_CHK1.txt.gz.annotated.gz.exclusions.gz.alleles.gz
finished 2853_68_CHEK1_CHK1.txt.gz.annotated.gz.exclusions.gz.alleles.gz
running 2855_49_MAPK3_ERK_1.txt.gz.annotated.gz.exclusions.gz.alleles.gz
finished 2855_49_MAPK3_ERK_1.txt.gz.annotated.gz.exclusions.gz.alleles.gz
running 2859_69_HDAC8_HDAC8.txt.gz.annotated.gz.exclusions.gz.alleles.gz
finished 2859_69_HDAC8_HDAC8.txt.gz.annotated.gz.exclusions.gz.alleles.gz
running 2860_19_KPNA2_Karyopherin_a2.txt.gz.annotated.gz.exclusions.gz.alleles.gz
finished 2860_19_KPNA2_Karyopherin_a2.txt.gz.annotated.gz.exclusions.gz.alleles.gz
running 2864_2_MAP2K1_MEK1.txt.gz.annotated.gz.exclusions.gz.alleles.gz
finished 2864_2_MAP2K1_MEK1.txt.gz.annotated.gz.exclusions.gz.alleles.gz
running 2870_29_RAC1_RAC1.txt.gz.annotated.gz.exclusions.gz.alleles.gz
finished 2870_29_RAC1_RAC1.txt.gz.annotated.gz.exclusions.gz.alleles.gz
running 2871_73_RAD51_RAD51.txt.gz.annotated.gz.exclusions.gz.alleles.gz
finished 2871_73_RAD51_RAD51.txt.gz.annotated.gz.exclusions.gz.alleles.gz
running 2875_15_TBP_TBP.txt.gz.annotated.gz.exclusions.gz.alleles.gz
finished 2875_15_TBP_TBP.txt.gz.annotated.gz.exclusions.gz.alleles.gz
running 2876_74_TOP1_Topoisomerase_I.txt.gz.annotated.gz.exclusions.gz.alleles.gz
finished 2876_74_TOP1_Topoisomerase_I.txt.gz.annotated.gz.exclusions.gz.alleles.gz
running 2877_3_UBE2I_UBC9.txt.gz.annotated.gz.exclusions.gz.alleles.gz
finished 2877_3_UBE2I_UBC9.txt.gz.annotated.gz.exclusions.gz.alleles.gz
running 2878_66_YES1_YES.txt.gz.annotated.gz.exclusions.gz.alleles.gz
finished 2878_66_YES1_YES.txt.gz.annotated.gz.exclusions.gz.alleles.gz
running 2879_9_SERPINA3_a1_Antichymotrypsin.txt.gz.annotated.gz.exclusions.gz.alleles.gz
finished 2879_9_SERPINA3_a1_Antichymotrypsin.txt.gz.annotated.gz.exclusions.gz.alleles.gz
running 2888_49_C7_C7.txt.gz.annotated.gz.exclusions.gz.alleles.gz
finished 2888_49_C7_C7.txt.gz.annotated.gz.exclusions.gz.alleles.gz
running 2889_37_CTF1_Cardiotrophin_1.txt.gz.annotated.gz.exclusions.gz.alleles.gz
finished 2889_37_CTF1_Cardiotrophin_1.txt.gz.annotated.gz.exclusions.gz.alleles.gz
running 2890_59_CCL28_CCL28.txt.gz.annotated.gz.exclusions.gz.alleles.gz
finished 2890_59_CCL28_CCL28.txt.gz.annotated.gz.exclusions.gz.alleles.gz
running 2900_53_CCL14_HCC_1.txt.gz.annotated.gz.exclusions.gz.alleles.gz
finished 2900_53_CCL14_HCC_1.txt.gz.annotated.gz.exclusions.gz.alleles.gz
running 2906_55_IL4_IL_4.txt.gz.annotated.gz.exclusions.gz.alleles.gz
finished 2906_55_IL4_IL_4.txt.gz.annotated.gz.exclusions.gz.alleles.gz
running 2911_27_MDK_Midkine.txt.gz.annotated.gz.exclusions.gz.alleles.gz
finished 2911_27_MDK_Midkine.txt.gz.annotated.gz.exclusions.gz.alleles.gz
running 2913_1_CCL23_MPIF_1.txt.gz.annotated.gz.exclusions.gz.alleles.gz
finished 2913_1_CCL23_MPIF_1.txt.gz.annotated.gz.exclusions.gz.alleles.gz
running 2925_9_SERPINE1_PAI_1.txt.gz.annotated.gz.exclusions.gz.alleles.gz
finished 2925_9_SERPINE1_PAI_1.txt.gz.annotated.gz.exclusions.gz.alleles.gz
running 2939_10_ARTN_Artemin.txt.gz.annotated.gz.exclusions.gz.alleles.gz
finished 2939_10_ARTN_Artemin.txt.gz.annotated.gz.exclusions.gz.alleles.gz
running 2942_50_CYCS_Cytochrome_c.txt.gz.annotated.gz.exclusions.gz.alleles.gz
finished 2942_50_CYCS_Cytochrome_c.txt.gz.annotated.gz.exclusions.gz.alleles.gz
running 2943_5_CYP3A4_Cytochrome_P450_3A4.txt.gz.annotated.gz.exclusions.gz.alleles.gz
finished 2943_5_CYP3A4_Cytochrome_P450_3A4.txt.gz.annotated.gz.exclusions.gz.alleles.gz
running 2944_66_NBL1_DAN.txt.gz.annotated.gz.exclusions.gz.alleles.gz
finished 2944_66_NBL1_DAN.txt.gz.annotated.gz.exclusions.gz.alleles.gz
running 2946_52_CFD_Factor_D.txt.gz.annotated.gz.exclusions.gz.alleles.gz
finished 2946_52_CFD_Factor_D.txt.gz.annotated.gz.exclusions.gz.alleles.gz
running 2948_58_GHR_Growth_hormone_receptor.txt.gz.annotated.gz.exclusions.gz.alleles.gz
finished 2948_58_GHR_Growth_hormone_receptor.txt.gz.annotated.gz.exclusions.gz.alleles.gz
running 2949_6_PLA2G10_GX.txt.gz.annotated.gz.exclusions.gz.alleles.gz
finished 2949_6_PLA2G10_GX.txt.gz.annotated.gz.exclusions.gz.alleles.gz
running 2950_57_IGFBP4_IGFBP_4.txt.gz.annotated.gz.exclusions.gz.alleles.gz
finished 2950_57_IGFBP4_IGFBP_4.txt.gz.annotated.gz.exclusions.gz.alleles.gz
running 2952_75_IGF1_IGF_I.txt.gz.annotated.gz.exclusions.gz.alleles.gz
finished 2952_75_IGF1_IGF_I.txt.gz.annotated.gz.exclusions.gz.alleles.gz
running 2960_66_CFP_Properdin.txt.gz.annotated.gz.exclusions.gz.alleles.gz
finished 2960_66_CFP_Properdin.txt.gz.annotated.gz.exclusions.gz.alleles.gz
running 2961_1_PROC_Protein_C.txt.gz.annotated.gz.exclusions.gz.alleles.gz
finished 2961_1_PROC_Protein_C.txt.gz.annotated.gz.exclusions.gz.alleles.gz
running 2962_50_PTHLH_PTHrP.txt.gz.annotated.gz.exclusions.gz.alleles.gz
finished 2962_50_PTHLH_PTHrP.txt.gz.annotated.gz.exclusions.gz.alleles.gz
running 2966_65_CLEC11A_SCGF_beta.txt.gz.annotated.gz.exclusions.gz.alleles.gz
finished 2966_65_CLEC11A_SCGF_beta.txt.gz.annotated.gz.exclusions.gz.alleles.gz
running 2967_8_VCAM1_VCAM_1.txt.gz.annotated.gz.exclusions.gz.alleles.gz
finished 2967_8_VCAM1_VCAM_1.txt.gz.annotated.gz.exclusions.gz.alleles.gz
running 2968_61_TNFSF15_TNFSF15.txt.gz.annotated.gz.exclusions.gz.alleles.gz
finished 2968_61_TNFSF15_TNFSF15.txt.gz.annotated.gz.exclusions.gz.alleles.gz
running 2970_60_AREG_AREG.txt.gz.annotated.gz.exclusions.gz.alleles.gz
finished 2970_60_AREG_AREG.txt.gz.annotated.gz.exclusions.gz.alleles.gz
running 2972_57_BMP7_BMP_7.txt.gz.annotated.gz.exclusions.gz.alleles.gz
finished 2972_57_BMP7_BMP_7.txt.gz.annotated.gz.exclusions.gz.alleles.gz
running 2973_15_CD36_CD36_ANTIGEN.txt.gz.annotated.gz.exclusions.gz.alleles.gz
finished 2973_15_CD36_CD36_ANTIGEN.txt.gz.annotated.gz.exclusions.gz.alleles.gz
running 2974_61_CNTN1_contactin_1.txt.gz.annotated.gz.exclusions.gz.alleles.gz
finished 2974_61_CNTN1_contactin_1.txt.gz.annotated.gz.exclusions.gz.alleles.gz
running 2975_19_CTGF_CTGF.txt.gz.annotated.gz.exclusions.gz.alleles.gz
finished 2975_19_CTGF_CTGF.txt.gz.annotated.gz.exclusions.gz.alleles.gz
running 2976_58_DSG1_Desmoglein_1.txt.gz.annotated.gz.exclusions.gz.alleles.gz
finished 2976_58_DSG1_Desmoglein_1.txt.gz.annotated.gz.exclusions.gz.alleles.gz
running 2977_7_EDAR_EDAR.txt.gz.annotated.gz.exclusions.gz.alleles.gz
finished 2977_7_EDAR_EDAR.txt.gz.annotated.gz.exclusions.gz.alleles.gz
running 2979_8_CXCL5_ENA_78.txt.gz.annotated.gz.exclusions.gz.alleles.gz
finished 2979_8_CXCL5_ENA_78.txt.gz.annotated.gz.exclusions.gz.alleles.gz
running 2982_82_LGALS4_Galectin_4.txt.gz.annotated.gz.exclusions.gz.alleles.gz
finished 2982_82_LGALS4_Galectin_4.txt.gz.annotated.gz.exclusions.gz.alleles.gz
running 2985_35_CXCL1_Gro_a.txt.gz.annotated.gz.exclusions.gz.alleles.gz
finished 2985_35_CXCL1_Gro_a.txt.gz.annotated.gz.exclusions.gz.alleles.gz
running 2987_37_HIST1H1C_Histone_H1_2.txt.gz.annotated.gz.exclusions.gz.alleles.gz
finished 2987_37_HIST1H1C_Histone_H1_2.txt.gz.annotated.gz.exclusions.gz.alleles.gz
running 2991_9_IL1R1_IL_1_sRI.txt.gz.annotated.gz.exclusions.gz.alleles.gz
finished 2991_9_IL1R1_IL_1_sRI.txt.gz.annotated.gz.exclusions.gz.alleles.gz
running 2992_59_IL17RA_IL_17_sR.txt.gz.annotated.gz.exclusions.gz.alleles.gz
finished 2992_59_IL17RA_IL_17_sR.txt.gz.annotated.gz.exclusions.gz.alleles.gz
running 2993_1_IL18RAP_IL_18_Rb.txt.gz.annotated.gz.exclusions.gz.alleles.gz
finished 2993_1_IL18RAP_IL_18_Rb.txt.gz.annotated.gz.exclusions.gz.alleles.gz
running 2994_71_IL1RL2_IL_1Rrp2.txt.gz.annotated.gz.exclusions.gz.alleles.gz
finished 2994_71_IL1RL2_IL_1Rrp2.txt.gz.annotated.gz.exclusions.gz.alleles.gz
running 2997_8_JAM2_JAM_B.txt.gz.annotated.gz.exclusions.gz.alleles.gz
finished 2997_8_JAM2_JAM_B.txt.gz.annotated.gz.exclusions.gz.alleles.gz
running 2998_53_JAM3_JAM_C.txt.gz.annotated.gz.exclusions.gz.alleles.gz
finished 2998_53_JAM3_JAM_C.txt.gz.annotated.gz.exclusions.gz.alleles.gz
running 2999_6_LSAMP_LSAMP.txt.gz.annotated.gz.exclusions.gz.alleles.gz
finished 2999_6_LSAMP_LSAMP.txt.gz.annotated.gz.exclusions.gz.alleles.gz
running 3000_66_MBL2_MBL.txt.gz.annotated.gz.exclusions.gz.alleles.gz
finished 3000_66_MBL2_MBL.txt.gz.annotated.gz.exclusions.gz.alleles.gz
running 3003_29_NCR3_NKp30.txt.gz.annotated.gz.exclusions.gz.alleles.gz
finished 3003_29_NCR3_NKp30.txt.gz.annotated.gz.exclusions.gz.alleles.gz
running 3004_67_PDCD1LG2_PD_L2.txt.gz.annotated.gz.exclusions.gz.alleles.gz
finished 3004_67_PDCD1LG2_PD_L2.txt.gz.annotated.gz.exclusions.gz.alleles.gz
running 3005_5_PTPN1_PTP_1B.txt.gz.annotated.gz.exclusions.gz.alleles.gz
finished 3005_5_PTPN1_PTP_1B.txt.gz.annotated.gz.exclusions.gz.alleles.gz
running 3007_7_SIGLEC9_Siglec_9.txt.gz.annotated.gz.exclusions.gz.alleles.gz
finished 3007_7_SIGLEC9_Siglec_9.txt.gz.annotated.gz.exclusions.gz.alleles.gz
running 3009_3_TGFBR3_TGF_b_R_III.txt.gz.annotated.gz.exclusions.gz.alleles.gz
finished 3009_3_TGFBR3_TGF_b_R_III.txt.gz.annotated.gz.exclusions.gz.alleles.gz
running 3010_53_TSLP_TSLP.txt.gz.annotated.gz.exclusions.gz.alleles.gz
finished 3010_53_TSLP_TSLP.txt.gz.annotated.gz.exclusions.gz.alleles.gz
running 3022_4_CTLA4_CTLA_4.txt.gz.annotated.gz.exclusions.gz.alleles.gz
finished 3022_4_CTLA4_CTLA_4.txt.gz.annotated.gz.exclusions.gz.alleles.gz
running 3024_18_SERPINF2_a2_Antiplasmin.txt.gz.annotated.gz.exclusions.gz.alleles.gz
finished 3024_18_SERPINF2_a2_Antiplasmin.txt.gz.annotated.gz.exclusions.gz.alleles.gz
running 3025_50_FGF2_bFGF.txt.gz.annotated.gz.exclusions.gz.alleles.gz
finished 3025_50_FGF2_bFGF.txt.gz.annotated.gz.exclusions.gz.alleles.gz
running 3026_5_CAST_Calpastatin.txt.gz.annotated.gz.exclusions.gz.alleles.gz
finished 3026_5_CAST_Calpastatin.txt.gz.annotated.gz.exclusions.gz.alleles.gz
running 3028_36_CCL23_Ck_b_8_1.txt.gz.annotated.gz.exclusions.gz.alleles.gz
finished 3028_36_CCL23_Ck_b_8_1.txt.gz.annotated.gz.exclusions.gz.alleles.gz
running 3029_52_CD209_DC_SIGN.txt.gz.annotated.gz.exclusions.gz.alleles.gz
finished 3029_52_CD209_DC_SIGN.txt.gz.annotated.gz.exclusions.gz.alleles.gz
running 3030_3_CLEC4M_DC_SIGNR.txt.gz.annotated.gz.exclusions.gz.alleles.gz
finished 3030_3_CLEC4M_DC_SIGNR.txt.gz.annotated.gz.exclusions.gz.alleles.gz
running 3033_57_LGALS2_Galectin_2.txt.gz.annotated.gz.exclusions.gz.alleles.gz
finished 3033_57_LGALS2_Galectin_2.txt.gz.annotated.gz.exclusions.gz.alleles.gz
running 3034_1_GFAP_GFAP.txt.gz.annotated.gz.exclusions.gz.alleles.gz
finished 3034_1_GFAP_GFAP.txt.gz.annotated.gz.exclusions.gz.alleles.gz
running 3035_80_IL19_IL_19.txt.gz.annotated.gz.exclusions.gz.alleles.gz
finished 3035_80_IL19_IL_19.txt.gz.annotated.gz.exclusions.gz.alleles.gz
running 3037_62_IL1B_IL_1b.txt.gz.annotated.gz.exclusions.gz.alleles.gz
finished 3037_62_IL1B_IL_1b.txt.gz.annotated.gz.exclusions.gz.alleles.gz
running 3038_9_CXCL11_I_TAC.txt.gz.annotated.gz.exclusions.gz.alleles.gz
finished 3038_9_CXCL11_I_TAC.txt.gz.annotated.gz.exclusions.gz.alleles.gz
running 3040_59_CCL3_MIP_1a.txt.gz.annotated.gz.exclusions.gz.alleles.gz
finished 3040_59_CCL3_MIP_1a.txt.gz.annotated.gz.exclusions.gz.alleles.gz
running 3041_55_MRC2_MRC2.txt.gz.annotated.gz.exclusions.gz.alleles.gz
finished 3041_55_MRC2_MRC2.txt.gz.annotated.gz.exclusions.gz.alleles.gz
running 3042_7_MB_Myoglobin.txt.gz.annotated.gz.exclusions.gz.alleles.gz
finished 3042_7_MB_Myoglobin.txt.gz.annotated.gz.exclusions.gz.alleles.gz
running 3043_49_SPARC_ON.txt.gz.annotated.gz.exclusions.gz.alleles.gz
finished 3043_49_SPARC_ON.txt.gz.annotated.gz.exclusions.gz.alleles.gz
running 3044_3_CCL18_PARC.txt.gz.annotated.gz.exclusions.gz.alleles.gz
finished 3044_3_CCL18_PARC.txt.gz.annotated.gz.exclusions.gz.alleles.gz
running 3045_72_PTN_PTN.txt.gz.annotated.gz.exclusions.gz.alleles.gz
finished 3045_72_PTN_PTN.txt.gz.annotated.gz.exclusions.gz.alleles.gz
running 3046_31_RETN_resistin.txt.gz.annotated.gz.exclusions.gz.alleles.gz
finished 3046_31_RETN_resistin.txt.gz.annotated.gz.exclusions.gz.alleles.gz
running 3049_61_PRSS1_Trypsin.txt.gz.annotated.gz.exclusions.gz.alleles.gz
finished 3049_61_PRSS1_Trypsin.txt.gz.annotated.gz.exclusions.gz.alleles.gz
running 3050_7_VWF_vWF.txt.gz.annotated.gz.exclusions.gz.alleles.gz
finished 3050_7_VWF_vWF.txt.gz.annotated.gz.exclusions.gz.alleles.gz
running 3052_8_FASLG_Fas_ligand__soluble.txt.gz.annotated.gz.exclusions.gz.alleles.gz
finished 3052_8_FASLG_Fas_ligand__soluble.txt.gz.annotated.gz.exclusions.gz.alleles.gz
running 3054_3_HP_Haptoglobin__Mixed_Type.txt.gz.annotated.gz.exclusions.gz.alleles.gz
finished 3054_3_HP_Haptoglobin__Mixed_Type.txt.gz.annotated.gz.exclusions.gz.alleles.gz
running 3055_54_IL4R_IL_4_sR.txt.gz.annotated.gz.exclusions.gz.alleles.gz
finished 3055_54_IL4R_IL_4_sR.txt.gz.annotated.gz.exclusions.gz.alleles.gz
running 3057_55_WISP1_WISP_1.txt.gz.annotated.gz.exclusions.gz.alleles.gz
finished 3057_55_WISP1_WISP_1.txt.gz.annotated.gz.exclusions.gz.alleles.gz
running 3059_50_TNFSF13B_BAFF.txt.gz.annotated.gz.exclusions.gz.alleles.gz
finished 3059_50_TNFSF13B_BAFF.txt.gz.annotated.gz.exclusions.gz.alleles.gz
running 3060_43_C9_C9.txt.gz.annotated.gz.exclusions.gz.alleles.gz
finished 3060_43_C9_C9.txt.gz.annotated.gz.exclusions.gz.alleles.gz
running 3065_65_FGF5_FGF_5.txt.gz.annotated.gz.exclusions.gz.alleles.gz
finished 3065_65_FGF5_FGF_5.txt.gz.annotated.gz.exclusions.gz.alleles.gz
running 3066_12_LGALS3_Galectin_3.txt.gz.annotated.gz.exclusions.gz.alleles.gz
finished 3066_12_LGALS3_Galectin_3.txt.gz.annotated.gz.exclusions.gz.alleles.gz
running 3067_67_GDF9_GDF_9.txt.gz.annotated.gz.exclusions.gz.alleles.gz
finished 3067_67_GDF9_GDF_9.txt.gz.annotated.gz.exclusions.gz.alleles.gz
running 3070_1_IL2_IL_2.txt.gz.annotated.gz.exclusions.gz.alleles.gz
finished 3070_1_IL2_IL_2.txt.gz.annotated.gz.exclusions.gz.alleles.gz
running 3072_4_IL13_IL_13.txt.gz.annotated.gz.exclusions.gz.alleles.gz
finished 3072_4_IL13_IL_13.txt.gz.annotated.gz.exclusions.gz.alleles.gz
running 3073_51_IL18BP_IL_18_BPa.txt.gz.annotated.gz.exclusions.gz.alleles.gz
finished 3073_51_IL18BP_IL_18_BPa.txt.gz.annotated.gz.exclusions.gz.alleles.gz
running 3074_6_LBP_LBP.txt.gz.annotated.gz.exclusions.gz.alleles.gz
finished 3074_6_LBP_LBP.txt.gz.annotated.gz.exclusions.gz.alleles.gz
running 3077_66_F10_Coagulation_Factor_Xa.txt.gz.annotated.gz.exclusions.gz.alleles.gz
finished 3077_66_F10_Coagulation_Factor_Xa.txt.gz.annotated.gz.exclusions.gz.alleles.gz
running 3078_1_PGF_PlGF.txt.gz.annotated.gz.exclusions.gz.alleles.gz
finished 3078_1_PGF_PlGF.txt.gz.annotated.gz.exclusions.gz.alleles.gz
running 3079_62_RARRES2_TIG2.txt.gz.annotated.gz.exclusions.gz.alleles.gz
finished 3079_62_RARRES2_TIG2.txt.gz.annotated.gz.exclusions.gz.alleles.gz
running 3081_70_ULBP1_ULBP_1.txt.gz.annotated.gz.exclusions.gz.alleles.gz
finished 3081_70_ULBP1_ULBP_1.txt.gz.annotated.gz.exclusions.gz.alleles.gz
running 3082_9_ULBP2_ULBP_2.txt.gz.annotated.gz.exclusions.gz.alleles.gz
finished 3082_9_ULBP2_ULBP_2.txt.gz.annotated.gz.exclusions.gz.alleles.gz
