running SPON1_Q9HCB6_OID20759.gz
finished SPON1_Q9HCB6_OID20759.gz
running SPON2_Q9BUD6_OID20221.gz
finished SPON2_Q9BUD6_OID20221.gz
running SPP1_P10451_OID20322.gz
finished SPP1_P10451_OID20322.gz
running SPRED2_Q7Z698_OID30423.gz
finished SPRED2_Q7Z698_OID30423.gz
running SPRING1_Q9H741_OID31197.gz
finished SPRING1_Q9H741_OID31197.gz
running SPRR1B_P22528_OID31296.gz
finished SPRR1B_P22528_OID31296.gz
running SPRR3_Q9UBC9_OID31131.gz
finished SPRR3_Q9UBC9_OID31131.gz
running SPRY2_O43597_OID20475.gz
finished SPRY2_O43597_OID20475.gz
running SPTBN2_O15020_OID30876.gz
finished SPTBN2_O15020_OID30876.gz
running SPTLC1_O15269_OID31086.gz
finished SPTLC1_O15269_OID31086.gz
running SRC_P12931_OID21521.gz
finished SRC_P12931_OID21521.gz
running SRP14_P37108_OID21324.gz
finished SRP14_P37108_OID21324.gz
running SRPK2_P78362_OID20502.gz
finished SRPK2_P78362_OID20502.gz
running SRPX_P78539_OID30310.gz
finished SRPX_P78539_OID30310.gz
running SSB_P05455_OID20818.gz
finished SSB_P05455_OID20818.gz
running SSBP1_Q04837_OID30468.gz
finished SSBP1_Q04837_OID30468.gz
running SSC4D_Q8WTU2_OID20182.gz
finished SSC4D_Q8WTU2_OID20182.gz
running SSC5D_A1L4H1_OID20351.gz
finished SSC5D_A1L4H1_OID20351.gz
running SSH3_Q8TE77_OID31216.gz
finished SSH3_Q8TE77_OID31216.gz
running SSNA1_O43805_OID31453.gz
finished SSNA1_O43805_OID31453.gz
running ST13_P50502_OID30624.gz
finished ST13_P50502_OID30624.gz
running ST3GAL1_Q11201_OID21322.gz
finished ST3GAL1_Q11201_OID21322.gz
running ST6GAL1_P15907_OID20302.gz
finished ST6GAL1_P15907_OID20302.gz
running ST8SIA1_Q92185_OID30442.gz
finished ST8SIA1_Q92185_OID30442.gz
running STAB2_Q8WWQ8_OID30401.gz
finished STAB2_Q8WWQ8_OID30401.gz
running STAMBP_O95630_OID20955.gz
finished STAMBP_O95630_OID20955.gz
running STAM_Q92783_OID31425.gz
finished STAM_Q92783_OID31425.gz
running STAT2_P52630_OID30536.gz
finished STAT2_P52630_OID30536.gz
running STAT5B_P51692_OID21277.gz
finished STAT5B_P51692_OID21277.gz
running STAU1_O95793_OID31210.gz
finished STAU1_O95793_OID31210.gz
running STC1_P52823_OID21014.gz
finished STC1_P52823_OID21014.gz
running STC2_O76061_OID21157.gz
finished STC2_O76061_OID21157.gz
running STEAP4_Q687X5_OID30846.gz
finished STEAP4_Q687X5_OID30846.gz
running STIP1_P31948_OID21077.gz
finished STIP1_P31948_OID21077.gz
running STK11_Q15831_OID20077.gz
finished STK11_Q15831_OID20077.gz
running STK24_Q9Y6E0_OID20837.gz
finished STK24_Q9Y6E0_OID20837.gz
running STK4_Q13043_OID20140.gz
finished STK4_Q13043_OID20140.gz
running STOML2_Q9UJZ1_OID31183.gz
finished STOML2_Q9UJZ1_OID31183.gz
running STX16_O14662_OID21170.gz
finished STX16_O14662_OID21170.gz
running STX1B_P61266_OID30934.gz
finished STX1B_P61266_OID30934.gz
running STX3_Q13277_OID31090.gz
finished STX3_Q13277_OID31090.gz
running STX4_Q12846_OID21326.gz
finished STX4_Q12846_OID21326.gz
running STX5_Q13190_OID30432.gz
finished STX5_Q13190_OID30432.gz
running STX6_O43752_OID21219.gz
finished STX6_O43752_OID21219.gz
running STX7_O15400_OID30560.gz
finished STX7_O15400_OID30560.gz
running STX8_Q9UNK0_OID20531.gz
finished STX8_Q9UNK0_OID20531.gz
running STXBP1_P61764_OID31054.gz
finished STXBP1_P61764_OID31054.gz
running STXBP3_O00186_OID21240.gz
finished STXBP3_O00186_OID21240.gz
running SUGP1_Q8IWZ8_OID31524.gz
finished SUGP1_Q8IWZ8_OID31524.gz
running SUGT1_Q9Y2Z0_OID21229.gz
finished SUGT1_Q9Y2Z0_OID21229.gz
running SULT1A1_P50225_OID21031.gz
finished SULT1A1_P50225_OID21031.gz
running SULT2A1_Q06520_OID20508.gz
finished SULT2A1_Q06520_OID20508.gz
running SUMF1_Q8NBK3_OID30486.gz
finished SUMF1_Q8NBK3_OID30486.gz
running SUMF2_Q8NBJ7_OID21032.gz
finished SUMF2_Q8NBJ7_OID21032.gz
running SUOX_P51687_OID31031.gz
finished SUOX_P51687_OID31031.gz
running SUSD1_Q6UWL2_OID20072.gz
finished SUSD1_Q6UWL2_OID20072.gz
running SUSD2_Q9UGT4_OID21098.gz
finished SUSD2_Q9UGT4_OID21098.gz
running SUSD4_Q5VX71_OID31398.gz
finished SUSD4_Q5VX71_OID31398.gz
running SUSD5_O60279_OID30650.gz
finished SUSD5_O60279_OID30650.gz
running SV2A_Q7L0J3_OID30965.gz
finished SV2A_Q7L0J3_OID30965.gz
running SWAP70_Q9UH65_OID31477.gz
finished SWAP70_Q9UH65_OID31477.gz
running SYAP1_Q96A49_OID30636.gz
finished SYAP1_Q96A49_OID30636.gz
running SYNGAP1_Q96PV0_OID30797.gz
finished SYNGAP1_Q96PV0_OID30797.gz
running SYT1_P21579_OID31089.gz
finished SYT1_P21579_OID31089.gz
running SYTL4_Q96C24_OID30339.gz
finished SYTL4_Q96C24_OID30339.gz
running TAB2_Q9NYJ8_OID31319.gz
finished TAB2_Q9NYJ8_OID31319.gz
running TACC3_Q9Y6A5_OID21285.gz
finished TACC3_Q9Y6A5_OID21285.gz
running TACSTD2_P09758_OID21447.gz
finished TACSTD2_P09758_OID21447.gz
running TADA3_O75528_OID31422.gz
finished TADA3_O75528_OID31422.gz
running TAFA5_Q7Z5A7_OID21321.gz
finished TAFA5_Q7Z5A7_OID21321.gz
running TAGLN3_Q9UI15_OID31225.gz
finished TAGLN3_Q9UI15_OID31225.gz
running TALDO1_P37837_OID30414.gz
finished TALDO1_P37837_OID30414.gz
running TANK_Q92844_OID20474.gz
finished TANK_Q92844_OID20474.gz
running TAP1_Q03518_OID31289.gz
finished TAP1_Q03518_OID31289.gz
running TARBP2_Q15633_OID20870.gz
finished TARBP2_Q15633_OID20870.gz
running TARM1_B6A8C7_OID30937.gz
finished TARM1_B6A8C7_OID30937.gz
running TARS1_P26639_OID31343.gz
finished TARS1_P26639_OID31343.gz
running TAX1BP1_Q86VP1_OID31075.gz
finished TAX1BP1_Q86VP1_OID31075.gz
running TBC1D17_Q9HA65_OID20844.gz
finished TBC1D17_Q9HA65_OID20844.gz
running TBC1D23_Q9NUY8_OID21286.gz
finished TBC1D23_Q9NUY8_OID21286.gz
