running 5807_77_CD70_CD70.txt.gz.annotated.gz.exclusions.gz.alleles.gz
finished 5807_77_CD70_CD70.txt.gz.annotated.gz.exclusions.gz.alleles.gz
running 5810_25_TDGF1_Cripto.txt.gz.annotated.gz.exclusions.gz.alleles.gz
finished 5810_25_TDGF1_Cripto.txt.gz.annotated.gz.exclusions.gz.alleles.gz
running 5813_58_EPO_Epo.txt.gz.annotated.gz.exclusions.gz.alleles.gz
finished 5813_58_EPO_Epo.txt.gz.annotated.gz.exclusions.gz.alleles.gz
running 5822_22_GDNF_GDNF.txt.gz.annotated.gz.exclusions.gz.alleles.gz
finished 5822_22_GDNF_GDNF.txt.gz.annotated.gz.exclusions.gz.alleles.gz
running 5825_49_IFNGR1_IFN_g_R1.txt.gz.annotated.gz.exclusions.gz.alleles.gz
finished 5825_49_IFNGR1_IFN_g_R1.txt.gz.annotated.gz.exclusions.gz.alleles.gz
running 5834_18_IL9_IL_9.txt.gz.annotated.gz.exclusions.gz.alleles.gz
finished 5834_18_IL9_IL_9.txt.gz.annotated.gz.exclusions.gz.alleles.gz
running 5837_49_LIFR_LIF_sR.txt.gz.annotated.gz.exclusions.gz.alleles.gz
finished 5837_49_LIFR_LIF_sR.txt.gz.annotated.gz.exclusions.gz.alleles.gz
running 5843_60_EHMT2_NG36.txt.gz.annotated.gz.exclusions.gz.alleles.gz
finished 5843_60_EHMT2_NG36.txt.gz.annotated.gz.exclusions.gz.alleles.gz
running 5852_6_S100A12_S100A12.txt.gz.annotated.gz.exclusions.gz.alleles.gz
finished 5852_6_S100A12_S100A12.txt.gz.annotated.gz.exclusions.gz.alleles.gz
running 5854_60_MAPT_tau.txt.gz.annotated.gz.exclusions.gz.alleles.gz
finished 5854_60_MAPT_tau.txt.gz.annotated.gz.exclusions.gz.alleles.gz
running 5858_6_YWHAZ_14_3_3_protein_zeta_delta.txt.gz.annotated.gz.exclusions.gz.alleles.gz
finished 5858_6_YWHAZ_14_3_3_protein_zeta_delta.txt.gz.annotated.gz.exclusions.gz.alleles.gz
running 5861_78_HAAO_3HAO.txt.gz.annotated.gz.exclusions.gz.alleles.gz
finished 5861_78_HAAO_3HAO.txt.gz.annotated.gz.exclusions.gz.alleles.gz
running 5864_10_ALDOA_aldolase_A.txt.gz.annotated.gz.exclusions.gz.alleles.gz
finished 5864_10_ALDOA_aldolase_A.txt.gz.annotated.gz.exclusions.gz.alleles.gz
running 5867_60_ARG1_ARGI1.txt.gz.annotated.gz.exclusions.gz.alleles.gz
finished 5867_60_ARG1_ARGI1.txt.gz.annotated.gz.exclusions.gz.alleles.gz
running 5870_23_BAD_BAD.txt.gz.annotated.gz.exclusions.gz.alleles.gz
finished 5870_23_BAD_BAD.txt.gz.annotated.gz.exclusions.gz.alleles.gz
running 5879_51_DCTN2_Dynactin_subunit_2.txt.gz.annotated.gz.exclusions.gz.alleles.gz
finished 5879_51_DCTN2_Dynactin_subunit_2.txt.gz.annotated.gz.exclusions.gz.alleles.gz
running 5882_34_EEF1B2_EF_1_beta.txt.gz.annotated.gz.exclusions.gz.alleles.gz
finished 5882_34_EEF1B2_EF_1_beta.txt.gz.annotated.gz.exclusions.gz.alleles.gz
running 5885_55_EIF4H_eIF_4H.txt.gz.annotated.gz.exclusions.gz.alleles.gz
finished 5885_55_EIF4H_eIF_4H.txt.gz.annotated.gz.exclusions.gz.alleles.gz
running 5888_29_EIF5A_eIF_5A_1.txt.gz.annotated.gz.exclusions.gz.alleles.gz
finished 5888_29_EIF5A_eIF_5A_1.txt.gz.annotated.gz.exclusions.gz.alleles.gz
running 5897_58_GRP_Gastrin_releasing_peptide.txt.gz.annotated.gz.exclusions.gz.alleles.gz
finished 5897_58_GRP_Gastrin_releasing_peptide.txt.gz.annotated.gz.exclusions.gz.alleles.gz
running 5900_11_HINT1_HINT1.txt.gz.annotated.gz.exclusions.gz.alleles.gz
finished 5900_11_HINT1_HINT1.txt.gz.annotated.gz.exclusions.gz.alleles.gz
running 5903_91_HSPA8_HSP70_protein_8.txt.gz.annotated.gz.exclusions.gz.alleles.gz
finished 5903_91_HSPA8_HSP70_protein_8.txt.gz.annotated.gz.exclusions.gz.alleles.gz
running 5909_51_NME1_Nucleoside_diphosphate_kinase_A.txt.gz.annotated.gz.exclusions.gz.alleles.gz
finished 5909_51_NME1_Nucleoside_diphosphate_kinase_A.txt.gz.annotated.gz.exclusions.gz.alleles.gz
running 5915_58_PEX5_PEX5.txt.gz.annotated.gz.exclusions.gz.alleles.gz
finished 5915_58_PEX5_PEX5.txt.gz.annotated.gz.exclusions.gz.alleles.gz
running 5918_5_PSME1_PSME1.txt.gz.annotated.gz.exclusions.gz.alleles.gz
finished 5918_5_PSME1_PSME1.txt.gz.annotated.gz.exclusions.gz.alleles.gz
running 5927_4_WISP3_WISP_3.txt.gz.annotated.gz.exclusions.gz.alleles.gz
finished 5927_4_WISP3_WISP_3.txt.gz.annotated.gz.exclusions.gz.alleles.gz
running 5936_53_TNF_TNF_a.txt.gz.annotated.gz.exclusions.gz.alleles.gz
finished 5936_53_TNF_TNF_a.txt.gz.annotated.gz.exclusions.gz.alleles.gz
running 5939_42_TNFSF12_TWEAK.txt.gz.annotated.gz.exclusions.gz.alleles.gz
finished 5939_42_TNFSF12_TWEAK.txt.gz.annotated.gz.exclusions.gz.alleles.gz
running 5947_90_THPO_Tpo.txt.gz.annotated.gz.exclusions.gz.alleles.gz
finished 5947_90_THPO_Tpo.txt.gz.annotated.gz.exclusions.gz.alleles.gz
running 5954_62_PTH_PTH.txt.gz.annotated.gz.exclusions.gz.alleles.gz
finished 5954_62_PTH_PTH.txt.gz.annotated.gz.exclusions.gz.alleles.gz
running 5957_30_SST_Somatostatin_28.txt.gz.annotated.gz.exclusions.gz.alleles.gz
finished 5957_30_SST_Somatostatin_28.txt.gz.annotated.gz.exclusions.gz.alleles.gz
running 5963_9_DMKN_Dermokine.txt.gz.annotated.gz.exclusions.gz.alleles.gz
finished 5963_9_DMKN_Dermokine.txt.gz.annotated.gz.exclusions.gz.alleles.gz
running 5980_55_BOLA3_BOLA3.txt.gz.annotated.gz.exclusions.gz.alleles.gz
finished 5980_55_BOLA3_BOLA3.txt.gz.annotated.gz.exclusions.gz.alleles.gz
running 5981_6_C21orf33_ES1.txt.gz.annotated.gz.exclusions.gz.alleles.gz
finished 5981_6_C21orf33_ES1.txt.gz.annotated.gz.exclusions.gz.alleles.gz
running 5988_49_TNFSF14_LIGHT.txt.gz.annotated.gz.exclusions.gz.alleles.gz
finished 5988_49_TNFSF14_LIGHT.txt.gz.annotated.gz.exclusions.gz.alleles.gz
running 6020_52_UTS2_Urotensin_II.txt.gz.annotated.gz.exclusions.gz.alleles.gz
finished 6020_52_UTS2_Urotensin_II.txt.gz.annotated.gz.exclusions.gz.alleles.gz
running 6022_57_NELL2_NELL2.txt.gz.annotated.gz.exclusions.gz.alleles.gz
finished 6022_57_NELL2_NELL2.txt.gz.annotated.gz.exclusions.gz.alleles.gz
running 6027_31_RLN3_REL3.txt.gz.annotated.gz.exclusions.gz.alleles.gz
finished 6027_31_RLN3_REL3.txt.gz.annotated.gz.exclusions.gz.alleles.gz
running 6035_2_ST6GAL1_SIAT1.txt.gz.annotated.gz.exclusions.gz.alleles.gz
finished 6035_2_ST6GAL1_SIAT1.txt.gz.annotated.gz.exclusions.gz.alleles.gz
running 6039_24_CRHBP_CRHBP.txt.gz.annotated.gz.exclusions.gz.alleles.gz
finished 6039_24_CRHBP_CRHBP.txt.gz.annotated.gz.exclusions.gz.alleles.gz
running 6049_64_PTPRS_PTPRS.txt.gz.annotated.gz.exclusions.gz.alleles.gz
finished 6049_64_PTPRS_PTPRS.txt.gz.annotated.gz.exclusions.gz.alleles.gz
running 6054_6_NXPH3_NXPH3.txt.gz.annotated.gz.exclusions.gz.alleles.gz
finished 6054_6_NXPH3_NXPH3.txt.gz.annotated.gz.exclusions.gz.alleles.gz
running 6060_2_PIP_PIP.txt.gz.annotated.gz.exclusions.gz.alleles.gz
finished 6060_2_PIP_PIP.txt.gz.annotated.gz.exclusions.gz.alleles.gz
running 6064_4_ERP44_TXNDC4.txt.gz.annotated.gz.exclusions.gz.alleles.gz
finished 6064_4_ERP44_TXNDC4.txt.gz.annotated.gz.exclusions.gz.alleles.gz
running 6069_71_SUMF2_SUMF2.txt.gz.annotated.gz.exclusions.gz.alleles.gz
finished 6069_71_SUMF2_SUMF2.txt.gz.annotated.gz.exclusions.gz.alleles.gz
running 6077_63_CECR1_CECR1.txt.gz.annotated.gz.exclusions.gz.alleles.gz
finished 6077_63_CECR1_CECR1.txt.gz.annotated.gz.exclusions.gz.alleles.gz
running 6079_59_ACPL2_ACPL2.txt.gz.annotated.gz.exclusions.gz.alleles.gz
finished 6079_59_ACPL2_ACPL2.txt.gz.annotated.gz.exclusions.gz.alleles.gz
running 6081_52_PCOLCE2_PCOC2.txt.gz.annotated.gz.exclusions.gz.alleles.gz
finished 6081_52_PCOLCE2_PCOC2.txt.gz.annotated.gz.exclusions.gz.alleles.gz
running 6086_15_CHRDL2_CRDL2.txt.gz.annotated.gz.exclusions.gz.alleles.gz
finished 6086_15_CHRDL2_CRDL2.txt.gz.annotated.gz.exclusions.gz.alleles.gz
running 6103_70_FCRL5_FCRL5.txt.gz.annotated.gz.exclusions.gz.alleles.gz
finished 6103_70_FCRL5_FCRL5.txt.gz.annotated.gz.exclusions.gz.alleles.gz
running 6107_3_CELA1_ELA1.txt.gz.annotated.gz.exclusions.gz.alleles.gz
finished 6107_3_CELA1_ELA1.txt.gz.annotated.gz.exclusions.gz.alleles.gz
running 6117_4_PCSK2_NEC2.txt.gz.annotated.gz.exclusions.gz.alleles.gz
finished 6117_4_PCSK2_NEC2.txt.gz.annotated.gz.exclusions.gz.alleles.gz
running 6119_14_MAMDC2_MAMC2.txt.gz.annotated.gz.exclusions.gz.alleles.gz
finished 6119_14_MAMDC2_MAMC2.txt.gz.annotated.gz.exclusions.gz.alleles.gz
running 6123_69_TP53_p53.txt.gz.annotated.gz.exclusions.gz.alleles.gz
finished 6123_69_TP53_p53.txt.gz.annotated.gz.exclusions.gz.alleles.gz
running 6151_18_MAP2K3_MP2K3.txt.gz.annotated.gz.exclusions.gz.alleles.gz
finished 6151_18_MAP2K3_MP2K3.txt.gz.annotated.gz.exclusions.gz.alleles.gz
running 6168_11_TP53_p53_R175H.txt.gz.annotated.gz.exclusions.gz.alleles.gz
finished 6168_11_TP53_p53_R175H.txt.gz.annotated.gz.exclusions.gz.alleles.gz
running 6207_10_PSAP_prosaposin.txt.gz.annotated.gz.exclusions.gz.alleles.gz
finished 6207_10_PSAP_prosaposin.txt.gz.annotated.gz.exclusions.gz.alleles.gz
running 6210_100_IFNA5_IFNA5.txt.gz.annotated.gz.exclusions.gz.alleles.gz
finished 6210_100_IFNA5_IFNA5.txt.gz.annotated.gz.exclusions.gz.alleles.gz
running 6213_10_CGB2_CGB2.txt.gz.annotated.gz.exclusions.gz.alleles.gz
finished 6213_10_CGB2_CGB2.txt.gz.annotated.gz.exclusions.gz.alleles.gz
running 6214_84_IFNA8_IFNA8.txt.gz.annotated.gz.exclusions.gz.alleles.gz
finished 6214_84_IFNA8_IFNA8.txt.gz.annotated.gz.exclusions.gz.alleles.gz
running 6219_14_PDZD11_PDZ11.txt.gz.annotated.gz.exclusions.gz.alleles.gz
finished 6219_14_PDZD11_PDZ11.txt.gz.annotated.gz.exclusions.gz.alleles.gz
running 6221_1_ADPGK_ADPGK.txt.gz.annotated.gz.exclusions.gz.alleles.gz
finished 6221_1_ADPGK_ADPGK.txt.gz.annotated.gz.exclusions.gz.alleles.gz
running 6223_5_GUCA2B_GUC2B.txt.gz.annotated.gz.exclusions.gz.alleles.gz
finished 6223_5_GUCA2B_GUC2B.txt.gz.annotated.gz.exclusions.gz.alleles.gz
running 6226_69_EFHA1_EFHA1.txt.gz.annotated.gz.exclusions.gz.alleles.gz
finished 6226_69_EFHA1_EFHA1.txt.gz.annotated.gz.exclusions.gz.alleles.gz
running 6227_1_KLK10_kallikrein_10.txt.gz.annotated.gz.exclusions.gz.alleles.gz
finished 6227_1_KLK10_kallikrein_10.txt.gz.annotated.gz.exclusions.gz.alleles.gz
running 6228_58_SPACA1_sperm_acrosome_associated_1.txt.gz.annotated.gz.exclusions.gz.alleles.gz
finished 6228_58_SPACA1_sperm_acrosome_associated_1.txt.gz.annotated.gz.exclusions.gz.alleles.gz
running 6230_56_CER1_CER1.txt.gz.annotated.gz.exclusions.gz.alleles.gz
finished 6230_56_CER1_CER1.txt.gz.annotated.gz.exclusions.gz.alleles.gz
running 6231_46_STC2_STC2.txt.gz.annotated.gz.exclusions.gz.alleles.gz
finished 6231_46_STC2_STC2.txt.gz.annotated.gz.exclusions.gz.alleles.gz
running 6234_74_VIT_VITRN.txt.gz.annotated.gz.exclusions.gz.alleles.gz
finished 6234_74_VIT_VITRN.txt.gz.annotated.gz.exclusions.gz.alleles.gz
running 6237_11_FGFRL1_FGRL1.txt.gz.annotated.gz.exclusions.gz.alleles.gz
finished 6237_11_FGFRL1_FGRL1.txt.gz.annotated.gz.exclusions.gz.alleles.gz
running 6238_55_PSG8_PSG8.txt.gz.annotated.gz.exclusions.gz.alleles.gz
finished 6238_55_PSG8_PSG8.txt.gz.annotated.gz.exclusions.gz.alleles.gz
running 6240_70_RSPO1_RSPO1.txt.gz.annotated.gz.exclusions.gz.alleles.gz
finished 6240_70_RSPO1_RSPO1.txt.gz.annotated.gz.exclusions.gz.alleles.gz
running 6245_4_PVRL2_Nectin_2.txt.gz.annotated.gz.exclusions.gz.alleles.gz
finished 6245_4_PVRL2_Nectin_2.txt.gz.annotated.gz.exclusions.gz.alleles.gz
running 6247_9_SIRPB1_SIRB1.txt.gz.annotated.gz.exclusions.gz.alleles.gz
finished 6247_9_SIRPB1_SIRB1.txt.gz.annotated.gz.exclusions.gz.alleles.gz
running 6252_62_SCGB3A1_Secretoglobin_family_3A_member_1.txt.gz.annotated.gz.exclusions.gz.alleles.gz
finished 6252_62_SCGB3A1_Secretoglobin_family_3A_member_1.txt.gz.annotated.gz.exclusions.gz.alleles.gz
running 6255_74_CPXM1_CPXM1.txt.gz.annotated.gz.exclusions.gz.alleles.gz
finished 6255_74_CPXM1_CPXM1.txt.gz.annotated.gz.exclusions.gz.alleles.gz
running 6256_9_LY6G6C_LY66C.txt.gz.annotated.gz.exclusions.gz.alleles.gz
finished 6256_9_LY6G6C_LY66C.txt.gz.annotated.gz.exclusions.gz.alleles.gz
running 6257_56_CGREF1_CGRE1.txt.gz.annotated.gz.exclusions.gz.alleles.gz
finished 6257_56_CGREF1_CGRE1.txt.gz.annotated.gz.exclusions.gz.alleles.gz
running 6262_14_IL17RB_IL_17B_R.txt.gz.annotated.gz.exclusions.gz.alleles.gz
finished 6262_14_IL17RB_IL_17B_R.txt.gz.annotated.gz.exclusions.gz.alleles.gz
running 6264_9_CYR61_CYR61.txt.gz.annotated.gz.exclusions.gz.alleles.gz
finished 6264_9_CYR61_CYR61.txt.gz.annotated.gz.exclusions.gz.alleles.gz
