running 16845_15_MPZL1_MPZL1.txt.gz.annotated.gz.exclusions.gz.alleles.gz
finished 16845_15_MPZL1_MPZL1.txt.gz.annotated.gz.exclusions.gz.alleles.gz
running 16847_39_RAB3B_RAB3B.txt.gz.annotated.gz.exclusions.gz.alleles.gz
finished 16847_39_RAB3B_RAB3B.txt.gz.annotated.gz.exclusions.gz.alleles.gz
running 16850_5_RGS5_RGS5.txt.gz.annotated.gz.exclusions.gz.alleles.gz
finished 16850_5_RGS5_RGS5.txt.gz.annotated.gz.exclusions.gz.alleles.gz
running 16851_50_SCO2_SCO2.txt.gz.annotated.gz.exclusions.gz.alleles.gz
finished 16851_50_SCO2_SCO2.txt.gz.annotated.gz.exclusions.gz.alleles.gz
running 16852_10_PDZK1_NHRF3.txt.gz.annotated.gz.exclusions.gz.alleles.gz
finished 16852_10_PDZK1_NHRF3.txt.gz.annotated.gz.exclusions.gz.alleles.gz
running 16853_5_NRK1_NRK1.txt.gz.annotated.gz.exclusions.gz.alleles.gz
finished 16853_5_NRK1_NRK1.txt.gz.annotated.gz.exclusions.gz.alleles.gz
running 16854_17_LSM4_LSM4.txt.gz.annotated.gz.exclusions.gz.alleles.gz
finished 16854_17_LSM4_LSM4.txt.gz.annotated.gz.exclusions.gz.alleles.gz
running 16856_79_MAPRE2_MARE2.txt.gz.annotated.gz.exclusions.gz.alleles.gz
finished 16856_79_MAPRE2_MARE2.txt.gz.annotated.gz.exclusions.gz.alleles.gz
running 16857_2_RAB2A_RAB2A.txt.gz.annotated.gz.exclusions.gz.alleles.gz
finished 16857_2_RAB2A_RAB2A.txt.gz.annotated.gz.exclusions.gz.alleles.gz
running 16858_384_RCN3_RCN3.txt.gz.annotated.gz.exclusions.gz.alleles.gz
finished 16858_384_RCN3_RCN3.txt.gz.annotated.gz.exclusions.gz.alleles.gz
running 16859_100_SH3GLB1_SHLB1.txt.gz.annotated.gz.exclusions.gz.alleles.gz
finished 16859_100_SH3GLB1_SHLB1.txt.gz.annotated.gz.exclusions.gz.alleles.gz
running 16863_47_NANP_NANP.txt.gz.annotated.gz.exclusions.gz.alleles.gz
finished 16863_47_NANP_NANP.txt.gz.annotated.gz.exclusions.gz.alleles.gz
running 16865_62_TAF15_RBP56.txt.gz.annotated.gz.exclusions.gz.alleles.gz
finished 16865_62_TAF15_RBP56.txt.gz.annotated.gz.exclusions.gz.alleles.gz
running 16867_76_PCTK1_PCTK1.txt.gz.annotated.gz.exclusions.gz.alleles.gz
finished 16867_76_PCTK1_PCTK1.txt.gz.annotated.gz.exclusions.gz.alleles.gz
running 16872_248_GSTZ1_MAAI.txt.gz.annotated.gz.exclusions.gz.alleles.gz
finished 16872_248_GSTZ1_MAAI.txt.gz.annotated.gz.exclusions.gz.alleles.gz
running 16875_13_MAGOHB_MGN2.txt.gz.annotated.gz.exclusions.gz.alleles.gz
finished 16875_13_MAGOHB_MGN2.txt.gz.annotated.gz.exclusions.gz.alleles.gz
running 16877_19_MSRB2_MSRB2.txt.gz.annotated.gz.exclusions.gz.alleles.gz
finished 16877_19_MSRB2_MSRB2.txt.gz.annotated.gz.exclusions.gz.alleles.gz
running 16882_27_PHPT1_PHP14.txt.gz.annotated.gz.exclusions.gz.alleles.gz
finished 16882_27_PHPT1_PHP14.txt.gz.annotated.gz.exclusions.gz.alleles.gz
running 16883_57_RAB4A_RAB4A.txt.gz.annotated.gz.exclusions.gz.alleles.gz
finished 16883_57_RAB4A_RAB4A.txt.gz.annotated.gz.exclusions.gz.alleles.gz
running 16885_49_MAPRE3_MARE3.txt.gz.annotated.gz.exclusions.gz.alleles.gz
finished 16885_49_MAPRE3_MARE3.txt.gz.annotated.gz.exclusions.gz.alleles.gz
running 16887_29_PTRH2_PTH2.txt.gz.annotated.gz.exclusions.gz.alleles.gz
finished 16887_29_PTRH2_PTH2.txt.gz.annotated.gz.exclusions.gz.alleles.gz
running 16890_37_ADAMTSL1_ATL1.txt.gz.annotated.gz.exclusions.gz.alleles.gz
finished 16890_37_ADAMTSL1_ATL1.txt.gz.annotated.gz.exclusions.gz.alleles.gz
running 16892_23_ENPP2_ENPP2.txt.gz.annotated.gz.exclusions.gz.alleles.gz
finished 16892_23_ENPP2_ENPP2.txt.gz.annotated.gz.exclusions.gz.alleles.gz
running 16899_59_OSBPL9_OSBL9.txt.gz.annotated.gz.exclusions.gz.alleles.gz
finished 16899_59_OSBPL9_OSBL9.txt.gz.annotated.gz.exclusions.gz.alleles.gz
running 16900_29_MDGA1_MDGA1.txt.gz.annotated.gz.exclusions.gz.alleles.gz
finished 16900_29_MDGA1_MDGA1.txt.gz.annotated.gz.exclusions.gz.alleles.gz
running 16902_17_LAMP1_LAMP1.txt.gz.annotated.gz.exclusions.gz.alleles.gz
finished 16902_17_LAMP1_LAMP1.txt.gz.annotated.gz.exclusions.gz.alleles.gz
running 16907_3_CADM2_Nectin_like_protein_3.txt.gz.annotated.gz.exclusions.gz.alleles.gz
finished 16907_3_CADM2_Nectin_like_protein_3.txt.gz.annotated.gz.exclusions.gz.alleles.gz
running 16908_5_OMG_OMGP.txt.gz.annotated.gz.exclusions.gz.alleles.gz
finished 16908_5_OMG_OMGP.txt.gz.annotated.gz.exclusions.gz.alleles.gz
running 16913_8_RNASET2_RNT2.txt.gz.annotated.gz.exclusions.gz.alleles.gz
finished 16913_8_RNASET2_RNT2.txt.gz.annotated.gz.exclusions.gz.alleles.gz
running 16914_104_CD14_sCD14.txt.gz.annotated.gz.exclusions.gz.alleles.gz
finished 16914_104_CD14_sCD14.txt.gz.annotated.gz.exclusions.gz.alleles.gz
running 16915_153_SEMA4A_SEM4A.txt.gz.annotated.gz.exclusions.gz.alleles.gz
finished 16915_153_SEMA4A_SEM4A.txt.gz.annotated.gz.exclusions.gz.alleles.gz
running 16916_19_SLITRK6_SLIK6.txt.gz.annotated.gz.exclusions.gz.alleles.gz
finished 16916_19_SLITRK6_SLIK6.txt.gz.annotated.gz.exclusions.gz.alleles.gz
running 16918_198_TLR3_TLR3.txt.gz.annotated.gz.exclusions.gz.alleles.gz
finished 16918_198_TLR3_TLR3.txt.gz.annotated.gz.exclusions.gz.alleles.gz
running 16919_1_DBI_ACBP.txt.gz.annotated.gz.exclusions.gz.alleles.gz
finished 16919_1_DBI_ACBP.txt.gz.annotated.gz.exclusions.gz.alleles.gz
running 16922_53_PLXNB3_PLXB3.txt.gz.annotated.gz.exclusions.gz.alleles.gz
finished 16922_53_PLXNB3_PLXB3.txt.gz.annotated.gz.exclusions.gz.alleles.gz
running 16923_20_PFN2_Profilin_II.txt.gz.annotated.gz.exclusions.gz.alleles.gz
finished 16923_20_PFN2_Profilin_II.txt.gz.annotated.gz.exclusions.gz.alleles.gz
running 16926_44_ALPL_Alkaline_phosphatase__liver.txt.gz.annotated.gz.exclusions.gz.alleles.gz
finished 16926_44_ALPL_Alkaline_phosphatase__liver.txt.gz.annotated.gz.exclusions.gz.alleles.gz
running 16932_5_SULT1E1_SULT_1E.txt.gz.annotated.gz.exclusions.gz.alleles.gz
finished 16932_5_SULT1E1_SULT_1E.txt.gz.annotated.gz.exclusions.gz.alleles.gz
running 17137_160_HBB_Beta_globin.txt.gz.annotated.gz.exclusions.gz.alleles.gz
finished 17137_160_HBB_Beta_globin.txt.gz.annotated.gz.exclusions.gz.alleles.gz
running 17138_8_GSTA1_GST_A1_1.txt.gz.annotated.gz.exclusions.gz.alleles.gz
finished 17138_8_GSTA1_GST_A1_1.txt.gz.annotated.gz.exclusions.gz.alleles.gz
running 17140_57_PDGFD_PDGFD.txt.gz.annotated.gz.exclusions.gz.alleles.gz
finished 17140_57_PDGFD_PDGFD.txt.gz.annotated.gz.exclusions.gz.alleles.gz
running 17148_7_BLVRB_BLVRB.txt.gz.annotated.gz.exclusions.gz.alleles.gz
finished 17148_7_BLVRB_BLVRB.txt.gz.annotated.gz.exclusions.gz.alleles.gz
running 17150_8_HSPE1_HSP_10.txt.gz.annotated.gz.exclusions.gz.alleles.gz
finished 17150_8_HSPE1_HSP_10.txt.gz.annotated.gz.exclusions.gz.alleles.gz
running 17151_84_IRF3_IRF_3.txt.gz.annotated.gz.exclusions.gz.alleles.gz
finished 17151_84_IRF3_IRF_3.txt.gz.annotated.gz.exclusions.gz.alleles.gz
running 17152_10_KIR2DS4_KI2S4.txt.gz.annotated.gz.exclusions.gz.alleles.gz
finished 17152_10_KIR2DS4_KI2S4.txt.gz.annotated.gz.exclusions.gz.alleles.gz
running 17153_46_KIR2DL3_KI2L3.txt.gz.annotated.gz.exclusions.gz.alleles.gz
finished 17153_46_KIR2DL3_KI2L3.txt.gz.annotated.gz.exclusions.gz.alleles.gz
running 17154_2_PTGES3_TEBP.txt.gz.annotated.gz.exclusions.gz.alleles.gz
finished 17154_2_PTGES3_TEBP.txt.gz.annotated.gz.exclusions.gz.alleles.gz
running 17155_1_VPS28_VPS28_protein_homolog.txt.gz.annotated.gz.exclusions.gz.alleles.gz
finished 17155_1_VPS28_VPS28_protein_homolog.txt.gz.annotated.gz.exclusions.gz.alleles.gz
running 17156_72_DCLK1_DCAK1.txt.gz.annotated.gz.exclusions.gz.alleles.gz
finished 17156_72_DCLK1_DCAK1.txt.gz.annotated.gz.exclusions.gz.alleles.gz
running 17158_17_UBE2G1_UB2G1.txt.gz.annotated.gz.exclusions.gz.alleles.gz
finished 17158_17_UBE2G1_UB2G1.txt.gz.annotated.gz.exclusions.gz.alleles.gz
running 17161_1_DDOST_OST48.txt.gz.annotated.gz.exclusions.gz.alleles.gz
finished 17161_1_DDOST_OST48.txt.gz.annotated.gz.exclusions.gz.alleles.gz
running 17163_117_ANXA3_Annexin_III.txt.gz.annotated.gz.exclusions.gz.alleles.gz
finished 17163_117_ANXA3_Annexin_III.txt.gz.annotated.gz.exclusions.gz.alleles.gz
running 17164_15_ANXA4_annexin_IV.txt.gz.annotated.gz.exclusions.gz.alleles.gz
finished 17164_15_ANXA4_annexin_IV.txt.gz.annotated.gz.exclusions.gz.alleles.gz
running 17165_1_PPBP_BTG.txt.gz.annotated.gz.exclusions.gz.alleles.gz
finished 17165_1_PPBP_BTG.txt.gz.annotated.gz.exclusions.gz.alleles.gz
running 17166_4_FGF8_FGF_8F.txt.gz.annotated.gz.exclusions.gz.alleles.gz
finished 17166_4_FGF8_FGF_8F.txt.gz.annotated.gz.exclusions.gz.alleles.gz
running 17170_15_CALCB_CALCB.txt.gz.annotated.gz.exclusions.gz.alleles.gz
finished 17170_15_CALCB_CALCB.txt.gz.annotated.gz.exclusions.gz.alleles.gz
running 17172_19_STATH_STAT.txt.gz.annotated.gz.exclusions.gz.alleles.gz
finished 17172_19_STATH_STAT.txt.gz.annotated.gz.exclusions.gz.alleles.gz
running 17175_5_MAP2K6_MP2K6.txt.gz.annotated.gz.exclusions.gz.alleles.gz
finished 17175_5_MAP2K6_MP2K6.txt.gz.annotated.gz.exclusions.gz.alleles.gz
running 17176_13_PSIP1_PSIP1.txt.gz.annotated.gz.exclusions.gz.alleles.gz
finished 17176_13_PSIP1_PSIP1.txt.gz.annotated.gz.exclusions.gz.alleles.gz
running 17195_43_BAG1_BAG_1.txt.gz.annotated.gz.exclusions.gz.alleles.gz
finished 17195_43_BAG1_BAG_1.txt.gz.annotated.gz.exclusions.gz.alleles.gz
running 17196_5_CLPP_ClpP_endopeptidase.txt.gz.annotated.gz.exclusions.gz.alleles.gz
finished 17196_5_CLPP_ClpP_endopeptidase.txt.gz.annotated.gz.exclusions.gz.alleles.gz
running 17199_43_HIF1AN_HIF1N.txt.gz.annotated.gz.exclusions.gz.alleles.gz
finished 17199_43_HIF1AN_HIF1N.txt.gz.annotated.gz.exclusions.gz.alleles.gz
running 17200_50_KIR2DL1_KI2L1.txt.gz.annotated.gz.exclusions.gz.alleles.gz
finished 17200_50_KIR2DL1_KI2L1.txt.gz.annotated.gz.exclusions.gz.alleles.gz
running 17202_37_PDCD4_PDCD4.txt.gz.annotated.gz.exclusions.gz.alleles.gz
finished 17202_37_PDCD4_PDCD4.txt.gz.annotated.gz.exclusions.gz.alleles.gz
running 17204_17_PNMT_PNMT.txt.gz.annotated.gz.exclusions.gz.alleles.gz
finished 17204_17_PNMT_PNMT.txt.gz.annotated.gz.exclusions.gz.alleles.gz
running 17205_21_RAB5A_RAB5A.txt.gz.annotated.gz.exclusions.gz.alleles.gz
finished 17205_21_RAB5A_RAB5A.txt.gz.annotated.gz.exclusions.gz.alleles.gz
running 17209_27_SULT2B1_ST2B1.txt.gz.annotated.gz.exclusions.gz.alleles.gz
finished 17209_27_SULT2B1_ST2B1.txt.gz.annotated.gz.exclusions.gz.alleles.gz
running 17210_2_TCL1A_TCL1A.txt.gz.annotated.gz.exclusions.gz.alleles.gz
finished 17210_2_TCL1A_TCL1A.txt.gz.annotated.gz.exclusions.gz.alleles.gz
running 17224_12_OGN_MIME.txt.gz.annotated.gz.exclusions.gz.alleles.gz
finished 17224_12_OGN_MIME.txt.gz.annotated.gz.exclusions.gz.alleles.gz
running 17231_1_LCP1_L_plastin.txt.gz.annotated.gz.exclusions.gz.alleles.gz
finished 17231_1_LCP1_L_plastin.txt.gz.annotated.gz.exclusions.gz.alleles.gz
running 17319_1_SELH_SELH.txt.gz.annotated.gz.exclusions.gz.alleles.gz
finished 17319_1_SELH_SELH.txt.gz.annotated.gz.exclusions.gz.alleles.gz
running 17320_19_AASDHPPT_ADPPT.txt.gz.annotated.gz.exclusions.gz.alleles.gz
finished 17320_19_AASDHPPT_ADPPT.txt.gz.annotated.gz.exclusions.gz.alleles.gz
running 17325_10_GUK1_KGUA.txt.gz.annotated.gz.exclusions.gz.alleles.gz
finished 17325_10_GUK1_KGUA.txt.gz.annotated.gz.exclusions.gz.alleles.gz
running 17326_44_DUSP23_DUS23.txt.gz.annotated.gz.exclusions.gz.alleles.gz
finished 17326_44_DUSP23_DUS23.txt.gz.annotated.gz.exclusions.gz.alleles.gz
running 17327_3_CNPY3_CNPY3.txt.gz.annotated.gz.exclusions.gz.alleles.gz
finished 17327_3_CNPY3_CNPY3.txt.gz.annotated.gz.exclusions.gz.alleles.gz
running 17329_2_BDH2_BDH2.txt.gz.annotated.gz.exclusions.gz.alleles.gz
finished 17329_2_BDH2_BDH2.txt.gz.annotated.gz.exclusions.gz.alleles.gz
running 17331_138_KREMEN1_KREM1.txt.gz.annotated.gz.exclusions.gz.alleles.gz
finished 17331_138_KREMEN1_KREM1.txt.gz.annotated.gz.exclusions.gz.alleles.gz
running 17332_3_ADPRHL2_ARHL2.txt.gz.annotated.gz.exclusions.gz.alleles.gz
finished 17332_3_ADPRHL2_ARHL2.txt.gz.annotated.gz.exclusions.gz.alleles.gz
running 17333_20_ACADM_ACADM.txt.gz.annotated.gz.exclusions.gz.alleles.gz
finished 17333_20_ACADM_ACADM.txt.gz.annotated.gz.exclusions.gz.alleles.gz
running 17335_18_VAMP2_VAMP2.txt.gz.annotated.gz.exclusions.gz.alleles.gz
finished 17335_18_VAMP2_VAMP2.txt.gz.annotated.gz.exclusions.gz.alleles.gz
running 17336_54_CREB3L2_CR3L2.txt.gz.annotated.gz.exclusions.gz.alleles.gz
finished 17336_54_CREB3L2_CR3L2.txt.gz.annotated.gz.exclusions.gz.alleles.gz
running 17337_1_YY1_TYY1.txt.gz.annotated.gz.exclusions.gz.alleles.gz
finished 17337_1_YY1_TYY1.txt.gz.annotated.gz.exclusions.gz.alleles.gz
running 17341_89_ACAT2_THIC.txt.gz.annotated.gz.exclusions.gz.alleles.gz
finished 17341_89_ACAT2_THIC.txt.gz.annotated.gz.exclusions.gz.alleles.gz
running 17342_13_AGR3_AGR3.txt.gz.annotated.gz.exclusions.gz.alleles.gz
finished 17342_13_AGR3_AGR3.txt.gz.annotated.gz.exclusions.gz.alleles.gz
running 17343_6_SNPH_SNPH.txt.gz.annotated.gz.exclusions.gz.alleles.gz
finished 17343_6_SNPH_SNPH.txt.gz.annotated.gz.exclusions.gz.alleles.gz
running 17344_23_STOML1_STML1.txt.gz.annotated.gz.exclusions.gz.alleles.gz
finished 17344_23_STOML1_STML1.txt.gz.annotated.gz.exclusions.gz.alleles.gz
running 17345_12_ZADH2_ZADH2.txt.gz.annotated.gz.exclusions.gz.alleles.gz
finished 17345_12_ZADH2_ZADH2.txt.gz.annotated.gz.exclusions.gz.alleles.gz
running 17346_61_FDCSP_FDSCP.txt.gz.annotated.gz.exclusions.gz.alleles.gz
finished 17346_61_FDCSP_FDSCP.txt.gz.annotated.gz.exclusions.gz.alleles.gz
running 17347_80_AIDA_CA080.txt.gz.annotated.gz.exclusions.gz.alleles.gz
finished 17347_80_AIDA_CA080.txt.gz.annotated.gz.exclusions.gz.alleles.gz
running 17348_5_SYNJ2BP_SYJ2B.txt.gz.annotated.gz.exclusions.gz.alleles.gz
finished 17348_5_SYNJ2BP_SYJ2B.txt.gz.annotated.gz.exclusions.gz.alleles.gz
running 17350_13_CHMP2B_CHM2B.txt.gz.annotated.gz.exclusions.gz.alleles.gz
finished 17350_13_CHMP2B_CHM2B.txt.gz.annotated.gz.exclusions.gz.alleles.gz
running 17355_56_SYT4_SYT4.txt.gz.annotated.gz.exclusions.gz.alleles.gz
finished 17355_56_SYT4_SYT4.txt.gz.annotated.gz.exclusions.gz.alleles.gz
running 17356_34_IL1F10_IL1FA.txt.gz.annotated.gz.exclusions.gz.alleles.gz
finished 17356_34_IL1F10_IL1FA.txt.gz.annotated.gz.exclusions.gz.alleles.gz
running 17357_33_SEPSECS_SPCS.txt.gz.annotated.gz.exclusions.gz.alleles.gz
finished 17357_33_SEPSECS_SPCS.txt.gz.annotated.gz.exclusions.gz.alleles.gz
running 17362_5_VHL_VHL.txt.gz.annotated.gz.exclusions.gz.alleles.gz
finished 17362_5_VHL_VHL.txt.gz.annotated.gz.exclusions.gz.alleles.gz
running 17364_8_SNRPB2_RU2B.txt.gz.annotated.gz.exclusions.gz.alleles.gz
finished 17364_8_SNRPB2_RU2B.txt.gz.annotated.gz.exclusions.gz.alleles.gz
running 17365_7_CCBL1_KAT1.txt.gz.annotated.gz.exclusions.gz.alleles.gz
finished 17365_7_CCBL1_KAT1.txt.gz.annotated.gz.exclusions.gz.alleles.gz
running 17366_6_DCUN1D1_DCNL1.txt.gz.annotated.gz.exclusions.gz.alleles.gz
finished 17366_6_DCUN1D1_DCNL1.txt.gz.annotated.gz.exclusions.gz.alleles.gz
running 17367_5_STMN1_Stathmin.txt.gz.annotated.gz.exclusions.gz.alleles.gz
finished 17367_5_STMN1_Stathmin.txt.gz.annotated.gz.exclusions.gz.alleles.gz
running 17370_186_ABHD10_ABHDA.txt.gz.annotated.gz.exclusions.gz.alleles.gz
finished 17370_186_ABHD10_ABHDA.txt.gz.annotated.gz.exclusions.gz.alleles.gz
running 17372_5_EIF4EBP1_4EBP1.txt.gz.annotated.gz.exclusions.gz.alleles.gz
finished 17372_5_EIF4EBP1_4EBP1.txt.gz.annotated.gz.exclusions.gz.alleles.gz
running 17377_1_AKR1C3_Aldose_reductase_like_C3.txt.gz.annotated.gz.exclusions.gz.alleles.gz
finished 17377_1_AKR1C3_Aldose_reductase_like_C3.txt.gz.annotated.gz.exclusions.gz.alleles.gz
running 17380_2_UBE2K_UBE2K.txt.gz.annotated.gz.exclusions.gz.alleles.gz
finished 17380_2_UBE2K_UBE2K.txt.gz.annotated.gz.exclusions.gz.alleles.gz
running 17383_4_STARD5_STAR5.txt.gz.annotated.gz.exclusions.gz.alleles.gz
finished 17383_4_STARD5_STAR5.txt.gz.annotated.gz.exclusions.gz.alleles.gz
running 17384_110_PFKM_K6PF.txt.gz.annotated.gz.exclusions.gz.alleles.gz
finished 17384_110_PFKM_K6PF.txt.gz.annotated.gz.exclusions.gz.alleles.gz
running 17387_27_NFKBIB_IKB_beta.txt.gz.annotated.gz.exclusions.gz.alleles.gz
finished 17387_27_NFKBIB_IKB_beta.txt.gz.annotated.gz.exclusions.gz.alleles.gz
running 17391_10_RBM17_SPF45.txt.gz.annotated.gz.exclusions.gz.alleles.gz
finished 17391_10_RBM17_SPF45.txt.gz.annotated.gz.exclusions.gz.alleles.gz
running 17393_13_ACADS_SCAD.txt.gz.annotated.gz.exclusions.gz.alleles.gz
finished 17393_13_ACADS_SCAD.txt.gz.annotated.gz.exclusions.gz.alleles.gz
running 17396_23_ADH1A_ADH1A.txt.gz.annotated.gz.exclusions.gz.alleles.gz
finished 17396_23_ADH1A_ADH1A.txt.gz.annotated.gz.exclusions.gz.alleles.gz
