running 12659_13_OLA1_GTPB9.txt.gz.annotated.gz.exclusions.gz.alleles.gz
finished 12659_13_OLA1_GTPB9.txt.gz.annotated.gz.exclusions.gz.alleles.gz
running 12661_44_GABARAPL1_GBRL1.txt.gz.annotated.gz.exclusions.gz.alleles.gz
finished 12661_44_GABARAPL1_GBRL1.txt.gz.annotated.gz.exclusions.gz.alleles.gz
running 12662_82_ECH1_ECH1.txt.gz.annotated.gz.exclusions.gz.alleles.gz
finished 12662_82_ECH1_ECH1.txt.gz.annotated.gz.exclusions.gz.alleles.gz
running 12663_1_TST_THTR.txt.gz.annotated.gz.exclusions.gz.alleles.gz
finished 12663_1_TST_THTR.txt.gz.annotated.gz.exclusions.gz.alleles.gz
running 12664_19_PTPN13_PTN13.txt.gz.annotated.gz.exclusions.gz.alleles.gz
finished 12664_19_PTPN13_PTN13.txt.gz.annotated.gz.exclusions.gz.alleles.gz
running 12665_16_ILF2_ILF2.txt.gz.annotated.gz.exclusions.gz.alleles.gz
finished 12665_16_ILF2_ILF2.txt.gz.annotated.gz.exclusions.gz.alleles.gz
running 12667_2_GDA_GUAD.txt.gz.annotated.gz.exclusions.gz.alleles.gz
finished 12667_2_GDA_GUAD.txt.gz.annotated.gz.exclusions.gz.alleles.gz
running 12668_7_VPS4B_VPS4B.txt.gz.annotated.gz.exclusions.gz.alleles.gz
finished 12668_7_VPS4B_VPS4B.txt.gz.annotated.gz.exclusions.gz.alleles.gz
running 12669_30_HECW1_HECW1.txt.gz.annotated.gz.exclusions.gz.alleles.gz
finished 12669_30_HECW1_HECW1.txt.gz.annotated.gz.exclusions.gz.alleles.gz
running 12670_15_RAD1_RAD1.txt.gz.annotated.gz.exclusions.gz.alleles.gz
finished 12670_15_RAD1_RAD1.txt.gz.annotated.gz.exclusions.gz.alleles.gz
running 12671_35_SULT1B1_ST1B1.txt.gz.annotated.gz.exclusions.gz.alleles.gz
finished 12671_35_SULT1B1_ST1B1.txt.gz.annotated.gz.exclusions.gz.alleles.gz
running 12675_14_DARS_SYDC.txt.gz.annotated.gz.exclusions.gz.alleles.gz
finished 12675_14_DARS_SYDC.txt.gz.annotated.gz.exclusions.gz.alleles.gz
running 12676_1_PACSIN1_PACN1.txt.gz.annotated.gz.exclusions.gz.alleles.gz
finished 12676_1_PACSIN1_PACN1.txt.gz.annotated.gz.exclusions.gz.alleles.gz
running 12677_164_FLII_FLII.txt.gz.annotated.gz.exclusions.gz.alleles.gz
finished 12677_164_FLII_FLII.txt.gz.annotated.gz.exclusions.gz.alleles.gz
running 12678_66_SNRPA_SNRPA.txt.gz.annotated.gz.exclusions.gz.alleles.gz
finished 12678_66_SNRPA_SNRPA.txt.gz.annotated.gz.exclusions.gz.alleles.gz
running 12681_63_USP21_UBP21.txt.gz.annotated.gz.exclusions.gz.alleles.gz
finished 12681_63_USP21_UBP21.txt.gz.annotated.gz.exclusions.gz.alleles.gz
running 12682_5_CCBL2_KAT3.txt.gz.annotated.gz.exclusions.gz.alleles.gz
finished 12682_5_CCBL2_KAT3.txt.gz.annotated.gz.exclusions.gz.alleles.gz
running 12683_156_DPYSL5_DPYL5.txt.gz.annotated.gz.exclusions.gz.alleles.gz
finished 12683_156_DPYSL5_DPYL5.txt.gz.annotated.gz.exclusions.gz.alleles.gz
running 12684_5_SCIN_ADSV.txt.gz.annotated.gz.exclusions.gz.alleles.gz
finished 12684_5_SCIN_ADSV.txt.gz.annotated.gz.exclusions.gz.alleles.gz
running 12685_57_HOMER2_HOME2.txt.gz.annotated.gz.exclusions.gz.alleles.gz
finished 12685_57_HOMER2_HOME2.txt.gz.annotated.gz.exclusions.gz.alleles.gz
running 12686_15_MPST_THTM.txt.gz.annotated.gz.exclusions.gz.alleles.gz
finished 12686_15_MPST_THTM.txt.gz.annotated.gz.exclusions.gz.alleles.gz
running 12687_2_DECR1_DECR.txt.gz.annotated.gz.exclusions.gz.alleles.gz
finished 12687_2_DECR1_DECR.txt.gz.annotated.gz.exclusions.gz.alleles.gz
running 12688_115_RPS6KA6_KS6A6.txt.gz.annotated.gz.exclusions.gz.alleles.gz
finished 12688_115_RPS6KA6_KS6A6.txt.gz.annotated.gz.exclusions.gz.alleles.gz
running 12689_56_ARPC1B_ARC1B.txt.gz.annotated.gz.exclusions.gz.alleles.gz
finished 12689_56_ARPC1B_ARC1B.txt.gz.annotated.gz.exclusions.gz.alleles.gz
running 12690_33_SEPT10_SEP10.txt.gz.annotated.gz.exclusions.gz.alleles.gz
finished 12690_33_SEPT10_SEP10.txt.gz.annotated.gz.exclusions.gz.alleles.gz
running 12691_44_SHMT2_GLYM.txt.gz.annotated.gz.exclusions.gz.alleles.gz
finished 12691_44_SHMT2_GLYM.txt.gz.annotated.gz.exclusions.gz.alleles.gz
running 12692_56_DOT1L_DOT1L.txt.gz.annotated.gz.exclusions.gz.alleles.gz
finished 12692_56_DOT1L_DOT1L.txt.gz.annotated.gz.exclusions.gz.alleles.gz
running 12693_2_SH3BGRL_SH3L1.txt.gz.annotated.gz.exclusions.gz.alleles.gz
finished 12693_2_SH3BGRL_SH3L1.txt.gz.annotated.gz.exclusions.gz.alleles.gz
running 12694_28_DIMT1_DIM1.txt.gz.annotated.gz.exclusions.gz.alleles.gz
finished 12694_28_DIMT1_DIM1.txt.gz.annotated.gz.exclusions.gz.alleles.gz
running 12695_62_KLHL12_KLH12.txt.gz.annotated.gz.exclusions.gz.alleles.gz
finished 12695_62_KLHL12_KLH12.txt.gz.annotated.gz.exclusions.gz.alleles.gz
running 12696_166_PRMT3_ANM3.txt.gz.annotated.gz.exclusions.gz.alleles.gz
finished 12696_166_PRMT3_ANM3.txt.gz.annotated.gz.exclusions.gz.alleles.gz
running 12697_30_PIP4K2A_PI42A.txt.gz.annotated.gz.exclusions.gz.alleles.gz
finished 12697_30_PIP4K2A_PI42A.txt.gz.annotated.gz.exclusions.gz.alleles.gz
running 12698_72_KPNA4_IMA4.txt.gz.annotated.gz.exclusions.gz.alleles.gz
finished 12698_72_KPNA4_IMA4.txt.gz.annotated.gz.exclusions.gz.alleles.gz
running 12699_28_CCT8_TCP_1_theta.txt.gz.annotated.gz.exclusions.gz.alleles.gz
finished 12699_28_CCT8_TCP_1_theta.txt.gz.annotated.gz.exclusions.gz.alleles.gz
running 12700_9_ACLY_ACLY.txt.gz.annotated.gz.exclusions.gz.alleles.gz
finished 12700_9_ACLY_ACLY.txt.gz.annotated.gz.exclusions.gz.alleles.gz
running 12701_1_EIF1B_EIF1B.txt.gz.annotated.gz.exclusions.gz.alleles.gz
finished 12701_1_EIF1B_EIF1B.txt.gz.annotated.gz.exclusions.gz.alleles.gz
running 12702_13_PELI2_PELI2.txt.gz.annotated.gz.exclusions.gz.alleles.gz
finished 12702_13_PELI2_PELI2.txt.gz.annotated.gz.exclusions.gz.alleles.gz
running 12703_6_NEK7_NEK7.txt.gz.annotated.gz.exclusions.gz.alleles.gz
finished 12703_6_NEK7_NEK7.txt.gz.annotated.gz.exclusions.gz.alleles.gz
running 12704_26_SH2D3C_SH2D3.txt.gz.annotated.gz.exclusions.gz.alleles.gz
finished 12704_26_SH2D3C_SH2D3.txt.gz.annotated.gz.exclusions.gz.alleles.gz
running 12705_9_HERC1_HERC1.txt.gz.annotated.gz.exclusions.gz.alleles.gz
finished 12705_9_HERC1_HERC1.txt.gz.annotated.gz.exclusions.gz.alleles.gz
running 12706_2_CDC42BPA_MRCKA.txt.gz.annotated.gz.exclusions.gz.alleles.gz
finished 12706_2_CDC42BPA_MRCKA.txt.gz.annotated.gz.exclusions.gz.alleles.gz
running 12707_26_DPYSL3_DPYL3.txt.gz.annotated.gz.exclusions.gz.alleles.gz
finished 12707_26_DPYSL3_DPYL3.txt.gz.annotated.gz.exclusions.gz.alleles.gz
running 12708_91_L3MBTL2_LMBL2.txt.gz.annotated.gz.exclusions.gz.alleles.gz
finished 12708_91_L3MBTL2_LMBL2.txt.gz.annotated.gz.exclusions.gz.alleles.gz
running 12709_63_H1FX_H1X.txt.gz.annotated.gz.exclusions.gz.alleles.gz
finished 12709_63_H1FX_H1X.txt.gz.annotated.gz.exclusions.gz.alleles.gz
running 12711_19_GJA8_CXA8.txt.gz.annotated.gz.exclusions.gz.alleles.gz
finished 12711_19_GJA8_CXA8.txt.gz.annotated.gz.exclusions.gz.alleles.gz
running 12712_9_HMG20A_HM20A.txt.gz.annotated.gz.exclusions.gz.alleles.gz
finished 12712_9_HMG20A_HM20A.txt.gz.annotated.gz.exclusions.gz.alleles.gz
running 12713_365_RGS19_RGS19.txt.gz.annotated.gz.exclusions.gz.alleles.gz
finished 12713_365_RGS19_RGS19.txt.gz.annotated.gz.exclusions.gz.alleles.gz
running 12714_38_AP1G2_AP1G2.txt.gz.annotated.gz.exclusions.gz.alleles.gz
finished 12714_38_AP1G2_AP1G2.txt.gz.annotated.gz.exclusions.gz.alleles.gz
running 12715_30_DCP1B_DCP1B.txt.gz.annotated.gz.exclusions.gz.alleles.gz
finished 12715_30_DCP1B_DCP1B.txt.gz.annotated.gz.exclusions.gz.alleles.gz
running 12716_3_ZNF175_ZN175.txt.gz.annotated.gz.exclusions.gz.alleles.gz
finished 12716_3_ZNF175_ZN175.txt.gz.annotated.gz.exclusions.gz.alleles.gz
running 12717_65_TOX3_TOX3.txt.gz.annotated.gz.exclusions.gz.alleles.gz
finished 12717_65_TOX3_TOX3.txt.gz.annotated.gz.exclusions.gz.alleles.gz
running 12718_43_PIN4_PIN4.txt.gz.annotated.gz.exclusions.gz.alleles.gz
finished 12718_43_PIN4_PIN4.txt.gz.annotated.gz.exclusions.gz.alleles.gz
running 12720_71_UBQLN4_UBQL4.txt.gz.annotated.gz.exclusions.gz.alleles.gz
finished 12720_71_UBQLN4_UBQL4.txt.gz.annotated.gz.exclusions.gz.alleles.gz
running 12721_4_TAX1BP1_TAXB1.txt.gz.annotated.gz.exclusions.gz.alleles.gz
finished 12721_4_TAX1BP1_TAXB1.txt.gz.annotated.gz.exclusions.gz.alleles.gz
running 12724_81_CIRBP_CIRBP.txt.gz.annotated.gz.exclusions.gz.alleles.gz
finished 12724_81_CIRBP_CIRBP.txt.gz.annotated.gz.exclusions.gz.alleles.gz
running 12726_3_RFXAP_RFXAP.txt.gz.annotated.gz.exclusions.gz.alleles.gz
finished 12726_3_RFXAP_RFXAP.txt.gz.annotated.gz.exclusions.gz.alleles.gz
running 12727_7_PTGFRN_FPRP.txt.gz.annotated.gz.exclusions.gz.alleles.gz
finished 12727_7_PTGFRN_FPRP.txt.gz.annotated.gz.exclusions.gz.alleles.gz
running 12729_12_PSMG3_PSMG3.txt.gz.annotated.gz.exclusions.gz.alleles.gz
finished 12729_12_PSMG3_PSMG3.txt.gz.annotated.gz.exclusions.gz.alleles.gz
running 12730_3_NDC80_KNTC2.txt.gz.annotated.gz.exclusions.gz.alleles.gz
finished 12730_3_NDC80_KNTC2.txt.gz.annotated.gz.exclusions.gz.alleles.gz
running 12731_12_PLEKHA7_PKHA7.txt.gz.annotated.gz.exclusions.gz.alleles.gz
finished 12731_12_PLEKHA7_PKHA7.txt.gz.annotated.gz.exclusions.gz.alleles.gz
running 12732_13_MPP7_MPP7.txt.gz.annotated.gz.exclusions.gz.alleles.gz
finished 12732_13_MPP7_MPP7.txt.gz.annotated.gz.exclusions.gz.alleles.gz
running 12734_112_KIF22_KIF22.txt.gz.annotated.gz.exclusions.gz.alleles.gz
finished 12734_112_KIF22_KIF22.txt.gz.annotated.gz.exclusions.gz.alleles.gz
running 12735_39_CSDE1_CSDE1.txt.gz.annotated.gz.exclusions.gz.alleles.gz
finished 12735_39_CSDE1_CSDE1.txt.gz.annotated.gz.exclusions.gz.alleles.gz
running 12737_12_PLS1_PLSI.txt.gz.annotated.gz.exclusions.gz.alleles.gz
finished 12737_12_PLS1_PLSI.txt.gz.annotated.gz.exclusions.gz.alleles.gz
running 12738_43_NISCH_NISCH.txt.gz.annotated.gz.exclusions.gz.alleles.gz
finished 12738_43_NISCH_NISCH.txt.gz.annotated.gz.exclusions.gz.alleles.gz
running 12740_55_FEV_FEV.txt.gz.annotated.gz.exclusions.gz.alleles.gz
finished 12740_55_FEV_FEV.txt.gz.annotated.gz.exclusions.gz.alleles.gz
running 12742_160_TMEM8B_TMM8B.txt.gz.annotated.gz.exclusions.gz.alleles.gz
finished 12742_160_TMEM8B_TMM8B.txt.gz.annotated.gz.exclusions.gz.alleles.gz
running 12743_18_BAG5_BAG5.txt.gz.annotated.gz.exclusions.gz.alleles.gz
finished 12743_18_BAG5_BAG5.txt.gz.annotated.gz.exclusions.gz.alleles.gz
running 12746_4_CYTH4_CYH4.txt.gz.annotated.gz.exclusions.gz.alleles.gz
finished 12746_4_CYTH4_CYH4.txt.gz.annotated.gz.exclusions.gz.alleles.gz
running 12747_89_RBM3_RBM3.txt.gz.annotated.gz.exclusions.gz.alleles.gz
finished 12747_89_RBM3_RBM3.txt.gz.annotated.gz.exclusions.gz.alleles.gz
running 12748_6_BRDT_BRDT.txt.gz.annotated.gz.exclusions.gz.alleles.gz
finished 12748_6_BRDT_BRDT.txt.gz.annotated.gz.exclusions.gz.alleles.gz
running 12750_9_ITGB2_LFA_1_beta_2.txt.gz.annotated.gz.exclusions.gz.alleles.gz
finished 12750_9_ITGB2_LFA_1_beta_2.txt.gz.annotated.gz.exclusions.gz.alleles.gz
running 12751_26_ZHX1_ZHX1.txt.gz.annotated.gz.exclusions.gz.alleles.gz
finished 12751_26_ZHX1_ZHX1.txt.gz.annotated.gz.exclusions.gz.alleles.gz
running 12753_6_APBB2_APBB2.txt.gz.annotated.gz.exclusions.gz.alleles.gz
finished 12753_6_APBB2_APBB2.txt.gz.annotated.gz.exclusions.gz.alleles.gz
running 12754_14_CSDC2_CSDC2.txt.gz.annotated.gz.exclusions.gz.alleles.gz
finished 12754_14_CSDC2_CSDC2.txt.gz.annotated.gz.exclusions.gz.alleles.gz
running 12756_3_BACH2_BACH2.txt.gz.annotated.gz.exclusions.gz.alleles.gz
finished 12756_3_BACH2_BACH2.txt.gz.annotated.gz.exclusions.gz.alleles.gz
running 12758_47_GRID2_GRID2.txt.gz.annotated.gz.exclusions.gz.alleles.gz
finished 12758_47_GRID2_GRID2.txt.gz.annotated.gz.exclusions.gz.alleles.gz
running 12759_47_ILF3_DRBP76.txt.gz.annotated.gz.exclusions.gz.alleles.gz
finished 12759_47_ILF3_DRBP76.txt.gz.annotated.gz.exclusions.gz.alleles.gz
running 12760_34_ZNF774_ZN774.txt.gz.annotated.gz.exclusions.gz.alleles.gz
finished 12760_34_ZNF774_ZN774.txt.gz.annotated.gz.exclusions.gz.alleles.gz
running 12761_12_APBB2_APBB2.txt.gz.annotated.gz.exclusions.gz.alleles.gz
finished 12761_12_APBB2_APBB2.txt.gz.annotated.gz.exclusions.gz.alleles.gz
running 12763_69_ZNF334_ZN334.txt.gz.annotated.gz.exclusions.gz.alleles.gz
finished 12763_69_ZNF334_ZN334.txt.gz.annotated.gz.exclusions.gz.alleles.gz
running 12764_3_ELMO1_ELMO1.txt.gz.annotated.gz.exclusions.gz.alleles.gz
finished 12764_3_ELMO1_ELMO1.txt.gz.annotated.gz.exclusions.gz.alleles.gz
running 12766_33_GPR142_GP142.txt.gz.annotated.gz.exclusions.gz.alleles.gz
finished 12766_33_GPR142_GP142.txt.gz.annotated.gz.exclusions.gz.alleles.gz
running 12768_3_PPP1R3B_PPR3B.txt.gz.annotated.gz.exclusions.gz.alleles.gz
finished 12768_3_PPP1R3B_PPR3B.txt.gz.annotated.gz.exclusions.gz.alleles.gz
running 12771_19_ZNF180_ZN180.txt.gz.annotated.gz.exclusions.gz.alleles.gz
finished 12771_19_ZNF180_ZN180.txt.gz.annotated.gz.exclusions.gz.alleles.gz
running 12772_8_NUP98_NUP98.txt.gz.annotated.gz.exclusions.gz.alleles.gz
finished 12772_8_NUP98_NUP98.txt.gz.annotated.gz.exclusions.gz.alleles.gz
running 12774_12_HCN1_HCN1.txt.gz.annotated.gz.exclusions.gz.alleles.gz
finished 12774_12_HCN1_HCN1.txt.gz.annotated.gz.exclusions.gz.alleles.gz
running 12775_6_HMGB3_HMGB3.txt.gz.annotated.gz.exclusions.gz.alleles.gz
finished 12775_6_HMGB3_HMGB3.txt.gz.annotated.gz.exclusions.gz.alleles.gz
running 12777_11_SF1_SF01.txt.gz.annotated.gz.exclusions.gz.alleles.gz
finished 12777_11_SF1_SF01.txt.gz.annotated.gz.exclusions.gz.alleles.gz
running 12779_30_PRDM4_PRDM4.txt.gz.annotated.gz.exclusions.gz.alleles.gz
finished 12779_30_PRDM4_PRDM4.txt.gz.annotated.gz.exclusions.gz.alleles.gz
running 12781_2_TARBP2_TRBP2.txt.gz.annotated.gz.exclusions.gz.alleles.gz
finished 12781_2_TARBP2_TRBP2.txt.gz.annotated.gz.exclusions.gz.alleles.gz
running 12783_29_HNRNPM_HNRPM.txt.gz.annotated.gz.exclusions.gz.alleles.gz
finished 12783_29_HNRNPM_HNRPM.txt.gz.annotated.gz.exclusions.gz.alleles.gz
running 12784_10_APBB3_APBB3.txt.gz.annotated.gz.exclusions.gz.alleles.gz
finished 12784_10_APBB3_APBB3.txt.gz.annotated.gz.exclusions.gz.alleles.gz
running 12785_49_ZBTB33_KAISO.txt.gz.annotated.gz.exclusions.gz.alleles.gz
finished 12785_49_ZBTB33_KAISO.txt.gz.annotated.gz.exclusions.gz.alleles.gz
running 12786_61_GPCPD1_GDE5.txt.gz.annotated.gz.exclusions.gz.alleles.gz
finished 12786_61_GPCPD1_GDE5.txt.gz.annotated.gz.exclusions.gz.alleles.gz
running 12787_47_ZNF134_ZN134.txt.gz.annotated.gz.exclusions.gz.alleles.gz
finished 12787_47_ZNF134_ZN134.txt.gz.annotated.gz.exclusions.gz.alleles.gz
running 12788_6_CCDC101_SGF29.txt.gz.annotated.gz.exclusions.gz.alleles.gz
finished 12788_6_CCDC101_SGF29.txt.gz.annotated.gz.exclusions.gz.alleles.gz
running 12790_10_CCDC51_CCD51.txt.gz.annotated.gz.exclusions.gz.alleles.gz
finished 12790_10_CCDC51_CCD51.txt.gz.annotated.gz.exclusions.gz.alleles.gz
running 12793_4_PIWIL1_PIWL1.txt.gz.annotated.gz.exclusions.gz.alleles.gz
finished 12793_4_PIWIL1_PIWL1.txt.gz.annotated.gz.exclusions.gz.alleles.gz
running 12794_6_NLRP4_NALP4.txt.gz.annotated.gz.exclusions.gz.alleles.gz
finished 12794_6_NLRP4_NALP4.txt.gz.annotated.gz.exclusions.gz.alleles.gz
running 12795_2_ZNF566_ZN566.txt.gz.annotated.gz.exclusions.gz.alleles.gz
finished 12795_2_ZNF566_ZN566.txt.gz.annotated.gz.exclusions.gz.alleles.gz
running 12796_44_NUDT3_NUDT3.txt.gz.annotated.gz.exclusions.gz.alleles.gz
finished 12796_44_NUDT3_NUDT3.txt.gz.annotated.gz.exclusions.gz.alleles.gz
running 12798_46_SLC4A8_S4A8.txt.gz.annotated.gz.exclusions.gz.alleles.gz
finished 12798_46_SLC4A8_S4A8.txt.gz.annotated.gz.exclusions.gz.alleles.gz
running 12799_65_DNAJC27_DJC27.txt.gz.annotated.gz.exclusions.gz.alleles.gz
finished 12799_65_DNAJC27_DJC27.txt.gz.annotated.gz.exclusions.gz.alleles.gz
running 12800_5_TPPP2_TPPP2.txt.gz.annotated.gz.exclusions.gz.alleles.gz
finished 12800_5_TPPP2_TPPP2.txt.gz.annotated.gz.exclusions.gz.alleles.gz
running 12801_33_IRF2_IRF2.txt.gz.annotated.gz.exclusions.gz.alleles.gz
finished 12801_33_IRF2_IRF2.txt.gz.annotated.gz.exclusions.gz.alleles.gz
running 12803_9_ZNF329_ZN329.txt.gz.annotated.gz.exclusions.gz.alleles.gz
finished 12803_9_ZNF329_ZN329.txt.gz.annotated.gz.exclusions.gz.alleles.gz
running 12804_5_GMEB2_GMEB2.txt.gz.annotated.gz.exclusions.gz.alleles.gz
finished 12804_5_GMEB2_GMEB2.txt.gz.annotated.gz.exclusions.gz.alleles.gz
running 12807_89_ARHGAP30_RHG30.txt.gz.annotated.gz.exclusions.gz.alleles.gz
finished 12807_89_ARHGAP30_RHG30.txt.gz.annotated.gz.exclusions.gz.alleles.gz
