running 19230_12_GSTT1_GSTT1.txt.gz.annotated.gz.exclusions.gz.alleles.gz
finished 19230_12_GSTT1_GSTT1.txt.gz.annotated.gz.exclusions.gz.alleles.gz
running 19231_22_PTP4A3_PRL_3.txt.gz.annotated.gz.exclusions.gz.alleles.gz
finished 19231_22_PTP4A3_PRL_3.txt.gz.annotated.gz.exclusions.gz.alleles.gz
running 19233_75_ATOX1_ATOX1.txt.gz.annotated.gz.exclusions.gz.alleles.gz
finished 19233_75_ATOX1_ATOX1.txt.gz.annotated.gz.exclusions.gz.alleles.gz
running 19236_24_SUB1_TCP4.txt.gz.annotated.gz.exclusions.gz.alleles.gz
finished 19236_24_SUB1_TCP4.txt.gz.annotated.gz.exclusions.gz.alleles.gz
running 19237_17_DDT_D_dopachrome_decarboxylase.txt.gz.annotated.gz.exclusions.gz.alleles.gz
finished 19237_17_DDT_D_dopachrome_decarboxylase.txt.gz.annotated.gz.exclusions.gz.alleles.gz
running 19238_12_GLUL_GLNA.txt.gz.annotated.gz.exclusions.gz.alleles.gz
finished 19238_12_GLUL_GLNA.txt.gz.annotated.gz.exclusions.gz.alleles.gz
running 19239_5_ARF1_ARF1.txt.gz.annotated.gz.exclusions.gz.alleles.gz
finished 19239_5_ARF1_ARF1.txt.gz.annotated.gz.exclusions.gz.alleles.gz
running 19240_265_PDAP1_HAP28.txt.gz.annotated.gz.exclusions.gz.alleles.gz
finished 19240_265_PDAP1_HAP28.txt.gz.annotated.gz.exclusions.gz.alleles.gz
running 19241_31_RBP5_RBP_III.txt.gz.annotated.gz.exclusions.gz.alleles.gz
finished 19241_31_RBP5_RBP_III.txt.gz.annotated.gz.exclusions.gz.alleles.gz
running 19242_21_PFDN1_PFD1.txt.gz.annotated.gz.exclusions.gz.alleles.gz
finished 19242_21_PFDN1_PFD1.txt.gz.annotated.gz.exclusions.gz.alleles.gz
running 19243_2_PFDN2_PFD2.txt.gz.annotated.gz.exclusions.gz.alleles.gz
finished 19243_2_PFDN2_PFD2.txt.gz.annotated.gz.exclusions.gz.alleles.gz
running 19247_1_UBE2D1_UB2D1.txt.gz.annotated.gz.exclusions.gz.alleles.gz
finished 19247_1_UBE2D1_UB2D1.txt.gz.annotated.gz.exclusions.gz.alleles.gz
running 19249_18_KARS_SYK.txt.gz.annotated.gz.exclusions.gz.alleles.gz
finished 19249_18_KARS_SYK.txt.gz.annotated.gz.exclusions.gz.alleles.gz
running 19250_50_MYCBP_MYCBP.txt.gz.annotated.gz.exclusions.gz.alleles.gz
finished 19250_50_MYCBP_MYCBP.txt.gz.annotated.gz.exclusions.gz.alleles.gz
running 19251_56_SRGN_Platelet_proteoglycan.txt.gz.annotated.gz.exclusions.gz.alleles.gz
finished 19251_56_SRGN_Platelet_proteoglycan.txt.gz.annotated.gz.exclusions.gz.alleles.gz
running 19252_67_PSMB2_PSB2.txt.gz.annotated.gz.exclusions.gz.alleles.gz
finished 19252_67_PSMB2_PSB2.txt.gz.annotated.gz.exclusions.gz.alleles.gz
running 19253_82_RAB2B_RAB2B.txt.gz.annotated.gz.exclusions.gz.alleles.gz
finished 19253_82_RAB2B_RAB2B.txt.gz.annotated.gz.exclusions.gz.alleles.gz
running 19254_125_GMPR_GMPR1.txt.gz.annotated.gz.exclusions.gz.alleles.gz
finished 19254_125_GMPR_GMPR1.txt.gz.annotated.gz.exclusions.gz.alleles.gz
running 19255_124_NXT2_NXT2.txt.gz.annotated.gz.exclusions.gz.alleles.gz
finished 19255_124_NXT2_NXT2.txt.gz.annotated.gz.exclusions.gz.alleles.gz
running 19257_11_CLTA_CLCA.txt.gz.annotated.gz.exclusions.gz.alleles.gz
finished 19257_11_CLTA_CLCA.txt.gz.annotated.gz.exclusions.gz.alleles.gz
running 19258_24_GCDH_GCDH.txt.gz.annotated.gz.exclusions.gz.alleles.gz
finished 19258_24_GCDH_GCDH.txt.gz.annotated.gz.exclusions.gz.alleles.gz
running 19259_176_EIF2S1_IF2A.txt.gz.annotated.gz.exclusions.gz.alleles.gz
finished 19259_176_EIF2S1_IF2A.txt.gz.annotated.gz.exclusions.gz.alleles.gz
running 19260_4_GIPC1_GIPC1.txt.gz.annotated.gz.exclusions.gz.alleles.gz
finished 19260_4_GIPC1_GIPC1.txt.gz.annotated.gz.exclusions.gz.alleles.gz
running 19261_12_SDCBP2_SDCB2.txt.gz.annotated.gz.exclusions.gz.alleles.gz
finished 19261_12_SDCBP2_SDCB2.txt.gz.annotated.gz.exclusions.gz.alleles.gz
running 19262_219_ACADVL_ACADV.txt.gz.annotated.gz.exclusions.gz.alleles.gz
finished 19262_219_ACADVL_ACADV.txt.gz.annotated.gz.exclusions.gz.alleles.gz
running 19263_147_EIF4E_IF4E.txt.gz.annotated.gz.exclusions.gz.alleles.gz
finished 19263_147_EIF4E_IF4E.txt.gz.annotated.gz.exclusions.gz.alleles.gz
running 19264_6_RPA2_RFA2.txt.gz.annotated.gz.exclusions.gz.alleles.gz
finished 19264_6_RPA2_RFA2.txt.gz.annotated.gz.exclusions.gz.alleles.gz
running 19265_9_TCP1_TCPA.txt.gz.annotated.gz.exclusions.gz.alleles.gz
finished 19265_9_TCP1_TCPA.txt.gz.annotated.gz.exclusions.gz.alleles.gz
running 19266_35_G3BP1_G3BP1.txt.gz.annotated.gz.exclusions.gz.alleles.gz
finished 19266_35_G3BP1_G3BP1.txt.gz.annotated.gz.exclusions.gz.alleles.gz
running 19267_14_HAGH_GLO2.txt.gz.annotated.gz.exclusions.gz.alleles.gz
finished 19267_14_HAGH_GLO2.txt.gz.annotated.gz.exclusions.gz.alleles.gz
running 19270_26_YARS_SYYC.txt.gz.annotated.gz.exclusions.gz.alleles.gz
finished 19270_26_YARS_SYYC.txt.gz.annotated.gz.exclusions.gz.alleles.gz
running 19271_64_GNAI1_GNAI1.txt.gz.annotated.gz.exclusions.gz.alleles.gz
finished 19271_64_GNAI1_GNAI1.txt.gz.annotated.gz.exclusions.gz.alleles.gz
running 19272_9_PEF1_PEF1.txt.gz.annotated.gz.exclusions.gz.alleles.gz
finished 19272_9_PEF1_PEF1.txt.gz.annotated.gz.exclusions.gz.alleles.gz
running 19273_3_GSR_Glutathione_reductase.txt.gz.annotated.gz.exclusions.gz.alleles.gz
finished 19273_3_GSR_Glutathione_reductase.txt.gz.annotated.gz.exclusions.gz.alleles.gz
running 19274_80_SNTA1_Alpha_1_syntrophin.txt.gz.annotated.gz.exclusions.gz.alleles.gz
finished 19274_80_SNTA1_Alpha_1_syntrophin.txt.gz.annotated.gz.exclusions.gz.alleles.gz
running 19275_68_IDH3G_IDH3G.txt.gz.annotated.gz.exclusions.gz.alleles.gz
finished 19275_68_IDH3G_IDH3G.txt.gz.annotated.gz.exclusions.gz.alleles.gz
running 19276_124_SNRPG_RUXG.txt.gz.annotated.gz.exclusions.gz.alleles.gz
finished 19276_124_SNRPG_RUXG.txt.gz.annotated.gz.exclusions.gz.alleles.gz
running 19277_4_TSTD1_KAT.txt.gz.annotated.gz.exclusions.gz.alleles.gz
finished 19277_4_TSTD1_KAT.txt.gz.annotated.gz.exclusions.gz.alleles.gz
running 19278_19_RAB1B_RAB1B.txt.gz.annotated.gz.exclusions.gz.alleles.gz
finished 19278_19_RAB1B_RAB1B.txt.gz.annotated.gz.exclusions.gz.alleles.gz
running 19279_42_RBP1_CRBP.txt.gz.annotated.gz.exclusions.gz.alleles.gz
finished 19279_42_RBP1_CRBP.txt.gz.annotated.gz.exclusions.gz.alleles.gz
running 19280_29_UBE2D3_UB2D3.txt.gz.annotated.gz.exclusions.gz.alleles.gz
finished 19280_29_UBE2D3_UB2D3.txt.gz.annotated.gz.exclusions.gz.alleles.gz
running 19281_86_MAFG_MAFG.txt.gz.annotated.gz.exclusions.gz.alleles.gz
finished 19281_86_MAFG_MAFG.txt.gz.annotated.gz.exclusions.gz.alleles.gz
running 19282_3_RAB13_RAB13.txt.gz.annotated.gz.exclusions.gz.alleles.gz
finished 19282_3_RAB13_RAB13.txt.gz.annotated.gz.exclusions.gz.alleles.gz
running 19286_30_MYL5_MLR5.txt.gz.annotated.gz.exclusions.gz.alleles.gz
finished 19286_30_MYL5_MLR5.txt.gz.annotated.gz.exclusions.gz.alleles.gz
running 19287_59_DENR_DENR.txt.gz.annotated.gz.exclusions.gz.alleles.gz
finished 19287_59_DENR_DENR.txt.gz.annotated.gz.exclusions.gz.alleles.gz
running 19289_29_UROD_DCUP.txt.gz.annotated.gz.exclusions.gz.alleles.gz
finished 19289_29_UROD_DCUP.txt.gz.annotated.gz.exclusions.gz.alleles.gz
running 19290_5_HPRT1_HPRT.txt.gz.annotated.gz.exclusions.gz.alleles.gz
finished 19290_5_HPRT1_HPRT.txt.gz.annotated.gz.exclusions.gz.alleles.gz
running 19291_2_CASQ2_CASQ2.txt.gz.annotated.gz.exclusions.gz.alleles.gz
finished 19291_2_CASQ2_CASQ2.txt.gz.annotated.gz.exclusions.gz.alleles.gz
running 19293_6_VPS26A_VP26A.txt.gz.annotated.gz.exclusions.gz.alleles.gz
finished 19293_6_VPS26A_VP26A.txt.gz.annotated.gz.exclusions.gz.alleles.gz
running 19294_26_CRIPT_CRIPT.txt.gz.annotated.gz.exclusions.gz.alleles.gz
finished 19294_26_CRIPT_CRIPT.txt.gz.annotated.gz.exclusions.gz.alleles.gz
running 19295_32_PPP1CC_PP1G.txt.gz.annotated.gz.exclusions.gz.alleles.gz
finished 19295_32_PPP1CC_PP1G.txt.gz.annotated.gz.exclusions.gz.alleles.gz
running 19296_51_MYL7_MLRA.txt.gz.annotated.gz.exclusions.gz.alleles.gz
finished 19296_51_MYL7_MLRA.txt.gz.annotated.gz.exclusions.gz.alleles.gz
running 19297_4_G6PD_G6PD.txt.gz.annotated.gz.exclusions.gz.alleles.gz
finished 19297_4_G6PD_G6PD.txt.gz.annotated.gz.exclusions.gz.alleles.gz
running 19302_7_GIMAP6_GIMA6.txt.gz.annotated.gz.exclusions.gz.alleles.gz
finished 19302_7_GIMAP6_GIMA6.txt.gz.annotated.gz.exclusions.gz.alleles.gz
running 19303_64_PET117_PT117.txt.gz.annotated.gz.exclusions.gz.alleles.gz
finished 19303_64_PET117_PT117.txt.gz.annotated.gz.exclusions.gz.alleles.gz
running 19310_81_COPE_COPE.txt.gz.annotated.gz.exclusions.gz.alleles.gz
finished 19310_81_COPE_COPE.txt.gz.annotated.gz.exclusions.gz.alleles.gz
running 19311_15_CRYGS_CRBS.txt.gz.annotated.gz.exclusions.gz.alleles.gz
finished 19311_15_CRYGS_CRBS.txt.gz.annotated.gz.exclusions.gz.alleles.gz
running 19316_2_HSCB_HSC20.txt.gz.annotated.gz.exclusions.gz.alleles.gz
finished 19316_2_HSCB_HSC20.txt.gz.annotated.gz.exclusions.gz.alleles.gz
running 19317_114_ACPP_Prostatic_acid_phosphatase.txt.gz.annotated.gz.exclusions.gz.alleles.gz
finished 19317_114_ACPP_Prostatic_acid_phosphatase.txt.gz.annotated.gz.exclusions.gz.alleles.gz
running 19323_1_EBAG9_RCAS1.txt.gz.annotated.gz.exclusions.gz.alleles.gz
finished 19323_1_EBAG9_RCAS1.txt.gz.annotated.gz.exclusions.gz.alleles.gz
running 19325_21_ABHD14B_ABHEB.txt.gz.annotated.gz.exclusions.gz.alleles.gz
finished 19325_21_ABHD14B_ABHEB.txt.gz.annotated.gz.exclusions.gz.alleles.gz
running 19327_31_HAT1_Hat1.txt.gz.annotated.gz.exclusions.gz.alleles.gz
finished 19327_31_HAT1_Hat1.txt.gz.annotated.gz.exclusions.gz.alleles.gz
running 19328_51_CHEK2_Chk2.txt.gz.annotated.gz.exclusions.gz.alleles.gz
finished 19328_51_CHEK2_Chk2.txt.gz.annotated.gz.exclusions.gz.alleles.gz
running 19329_31_HIPK3_HIPK3.txt.gz.annotated.gz.exclusions.gz.alleles.gz
finished 19329_31_HIPK3_HIPK3.txt.gz.annotated.gz.exclusions.gz.alleles.gz
running 19331_18_BAIAP2_BAIP2.txt.gz.annotated.gz.exclusions.gz.alleles.gz
finished 19331_18_BAIAP2_BAIP2.txt.gz.annotated.gz.exclusions.gz.alleles.gz
running 19332_1_MOBKL3_MOBL3.txt.gz.annotated.gz.exclusions.gz.alleles.gz
finished 19332_1_MOBKL3_MOBL3.txt.gz.annotated.gz.exclusions.gz.alleles.gz
running 19333_4_HNRNPK_hnRNP_K.txt.gz.annotated.gz.exclusions.gz.alleles.gz
finished 19333_4_HNRNPK_hnRNP_K.txt.gz.annotated.gz.exclusions.gz.alleles.gz
running 19334_62_TXNDC12_TXD12.txt.gz.annotated.gz.exclusions.gz.alleles.gz
finished 19334_62_TXNDC12_TXD12.txt.gz.annotated.gz.exclusions.gz.alleles.gz
running 19335_2_HN1_HN1.txt.gz.annotated.gz.exclusions.gz.alleles.gz
finished 19335_2_HN1_HN1.txt.gz.annotated.gz.exclusions.gz.alleles.gz
running 19338_3_LZIC_LZIC.txt.gz.annotated.gz.exclusions.gz.alleles.gz
finished 19338_3_LZIC_LZIC.txt.gz.annotated.gz.exclusions.gz.alleles.gz
running 19341_36_ACBD6_ACBD6.txt.gz.annotated.gz.exclusions.gz.alleles.gz
finished 19341_36_ACBD6_ACBD6.txt.gz.annotated.gz.exclusions.gz.alleles.gz
running 19347_37_CA12_Carbonic_Anhydrase_XII.txt.gz.annotated.gz.exclusions.gz.alleles.gz
finished 19347_37_CA12_Carbonic_Anhydrase_XII.txt.gz.annotated.gz.exclusions.gz.alleles.gz
running 19353_25_OSTM1_OSTM1.txt.gz.annotated.gz.exclusions.gz.alleles.gz
finished 19353_25_OSTM1_OSTM1.txt.gz.annotated.gz.exclusions.gz.alleles.gz
running 19356_20_TOM1L2_TM1L2.txt.gz.annotated.gz.exclusions.gz.alleles.gz
finished 19356_20_TOM1L2_TM1L2.txt.gz.annotated.gz.exclusions.gz.alleles.gz
running 19357_11_VAMP7_VAMP7.txt.gz.annotated.gz.exclusions.gz.alleles.gz
finished 19357_11_VAMP7_VAMP7.txt.gz.annotated.gz.exclusions.gz.alleles.gz
running 19360_22_LRRTM1_LRRT1.txt.gz.annotated.gz.exclusions.gz.alleles.gz
finished 19360_22_LRRTM1_LRRT1.txt.gz.annotated.gz.exclusions.gz.alleles.gz
running 19361_78_MATN3_MATN3.txt.gz.annotated.gz.exclusions.gz.alleles.gz
finished 19361_78_MATN3_MATN3.txt.gz.annotated.gz.exclusions.gz.alleles.gz
running 19364_163_PCNA_PCNA.txt.gz.annotated.gz.exclusions.gz.alleles.gz
finished 19364_163_PCNA_PCNA.txt.gz.annotated.gz.exclusions.gz.alleles.gz
running 19365_11_BCAT2_BCAT2.txt.gz.annotated.gz.exclusions.gz.alleles.gz
finished 19365_11_BCAT2_BCAT2.txt.gz.annotated.gz.exclusions.gz.alleles.gz
running 19366_8_PEX26_PEX26.txt.gz.annotated.gz.exclusions.gz.alleles.gz
finished 19366_8_PEX26_PEX26.txt.gz.annotated.gz.exclusions.gz.alleles.gz
