running 17778_19_RAB32_RAB32.txt.gz.annotated.gz.exclusions.gz.alleles.gz
finished 17778_19_RAB32_RAB32.txt.gz.annotated.gz.exclusions.gz.alleles.gz
running 17781_191_MAP1LC3A_MLP3A.txt.gz.annotated.gz.exclusions.gz.alleles.gz
finished 17781_191_MAP1LC3A_MLP3A.txt.gz.annotated.gz.exclusions.gz.alleles.gz
running 17782_23_ACAA1_THIK.txt.gz.annotated.gz.exclusions.gz.alleles.gz
finished 17782_23_ACAA1_THIK.txt.gz.annotated.gz.exclusions.gz.alleles.gz
running 17783_9_MMAB_MMAB.txt.gz.annotated.gz.exclusions.gz.alleles.gz
finished 17783_9_MMAB_MMAB.txt.gz.annotated.gz.exclusions.gz.alleles.gz
running 17784_23_GMFB_GMFB.txt.gz.annotated.gz.exclusions.gz.alleles.gz
finished 17784_23_GMFB_GMFB.txt.gz.annotated.gz.exclusions.gz.alleles.gz
running 17785_11_RCL_RCL.txt.gz.annotated.gz.exclusions.gz.alleles.gz
finished 17785_11_RCL_RCL.txt.gz.annotated.gz.exclusions.gz.alleles.gz
running 17786_5_GGPS1_GGPPS.txt.gz.annotated.gz.exclusions.gz.alleles.gz
finished 17786_5_GGPS1_GGPPS.txt.gz.annotated.gz.exclusions.gz.alleles.gz
running 17787_1_ECHS1_Enoyl_CoA_hydratase.txt.gz.annotated.gz.exclusions.gz.alleles.gz
finished 17787_1_ECHS1_Enoyl_CoA_hydratase.txt.gz.annotated.gz.exclusions.gz.alleles.gz
running 17789_1_QPRT_NADC.txt.gz.annotated.gz.exclusions.gz.alleles.gz
finished 17789_1_QPRT_NADC.txt.gz.annotated.gz.exclusions.gz.alleles.gz
running 17791_25_HPCAL1_HPCL1.txt.gz.annotated.gz.exclusions.gz.alleles.gz
finished 17791_25_HPCAL1_HPCL1.txt.gz.annotated.gz.exclusions.gz.alleles.gz
running 17792_158_ALDH5A1_SSDH.txt.gz.annotated.gz.exclusions.gz.alleles.gz
finished 17792_158_ALDH5A1_SSDH.txt.gz.annotated.gz.exclusions.gz.alleles.gz
running 17793_4_DIRAS1_DIRA1.txt.gz.annotated.gz.exclusions.gz.alleles.gz
finished 17793_4_DIRAS1_DIRA1.txt.gz.annotated.gz.exclusions.gz.alleles.gz
running 17794_6_PMM2_Phosphomannomutase_2.txt.gz.annotated.gz.exclusions.gz.alleles.gz
finished 17794_6_PMM2_Phosphomannomutase_2.txt.gz.annotated.gz.exclusions.gz.alleles.gz
running 17795_176_LSM1_LSM1.txt.gz.annotated.gz.exclusions.gz.alleles.gz
finished 17795_176_LSM1_LSM1.txt.gz.annotated.gz.exclusions.gz.alleles.gz
running 17796_15_IMPA1_IMPA1.txt.gz.annotated.gz.exclusions.gz.alleles.gz
finished 17796_15_IMPA1_IMPA1.txt.gz.annotated.gz.exclusions.gz.alleles.gz
running 17797_1_CUL1_CUL1.txt.gz.annotated.gz.exclusions.gz.alleles.gz
finished 17797_1_CUL1_CUL1.txt.gz.annotated.gz.exclusions.gz.alleles.gz
running 17799_9_PGLS_6PGL.txt.gz.annotated.gz.exclusions.gz.alleles.gz
finished 17799_9_PGLS_6PGL.txt.gz.annotated.gz.exclusions.gz.alleles.gz
running 17800_33_SCAND1_SCAND1.txt.gz.annotated.gz.exclusions.gz.alleles.gz
finished 17800_33_SCAND1_SCAND1.txt.gz.annotated.gz.exclusions.gz.alleles.gz
running 17802_4_NANS_SIAS.txt.gz.annotated.gz.exclusions.gz.alleles.gz
finished 17802_4_NANS_SIAS.txt.gz.annotated.gz.exclusions.gz.alleles.gz
running 17804_102_PNPO_PNPO.txt.gz.annotated.gz.exclusions.gz.alleles.gz
finished 17804_102_PNPO_PNPO.txt.gz.annotated.gz.exclusions.gz.alleles.gz
running 17805_35_SMNDC1_SPF30.txt.gz.annotated.gz.exclusions.gz.alleles.gz
finished 17805_35_SMNDC1_SPF30.txt.gz.annotated.gz.exclusions.gz.alleles.gz
running 17806_6_SDCBP_Syntenin_1.txt.gz.annotated.gz.exclusions.gz.alleles.gz
finished 17806_6_SDCBP_Syntenin_1.txt.gz.annotated.gz.exclusions.gz.alleles.gz
running 17808_37_NIT2_NIT2.txt.gz.annotated.gz.exclusions.gz.alleles.gz
finished 17808_37_NIT2_NIT2.txt.gz.annotated.gz.exclusions.gz.alleles.gz
running 17811_78_SULT1C2_ST1C2.txt.gz.annotated.gz.exclusions.gz.alleles.gz
finished 17811_78_SULT1C2_ST1C2.txt.gz.annotated.gz.exclusions.gz.alleles.gz
running 17812_2_PTP4A1_TP4A1.txt.gz.annotated.gz.exclusions.gz.alleles.gz
finished 17812_2_PTP4A1_TP4A1.txt.gz.annotated.gz.exclusions.gz.alleles.gz
running 17813_21_BPHL_BPHL.txt.gz.annotated.gz.exclusions.gz.alleles.gz
finished 17813_21_BPHL_BPHL.txt.gz.annotated.gz.exclusions.gz.alleles.gz
running 17814_8_BPNT1_BPNT1.txt.gz.annotated.gz.exclusions.gz.alleles.gz
finished 17814_8_BPNT1_BPNT1.txt.gz.annotated.gz.exclusions.gz.alleles.gz
running 17816_58_NCALD_NCALD.txt.gz.annotated.gz.exclusions.gz.alleles.gz
finished 17816_58_NCALD_NCALD.txt.gz.annotated.gz.exclusions.gz.alleles.gz
running 17817_22_DDIT4_DDIT4.txt.gz.annotated.gz.exclusions.gz.alleles.gz
finished 17817_22_DDIT4_DDIT4.txt.gz.annotated.gz.exclusions.gz.alleles.gz
running 17818_22_SUGT1_SUGT1.txt.gz.annotated.gz.exclusions.gz.alleles.gz
finished 17818_22_SUGT1_SUGT1.txt.gz.annotated.gz.exclusions.gz.alleles.gz
running 17819_30_FAHD1_FAHD1.txt.gz.annotated.gz.exclusions.gz.alleles.gz
finished 17819_30_FAHD1_FAHD1.txt.gz.annotated.gz.exclusions.gz.alleles.gz
running 17820_170_MLF1_MLF1.txt.gz.annotated.gz.exclusions.gz.alleles.gz
finished 17820_170_MLF1_MLF1.txt.gz.annotated.gz.exclusions.gz.alleles.gz
running 17821_20_NMT2_NMT2.txt.gz.annotated.gz.exclusions.gz.alleles.gz
finished 17821_20_NMT2_NMT2.txt.gz.annotated.gz.exclusions.gz.alleles.gz
running 17822_57_RERG_RERG.txt.gz.annotated.gz.exclusions.gz.alleles.gz
finished 17822_57_RERG_RERG.txt.gz.annotated.gz.exclusions.gz.alleles.gz
running 17823_40_SNRPD2_SMD2.txt.gz.annotated.gz.exclusions.gz.alleles.gz
finished 17823_40_SNRPD2_SMD2.txt.gz.annotated.gz.exclusions.gz.alleles.gz
running 17826_341_EEF1D_EF1D.txt.gz.annotated.gz.exclusions.gz.alleles.gz
finished 17826_341_EEF1D_EF1D.txt.gz.annotated.gz.exclusions.gz.alleles.gz
running 17827_53_DYNLRB2_DLRB2.txt.gz.annotated.gz.exclusions.gz.alleles.gz
finished 17827_53_DYNLRB2_DLRB2.txt.gz.annotated.gz.exclusions.gz.alleles.gz
running 17828_3_S100A14_S100A14.txt.gz.annotated.gz.exclusions.gz.alleles.gz
finished 17828_3_S100A14_S100A14.txt.gz.annotated.gz.exclusions.gz.alleles.gz
running 17829_2_TREX2_TREX2.txt.gz.annotated.gz.exclusions.gz.alleles.gz
finished 17829_2_TREX2_TREX2.txt.gz.annotated.gz.exclusions.gz.alleles.gz
running 17832_12_IDI2_IDI2.txt.gz.annotated.gz.exclusions.gz.alleles.gz
finished 17832_12_IDI2_IDI2.txt.gz.annotated.gz.exclusions.gz.alleles.gz
running 17835_28_ANXA13_ANX13.txt.gz.annotated.gz.exclusions.gz.alleles.gz
finished 17835_28_ANXA13_ANX13.txt.gz.annotated.gz.exclusions.gz.alleles.gz
running 17836_17_S100A16_S100A16.txt.gz.annotated.gz.exclusions.gz.alleles.gz
finished 17836_17_S100A16_S100A16.txt.gz.annotated.gz.exclusions.gz.alleles.gz
running 17837_5_CLIC2_CLIC2.txt.gz.annotated.gz.exclusions.gz.alleles.gz
finished 17837_5_CLIC2_CLIC2.txt.gz.annotated.gz.exclusions.gz.alleles.gz
running 17843_30_PPCS_PPCS.txt.gz.annotated.gz.exclusions.gz.alleles.gz
finished 17843_30_PPCS_PPCS.txt.gz.annotated.gz.exclusions.gz.alleles.gz
running 17849_6_DRG1_DRG1.txt.gz.annotated.gz.exclusions.gz.alleles.gz
finished 17849_6_DRG1_DRG1.txt.gz.annotated.gz.exclusions.gz.alleles.gz
running 17850_42_KLF4_KLF4.txt.gz.annotated.gz.exclusions.gz.alleles.gz
finished 17850_42_KLF4_KLF4.txt.gz.annotated.gz.exclusions.gz.alleles.gz
running 17852_5_PPME1_PPME1.txt.gz.annotated.gz.exclusions.gz.alleles.gz
finished 17852_5_PPME1_PPME1.txt.gz.annotated.gz.exclusions.gz.alleles.gz
running 17854_33_NAA10_NAA10.txt.gz.annotated.gz.exclusions.gz.alleles.gz
finished 17854_33_NAA10_NAA10.txt.gz.annotated.gz.exclusions.gz.alleles.gz
running 17855_28_RGS4_RGS4.txt.gz.annotated.gz.exclusions.gz.alleles.gz
finished 17855_28_RGS4_RGS4.txt.gz.annotated.gz.exclusions.gz.alleles.gz
running 17856_23_NT5M_NT5M.txt.gz.annotated.gz.exclusions.gz.alleles.gz
finished 17856_23_NT5M_NT5M.txt.gz.annotated.gz.exclusions.gz.alleles.gz
running 17857_6_ACADL_ACADL.txt.gz.annotated.gz.exclusions.gz.alleles.gz
finished 17857_6_ACADL_ACADL.txt.gz.annotated.gz.exclusions.gz.alleles.gz
running 18156_7_ATG3_ATG3.txt.gz.annotated.gz.exclusions.gz.alleles.gz
finished 18156_7_ATG3_ATG3.txt.gz.annotated.gz.exclusions.gz.alleles.gz
running 18158_45_CASP8_Caspase_8.txt.gz.annotated.gz.exclusions.gz.alleles.gz
finished 18158_45_CASP8_Caspase_8.txt.gz.annotated.gz.exclusions.gz.alleles.gz
running 18160_2_PCMT1_PIMT.txt.gz.annotated.gz.exclusions.gz.alleles.gz
finished 18160_2_PCMT1_PIMT.txt.gz.annotated.gz.exclusions.gz.alleles.gz
running 18162_167_IRAK4_IRAK4.txt.gz.annotated.gz.exclusions.gz.alleles.gz
finished 18162_167_IRAK4_IRAK4.txt.gz.annotated.gz.exclusions.gz.alleles.gz
running 18165_181_UBE2V2_UB2V2.txt.gz.annotated.gz.exclusions.gz.alleles.gz
finished 18165_181_UBE2V2_UB2V2.txt.gz.annotated.gz.exclusions.gz.alleles.gz
running 18166_4_RHOB_RHOB.txt.gz.annotated.gz.exclusions.gz.alleles.gz
finished 18166_4_RHOB_RHOB.txt.gz.annotated.gz.exclusions.gz.alleles.gz
running 18170_46_PYCR1_P5CR1.txt.gz.annotated.gz.exclusions.gz.alleles.gz
finished 18170_46_PYCR1_P5CR1.txt.gz.annotated.gz.exclusions.gz.alleles.gz
running 18172_71_ASF1A_ASF1A.txt.gz.annotated.gz.exclusions.gz.alleles.gz
finished 18172_71_ASF1A_ASF1A.txt.gz.annotated.gz.exclusions.gz.alleles.gz
running 18173_11_AKR7A3_ARK73.txt.gz.annotated.gz.exclusions.gz.alleles.gz
finished 18173_11_AKR7A3_ARK73.txt.gz.annotated.gz.exclusions.gz.alleles.gz
running 18174_79_PDCD6IP_PDC6I.txt.gz.annotated.gz.exclusions.gz.alleles.gz
finished 18174_79_PDCD6IP_PDC6I.txt.gz.annotated.gz.exclusions.gz.alleles.gz
running 18175_65_VAT1_VAT1.txt.gz.annotated.gz.exclusions.gz.alleles.gz
finished 18175_65_VAT1_VAT1.txt.gz.annotated.gz.exclusions.gz.alleles.gz
running 18177_49_NAE1_ULA1.txt.gz.annotated.gz.exclusions.gz.alleles.gz
finished 18177_49_NAE1_ULA1.txt.gz.annotated.gz.exclusions.gz.alleles.gz
running 18178_13_SARS_SYSC.txt.gz.annotated.gz.exclusions.gz.alleles.gz
finished 18178_13_SARS_SYSC.txt.gz.annotated.gz.exclusions.gz.alleles.gz
running 18179_56_SMS_SPSY.txt.gz.annotated.gz.exclusions.gz.alleles.gz
finished 18179_56_SMS_SPSY.txt.gz.annotated.gz.exclusions.gz.alleles.gz
running 18180_58_RTN4IP1_RT4I1.txt.gz.annotated.gz.exclusions.gz.alleles.gz
finished 18180_58_RTN4IP1_RT4I1.txt.gz.annotated.gz.exclusions.gz.alleles.gz
running 18181_2_TSSC4_TSSC4.txt.gz.annotated.gz.exclusions.gz.alleles.gz
finished 18181_2_TSSC4_TSSC4.txt.gz.annotated.gz.exclusions.gz.alleles.gz
running 18182_24_PCK1_PCKGC.txt.gz.annotated.gz.exclusions.gz.alleles.gz
finished 18182_24_PCK1_PCKGC.txt.gz.annotated.gz.exclusions.gz.alleles.gz
running 18183_3_LDLRAP1_ARH.txt.gz.annotated.gz.exclusions.gz.alleles.gz
finished 18183_3_LDLRAP1_ARH.txt.gz.annotated.gz.exclusions.gz.alleles.gz
running 18184_28_GMPS_GUAA.txt.gz.annotated.gz.exclusions.gz.alleles.gz
finished 18184_28_GMPS_GUAA.txt.gz.annotated.gz.exclusions.gz.alleles.gz
running 18185_118_ALDOB_ALDOB.txt.gz.annotated.gz.exclusions.gz.alleles.gz
finished 18185_118_ALDOB_ALDOB.txt.gz.annotated.gz.exclusions.gz.alleles.gz
running 18186_15_TARS_SYTC.txt.gz.annotated.gz.exclusions.gz.alleles.gz
finished 18186_15_TARS_SYTC.txt.gz.annotated.gz.exclusions.gz.alleles.gz
running 18187_16_ASPA_ACY2.txt.gz.annotated.gz.exclusions.gz.alleles.gz
finished 18187_16_ASPA_ACY2.txt.gz.annotated.gz.exclusions.gz.alleles.gz
running 18188_12_GATM_GATM.txt.gz.annotated.gz.exclusions.gz.alleles.gz
finished 18188_12_GATM_GATM.txt.gz.annotated.gz.exclusions.gz.alleles.gz
running 18189_12_VPS25_VPS25.txt.gz.annotated.gz.exclusions.gz.alleles.gz
finished 18189_12_VPS25_VPS25.txt.gz.annotated.gz.exclusions.gz.alleles.gz
running 18190_15_CARD18_ICBR.txt.gz.annotated.gz.exclusions.gz.alleles.gz
finished 18190_15_CARD18_ICBR.txt.gz.annotated.gz.exclusions.gz.alleles.gz
running 18191_23_RANBP1_RANG.txt.gz.annotated.gz.exclusions.gz.alleles.gz
finished 18191_23_RANBP1_RANG.txt.gz.annotated.gz.exclusions.gz.alleles.gz
running 18192_69_MAGEA5_MAGE_5.txt.gz.annotated.gz.exclusions.gz.alleles.gz
finished 18192_69_MAGEA5_MAGE_5.txt.gz.annotated.gz.exclusions.gz.alleles.gz
running 18193_165_MORF4L1_MO4L1.txt.gz.annotated.gz.exclusions.gz.alleles.gz
finished 18193_165_MORF4L1_MO4L1.txt.gz.annotated.gz.exclusions.gz.alleles.gz
running 18194_18_FABP9_FABP9.txt.gz.annotated.gz.exclusions.gz.alleles.gz
finished 18194_18_FABP9_FABP9.txt.gz.annotated.gz.exclusions.gz.alleles.gz
running 18195_3_ORAOV1_ORAV1.txt.gz.annotated.gz.exclusions.gz.alleles.gz
finished 18195_3_ORAOV1_ORAV1.txt.gz.annotated.gz.exclusions.gz.alleles.gz
running 18197_97_CKMT2_KCRS.txt.gz.annotated.gz.exclusions.gz.alleles.gz
finished 18197_97_CKMT2_KCRS.txt.gz.annotated.gz.exclusions.gz.alleles.gz
running 18198_51_HBQ1_HBAT.txt.gz.annotated.gz.exclusions.gz.alleles.gz
finished 18198_51_HBQ1_HBAT.txt.gz.annotated.gz.exclusions.gz.alleles.gz
running 18202_22_CD37_CD37.txt.gz.annotated.gz.exclusions.gz.alleles.gz
finished 18202_22_CD37_CD37.txt.gz.annotated.gz.exclusions.gz.alleles.gz
running 18204_1_TCEA1_TCEA1.txt.gz.annotated.gz.exclusions.gz.alleles.gz
finished 18204_1_TCEA1_TCEA1.txt.gz.annotated.gz.exclusions.gz.alleles.gz
running 18205_123_MAGEA6_MAGE_6.txt.gz.annotated.gz.exclusions.gz.alleles.gz
finished 18205_123_MAGEA6_MAGE_6.txt.gz.annotated.gz.exclusions.gz.alleles.gz
running 18206_18_ADH6_ADH6.txt.gz.annotated.gz.exclusions.gz.alleles.gz
finished 18206_18_ADH6_ADH6.txt.gz.annotated.gz.exclusions.gz.alleles.gz
running 18208_3_CCNB2_CCNB2.txt.gz.annotated.gz.exclusions.gz.alleles.gz
finished 18208_3_CCNB2_CCNB2.txt.gz.annotated.gz.exclusions.gz.alleles.gz
running 18210_12_SPIN1_SPIN1.txt.gz.annotated.gz.exclusions.gz.alleles.gz
finished 18210_12_SPIN1_SPIN1.txt.gz.annotated.gz.exclusions.gz.alleles.gz
running 18213_30_UBE2F_UBE2F.txt.gz.annotated.gz.exclusions.gz.alleles.gz
finished 18213_30_UBE2F_UBE2F.txt.gz.annotated.gz.exclusions.gz.alleles.gz
running 18214_2_GCLM_GSH0.txt.gz.annotated.gz.exclusions.gz.alleles.gz
finished 18214_2_GCLM_GSH0.txt.gz.annotated.gz.exclusions.gz.alleles.gz
running 18215_5_THG1L_THG1.txt.gz.annotated.gz.exclusions.gz.alleles.gz
finished 18215_5_THG1L_THG1.txt.gz.annotated.gz.exclusions.gz.alleles.gz
running 18216_22_IL11RA_IL_11_RA.txt.gz.annotated.gz.exclusions.gz.alleles.gz
finished 18216_22_IL11RA_IL_11_RA.txt.gz.annotated.gz.exclusions.gz.alleles.gz
running 18218_48_CNRIP1_CB032.txt.gz.annotated.gz.exclusions.gz.alleles.gz
finished 18218_48_CNRIP1_CB032.txt.gz.annotated.gz.exclusions.gz.alleles.gz
running 18220_141_SRA1_SRA1.txt.gz.annotated.gz.exclusions.gz.alleles.gz
finished 18220_141_SRA1_SRA1.txt.gz.annotated.gz.exclusions.gz.alleles.gz
running 18222_34_SH3GLB2_SHLB2.txt.gz.annotated.gz.exclusions.gz.alleles.gz
finished 18222_34_SH3GLB2_SHLB2.txt.gz.annotated.gz.exclusions.gz.alleles.gz
running 18225_13_HEBP1_HEBP1.txt.gz.annotated.gz.exclusions.gz.alleles.gz
finished 18225_13_HEBP1_HEBP1.txt.gz.annotated.gz.exclusions.gz.alleles.gz
running 18226_148_COX5A_COX5A.txt.gz.annotated.gz.exclusions.gz.alleles.gz
finished 18226_148_COX5A_COX5A.txt.gz.annotated.gz.exclusions.gz.alleles.gz
running 18227_3_CDK2AP2_CDKA2.txt.gz.annotated.gz.exclusions.gz.alleles.gz
finished 18227_3_CDK2AP2_CDKA2.txt.gz.annotated.gz.exclusions.gz.alleles.gz
running 18228_30_NOP16_NOP16.txt.gz.annotated.gz.exclusions.gz.alleles.gz
finished 18228_30_NOP16_NOP16.txt.gz.annotated.gz.exclusions.gz.alleles.gz
running 18231_147_PRND_PRND.txt.gz.annotated.gz.exclusions.gz.alleles.gz
finished 18231_147_PRND_PRND.txt.gz.annotated.gz.exclusions.gz.alleles.gz
running 18232_42_PIP4K2B_PI42B.txt.gz.annotated.gz.exclusions.gz.alleles.gz
finished 18232_42_PIP4K2B_PI42B.txt.gz.annotated.gz.exclusions.gz.alleles.gz
running 18235_16_PGP_PGP.txt.gz.annotated.gz.exclusions.gz.alleles.gz
finished 18235_16_PGP_PGP.txt.gz.annotated.gz.exclusions.gz.alleles.gz
running 18236_3_HSPC159_LEGL.txt.gz.annotated.gz.exclusions.gz.alleles.gz
finished 18236_3_HSPC159_LEGL.txt.gz.annotated.gz.exclusions.gz.alleles.gz
running 18237_29_NRIP3_NRIP3.txt.gz.annotated.gz.exclusions.gz.alleles.gz
finished 18237_29_NRIP3_NRIP3.txt.gz.annotated.gz.exclusions.gz.alleles.gz
running 18240_6_OMP_OMP.txt.gz.annotated.gz.exclusions.gz.alleles.gz
finished 18240_6_OMP_OMP.txt.gz.annotated.gz.exclusions.gz.alleles.gz
running 18241_18_CPOX_HEM6.txt.gz.annotated.gz.exclusions.gz.alleles.gz
finished 18241_18_CPOX_HEM6.txt.gz.annotated.gz.exclusions.gz.alleles.gz
running 18242_8_SPA17_Sperm_protein_17.txt.gz.annotated.gz.exclusions.gz.alleles.gz
finished 18242_8_SPA17_Sperm_protein_17.txt.gz.annotated.gz.exclusions.gz.alleles.gz
running 18243_9_CMPK1_Cytidylate_kinase.txt.gz.annotated.gz.exclusions.gz.alleles.gz
finished 18243_9_CMPK1_Cytidylate_kinase.txt.gz.annotated.gz.exclusions.gz.alleles.gz
