running UFD1_Q92890_OID31486.gz
finished UFD1_Q92890_OID31486.gz
running UGDH_O60701_OID30081.gz
finished UGDH_O60701_OID30081.gz
running UHRF2_Q96PU4_OID30171.gz
finished UHRF2_Q96PU4_OID30171.gz
running ULBP2_Q9BZM5_OID20919.gz
finished ULBP2_Q9BZM5_OID20919.gz
running UMOD_P07911_OID20237.gz
finished UMOD_P07911_OID20237.gz
running UNC5D_Q6UXZ4_OID30447.gz
finished UNC5D_Q6UXZ4_OID30447.gz
running UNC79_Q9P2D8_OID31181.gz
finished UNC79_Q9P2D8_OID31181.gz
running UNG_P13051_OID31419.gz
finished UNG_P13051_OID31419.gz
running UPB1_Q9UBR1_OID30352.gz
finished UPB1_Q9UBR1_OID30352.gz
running UPK3A_O75631_OID30794.gz
finished UPK3A_O75631_OID30794.gz
running UPK3BL1_B0FP48_OID31281.gz
finished UPK3BL1_B0FP48_OID31281.gz
running UROD_P06132_OID30603.gz
finished UROD_P06132_OID30603.gz
running UROS_P10746_OID30964.gz
finished UROS_P10746_OID30964.gz
running USO1_O60763_OID21367.gz
finished USO1_O60763_OID21367.gz
running USP25_Q9UHP3_OID31428.gz
finished USP25_Q9UHP3_OID31428.gz
running USP28_Q96RU2_OID31084.gz
finished USP28_Q96RU2_OID31084.gz
running USP47_Q96K76_OID30119.gz
finished USP47_Q96K76_OID30119.gz
running USP8_P40818_OID20110.gz
finished USP8_P40818_OID20110.gz
running UXS1_Q8NBZ7_OID21189.gz
finished UXS1_Q8NBZ7_OID21189.gz
running VAMP5_O95183_OID20071.gz
finished VAMP5_O95183_OID20071.gz
running VAMP8_Q9BV40_OID30555.gz
finished VAMP8_Q9BV40_OID30555.gz
running VASH1_Q7L8A9_OID20516.gz
finished VASH1_Q7L8A9_OID20516.gz
running VASN_Q6EMK4_OID20345.gz
finished VASN_Q6EMK4_OID20345.gz
running VASP_P50552_OID30692.gz
finished VASP_P50552_OID30692.gz
running VAT1_Q99536_OID21382.gz
finished VAT1_Q99536_OID21382.gz
running VAV3_Q9UKW4_OID30795.gz
finished VAV3_Q9UKW4_OID30795.gz
running VCAM1_P19320_OID20396.gz
grep: write error: No space left on device
finished VCAM1_P19320_OID20396.gz
running VCAN_P13611_OID21026.gz
finished VCAN_P13611_OID21026.gz
running VCPKMT_Q9H867_OID31179.gz
finished VCPKMT_Q9H867_OID31179.gz
running VEGFA_P15692_OID20650.gz
finished VEGFA_P15692_OID20650.gz
running VEGFB_P49765_OID30554.gz
finished VEGFB_P49765_OID30554.gz
running VEGFC_P49767_OID21524.gz
finished VEGFC_P49767_OID21524.gz
running VEGFD_O43915_OID20662.gz
finished VEGFD_O43915_OID20662.gz
running VGF_O15240_OID31067.gz
finished VGF_O15240_OID31067.gz
running VIM_P08670_OID20053.gz
finished VIM_P08670_OID20053.gz
running VIPR1_P32241_OID30193.gz
finished VIPR1_P32241_OID30193.gz
running VIT_Q6UXI7_OID30334.gz
finished VIT_Q6UXI7_OID30334.gz
running VMO1_Q7Z5L0_OID21381.gz
finished VMO1_Q7Z5L0_OID21381.gz
running VNN1_O95497_OID30711.gz
finished VNN1_O95497_OID30711.gz
running VNN2_O95498_OID21310.gz
finished VNN2_O95498_OID21310.gz
running VPS28_Q9UK41_OID31273.gz
finished VPS28_Q9UK41_OID31273.gz
running VPS37A_Q8NEZ2_OID21355.gz
finished VPS37A_Q8NEZ2_OID21355.gz
running VPS4B_O75351_OID31386.gz
finished VPS4B_O75351_OID31386.gz
running VPS53_Q5VIR6_OID21281.gz
finished VPS53_Q5VIR6_OID21281.gz
running VSIG10L_Q86VR7_OID30189.gz
finished VSIG10L_Q86VR7_OID30189.gz
running VSIG10_Q8N0Z9_OID31400.gz
finished VSIG10_Q8N0Z9_OID31400.gz
running VSIG2_Q96IQ7_OID31371.gz
finished VSIG2_Q96IQ7_OID31371.gz
running VSIG4_Q9Y279_OID21144.gz
finished VSIG4_Q9Y279_OID21144.gz
running VSIR_Q9H7M9_OID20131.gz
finished VSIR_Q9H7M9_OID20131.gz
running VSNL1_P62760_OID31105.gz
finished VSNL1_P62760_OID31105.gz
running VSTM1_Q6UX27_OID20851.gz
finished VSTM1_Q6UX27_OID20851.gz
running VSTM2B_A6NLU5_OID31272.gz
finished VSTM2B_A6NLU5_OID31272.gz
running VSTM2L_Q96N03_OID20067.gz
finished VSTM2L_Q96N03_OID20067.gz
running VTA1_Q9NP79_OID21016.gz
finished VTA1_Q9NP79_OID21016.gz
running VTCN1_Q7Z7D3_OID21164.gz
finished VTCN1_Q7Z7D3_OID21164.gz
running VTI1A_Q96AJ9_OID30640.gz
finished VTI1A_Q96AJ9_OID30640.gz
running VWA1_Q6PCB0_OID21421.gz
finished VWA1_Q6PCB0_OID21421.gz
running VWA5A_O00534_OID31198.gz
finished VWA5A_O00534_OID31198.gz
running VWC2L_B2RUY7_OID31002.gz
finished VWC2L_B2RUY7_OID31002.gz
running VWC2_Q2TAL6_OID20936.gz
finished VWC2_Q2TAL6_OID20936.gz
running VWF_P04275_OID20256.gz
finished VWF_P04275_OID20256.gz
running WARS_P23381_OID21084.gz
finished WARS_P23381_OID21084.gz
running WASF1_Q92558_OID20091.gz
finished WASF1_Q92558_OID20091.gz
running WASF3_Q9UPY6_OID20882.gz
finished WASF3_Q9UPY6_OID20882.gz
running WASHC3_Q9Y3C0_OID31123.gz
finished WASHC3_Q9Y3C0_OID31123.gz
running WASL_O00401_OID30467.gz
finished WASL_O00401_OID30467.gz
running WAS_P42768_OID20479.gz
finished WAS_P42768_OID20479.gz
running WDR46_O15213_OID31389.gz
finished WDR46_O15213_OID31389.gz
running WFDC12_Q8WWY7_OID21462.gz
finished WFDC12_Q8WWY7_OID21462.gz
running WFDC1_Q9HC57_OID31366.gz
finished WFDC1_Q9HC57_OID31366.gz
running WFDC2_Q14508_OID21505.gz
finished WFDC2_Q14508_OID21505.gz
running WFIKKN1_Q96NZ8_OID20939.gz
finished WFIKKN1_Q96NZ8_OID20939.gz
running WFIKKN2_Q8TEU8_OID20785.gz
finished WFIKKN2_Q8TEU8_OID20785.gz
running WIF1_Q9Y5W5_OID21464.gz
finished WIF1_Q9Y5W5_OID21464.gz
running WNT9A_O14904_OID20460.gz
finished WNT9A_O14904_OID20460.gz
running WWP2_O00308_OID20926.gz
finished WWP2_O00308_OID20926.gz
running XCL1_P47992_OID21398.gz
finished XCL1_P47992_OID21398.gz
running XG_P55808_OID20259.gz
finished XG_P55808_OID20259.gz
running XIAP_P98170_OID30490.gz
finished XIAP_P98170_OID30490.gz
running XPNPEP2_O43895_OID21508.gz
finished XPNPEP2_O43895_OID21508.gz
running XRCC4_Q13426_OID20869.gz
finished XRCC4_Q13426_OID20869.gz
running YAP1_P46937_OID31113.gz
finished YAP1_P46937_OID31113.gz
running YARS1_P54577_OID31494.gz
finished YARS1_P54577_OID31494.gz
running YES1_P07947_OID21348.gz
finished YES1_P07947_OID21348.gz
running YJU2_Q9BW85_OID31404.gz
finished YJU2_Q9BW85_OID31404.gz
running YOD1_Q5VVQ6_OID30181.gz
finished YOD1_Q5VVQ6_OID30181.gz
running YTHDF3_Q7Z739_OID20478.gz
finished YTHDF3_Q7Z739_OID20478.gz
running YWHAQ_P27348_OID30605.gz
finished YWHAQ_P27348_OID30605.gz
running YY1_P25490_OID30446.gz
finished YY1_P25490_OID30446.gz
running ZBP1_Q9H171_OID30526.gz
finished ZBP1_Q9H171_OID30526.gz
running ZBTB16_Q05516_OID21205.gz
finished ZBTB16_Q05516_OID21205.gz
running ZBTB17_Q13105_OID20082.gz
finished ZBTB17_Q13105_OID20082.gz
running ZCCHC8_Q6NZY4_OID30117.gz
finished ZCCHC8_Q6NZY4_OID30117.gz
running ZFYVE19_Q96K21_OID31452.gz
finished ZFYVE19_Q96K21_OID31452.gz
running ZHX2_Q9Y6X8_OID31140.gz
finished ZHX2_Q9Y6X8_OID31140.gz
running ZNF174_Q15697_OID30508.gz
finished ZNF174_Q15697_OID30508.gz
running ZNF75D_P51815_OID31303.gz
finished ZNF75D_P51815_OID31303.gz
running ZNF830_Q96NB3_OID31350.gz
finished ZNF830_Q96NB3_OID31350.gz
running ZNRD2_O60232_OID31450.gz
finished ZNRD2_O60232_OID31450.gz
running ZNRF4_Q8WWF5_OID31347.gz
finished ZNRF4_Q8WWF5_OID31347.gz
running ZP3_P21754_OID30265.gz
finished ZP3_P21754_OID30265.gz
running ZP4_Q12836_OID31185.gz
finished ZP4_Q12836_OID31185.gz
running ZPR1_O75312_OID30801.gz
finished ZPR1_O75312_OID30801.gz
running 10000_28_CRYBB2_CRBB2.txt.gz.annotated.gz.exclusions.gz.alleles.gz
finished 10000_28_CRYBB2_CRBB2.txt.gz.annotated.gz.exclusions.gz.alleles.gz
running 10001_7_RAF1_c_Raf.txt.gz.annotated.gz.exclusions.gz.alleles.gz
finished 10001_7_RAF1_c_Raf.txt.gz.annotated.gz.exclusions.gz.alleles.gz
running 10003_15_ZNF41_ZNF41.txt.gz.annotated.gz.exclusions.gz.alleles.gz
finished 10003_15_ZNF41_ZNF41.txt.gz.annotated.gz.exclusions.gz.alleles.gz
running 10006_25_ELK1_ELK1.txt.gz.annotated.gz.exclusions.gz.alleles.gz
finished 10006_25_ELK1_ELK1.txt.gz.annotated.gz.exclusions.gz.alleles.gz
running 10008_43_GUCA1A_GUC1A.txt.gz.annotated.gz.exclusions.gz.alleles.gz
finished 10008_43_GUCA1A_GUC1A.txt.gz.annotated.gz.exclusions.gz.alleles.gz
running 10011_65_OCRL_OCRL.txt.gz.annotated.gz.exclusions.gz.alleles.gz
finished 10011_65_OCRL_OCRL.txt.gz.annotated.gz.exclusions.gz.alleles.gz
