running 5638_23_COLGALT1_GT251.txt.gz.annotated.gz.exclusions.gz.alleles.gz
finished 5638_23_COLGALT1_GT251.txt.gz.annotated.gz.exclusions.gz.alleles.gz
running 5639_49_NETO1_NETO1.txt.gz.annotated.gz.exclusions.gz.alleles.gz
finished 5639_49_NETO1_NETO1.txt.gz.annotated.gz.exclusions.gz.alleles.gz
running 5643_2_LCN8_LCN8.txt.gz.annotated.gz.exclusions.gz.alleles.gz
finished 5643_2_LCN8_LCN8.txt.gz.annotated.gz.exclusions.gz.alleles.gz
running 5644_60_RNASE4_RNAS4.txt.gz.annotated.gz.exclusions.gz.alleles.gz
finished 5644_60_RNASE4_RNAS4.txt.gz.annotated.gz.exclusions.gz.alleles.gz
running 5646_20_RNASE6_RNAS6.txt.gz.annotated.gz.exclusions.gz.alleles.gz
finished 5646_20_RNASE6_RNAS6.txt.gz.annotated.gz.exclusions.gz.alleles.gz
running 5648_28_CTRB2_CTRB2.txt.gz.annotated.gz.exclusions.gz.alleles.gz
finished 5648_28_CTRB2_CTRB2.txt.gz.annotated.gz.exclusions.gz.alleles.gz
running 5649_83_PSG4_PSG4.txt.gz.annotated.gz.exclusions.gz.alleles.gz
finished 5649_83_PSG4_PSG4.txt.gz.annotated.gz.exclusions.gz.alleles.gz
running 5650_9_PDIA6_PDIA6.txt.gz.annotated.gz.exclusions.gz.alleles.gz
finished 5650_9_PDIA6_PDIA6.txt.gz.annotated.gz.exclusions.gz.alleles.gz
running 5651_50_PSG7_PSG7.txt.gz.annotated.gz.exclusions.gz.alleles.gz
finished 5651_50_PSG7_PSG7.txt.gz.annotated.gz.exclusions.gz.alleles.gz
running 5653_23_PRSS37_PRS37.txt.gz.annotated.gz.exclusions.gz.alleles.gz
finished 5653_23_PRSS37_PRS37.txt.gz.annotated.gz.exclusions.gz.alleles.gz
running 5654_70_TMX3_TMX3.txt.gz.annotated.gz.exclusions.gz.alleles.gz
finished 5654_70_TMX3_TMX3.txt.gz.annotated.gz.exclusions.gz.alleles.gz
running 5656_53_ENDOU_PP11.txt.gz.annotated.gz.exclusions.gz.alleles.gz
finished 5656_53_ENDOU_PP11.txt.gz.annotated.gz.exclusions.gz.alleles.gz
running 5657_28_ST3GAL1_SIA4A.txt.gz.annotated.gz.exclusions.gz.alleles.gz
finished 5657_28_ST3GAL1_SIA4A.txt.gz.annotated.gz.exclusions.gz.alleles.gz
running 5658_64_F13B_coagulation_factor_XIII_B.txt.gz.annotated.gz.exclusions.gz.alleles.gz
finished 5658_64_F13B_coagulation_factor_XIII_B.txt.gz.annotated.gz.exclusions.gz.alleles.gz
running 5659_11_TRH_TRH.txt.gz.annotated.gz.exclusions.gz.alleles.gz
finished 5659_11_TRH_TRH.txt.gz.annotated.gz.exclusions.gz.alleles.gz
running 5660_51_SOD3_SOD3.txt.gz.annotated.gz.exclusions.gz.alleles.gz
finished 5660_51_SOD3_SOD3.txt.gz.annotated.gz.exclusions.gz.alleles.gz
running 5661_15_IL18_IL_18.txt.gz.annotated.gz.exclusions.gz.alleles.gz
finished 5661_15_IL18_IL_18.txt.gz.annotated.gz.exclusions.gz.alleles.gz
running 5663_18_PF4V1_PF4V.txt.gz.annotated.gz.exclusions.gz.alleles.gz
finished 5663_18_PF4V1_PF4V.txt.gz.annotated.gz.exclusions.gz.alleles.gz
running 5664_57_DEFB106A_D106A.txt.gz.annotated.gz.exclusions.gz.alleles.gz
finished 5664_57_DEFB106A_D106A.txt.gz.annotated.gz.exclusions.gz.alleles.gz
running 5667_3_SEMA3B_SEM3B.txt.gz.annotated.gz.exclusions.gz.alleles.gz
finished 5667_3_SEMA3B_SEM3B.txt.gz.annotated.gz.exclusions.gz.alleles.gz
running 5669_26_SIRPB2_SIRB2.txt.gz.annotated.gz.exclusions.gz.alleles.gz
finished 5669_26_SIRPB2_SIRB2.txt.gz.annotated.gz.exclusions.gz.alleles.gz
running 5671_1_CTRB1_Chymotrypsin.txt.gz.annotated.gz.exclusions.gz.alleles.gz
finished 5671_1_CTRB1_Chymotrypsin.txt.gz.annotated.gz.exclusions.gz.alleles.gz
running 5676_54_ASIP_ASIP.txt.gz.annotated.gz.exclusions.gz.alleles.gz
finished 5676_54_ASIP_ASIP.txt.gz.annotated.gz.exclusions.gz.alleles.gz
running 5677_15_C2orf66_CB066.txt.gz.annotated.gz.exclusions.gz.alleles.gz
finished 5677_15_C2orf66_CB066.txt.gz.annotated.gz.exclusions.gz.alleles.gz
running 5679_16_DEFB103A_HBD_3.txt.gz.annotated.gz.exclusions.gz.alleles.gz
finished 5679_16_DEFB103A_HBD_3.txt.gz.annotated.gz.exclusions.gz.alleles.gz
running 5680_54_OBP2B_OBP2B.txt.gz.annotated.gz.exclusions.gz.alleles.gz
finished 5680_54_OBP2B_OBP2B.txt.gz.annotated.gz.exclusions.gz.alleles.gz
running 5682_13_VASN_VASN.txt.gz.annotated.gz.exclusions.gz.alleles.gz
finished 5682_13_VASN_VASN.txt.gz.annotated.gz.exclusions.gz.alleles.gz
running 5687_5_PRKCSH_GLU2B.txt.gz.annotated.gz.exclusions.gz.alleles.gz
finished 5687_5_PRKCSH_GLU2B.txt.gz.annotated.gz.exclusions.gz.alleles.gz
running 5688_65_CBLN4_CBLN4.txt.gz.annotated.gz.exclusions.gz.alleles.gz
finished 5688_65_CBLN4_CBLN4.txt.gz.annotated.gz.exclusions.gz.alleles.gz
running 5689_1_DEFB112_DB112.txt.gz.annotated.gz.exclusions.gz.alleles.gz
finished 5689_1_DEFB112_DB112.txt.gz.annotated.gz.exclusions.gz.alleles.gz
running 5690_49_TUFT1_TUFT1.txt.gz.annotated.gz.exclusions.gz.alleles.gz
finished 5690_49_TUFT1_TUFT1.txt.gz.annotated.gz.exclusions.gz.alleles.gz
running 5691_2_CRISPLD2_CRLD2.txt.gz.annotated.gz.exclusions.gz.alleles.gz
finished 5691_2_CRISPLD2_CRLD2.txt.gz.annotated.gz.exclusions.gz.alleles.gz
running 5698_60_TNXB_Tenascin_X.txt.gz.annotated.gz.exclusions.gz.alleles.gz
finished 5698_60_TNXB_Tenascin_X.txt.gz.annotated.gz.exclusions.gz.alleles.gz
running 5701_81_CLEC3B_Tetranectin.txt.gz.annotated.gz.exclusions.gz.alleles.gz
finished 5701_81_CLEC3B_Tetranectin.txt.gz.annotated.gz.exclusions.gz.alleles.gz
running 5703_26_OLFM1_NOE1.txt.gz.annotated.gz.exclusions.gz.alleles.gz
finished 5703_26_OLFM1_NOE1.txt.gz.annotated.gz.exclusions.gz.alleles.gz
running 5704_74_GZMM_Granzyme_M.txt.gz.annotated.gz.exclusions.gz.alleles.gz
finished 5704_74_GZMM_Granzyme_M.txt.gz.annotated.gz.exclusions.gz.alleles.gz
running 5707_55_ELK3_ELK3.txt.gz.annotated.gz.exclusions.gz.alleles.gz
finished 5707_55_ELK3_ELK3.txt.gz.annotated.gz.exclusions.gz.alleles.gz
running 5708_1_LEAP2_LEAP2.txt.gz.annotated.gz.exclusions.gz.alleles.gz
finished 5708_1_LEAP2_LEAP2.txt.gz.annotated.gz.exclusions.gz.alleles.gz
running 5713_9_IFNL3_IFN_lambda_3.txt.gz.annotated.gz.exclusions.gz.alleles.gz
finished 5713_9_IFNL3_IFN_lambda_3.txt.gz.annotated.gz.exclusions.gz.alleles.gz
running 5714_88_IFNA6_IFNA6.txt.gz.annotated.gz.exclusions.gz.alleles.gz
finished 5714_88_IFNA6_IFNA6.txt.gz.annotated.gz.exclusions.gz.alleles.gz
running 5715_4_ABHD14A_ABHEA.txt.gz.annotated.gz.exclusions.gz.alleles.gz
finished 5715_4_ABHD14A_ABHEA.txt.gz.annotated.gz.exclusions.gz.alleles.gz
running 5716_49_CSAG1_CSAG1.txt.gz.annotated.gz.exclusions.gz.alleles.gz
finished 5716_49_CSAG1_CSAG1.txt.gz.annotated.gz.exclusions.gz.alleles.gz
running 5717_2_CILP_CILP.txt.gz.annotated.gz.exclusions.gz.alleles.gz
finished 5717_2_CILP_CILP.txt.gz.annotated.gz.exclusions.gz.alleles.gz
running 5719_66_FAM189A2_CI061.txt.gz.annotated.gz.exclusions.gz.alleles.gz
finished 5719_66_FAM189A2_CI061.txt.gz.annotated.gz.exclusions.gz.alleles.gz
running 5722_78_PRCP_Prolylcarboxypeptidase.txt.gz.annotated.gz.exclusions.gz.alleles.gz
finished 5722_78_PRCP_Prolylcarboxypeptidase.txt.gz.annotated.gz.exclusions.gz.alleles.gz
running 5723_4_INSL3_INSL3.txt.gz.annotated.gz.exclusions.gz.alleles.gz
finished 5723_4_INSL3_INSL3.txt.gz.annotated.gz.exclusions.gz.alleles.gz
running 5724_58_SBSN_SBSN.txt.gz.annotated.gz.exclusions.gz.alleles.gz
finished 5724_58_SBSN_SBSN.txt.gz.annotated.gz.exclusions.gz.alleles.gz
running 5726_49_SPAG11A_SG11A.txt.gz.annotated.gz.exclusions.gz.alleles.gz
finished 5726_49_SPAG11A_SG11A.txt.gz.annotated.gz.exclusions.gz.alleles.gz
running 5727_35_B3GALTL_B3GLT.txt.gz.annotated.gz.exclusions.gz.alleles.gz
finished 5727_35_B3GALTL_B3GLT.txt.gz.annotated.gz.exclusions.gz.alleles.gz
running 5728_60_FCRL1_FCRL1.txt.gz.annotated.gz.exclusions.gz.alleles.gz
finished 5728_60_FCRL1_FCRL1.txt.gz.annotated.gz.exclusions.gz.alleles.gz
running 5730_60_CXCL14_BRAK.txt.gz.annotated.gz.exclusions.gz.alleles.gz
finished 5730_60_CXCL14_BRAK.txt.gz.annotated.gz.exclusions.gz.alleles.gz
running 5731_1_SPINK6_ISK6.txt.gz.annotated.gz.exclusions.gz.alleles.gz
finished 5731_1_SPINK6_ISK6.txt.gz.annotated.gz.exclusions.gz.alleles.gz
running 5734_13_PVRL4_nectin_4.txt.gz.annotated.gz.exclusions.gz.alleles.gz
finished 5734_13_PVRL4_nectin_4.txt.gz.annotated.gz.exclusions.gz.alleles.gz
running 5735_54_C1GALT1C1_C1GLC.txt.gz.annotated.gz.exclusions.gz.alleles.gz
finished 5735_54_C1GALT1C1_C1GLC.txt.gz.annotated.gz.exclusions.gz.alleles.gz
running 5736_1_TREML2_TRML2.txt.gz.annotated.gz.exclusions.gz.alleles.gz
finished 5736_1_TREML2_TRML2.txt.gz.annotated.gz.exclusions.gz.alleles.gz
running 5737_61_SEMA4D_SEM4D.txt.gz.annotated.gz.exclusions.gz.alleles.gz
finished 5737_61_SEMA4D_SEM4D.txt.gz.annotated.gz.exclusions.gz.alleles.gz
running 5739_75_KRTDAP_KTDAP.txt.gz.annotated.gz.exclusions.gz.alleles.gz
finished 5739_75_KRTDAP_KTDAP.txt.gz.annotated.gz.exclusions.gz.alleles.gz
running 5740_17_ROBO1_ROBO1.txt.gz.annotated.gz.exclusions.gz.alleles.gz
finished 5740_17_ROBO1_ROBO1.txt.gz.annotated.gz.exclusions.gz.alleles.gz
running 5742_14_ACP6_PPA6.txt.gz.annotated.gz.exclusions.gz.alleles.gz
finished 5742_14_ACP6_PPA6.txt.gz.annotated.gz.exclusions.gz.alleles.gz
running 5743_82_CARTPT_CART.txt.gz.annotated.gz.exclusions.gz.alleles.gz
finished 5743_82_CARTPT_CART.txt.gz.annotated.gz.exclusions.gz.alleles.gz
running 5744_12_MENT_CA056.txt.gz.annotated.gz.exclusions.gz.alleles.gz
finished 5744_12_MENT_CA056.txt.gz.annotated.gz.exclusions.gz.alleles.gz
running 5745_64_PI15_PI15.txt.gz.annotated.gz.exclusions.gz.alleles.gz
finished 5745_64_PI15_PI15.txt.gz.annotated.gz.exclusions.gz.alleles.gz
running 5748_20_ASAH1_Acid_ceramidase.txt.gz.annotated.gz.exclusions.gz.alleles.gz
finished 5748_20_ASAH1_Acid_ceramidase.txt.gz.annotated.gz.exclusions.gz.alleles.gz
running 5749_53_CLPS_COL.txt.gz.annotated.gz.exclusions.gz.alleles.gz
finished 5749_53_CLPS_COL.txt.gz.annotated.gz.exclusions.gz.alleles.gz
running 5751_14_LETMD1_HCCR_1.txt.gz.annotated.gz.exclusions.gz.alleles.gz
finished 5751_14_LETMD1_HCCR_1.txt.gz.annotated.gz.exclusions.gz.alleles.gz
running 5752_63_SUSD3_SUSD3.txt.gz.annotated.gz.exclusions.gz.alleles.gz
finished 5752_63_SUSD3_SUSD3.txt.gz.annotated.gz.exclusions.gz.alleles.gz
running 5753_21_FAM19A1_F19A1.txt.gz.annotated.gz.exclusions.gz.alleles.gz
finished 5753_21_FAM19A1_F19A1.txt.gz.annotated.gz.exclusions.gz.alleles.gz
running 5754_76_INSL6_INSL6.txt.gz.annotated.gz.exclusions.gz.alleles.gz
finished 5754_76_INSL6_INSL6.txt.gz.annotated.gz.exclusions.gz.alleles.gz
running 5755_29_GIP_GIP.txt.gz.annotated.gz.exclusions.gz.alleles.gz
finished 5755_29_GIP_GIP.txt.gz.annotated.gz.exclusions.gz.alleles.gz
running 5756_66_PAPPA2_PAPP2.txt.gz.annotated.gz.exclusions.gz.alleles.gz
finished 5756_66_PAPPA2_PAPP2.txt.gz.annotated.gz.exclusions.gz.alleles.gz
running 5757_45_GNAS_GNAS3.txt.gz.annotated.gz.exclusions.gz.alleles.gz
finished 5757_45_GNAS_GNAS3.txt.gz.annotated.gz.exclusions.gz.alleles.gz
running 5758_49_KLK9_kallikrein_9.txt.gz.annotated.gz.exclusions.gz.alleles.gz
finished 5758_49_KLK9_kallikrein_9.txt.gz.annotated.gz.exclusions.gz.alleles.gz
running 5762_35_SPAG11B_Sperm_associated_antigen_11.txt.gz.annotated.gz.exclusions.gz.alleles.gz
finished 5762_35_SPAG11B_Sperm_associated_antigen_11.txt.gz.annotated.gz.exclusions.gz.alleles.gz
running 5763_67_DEFB104A_HBD_4.txt.gz.annotated.gz.exclusions.gz.alleles.gz
finished 5763_67_DEFB104A_HBD_4.txt.gz.annotated.gz.exclusions.gz.alleles.gz
running 5764_4_GALNT2_GALT2.txt.gz.annotated.gz.exclusions.gz.alleles.gz
finished 5764_4_GALNT2_GALT2.txt.gz.annotated.gz.exclusions.gz.alleles.gz
running 5765_53_DEFB121_DB121.txt.gz.annotated.gz.exclusions.gz.alleles.gz
finished 5765_53_DEFB121_DB121.txt.gz.annotated.gz.exclusions.gz.alleles.gz
running 5792_8_AFP_AFP.txt.gz.annotated.gz.exclusions.gz.alleles.gz
finished 5792_8_AFP_AFP.txt.gz.annotated.gz.exclusions.gz.alleles.gz
running 5798_3_BID_BID.txt.gz.annotated.gz.exclusions.gz.alleles.gz
finished 5798_3_BID_BID.txt.gz.annotated.gz.exclusions.gz.alleles.gz
running 5801_72_NGF_b_NGF.txt.gz.annotated.gz.exclusions.gz.alleles.gz
finished 5801_72_NGF_b_NGF.txt.gz.annotated.gz.exclusions.gz.alleles.gz
running 5803_24_C3_C3d.txt.gz.annotated.gz.exclusions.gz.alleles.gz
finished 5803_24_C3_C3d.txt.gz.annotated.gz.exclusions.gz.alleles.gz
