running TRIM40_Q6P9F5_OID30885.gz
finished TRIM40_Q6P9F5_OID30885.gz
running TRIM58_Q8NG06_OID31429.gz
finished TRIM58_Q8NG06_OID31429.gz
running TRIM5_Q9C035_OID20526.gz
finished TRIM5_Q9C035_OID20526.gz
running TRPV3_Q8NET8_OID30128.gz
finished TRPV3_Q8NET8_OID30128.gz
running TSC1_Q92574_OID30478.gz
finished TSC1_Q92574_OID30478.gz
running TSC22D1_Q15714_OID31016.gz
finished TSC22D1_Q15714_OID31016.gz
running TSHB_P01222_OID20129.gz
finished TSHB_P01222_OID20129.gz
running TSLP_Q969D9_OID20056.gz
finished TSLP_Q969D9_OID20056.gz
running TSNAX_Q99598_OID30185.gz
finished TSNAX_Q99598_OID30185.gz
running TSPAN15_O95858_OID30095.gz
finished TSPAN15_O95858_OID30095.gz
running TSPAN1_O60635_OID20078.gz
finished TSPAN1_O60635_OID20078.gz
running TSPAN7_P41732_OID30810.gz
finished TSPAN7_P41732_OID30810.gz
running TSPAN8_P19075_OID31470.gz
finished TSPAN8_P19075_OID31470.gz
running TSPYL1_Q9H0U9_OID30512.gz
finished TSPYL1_Q9H0U9_OID30512.gz
running TST_Q16762_OID20868.gz
finished TST_Q16762_OID20868.gz
running TTF2_Q9UNY4_OID30942.gz
finished TTF2_Q9UNY4_OID30942.gz
running TTN_Q8WZ42_OID30108.gz
finished TTN_Q8WZ42_OID30108.gz
running TTR_P02766_OID30782.gz
finished TTR_P02766_OID30782.gz
running TUBB3_Q13509_OID30799.gz
finished TUBB3_Q13509_OID30799.gz
running TWF2_Q6IBS0_OID30386.gz
finished TWF2_Q6IBS0_OID30386.gz
running TXK_P42681_OID31262.gz
finished TXK_P42681_OID31262.gz
running TXLNA_P40222_OID20952.gz
finished TXLNA_P40222_OID20952.gz
running TXNDC15_Q96J42_OID21495.gz
finished TXNDC15_Q96J42_OID21495.gz
running TXNDC5_Q8NBS9_OID21012.gz
finished TXNDC5_Q8NBS9_OID21012.gz
running TXNDC9_O14530_OID31121.gz
finished TXNDC9_O14530_OID31121.gz
running TXNL1_O43396_OID30872.gz
finished TXNL1_O43396_OID30872.gz
running TXN_P10599_OID30670.gz
finished TXN_P10599_OID30670.gz
running TXNRD1_Q16881_OID21135.gz
finished TXNRD1_Q16881_OID21135.gz
running TYMP_P19971_OID20234.gz
finished TYMP_P19971_OID20234.gz
running TYRO3_Q06418_OID20161.gz
finished TYRO3_Q06418_OID20161.gz
running TYRP1_P17643_OID30517.gz
finished TYRP1_P17643_OID30517.gz
running UBAC1_Q9BSL1_OID21336.gz
finished UBAC1_Q9BSL1_OID21336.gz
running UBE2B_P63146_OID31368.gz
finished UBE2B_P63146_OID31368.gz
running UBE2L6_O14933_OID30321.gz
finished UBE2L6_O14933_OID30321.gz
running UBE2Z_Q9H832_OID30427.gz
finished UBE2Z_Q9H832_OID30427.gz
running UBQLN3_Q9H347_OID30096.gz
finished UBQLN3_Q9H347_OID30096.gz
running UBXN1_Q04323_OID30654.gz
finished UBXN1_Q04323_OID30654.gz
running UFD1_Q92890_OID31486.gz
finished UFD1_Q92890_OID31486.gz
running UGDH_O60701_OID30081.gz
finished UGDH_O60701_OID30081.gz
running UHRF2_Q96PU4_OID30171.gz
finished UHRF2_Q96PU4_OID30171.gz
running ULBP2_Q9BZM5_OID20919.gz
finished ULBP2_Q9BZM5_OID20919.gz
running UMOD_P07911_OID20237.gz
finished UMOD_P07911_OID20237.gz
running UNC5D_Q6UXZ4_OID30447.gz
finished UNC5D_Q6UXZ4_OID30447.gz
running UNC79_Q9P2D8_OID31181.gz
finished UNC79_Q9P2D8_OID31181.gz
running UNG_P13051_OID31419.gz
finished UNG_P13051_OID31419.gz
running UPB1_Q9UBR1_OID30352.gz
finished UPB1_Q9UBR1_OID30352.gz
running UPK3A_O75631_OID30794.gz
finished UPK3A_O75631_OID30794.gz
running UPK3BL1_B0FP48_OID31281.gz
finished UPK3BL1_B0FP48_OID31281.gz
running UROD_P06132_OID30603.gz
finished UROD_P06132_OID30603.gz
running UROS_P10746_OID30964.gz
finished UROS_P10746_OID30964.gz
running USO1_O60763_OID21367.gz
finished USO1_O60763_OID21367.gz
running USP25_Q9UHP3_OID31428.gz
finished USP25_Q9UHP3_OID31428.gz
running USP28_Q96RU2_OID31084.gz
finished USP28_Q96RU2_OID31084.gz
running USP47_Q96K76_OID30119.gz
finished USP47_Q96K76_OID30119.gz
running USP8_P40818_OID20110.gz
finished USP8_P40818_OID20110.gz
running UXS1_Q8NBZ7_OID21189.gz
finished UXS1_Q8NBZ7_OID21189.gz
running VAMP5_O95183_OID20071.gz
finished VAMP5_O95183_OID20071.gz
running VAMP8_Q9BV40_OID30555.gz
finished VAMP8_Q9BV40_OID30555.gz
running VASH1_Q7L8A9_OID20516.gz
finished VASH1_Q7L8A9_OID20516.gz
running VASN_Q6EMK4_OID20345.gz
finished VASN_Q6EMK4_OID20345.gz
running VASP_P50552_OID30692.gz
finished VASP_P50552_OID30692.gz
running VAT1_Q99536_OID21382.gz
finished VAT1_Q99536_OID21382.gz
running VAV3_Q9UKW4_OID30795.gz
finished VAV3_Q9UKW4_OID30795.gz
running VCAM1_P19320_OID20396.gz
finished VCAM1_P19320_OID20396.gz
running VCAN_P13611_OID21026.gz
finished VCAN_P13611_OID21026.gz
running VCPKMT_Q9H867_OID31179.gz
finished VCPKMT_Q9H867_OID31179.gz
running VEGFA_P15692_OID20650.gz
finished VEGFA_P15692_OID20650.gz
running VEGFB_P49765_OID30554.gz
finished VEGFB_P49765_OID30554.gz
running VEGFC_P49767_OID21524.gz
finished VEGFC_P49767_OID21524.gz
running VEGFD_O43915_OID20662.gz
finished VEGFD_O43915_OID20662.gz
running VGF_O15240_OID31067.gz
finished VGF_O15240_OID31067.gz
running VIM_P08670_OID20053.gz
finished VIM_P08670_OID20053.gz
running VIPR1_P32241_OID30193.gz
finished VIPR1_P32241_OID30193.gz
running VIT_Q6UXI7_OID30334.gz
finished VIT_Q6UXI7_OID30334.gz
running VMO1_Q7Z5L0_OID21381.gz
finished VMO1_Q7Z5L0_OID21381.gz
running VNN1_O95497_OID30711.gz
finished VNN1_O95497_OID30711.gz
running VNN2_O95498_OID21310.gz
finished VNN2_O95498_OID21310.gz
running VPS28_Q9UK41_OID31273.gz
finished VPS28_Q9UK41_OID31273.gz
running VPS37A_Q8NEZ2_OID21355.gz
finished VPS37A_Q8NEZ2_OID21355.gz
running VPS4B_O75351_OID31386.gz
finished VPS4B_O75351_OID31386.gz
