running SMAD5_Q99717_OID21353.gz
finished SMAD5_Q99717_OID21353.gz
running SMARCA2_P51531_OID20796.gz
finished SMARCA2_P51531_OID20796.gz
running SMC3_Q9UQE7_OID31195.gz
finished SMC3_Q9UQE7_OID31195.gz
running SMNDC1_O75940_OID31471.gz
finished SMNDC1_O75940_OID31471.gz
running SMOC1_Q9H4F8_OID21461.gz
finished SMOC1_Q9H4F8_OID21461.gz
running SMOC2_Q9H3U7_OID20730.gz
finished SMOC2_Q9H3U7_OID20730.gz
running SMPD1_P17405_OID21028.gz
finished SMPD1_P17405_OID21028.gz
running SMPD3_Q9NY59_OID30477.gz
finished SMPD3_Q9NY59_OID30477.gz
running SMPDL3A_Q92484_OID20676.gz
finished SMPDL3A_Q92484_OID20676.gz
running SMPDL3B_Q92485_OID31387.gz
finished SMPDL3B_Q92485_OID31387.gz
running SMS_P52788_OID30853.gz
finished SMS_P52788_OID30853.gz
running SMTN_P53814_OID31154.gz
finished SMTN_P53814_OID31154.gz
running SNAP23_O00161_OID20218.gz
finished SNAP23_O00161_OID20218.gz
running SNAP25_P60880_OID30811.gz
finished SNAP25_P60880_OID30811.gz
running SNAP29_O95721_OID21506.gz
finished SNAP29_O95721_OID21506.gz
running SNAPIN_O95295_OID31019.gz
finished SNAPIN_O95295_OID31019.gz
running SNCA_P37840_OID30645.gz
finished SNCA_P37840_OID30645.gz
running SNCG_O76070_OID20971.gz
finished SNCG_O76070_OID20971.gz
running SNED1_Q8TER0_OID30205.gz
finished SNED1_Q8TER0_OID30205.gz
running SNRPB2_P08579_OID31132.gz
finished SNRPB2_P08579_OID31132.gz
running SNU13_P55769_OID30052.gz
finished SNU13_P55769_OID30052.gz
running SNX15_Q9NRS6_OID30644.gz
finished SNX15_Q9NRS6_OID30644.gz
running SNX18_Q96RF0_OID31476.gz
finished SNX18_Q96RF0_OID31476.gz
running SNX2_O60749_OID31374.gz
finished SNX2_O60749_OID31374.gz
running SNX5_Q9Y5X3_OID30215.gz
finished SNX5_Q9Y5X3_OID30215.gz
running SNX9_Q9Y5X1_OID20135.gz
finished SNX9_Q9Y5X1_OID20135.gz
running SOD1_P00441_OID20386.gz
finished SOD1_P00441_OID20386.gz
running SOD2_P04179_OID21114.gz
finished SOD2_P04179_OID21114.gz
running SOD3_P08294_OID30683.gz
finished SOD3_P08294_OID30683.gz
running SORBS1_Q9BX66_OID30978.gz
finished SORBS1_Q9BX66_OID30978.gz
running SORCS2_Q96PQ0_OID21262.gz
finished SORCS2_Q96PQ0_OID21262.gz
running SORD_Q00796_OID21453.gz
finished SORD_Q00796_OID21453.gz
running SORT1_Q99523_OID20213.gz
finished SORT1_Q99523_OID20213.gz
running SOST_Q9BQB4_OID20204.gz
finished SOST_Q9BQB4_OID20204.gz
running SOWAHA_Q2M3V2_OID30888.gz
finished SOWAHA_Q2M3V2_OID30888.gz
running SOX2_P48431_OID30981.gz
finished SOX2_P48431_OID30981.gz
running SOX9_P48436_OID30905.gz
finished SOX9_P48436_OID30905.gz
running SPACA5_SPACA5B_Q96QH8_OID30990.gz
finished SPACA5_SPACA5B_Q96QH8_OID30990.gz
running SPAG1_Q07617_OID30979.gz
finished SPAG1_Q07617_OID30979.gz
running SPARCL1_Q14515_OID20361.gz
finished SPARCL1_Q14515_OID20361.gz
running SPARC_P09486_OID21511.gz
finished SPARC_P09486_OID21511.gz
running SPART_Q8N0X7_OID30656.gz
finished SPART_Q8N0X7_OID30656.gz
running SPESP1_Q6UW49_OID30298.gz
finished SPESP1_Q6UW49_OID30298.gz
running SPINK1_P00995_OID21097.gz
finished SPINK1_P00995_OID21097.gz
running SPINK2_P20155_OID30627.gz
finished SPINK2_P20155_OID30627.gz
running SPINK4_O60575_OID20509.gz
finished SPINK4_O60575_OID20509.gz
running SPINK5_Q9NQ38_OID21148.gz
finished SPINK5_Q9NQ38_OID21148.gz
running SPINK6_Q6UWN8_OID21450.gz
finished SPINK6_Q6UWN8_OID21450.gz
running SPINK8_P0C7L1_OID30153.gz
finished SPINK8_P0C7L1_OID30153.gz
running SPINT1_O43278_OID21109.gz
finished SPINT1_O43278_OID21109.gz
running SPINT2_O43291_OID20720.gz
finished SPINT2_O43291_OID20720.gz
running SPINT3_P49223_OID31509.gz
finished SPINT3_P49223_OID31509.gz
running SPOCK1_Q08629_OID20924.gz
finished SPOCK1_Q08629_OID20924.gz
running SPON1_Q9HCB6_OID20759.gz
finished SPON1_Q9HCB6_OID20759.gz
running SPON2_Q9BUD6_OID20221.gz
finished SPON2_Q9BUD6_OID20221.gz
running SPP1_P10451_OID20322.gz
finished SPP1_P10451_OID20322.gz
running SPRED2_Q7Z698_OID30423.gz
finished SPRED2_Q7Z698_OID30423.gz
running SPRING1_Q9H741_OID31197.gz
finished SPRING1_Q9H741_OID31197.gz
running SPRR1B_P22528_OID31296.gz
finished SPRR1B_P22528_OID31296.gz
running SPRR3_Q9UBC9_OID31131.gz
finished SPRR3_Q9UBC9_OID31131.gz
running SPRY2_O43597_OID20475.gz
finished SPRY2_O43597_OID20475.gz
running SPTBN2_O15020_OID30876.gz
finished SPTBN2_O15020_OID30876.gz
running SPTLC1_O15269_OID31086.gz
finished SPTLC1_O15269_OID31086.gz
running SRC_P12931_OID21521.gz
finished SRC_P12931_OID21521.gz
running SRP14_P37108_OID21324.gz
finished SRP14_P37108_OID21324.gz
running SRPK2_P78362_OID20502.gz
finished SRPK2_P78362_OID20502.gz
running SRPX_P78539_OID30310.gz
finished SRPX_P78539_OID30310.gz
running SSB_P05455_OID20818.gz
finished SSB_P05455_OID20818.gz
running SSBP1_Q04837_OID30468.gz
finished SSBP1_Q04837_OID30468.gz
running SSC4D_Q8WTU2_OID20182.gz
finished SSC4D_Q8WTU2_OID20182.gz
running SSC5D_A1L4H1_OID20351.gz
finished SSC5D_A1L4H1_OID20351.gz
running SSH3_Q8TE77_OID31216.gz
finished SSH3_Q8TE77_OID31216.gz
running SSNA1_O43805_OID31453.gz
finished SSNA1_O43805_OID31453.gz
running ST13_P50502_OID30624.gz
finished ST13_P50502_OID30624.gz
running ST3GAL1_Q11201_OID21322.gz
finished ST3GAL1_Q11201_OID21322.gz
running ST6GAL1_P15907_OID20302.gz
finished ST6GAL1_P15907_OID20302.gz
running ST8SIA1_Q92185_OID30442.gz
finished ST8SIA1_Q92185_OID30442.gz
running STAB2_Q8WWQ8_OID30401.gz
finished STAB2_Q8WWQ8_OID30401.gz
running STAMBP_O95630_OID20955.gz
finished STAMBP_O95630_OID20955.gz
running STAM_Q92783_OID31425.gz
finished STAM_Q92783_OID31425.gz
running STAT2_P52630_OID30536.gz
finished STAT2_P52630_OID30536.gz
running STAT5B_P51692_OID21277.gz
finished STAT5B_P51692_OID21277.gz
running STAU1_O95793_OID31210.gz
finished STAU1_O95793_OID31210.gz
running STC1_P52823_OID21014.gz
finished STC1_P52823_OID21014.gz
running STC2_O76061_OID21157.gz
finished STC2_O76061_OID21157.gz
running STEAP4_Q687X5_OID30846.gz
finished STEAP4_Q687X5_OID30846.gz
running STIP1_P31948_OID21077.gz
finished STIP1_P31948_OID21077.gz
running STK11_Q15831_OID20077.gz
finished STK11_Q15831_OID20077.gz
running STK24_Q9Y6E0_OID20837.gz
finished STK24_Q9Y6E0_OID20837.gz
running STK4_Q13043_OID20140.gz
finished STK4_Q13043_OID20140.gz
running STOML2_Q9UJZ1_OID31183.gz
finished STOML2_Q9UJZ1_OID31183.gz
running STX16_O14662_OID21170.gz
finished STX16_O14662_OID21170.gz
running STX1B_P61266_OID30934.gz
finished STX1B_P61266_OID30934.gz
running STX3_Q13277_OID31090.gz
finished STX3_Q13277_OID31090.gz
running STX4_Q12846_OID21326.gz
finished STX4_Q12846_OID21326.gz
running STX5_Q13190_OID30432.gz
finished STX5_Q13190_OID30432.gz
running STX6_O43752_OID21219.gz
finished STX6_O43752_OID21219.gz
running STX7_O15400_OID30560.gz
finished STX7_O15400_OID30560.gz
running STX8_Q9UNK0_OID20531.gz
finished STX8_Q9UNK0_OID20531.gz
running STXBP1_P61764_OID31054.gz
finished STXBP1_P61764_OID31054.gz
running STXBP3_O00186_OID21240.gz
finished STXBP3_O00186_OID21240.gz
running SUGP1_Q8IWZ8_OID31524.gz
finished SUGP1_Q8IWZ8_OID31524.gz
running SUGT1_Q9Y2Z0_OID21229.gz
finished SUGT1_Q9Y2Z0_OID21229.gz
running SULT1A1_P50225_OID21031.gz
finished SULT1A1_P50225_OID21031.gz
running SULT2A1_Q06520_OID20508.gz
finished SULT2A1_Q06520_OID20508.gz
running SUMF1_Q8NBK3_OID30486.gz
finished SUMF1_Q8NBK3_OID30486.gz
running SUMF2_Q8NBJ7_OID21032.gz
finished SUMF2_Q8NBJ7_OID21032.gz
running SUOX_P51687_OID31031.gz
finished SUOX_P51687_OID31031.gz
running SUSD1_Q6UWL2_OID20072.gz
finished SUSD1_Q6UWL2_OID20072.gz
