running GP5_P40197_OID30611.gz
finished GP5_P40197_OID30611.gz
running GP6_Q9HCN6_OID21091.gz
finished GP6_Q9HCN6_OID21091.gz
running GPA33_Q99795_OID21376.gz
finished GPA33_Q99795_OID21376.gz
running GPC1_P35052_OID21438.gz
finished GPC1_P35052_OID21438.gz
running GPC5_P78333_OID20944.gz
finished GPC5_P78333_OID20944.gz
running GPD1_P21695_OID31358.gz
finished GPD1_P21695_OID31358.gz
running GPHA2_Q96T91_OID31437.gz
finished GPHA2_Q96T91_OID31437.gz
running GPIHBP1_Q8IV16_OID31469.gz
finished GPIHBP1_Q8IV16_OID31469.gz
running GPI_P06744_OID30680.gz
finished GPI_P06744_OID30680.gz
running GPKOW_Q92917_OID20890.gz
finished GPKOW_Q92917_OID20890.gz
running GPNMB_Q14956_OID20173.gz
finished GPNMB_Q14956_OID20173.gz
running GPR101_Q96P66_OID30819.gz
finished GPR101_Q96P66_OID30819.gz
running GPR158_Q5T848_OID31013.gz
finished GPR158_Q5T848_OID31013.gz
running GPR15L_Q6UWK7_OID31511.gz
finished GPR15L_Q6UWK7_OID31511.gz
running GPR37_O15354_OID20095.gz
finished GPR37_O15354_OID20095.gz
running GPRC5C_Q9NQ84_OID31340.gz
finished GPRC5C_Q9NQ84_OID31340.gz
running GRAP2_O75791_OID20192.gz
finished GRAP2_O75791_OID20192.gz
running GRHPR_Q9UBQ7_OID30289.gz
finished GRHPR_Q9UBQ7_OID30289.gz
running GRIK2_Q13002_OID30977.gz
finished GRIK2_Q13002_OID30977.gz
running GRIN2B_Q13224_OID30802.gz
finished GRIN2B_Q13224_OID30802.gz
running GRK5_P34947_OID20066.gz
finished GRK5_P34947_OID20066.gz
running GRN_P28799_OID21159.gz
finished GRN_P28799_OID21159.gz
running GRPEL1_Q9HAV7_OID21309.gz
finished GRPEL1_Q9HAV7_OID21309.gz
running GRP_P07492_OID30264.gz
finished GRP_P07492_OID30264.gz
running GRSF1_Q12849_OID31224.gz
finished GRSF1_Q12849_OID31224.gz
running GSAP_A4D1B5_OID21173.gz
finished GSAP_A4D1B5_OID21173.gz
running GSN_P06396_OID30714.gz
finished GSN_P06396_OID30714.gz
running GSR_P00390_OID30700.gz
finished GSR_P00390_OID30700.gz
running GSTA1_P08263_OID20166.gz
finished GSTA1_P08263_OID20166.gz
running GSTA3_Q16772_OID21242.gz
finished GSTA3_Q16772_OID21242.gz
running GSTM4_Q03013_OID30164.gz
finished GSTM4_Q03013_OID30164.gz
running GSTP1_P09211_OID20876.gz
finished GSTP1_P09211_OID20876.gz
running GSTT2B_P0CG30_OID31097.gz
finished GSTT2B_P0CG30_OID31097.gz
running GTF2IRD1_Q9UHL9_OID31264.gz
finished GTF2IRD1_Q9UHL9_OID31264.gz
running GTPBP2_Q9BX10_OID30946.gz
finished GTPBP2_Q9BX10_OID30946.gz
running GUCA2A_Q02747_OID21101.gz
finished GUCA2A_Q02747_OID21101.gz
running GUCY2C_P25092_OID31318.gz
finished GUCY2C_P25092_OID31318.gz
running GUK1_Q16774_OID30148.gz
finished GUK1_Q16774_OID30148.gz
running GUSB_P08236_OID20296.gz
finished GUSB_P08236_OID20296.gz
running GYS1_P13807_OID20097.gz
finished GYS1_P13807_OID20097.gz
running GZMA_P12544_OID20663.gz
finished GZMA_P12544_OID20663.gz
running GZMB_P10144_OID20604.gz
finished GZMB_P10144_OID20604.gz
running GZMH_P20718_OID20096.gz
finished GZMH_P20718_OID20096.gz
running H2AP_O75409_OID31232.gz
finished H2AP_O75409_OID31232.gz
running HADH_Q16836_OID30132.gz
finished HADH_Q16836_OID30132.gz
running HAGH_Q16775_OID21459.gz
finished HAGH_Q16775_OID21459.gz
running HAO1_Q9UJM8_OID21395.gz
finished HAO1_Q9UJM8_OID21395.gz
running HARS1_P12081_OID21086.gz
finished HARS1_P12081_OID21086.gz
running HAVCR1_Q96D42_OID21422.gz
finished HAVCR1_Q96D42_OID21422.gz
running HAVCR2_Q8TDQ0_OID21137.gz
finished HAVCR2_Q8TDQ0_OID21137.gz
running HBEGF_Q99075_OID21465.gz
finished HBEGF_Q99075_OID21465.gz
running HBQ1_P09105_OID21433.gz
finished HBQ1_P09105_OID21433.gz
running HBZ_P02008_OID30307.gz
finished HBZ_P02008_OID30307.gz
running HCG22_E2RYF7_OID30088.gz
finished HCG22_E2RYF7_OID30088.gz
running HCLS1_P14317_OID20648.gz
finished HCLS1_P14317_OID20648.gz
running HDAC8_Q9BY41_OID30436.gz
finished HDAC8_Q9BY41_OID30436.gz
running HDAC9_Q9UKV0_OID30832.gz
finished HDAC9_Q9UKV0_OID30832.gz
running HDDC2_Q7Z4H3_OID31447.gz
finished HDDC2_Q7Z4H3_OID31447.gz
running HDGFL2_Q7Z4V5_OID31136.gz
finished HDGFL2_Q7Z4V5_OID31136.gz
running HDGF_P51858_OID21455.gz
finished HDGF_P51858_OID21455.gz
running HEBP1_Q9NRV9_OID20063.gz
finished HEBP1_Q9NRV9_OID20063.gz
running HEG1_Q9ULI3_OID30579.gz
finished HEG1_Q9ULI3_OID30579.gz
running HEPACAM2_A8MVW5_OID31151.gz
finished HEPACAM2_A8MVW5_OID31151.gz
running HEPH_Q9BQS7_OID30337.gz
finished HEPH_Q9BQS7_OID30337.gz
running HEXIM1_O94992_OID20589.gz
finished HEXIM1_O94992_OID20589.gz
running HGFAC_Q04756_OID30718.gz
finished HGFAC_Q04756_OID30718.gz
running HGF_P14210_OID20656.gz
finished HGF_P14210_OID20656.gz
running HGS_O14964_OID21175.gz
finished HGS_O14964_OID21175.gz
running HHEX_Q03014_OID31107.gz
finished HHEX_Q03014_OID31107.gz
running HIF1A_Q16665_OID30425.gz
finished HIF1A_Q16665_OID30425.gz
running HIP1_O00291_OID30071.gz
finished HIP1_O00291_OID30071.gz
running HIP1R_O75146_OID31141.gz
finished HIP1R_O75146_OID31141.gz
running HJV_Q6ZVN8_OID31006.gz
finished HJV_Q6ZVN8_OID31006.gz
running HK2_P52789_OID20065.gz
finished HK2_P52789_OID20065.gz
running HLA-A_P04439_OID31048.gz
finished HLA-A_P04439_OID31048.gz
running HLA-DRA_P01903_OID20520.gz
finished HLA-DRA_P01903_OID20520.gz
running HLA-E_P13747_OID20532.gz
finished HLA-E_P13747_OID20532.gz
running HMBS_P08397_OID21385.gz
finished HMBS_P08397_OID21385.gz
running HMCN2_Q8NDA2_OID30592.gz
finished HMCN2_Q8NDA2_OID30592.gz
running HMGCL_P35914_OID30214.gz
finished HMGCL_P35914_OID30214.gz
