running TNFAIP2_Q03169_OID31446.gz
finished TNFAIP2_Q03169_OID31446.gz
running TNFAIP8L2_Q6P589_OID30629.gz
finished TNFAIP8L2_Q6P589_OID30629.gz
running TNFAIP8_O95379_OID20433.gz
finished TNFAIP8_O95379_OID20433.gz
running TNF_P01375_OID20074.gz
finished TNF_P01375_OID20074.gz
running TNF_P01375_OID20473.gz
finished TNF_P01375_OID20473.gz
running TNF_P01375_OID20848.gz
finished TNF_P01375_OID20848.gz
running TNF_P01375_OID21237.gz
finished TNF_P01375_OID21237.gz
running TNFRSF10A_O00220_OID20967.gz
finished TNFRSF10A_O00220_OID20967.gz
running TNFRSF10B_O14763_OID20981.gz
finished TNFRSF10B_O14763_OID20981.gz
running TNFRSF10C_O14798_OID20265.gz
finished TNFRSF10C_O14798_OID20265.gz
running TNFRSF11A_Q9Y6Q6_OID20646.gz
finished TNFRSF11A_Q9Y6Q6_OID20646.gz
running TNFRSF11B_O00300_OID20735.gz
finished TNFRSF11B_O00300_OID20735.gz
running TNFRSF12A_Q9NP84_OID21482.gz
finished TNFRSF12A_Q9NP84_OID21482.gz
running TNFRSF13B_O14836_OID20702.gz
finished TNFRSF13B_O14836_OID20702.gz
running TNFRSF13C_Q96RJ3_OID20480.gz
finished TNFRSF13C_Q96RJ3_OID20480.gz
running TNFRSF14_Q92956_OID20783.gz
finished TNFRSF14_Q92956_OID20783.gz
running TNFRSF17_Q02223_OID30589.gz
finished TNFRSF17_Q02223_OID30589.gz
running TNFRSF19_Q9NS68_OID21446.gz
finished TNFRSF19_Q9NS68_OID21446.gz
running TNFRSF1A_P19438_OID21155.gz
finished TNFRSF1A_P19438_OID21155.gz
running TNFRSF1B_P20333_OID21145.gz
finished TNFRSF1B_P20333_OID21145.gz
running TNFRSF21_O75509_OID21052.gz
finished TNFRSF21_O75509_OID21052.gz
running TNFRSF4_P43489_OID20653.gz
finished TNFRSF4_P43489_OID20653.gz
running TNFRSF6B_O95407_OID20964.gz
finished TNFRSF6B_O95407_OID20964.gz
running TNFRSF8_P28908_OID21049.gz
finished TNFRSF8_P28908_OID21049.gz
running TNFRSF9_Q07011_OID20985.gz
finished TNFRSF9_Q07011_OID20985.gz
running TNFSF10_P50591_OID20611.gz
finished TNFSF10_P50591_OID20611.gz
running TNFSF11_O14788_OID20592.gz
finished TNFSF11_O14788_OID20592.gz
running TNFSF12_O43508_OID20624.gz
finished TNFSF12_O43508_OID20624.gz
running TNFSF13B_Q9Y275_OID20272.gz
finished TNFSF13B_Q9Y275_OID20272.gz
running TNFSF13_O75888_OID20733.gz
finished TNFSF13_O75888_OID20733.gz
running TNFSF14_O43557_OID20953.gz
finished TNFSF14_O43557_OID20953.gz
running TNFSF8_P32971_OID30384.gz
finished TNFSF8_P32971_OID30384.gz
running TNIP1_Q15025_OID31120.gz
finished TNIP1_Q15025_OID31120.gz
running TNNI3_P19429_OID20050.gz
finished TNNI3_P19429_OID20050.gz
running TNN_Q9UQP3_OID30412.gz
finished TNN_Q9UQP3_OID30412.gz
running TNPO1_Q92973_OID31330.gz
finished TNPO1_Q92973_OID31330.gz
running TNR_Q92752_OID20957.gz
finished TNR_Q92752_OID20957.gz
running TNXB_P22105_OID21107.gz
finished TNXB_P22105_OID21107.gz
running TOMM20_Q15388_OID30353.gz
finished TOMM20_Q15388_OID30353.gz
running TOP1MT_Q969P6_OID31233.gz
finished TOP1MT_Q969P6_OID31233.gz
running TOP1_P11387_OID31449.gz
finished TOP1_P11387_OID31449.gz
running TOP2B_Q02880_OID30559.gz
finished TOP2B_Q02880_OID30559.gz
running TOR1AIP1_Q5JTV8_OID30195.gz
finished TOR1AIP1_Q5JTV8_OID30195.gz
running TP53BP1_Q12888_OID30470.gz
finished TP53BP1_Q12888_OID30470.gz
running TP53I3_Q53FA7_OID30632.gz
finished TP53I3_Q53FA7_OID30632.gz
running TP53INP1_Q96A56_OID20120.gz
finished TP53INP1_Q96A56_OID20120.gz
running TP53_P04637_OID21232.gz
finished TP53_P04637_OID21232.gz
running TP73_O15350_OID30879.gz
finished TP73_O15350_OID30879.gz
running TPBGL_P0DKB5_OID30928.gz
finished TPBGL_P0DKB5_OID30928.gz
running TPD52L2_O43399_OID30609.gz
finished TPD52L2_O43399_OID30609.gz
running TPK1_Q9H3S4_OID30338.gz
finished TPK1_Q9H3S4_OID30338.gz
running TPM3_P06753_OID30058.gz
finished TPM3_P06753_OID30058.gz
running TPMT_P51580_OID21270.gz
finished TPMT_P51580_OID21270.gz
running TPP1_O14773_OID20750.gz
finished TPP1_O14773_OID20750.gz
running TPPP2_P59282_OID31274.gz
finished TPPP2_P59282_OID31274.gz
running TPPP3_Q9BW30_OID20842.gz
finished TPPP3_Q9BW30_OID20842.gz
running TPRKB_Q9Y3C4_OID31234.gz
finished TPRKB_Q9Y3C4_OID31234.gz
running TPR_P12270_OID30143.gz
finished TPR_P12270_OID30143.gz
running TPSAB1_Q15661_OID20642.gz
finished TPSAB1_Q15661_OID20642.gz
running TPSD1_Q9BZJ3_OID30982.gz
finished TPSD1_Q9BZJ3_OID30982.gz
running TPSG1_Q9NRR2_OID30424.gz
finished TPSG1_Q9NRR2_OID30424.gz
running TPT1_P13693_OID20476.gz
finished TPT1_P13693_OID20476.gz
running TRAF2_Q12933_OID20507.gz
finished TRAF2_Q12933_OID20507.gz
running TRAF3IP2_O43734_OID30054.gz
finished TRAF3IP2_O43734_OID30054.gz
running TRAF3_Q13114-2_OID30479.gz
finished TRAF3_Q13114-2_OID30479.gz
running TRDMT1_O14717_OID31335.gz
finished TRDMT1_O14717_OID31335.gz
running TREH_O43280_OID30388.gz
finished TREH_O43280_OID30388.gz
running TREM2_Q9NZC2_OID20731.gz
finished TREM2_Q9NZC2_OID20731.gz
running TREML1_Q86YW5_OID30682.gz
finished TREML1_Q86YW5_OID30682.gz
running TREML2_Q5T2D2_OID21120.gz
finished TREML2_Q5T2D2_OID21120.gz
running TRIAP1_O43715_OID21403.gz
finished TRIAP1_O43715_OID21403.gz
running TRIM21_P19474_OID20533.gz
finished TRIM21_P19474_OID20533.gz
running TRIM24_O15164_OID31271.gz
finished TRIM24_O15164_OID31271.gz
running TRIM25_Q14258_OID31482.gz
finished TRIM25_Q14258_OID31482.gz
running TRIM26_Q12899_OID31207.gz
finished TRIM26_Q12899_OID31207.gz
running TRIM40_Q6P9F5_OID30885.gz
finished TRIM40_Q6P9F5_OID30885.gz
running TRIM58_Q8NG06_OID31429.gz
finished TRIM58_Q8NG06_OID31429.gz
running TRIM5_Q9C035_OID20526.gz
finished TRIM5_Q9C035_OID20526.gz
running TRPV3_Q8NET8_OID30128.gz
finished TRPV3_Q8NET8_OID30128.gz
running TSC1_Q92574_OID30478.gz
finished TSC1_Q92574_OID30478.gz
running TSC22D1_Q15714_OID31016.gz
finished TSC22D1_Q15714_OID31016.gz
running TSHB_P01222_OID20129.gz
finished TSHB_P01222_OID20129.gz
running TSLP_Q969D9_OID20056.gz
finished TSLP_Q969D9_OID20056.gz
running TSNAX_Q99598_OID30185.gz
finished TSNAX_Q99598_OID30185.gz
running TSPAN15_O95858_OID30095.gz
finished TSPAN15_O95858_OID30095.gz
running TSPAN1_O60635_OID20078.gz
finished TSPAN1_O60635_OID20078.gz
running TSPAN7_P41732_OID30810.gz
finished TSPAN7_P41732_OID30810.gz
running TSPAN8_P19075_OID31470.gz
finished TSPAN8_P19075_OID31470.gz
running TSPYL1_Q9H0U9_OID30512.gz
finished TSPYL1_Q9H0U9_OID30512.gz
running TST_Q16762_OID20868.gz
finished TST_Q16762_OID20868.gz
running TTF2_Q9UNY4_OID30942.gz
finished TTF2_Q9UNY4_OID30942.gz
running TTN_Q8WZ42_OID30108.gz
finished TTN_Q8WZ42_OID30108.gz
running TTR_P02766_OID30782.gz
finished TTR_P02766_OID30782.gz
running TUBB3_Q13509_OID30799.gz
finished TUBB3_Q13509_OID30799.gz
running TWF2_Q6IBS0_OID30386.gz
finished TWF2_Q6IBS0_OID30386.gz
running TXK_P42681_OID31262.gz
finished TXK_P42681_OID31262.gz
running TXLNA_P40222_OID20952.gz
finished TXLNA_P40222_OID20952.gz
running TXNDC15_Q96J42_OID21495.gz
finished TXNDC15_Q96J42_OID21495.gz
running TXNDC5_Q8NBS9_OID21012.gz
finished TXNDC5_Q8NBS9_OID21012.gz
running TXNDC9_O14530_OID31121.gz
finished TXNDC9_O14530_OID31121.gz
running TXNL1_O43396_OID30872.gz
finished TXNL1_O43396_OID30872.gz
running TXN_P10599_OID30670.gz
finished TXN_P10599_OID30670.gz
running TXNRD1_Q16881_OID21135.gz
finished TXNRD1_Q16881_OID21135.gz
running TYMP_P19971_OID20234.gz
finished TYMP_P19971_OID20234.gz
running TYRO3_Q06418_OID20161.gz
finished TYRO3_Q06418_OID20161.gz
running TYRP1_P17643_OID30517.gz
finished TYRP1_P17643_OID30517.gz
running UBAC1_Q9BSL1_OID21336.gz
finished UBAC1_Q9BSL1_OID21336.gz
running UBE2B_P63146_OID31368.gz
finished UBE2B_P63146_OID31368.gz
running UBE2L6_O14933_OID30321.gz
finished UBE2L6_O14933_OID30321.gz
