running 10948_14_PLD3_PLD3.txt.gz.annotated.gz.exclusions.gz.alleles.gz
finished 10948_14_PLD3_PLD3.txt.gz.annotated.gz.exclusions.gz.alleles.gz
running 10949_59_RPLP2_RLA2.txt.gz.annotated.gz.exclusions.gz.alleles.gz
finished 10949_59_RPLP2_RLA2.txt.gz.annotated.gz.exclusions.gz.alleles.gz
running 10953_14_CLEC2A_CLC2A.txt.gz.annotated.gz.exclusions.gz.alleles.gz
finished 10953_14_CLEC2A_CLC2A.txt.gz.annotated.gz.exclusions.gz.alleles.gz
running 10955_4_CLEC10A_CLC10.txt.gz.annotated.gz.exclusions.gz.alleles.gz
finished 10955_4_CLEC10A_CLC10.txt.gz.annotated.gz.exclusions.gz.alleles.gz
running 10956_82_GCSH_GCSH.txt.gz.annotated.gz.exclusions.gz.alleles.gz
finished 10956_82_GCSH_GCSH.txt.gz.annotated.gz.exclusions.gz.alleles.gz
running 10959_125_BET1L_BET1L.txt.gz.annotated.gz.exclusions.gz.alleles.gz
finished 10959_125_BET1L_BET1L.txt.gz.annotated.gz.exclusions.gz.alleles.gz
running 10961_15_RARRES3_TIG3.txt.gz.annotated.gz.exclusions.gz.alleles.gz
finished 10961_15_RARRES3_TIG3.txt.gz.annotated.gz.exclusions.gz.alleles.gz
running 10974_20_SPINK7_ISK7.txt.gz.annotated.gz.exclusions.gz.alleles.gz
finished 10974_20_SPINK7_ISK7.txt.gz.annotated.gz.exclusions.gz.alleles.gz
running 10975_59_MUCL1_MUCL1.txt.gz.annotated.gz.exclusions.gz.alleles.gz
finished 10975_59_MUCL1_MUCL1.txt.gz.annotated.gz.exclusions.gz.alleles.gz
running 10977_55_UCMA_UCMA.txt.gz.annotated.gz.exclusions.gz.alleles.gz
finished 10977_55_UCMA_UCMA.txt.gz.annotated.gz.exclusions.gz.alleles.gz
running 10978_39_GH2_SOM2.txt.gz.annotated.gz.exclusions.gz.alleles.gz
finished 10978_39_GH2_SOM2.txt.gz.annotated.gz.exclusions.gz.alleles.gz
running 10981_56_NRG3_NRG3.txt.gz.annotated.gz.exclusions.gz.alleles.gz
finished 10981_56_NRG3_NRG3.txt.gz.annotated.gz.exclusions.gz.alleles.gz
running 10990_21_LRRK2_LRRK2.txt.gz.annotated.gz.exclusions.gz.alleles.gz
finished 10990_21_LRRK2_LRRK2.txt.gz.annotated.gz.exclusions.gz.alleles.gz
running 11067_13_BGLAP_Osteocalcin.txt.gz.annotated.gz.exclusions.gz.alleles.gz
finished 11067_13_BGLAP_Osteocalcin.txt.gz.annotated.gz.exclusions.gz.alleles.gz
running 11071_1_IL5_IL_5.txt.gz.annotated.gz.exclusions.gz.alleles.gz
finished 11071_1_IL5_IL_5.txt.gz.annotated.gz.exclusions.gz.alleles.gz
running 11094_104_CLC_LPPL.txt.gz.annotated.gz.exclusions.gz.alleles.gz
finished 11094_104_CLC_LPPL.txt.gz.annotated.gz.exclusions.gz.alleles.gz
running 11096_57_N6AMT1_HEMK2.txt.gz.annotated.gz.exclusions.gz.alleles.gz
finished 11096_57_N6AMT1_HEMK2.txt.gz.annotated.gz.exclusions.gz.alleles.gz
running 11098_1_PDXK_PDXK.txt.gz.annotated.gz.exclusions.gz.alleles.gz
finished 11098_1_PDXK_PDXK.txt.gz.annotated.gz.exclusions.gz.alleles.gz
running 11101_18_TLR4_TLR4.txt.gz.annotated.gz.exclusions.gz.alleles.gz
finished 11101_18_TLR4_TLR4.txt.gz.annotated.gz.exclusions.gz.alleles.gz
running 11102_22_REG4_REG4.txt.gz.annotated.gz.exclusions.gz.alleles.gz
finished 11102_22_REG4_REG4.txt.gz.annotated.gz.exclusions.gz.alleles.gz
running 11103_24_HSPB1_HSP_27.txt.gz.annotated.gz.exclusions.gz.alleles.gz
finished 11103_24_HSPB1_HSP_27.txt.gz.annotated.gz.exclusions.gz.alleles.gz
running 11104_13_CHI3L1_YKL_40.txt.gz.annotated.gz.exclusions.gz.alleles.gz
finished 11104_13_CHI3L1_YKL_40.txt.gz.annotated.gz.exclusions.gz.alleles.gz
running 11105_171_ENO1_Alpha_enolase.txt.gz.annotated.gz.exclusions.gz.alleles.gz
finished 11105_171_ENO1_Alpha_enolase.txt.gz.annotated.gz.exclusions.gz.alleles.gz
running 11107_25_TENM3_TEN3.txt.gz.annotated.gz.exclusions.gz.alleles.gz
finished 11107_25_TENM3_TEN3.txt.gz.annotated.gz.exclusions.gz.alleles.gz
running 11109_56_SVEP1_SVEP1.txt.gz.annotated.gz.exclusions.gz.alleles.gz
finished 11109_56_SVEP1_SVEP1.txt.gz.annotated.gz.exclusions.gz.alleles.gz
running 11110_4_TMEM119_TM119.txt.gz.annotated.gz.exclusions.gz.alleles.gz
finished 11110_4_TMEM119_TM119.txt.gz.annotated.gz.exclusions.gz.alleles.gz
running 11112_18_TMEM167A_KISHA.txt.gz.annotated.gz.exclusions.gz.alleles.gz
finished 11112_18_TMEM167A_KISHA.txt.gz.annotated.gz.exclusions.gz.alleles.gz
running 11116_16_C11orf87_CK087.txt.gz.annotated.gz.exclusions.gz.alleles.gz
finished 11116_16_C11orf87_CK087.txt.gz.annotated.gz.exclusions.gz.alleles.gz
running 11117_2_SPATA20_SPT20.txt.gz.annotated.gz.exclusions.gz.alleles.gz
finished 11117_2_SPATA20_SPT20.txt.gz.annotated.gz.exclusions.gz.alleles.gz
running 11118_107_RAB17_RAB17.txt.gz.annotated.gz.exclusions.gz.alleles.gz
finished 11118_107_RAB17_RAB17.txt.gz.annotated.gz.exclusions.gz.alleles.gz
running 11120_49_NAT14_NAT14.txt.gz.annotated.gz.exclusions.gz.alleles.gz
finished 11120_49_NAT14_NAT14.txt.gz.annotated.gz.exclusions.gz.alleles.gz
running 11122_97_SPG21_SPG21.txt.gz.annotated.gz.exclusions.gz.alleles.gz
finished 11122_97_SPG21_SPG21.txt.gz.annotated.gz.exclusions.gz.alleles.gz
running 11126_102_TRIO_TRIO.txt.gz.annotated.gz.exclusions.gz.alleles.gz
finished 11126_102_TRIO_TRIO.txt.gz.annotated.gz.exclusions.gz.alleles.gz
running 11128_29_TMEM132C_T132C.txt.gz.annotated.gz.exclusions.gz.alleles.gz
finished 11128_29_TMEM132C_T132C.txt.gz.annotated.gz.exclusions.gz.alleles.gz
running 11129_66_BMP15_BMP15.txt.gz.annotated.gz.exclusions.gz.alleles.gz
finished 11129_66_BMP15_BMP15.txt.gz.annotated.gz.exclusions.gz.alleles.gz
running 11130_158_CACNB4_CACB4.txt.gz.annotated.gz.exclusions.gz.alleles.gz
finished 11130_158_CACNB4_CACB4.txt.gz.annotated.gz.exclusions.gz.alleles.gz
running 11134_30_MTRF1L_RF1ML.txt.gz.annotated.gz.exclusions.gz.alleles.gz
finished 11134_30_MTRF1L_RF1ML.txt.gz.annotated.gz.exclusions.gz.alleles.gz
running 11135_5_MRPL55_RM55.txt.gz.annotated.gz.exclusions.gz.alleles.gz
finished 11135_5_MRPL55_RM55.txt.gz.annotated.gz.exclusions.gz.alleles.gz
running 11137_43_CSF2RB_IL3RB.txt.gz.annotated.gz.exclusions.gz.alleles.gz
finished 11137_43_CSF2RB_IL3RB.txt.gz.annotated.gz.exclusions.gz.alleles.gz
running 11138_16_RUNX3_RUNX3.txt.gz.annotated.gz.exclusions.gz.alleles.gz
finished 11138_16_RUNX3_RUNX3.txt.gz.annotated.gz.exclusions.gz.alleles.gz
running 11140_56_COL1A1_CO1A1.txt.gz.annotated.gz.exclusions.gz.alleles.gz
finished 11140_56_COL1A1_CO1A1.txt.gz.annotated.gz.exclusions.gz.alleles.gz
running 11142_11_ANGPTL1_ANGL1.txt.gz.annotated.gz.exclusions.gz.alleles.gz
finished 11142_11_ANGPTL1_ANGL1.txt.gz.annotated.gz.exclusions.gz.alleles.gz
running 11143_32_OLFM3_NOE3.txt.gz.annotated.gz.exclusions.gz.alleles.gz
finished 11143_32_OLFM3_NOE3.txt.gz.annotated.gz.exclusions.gz.alleles.gz
running 11144_10_DEFB116_DB116.txt.gz.annotated.gz.exclusions.gz.alleles.gz
finished 11144_10_DEFB116_DB116.txt.gz.annotated.gz.exclusions.gz.alleles.gz
running 11145_72_KIAA1549L_K154L.txt.gz.annotated.gz.exclusions.gz.alleles.gz
finished 11145_72_KIAA1549L_K154L.txt.gz.annotated.gz.exclusions.gz.alleles.gz
running 11146_4_TBX22_TBX22.txt.gz.annotated.gz.exclusions.gz.alleles.gz
finished 11146_4_TBX22_TBX22.txt.gz.annotated.gz.exclusions.gz.alleles.gz
running 11147_17_TREML1_TRML1.txt.gz.annotated.gz.exclusions.gz.alleles.gz
finished 11147_17_TREML1_TRML1.txt.gz.annotated.gz.exclusions.gz.alleles.gz
running 11149_3_TLR1_TLR1.txt.gz.annotated.gz.exclusions.gz.alleles.gz
finished 11149_3_TLR1_TLR1.txt.gz.annotated.gz.exclusions.gz.alleles.gz
running 11152_46_KLK13_kallikrein_13.txt.gz.annotated.gz.exclusions.gz.alleles.gz
finished 11152_46_KLK13_kallikrein_13.txt.gz.annotated.gz.exclusions.gz.alleles.gz
running 11154_3_NFE2L1_NF2L1.txt.gz.annotated.gz.exclusions.gz.alleles.gz
finished 11154_3_NFE2L1_NF2L1.txt.gz.annotated.gz.exclusions.gz.alleles.gz
running 11155_16_COL6A5_CO6A5.txt.gz.annotated.gz.exclusions.gz.alleles.gz
finished 11155_16_COL6A5_CO6A5.txt.gz.annotated.gz.exclusions.gz.alleles.gz
running 11158_40_CCDC64_BICR1.txt.gz.annotated.gz.exclusions.gz.alleles.gz
finished 11158_40_CCDC64_BICR1.txt.gz.annotated.gz.exclusions.gz.alleles.gz
running 11160_56_RNF122_RN122.txt.gz.annotated.gz.exclusions.gz.alleles.gz
finished 11160_56_RNF122_RN122.txt.gz.annotated.gz.exclusions.gz.alleles.gz
running 11161_5_SPG20_SPG20.txt.gz.annotated.gz.exclusions.gz.alleles.gz
finished 11161_5_SPG20_SPG20.txt.gz.annotated.gz.exclusions.gz.alleles.gz
running 11162_37_EQTN_EQTN.txt.gz.annotated.gz.exclusions.gz.alleles.gz
finished 11162_37_EQTN_EQTN.txt.gz.annotated.gz.exclusions.gz.alleles.gz
running 11163_7_FAM162B_F162B.txt.gz.annotated.gz.exclusions.gz.alleles.gz
finished 11163_7_FAM162B_F162B.txt.gz.annotated.gz.exclusions.gz.alleles.gz
running 11164_7_TENM2_TEN2.txt.gz.annotated.gz.exclusions.gz.alleles.gz
finished 11164_7_TENM2_TEN2.txt.gz.annotated.gz.exclusions.gz.alleles.gz
running 11167_6_MTMR1_MTMR1.txt.gz.annotated.gz.exclusions.gz.alleles.gz
finished 11167_6_MTMR1_MTMR1.txt.gz.annotated.gz.exclusions.gz.alleles.gz
running 11168_3_MEGF10_MEG10.txt.gz.annotated.gz.exclusions.gz.alleles.gz
finished 11168_3_MEGF10_MEG10.txt.gz.annotated.gz.exclusions.gz.alleles.gz
running 11171_25_FLNA_filamin_A.txt.gz.annotated.gz.exclusions.gz.alleles.gz
finished 11171_25_FLNA_filamin_A.txt.gz.annotated.gz.exclusions.gz.alleles.gz
running 11173_29_MILR1_MILR1.txt.gz.annotated.gz.exclusions.gz.alleles.gz
finished 11173_29_MILR1_MILR1.txt.gz.annotated.gz.exclusions.gz.alleles.gz
running 11174_8_THSD7A_THS7A.txt.gz.annotated.gz.exclusions.gz.alleles.gz
finished 11174_8_THSD7A_THS7A.txt.gz.annotated.gz.exclusions.gz.alleles.gz
running 11175_45_LPCAT2_PCAT2.txt.gz.annotated.gz.exclusions.gz.alleles.gz
finished 11175_45_LPCAT2_PCAT2.txt.gz.annotated.gz.exclusions.gz.alleles.gz
running 11177_16_KRT5_K2C5.txt.gz.annotated.gz.exclusions.gz.alleles.gz
finished 11177_16_KRT5_K2C5.txt.gz.annotated.gz.exclusions.gz.alleles.gz
running 11178_21_SVEP1_SVEP1.txt.gz.annotated.gz.exclusions.gz.alleles.gz
finished 11178_21_SVEP1_SVEP1.txt.gz.annotated.gz.exclusions.gz.alleles.gz
running 11179_7_TSSK1B_TSSK1.txt.gz.annotated.gz.exclusions.gz.alleles.gz
finished 11179_7_TSSK1B_TSSK1.txt.gz.annotated.gz.exclusions.gz.alleles.gz
running 11180_17_SMARCC1_SMRC1.txt.gz.annotated.gz.exclusions.gz.alleles.gz
finished 11180_17_SMARCC1_SMRC1.txt.gz.annotated.gz.exclusions.gz.alleles.gz
running 11185_145_GCH1_GCH1.txt.gz.annotated.gz.exclusions.gz.alleles.gz
finished 11185_145_GCH1_GCH1.txt.gz.annotated.gz.exclusions.gz.alleles.gz
running 11186_12_TMEM52_TMM52.txt.gz.annotated.gz.exclusions.gz.alleles.gz
finished 11186_12_TMEM52_TMM52.txt.gz.annotated.gz.exclusions.gz.alleles.gz
running 11187_11_CLEC12A_CL12A.txt.gz.annotated.gz.exclusions.gz.alleles.gz
finished 11187_11_CLEC12A_CL12A.txt.gz.annotated.gz.exclusions.gz.alleles.gz
running 11190_129_YME1L1_YMEL1.txt.gz.annotated.gz.exclusions.gz.alleles.gz
finished 11190_129_YME1L1_YMEL1.txt.gz.annotated.gz.exclusions.gz.alleles.gz
running 11192_168_TINAGL1_TINAL.txt.gz.annotated.gz.exclusions.gz.alleles.gz
finished 11192_168_TINAGL1_TINAL.txt.gz.annotated.gz.exclusions.gz.alleles.gz
running 11193_27_HNF1A_HNF1A.txt.gz.annotated.gz.exclusions.gz.alleles.gz
finished 11193_27_HNF1A_HNF1A.txt.gz.annotated.gz.exclusions.gz.alleles.gz
running 11194_6_SIT1_SIT1.txt.gz.annotated.gz.exclusions.gz.alleles.gz
finished 11194_6_SIT1_SIT1.txt.gz.annotated.gz.exclusions.gz.alleles.gz
running 11196_31_COL6A3_Collagen_alpha_3_VI_.txt.gz.annotated.gz.exclusions.gz.alleles.gz
finished 11196_31_COL6A3_Collagen_alpha_3_VI_.txt.gz.annotated.gz.exclusions.gz.alleles.gz
running 11198_37_CREB3L1_CR3L1.txt.gz.annotated.gz.exclusions.gz.alleles.gz
finished 11198_37_CREB3L1_CR3L1.txt.gz.annotated.gz.exclusions.gz.alleles.gz
running 11201_19_PUS1_TRUA.txt.gz.annotated.gz.exclusions.gz.alleles.gz
finished 11201_19_PUS1_TRUA.txt.gz.annotated.gz.exclusions.gz.alleles.gz
running 11202_70_TBX5_TBX5.txt.gz.annotated.gz.exclusions.gz.alleles.gz
finished 11202_70_TBX5_TBX5.txt.gz.annotated.gz.exclusions.gz.alleles.gz
running 11204_80_CXADR_CXAR.txt.gz.annotated.gz.exclusions.gz.alleles.gz
finished 11204_80_CXADR_CXAR.txt.gz.annotated.gz.exclusions.gz.alleles.gz
running 11205_10_ITGB7_Integrin_beta_7.txt.gz.annotated.gz.exclusions.gz.alleles.gz
finished 11205_10_ITGB7_Integrin_beta_7.txt.gz.annotated.gz.exclusions.gz.alleles.gz
running 11207_3_MSR1_Macrophage_scavenger_receptor.txt.gz.annotated.gz.exclusions.gz.alleles.gz
finished 11207_3_MSR1_Macrophage_scavenger_receptor.txt.gz.annotated.gz.exclusions.gz.alleles.gz
running 11208_15_NAGPA_NAGPA.txt.gz.annotated.gz.exclusions.gz.alleles.gz
finished 11208_15_NAGPA_NAGPA.txt.gz.annotated.gz.exclusions.gz.alleles.gz
running 11211_7_TBCE_TBCE.txt.gz.annotated.gz.exclusions.gz.alleles.gz
finished 11211_7_TBCE_TBCE.txt.gz.annotated.gz.exclusions.gz.alleles.gz
running 11212_7_TXNDC5_TXND5.txt.gz.annotated.gz.exclusions.gz.alleles.gz
finished 11212_7_TXNDC5_TXND5.txt.gz.annotated.gz.exclusions.gz.alleles.gz
running 11214_40_DNAJB9_DNJB9.txt.gz.annotated.gz.exclusions.gz.alleles.gz
finished 11214_40_DNAJB9_DNJB9.txt.gz.annotated.gz.exclusions.gz.alleles.gz
running 11215_6_CDH15_CAD15.txt.gz.annotated.gz.exclusions.gz.alleles.gz
finished 11215_6_CDH15_CAD15.txt.gz.annotated.gz.exclusions.gz.alleles.gz
running 11217_16_CTBP1_CTBP1.txt.gz.annotated.gz.exclusions.gz.alleles.gz
finished 11217_16_CTBP1_CTBP1.txt.gz.annotated.gz.exclusions.gz.alleles.gz
running 11218_84_TPMT_TPMT.txt.gz.annotated.gz.exclusions.gz.alleles.gz
finished 11218_84_TPMT_TPMT.txt.gz.annotated.gz.exclusions.gz.alleles.gz
running 11219_95_FGFBP3_FGFP3.txt.gz.annotated.gz.exclusions.gz.alleles.gz
finished 11219_95_FGFBP3_FGFP3.txt.gz.annotated.gz.exclusions.gz.alleles.gz
running 11220_53_C10orf105_CJ105.txt.gz.annotated.gz.exclusions.gz.alleles.gz
finished 11220_53_C10orf105_CJ105.txt.gz.annotated.gz.exclusions.gz.alleles.gz
running 11223_1_TMEM154_TM154.txt.gz.annotated.gz.exclusions.gz.alleles.gz
finished 11223_1_TMEM154_TM154.txt.gz.annotated.gz.exclusions.gz.alleles.gz
running 11226_16_UBE3A_UBE3A.txt.gz.annotated.gz.exclusions.gz.alleles.gz
finished 11226_16_UBE3A_UBE3A.txt.gz.annotated.gz.exclusions.gz.alleles.gz
running 11227_31_TBL2_TBL2.txt.gz.annotated.gz.exclusions.gz.alleles.gz
finished 11227_31_TBL2_TBL2.txt.gz.annotated.gz.exclusions.gz.alleles.gz
running 11228_37_RIC3_RIC3.txt.gz.annotated.gz.exclusions.gz.alleles.gz
finished 11228_37_RIC3_RIC3.txt.gz.annotated.gz.exclusions.gz.alleles.gz
running 11229_16_ERN1_ERN1.txt.gz.annotated.gz.exclusions.gz.alleles.gz
finished 11229_16_ERN1_ERN1.txt.gz.annotated.gz.exclusions.gz.alleles.gz
running 11231_12_FDX1L_ADXL.txt.gz.annotated.gz.exclusions.gz.alleles.gz
finished 11231_12_FDX1L_ADXL.txt.gz.annotated.gz.exclusions.gz.alleles.gz
running 11237_49_PCOLCE_PCOC1.txt.gz.annotated.gz.exclusions.gz.alleles.gz
finished 11237_49_PCOLCE_PCOC1.txt.gz.annotated.gz.exclusions.gz.alleles.gz
running 11239_49_TMPRSS6_TMPS6.txt.gz.annotated.gz.exclusions.gz.alleles.gz
finished 11239_49_TMPRSS6_TMPS6.txt.gz.annotated.gz.exclusions.gz.alleles.gz
running 11241_8_ASL_ARLY.txt.gz.annotated.gz.exclusions.gz.alleles.gz
finished 11241_8_ASL_ARLY.txt.gz.annotated.gz.exclusions.gz.alleles.gz
running 11242_33_TGM1_TGM1.txt.gz.annotated.gz.exclusions.gz.alleles.gz
finished 11242_33_TGM1_TGM1.txt.gz.annotated.gz.exclusions.gz.alleles.gz
running 11243_90_ADGRF1_GPR110.txt.gz.annotated.gz.exclusions.gz.alleles.gz
finished 11243_90_ADGRF1_GPR110.txt.gz.annotated.gz.exclusions.gz.alleles.gz
running 11247_20_NAGS_NAGS.txt.gz.annotated.gz.exclusions.gz.alleles.gz
finished 11247_20_NAGS_NAGS.txt.gz.annotated.gz.exclusions.gz.alleles.gz
running 11248_43_UROS_HEM4.txt.gz.annotated.gz.exclusions.gz.alleles.gz
finished 11248_43_UROS_HEM4.txt.gz.annotated.gz.exclusions.gz.alleles.gz
running 11252_30_LRCH4_LRCH4.txt.gz.annotated.gz.exclusions.gz.alleles.gz
finished 11252_30_LRCH4_LRCH4.txt.gz.annotated.gz.exclusions.gz.alleles.gz
running 11254_13_PAPLN_PPN.txt.gz.annotated.gz.exclusions.gz.alleles.gz
finished 11254_13_PAPLN_PPN.txt.gz.annotated.gz.exclusions.gz.alleles.gz
running 11257_1_QDPR_DHPR.txt.gz.annotated.gz.exclusions.gz.alleles.gz
finished 11257_1_QDPR_DHPR.txt.gz.annotated.gz.exclusions.gz.alleles.gz
running 11258_41_MADCAM1_MAdCAM_1.txt.gz.annotated.gz.exclusions.gz.alleles.gz
finished 11258_41_MADCAM1_MAdCAM_1.txt.gz.annotated.gz.exclusions.gz.alleles.gz
running 11260_47_SUN5_SPA4L.txt.gz.annotated.gz.exclusions.gz.alleles.gz
finished 11260_47_SUN5_SPA4L.txt.gz.annotated.gz.exclusions.gz.alleles.gz
running 11262_39_TRABD_TRABD.txt.gz.annotated.gz.exclusions.gz.alleles.gz
finished 11262_39_TRABD_TRABD.txt.gz.annotated.gz.exclusions.gz.alleles.gz
