running 4769_10_OLFM4_Olfactomedin_4.txt.gz.annotated.gz.exclusions.gz.alleles.gz
finished 4769_10_OLFM4_Olfactomedin_4.txt.gz.annotated.gz.exclusions.gz.alleles.gz
running 4771_10_SMPDL3A_ASM3A.txt.gz.annotated.gz.exclusions.gz.alleles.gz
finished 4771_10_SMPDL3A_ASM3A.txt.gz.annotated.gz.exclusions.gz.alleles.gz
running 4775_34_GSN_Gelsolin.txt.gz.annotated.gz.exclusions.gz.alleles.gz
finished 4775_34_GSN_Gelsolin.txt.gz.annotated.gz.exclusions.gz.alleles.gz
running 4785_30_SERPINA6_CBG.txt.gz.annotated.gz.exclusions.gz.alleles.gz
finished 4785_30_SERPINA6_CBG.txt.gz.annotated.gz.exclusions.gz.alleles.gz
running 4801_13_LPO_PERL.txt.gz.annotated.gz.exclusions.gz.alleles.gz
finished 4801_13_LPO_PERL.txt.gz.annotated.gz.exclusions.gz.alleles.gz
running 4807_13_COL8A1_CO8A1.txt.gz.annotated.gz.exclusions.gz.alleles.gz
finished 4807_13_COL8A1_CO8A1.txt.gz.annotated.gz.exclusions.gz.alleles.gz
running 4811_33_ITIH4_ITI_heavy_chain_H4.txt.gz.annotated.gz.exclusions.gz.alleles.gz
finished 4811_33_ITIH4_ITI_heavy_chain_H4.txt.gz.annotated.gz.exclusions.gz.alleles.gz
running 4829_43_SFN_STRATIFIN.txt.gz.annotated.gz.exclusions.gz.alleles.gz
finished 4829_43_SFN_STRATIFIN.txt.gz.annotated.gz.exclusions.gz.alleles.gz
running 4831_4_SELL_sL_Selectin.txt.gz.annotated.gz.exclusions.gz.alleles.gz
finished 4831_4_SELL_sL_Selectin.txt.gz.annotated.gz.exclusions.gz.alleles.gz
running 4832_75_TNFRSF10A_TRAIL_R1.txt.gz.annotated.gz.exclusions.gz.alleles.gz
finished 4832_75_TNFRSF10A_TRAIL_R1.txt.gz.annotated.gz.exclusions.gz.alleles.gz
running 4834_61_EPHA2_Epithelial_cell_kinase.txt.gz.annotated.gz.exclusions.gz.alleles.gz
finished 4834_61_EPHA2_Epithelial_cell_kinase.txt.gz.annotated.gz.exclusions.gz.alleles.gz
running 4840_73_CSF3_G_CSF.txt.gz.annotated.gz.exclusions.gz.alleles.gz
finished 4840_73_CSF3_G_CSF.txt.gz.annotated.gz.exclusions.gz.alleles.gz
running 4842_62_GPC3_Glypican_3.txt.gz.annotated.gz.exclusions.gz.alleles.gz
finished 4842_62_GPC3_Glypican_3.txt.gz.annotated.gz.exclusions.gz.alleles.gz
running 4851_25_IL1A_IL_1a.txt.gz.annotated.gz.exclusions.gz.alleles.gz
finished 4851_25_IL1A_IL_1a.txt.gz.annotated.gz.exclusions.gz.alleles.gz
running 4862_63_BMPR2_BMP_RII.txt.gz.annotated.gz.exclusions.gz.alleles.gz
finished 4862_63_BMPR2_BMP_RII.txt.gz.annotated.gz.exclusions.gz.alleles.gz
running 4866_59_NTRK2_TrkB.txt.gz.annotated.gz.exclusions.gz.alleles.gz
finished 4866_59_NTRK2_TrkB.txt.gz.annotated.gz.exclusions.gz.alleles.gz
running 4867_15_VEGFA_VEGF121.txt.gz.annotated.gz.exclusions.gz.alleles.gz
finished 4867_15_VEGFA_VEGF121.txt.gz.annotated.gz.exclusions.gz.alleles.gz
running 4874_3_ANG_Angiogenin.txt.gz.annotated.gz.exclusions.gz.alleles.gz
finished 4874_3_ANG_Angiogenin.txt.gz.annotated.gz.exclusions.gz.alleles.gz
running 4876_32_F9_Coagulation_Factor_IX.txt.gz.annotated.gz.exclusions.gz.alleles.gz
finished 4876_32_F9_Coagulation_Factor_IX.txt.gz.annotated.gz.exclusions.gz.alleles.gz
running 4878_3_F10_Coagulation_Factor_X.txt.gz.annotated.gz.exclusions.gz.alleles.gz
finished 4878_3_F10_Coagulation_Factor_X.txt.gz.annotated.gz.exclusions.gz.alleles.gz
running 4880_21_GDF2_GDF2.txt.gz.annotated.gz.exclusions.gz.alleles.gz
finished 4880_21_GDF2_GDF2.txt.gz.annotated.gz.exclusions.gz.alleles.gz
running 4883_56_INS_Insulin.txt.gz.annotated.gz.exclusions.gz.alleles.gz
finished 4883_56_INS_Insulin.txt.gz.annotated.gz.exclusions.gz.alleles.gz
running 4886_3_CCL7_MCP_3.txt.gz.annotated.gz.exclusions.gz.alleles.gz
finished 4886_3_CCL7_MCP_3.txt.gz.annotated.gz.exclusions.gz.alleles.gz
running 4889_82_WNT7A_WNT7A.txt.gz.annotated.gz.exclusions.gz.alleles.gz
finished 4889_82_WNT7A_WNT7A.txt.gz.annotated.gz.exclusions.gz.alleles.gz
running 4890_10_POMC_ACTH.txt.gz.annotated.gz.exclusions.gz.alleles.gz
finished 4890_10_POMC_ACTH.txt.gz.annotated.gz.exclusions.gz.alleles.gz
running 4891_50_GCG_Glucagon.txt.gz.annotated.gz.exclusions.gz.alleles.gz
finished 4891_50_GCG_Glucagon.txt.gz.annotated.gz.exclusions.gz.alleles.gz
running 4900_8_C3_C3a.txt.gz.annotated.gz.exclusions.gz.alleles.gz
finished 4900_8_C3_C3a.txt.gz.annotated.gz.exclusions.gz.alleles.gz
running 4904_7_CASP2_Caspase_2.txt.gz.annotated.gz.exclusions.gz.alleles.gz
finished 4904_7_CASP2_Caspase_2.txt.gz.annotated.gz.exclusions.gz.alleles.gz
running 4905_63_COTL1_Coactosin_like_protein.txt.gz.annotated.gz.exclusions.gz.alleles.gz
finished 4905_63_COTL1_Coactosin_like_protein.txt.gz.annotated.gz.exclusions.gz.alleles.gz
running 4906_35_F5_Coagulation_Factor_V.txt.gz.annotated.gz.exclusions.gz.alleles.gz
finished 4906_35_F5_Coagulation_Factor_V.txt.gz.annotated.gz.exclusions.gz.alleles.gz
running 4908_6_ENG_Endoglin.txt.gz.annotated.gz.exclusions.gz.alleles.gz
finished 4908_6_ENG_Endoglin.txt.gz.annotated.gz.exclusions.gz.alleles.gz
running 4909_68_LGALS8_Galectin_8.txt.gz.annotated.gz.exclusions.gz.alleles.gz
finished 4909_68_LGALS8_Galectin_8.txt.gz.annotated.gz.exclusions.gz.alleles.gz
running 4910_21_PLA2G1B_GIB.txt.gz.annotated.gz.exclusions.gz.alleles.gz
finished 4910_21_PLA2G1B_GIB.txt.gz.annotated.gz.exclusions.gz.alleles.gz
running 4911_49_GSTP1_Glutathione_S_transferase_Pi.txt.gz.annotated.gz.exclusions.gz.alleles.gz
finished 4911_49_GSTP1_Glutathione_S_transferase_Pi.txt.gz.annotated.gz.exclusions.gz.alleles.gz
running 4912_17_GOT1_GOT1.txt.gz.annotated.gz.exclusions.gz.alleles.gz
finished 4912_17_GOT1_GOT1.txt.gz.annotated.gz.exclusions.gz.alleles.gz
running 4913_78_CCL16_HCC_4.txt.gz.annotated.gz.exclusions.gz.alleles.gz
finished 4913_78_CCL16_HCC_4.txt.gz.annotated.gz.exclusions.gz.alleles.gz
running 4920_10_LYZ_Lysozyme.txt.gz.annotated.gz.exclusions.gz.alleles.gz
finished 4920_10_LYZ_Lysozyme.txt.gz.annotated.gz.exclusions.gz.alleles.gz
running 4922_13_CCL19_MIP_3b.txt.gz.annotated.gz.exclusions.gz.alleles.gz
finished 4922_13_CCL19_MIP_3b.txt.gz.annotated.gz.exclusions.gz.alleles.gz
running 4923_79_AMH_MIS.txt.gz.annotated.gz.exclusions.gz.alleles.gz
finished 4923_79_AMH_MIS.txt.gz.annotated.gz.exclusions.gz.alleles.gz
running 4924_32_MMP1_MMP_1.txt.gz.annotated.gz.exclusions.gz.alleles.gz
finished 4924_32_MMP1_MMP_1.txt.gz.annotated.gz.exclusions.gz.alleles.gz
running 4925_54_MMP13_MMP_13.txt.gz.annotated.gz.exclusions.gz.alleles.gz
finished 4925_54_MMP13_MMP_13.txt.gz.annotated.gz.exclusions.gz.alleles.gz
running 4929_55_SHBG_SHBG.txt.gz.annotated.gz.exclusions.gz.alleles.gz
finished 4929_55_SHBG_SHBG.txt.gz.annotated.gz.exclusions.gz.alleles.gz
running 4930_21_STC1_Stanniocalcin_1.txt.gz.annotated.gz.exclusions.gz.alleles.gz
finished 4930_21_STC1_Stanniocalcin_1.txt.gz.annotated.gz.exclusions.gz.alleles.gz
running 4931_59_F3_TF.txt.gz.annotated.gz.exclusions.gz.alleles.gz
finished 4931_59_F3_TF.txt.gz.annotated.gz.exclusions.gz.alleles.gz
running 4956_2_EREG_EPI.txt.gz.annotated.gz.exclusions.gz.alleles.gz
finished 4956_2_EREG_EPI.txt.gz.annotated.gz.exclusions.gz.alleles.gz
running 4959_2_AGR2_AGR2.txt.gz.annotated.gz.exclusions.gz.alleles.gz
finished 4959_2_AGR2_AGR2.txt.gz.annotated.gz.exclusions.gz.alleles.gz
running 4960_72_ANXA1_annexin_I.txt.gz.annotated.gz.exclusions.gz.alleles.gz
finished 4960_72_ANXA1_annexin_I.txt.gz.annotated.gz.exclusions.gz.alleles.gz
running 4961_17_ANXA2_annexin_II.txt.gz.annotated.gz.exclusions.gz.alleles.gz
finished 4961_17_ANXA2_annexin_II.txt.gz.annotated.gz.exclusions.gz.alleles.gz
running 4962_52_CDNF_ARMEL.txt.gz.annotated.gz.exclusions.gz.alleles.gz
finished 4962_52_CDNF_ARMEL.txt.gz.annotated.gz.exclusions.gz.alleles.gz
running 4963_19_ARPP19_ARP19.txt.gz.annotated.gz.exclusions.gz.alleles.gz
finished 4963_19_ARPP19_ARP19.txt.gz.annotated.gz.exclusions.gz.alleles.gz
running 4964_67_ERAP1_ARTS1.txt.gz.annotated.gz.exclusions.gz.alleles.gz
finished 4964_67_ERAP1_ARTS1.txt.gz.annotated.gz.exclusions.gz.alleles.gz
running 4965_27_ATP5B_ATP_synthase_beta_chain.txt.gz.annotated.gz.exclusions.gz.alleles.gz
finished 4965_27_ATP5B_ATP_synthase_beta_chain.txt.gz.annotated.gz.exclusions.gz.alleles.gz
running 4967_1_C1QBP_C1QBP.txt.gz.annotated.gz.exclusions.gz.alleles.gz
finished 4967_1_C1QBP_C1QBP.txt.gz.annotated.gz.exclusions.gz.alleles.gz
running 4968_50_CAPG_CAPG.txt.gz.annotated.gz.exclusions.gz.alleles.gz
finished 4968_50_CAPG_CAPG.txt.gz.annotated.gz.exclusions.gz.alleles.gz
running 4969_2_CA1_Carbonic_anhydrase_I.txt.gz.annotated.gz.exclusions.gz.alleles.gz
finished 4969_2_CA1_Carbonic_anhydrase_I.txt.gz.annotated.gz.exclusions.gz.alleles.gz
running 4970_55_CA2_carbonic_anhydrase_II.txt.gz.annotated.gz.exclusions.gz.alleles.gz
finished 4970_55_CA2_carbonic_anhydrase_II.txt.gz.annotated.gz.exclusions.gz.alleles.gz
running 4971_1_CTSZ_CATZ.txt.gz.annotated.gz.exclusions.gz.alleles.gz
finished 4971_1_CTSZ_CATZ.txt.gz.annotated.gz.exclusions.gz.alleles.gz
running 4973_18_BIRC3_cIAP_2.txt.gz.annotated.gz.exclusions.gz.alleles.gz
finished 4973_18_BIRC3_cIAP_2.txt.gz.annotated.gz.exclusions.gz.alleles.gz
running 4976_57_CRK_CRK.txt.gz.annotated.gz.exclusions.gz.alleles.gz
finished 4976_57_CRK_CRK.txt.gz.annotated.gz.exclusions.gz.alleles.gz
running 4978_54_DBNL_DBNL.txt.gz.annotated.gz.exclusions.gz.alleles.gz
finished 4978_54_DBNL_DBNL.txt.gz.annotated.gz.exclusions.gz.alleles.gz
running 4979_34_DPT_DERM.txt.gz.annotated.gz.exclusions.gz.alleles.gz
finished 4979_34_DPT_DERM.txt.gz.annotated.gz.exclusions.gz.alleles.gz
running 4981_6_DSC3_DSC3.txt.gz.annotated.gz.exclusions.gz.alleles.gz
finished 4981_6_DSC3_DSC3.txt.gz.annotated.gz.exclusions.gz.alleles.gz
running 4982_54_PI3_Elafin.txt.gz.annotated.gz.exclusions.gz.alleles.gz
finished 4982_54_PI3_Elafin.txt.gz.annotated.gz.exclusions.gz.alleles.gz
running 4984_83_ESD_Esterase_D.txt.gz.annotated.gz.exclusions.gz.alleles.gz
finished 4984_83_ESD_Esterase_D.txt.gz.annotated.gz.exclusions.gz.alleles.gz
running 4985_11_FABP5_FABPE.txt.gz.annotated.gz.exclusions.gz.alleles.gz
finished 4985_11_FABP5_FABPE.txt.gz.annotated.gz.exclusions.gz.alleles.gz
running 4986_59_PTK2_FAK1.txt.gz.annotated.gz.exclusions.gz.alleles.gz
finished 4986_59_PTK2_FAK1.txt.gz.annotated.gz.exclusions.gz.alleles.gz
running 4987_17_FCAR_FCAR.txt.gz.annotated.gz.exclusions.gz.alleles.gz
finished 4987_17_FCAR_FCAR.txt.gz.annotated.gz.exclusions.gz.alleles.gz
running 4988_49_FGFR4_FGFR4.txt.gz.annotated.gz.exclusions.gz.alleles.gz
finished 4988_49_FGFR4_FGFR4.txt.gz.annotated.gz.exclusions.gz.alleles.gz
running 4989_7_FGG_Fibrinogen_g_chain_dimer.txt.gz.annotated.gz.exclusions.gz.alleles.gz
finished 4989_7_FGG_Fibrinogen_g_chain_dimer.txt.gz.annotated.gz.exclusions.gz.alleles.gz
running 4990_87_GP1BA_GP1BA.txt.gz.annotated.gz.exclusions.gz.alleles.gz
finished 4990_87_GP1BA_GP1BA.txt.gz.annotated.gz.exclusions.gz.alleles.gz
running 4991_12_GPC5_GPC5.txt.gz.annotated.gz.exclusions.gz.alleles.gz
finished 4991_12_GPC5_GPC5.txt.gz.annotated.gz.exclusions.gz.alleles.gz
running 4992_49_GRN_GRN.txt.gz.annotated.gz.exclusions.gz.alleles.gz
finished 4992_49_GRN_GRN.txt.gz.annotated.gz.exclusions.gz.alleles.gz
running 4993_16_GSTA3_GSTA3.txt.gz.annotated.gz.exclusions.gz.alleles.gz
finished 4993_16_GSTA3_GSTA3.txt.gz.annotated.gz.exclusions.gz.alleles.gz
running 4995_16_HPGD_HPG_.txt.gz.annotated.gz.exclusions.gz.alleles.gz
finished 4995_16_HPGD_HPG_.txt.gz.annotated.gz.exclusions.gz.alleles.gz
running 4996_66_HRG_HRG.txt.gz.annotated.gz.exclusions.gz.alleles.gz
finished 4996_66_HRG_HRG.txt.gz.annotated.gz.exclusions.gz.alleles.gz
running 4997_19_EIF4A3_IF4A3.txt.gz.annotated.gz.exclusions.gz.alleles.gz
finished 4997_19_EIF4A3_IF4A3.txt.gz.annotated.gz.exclusions.gz.alleles.gz
running 5000_52_LGALS3BP_LG3BP.txt.gz.annotated.gz.exclusions.gz.alleles.gz
finished 5000_52_LGALS3BP_LG3BP.txt.gz.annotated.gz.exclusions.gz.alleles.gz
running 5001_6_SCGB2A1_Mammaglobin_2.txt.gz.annotated.gz.exclusions.gz.alleles.gz
finished 5001_6_SCGB2A1_Mammaglobin_2.txt.gz.annotated.gz.exclusions.gz.alleles.gz
running 5002_76_MMP14_MMP_14.txt.gz.annotated.gz.exclusions.gz.alleles.gz
finished 5002_76_MMP14_MMP_14.txt.gz.annotated.gz.exclusions.gz.alleles.gz
running 5004_69_MAPK11_MK11.txt.gz.annotated.gz.exclusions.gz.alleles.gz
finished 5004_69_MAPK11_MK11.txt.gz.annotated.gz.exclusions.gz.alleles.gz
running 5005_4_MAPK12_MK12.txt.gz.annotated.gz.exclusions.gz.alleles.gz
finished 5005_4_MAPK12_MK12.txt.gz.annotated.gz.exclusions.gz.alleles.gz
running 5006_71_MAPK13_MK13.txt.gz.annotated.gz.exclusions.gz.alleles.gz
finished 5006_71_MAPK13_MK13.txt.gz.annotated.gz.exclusions.gz.alleles.gz
running 5007_1_MAPK14_MAPK14.txt.gz.annotated.gz.exclusions.gz.alleles.gz
finished 5007_1_MAPK14_MAPK14.txt.gz.annotated.gz.exclusions.gz.alleles.gz
running 5008_51_SOD2_Mn_SOD.txt.gz.annotated.gz.exclusions.gz.alleles.gz
finished 5008_51_SOD2_Mn_SOD.txt.gz.annotated.gz.exclusions.gz.alleles.gz
running 5009_11_MSN_Moesin.txt.gz.annotated.gz.exclusions.gz.alleles.gz
finished 5009_11_MSN_Moesin.txt.gz.annotated.gz.exclusions.gz.alleles.gz
running 5011_11_NAMPT_PBEF.txt.gz.annotated.gz.exclusions.gz.alleles.gz
finished 5011_11_NAMPT_PBEF.txt.gz.annotated.gz.exclusions.gz.alleles.gz
running 5012_67_AK1_Myokinase__human.txt.gz.annotated.gz.exclusions.gz.alleles.gz
finished 5012_67_AK1_Myokinase__human.txt.gz.annotated.gz.exclusions.gz.alleles.gz
running 5013_2_CLIC1_NCC27.txt.gz.annotated.gz.exclusions.gz.alleles.gz
finished 5013_2_CLIC1_NCC27.txt.gz.annotated.gz.exclusions.gz.alleles.gz
running 5014_49_NCK1_NCK1.txt.gz.annotated.gz.exclusions.gz.alleles.gz
finished 5014_49_NCK1_NCK1.txt.gz.annotated.gz.exclusions.gz.alleles.gz
running 5015_15_PLA2G7_PAFAH.txt.gz.annotated.gz.exclusions.gz.alleles.gz
finished 5015_15_PLA2G7_PAFAH.txt.gz.annotated.gz.exclusions.gz.alleles.gz
running 5017_19_PRDX5_Peroxiredoxin_5.txt.gz.annotated.gz.exclusions.gz.alleles.gz
finished 5017_19_PRDX5_Peroxiredoxin_5.txt.gz.annotated.gz.exclusions.gz.alleles.gz
running 5018_68_PRDX6_Peroxiredoxin_6.txt.gz.annotated.gz.exclusions.gz.alleles.gz
finished 5018_68_PRDX6_Peroxiredoxin_6.txt.gz.annotated.gz.exclusions.gz.alleles.gz
running 5019_16_UCHL1_PGP9_5.txt.gz.annotated.gz.exclusions.gz.alleles.gz
finished 5019_16_UCHL1_PGP9_5.txt.gz.annotated.gz.exclusions.gz.alleles.gz
running 5020_50_PGK1_phosphoglycerate_kinase_1.txt.gz.annotated.gz.exclusions.gz.alleles.gz
finished 5020_50_PGK1_phosphoglycerate_kinase_1.txt.gz.annotated.gz.exclusions.gz.alleles.gz
running 5021_13_PPA1_PPase.txt.gz.annotated.gz.exclusions.gz.alleles.gz
finished 5021_13_PPA1_PPase.txt.gz.annotated.gz.exclusions.gz.alleles.gz
running 5023_23_ADSL_PUR8.txt.gz.annotated.gz.exclusions.gz.alleles.gz
finished 5023_23_ADSL_PUR8.txt.gz.annotated.gz.exclusions.gz.alleles.gz
running 5024_67_RB1_Rb.txt.gz.annotated.gz.exclusions.gz.alleles.gz
finished 5024_67_RB1_Rb.txt.gz.annotated.gz.exclusions.gz.alleles.gz
running 5026_66_RPS3_RS3.txt.gz.annotated.gz.exclusions.gz.alleles.gz
finished 5026_66_RPS3_RS3.txt.gz.annotated.gz.exclusions.gz.alleles.gz
running 5028_59_CD163_sCD163.txt.gz.annotated.gz.exclusions.gz.alleles.gz
finished 5028_59_CD163_sCD163.txt.gz.annotated.gz.exclusions.gz.alleles.gz
running 5029_3_FAP_SEPR.txt.gz.annotated.gz.exclusions.gz.alleles.gz
finished 5029_3_FAP_SEPR.txt.gz.annotated.gz.exclusions.gz.alleles.gz
running 5030_52_SIRT2_SIRT2.txt.gz.annotated.gz.exclusions.gz.alleles.gz
finished 5030_52_SIRT2_SIRT2.txt.gz.annotated.gz.exclusions.gz.alleles.gz
running 5031_10_SPTAN1_SPTA2.txt.gz.annotated.gz.exclusions.gz.alleles.gz
finished 5031_10_SPTAN1_SPTA2.txt.gz.annotated.gz.exclusions.gz.alleles.gz
running 5032_64_SSRP1_SSRP1.txt.gz.annotated.gz.exclusions.gz.alleles.gz
finished 5032_64_SSRP1_SSRP1.txt.gz.annotated.gz.exclusions.gz.alleles.gz
running 5033_27_TPM1_Tropomyosin_1_alpha_chain.txt.gz.annotated.gz.exclusions.gz.alleles.gz
finished 5033_27_TPM1_Tropomyosin_1_alpha_chain.txt.gz.annotated.gz.exclusions.gz.alleles.gz
running 5034_79_PRSS2_Trypsin_2.txt.gz.annotated.gz.exclusions.gz.alleles.gz
finished 5034_79_PRSS2_Trypsin_2.txt.gz.annotated.gz.exclusions.gz.alleles.gz
running 5035_7_TYMS_TS.txt.gz.annotated.gz.exclusions.gz.alleles.gz
finished 5035_7_TYMS_TS.txt.gz.annotated.gz.exclusions.gz.alleles.gz
running 5036_50_TNFAIP6_TSG_6.txt.gz.annotated.gz.exclusions.gz.alleles.gz
finished 5036_50_TNFAIP6_TSG_6.txt.gz.annotated.gz.exclusions.gz.alleles.gz
running 5060_62_CD274_B7_H1.txt.gz.annotated.gz.exclusions.gz.alleles.gz
finished 5060_62_CD274_B7_H1.txt.gz.annotated.gz.exclusions.gz.alleles.gz
running 5061_27_ICOSLG_B7_H2.txt.gz.annotated.gz.exclusions.gz.alleles.gz
finished 5061_27_ICOSLG_B7_H2.txt.gz.annotated.gz.exclusions.gz.alleles.gz
