running 8874_53_CLN5_CLN5.txt.gz.annotated.gz.exclusions.gz.alleles.gz
finished 8874_53_CLN5_CLN5.txt.gz.annotated.gz.exclusions.gz.alleles.gz
running 8876_51_NRXN2_NRX2B.txt.gz.annotated.gz.exclusions.gz.alleles.gz
finished 8876_51_NRXN2_NRX2B.txt.gz.annotated.gz.exclusions.gz.alleles.gz
running 8877_22_EVA1C_F176C.txt.gz.annotated.gz.exclusions.gz.alleles.gz
finished 8877_22_EVA1C_F176C.txt.gz.annotated.gz.exclusions.gz.alleles.gz
running 8878_48_YTHDC1_YTDC1.txt.gz.annotated.gz.exclusions.gz.alleles.gz
finished 8878_48_YTHDC1_YTDC1.txt.gz.annotated.gz.exclusions.gz.alleles.gz
running 8882_1_ADAM17_ADAM_17.txt.gz.annotated.gz.exclusions.gz.alleles.gz
finished 8882_1_ADAM17_ADAM_17.txt.gz.annotated.gz.exclusions.gz.alleles.gz
running 8885_6_CACNA2D3_CA2D3.txt.gz.annotated.gz.exclusions.gz.alleles.gz
finished 8885_6_CACNA2D3_CA2D3.txt.gz.annotated.gz.exclusions.gz.alleles.gz
running 8887_21_NUDC_NUDC.txt.gz.annotated.gz.exclusions.gz.alleles.gz
finished 8887_21_NUDC_NUDC.txt.gz.annotated.gz.exclusions.gz.alleles.gz
running 8888_33_SMIM9_CX068.txt.gz.annotated.gz.exclusions.gz.alleles.gz
finished 8888_33_SMIM9_CX068.txt.gz.annotated.gz.exclusions.gz.alleles.gz
running 8889_5_CCPG1_CCPG1.txt.gz.annotated.gz.exclusions.gz.alleles.gz
finished 8889_5_CCPG1_CCPG1.txt.gz.annotated.gz.exclusions.gz.alleles.gz
running 8890_9_TMEM132B_T132B.txt.gz.annotated.gz.exclusions.gz.alleles.gz
finished 8890_9_TMEM132B_T132B.txt.gz.annotated.gz.exclusions.gz.alleles.gz
running 8891_7_CPVL_CPVL.txt.gz.annotated.gz.exclusions.gz.alleles.gz
finished 8891_7_CPVL_CPVL.txt.gz.annotated.gz.exclusions.gz.alleles.gz
running 8892_14_PEAR1_PEAR1.txt.gz.annotated.gz.exclusions.gz.alleles.gz
finished 8892_14_PEAR1_PEAR1.txt.gz.annotated.gz.exclusions.gz.alleles.gz
running 8893_29_PARP1_PARP.txt.gz.annotated.gz.exclusions.gz.alleles.gz
finished 8893_29_PARP1_PARP.txt.gz.annotated.gz.exclusions.gz.alleles.gz
running 8894_80_HNRNPAB_hnRNP_A_B.txt.gz.annotated.gz.exclusions.gz.alleles.gz
finished 8894_80_HNRNPAB_hnRNP_A_B.txt.gz.annotated.gz.exclusions.gz.alleles.gz
running 8897_3_LRRC37A2_L37A2.txt.gz.annotated.gz.exclusions.gz.alleles.gz
finished 8897_3_LRRC37A2_L37A2.txt.gz.annotated.gz.exclusions.gz.alleles.gz
running 8899_75_UGT1A8_UD18.txt.gz.annotated.gz.exclusions.gz.alleles.gz
finished 8899_75_UGT1A8_UD18.txt.gz.annotated.gz.exclusions.gz.alleles.gz
running 8900_28_NEO1_NEO1.txt.gz.annotated.gz.exclusions.gz.alleles.gz
finished 8900_28_NEO1_NEO1.txt.gz.annotated.gz.exclusions.gz.alleles.gz
running 8903_1_COX6C_COX6C.txt.gz.annotated.gz.exclusions.gz.alleles.gz
finished 8903_1_COX6C_COX6C.txt.gz.annotated.gz.exclusions.gz.alleles.gz
running 8905_20_KCNMB3_KCMB3.txt.gz.annotated.gz.exclusions.gz.alleles.gz
finished 8905_20_KCNMB3_KCMB3.txt.gz.annotated.gz.exclusions.gz.alleles.gz
running 8906_60_LRTM2_LRTM2.txt.gz.annotated.gz.exclusions.gz.alleles.gz
finished 8906_60_LRTM2_LRTM2.txt.gz.annotated.gz.exclusions.gz.alleles.gz
running 8907_11_UGT2A1_UD2A1.txt.gz.annotated.gz.exclusions.gz.alleles.gz
finished 8907_11_UGT2A1_UD2A1.txt.gz.annotated.gz.exclusions.gz.alleles.gz
running 8908_14_KCNE5_KCE1L.txt.gz.annotated.gz.exclusions.gz.alleles.gz
finished 8908_14_KCNE5_KCE1L.txt.gz.annotated.gz.exclusions.gz.alleles.gz
running 8909_77_GNPDA1_GNPI1.txt.gz.annotated.gz.exclusions.gz.alleles.gz
finished 8909_77_GNPDA1_GNPI1.txt.gz.annotated.gz.exclusions.gz.alleles.gz
running 8913_22_SIGLEC11_SIG11.txt.gz.annotated.gz.exclusions.gz.alleles.gz
finished 8913_22_SIGLEC11_SIG11.txt.gz.annotated.gz.exclusions.gz.alleles.gz
running 8916_32_STIM1_STIM1.txt.gz.annotated.gz.exclusions.gz.alleles.gz
finished 8916_32_STIM1_STIM1.txt.gz.annotated.gz.exclusions.gz.alleles.gz
running 8918_64_PTK2B_FAK2.txt.gz.annotated.gz.exclusions.gz.alleles.gz
finished 8918_64_PTK2B_FAK2.txt.gz.annotated.gz.exclusions.gz.alleles.gz
running 8921_139_PABPN1_PABP2.txt.gz.annotated.gz.exclusions.gz.alleles.gz
finished 8921_139_PABPN1_PABP2.txt.gz.annotated.gz.exclusions.gz.alleles.gz
running 8922_4_TMCC3_TMCC3.txt.gz.annotated.gz.exclusions.gz.alleles.gz
finished 8922_4_TMCC3_TMCC3.txt.gz.annotated.gz.exclusions.gz.alleles.gz
running 8923_94_GALNT16_GLTL1.txt.gz.annotated.gz.exclusions.gz.alleles.gz
finished 8923_94_GALNT16_GLTL1.txt.gz.annotated.gz.exclusions.gz.alleles.gz
running 8924_55_CALY_CALY.txt.gz.annotated.gz.exclusions.gz.alleles.gz
finished 8924_55_CALY_CALY.txt.gz.annotated.gz.exclusions.gz.alleles.gz
running 8925_25_RRM2B_RIR2B.txt.gz.annotated.gz.exclusions.gz.alleles.gz
finished 8925_25_RRM2B_RIR2B.txt.gz.annotated.gz.exclusions.gz.alleles.gz
running 8927_6_C7orf73_CG073.txt.gz.annotated.gz.exclusions.gz.alleles.gz
finished 8927_6_C7orf73_CG073.txt.gz.annotated.gz.exclusions.gz.alleles.gz
running 8929_7_BDP1_BDP1.txt.gz.annotated.gz.exclusions.gz.alleles.gz
finished 8929_7_BDP1_BDP1.txt.gz.annotated.gz.exclusions.gz.alleles.gz
running 8931_124_G0S2_G0S2.txt.gz.annotated.gz.exclusions.gz.alleles.gz
finished 8931_124_G0S2_G0S2.txt.gz.annotated.gz.exclusions.gz.alleles.gz
running 8932_1_ENTPD6_ENTP6.txt.gz.annotated.gz.exclusions.gz.alleles.gz
finished 8932_1_ENTPD6_ENTP6.txt.gz.annotated.gz.exclusions.gz.alleles.gz
running 8933_84_MEF2C_MEF2C.txt.gz.annotated.gz.exclusions.gz.alleles.gz
finished 8933_84_MEF2C_MEF2C.txt.gz.annotated.gz.exclusions.gz.alleles.gz
running 8935_22_ABCC6_MRP6.txt.gz.annotated.gz.exclusions.gz.alleles.gz
finished 8935_22_ABCC6_MRP6.txt.gz.annotated.gz.exclusions.gz.alleles.gz
running 8941_4_NLGN3_NLGN3.txt.gz.annotated.gz.exclusions.gz.alleles.gz
finished 8941_4_NLGN3_NLGN3.txt.gz.annotated.gz.exclusions.gz.alleles.gz
running 8942_2_MRPL21_RM21.txt.gz.annotated.gz.exclusions.gz.alleles.gz
finished 8942_2_MRPL21_RM21.txt.gz.annotated.gz.exclusions.gz.alleles.gz
running 8945_7_FAM175B_F175B.txt.gz.annotated.gz.exclusions.gz.alleles.gz
finished 8945_7_FAM175B_F175B.txt.gz.annotated.gz.exclusions.gz.alleles.gz
running 8946_38_NR1H4_NR1H4.txt.gz.annotated.gz.exclusions.gz.alleles.gz
finished 8946_38_NR1H4_NR1H4.txt.gz.annotated.gz.exclusions.gz.alleles.gz
running 8948_13_ADAM19_ADA19.txt.gz.annotated.gz.exclusions.gz.alleles.gz
finished 8948_13_ADAM19_ADA19.txt.gz.annotated.gz.exclusions.gz.alleles.gz
running 8950_4_CLCA2_CLCA2.txt.gz.annotated.gz.exclusions.gz.alleles.gz
finished 8950_4_CLCA2_CLCA2.txt.gz.annotated.gz.exclusions.gz.alleles.gz
running 8951_162_CSPG4_CSPG4.txt.gz.annotated.gz.exclusions.gz.alleles.gz
finished 8951_162_CSPG4_CSPG4.txt.gz.annotated.gz.exclusions.gz.alleles.gz
running 8953_47_HDGF_HDGF.txt.gz.annotated.gz.exclusions.gz.alleles.gz
finished 8953_47_HDGF_HDGF.txt.gz.annotated.gz.exclusions.gz.alleles.gz
running 8954_30_MAP4K1_M4K1.txt.gz.annotated.gz.exclusions.gz.alleles.gz
finished 8954_30_MAP4K1_M4K1.txt.gz.annotated.gz.exclusions.gz.alleles.gz
running 8955_60_GLT8D1_GL8D1.txt.gz.annotated.gz.exclusions.gz.alleles.gz
finished 8955_60_GLT8D1_GL8D1.txt.gz.annotated.gz.exclusions.gz.alleles.gz
running 8956_96_SCARF2_SREC_II.txt.gz.annotated.gz.exclusions.gz.alleles.gz
finished 8956_96_SCARF2_SREC_II.txt.gz.annotated.gz.exclusions.gz.alleles.gz
running 8957_72_ERLEC1_XTP3B.txt.gz.annotated.gz.exclusions.gz.alleles.gz
finished 8957_72_ERLEC1_XTP3B.txt.gz.annotated.gz.exclusions.gz.alleles.gz
running 8958_51_CHL1_CHL1.txt.gz.annotated.gz.exclusions.gz.alleles.gz
finished 8958_51_CHL1_CHL1.txt.gz.annotated.gz.exclusions.gz.alleles.gz
running 8959_61_ADAM17_ADAM_17.txt.gz.annotated.gz.exclusions.gz.alleles.gz
finished 8959_61_ADAM17_ADAM_17.txt.gz.annotated.gz.exclusions.gz.alleles.gz
running 8960_3_ERAP2_LRAP.txt.gz.annotated.gz.exclusions.gz.alleles.gz
finished 8960_3_ERAP2_LRAP.txt.gz.annotated.gz.exclusions.gz.alleles.gz
running 8962_48_RPS6KB1_KS6B1.txt.gz.annotated.gz.exclusions.gz.alleles.gz
finished 8962_48_RPS6KB1_KS6B1.txt.gz.annotated.gz.exclusions.gz.alleles.gz
running 8963_8_VTI1B_Vti1_rp1.txt.gz.annotated.gz.exclusions.gz.alleles.gz
finished 8963_8_VTI1B_Vti1_rp1.txt.gz.annotated.gz.exclusions.gz.alleles.gz
running 8967_6_DUSP26_DUS26.txt.gz.annotated.gz.exclusions.gz.alleles.gz
finished 8967_6_DUSP26_DUS26.txt.gz.annotated.gz.exclusions.gz.alleles.gz
running 8969_49_CD14_CD14.txt.gz.annotated.gz.exclusions.gz.alleles.gz
finished 8969_49_CD14_CD14.txt.gz.annotated.gz.exclusions.gz.alleles.gz
running 8970_9_RIPK2_RIPK2.txt.gz.annotated.gz.exclusions.gz.alleles.gz
finished 8970_9_RIPK2_RIPK2.txt.gz.annotated.gz.exclusions.gz.alleles.gz
running 8971_9_NRXN1_NRX1A.txt.gz.annotated.gz.exclusions.gz.alleles.gz
finished 8971_9_NRXN1_NRX1A.txt.gz.annotated.gz.exclusions.gz.alleles.gz
running 8973_23_FCRL4_FCRL4.txt.gz.annotated.gz.exclusions.gz.alleles.gz
finished 8973_23_FCRL4_FCRL4.txt.gz.annotated.gz.exclusions.gz.alleles.gz
running 8974_172_COL15A1_COFA1.txt.gz.annotated.gz.exclusions.gz.alleles.gz
finished 8974_172_COL15A1_COFA1.txt.gz.annotated.gz.exclusions.gz.alleles.gz
running 8975_26_RQCD1_RCD1.txt.gz.annotated.gz.exclusions.gz.alleles.gz
finished 8975_26_RQCD1_RCD1.txt.gz.annotated.gz.exclusions.gz.alleles.gz
running 8976_13_B4GALNT1_B4GN1.txt.gz.annotated.gz.exclusions.gz.alleles.gz
finished 8976_13_B4GALNT1_B4GN1.txt.gz.annotated.gz.exclusions.gz.alleles.gz
running 8978_30_MAP4K3_M4K3.txt.gz.annotated.gz.exclusions.gz.alleles.gz
finished 8978_30_MAP4K3_M4K3.txt.gz.annotated.gz.exclusions.gz.alleles.gz
running 8980_19_CD200R1L_MO2R2.txt.gz.annotated.gz.exclusions.gz.alleles.gz
finished 8980_19_CD200R1L_MO2R2.txt.gz.annotated.gz.exclusions.gz.alleles.gz
running 8982_65_THBS3_TSP3.txt.gz.annotated.gz.exclusions.gz.alleles.gz
finished 8982_65_THBS3_TSP3.txt.gz.annotated.gz.exclusions.gz.alleles.gz
running 8983_7_GOLM1_GOLM1.txt.gz.annotated.gz.exclusions.gz.alleles.gz
finished 8983_7_GOLM1_GOLM1.txt.gz.annotated.gz.exclusions.gz.alleles.gz
running 8985_13_SERAC1_SRAC1.txt.gz.annotated.gz.exclusions.gz.alleles.gz
finished 8985_13_SERAC1_SRAC1.txt.gz.annotated.gz.exclusions.gz.alleles.gz
running 8989_40_SCUBE1_SCUB1.txt.gz.annotated.gz.exclusions.gz.alleles.gz
finished 8989_40_SCUBE1_SCUB1.txt.gz.annotated.gz.exclusions.gz.alleles.gz
running 8990_42_ATP1B3_AT1B3.txt.gz.annotated.gz.exclusions.gz.alleles.gz
finished 8990_42_ATP1B3_AT1B3.txt.gz.annotated.gz.exclusions.gz.alleles.gz
running 8991_115_FCRL4_FCRL4.txt.gz.annotated.gz.exclusions.gz.alleles.gz
finished 8991_115_FCRL4_FCRL4.txt.gz.annotated.gz.exclusions.gz.alleles.gz
running 8992_1_TMEM2_TMEM2.txt.gz.annotated.gz.exclusions.gz.alleles.gz
finished 8992_1_TMEM2_TMEM2.txt.gz.annotated.gz.exclusions.gz.alleles.gz
running 8993_151_RIPK2_RIPK2.txt.gz.annotated.gz.exclusions.gz.alleles.gz
finished 8993_151_RIPK2_RIPK2.txt.gz.annotated.gz.exclusions.gz.alleles.gz
running 8994_65_SLAMF8_SLAMF8.txt.gz.annotated.gz.exclusions.gz.alleles.gz
finished 8994_65_SLAMF8_SLAMF8.txt.gz.annotated.gz.exclusions.gz.alleles.gz
running 8998_15_HS3ST4_HS3S4.txt.gz.annotated.gz.exclusions.gz.alleles.gz
finished 8998_15_HS3ST4_HS3S4.txt.gz.annotated.gz.exclusions.gz.alleles.gz
running 8999_19_CEACAM3_CEAM3.txt.gz.annotated.gz.exclusions.gz.alleles.gz
finished 8999_19_CEACAM3_CEAM3.txt.gz.annotated.gz.exclusions.gz.alleles.gz
running 9000_177_SLC3A1_SLC31.txt.gz.annotated.gz.exclusions.gz.alleles.gz
finished 9000_177_SLC3A1_SLC31.txt.gz.annotated.gz.exclusions.gz.alleles.gz
running 9002_36_SERPINA11_SPA11.txt.gz.annotated.gz.exclusions.gz.alleles.gz
finished 9002_36_SERPINA11_SPA11.txt.gz.annotated.gz.exclusions.gz.alleles.gz
running 9003_99_MARCO_MARCO.txt.gz.annotated.gz.exclusions.gz.alleles.gz
finished 9003_99_MARCO_MARCO.txt.gz.annotated.gz.exclusions.gz.alleles.gz
running 9004_24_LDLRAD4_CR001.txt.gz.annotated.gz.exclusions.gz.alleles.gz
finished 9004_24_LDLRAD4_CR001.txt.gz.annotated.gz.exclusions.gz.alleles.gz
running 9005_16_PLXNA1_PLXA1.txt.gz.annotated.gz.exclusions.gz.alleles.gz
finished 9005_16_PLXNA1_PLXA1.txt.gz.annotated.gz.exclusions.gz.alleles.gz
