running AIDA_Q96BJ3_OID30956.gz
finished AIDA_Q96BJ3_OID30956.gz
running AIF1L_Q9BQI0_OID30204.gz
finished AIF1L_Q9BQI0_OID30204.gz
running AIF1_P55008_OID21234.gz
finished AIF1_P55008_OID21234.gz
running AIFM1_O95831_OID21287.gz
finished AIFM1_O95831_OID21287.gz
running AK1_P00568_OID20122.gz
finished AK1_P00568_OID20122.gz
running AK2_P54819_OID31142.gz
finished AK2_P54819_OID31142.gz
running AKAP12_Q02952_OID30571.gz
finished AKAP12_Q02952_OID30571.gz
running AKR1B10_O60218_OID30955.gz
finished AKR1B10_O60218_OID30955.gz
running AKR1B1_P15121_OID21244.gz
finished AKR1B1_P15121_OID21244.gz
running AKR1C4_P17516_OID20062.gz
finished AKR1C4_P17516_OID20062.gz
running AKR7L_Q8NHP1_OID30488.gz
finished AKR7L_Q8NHP1_OID30488.gz
running AKT1S1_Q96B36_OID20895.gz
finished AKT1S1_Q96B36_OID20895.gz
running AKT2_P31751_OID31052.gz
finished AKT2_P31751_OID31052.gz
running AKT3_Q9Y243_OID21197.gz
finished AKT3_Q9Y243_OID21197.gz
running ALCAM_Q13740_OID20273.gz
finished ALCAM_Q13740_OID20273.gz
running ALDH1A1_P00352_OID21128.gz
finished ALDH1A1_P00352_OID21128.gz
running ALDH2_P05091_OID31380.gz
finished ALDH2_P05091_OID31380.gz
running ALDH3A1_P30838_OID20512.gz
finished ALDH3A1_P30838_OID20512.gz
running ALDH5A1_P51649_OID31047.gz
finished ALDH5A1_P51649_OID31047.gz
running ALMS1_Q8TCU4_OID31275.gz
finished ALMS1_Q8TCU4_OID31275.gz
running ALPI_P09923_OID30497.gz
finished ALPI_P09923_OID30497.gz
running ALPP_P05187_OID21383.gz
finished ALPP_P05187_OID21383.gz
running AMBN_Q9NP70_OID20437.gz
finished AMBN_Q9NP70_OID20437.gz
running AMBP_P02760_OID21413.gz
finished AMBP_P02760_OID21413.gz
running AMDHD2_Q9Y303_OID30366.gz
finished AMDHD2_Q9Y303_OID30366.gz
running AMFR_Q9UKV5_OID20806.gz
finished AMFR_Q9UKV5_OID20806.gz
running AMIGO1_Q86WK6_OID30881.gz
finished AMIGO1_Q86WK6_OID30881.gz
running AMIGO2_Q86SJ2_OID21370.gz
finished AMIGO2_Q86SJ2_OID21370.gz
running AMN_Q9BXJ7_OID20492.gz
finished AMN_Q9BXJ7_OID20492.gz
running AMOTL2_Q9Y2J4_OID31351.gz
finished AMOTL2_Q9Y2J4_OID31351.gz
running AMOT_Q4VCS5_OID30572.gz
finished AMOT_Q4VCS5_OID30572.gz
running AMPD3_Q01432_OID31139.gz
finished AMPD3_Q01432_OID31139.gz
running AMY1A_AMY1B_AMY1C_P0DUB6_P0DTE7_P0DTE8_OID30707.gz
finished AMY1A_AMY1B_AMY1C_P0DUB6_P0DTE7_P0DTE8_OID30707.gz
running AMY2A_P04746_OID20333.gz
finished AMY2A_P04746_OID20333.gz
running AMY2B_P19961_OID20340.gz
finished AMY2B_P19961_OID20340.gz
running ANG_P03950_OID20403.gz
finished ANG_P03950_OID20403.gz
running ANGPT1_Q15389_OID20740.gz
finished ANGPT1_Q15389_OID20740.gz
running ANGPT2_O15123_OID21463.gz
finished ANGPT2_O15123_OID21463.gz
running ANGPTL1_O95841_OID20211.gz
finished ANGPTL1_O95841_OID20211.gz
running ANGPTL2_Q9UKU9_OID20726.gz
finished ANGPTL2_Q9UKU9_OID20726.gz
running ANGPTL3_Q9Y5C1_OID20407.gz
finished ANGPTL3_Q9Y5C1_OID20407.gz
running ANGPTL4_Q9BY76_OID20703.gz
finished ANGPTL4_Q9BY76_OID20703.gz
running ANGPTL7_O43827_OID21412.gz
finished ANGPTL7_O43827_OID21412.gz
running ANK2_Q01484_OID30161.gz
finished ANK2_Q01484_OID30161.gz
running ANKMY2_Q8IV38_OID30518.gz
finished ANKMY2_Q8IV38_OID30518.gz
running ANKRA2_Q9H9E1_OID31173.gz
finished ANKRA2_Q9H9E1_OID31173.gz
running ANKRD54_Q6NXT1_OID21162.gz
finished ANKRD54_Q6NXT1_OID21162.gz
running ANP32C_O43423_OID30203.gz
finished ANP32C_O43423_OID30203.gz
running ANPEP_P15144_OID20350.gz
finished ANPEP_P15144_OID20350.gz
running ANXA10_Q9UJ72_OID20886.gz
finished ANXA10_Q9UJ72_OID20886.gz
running ANXA11_P50995_OID20583.gz
finished ANXA11_P50995_OID20583.gz
running ANXA1_P04083_OID30617.gz
finished ANXA1_P04083_OID30617.gz
running ANXA2_P07355_OID30263.gz
finished ANXA2_P07355_OID30263.gz
running ANXA3_P12429_OID21036.gz
finished ANXA3_P12429_OID21036.gz
running ANXA4_P09525_OID20123.gz
finished ANXA4_P09525_OID20123.gz
running ANXA5_P08758_OID20810.gz
finished ANXA5_P08758_OID20810.gz
running AOC1_P19801_OID20452.gz
finished AOC1_P19801_OID20452.gz
running AOC3_Q16853_OID20389.gz
finished AOC3_Q16853_OID20389.gz
running AP1G2_O75843_OID31348.gz
finished AP1G2_O75843_OID31348.gz
running AP2B1_P63010_OID30949.gz
finished AP2B1_P63010_OID30949.gz
running AP3B1_O00203_OID31478.gz
finished AP3B1_O00203_OID31478.gz
running AP3S2_P59780_OID31117.gz
finished AP3S2_P59780_OID31117.gz
running APBB1IP_Q7Z5R6_OID21359.gz
finished APBB1IP_Q7Z5R6_OID21359.gz
running APCS_P02743_OID30778.gz
finished APCS_P02743_OID30778.gz
running APEX1_P27695_OID21434.gz
finished APEX1_P27695_OID21434.gz
running APLP1_P51693_OID20164.gz
finished APLP1_P51693_OID20164.gz
running APOA1_P02647_OID30769.gz
finished APOA1_P02647_OID30769.gz
running APOA2_P02652_OID30686.gz
finished APOA2_P02652_OID30686.gz
running APOA4_P06727_OID30733.gz
finished APOA4_P06727_OID30733.gz
running APOB_P04114_OID30673.gz
finished APOB_P04114_OID30673.gz
running APOBR_Q0VD83_OID30246.gz
finished APOBR_Q0VD83_OID30246.gz
running APOC1_P02654_OID30749.gz
finished APOC1_P02654_OID30749.gz
running APOD_P05090_OID30746.gz
finished APOD_P05090_OID30746.gz
running APOE_P02649_OID30727.gz
finished APOE_P02649_OID30727.gz
running APOF_Q13790_OID30701.gz
finished APOF_Q13790_OID30701.gz
running APOH_P02749_OID21072.gz
finished APOH_P02749_OID21072.gz
running APOL1_O14791_OID30708.gz
finished APOL1_O14791_OID30708.gz
running APOM_O95445_OID20374.gz
finished APOM_O95445_OID20374.gz
running APPL2_Q8NEU8_OID30590.gz
finished APPL2_Q8NEU8_OID30590.gz
running APP_P05067_OID21070.gz
finished APP_P05067_OID21070.gz
