running PROC_P04070_OID20402.gz
finished PROC_P04070_OID20402.gz
running PROCR_Q9UNN8_OID30149.gz
finished PROCR_Q9UNN8_OID30149.gz
running PROK1_P58294_OID20543.gz
finished PROK1_P58294_OID20543.gz
running PROS1_P07225_OID30737.gz
finished PROS1_P07225_OID30737.gz
running PRR4_Q16378_OID30607.gz
finished PRR4_Q16378_OID30607.gz
running PRR5_P85299_OID30457.gz
finished PRR5_P85299_OID30457.gz
running PRRT3_Q5FWE3_OID30276.gz
finished PRRT3_Q5FWE3_OID30276.gz
running PRSS22_Q9GZN4_OID30483.gz
finished PRSS22_Q9GZN4_OID30483.gz
running PRSS27_Q9BQR3_OID20212.gz
finished PRSS27_Q9BQR3_OID20212.gz
running PRSS2_P07478_OID20364.gz
finished PRSS2_P07478_OID20364.gz
running PRSS53_Q2L4Q9_OID31093.gz
finished PRSS53_Q2L4Q9_OID31093.gz
running PRSS8_Q16651_OID20763.gz
finished PRSS8_Q16651_OID20763.gz
running PRTFDC1_Q9NRG1_OID20867.gz
finished PRTFDC1_Q9NRG1_OID20867.gz
running PRTG_Q2VWP7_OID21443.gz
finished PRTG_Q2VWP7_OID21443.gz
running PRTN3_P24158_OID20329.gz
finished PRTN3_P24158_OID20329.gz
running PRUNE2_Q8WUY3_OID31270.gz
finished PRUNE2_Q8WUY3_OID31270.gz
running PSAPL1_Q6NUJ1_OID31473.gz
finished PSAPL1_Q6NUJ1_OID31473.gz
running PSAP_P07602_OID30419.gz
finished PSAP_P07602_OID30419.gz
running PSCA_O43653_OID31493.gz
finished PSCA_O43653_OID31493.gz
running PSG1_P11464_OID20916.gz
finished PSG1_P11464_OID20916.gz
running PSIP1_O75475_OID20534.gz
finished PSIP1_O75475_OID20534.gz
running PSMA1_P25786_OID21221.gz
finished PSMA1_P25786_OID21221.gz
running PSMC3_P17980_OID31200.gz
finished PSMC3_P17980_OID31200.gz
running PSMD1_Q99460_OID31058.gz
finished PSMD1_Q99460_OID31058.gz
running PSMD5_Q16401_OID30918.gz
finished PSMD5_Q16401_OID30918.gz
running PSMD9_O00233_OID21304.gz
finished PSMD9_O00233_OID21304.gz
running PSME1_Q06323_OID20969.gz
finished PSME1_Q06323_OID20969.gz
running PSME2_Q9UL46_OID20989.gz
finished PSME2_Q9UL46_OID20989.gz
running PSMG3_Q9BT73_OID20549.gz
finished PSMG3_Q9BT73_OID20549.gz
running PSMG4_Q5JS54_OID30514.gz
finished PSMG4_Q5JS54_OID30514.gz
running PSPN_O60542_OID20511.gz
finished PSPN_O60542_OID20511.gz
running PSRC1_Q6PGN9_OID21169.gz
finished PSRC1_Q6PGN9_OID21169.gz
running PSTPIP2_Q9H939_OID30596.gz
finished PSTPIP2_Q9H939_OID30596.gz
running PTEN_P60484_OID20794.gz
finished PTEN_P60484_OID20794.gz
running PTGDS_P41222_OID20408.gz
finished PTGDS_P41222_OID20408.gz
running PTGES2_Q9H7Z7_OID30561.gz
finished PTGES2_Q9H7Z7_OID30561.gz
running PTGR1_Q14914_OID30297.gz
finished PTGR1_Q14914_OID30297.gz
running PTH1R_Q03431_OID20571.gz
finished PTH1R_Q03431_OID20571.gz
running PTH_P01270_OID30963.gz
finished PTH_P01270_OID30963.gz
running PTK7_Q13308_OID20880.gz
finished PTK7_Q13308_OID20880.gz
running PTN_P21246_OID20083.gz
finished PTN_P21246_OID20083.gz
running PTP4A3_O75365_OID30469.gz
finished PTP4A3_O75365_OID30469.gz
running PTPN1_P18031_OID20908.gz
finished PTPN1_P18031_OID20908.gz
running PTPN6_P29350_OID20717.gz
finished PTPN6_P29350_OID20717.gz
running PTPN9_P43378_OID30437.gz
finished PTPN9_P43378_OID30437.gz
running PTPRB_P23467_OID30324.gz
finished PTPRB_P23467_OID30324.gz
running PTPRC_P08575_OID30380.gz
finished PTPRC_P08575_OID30380.gz
running PTPRF_P10586_OID20310.gz
finished PTPRF_P10586_OID20310.gz
running PTPRH_Q9HD43_OID31433.gz
finished PTPRH_Q9HD43_OID31433.gz
running PTPRK_Q15262_OID31461.gz
finished PTPRK_Q15262_OID31461.gz
running PTPRM_P28827_OID20598.gz
finished PTPRM_P28827_OID20598.gz
running PTPRN2_Q92932_OID20912.gz
finished PTPRN2_Q92932_OID20912.gz
running PTPRR_Q15256_OID31099.gz
finished PTPRR_Q15256_OID31099.gz
running PTPRS_Q13332_OID20306.gz
finished PTPRS_Q13332_OID20306.gz
running PTPRZ1_P23471_OID30343.gz
finished PTPRZ1_P23471_OID30343.gz
running PTRHD1_Q6GMV3_OID30659.gz
finished PTRHD1_Q6GMV3_OID30659.gz
running PTS_Q03393_OID20847.gz
finished PTS_Q03393_OID20847.gz
running PTTG1_O95997_OID31326.gz
finished PTTG1_O95997_OID31326.gz
running PTX3_P26022_OID20570.gz
finished PTX3_P26022_OID20570.gz
running PVALB_P20472_OID21420.gz
finished PVALB_P20472_OID21420.gz
running PVR_P15151_OID21011.gz
finished PVR_P15151_OID21011.gz
running PXDNL_A1KZ92_OID31405.gz
finished PXDNL_A1KZ92_OID31405.gz
running PXN_P49023_OID20822.gz
finished PXN_P49023_OID20822.gz
running PYDC1_Q8WXC3_OID30202.gz
finished PYDC1_Q8WXC3_OID30202.gz
running PYY_P10082_OID30150.gz
finished PYY_P10082_OID30150.gz
running PZP_P20742_OID30730.gz
finished PZP_P20742_OID30730.gz
running QDPR_P09417_OID20174.gz
finished QDPR_P09417_OID20174.gz
running QPCT_Q16769_OID20320.gz
finished QPCT_Q16769_OID20320.gz
running QSOX1_O00391_OID30729.gz
finished QSOX1_O00391_OID30729.gz
running RAB10_P61026_OID30357.gz
finished RAB10_P61026_OID30357.gz
running RAB11FIP3_O75154_OID30325.gz
finished RAB11FIP3_O75154_OID30325.gz
running RAB27B_O00194_OID30354.gz
finished RAB27B_O00194_OID30354.gz
running RAB2B_Q8WUD1_OID31362.gz
finished RAB2B_Q8WUD1_OID31362.gz
running RAB33A_Q14088_OID30122.gz
finished RAB33A_Q14088_OID30122.gz
running RAB37_Q96AX2_OID20425.gz
finished RAB37_Q96AX2_OID20425.gz
running RAB39B_Q96DA2_OID30069.gz
finished RAB39B_Q96DA2_OID30069.gz
running RAB3GAP1_Q15042_OID30829.gz
finished RAB3GAP1_Q15042_OID30829.gz
running RAB44_Q7Z6P3_OID31346.gz
finished RAB44_Q7Z6P3_OID31346.gz
running RAB6A_P20340_OID20608.gz
finished RAB6A_P20340_OID20608.gz
running RAB6B_Q9NRW1_OID20817.gz
finished RAB6B_Q9NRW1_OID20817.gz
