running 14229_5_MOCS3_MOCS3.txt.gz.annotated.gz.exclusions.gz.alleles.gz
finished 14229_5_MOCS3_MOCS3.txt.gz.annotated.gz.exclusions.gz.alleles.gz
running 14245_195_SNX7_SNX7.txt.gz.annotated.gz.exclusions.gz.alleles.gz
finished 14245_195_SNX7_SNX7.txt.gz.annotated.gz.exclusions.gz.alleles.gz
running 14246_50_DOK2_DOK2.txt.gz.annotated.gz.exclusions.gz.alleles.gz
finished 14246_50_DOK2_DOK2.txt.gz.annotated.gz.exclusions.gz.alleles.gz
running 14249_68_MID2_TRIM1.txt.gz.annotated.gz.exclusions.gz.alleles.gz
finished 14249_68_MID2_TRIM1.txt.gz.annotated.gz.exclusions.gz.alleles.gz
running 14250_115_BLMH_BLMH.txt.gz.annotated.gz.exclusions.gz.alleles.gz
finished 14250_115_BLMH_BLMH.txt.gz.annotated.gz.exclusions.gz.alleles.gz
running 14254_27_PTPN4_PTN4.txt.gz.annotated.gz.exclusions.gz.alleles.gz
finished 14254_27_PTPN4_PTN4.txt.gz.annotated.gz.exclusions.gz.alleles.gz
running 14260_112_NET1_ARHG8.txt.gz.annotated.gz.exclusions.gz.alleles.gz
finished 14260_112_NET1_ARHG8.txt.gz.annotated.gz.exclusions.gz.alleles.gz
running 14268_4_SRXN1_SRXN1.txt.gz.annotated.gz.exclusions.gz.alleles.gz
finished 14268_4_SRXN1_SRXN1.txt.gz.annotated.gz.exclusions.gz.alleles.gz
running 14271_23_RAB6B_RAB6B.txt.gz.annotated.gz.exclusions.gz.alleles.gz
finished 14271_23_RAB6B_RAB6B.txt.gz.annotated.gz.exclusions.gz.alleles.gz
running 14273_19_PREP_PPCE.txt.gz.annotated.gz.exclusions.gz.alleles.gz
finished 14273_19_PREP_PPCE.txt.gz.annotated.gz.exclusions.gz.alleles.gz
running 14283_12_RAB14_RAB14.txt.gz.annotated.gz.exclusions.gz.alleles.gz
finished 14283_12_RAB14_RAB14.txt.gz.annotated.gz.exclusions.gz.alleles.gz
running 14284_23_EIF2AK4_E2AK4.txt.gz.annotated.gz.exclusions.gz.alleles.gz
finished 14284_23_EIF2AK4_E2AK4.txt.gz.annotated.gz.exclusions.gz.alleles.gz
running 14286_2_NFATC1_NF_ATc1.txt.gz.annotated.gz.exclusions.gz.alleles.gz
finished 14286_2_NFATC1_NF_ATc1.txt.gz.annotated.gz.exclusions.gz.alleles.gz
running 14287_6_RAB5C_RAB5C.txt.gz.annotated.gz.exclusions.gz.alleles.gz
finished 14287_6_RAB5C_RAB5C.txt.gz.annotated.gz.exclusions.gz.alleles.gz
running 14291_53_AGAP2_AGAP2.txt.gz.annotated.gz.exclusions.gz.alleles.gz
finished 14291_53_AGAP2_AGAP2.txt.gz.annotated.gz.exclusions.gz.alleles.gz
running 14294_61_MBD1_MBD1.txt.gz.annotated.gz.exclusions.gz.alleles.gz
finished 14294_61_MBD1_MBD1.txt.gz.annotated.gz.exclusions.gz.alleles.gz
running 14309_8_HNRNPH1_HNRH1.txt.gz.annotated.gz.exclusions.gz.alleles.gz
finished 14309_8_HNRNPH1_HNRH1.txt.gz.annotated.gz.exclusions.gz.alleles.gz
running 14314_6_PPIL2_PPIL2.txt.gz.annotated.gz.exclusions.gz.alleles.gz
finished 14314_6_PPIL2_PPIL2.txt.gz.annotated.gz.exclusions.gz.alleles.gz
running 14318_1_VPS29_VPS29.txt.gz.annotated.gz.exclusions.gz.alleles.gz
finished 14318_1_VPS29_VPS29.txt.gz.annotated.gz.exclusions.gz.alleles.gz
running 14324_52_SMC3_CSPG6.txt.gz.annotated.gz.exclusions.gz.alleles.gz
finished 14324_52_SMC3_CSPG6.txt.gz.annotated.gz.exclusions.gz.alleles.gz
running 14326_4_UBE2E1_UB2E1.txt.gz.annotated.gz.exclusions.gz.alleles.gz
finished 14326_4_UBE2E1_UB2E1.txt.gz.annotated.gz.exclusions.gz.alleles.gz
running 14329_4_DIDO1_DIDO1.txt.gz.annotated.gz.exclusions.gz.alleles.gz
finished 14329_4_DIDO1_DIDO1.txt.gz.annotated.gz.exclusions.gz.alleles.gz
running 14331_262_DYNLT1_DYLT1.txt.gz.annotated.gz.exclusions.gz.alleles.gz
finished 14331_262_DYNLT1_DYLT1.txt.gz.annotated.gz.exclusions.gz.alleles.gz
running 14332_3_RALA_RALA.txt.gz.annotated.gz.exclusions.gz.alleles.gz
finished 14332_3_RALA_RALA.txt.gz.annotated.gz.exclusions.gz.alleles.gz
running 14334_3_RCVRN_RECO.txt.gz.annotated.gz.exclusions.gz.alleles.gz
finished 14334_3_RCVRN_RECO.txt.gz.annotated.gz.exclusions.gz.alleles.gz
running 14337_1_TRAPPC3_TPPC3.txt.gz.annotated.gz.exclusions.gz.alleles.gz
finished 14337_1_TRAPPC3_TPPC3.txt.gz.annotated.gz.exclusions.gz.alleles.gz
running 14341_8_FAM69C_FA69C.txt.gz.annotated.gz.exclusions.gz.alleles.gz
finished 14341_8_FAM69C_FA69C.txt.gz.annotated.gz.exclusions.gz.alleles.gz
running 14583_49_MSTN_Myostatin.txt.gz.annotated.gz.exclusions.gz.alleles.gz
finished 14583_49_MSTN_Myostatin.txt.gz.annotated.gz.exclusions.gz.alleles.gz
running 14587_16_GDF11_GDF_11.txt.gz.annotated.gz.exclusions.gz.alleles.gz
finished 14587_16_GDF11_GDF_11.txt.gz.annotated.gz.exclusions.gz.alleles.gz
running 14593_152_FAM210A_F210A.txt.gz.annotated.gz.exclusions.gz.alleles.gz
finished 14593_152_FAM210A_F210A.txt.gz.annotated.gz.exclusions.gz.alleles.gz
running 14597_5_SEMA6C_SEM6C.txt.gz.annotated.gz.exclusions.gz.alleles.gz
finished 14597_5_SEMA6C_SEM6C.txt.gz.annotated.gz.exclusions.gz.alleles.gz
running 14599_18_STAB1_STAB1.txt.gz.annotated.gz.exclusions.gz.alleles.gz
finished 14599_18_STAB1_STAB1.txt.gz.annotated.gz.exclusions.gz.alleles.gz
running 14603_51_KIAA0040_KIAA0040.txt.gz.annotated.gz.exclusions.gz.alleles.gz
finished 14603_51_KIAA0040_KIAA0040.txt.gz.annotated.gz.exclusions.gz.alleles.gz
running 14614_41_NCMAP_CA130.txt.gz.annotated.gz.exclusions.gz.alleles.gz
finished 14614_41_NCMAP_CA130.txt.gz.annotated.gz.exclusions.gz.alleles.gz
running 14615_46_KRTAP2_4_KRA24.txt.gz.annotated.gz.exclusions.gz.alleles.gz
finished 14615_46_KRTAP2_4_KRA24.txt.gz.annotated.gz.exclusions.gz.alleles.gz
running 14616_16_ZNF382_ZN382.txt.gz.annotated.gz.exclusions.gz.alleles.gz
finished 14616_16_ZNF382_ZN382.txt.gz.annotated.gz.exclusions.gz.alleles.gz
running 14618_26_VOPP1_ECOP.txt.gz.annotated.gz.exclusions.gz.alleles.gz
finished 14618_26_VOPP1_ECOP.txt.gz.annotated.gz.exclusions.gz.alleles.gz
running 14619_8_ZNF526_ZN526.txt.gz.annotated.gz.exclusions.gz.alleles.gz
finished 14619_8_ZNF526_ZN526.txt.gz.annotated.gz.exclusions.gz.alleles.gz
running 14623_26_SUMO3_SUMO3.txt.gz.annotated.gz.exclusions.gz.alleles.gz
finished 14623_26_SUMO3_SUMO3.txt.gz.annotated.gz.exclusions.gz.alleles.gz
running 14624_51_CTCF_CTCF.txt.gz.annotated.gz.exclusions.gz.alleles.gz
finished 14624_51_CTCF_CTCF.txt.gz.annotated.gz.exclusions.gz.alleles.gz
running 14628_72_FBXO3_FBX3.txt.gz.annotated.gz.exclusions.gz.alleles.gz
finished 14628_72_FBXO3_FBX3.txt.gz.annotated.gz.exclusions.gz.alleles.gz
running 14631_22_DUSP16_DUS16.txt.gz.annotated.gz.exclusions.gz.alleles.gz
finished 14631_22_DUSP16_DUS16.txt.gz.annotated.gz.exclusions.gz.alleles.gz
running 14633_26_TMEM185A_T185A.txt.gz.annotated.gz.exclusions.gz.alleles.gz
finished 14633_26_TMEM185A_T185A.txt.gz.annotated.gz.exclusions.gz.alleles.gz
running 14634_13_LHCGR_LSHR.txt.gz.annotated.gz.exclusions.gz.alleles.gz
finished 14634_13_LHCGR_LSHR.txt.gz.annotated.gz.exclusions.gz.alleles.gz
running 14636_25_HRSP12_Ribonuclease_UK114.txt.gz.annotated.gz.exclusions.gz.alleles.gz
finished 14636_25_HRSP12_Ribonuclease_UK114.txt.gz.annotated.gz.exclusions.gz.alleles.gz
running 14645_253_GSTA4_GSTA4.txt.gz.annotated.gz.exclusions.gz.alleles.gz
finished 14645_253_GSTA4_GSTA4.txt.gz.annotated.gz.exclusions.gz.alleles.gz
running 14655_1_DNAJC17_DJC17.txt.gz.annotated.gz.exclusions.gz.alleles.gz
finished 14655_1_DNAJC17_DJC17.txt.gz.annotated.gz.exclusions.gz.alleles.gz
running 14662_6_MZF1_MZF1.txt.gz.annotated.gz.exclusions.gz.alleles.gz
finished 14662_6_MZF1_MZF1.txt.gz.annotated.gz.exclusions.gz.alleles.gz
running 14663_44_RNF8_RNF8.txt.gz.annotated.gz.exclusions.gz.alleles.gz
finished 14663_44_RNF8_RNF8.txt.gz.annotated.gz.exclusions.gz.alleles.gz
running 14670_1_SKIL_SKIL.txt.gz.annotated.gz.exclusions.gz.alleles.gz
finished 14670_1_SKIL_SKIL.txt.gz.annotated.gz.exclusions.gz.alleles.gz
running 14674_63_PACSIN3_PACN3.txt.gz.annotated.gz.exclusions.gz.alleles.gz
finished 14674_63_PACSIN3_PACN3.txt.gz.annotated.gz.exclusions.gz.alleles.gz
running 14675_20_EIF4B_IF4B.txt.gz.annotated.gz.exclusions.gz.alleles.gz
finished 14675_20_EIF4B_IF4B.txt.gz.annotated.gz.exclusions.gz.alleles.gz
running 14684_17_CAPN2_CAN2.txt.gz.annotated.gz.exclusions.gz.alleles.gz
finished 14684_17_CAPN2_CAN2.txt.gz.annotated.gz.exclusions.gz.alleles.gz
running 14685_17_AKT2_PKB_beta.txt.gz.annotated.gz.exclusions.gz.alleles.gz
finished 14685_17_AKT2_PKB_beta.txt.gz.annotated.gz.exclusions.gz.alleles.gz
running 14687_6_PLIN3_M6PBP.txt.gz.annotated.gz.exclusions.gz.alleles.gz
finished 14687_6_PLIN3_M6PBP.txt.gz.annotated.gz.exclusions.gz.alleles.gz
running 14688_6_PTPN7_PTN7.txt.gz.annotated.gz.exclusions.gz.alleles.gz
finished 14688_6_PTPN7_PTN7.txt.gz.annotated.gz.exclusions.gz.alleles.gz
running 14689_3_SEC13_SEC13.txt.gz.annotated.gz.exclusions.gz.alleles.gz
finished 14689_3_SEC13_SEC13.txt.gz.annotated.gz.exclusions.gz.alleles.gz
running 14692_3_ZNF276_ZN276.txt.gz.annotated.gz.exclusions.gz.alleles.gz
finished 14692_3_ZNF276_ZN276.txt.gz.annotated.gz.exclusions.gz.alleles.gz
running 14705_1_FIGF_VEGF_D.txt.gz.annotated.gz.exclusions.gz.alleles.gz
finished 14705_1_FIGF_VEGF_D.txt.gz.annotated.gz.exclusions.gz.alleles.gz
running 14708_59_C8G_CO8G.txt.gz.annotated.gz.exclusions.gz.alleles.gz
finished 14708_59_C8G_CO8G.txt.gz.annotated.gz.exclusions.gz.alleles.gz
running 14711_27_CST6_Cystatin_M.txt.gz.annotated.gz.exclusions.gz.alleles.gz
finished 14711_27_CST6_Cystatin_M.txt.gz.annotated.gz.exclusions.gz.alleles.gz
running 14713_46_AZU1_Azurocidin.txt.gz.annotated.gz.exclusions.gz.alleles.gz
finished 14713_46_AZU1_Azurocidin.txt.gz.annotated.gz.exclusions.gz.alleles.gz
running 14747_9_CRLF1_CRLF1.txt.gz.annotated.gz.exclusions.gz.alleles.gz
finished 14747_9_CRLF1_CRLF1.txt.gz.annotated.gz.exclusions.gz.alleles.gz
running 14748_31_ARHGAP5_RHG05.txt.gz.annotated.gz.exclusions.gz.alleles.gz
finished 14748_31_ARHGAP5_RHG05.txt.gz.annotated.gz.exclusions.gz.alleles.gz
running 15295_81_IGF2_IGF_II.txt.gz.annotated.gz.exclusions.gz.alleles.gz
finished 15295_81_IGF2_IGF_II.txt.gz.annotated.gz.exclusions.gz.alleles.gz
running 15297_3_S100A3_S100A3.txt.gz.annotated.gz.exclusions.gz.alleles.gz
finished 15297_3_S100A3_S100A3.txt.gz.annotated.gz.exclusions.gz.alleles.gz
running 15298_199_NETO1_NETO1.txt.gz.annotated.gz.exclusions.gz.alleles.gz
finished 15298_199_NETO1_NETO1.txt.gz.annotated.gz.exclusions.gz.alleles.gz
running 15299_102_MESDC2_MESD2.txt.gz.annotated.gz.exclusions.gz.alleles.gz
finished 15299_102_MESDC2_MESD2.txt.gz.annotated.gz.exclusions.gz.alleles.gz
running 15300_66_CCDC134_CC134.txt.gz.annotated.gz.exclusions.gz.alleles.gz
finished 15300_66_CCDC134_CC134.txt.gz.annotated.gz.exclusions.gz.alleles.gz
running 15301_24_ACRV1_sperm_protein_10.txt.gz.annotated.gz.exclusions.gz.alleles.gz
finished 15301_24_ACRV1_sperm_protein_10.txt.gz.annotated.gz.exclusions.gz.alleles.gz
running 15303_63_S100A5_S100A5.txt.gz.annotated.gz.exclusions.gz.alleles.gz
finished 15303_63_S100A5_S100A5.txt.gz.annotated.gz.exclusions.gz.alleles.gz
running 15304_1_REG3A_PAP1.txt.gz.annotated.gz.exclusions.gz.alleles.gz
finished 15304_1_REG3A_PAP1.txt.gz.annotated.gz.exclusions.gz.alleles.gz
running 15305_7_SCGN_Secretagogin.txt.gz.annotated.gz.exclusions.gz.alleles.gz
finished 15305_7_SCGN_Secretagogin.txt.gz.annotated.gz.exclusions.gz.alleles.gz
running 15306_20_IGJ_IgJ.txt.gz.annotated.gz.exclusions.gz.alleles.gz
finished 15306_20_IGJ_IgJ.txt.gz.annotated.gz.exclusions.gz.alleles.gz
running 15308_108_VWC2_VWC2.txt.gz.annotated.gz.exclusions.gz.alleles.gz
finished 15308_108_VWC2_VWC2.txt.gz.annotated.gz.exclusions.gz.alleles.gz
running 15310_61_PRC1_PRC1.txt.gz.annotated.gz.exclusions.gz.alleles.gz
finished 15310_61_PRC1_PRC1.txt.gz.annotated.gz.exclusions.gz.alleles.gz
running 15312_14_AGO1_AGO1.txt.gz.annotated.gz.exclusions.gz.alleles.gz
finished 15312_14_AGO1_AGO1.txt.gz.annotated.gz.exclusions.gz.alleles.gz
running 15313_28_MAD2L1_MD2L1.txt.gz.annotated.gz.exclusions.gz.alleles.gz
finished 15313_28_MAD2L1_MD2L1.txt.gz.annotated.gz.exclusions.gz.alleles.gz
running 15314_49_CLIC4_CLIC4.txt.gz.annotated.gz.exclusions.gz.alleles.gz
finished 15314_49_CLIC4_CLIC4.txt.gz.annotated.gz.exclusions.gz.alleles.gz
running 15315_64_CUTC_CUTC.txt.gz.annotated.gz.exclusions.gz.alleles.gz
finished 15315_64_CUTC_CUTC.txt.gz.annotated.gz.exclusions.gz.alleles.gz
