running COMMD1_Q8N668_OID30222.gz
finished COMMD1_Q8N668_OID30222.gz
running COMMD9_Q9P000_OID31390.gz
finished COMMD9_Q9P000_OID31390.gz
running COMP_P49747_OID20405.gz
finished COMP_P49747_OID20405.gz
running COMT_P21964_OID20086.gz
finished COMT_P21964_OID20086.gz
running COPB2_P35606_OID30173.gz
finished COPB2_P35606_OID30173.gz
running COPE_O14579_OID20797.gz
finished COPE_O14579_OID20797.gz
running COQ7_Q99807_OID30217.gz
finished COQ7_Q99807_OID30217.gz
running CORO1A_P31146_OID20286.gz
finished CORO1A_P31146_OID20286.gz
running CORO6_Q6QEF8_OID30870.gz
finished CORO6_Q6QEF8_OID30870.gz
running COX5B_P10606_OID21297.gz
finished COX5B_P10606_OID21297.gz
running COX6B1_P14854_OID30317.gz
finished COX6B1_P14854_OID30317.gz
running CPA1_P15085_OID20280.gz
finished CPA1_P15085_OID20280.gz
running CPA2_P48052_OID21060.gz
finished CPA2_P48052_OID21060.gz
running CPA4_Q9UI42_OID30606.gz
finished CPA4_Q9UI42_OID30606.gz
running CPB1_P15086_OID20289.gz
finished CPB1_P15086_OID20289.gz
running CPB2_Q96IY4_OID30734.gz
finished CPB2_Q96IY4_OID30734.gz
running CPE_P16870_OID21392.gz
finished CPE_P16870_OID21392.gz
running CPLX2_Q6PUV4_OID31186.gz
finished CPLX2_Q6PUV4_OID31186.gz
running CPM_P14384_OID21054.gz
finished CPM_P14384_OID21054.gz
running CPOX_P36551_OID30495.gz
finished CPOX_P36551_OID30495.gz
running CPPED1_Q9BRF8_OID21053.gz
finished CPPED1_Q9BRF8_OID21053.gz
running CPQ_Q9Y646_OID30406.gz
finished CPQ_Q9Y646_OID30406.gz
running CPTP_Q5TA50_OID30106.gz
finished CPTP_Q5TA50_OID30106.gz
running CPVL_Q9H3G5_OID21435.gz
finished CPVL_Q9H3G5_OID21435.gz
running CPXM1_Q96SM3_OID21479.gz
finished CPXM1_Q96SM3_OID21479.gz
running CPXM2_Q8N436_OID30322.gz
finished CPXM2_Q8N436_OID30322.gz
running CR1_P17927_OID30697.gz
finished CR1_P17927_OID30697.gz
running CR2_P20023_OID20393.gz
finished CR2_P20023_OID20393.gz
running CRACR2A_Q9BSW2_OID21249.gz
finished CRACR2A_Q9BSW2_OID21249.gz
running CRADD_P78560_OID20923.gz
finished CRADD_P78560_OID20923.gz
running CREB3_O43889_OID31188.gz
finished CREB3_O43889_OID31188.gz
running CREBZF_Q9NS37_OID31206.gz
finished CREBZF_Q9NS37_OID31206.gz
running CREG1_O75629_OID21515.gz
finished CREG1_O75629_OID21515.gz
running CRELD1_Q96HD1_OID30619.gz
finished CRELD1_Q96HD1_OID30619.gz
running CRELD2_Q6UXH1_OID20751.gz
finished CRELD2_Q6UXH1_OID20751.gz
running CRHBP_P24387_OID20747.gz
finished CRHBP_P24387_OID20747.gz
running CRH_P06850_OID21257.gz
finished CRH_P06850_OID21257.gz
running CRHR1_P34998_OID20055.gz
finished CRHR1_P34998_OID20055.gz
running CRIM1_Q9NZV1_OID20701.gz
finished CRIM1_Q9NZV1_OID20701.gz
running CRIP2_P52943_OID20901.gz
finished CRIP2_P52943_OID20901.gz
running CRISP2_P16562_OID21456.gz
finished CRISP2_P16562_OID21456.gz
running CRISP3_P54108_OID30715.gz
finished CRISP3_P54108_OID30715.gz
running CRKL_P46109_OID20742.gz
finished CRKL_P46109_OID20742.gz
running CRLF1_O75462_OID20699.gz
finished CRLF1_O75462_OID20699.gz
running CRNN_Q9UBG3_OID21427.gz
finished CRNN_Q9UBG3_OID21427.gz
running CRTAC1_Q9NQ79_OID20279.gz
finished CRTAC1_Q9NQ79_OID20279.gz
running CRTAM_O95727_OID20914.gz
finished CRTAM_O95727_OID20914.gz
running CRTAP_O75718_OID30902.gz
finished CRTAP_O75718_OID30902.gz
running CRX_O43186_OID20070.gz
finished CRX_O43186_OID20070.gz
running CRYBB1_P53674_OID30319.gz
finished CRYBB1_P53674_OID30319.gz
running CRYBB2_P43320_OID31081.gz
finished CRYBB2_P43320_OID31081.gz
running CRYGD_P07320_OID31144.gz
finished CRYGD_P07320_OID31144.gz
running CRYM_Q14894_OID30815.gz
finished CRYM_Q14894_OID30815.gz
running CRYZL1_O95825_OID30272.gz
finished CRYZL1_O95825_OID30272.gz
running CSDE1_O75534_OID30183.gz
finished CSDE1_O75534_OID30183.gz
running CSF1_P09603_OID20719.gz
finished CSF1_P09603_OID20719.gz
running CSF1R_P07333_OID30681.gz
finished CSF1R_P07333_OID30681.gz
running CSF2_P04141_OID30072.gz
finished CSF2_P04141_OID30072.gz
running CSF2RA_P15509_OID20915.gz
finished CSF2RA_P15509_OID20915.gz
running CSF2RB_P32927_OID30553.gz
finished CSF2RB_P32927_OID30553.gz
running CSF3_P09919_OID20491.gz
finished CSF3_P09919_OID20491.gz
running CSF3R_Q99062_OID30527.gz
finished CSF3R_Q99062_OID30527.gz
running CSH1_P0DML2_OID30667.gz
finished CSH1_P0DML2_OID30667.gz
running CSNK1D_P48730_OID30492.gz
finished CSNK1D_P48730_OID30492.gz
running CSNK2A1_P68400_OID31053.gz
finished CSNK2A1_P68400_OID31053.gz
running CSPG4_Q6UVK1_OID30397.gz
finished CSPG4_Q6UVK1_OID30397.gz
running CSPG5_O95196_OID30843.gz
finished CSPG5_O95196_OID30843.gz
running CSRP3_P50461_OID30176.gz
finished CSRP3_P50461_OID30176.gz
running CST1_P01037_OID30581.gz
finished CST1_P01037_OID30581.gz
running CST3_P01034_OID20400.gz
finished CST3_P01034_OID20400.gz
running CST5_P28325_OID20995.gz
finished CST5_P28325_OID20995.gz
running CST6_Q15828_OID20293.gz
finished CST6_Q15828_OID20293.gz
running CST7_O76096_OID20704.gz
finished CST7_O76096_OID20704.gz
running CSTB_P04080_OID20294.gz
finished CSTB_P04080_OID20294.gz
running CTAG1A_CTAG1B_P78358_OID31299.gz
finished CTAG1A_CTAG1B_P78358_OID31299.gz
running CTBS_Q01459_OID30710.gz
finished CTBS_Q01459_OID30710.gz
running CTF1_Q16619_OID20061.gz
finished CTF1_Q16619_OID20061.gz
running CTHRC1_Q96CG8_OID30393.gz
finished CTHRC1_Q96CG8_OID30393.gz
running CTLA4_P16410_OID30363.gz
finished CTLA4_P16410_OID30363.gz
running CTNNA1_P35221_OID30800.gz
finished CTNNA1_P35221_OID30800.gz
