running PLA2G4A_P47712_OID20685.gz
finished PLA2G4A_P47712_OID20685.gz
running PLA2G7_Q13093_OID21105.gz
finished PLA2G7_Q13093_OID21105.gz
running PLAT_P00750_OID20247.gz
finished PLAT_P00750_OID20247.gz
running PLAU_P00749_OID21124.gz
finished PLAU_P00749_OID21124.gz
running PLAUR_Q03405_OID20764.gz
finished PLAUR_Q03405_OID20764.gz
running PLB1_Q6P1J6_OID31110.gz
finished PLB1_Q6P1J6_OID31110.gz
running PLCB1_Q9NQ66_OID30484.gz
finished PLCB1_Q9NQ66_OID30484.gz
running PLCB2_Q00722_OID31155.gz
finished PLCB2_Q00722_OID31155.gz
running PLEKHO1_Q53GL0_OID31088.gz
finished PLEKHO1_Q53GL0_OID31088.gz
running PLG_P00747_OID30785.gz
finished PLG_P00747_OID30785.gz
running PLIN1_O60240_OID20835.gz
finished PLIN1_O60240_OID20835.gz
running PLIN3_O60664_OID20143.gz
finished PLIN3_O60664_OID20143.gz
running PLPBP_O94903_OID20144.gz
finished PLPBP_O94903_OID20144.gz
running PLSCR3_Q9NRY6_OID31146.gz
finished PLSCR3_Q9NRY6_OID31146.gz
running PLTP_P55058_OID20238.gz
finished PLTP_P55058_OID20238.gz
running PLXDC1_Q8IUK5_OID21258.gz
finished PLXDC1_Q8IUK5_OID21258.gz
running PLXDC2_Q6UX71_OID31101.gz
finished PLXDC2_Q6UX71_OID31101.gz
running PLXNA4_Q9HCM2_OID20597.gz
finished PLXNA4_Q9HCM2_OID20597.gz
running PLXNB2_O15031_OID20317.gz
finished PLXNB2_O15031_OID20317.gz
running PLXNB3_Q9ULL4_OID20160.gz
finished PLXNB3_Q9ULL4_OID20160.gz
running PM20D1_Q6GTS8_OID20149.gz
finished PM20D1_Q6GTS8_OID20149.gz
running PMCH_P20382_OID30172.gz
finished PMCH_P20382_OID30172.gz
running PMM2_O15305_OID30125.gz
finished PMM2_O15305_OID30125.gz
running PMS1_P54277_OID30943.gz
finished PMS1_P54277_OID30943.gz
running PMVK_Q15126_OID20850.gz
finished PMVK_Q15126_OID20850.gz
running PNLIP_P16233_OID30693.gz
finished PNLIP_P16233_OID30693.gz
running PNLIPRP1_P54315_OID31122.gz
finished PNLIPRP1_P54315_OID31122.gz
running PNLIPRP2_P54317_OID20775.gz
finished PNLIPRP2_P54317_OID20775.gz
running PNMA1_Q8ND90_OID30194.gz
finished PNMA1_Q8ND90_OID30194.gz
running PNMA2_Q9UL42_OID30842.gz
finished PNMA2_Q9UL42_OID30842.gz
running PNPT1_Q8TCS8_OID20445.gz
finished PNPT1_Q8TCS8_OID20445.gz
running PODXL2_Q9NZ53_OID21487.gz
finished PODXL2_Q9NZ53_OID21487.gz
running PODXL_O00592_OID21358.gz
finished PODXL_O00592_OID21358.gz
running POF1B_Q8WVV4_OID30504.gz
finished POF1B_Q8WVV4_OID30504.gz
running POLR2A_P24928_OID30440.gz
finished POLR2A_P24928_OID30440.gz
running POLR2F_P61218_OID21283.gz
finished POLR2F_P61218_OID21283.gz
running POMC_P01189_OID30282.gz
finished POMC_P01189_OID30282.gz
running PON1_P27169_OID30704.gz
finished PON1_P27169_OID30704.gz
running PON2_Q15165_OID20088.gz
finished PON2_Q15165_OID20088.gz
running PON3_Q15166_OID20777.gz
finished PON3_Q15166_OID20777.gz
running POSTN_Q15063_OID30410.gz
finished POSTN_Q15063_OID30410.gz
running PPBP_P02775_OID30761.gz
finished PPBP_P02775_OID30761.gz
running PPCDC_Q96CD2_OID21027.gz
finished PPCDC_Q96CD2_OID21027.gz
running PPIB_P23284_OID20331.gz
finished PPIB_P23284_OID20331.gz
running PPIE_Q9UNP9_OID31279.gz
finished PPIE_Q9UNP9_OID31279.gz
running PPIF_P30405_OID30385.gz
finished PPIF_P30405_OID30385.gz
running PPL_O60437_OID30564.gz
finished PPL_O60437_OID30564.gz
running PPM1A_P35813_OID21184.gz
finished PPM1A_P35813_OID21184.gz
running PPM1B_O75688_OID30548.gz
finished PPM1B_O75688_OID30548.gz
running PPM1F_P49593_OID30350.gz
finished PPM1F_P49593_OID30350.gz
running PPME1_Q9Y570_OID21347.gz
finished PPME1_Q9Y570_OID21347.gz
running PPP1CC_P36873_OID31360.gz
finished PPP1CC_P36873_OID31360.gz
running PPP1R12A_O14974_OID21475.gz
finished PPP1R12A_O14974_OID21475.gz
running PPP1R12B_O60237_OID31304.gz
finished PPP1R12B_O60237_OID31304.gz
running PPP1R14A_Q96A00_OID31011.gz
finished PPP1R14A_Q96A00_OID31011.gz
running PPP1R14D_Q9NXH3_OID30997.gz
finished PPP1R14D_Q9NXH3_OID30997.gz
running PPP1R2_P41236_OID20176.gz
finished PPP1R2_P41236_OID20176.gz
running PPP1R9B_Q96SB3_OID20643.gz
finished PPP1R9B_Q96SB3_OID20643.gz
running PPP2R5A_Q15172_OID31502.gz
finished PPP2R5A_Q15172_OID31502.gz
running PPP3R1_P63098_OID20902.gz
finished PPP3R1_P63098_OID20902.gz
running PPT1_P50897_OID30947.gz
finished PPT1_P50897_OID30947.gz
running PPY_P01298_OID21516.gz
finished PPY_P01298_OID21516.gz
running PQBP1_O60828_OID21172.gz
finished PQBP1_O60828_OID21172.gz
running PRAME_P78395_OID31165.gz
finished PRAME_P78395_OID31165.gz
running PRAP1_Q96NZ9_OID30391.gz
finished PRAP1_Q96NZ9_OID30391.gz
running PRC1_O43663_OID31345.gz
finished PRC1_O43663_OID31345.gz
running PRCP_P42785_OID20337.gz
finished PRCP_P42785_OID20337.gz
running PRDX1_Q06830_OID20962.gz
finished PRDX1_Q06830_OID20962.gz
running PRDX2_P32119_OID30668.gz
finished PRDX2_P32119_OID30668.gz
running PRDX3_P30048_OID20483.gz
finished PRDX3_P30048_OID20483.gz
running PRDX5_P30044_OID20644.gz
finished PRDX5_P30044_OID20644.gz
running PRDX6_P30041_OID21404.gz
finished PRDX6_P30041_OID21404.gz
running PREB_Q9HCU5_OID20439.gz
finished PREB_Q9HCU5_OID20439.gz
running PRELP_P51888_OID20766.gz
finished PRELP_P51888_OID20766.gz
running PRG2_P13727_OID30381.gz
finished PRG2_P13727_OID30381.gz
running PRG3_Q9Y2Y8_OID30383.gz
finished PRG3_Q9Y2Y8_OID30383.gz
running PRKAB1_Q9Y478_OID20444.gz
finished PRKAB1_Q9Y478_OID20444.gz
running PRKAG3_Q9UGI9_OID30941.gz
finished PRKAG3_Q9UGI9_OID30941.gz
running PRKAR1A_P10644_OID20146.gz
finished PRKAR1A_P10644_OID20146.gz
running PRKAR2A_P13861_OID31119.gz
finished PRKAR2A_P13861_OID31119.gz
running PRKCQ_Q04759_OID20468.gz
finished PRKCQ_Q04759_OID20468.gz
running PRKD2_Q9BZL6_OID30140.gz
finished PRKD2_Q9BZL6_OID30140.gz
running PRKG1_Q13976_OID30621.gz
finished PRKG1_Q13976_OID30621.gz
running PRKRA_O75569_OID21225.gz
finished PRKRA_O75569_OID21225.gz
running PRL_P01236_OID21033.gz
finished PRL_P01236_OID21033.gz
running PRND_Q9UKY0_OID31124.gz
finished PRND_Q9UKY0_OID31124.gz
running PROC_P04070_OID20402.gz
finished PROC_P04070_OID20402.gz
running PROCR_Q9UNN8_OID30149.gz
finished PROCR_Q9UNN8_OID30149.gz
running PROK1_P58294_OID20543.gz
finished PROK1_P58294_OID20543.gz
running PROS1_P07225_OID30737.gz
finished PROS1_P07225_OID30737.gz
running PRR4_Q16378_OID30607.gz
finished PRR4_Q16378_OID30607.gz
running PRR5_P85299_OID30457.gz
finished PRR5_P85299_OID30457.gz
running PRRT3_Q5FWE3_OID30276.gz
finished PRRT3_Q5FWE3_OID30276.gz
running PRSS22_Q9GZN4_OID30483.gz
finished PRSS22_Q9GZN4_OID30483.gz
running PRSS27_Q9BQR3_OID20212.gz
finished PRSS27_Q9BQR3_OID20212.gz
running PRSS2_P07478_OID20364.gz
finished PRSS2_P07478_OID20364.gz
running PRSS53_Q2L4Q9_OID31093.gz
finished PRSS53_Q2L4Q9_OID31093.gz
running PRSS8_Q16651_OID20763.gz
finished PRSS8_Q16651_OID20763.gz
running PRTFDC1_Q9NRG1_OID20867.gz
finished PRTFDC1_Q9NRG1_OID20867.gz
running PRTG_Q2VWP7_OID21443.gz
finished PRTG_Q2VWP7_OID21443.gz
running PRTN3_P24158_OID20329.gz
finished PRTN3_P24158_OID20329.gz
running PRUNE2_Q8WUY3_OID31270.gz
finished PRUNE2_Q8WUY3_OID31270.gz
running PSAPL1_Q6NUJ1_OID31473.gz
finished PSAPL1_Q6NUJ1_OID31473.gz
running PSAP_P07602_OID30419.gz
finished PSAP_P07602_OID30419.gz
running PSCA_O43653_OID31493.gz
finished PSCA_O43653_OID31493.gz
running PSG1_P11464_OID20916.gz
finished PSG1_P11464_OID20916.gz
running PSIP1_O75475_OID20534.gz
finished PSIP1_O75475_OID20534.gz
running PSMA1_P25786_OID21221.gz
finished PSMA1_P25786_OID21221.gz
running PSMC3_P17980_OID31200.gz
finished PSMC3_P17980_OID31200.gz
