running 15608_5_RPS6KB1_KS6B1.txt.gz.annotated.gz.exclusions.gz.alleles.gz
finished 15608_5_RPS6KB1_KS6B1.txt.gz.annotated.gz.exclusions.gz.alleles.gz
running 15610_72_LAP3_LAP.txt.gz.annotated.gz.exclusions.gz.alleles.gz
finished 15610_72_LAP3_LAP.txt.gz.annotated.gz.exclusions.gz.alleles.gz
running 15612_5_LIN7B_LIN7B.txt.gz.annotated.gz.exclusions.gz.alleles.gz
finished 15612_5_LIN7B_LIN7B.txt.gz.annotated.gz.exclusions.gz.alleles.gz
running 15613_16_PNLIP_LIPP.txt.gz.annotated.gz.exclusions.gz.alleles.gz
finished 15613_16_PNLIP_LIPP.txt.gz.annotated.gz.exclusions.gz.alleles.gz
running 15614_168_LILRA2_LIRA2.txt.gz.annotated.gz.exclusions.gz.alleles.gz
finished 15614_168_LILRA2_LIRA2.txt.gz.annotated.gz.exclusions.gz.alleles.gz
running 15615_8_LILRB3_LIRB3.txt.gz.annotated.gz.exclusions.gz.alleles.gz
finished 15615_8_LILRB3_LIRB3.txt.gz.annotated.gz.exclusions.gz.alleles.gz
running 15617_8_XCL2_lymphotactin_beta.txt.gz.annotated.gz.exclusions.gz.alleles.gz
finished 15617_8_XCL2_lymphotactin_beta.txt.gz.annotated.gz.exclusions.gz.alleles.gz
running 15619_49_MOG_MOG.txt.gz.annotated.gz.exclusions.gz.alleles.gz
finished 15619_49_MOG_MOG.txt.gz.annotated.gz.exclusions.gz.alleles.gz
running 15620_4_NLGN1_NLGN1.txt.gz.annotated.gz.exclusions.gz.alleles.gz
finished 15620_4_NLGN1_NLGN1.txt.gz.annotated.gz.exclusions.gz.alleles.gz
running 15622_13_OPCML_OBCAM.txt.gz.annotated.gz.exclusions.gz.alleles.gz
finished 15622_13_OPCML_OBCAM.txt.gz.annotated.gz.exclusions.gz.alleles.gz
running 15623_1_PDCD1_PD_1.txt.gz.annotated.gz.exclusions.gz.alleles.gz
finished 15623_1_PDCD1_PD_1.txt.gz.annotated.gz.exclusions.gz.alleles.gz
running 15626_223_HSPG2_Perlecan.txt.gz.annotated.gz.exclusions.gz.alleles.gz
finished 15626_223_HSPG2_Perlecan.txt.gz.annotated.gz.exclusions.gz.alleles.gz
running 15627_83_AKT1_PKB.txt.gz.annotated.gz.exclusions.gz.alleles.gz
finished 15627_83_AKT1_PKB.txt.gz.annotated.gz.exclusions.gz.alleles.gz
running 15631_18_PSG1_PSG1.txt.gz.annotated.gz.exclusions.gz.alleles.gz
finished 15631_18_PSG1_PSG1.txt.gz.annotated.gz.exclusions.gz.alleles.gz
running 15633_6_RBP4_RBP.txt.gz.annotated.gz.exclusions.gz.alleles.gz
finished 15633_6_RBP4_RBP.txt.gz.annotated.gz.exclusions.gz.alleles.gz
running 15634_139_SLIT1_SLIT1.txt.gz.annotated.gz.exclusions.gz.alleles.gz
finished 15634_139_SLIT1_SLIT1.txt.gz.annotated.gz.exclusions.gz.alleles.gz
running 15635_4_SMOC2_SMOC2.txt.gz.annotated.gz.exclusions.gz.alleles.gz
finished 15635_4_SMOC2_SMOC2.txt.gz.annotated.gz.exclusions.gz.alleles.gz
running 15636_49_SORCS1_SORC1.txt.gz.annotated.gz.exclusions.gz.alleles.gz
finished 15636_49_SORCS1_SORC1.txt.gz.annotated.gz.exclusions.gz.alleles.gz
running 15637_38_SORCS3_SORC3.txt.gz.annotated.gz.exclusions.gz.alleles.gz
finished 15637_38_SORCS3_SORC3.txt.gz.annotated.gz.exclusions.gz.alleles.gz
running 15640_54_TAGLN_TAGL.txt.gz.annotated.gz.exclusions.gz.alleles.gz
finished 15640_54_TAGLN_TAGL.txt.gz.annotated.gz.exclusions.gz.alleles.gz
running 15641_20_TMEFF1_TEFF1.txt.gz.annotated.gz.exclusions.gz.alleles.gz
finished 15641_20_TMEFF1_TEFF1.txt.gz.annotated.gz.exclusions.gz.alleles.gz
running 15644_1_BTD_Biotinidase.txt.gz.annotated.gz.exclusions.gz.alleles.gz
finished 15644_1_BTD_Biotinidase.txt.gz.annotated.gz.exclusions.gz.alleles.gz
running 15653_9_COL10A1_COAA1.txt.gz.annotated.gz.exclusions.gz.alleles.gz
finished 15653_9_COL10A1_COAA1.txt.gz.annotated.gz.exclusions.gz.alleles.gz
running 15666_21_BMP2_BMP_2.txt.gz.annotated.gz.exclusions.gz.alleles.gz
finished 15666_21_BMP2_BMP_2.txt.gz.annotated.gz.exclusions.gz.alleles.gz
running 15667_39_BMP4_BMP_4.txt.gz.annotated.gz.exclusions.gz.alleles.gz
finished 15667_39_BMP4_BMP_4.txt.gz.annotated.gz.exclusions.gz.alleles.gz
running 15668_19_BMP8B_BMP_8.txt.gz.annotated.gz.exclusions.gz.alleles.gz
finished 15668_19_BMP8B_BMP_8.txt.gz.annotated.gz.exclusions.gz.alleles.gz
running 15669_7_BRAF_BRAF1.txt.gz.annotated.gz.exclusions.gz.alleles.gz
finished 15669_7_BRAF_BRAF1.txt.gz.annotated.gz.exclusions.gz.alleles.gz
running 15670_15_C1QL2_C1QL2.txt.gz.annotated.gz.exclusions.gz.alleles.gz
finished 15670_15_C1QL2_C1QL2.txt.gz.annotated.gz.exclusions.gz.alleles.gz
running 15674_3_CD79A_CD79A.txt.gz.annotated.gz.exclusions.gz.alleles.gz
finished 15674_3_CD79A_CD79A.txt.gz.annotated.gz.exclusions.gz.alleles.gz
running 15675_3_CEBPB_CEBPB.txt.gz.annotated.gz.exclusions.gz.alleles.gz
finished 15675_3_CEBPB_CEBPB.txt.gz.annotated.gz.exclusions.gz.alleles.gz
running 15678_71_DKK2_DKK2.txt.gz.annotated.gz.exclusions.gz.alleles.gz
finished 15678_71_DKK2_DKK2.txt.gz.annotated.gz.exclusions.gz.alleles.gz
running 15686_49_INHBC_INHBC.txt.gz.annotated.gz.exclusions.gz.alleles.gz
finished 15686_49_INHBC_INHBC.txt.gz.annotated.gz.exclusions.gz.alleles.gz
running 15688_30_LMAN1_Mannose_binding_lectin.txt.gz.annotated.gz.exclusions.gz.alleles.gz
finished 15688_30_LMAN1_Mannose_binding_lectin.txt.gz.annotated.gz.exclusions.gz.alleles.gz
running 15692_300_NODAL_NODAL.txt.gz.annotated.gz.exclusions.gz.alleles.gz
finished 15692_300_NODAL_NODAL.txt.gz.annotated.gz.exclusions.gz.alleles.gz
running 15693_9_PGR_PgR.txt.gz.annotated.gz.exclusions.gz.alleles.gz
finished 15693_9_PGR_PgR.txt.gz.annotated.gz.exclusions.gz.alleles.gz
running 15698_6_TXLNA_TXLNA.txt.gz.annotated.gz.exclusions.gz.alleles.gz
finished 15698_6_TXLNA_TXLNA.txt.gz.annotated.gz.exclusions.gz.alleles.gz
running 16015_19_GPT_ALT.txt.gz.annotated.gz.exclusions.gz.alleles.gz
finished 16015_19_GPT_ALT.txt.gz.annotated.gz.exclusions.gz.alleles.gz
running 16021_30_CDH8_Cadherin_8.txt.gz.annotated.gz.exclusions.gz.alleles.gz
finished 16021_30_CDH8_Cadherin_8.txt.gz.annotated.gz.exclusions.gz.alleles.gz
running 16035_8_FLT4_VEGF_sR3.txt.gz.annotated.gz.exclusions.gz.alleles.gz
finished 16035_8_FLT4_VEGF_sR3.txt.gz.annotated.gz.exclusions.gz.alleles.gz
running 16043_30_SHC1_SHC1.txt.gz.annotated.gz.exclusions.gz.alleles.gz
finished 16043_30_SHC1_SHC1.txt.gz.annotated.gz.exclusions.gz.alleles.gz
running 16049_43_OLR1_OLR1.txt.gz.annotated.gz.exclusions.gz.alleles.gz
finished 16049_43_OLR1_OLR1.txt.gz.annotated.gz.exclusions.gz.alleles.gz
running 16055_3_CFHR5_complement_factor_H_related_5.txt.gz.annotated.gz.exclusions.gz.alleles.gz
finished 16055_3_CFHR5_complement_factor_H_related_5.txt.gz.annotated.gz.exclusions.gz.alleles.gz
running 16057_6_IGF2R_IGF_II_receptor.txt.gz.annotated.gz.exclusions.gz.alleles.gz
finished 16057_6_IGF2R_IGF_II_receptor.txt.gz.annotated.gz.exclusions.gz.alleles.gz
running 16060_99_NID2_NID2.txt.gz.annotated.gz.exclusions.gz.alleles.gz
finished 16060_99_NID2_NID2.txt.gz.annotated.gz.exclusions.gz.alleles.gz
running 16070_7_WIF1_WIF_1.txt.gz.annotated.gz.exclusions.gz.alleles.gz
finished 16070_7_WIF1_WIF_1.txt.gz.annotated.gz.exclusions.gz.alleles.gz
running 16074_12_GRAP2_GRB2_related_adapter_protein_2.txt.gz.annotated.gz.exclusions.gz.alleles.gz
finished 16074_12_GRAP2_GRB2_related_adapter_protein_2.txt.gz.annotated.gz.exclusions.gz.alleles.gz
running 16079_2_TEC_TEC.txt.gz.annotated.gz.exclusions.gz.alleles.gz
finished 16079_2_TEC_TEC.txt.gz.annotated.gz.exclusions.gz.alleles.gz
running 16081_38_AKR1B10_Aldose_reductase_like.txt.gz.annotated.gz.exclusions.gz.alleles.gz
finished 16081_38_AKR1B10_Aldose_reductase_like.txt.gz.annotated.gz.exclusions.gz.alleles.gz
running 16288_17_EPHA4_EPHA4.txt.gz.annotated.gz.exclusions.gz.alleles.gz
finished 16288_17_EPHA4_EPHA4.txt.gz.annotated.gz.exclusions.gz.alleles.gz
running 16292_288_GIP_GIP.txt.gz.annotated.gz.exclusions.gz.alleles.gz
finished 16292_288_GIP_GIP.txt.gz.annotated.gz.exclusions.gz.alleles.gz
running 16293_1_GHRH_Growth_hormone_releasing_factor.txt.gz.annotated.gz.exclusions.gz.alleles.gz
finished 16293_1_GHRH_Growth_hormone_releasing_factor.txt.gz.annotated.gz.exclusions.gz.alleles.gz
running 16296_43_LGR5_LGR5.txt.gz.annotated.gz.exclusions.gz.alleles.gz
finished 16296_43_LGR5_LGR5.txt.gz.annotated.gz.exclusions.gz.alleles.gz
running 16297_14_ROBO4_ROBO4.txt.gz.annotated.gz.exclusions.gz.alleles.gz
finished 16297_14_ROBO4_ROBO4.txt.gz.annotated.gz.exclusions.gz.alleles.gz
running 16298_84_PLA2G2D_sPLA_2__IID.txt.gz.annotated.gz.exclusions.gz.alleles.gz
finished 16298_84_PLA2G2D_sPLA_2__IID.txt.gz.annotated.gz.exclusions.gz.alleles.gz
running 16299_13_TIGIT_TIGIT.txt.gz.annotated.gz.exclusions.gz.alleles.gz
finished 16299_13_TIGIT_TIGIT.txt.gz.annotated.gz.exclusions.gz.alleles.gz
running 16300_4_TREM2_TREM2.txt.gz.annotated.gz.exclusions.gz.alleles.gz
finished 16300_4_TREM2_TREM2.txt.gz.annotated.gz.exclusions.gz.alleles.gz
running 16302_11_BPIFA2_SPLC2.txt.gz.annotated.gz.exclusions.gz.alleles.gz
finished 16302_11_BPIFA2_SPLC2.txt.gz.annotated.gz.exclusions.gz.alleles.gz
running 16304_6_LGR4_LGR4.txt.gz.annotated.gz.exclusions.gz.alleles.gz
finished 16304_6_LGR4_LGR4.txt.gz.annotated.gz.exclusions.gz.alleles.gz
running 16305_10_CDH11_Cadherin_11.txt.gz.annotated.gz.exclusions.gz.alleles.gz
finished 16305_10_CDH11_Cadherin_11.txt.gz.annotated.gz.exclusions.gz.alleles.gz
running 16307_22_UNC5D_UNC5H4.txt.gz.annotated.gz.exclusions.gz.alleles.gz
finished 16307_22_UNC5D_UNC5H4.txt.gz.annotated.gz.exclusions.gz.alleles.gz
running 16308_14_BTLA_BTLA.txt.gz.annotated.gz.exclusions.gz.alleles.gz
finished 16308_14_BTLA_BTLA.txt.gz.annotated.gz.exclusions.gz.alleles.gz
running 16309_30_DKKL1_Soggy_1.txt.gz.annotated.gz.exclusions.gz.alleles.gz
finished 16309_30_DKKL1_Soggy_1.txt.gz.annotated.gz.exclusions.gz.alleles.gz
running 16312_45_CDH6_Cadherin_6.txt.gz.annotated.gz.exclusions.gz.alleles.gz
finished 16312_45_CDH6_Cadherin_6.txt.gz.annotated.gz.exclusions.gz.alleles.gz
running 16315_105_FLT1_VEGF_sR1.txt.gz.annotated.gz.exclusions.gz.alleles.gz
finished 16315_105_FLT1_VEGF_sR1.txt.gz.annotated.gz.exclusions.gz.alleles.gz
running 16317_20_DSG3_Desmoglein_3.txt.gz.annotated.gz.exclusions.gz.alleles.gz
finished 16317_20_DSG3_Desmoglein_3.txt.gz.annotated.gz.exclusions.gz.alleles.gz
running 16318_12_ACVRL1_ALK_1.txt.gz.annotated.gz.exclusions.gz.alleles.gz
finished 16318_12_ACVRL1_ALK_1.txt.gz.annotated.gz.exclusions.gz.alleles.gz
running 16320_139_CD320_CD320.txt.gz.annotated.gz.exclusions.gz.alleles.gz
finished 16320_139_CD320_CD320.txt.gz.annotated.gz.exclusions.gz.alleles.gz
running 16322_10_PACAP_PACAP.txt.gz.annotated.gz.exclusions.gz.alleles.gz
finished 16322_10_PACAP_PACAP.txt.gz.annotated.gz.exclusions.gz.alleles.gz
running 16323_8_NRXN3_NRX3A.txt.gz.annotated.gz.exclusions.gz.alleles.gz
finished 16323_8_NRXN3_NRX3A.txt.gz.annotated.gz.exclusions.gz.alleles.gz
running 16324_38_TLR1_TLR1.txt.gz.annotated.gz.exclusions.gz.alleles.gz
finished 16324_38_TLR1_TLR1.txt.gz.annotated.gz.exclusions.gz.alleles.gz
running 16536_3_HMGA1_HMGA1.txt.gz.annotated.gz.exclusions.gz.alleles.gz
finished 16536_3_HMGA1_HMGA1.txt.gz.annotated.gz.exclusions.gz.alleles.gz
running 16551_14_STAT5B_STA5B.txt.gz.annotated.gz.exclusions.gz.alleles.gz
finished 16551_14_STAT5B_STA5B.txt.gz.annotated.gz.exclusions.gz.alleles.gz
running 16558_2_MYOC_MYOC.txt.gz.annotated.gz.exclusions.gz.alleles.gz
finished 16558_2_MYOC_MYOC.txt.gz.annotated.gz.exclusions.gz.alleles.gz
running 16561_9_A1BG_Alpha_1B_glycoprotein.txt.gz.annotated.gz.exclusions.gz.alleles.gz
finished 16561_9_A1BG_Alpha_1B_glycoprotein.txt.gz.annotated.gz.exclusions.gz.alleles.gz
running 16583_8_NUDT2_AP4A.txt.gz.annotated.gz.exclusions.gz.alleles.gz
finished 16583_8_NUDT2_AP4A.txt.gz.annotated.gz.exclusions.gz.alleles.gz
running 16585_16_B3GNT4_B3GN4.txt.gz.annotated.gz.exclusions.gz.alleles.gz
finished 16585_16_B3GNT4_B3GN4.txt.gz.annotated.gz.exclusions.gz.alleles.gz
running 16587_1_CSN2_Beta_casein.txt.gz.annotated.gz.exclusions.gz.alleles.gz
finished 16587_1_CSN2_Beta_casein.txt.gz.annotated.gz.exclusions.gz.alleles.gz
running 16588_10_HSPA5_BiP.txt.gz.annotated.gz.exclusions.gz.alleles.gz
finished 16588_10_HSPA5_BiP.txt.gz.annotated.gz.exclusions.gz.alleles.gz
running 16591_71_CHIA_CHIA.txt.gz.annotated.gz.exclusions.gz.alleles.gz
finished 16591_71_CHIA_CHIA.txt.gz.annotated.gz.exclusions.gz.alleles.gz
running 16593_3_FADD_FADD.txt.gz.annotated.gz.exclusions.gz.alleles.gz
finished 16593_3_FADD_FADD.txt.gz.annotated.gz.exclusions.gz.alleles.gz
