running DEFB116_Q30KQ4_OID30823.gz
finished DEFB116_Q30KQ4_OID30823.gz
running DEFB118_Q96PH6_OID30858.gz
finished DEFB118_Q96PH6_OID30858.gz
running DEFB4A_DEFB4B_O15263_OID21373.gz
finished DEFB4A_DEFB4B_O15263_OID21373.gz
running DENND2B_P78524_OID30050.gz
finished DENND2B_P78524_OID30050.gz
running DENR_O43583_OID30493.gz
finished DENR_O43583_OID30493.gz
running DFFA_O00273_OID20620.gz
finished DFFA_O00273_OID20620.gz
running DGCR6_Q14129_OID30859.gz
finished DGCR6_Q14129_OID30859.gz
running DGKA_P23743_OID30546.gz
finished DGKA_P23743_OID30546.gz
running DGKZ_Q13574_OID20466.gz
finished DGKZ_Q13574_OID20466.gz
running DHODH_Q02127_OID30137.gz
finished DHODH_Q02127_OID30137.gz
running DHPS_P49366_OID31357.gz
finished DHPS_P49366_OID31357.gz
running DHRS4L2_Q6PKH6_OID31072.gz
finished DHRS4L2_Q6PKH6_OID31072.gz
running DIABLO_Q9NR28_OID20184.gz
finished DIABLO_Q9NR28_OID20184.gz
running DIPK1C_Q0P6D2_OID30932.gz
finished DIPK1C_Q0P6D2_OID30932.gz
running DIPK2B_Q9H7Y0_OID30582.gz
finished DIPK2B_Q9H7Y0_OID30582.gz
running DKK1_O94907_OID21066.gz
finished DKK1_O94907_OID21066.gz
running DKK3_Q9UBP4_OID20264.gz
finished DKK3_Q9UBP4_OID20264.gz
running DKK4_Q9UBT3_OID20934.gz
finished DKK4_Q9UBT3_OID20934.gz
running DKKL1_Q9UK85_OID21313.gz
finished DKKL1_Q9UK85_OID21313.gz
running DLG4_P78352_OID31071.gz
finished DLG4_P78352_OID31071.gz
running DLGAP5_Q15398_OID30976.gz
finished DLGAP5_Q15398_OID30976.gz
running DLK1_P80370_OID20295.gz
finished DLK1_P80370_OID20295.gz
running DLL1_O00548_OID21525.gz
finished DLL1_O00548_OID21525.gz
running DLL4_Q9NR61_OID30255.gz
finished DLL4_Q9NR61_OID30255.gz
running DMD_P11532_OID30223.gz
finished DMD_P11532_OID30223.gz
running DMP1_Q13316_OID30213.gz
finished DMP1_Q13316_OID30213.gz
running DNAJA1_P31689_OID31204.gz
finished DNAJA1_P31689_OID31204.gz
running DNAJA2_O60884_OID20627.gz
finished DNAJA2_O60884_OID20627.gz
running DNAJA4_Q8WW22_OID31130.gz
finished DNAJA4_Q8WW22_OID31130.gz
running DNAJB14_Q8TBM8_OID31434.gz
finished DNAJB14_Q8TBM8_OID31434.gz
running DNAJB1_P25685_OID21363.gz
finished DNAJB1_P25685_OID21363.gz
running DNAJB2_P25686_OID30661.gz
finished DNAJB2_P25686_OID30661.gz
running DNAJB6_O75190_OID30613.gz
finished DNAJB6_O75190_OID30613.gz
running DNAJB8_Q8NHS0_OID20093.gz
finished DNAJB8_Q8NHS0_OID20093.gz
running DNAJC21_Q5F1R6_OID31104.gz
finished DNAJC21_Q5F1R6_OID31104.gz
running DNAJC6_O75061_OID30247.gz
finished DNAJC6_O75061_OID30247.gz
running DNAJC9_Q8WXX5_OID31472.gz
finished DNAJC9_Q8WXX5_OID31472.gz
running DNER_Q8NFT8_OID20712.gz
finished DNER_Q8NFT8_OID20712.gz
running DNLZ_Q5SXM8_OID30822.gz
finished DNLZ_Q5SXM8_OID30822.gz
running DNM1_Q05193_OID31458.gz
finished DNM1_Q05193_OID31458.gz
running DNM3_Q9UQ16_OID31000.gz
finished DNM3_Q9UQ16_OID31000.gz
running DNMBP_Q6XZF7_OID20956.gz
finished DNMBP_Q6XZF7_OID20956.gz
running DNPEP_Q9ULA0_OID31118.gz
finished DNPEP_Q9ULA0_OID31118.gz
running DNPH1_O43598_OID20744.gz
finished DNPH1_O43598_OID20744.gz
running DOC2B_Q14184_OID30927.gz
finished DOC2B_Q14184_OID30927.gz
running DOCK9_Q9BZ29_OID30836.gz
finished DOCK9_Q9BZ29_OID30836.gz
running DOK1_Q99704_OID31111.gz
finished DOK1_Q99704_OID31111.gz
running DOK2_O60496_OID20138.gz
finished DOK2_O60496_OID20138.gz
running DPEP1_P16444_OID20897.gz
finished DPEP1_P16444_OID20897.gz
running DPEP2_Q9H4A9_OID21305.gz
finished DPEP2_Q9H4A9_OID21305.gz
running DPP10_Q8N608_OID20527.gz
finished DPP10_Q8N608_OID20527.gz
running DPP4_P27487_OID20406.gz
finished DPP4_P27487_OID20406.gz
running DPP6_P42658_OID21354.gz
finished DPP6_P42658_OID21354.gz
running DPP7_Q9UHL4_OID20142.gz
finished DPP7_Q9UHL4_OID20142.gz
running DPT_Q07507_OID20278.gz
finished DPT_Q07507_OID20278.gz
running DPY30_Q9C005_OID21410.gz
finished DPY30_Q9C005_OID21410.gz
running DRAXIN_Q8NBI3_OID20917.gz
finished DRAXIN_Q8NBI3_OID20917.gz
running DRG2_P55039_OID21335.gz
finished DRG2_P55039_OID21335.gz
running DSC2_Q02487_OID21079.gz
finished DSC2_Q02487_OID21079.gz
running DSCAM_O60469_OID30993.gz
finished DSCAM_O60469_OID30993.gz
running DSG2_Q14126_OID21113.gz
finished DSG2_Q14126_OID21113.gz
running DSG3_P32926_OID21460.gz
finished DSG3_P32926_OID21460.gz
running DSG4_Q86SJ6_OID21325.gz
finished DSG4_Q86SJ6_OID21325.gz
running DTD1_Q8TEA8_OID30580.gz
finished DTD1_Q8TEA8_OID30580.gz
running DTNB_O60941_OID31395.gz
finished DTNB_O60941_OID31395.gz
running DTX2_Q86UW9_OID30882.gz
finished DTX2_Q86UW9_OID30882.gz
running DTX3_Q8N9I9_OID21349.gz
finished DTX3_Q8N9I9_OID21349.gz
running DTYMK_P23919_OID30308.gz
finished DTYMK_P23919_OID30308.gz
running DUOX2_Q9NRD8_OID20059.gz
finished DUOX2_Q9NRD8_OID20059.gz
running DUSP13_Q6B8I1_OID31394.gz
finished DUSP13_Q6B8I1_OID31394.gz
running DUSP29_Q68J44_OID30935.gz
finished DUSP29_Q68J44_OID30935.gz
running DUSP3_P51452_OID20827.gz
finished DUSP3_P51452_OID20827.gz
running DUT_P33316_OID31457.gz
finished DUT_P33316_OID31457.gz
running DXO_O77932_OID31080.gz
finished DXO_O77932_OID31080.gz
running DYNC1H1_Q14204_OID31341.gz
finished DYNC1H1_Q14204_OID31341.gz
running DYNLT1_P63172_OID30925.gz
finished DYNLT1_P63172_OID30925.gz
running DYNLT3_P51808_OID31415.gz
finished DYNLT3_P51808_OID31415.gz
running EBAG9_O00559_OID20918.gz
finished EBAG9_O00559_OID20918.gz
running EBI3_IL27_Q14213_Q8NEV9_OID21389.gz
finished EBI3_IL27_Q14213_Q8NEV9_OID21389.gz
running ECE1_P42892_OID20891.gz
finished ECE1_P42892_OID20891.gz
