running LTA4H_P09960_OID21452.gz
finished LTA4H_P09960_OID21452.gz
running LTA_P01374_OID20586.gz
finished LTA_P01374_OID20586.gz
running LTBP2_Q14767_OID20254.gz
finished LTBP2_Q14767_OID20254.gz
running LTBP3_Q9NS15_OID21191.gz
finished LTBP3_Q9NS15_OID21191.gz
running LTB_Q06643_OID31383.gz
finished LTB_Q06643_OID31383.gz
running LTBR_P36941_OID20768.gz
finished LTBR_P36941_OID20768.gz
running LTO1_Q8WV07_OID20434.gz
finished LTO1_Q8WV07_OID20434.gz
running LUZP2_Q86TE4_OID31402.gz
finished LUZP2_Q86TE4_OID31402.gz
running LXN_Q9BS40_OID21003.gz
finished LXN_Q9BS40_OID21003.gz
running LY6D_Q14210_OID20708.gz
finished LY6D_Q14210_OID20708.gz
running LY75_O60449_OID20580.gz
finished LY75_O60449_OID20580.gz
running LY96_Q9Y6Y9_OID20945.gz
finished LY96_Q9Y6Y9_OID20945.gz
running LY9_Q9HBG7_OID20670.gz
finished LY9_Q9HBG7_OID20670.gz
running LYAR_Q9NX58_OID21264.gz
finished LYAR_Q9NX58_OID21264.gz
running LYN_P07948_OID21350.gz
finished LYN_P07948_OID21350.gz
running LYPD1_Q8N2G4_OID20821.gz
finished LYPD1_Q8N2G4_OID20821.gz
running LYPD3_O95274_OID21530.gz
finished LYPD3_O95274_OID21530.gz
running LYPD8_Q6UX82_OID21251.gz
finished LYPD8_Q6UX82_OID21251.gz
running LYPLA2_O95372_OID30817.gz
finished LYPLA2_O95372_OID30817.gz
running LYSMD3_Q7Z3D4_OID30950.gz
finished LYSMD3_Q7Z3D4_OID30950.gz
running LYVE1_Q9Y5Y7_OID30728.gz
finished LYVE1_Q9Y5Y7_OID30728.gz
running LYZL2_Q7Z4W2_OID31180.gz
finished LYZL2_Q7Z4W2_OID31180.gz
running LZTFL1_Q9NQ48_OID30637.gz
finished LZTFL1_Q9NQ48_OID30637.gz
running M6PR_P20645_OID30208.gz
finished M6PR_P20645_OID30208.gz
running MAD1L1_Q9Y6D9_OID20904.gz
finished MAD1L1_Q9Y6D9_OID20904.gz
running MAEA_Q7L5Y9_OID21206.gz
finished MAEA_Q7L5Y9_OID21206.gz
running MAGEA3_P43357_OID31331.gz
finished MAGEA3_P43357_OID31331.gz
running MAGED1_Q9Y5V3_OID21181.gz
finished MAGED1_Q9Y5V3_OID21181.gz
running MAG_P20916_OID30967.gz
finished MAG_P20916_OID30967.gz
running MAMDC2_Q7Z304_OID30309.gz
finished MAMDC2_Q7Z304_OID30309.gz
running MAMDC4_Q6UXC1_OID31342.gz
finished MAMDC4_Q6UXC1_OID31342.gz
running MAN1A2_O60476_OID30262.gz
finished MAN1A2_O60476_OID30262.gz
running MAN2B2_Q9Y2E5_OID30306.gz
finished MAN2B2_Q9Y2E5_OID30306.gz
running MANEAL_Q5VSG8_OID31244.gz
finished MANEAL_Q5VSG8_OID31244.gz
running MANF_P55145_OID20707.gz
finished MANF_P55145_OID20707.gz
running MANSC1_Q9H8J5_OID21492.gz
finished MANSC1_Q9H8J5_OID21492.gz
running MANSC4_A6NHS7_OID30141.gz
finished MANSC4_A6NHS7_OID30141.gz
running MAP1LC3A_Q9H492_OID30868.gz
finished MAP1LC3A_Q9H492_OID30868.gz
running MAP1LC3B2_A6NCE7_OID30074.gz
finished MAP1LC3B2_A6NCE7_OID30074.gz
running MAP2K1_Q02750_OID31468.gz
finished MAP2K1_Q02750_OID31468.gz
running MAP2K6_P52564_OID20552.gz
finished MAP2K6_P52564_OID20552.gz
running MAP2_P11137_OID31138.gz
finished MAP2_P11137_OID31138.gz
running MAP3K5_Q99683_OID21253.gz
finished MAP3K5_Q99683_OID21253.gz
running MAP4K5_Q9Y4K4_OID20899.gz
finished MAP4K5_Q9Y4K4_OID20899.gz
running MAPK13_O15264_OID31205.gz
finished MAPK13_O15264_OID31205.gz
running MAPK9_P45984_OID20557.gz
finished MAPK9_P45984_OID20557.gz
running MAPKAPK2_P49137_OID31293.gz
finished MAPKAPK2_P49137_OID31293.gz
running MAPRE3_Q9UPY8_OID31177.gz
finished MAPRE3_Q9UPY8_OID31177.gz
running MAPT_P10636_OID20830.gz
finished MAPT_P10636_OID20830.gz
running MARCO_Q9UEW3_OID20210.gz
finished MARCO_Q9UEW3_OID20210.gz
running MARS1_P56192_OID30658.gz
finished MARS1_P56192_OID30658.gz
running MASP1_P48740_OID20954.gz
finished MASP1_P48740_OID20954.gz
running MATN2_O00339_OID20767.gz
finished MATN2_O00339_OID20767.gz
running MATN3_O15232_OID20979.gz
finished MATN3_O15232_OID20979.gz
running MAVS_Q7Z434_OID21204.gz
finished MAVS_Q7Z434_OID21204.gz
running MAX_P61244_OID20877.gz
finished MAX_P61244_OID20877.gz
running MBL2_P11226_OID30759.gz
finished MBL2_P11226_OID30759.gz
running MB_P02144_OID20263.gz
finished MB_P02144_OID20263.gz
running MCAM_P43121_OID20343.gz
finished MCAM_P43121_OID20343.gz
running MCEE_Q96PE7_OID31033.gz
finished MCEE_Q96PE7_OID31033.gz
running MCEMP1_Q8IX19_OID30501.gz
finished MCEMP1_Q8IX19_OID30501.gz
running MCFD2_Q8NI22_OID20171.gz
finished MCFD2_Q8NI22_OID20171.gz
running MCTS1_Q9ULC4_OID31444.gz
finished MCTS1_Q9ULC4_OID31444.gz
running MDGA1_Q8NFP4_OID20951.gz
finished MDGA1_Q8NFP4_OID20951.gz
running MDH1_P40925_OID30669.gz
finished MDH1_P40925_OID30669.gz
running MDK_P21741_OID21489.gz
finished MDK_P21741_OID21489.gz
running MDM1_Q8TC05_OID30945.gz
finished MDM1_Q8TC05_OID30945.gz
running MECR_Q9BV79_OID30274.gz
finished MECR_Q9BV79_OID30274.gz
running MED18_Q9BUE0_OID21236.gz
finished MED18_Q9BUE0_OID21236.gz
running MED21_Q13503_OID30066.gz
finished MED21_Q13503_OID30066.gz
running MEGF10_Q96KG7_OID20746.gz
finished MEGF10_Q96KG7_OID20746.gz
running MEGF11_A6BM72_OID30099.gz
finished MEGF11_A6BM72_OID30099.gz
running MEGF9_Q9H1U4_OID20285.gz
finished MEGF9_Q9H1U4_OID20285.gz
running MELTF_P08582_OID30347.gz
finished MELTF_P08582_OID30347.gz
running MENT_Q9BUN1_OID30595.gz
finished MENT_Q9BUN1_OID30595.gz
running MEP1A_Q16819_OID31459.gz
finished MEP1A_Q16819_OID31459.gz
running MEP1B_Q16820_OID20168.gz
finished MEP1B_Q16820_OID20168.gz
running MEPE_Q9NQ76_OID20753.gz
finished MEPE_Q9NQ76_OID20753.gz
running MERTK_Q12866_OID20657.gz
finished MERTK_Q12866_OID20657.gz
running MESD_Q14696_OID21099.gz
finished MESD_Q14696_OID21099.gz
running METAP1D_Q6UB28_OID20519.gz
finished METAP1D_Q6UB28_OID20519.gz
running METAP1_P53582_OID20815.gz
finished METAP1_P53582_OID20815.gz
running METAP2_P50579_OID21437.gz
finished METAP2_P50579_OID21437.gz
running MET_P08581_OID20269.gz
finished MET_P08581_OID20269.gz
running MFAP3L_O75121_OID30933.gz
finished MFAP3L_O75121_OID30933.gz
running MFAP3_P55082_OID20057.gz
finished MFAP3_P55082_OID20057.gz
running MFAP4_P55083_OID30598.gz
finished MFAP4_P55083_OID30598.gz
running MFAP5_Q13361_OID20239.gz
finished MFAP5_Q13361_OID20239.gz
running MFGE8_Q08431_OID21134.gz
finished MFGE8_Q08431_OID21134.gz
running MGLL_Q99685_OID20711.gz
finished MGLL_Q99685_OID20711.gz
running MGMT_P16455_OID20588.gz
finished MGMT_P16455_OID20588.gz
running MIA_Q16674_OID21531.gz
finished MIA_Q16674_OID21531.gz
running MICALL2_Q8IY33_OID30889.gz
finished MICALL2_Q8IY33_OID30889.gz
running MICB_MICA_Q29980_Q29983_OID20593.gz
finished MICB_MICA_Q29980_Q29983_OID20593.gz
running MIF_P14174_OID21073.gz
finished MIF_P14174_OID21073.gz
running MILR1_Q7Z6M3_OID20482.gz
finished MILR1_Q7Z6M3_OID20482.gz
running MINDY1_Q8N5J2_OID31399.gz
finished MINDY1_Q8N5J2_OID31399.gz
running MINK1_Q8N4C8_OID31156.gz
finished MINK1_Q8N4C8_OID31156.gz
running MITD1_Q8WV92_OID20959.gz
finished MITD1_Q8WV92_OID20959.gz
running MKI67_P46013_OID30455.gz
finished MKI67_P46013_OID30455.gz
running MLLT1_Q03111_OID31211.gz
finished MLLT1_Q03111_OID31211.gz
running MLN_P12872_OID20541.gz
finished MLN_P12872_OID20541.gz
running MME_P08473_OID21307.gz
finished MME_P08473_OID21307.gz
running MMP10_P09238_OID20687.gz
finished MMP10_P09238_OID20687.gz
running MMP12_P39900_OID21439.gz
finished MMP12_P39900_OID21439.gz
running MMP13_P45452_OID20807.gz
finished MMP13_P45452_OID20807.gz
running MMP15_P51511_OID30299.gz
finished MMP15_P51511_OID30299.gz
running MMP1_P03956_OID20672.gz
finished MMP1_P03956_OID20672.gz
running MMP3_P08254_OID21083.gz
finished MMP3_P08254_OID21083.gz
