running 15316_262_TXNL4B_TXN4B.txt.gz.annotated.gz.exclusions.gz.alleles.gz
finished 15316_262_TXNL4B_TXN4B.txt.gz.annotated.gz.exclusions.gz.alleles.gz
running 15318_75_S100A10_Calpactin_I_light_chain.txt.gz.annotated.gz.exclusions.gz.alleles.gz
finished 15318_75_S100A10_Calpactin_I_light_chain.txt.gz.annotated.gz.exclusions.gz.alleles.gz
running 15319_226_CCNA1_CCNA1.txt.gz.annotated.gz.exclusions.gz.alleles.gz
finished 15319_226_CCNA1_CCNA1.txt.gz.annotated.gz.exclusions.gz.alleles.gz
running 15321_8_CPLX2_CPLX2.txt.gz.annotated.gz.exclusions.gz.alleles.gz
finished 15321_8_CPLX2_CPLX2.txt.gz.annotated.gz.exclusions.gz.alleles.gz
running 15322_35_CRADD_CRADD.txt.gz.annotated.gz.exclusions.gz.alleles.gz
finished 15322_35_CRADD_CRADD.txt.gz.annotated.gz.exclusions.gz.alleles.gz
running 15323_112_AGO3_AGO3.txt.gz.annotated.gz.exclusions.gz.alleles.gz
finished 15323_112_AGO3_AGO3.txt.gz.annotated.gz.exclusions.gz.alleles.gz
running 15324_58_FTL_Ferritin_light_chain.txt.gz.annotated.gz.exclusions.gz.alleles.gz
finished 15324_58_FTL_Ferritin_light_chain.txt.gz.annotated.gz.exclusions.gz.alleles.gz
running 15325_14_GAP43_NEUM.txt.gz.annotated.gz.exclusions.gz.alleles.gz
finished 15325_14_GAP43_NEUM.txt.gz.annotated.gz.exclusions.gz.alleles.gz
running 15326_64_GBP1_GBP1.txt.gz.annotated.gz.exclusions.gz.alleles.gz
finished 15326_64_GBP1_GBP1.txt.gz.annotated.gz.exclusions.gz.alleles.gz
running 15329_167_ROBLD3_MAPIP.txt.gz.annotated.gz.exclusions.gz.alleles.gz
finished 15329_167_ROBLD3_MAPIP.txt.gz.annotated.gz.exclusions.gz.alleles.gz
running 15331_47_RBBP4_RBBP4.txt.gz.annotated.gz.exclusions.gz.alleles.gz
finished 15331_47_RBBP4_RBBP4.txt.gz.annotated.gz.exclusions.gz.alleles.gz
running 15333_11_SDF2_SDF2.txt.gz.annotated.gz.exclusions.gz.alleles.gz
finished 15333_11_SDF2_SDF2.txt.gz.annotated.gz.exclusions.gz.alleles.gz
running 15336_7_SELM_SELM.txt.gz.annotated.gz.exclusions.gz.alleles.gz
finished 15336_7_SELM_SELM.txt.gz.annotated.gz.exclusions.gz.alleles.gz
running 15339_32_CFL2_COF2.txt.gz.annotated.gz.exclusions.gz.alleles.gz
finished 15339_32_CFL2_COF2.txt.gz.annotated.gz.exclusions.gz.alleles.gz
running 15343_337_KNG1_Kininogen__HMW__Two_Chain.txt.gz.annotated.gz.exclusions.gz.alleles.gz
finished 15343_337_KNG1_Kininogen__HMW__Two_Chain.txt.gz.annotated.gz.exclusions.gz.alleles.gz
running 15346_31_IFNG_IFN_g.txt.gz.annotated.gz.exclusions.gz.alleles.gz
finished 15346_31_IFNG_IFN_g.txt.gz.annotated.gz.exclusions.gz.alleles.gz
running 15347_12_HPX_Hemopexin.txt.gz.annotated.gz.exclusions.gz.alleles.gz
finished 15347_12_HPX_Hemopexin.txt.gz.annotated.gz.exclusions.gz.alleles.gz
running 15358_28_SCG5_7B2.txt.gz.annotated.gz.exclusions.gz.alleles.gz
finished 15358_28_SCG5_7B2.txt.gz.annotated.gz.exclusions.gz.alleles.gz
running 15361_37_ANKRD1_ANKR1.txt.gz.annotated.gz.exclusions.gz.alleles.gz
finished 15361_37_ANKRD1_ANKR1.txt.gz.annotated.gz.exclusions.gz.alleles.gz
running 15363_32_APOA5_Apo_A_V.txt.gz.annotated.gz.exclusions.gz.alleles.gz
finished 15363_32_APOA5_Apo_A_V.txt.gz.annotated.gz.exclusions.gz.alleles.gz
running 15364_101_APOC1_Apo_C_I.txt.gz.annotated.gz.exclusions.gz.alleles.gz
finished 15364_101_APOC1_Apo_C_I.txt.gz.annotated.gz.exclusions.gz.alleles.gz
running 15365_41_BAI3_BAI3.txt.gz.annotated.gz.exclusions.gz.alleles.gz
finished 15365_41_BAI3_BAI3.txt.gz.annotated.gz.exclusions.gz.alleles.gz
running 15367_38_BPIFB1_LPLC1.txt.gz.annotated.gz.exclusions.gz.alleles.gz
finished 15367_38_BPIFB1_LPLC1.txt.gz.annotated.gz.exclusions.gz.alleles.gz
running 15368_3_BMPER_BMPER.txt.gz.annotated.gz.exclusions.gz.alleles.gz
finished 15368_3_BMPER_BMPER.txt.gz.annotated.gz.exclusions.gz.alleles.gz
running 15370_5_BOLA1_BOLA1.txt.gz.annotated.gz.exclusions.gz.alleles.gz
finished 15370_5_BOLA1_BOLA1.txt.gz.annotated.gz.exclusions.gz.alleles.gz
running 15372_43_BRD2_BRD2.txt.gz.annotated.gz.exclusions.gz.alleles.gz
finished 15372_43_BRD2_BRD2.txt.gz.annotated.gz.exclusions.gz.alleles.gz
running 15374_15_GKN1_CA11_protein.txt.gz.annotated.gz.exclusions.gz.alleles.gz
finished 15374_15_GKN1_CA11_protein.txt.gz.annotated.gz.exclusions.gz.alleles.gz
running 15375_49_CPB1_Carboxypeptidase_B1.txt.gz.annotated.gz.exclusions.gz.alleles.gz
finished 15375_49_CPB1_Carboxypeptidase_B1.txt.gz.annotated.gz.exclusions.gz.alleles.gz
running 15376_134_CTSE_CATE.txt.gz.annotated.gz.exclusions.gz.alleles.gz
finished 15376_134_CTSE_CATE.txt.gz.annotated.gz.exclusions.gz.alleles.gz
running 15381_45_DDR2_Discoidin_domain_receptor_2.txt.gz.annotated.gz.exclusions.gz.alleles.gz
finished 15381_45_DDR2_Discoidin_domain_receptor_2.txt.gz.annotated.gz.exclusions.gz.alleles.gz
running 15383_200_EDN3_Endothelin_3.txt.gz.annotated.gz.exclusions.gz.alleles.gz
finished 15383_200_EDN3_Endothelin_3.txt.gz.annotated.gz.exclusions.gz.alleles.gz
running 15384_15_KL_KLOTHO.txt.gz.annotated.gz.exclusions.gz.alleles.gz
finished 15384_15_KL_KLOTHO.txt.gz.annotated.gz.exclusions.gz.alleles.gz
running 15385_116_FABP2_FABP2.txt.gz.annotated.gz.exclusions.gz.alleles.gz
finished 15385_116_FABP2_FABP2.txt.gz.annotated.gz.exclusions.gz.alleles.gz
running 15386_7_FABP4_FABPA.txt.gz.annotated.gz.exclusions.gz.alleles.gz
finished 15386_7_FABP4_FABPA.txt.gz.annotated.gz.exclusions.gz.alleles.gz
running 15387_44_NRP2_Neuropilin_2.txt.gz.annotated.gz.exclusions.gz.alleles.gz
finished 15387_44_NRP2_Neuropilin_2.txt.gz.annotated.gz.exclusions.gz.alleles.gz
running 15388_24_FCGR3A_FcRIIIa.txt.gz.annotated.gz.exclusions.gz.alleles.gz
finished 15388_24_FCGR3A_FcRIIIa.txt.gz.annotated.gz.exclusions.gz.alleles.gz
running 15389_1_FXN_FRDA.txt.gz.annotated.gz.exclusions.gz.alleles.gz
finished 15389_1_FXN_FRDA.txt.gz.annotated.gz.exclusions.gz.alleles.gz
running 15390_3_GAL_Galanin.txt.gz.annotated.gz.exclusions.gz.alleles.gz
finished 15390_3_GAL_Galanin.txt.gz.annotated.gz.exclusions.gz.alleles.gz
running 15391_114_GAS6_GAS_6.txt.gz.annotated.gz.exclusions.gz.alleles.gz
finished 15391_114_GAS6_GAS_6.txt.gz.annotated.gz.exclusions.gz.alleles.gz
running 15394_79_UNC5B_UNC5B.txt.gz.annotated.gz.exclusions.gz.alleles.gz
finished 15394_79_UNC5B_UNC5B.txt.gz.annotated.gz.exclusions.gz.alleles.gz
running 15395_15_GSTM1_GST_M1_1.txt.gz.annotated.gz.exclusions.gz.alleles.gz
finished 15395_15_GSTM1_GST_M1_1.txt.gz.annotated.gz.exclusions.gz.alleles.gz
running 15398_2_GFER_HERV1.txt.gz.annotated.gz.exclusions.gz.alleles.gz
finished 15398_2_GFER_HERV1.txt.gz.annotated.gz.exclusions.gz.alleles.gz
running 15402_2_ID1_ID_1.txt.gz.annotated.gz.exclusions.gz.alleles.gz
finished 15402_2_ID1_ID_1.txt.gz.annotated.gz.exclusions.gz.alleles.gz
running 15403_53_ID2_ID2.txt.gz.annotated.gz.exclusions.gz.alleles.gz
finished 15403_53_ID2_ID2.txt.gz.annotated.gz.exclusions.gz.alleles.gz
running 15404_3_IFNA21_IFN21.txt.gz.annotated.gz.exclusions.gz.alleles.gz
finished 15404_3_IFNA21_IFN21.txt.gz.annotated.gz.exclusions.gz.alleles.gz
running 15405_23_IFNA4_IFNA4.txt.gz.annotated.gz.exclusions.gz.alleles.gz
finished 15405_23_IFNA4_IFNA4.txt.gz.annotated.gz.exclusions.gz.alleles.gz
running 15412_40_BIRC7_KIAP.txt.gz.annotated.gz.exclusions.gz.alleles.gz
finished 15412_40_BIRC7_KIAP.txt.gz.annotated.gz.exclusions.gz.alleles.gz
running 15413_3_LCAT_LCAT.txt.gz.annotated.gz.exclusions.gz.alleles.gz
finished 15413_3_LCAT_LCAT.txt.gz.annotated.gz.exclusions.gz.alleles.gz
running 15414_316_LDHA_LDHA.txt.gz.annotated.gz.exclusions.gz.alleles.gz
finished 15414_316_LDHA_LDHA.txt.gz.annotated.gz.exclusions.gz.alleles.gz
running 15416_54_LYG2_LYG2.txt.gz.annotated.gz.exclusions.gz.alleles.gz
finished 15416_54_LYG2_LYG2.txt.gz.annotated.gz.exclusions.gz.alleles.gz
running 15417_3_SERPINB5_Maspin.txt.gz.annotated.gz.exclusions.gz.alleles.gz
finished 15417_3_SERPINB5_Maspin.txt.gz.annotated.gz.exclusions.gz.alleles.gz
running 15418_25_MAPK10_MK10.txt.gz.annotated.gz.exclusions.gz.alleles.gz
finished 15418_25_MAPK10_MK10.txt.gz.annotated.gz.exclusions.gz.alleles.gz
running 15419_15_MMP20_MMP20.txt.gz.annotated.gz.exclusions.gz.alleles.gz
finished 15419_15_MMP20_MMP20.txt.gz.annotated.gz.exclusions.gz.alleles.gz
running 15422_12_PMP2_MYP2.txt.gz.annotated.gz.exclusions.gz.alleles.gz
finished 15422_12_PMP2_MYP2.txt.gz.annotated.gz.exclusions.gz.alleles.gz
running 15426_5_NEU1_NEUR1.txt.gz.annotated.gz.exclusions.gz.alleles.gz
finished 15426_5_NEU1_NEUR1.txt.gz.annotated.gz.exclusions.gz.alleles.gz
running 15427_35_LOXL3_LOXL3.txt.gz.annotated.gz.exclusions.gz.alleles.gz
finished 15427_35_LOXL3_LOXL3.txt.gz.annotated.gz.exclusions.gz.alleles.gz
running 15430_165_OPTC_OPT.txt.gz.annotated.gz.exclusions.gz.alleles.gz
finished 15430_165_OPTC_OPT.txt.gz.annotated.gz.exclusions.gz.alleles.gz
running 15431_31_OTC_OTCase.txt.gz.annotated.gz.exclusions.gz.alleles.gz
finished 15431_31_OTC_OTCase.txt.gz.annotated.gz.exclusions.gz.alleles.gz
running 15432_1_OTOR_Otoraplin.txt.gz.annotated.gz.exclusions.gz.alleles.gz
finished 15432_1_OTOR_Otoraplin.txt.gz.annotated.gz.exclusions.gz.alleles.gz
running 15433_4_SRC_p60_Src.txt.gz.annotated.gz.exclusions.gz.alleles.gz
finished 15433_4_SRC_p60_Src.txt.gz.annotated.gz.exclusions.gz.alleles.gz
running 15434_5_PNOC_PNOC.txt.gz.annotated.gz.exclusions.gz.alleles.gz
finished 15434_5_PNOC_PNOC.txt.gz.annotated.gz.exclusions.gz.alleles.gz
running 15435_4_PNP_PNP.txt.gz.annotated.gz.exclusions.gz.alleles.gz
finished 15435_4_PNP_PNP.txt.gz.annotated.gz.exclusions.gz.alleles.gz
running 15436_40_RAMP1_RAMP1.txt.gz.annotated.gz.exclusions.gz.alleles.gz
finished 15436_40_RAMP1_RAMP1.txt.gz.annotated.gz.exclusions.gz.alleles.gz
running 15437_11_RAMP3_RAMP3.txt.gz.annotated.gz.exclusions.gz.alleles.gz
finished 15437_11_RAMP3_RAMP3.txt.gz.annotated.gz.exclusions.gz.alleles.gz
running 15439_21_RND3_RND3.txt.gz.annotated.gz.exclusions.gz.alleles.gz
finished 15439_21_RND3_RND3.txt.gz.annotated.gz.exclusions.gz.alleles.gz
running 15440_57_PCSK2_NEC2.txt.gz.annotated.gz.exclusions.gz.alleles.gz
finished 15440_57_PCSK2_NEC2.txt.gz.annotated.gz.exclusions.gz.alleles.gz
running 15441_6_GM2A_SAP3.txt.gz.annotated.gz.exclusions.gz.alleles.gz
finished 15441_6_GM2A_SAP3.txt.gz.annotated.gz.exclusions.gz.alleles.gz
running 15444_45_SERPINB4_SCCA2.txt.gz.annotated.gz.exclusions.gz.alleles.gz
finished 15444_45_SERPINB4_SCCA2.txt.gz.annotated.gz.exclusions.gz.alleles.gz
running 15446_25_NRG1_SMDF.txt.gz.annotated.gz.exclusions.gz.alleles.gz
finished 15446_25_NRG1_SMDF.txt.gz.annotated.gz.exclusions.gz.alleles.gz
running 15447_45_SORD_Sorbitol_dehydrogenase.txt.gz.annotated.gz.exclusions.gz.alleles.gz
finished 15447_45_SORD_Sorbitol_dehydrogenase.txt.gz.annotated.gz.exclusions.gz.alleles.gz
running 15448_47_SQSTM1_SQSTM.txt.gz.annotated.gz.exclusions.gz.alleles.gz
finished 15448_47_SQSTM1_SQSTM.txt.gz.annotated.gz.exclusions.gz.alleles.gz
running 15449_33_TIMD4_TIM_4.txt.gz.annotated.gz.exclusions.gz.alleles.gz
finished 15449_33_TIMD4_TIM_4.txt.gz.annotated.gz.exclusions.gz.alleles.gz
running 15452_5_NT5E_5__Nucleotidase.txt.gz.annotated.gz.exclusions.gz.alleles.gz
finished 15452_5_NT5E_5__Nucleotidase.txt.gz.annotated.gz.exclusions.gz.alleles.gz
running 15453_3_AMBP_a1_Microglobulin.txt.gz.annotated.gz.exclusions.gz.alleles.gz
finished 15453_3_AMBP_a1_Microglobulin.txt.gz.annotated.gz.exclusions.gz.alleles.gz
running 15455_40_ADAM15_ADA15.txt.gz.annotated.gz.exclusions.gz.alleles.gz
finished 15455_40_ADAM15_ADA15.txt.gz.annotated.gz.exclusions.gz.alleles.gz
running 15457_14_ANPEP_Aminopeptidase_N.txt.gz.annotated.gz.exclusions.gz.alleles.gz
finished 15457_14_ANPEP_Aminopeptidase_N.txt.gz.annotated.gz.exclusions.gz.alleles.gz
running 15460_9_DPP4_CD26.txt.gz.annotated.gz.exclusions.gz.alleles.gz
finished 15460_9_DPP4_CD26.txt.gz.annotated.gz.exclusions.gz.alleles.gz
running 15462_28_CD8A_CD8A.txt.gz.annotated.gz.exclusions.gz.alleles.gz
finished 15462_28_CD8A_CD8A.txt.gz.annotated.gz.exclusions.gz.alleles.gz
running 15465_79_CNPY4_CNPY4.txt.gz.annotated.gz.exclusions.gz.alleles.gz
finished 15465_79_CNPY4_CNPY4.txt.gz.annotated.gz.exclusions.gz.alleles.gz
running 15466_30_COL9A1_CO9A1.txt.gz.annotated.gz.exclusions.gz.alleles.gz
finished 15466_30_COL9A1_CO9A1.txt.gz.annotated.gz.exclusions.gz.alleles.gz
