running 17397_8_HSD17B11_DHB11.txt.gz.annotated.gz.exclusions.gz.alleles.gz
finished 17397_8_HSD17B11_DHB11.txt.gz.annotated.gz.exclusions.gz.alleles.gz
running 17398_55_HMOX1_HO_1.txt.gz.annotated.gz.exclusions.gz.alleles.gz
finished 17398_55_HMOX1_HO_1.txt.gz.annotated.gz.exclusions.gz.alleles.gz
running 17400_71_ACOT8_ACOT8.txt.gz.annotated.gz.exclusions.gz.alleles.gz
finished 17400_71_ACOT8_ACOT8.txt.gz.annotated.gz.exclusions.gz.alleles.gz
running 17403_14_ACADSB_acyl_Coenzyme_A_dehydrogenase.txt.gz.annotated.gz.exclusions.gz.alleles.gz
finished 17403_14_ACADSB_acyl_Coenzyme_A_dehydrogenase.txt.gz.annotated.gz.exclusions.gz.alleles.gz
running 17404_5_ARL5B_ARL5B.txt.gz.annotated.gz.exclusions.gz.alleles.gz
finished 17404_5_ARL5B_ARL5B.txt.gz.annotated.gz.exclusions.gz.alleles.gz
running 17405_2_UCHL5_UCHL5.txt.gz.annotated.gz.exclusions.gz.alleles.gz
finished 17405_2_UCHL5_UCHL5.txt.gz.annotated.gz.exclusions.gz.alleles.gz
running 17408_2_PMM1_PMM1.txt.gz.annotated.gz.exclusions.gz.alleles.gz
finished 17408_2_PMM1_PMM1.txt.gz.annotated.gz.exclusions.gz.alleles.gz
running 17410_5_CETN3_CETN3.txt.gz.annotated.gz.exclusions.gz.alleles.gz
finished 17410_5_CETN3_CETN3.txt.gz.annotated.gz.exclusions.gz.alleles.gz
running 17411_55_UFD1L_UFD1.txt.gz.annotated.gz.exclusions.gz.alleles.gz
finished 17411_55_UFD1L_UFD1.txt.gz.annotated.gz.exclusions.gz.alleles.gz
running 17419_17_TES_TES.txt.gz.annotated.gz.exclusions.gz.alleles.gz
finished 17419_17_TES_TES.txt.gz.annotated.gz.exclusions.gz.alleles.gz
running 17427_26_NLGN3_NLGN3.txt.gz.annotated.gz.exclusions.gz.alleles.gz
finished 17427_26_NLGN3_NLGN3.txt.gz.annotated.gz.exclusions.gz.alleles.gz
running 17432_25_AK4_KAD4.txt.gz.annotated.gz.exclusions.gz.alleles.gz
finished 17432_25_AK4_KAD4.txt.gz.annotated.gz.exclusions.gz.alleles.gz
running 17435_43_ETFA_ETFA.txt.gz.annotated.gz.exclusions.gz.alleles.gz
finished 17435_43_ETFA_ETFA.txt.gz.annotated.gz.exclusions.gz.alleles.gz
running 17436_193_CSNK1G2_CSNK1G2.txt.gz.annotated.gz.exclusions.gz.alleles.gz
finished 17436_193_CSNK1G2_CSNK1G2.txt.gz.annotated.gz.exclusions.gz.alleles.gz
running 17441_4_ALPI_Alkaline_phosphatase__intestine.txt.gz.annotated.gz.exclusions.gz.alleles.gz
finished 17441_4_ALPI_Alkaline_phosphatase__intestine.txt.gz.annotated.gz.exclusions.gz.alleles.gz
running 17447_52_SFRP4_SFRP4.txt.gz.annotated.gz.exclusions.gz.alleles.gz
finished 17447_52_SFRP4_SFRP4.txt.gz.annotated.gz.exclusions.gz.alleles.gz
running 17449_23_CD9_CD9.txt.gz.annotated.gz.exclusions.gz.alleles.gz
finished 17449_23_CD9_CD9.txt.gz.annotated.gz.exclusions.gz.alleles.gz
running 17450_51_HARS_Histidyl_tRNA_synthetase.txt.gz.annotated.gz.exclusions.gz.alleles.gz
finished 17450_51_HARS_Histidyl_tRNA_synthetase.txt.gz.annotated.gz.exclusions.gz.alleles.gz
running 17451_13_BCL2L11_BIM.txt.gz.annotated.gz.exclusions.gz.alleles.gz
finished 17451_13_BCL2L11_BIM.txt.gz.annotated.gz.exclusions.gz.alleles.gz
running 17453_34_CP_Ceruloplasmin.txt.gz.annotated.gz.exclusions.gz.alleles.gz
finished 17453_34_CP_Ceruloplasmin.txt.gz.annotated.gz.exclusions.gz.alleles.gz
running 17454_15_EGFL6_EGFL6.txt.gz.annotated.gz.exclusions.gz.alleles.gz
finished 17454_15_EGFL6_EGFL6.txt.gz.annotated.gz.exclusions.gz.alleles.gz
running 17455_42_FOLR1_FOLR1.txt.gz.annotated.gz.exclusions.gz.alleles.gz
finished 17455_42_FOLR1_FOLR1.txt.gz.annotated.gz.exclusions.gz.alleles.gz
running 17456_53_GOLM1_GOLM1.txt.gz.annotated.gz.exclusions.gz.alleles.gz
finished 17456_53_GOLM1_GOLM1.txt.gz.annotated.gz.exclusions.gz.alleles.gz
running 17460_51_MX1_Mx1.txt.gz.annotated.gz.exclusions.gz.alleles.gz
finished 17460_51_MX1_Mx1.txt.gz.annotated.gz.exclusions.gz.alleles.gz
running 17462_19_IRF1_IRF1.txt.gz.annotated.gz.exclusions.gz.alleles.gz
finished 17462_19_IRF1_IRF1.txt.gz.annotated.gz.exclusions.gz.alleles.gz
running 17466_72_ACSF2_ACSF2.txt.gz.annotated.gz.exclusions.gz.alleles.gz
finished 17466_72_ACSF2_ACSF2.txt.gz.annotated.gz.exclusions.gz.alleles.gz
running 17467_1_DHRS9_DHRS9.txt.gz.annotated.gz.exclusions.gz.alleles.gz
finished 17467_1_DHRS9_DHRS9.txt.gz.annotated.gz.exclusions.gz.alleles.gz
running 17468_1_SUFU_SUFU.txt.gz.annotated.gz.exclusions.gz.alleles.gz
finished 17468_1_SUFU_SUFU.txt.gz.annotated.gz.exclusions.gz.alleles.gz
running 17474_106_YEATS4_YETS4.txt.gz.annotated.gz.exclusions.gz.alleles.gz
finished 17474_106_YEATS4_YETS4.txt.gz.annotated.gz.exclusions.gz.alleles.gz
running 17475_18_PBK_TOPK.txt.gz.annotated.gz.exclusions.gz.alleles.gz
finished 17475_18_PBK_TOPK.txt.gz.annotated.gz.exclusions.gz.alleles.gz
running 17490_4_SH3BGRL3_SH3BGRL3_like_protein.txt.gz.annotated.gz.exclusions.gz.alleles.gz
finished 17490_4_SH3BGRL3_SH3BGRL3_like_protein.txt.gz.annotated.gz.exclusions.gz.alleles.gz
running 17495_141_SIRT3_SIR3.txt.gz.annotated.gz.exclusions.gz.alleles.gz
finished 17495_141_SIRT3_SIR3.txt.gz.annotated.gz.exclusions.gz.alleles.gz
running 17505_125_NAALADL1_NALDL.txt.gz.annotated.gz.exclusions.gz.alleles.gz
finished 17505_125_NAALADL1_NALDL.txt.gz.annotated.gz.exclusions.gz.alleles.gz
running 17509_6_HPD_HPPD.txt.gz.annotated.gz.exclusions.gz.alleles.gz
finished 17509_6_HPD_HPPD.txt.gz.annotated.gz.exclusions.gz.alleles.gz
running 17510_7_SRP14_SRP14.txt.gz.annotated.gz.exclusions.gz.alleles.gz
finished 17510_7_SRP14_SRP14.txt.gz.annotated.gz.exclusions.gz.alleles.gz
running 17511_10_RPP30_RPP30.txt.gz.annotated.gz.exclusions.gz.alleles.gz
finished 17511_10_RPP30_RPP30.txt.gz.annotated.gz.exclusions.gz.alleles.gz
running 17512_2_NMI_NMI.txt.gz.annotated.gz.exclusions.gz.alleles.gz
finished 17512_2_NMI_NMI.txt.gz.annotated.gz.exclusions.gz.alleles.gz
running 17513_11_ANXA11_ANX11.txt.gz.annotated.gz.exclusions.gz.alleles.gz
finished 17513_11_ANXA11_ANX11.txt.gz.annotated.gz.exclusions.gz.alleles.gz
running 17514_48_RAB21_RAB21.txt.gz.annotated.gz.exclusions.gz.alleles.gz
finished 17514_48_RAB21_RAB21.txt.gz.annotated.gz.exclusions.gz.alleles.gz
running 17515_6_HSPA13_STCH.txt.gz.annotated.gz.exclusions.gz.alleles.gz
finished 17515_6_HSPA13_STCH.txt.gz.annotated.gz.exclusions.gz.alleles.gz
running 17516_7_RAB3A_Rab3A.txt.gz.annotated.gz.exclusions.gz.alleles.gz
finished 17516_7_RAB3A_Rab3A.txt.gz.annotated.gz.exclusions.gz.alleles.gz
running 17671_58_ING4_ING4.txt.gz.annotated.gz.exclusions.gz.alleles.gz
finished 17671_58_ING4_ING4.txt.gz.annotated.gz.exclusions.gz.alleles.gz
running 17672_184_GIF_Gastric_intrinsic_factor.txt.gz.annotated.gz.exclusions.gz.alleles.gz
finished 17672_184_GIF_Gastric_intrinsic_factor.txt.gz.annotated.gz.exclusions.gz.alleles.gz
running 17673_34_CA5B_Carbonic_Anhydrase_VB.txt.gz.annotated.gz.exclusions.gz.alleles.gz
finished 17673_34_CA5B_Carbonic_Anhydrase_VB.txt.gz.annotated.gz.exclusions.gz.alleles.gz
running 17675_17_ACOT13_ACO13.txt.gz.annotated.gz.exclusions.gz.alleles.gz
finished 17675_17_ACOT13_ACO13.txt.gz.annotated.gz.exclusions.gz.alleles.gz
running 17676_13_TRIP10_CIP4.txt.gz.annotated.gz.exclusions.gz.alleles.gz
finished 17676_13_TRIP10_CIP4.txt.gz.annotated.gz.exclusions.gz.alleles.gz
running 17677_47_CD160_BY55.txt.gz.annotated.gz.exclusions.gz.alleles.gz
finished 17677_47_CD160_BY55.txt.gz.annotated.gz.exclusions.gz.alleles.gz
running 17680_12_EPHB1_EPHB1.txt.gz.annotated.gz.exclusions.gz.alleles.gz
finished 17680_12_EPHB1_EPHB1.txt.gz.annotated.gz.exclusions.gz.alleles.gz
running 17682_1_CD46_CD46.txt.gz.annotated.gz.exclusions.gz.alleles.gz
finished 17682_1_CD46_CD46.txt.gz.annotated.gz.exclusions.gz.alleles.gz
running 17683_2_COMMD9_COMD9.txt.gz.annotated.gz.exclusions.gz.alleles.gz
finished 17683_2_COMMD9_COMD9.txt.gz.annotated.gz.exclusions.gz.alleles.gz
running 17685_9_APOA4_Apo_A_IV.txt.gz.annotated.gz.exclusions.gz.alleles.gz
finished 17685_9_APOA4_Apo_A_IV.txt.gz.annotated.gz.exclusions.gz.alleles.gz
running 17686_27_TBCB_TBCB.txt.gz.annotated.gz.exclusions.gz.alleles.gz
finished 17686_27_TBCB_TBCB.txt.gz.annotated.gz.exclusions.gz.alleles.gz
running 17691_1_TPP1_TPP1.txt.gz.annotated.gz.exclusions.gz.alleles.gz
finished 17691_1_TPP1_TPP1.txt.gz.annotated.gz.exclusions.gz.alleles.gz
running 17692_2_BTN3A3_BT3A3.txt.gz.annotated.gz.exclusions.gz.alleles.gz
finished 17692_2_BTN3A3_BT3A3.txt.gz.annotated.gz.exclusions.gz.alleles.gz
running 17693_2_SEPT6_Septin_6.txt.gz.annotated.gz.exclusions.gz.alleles.gz
finished 17693_2_SEPT6_Septin_6.txt.gz.annotated.gz.exclusions.gz.alleles.gz
running 17694_32_PSME2_PSME2.txt.gz.annotated.gz.exclusions.gz.alleles.gz
finished 17694_32_PSME2_PSME2.txt.gz.annotated.gz.exclusions.gz.alleles.gz
running 17696_1_TICAM2_TIRP.txt.gz.annotated.gz.exclusions.gz.alleles.gz
finished 17696_1_TICAM2_TIRP.txt.gz.annotated.gz.exclusions.gz.alleles.gz
running 17697_2_OVCA2_OVCA2.txt.gz.annotated.gz.exclusions.gz.alleles.gz
finished 17697_2_OVCA2_OVCA2.txt.gz.annotated.gz.exclusions.gz.alleles.gz
running 17698_15_WBP2_WBP2.txt.gz.annotated.gz.exclusions.gz.alleles.gz
finished 17698_15_WBP2_WBP2.txt.gz.annotated.gz.exclusions.gz.alleles.gz
running 17699_43_TIMELESS_TIMELESS.txt.gz.annotated.gz.exclusions.gz.alleles.gz
finished 17699_43_TIMELESS_TIMELESS.txt.gz.annotated.gz.exclusions.gz.alleles.gz
running 17702_53_UGT1A1_UGT_1A1.txt.gz.annotated.gz.exclusions.gz.alleles.gz
finished 17702_53_UGT1A1_UGT_1A1.txt.gz.annotated.gz.exclusions.gz.alleles.gz
running 17703_40_GMNN_GEMI.txt.gz.annotated.gz.exclusions.gz.alleles.gz
finished 17703_40_GMNN_GEMI.txt.gz.annotated.gz.exclusions.gz.alleles.gz
running 17704_74_HSPH1_HS105.txt.gz.annotated.gz.exclusions.gz.alleles.gz
finished 17704_74_HSPH1_HS105.txt.gz.annotated.gz.exclusions.gz.alleles.gz
running 17706_4_PPP1R1A_PPR1A.txt.gz.annotated.gz.exclusions.gz.alleles.gz
finished 17706_4_PPP1R1A_PPR1A.txt.gz.annotated.gz.exclusions.gz.alleles.gz
running 17710_40_TPD52L1_TPD53.txt.gz.annotated.gz.exclusions.gz.alleles.gz
finished 17710_40_TPD52L1_TPD53.txt.gz.annotated.gz.exclusions.gz.alleles.gz
running 17711_13_VAMP1_VAMP1.txt.gz.annotated.gz.exclusions.gz.alleles.gz
finished 17711_13_VAMP1_VAMP1.txt.gz.annotated.gz.exclusions.gz.alleles.gz
running 17712_7_IDI1_IDI1.txt.gz.annotated.gz.exclusions.gz.alleles.gz
finished 17712_7_IDI1_IDI1.txt.gz.annotated.gz.exclusions.gz.alleles.gz
running 17721_82_GAS7_GAS7.txt.gz.annotated.gz.exclusions.gz.alleles.gz
finished 17721_82_GAS7_GAS7.txt.gz.annotated.gz.exclusions.gz.alleles.gz
running 17722_5_FKBP4_FKBP52_protein.txt.gz.annotated.gz.exclusions.gz.alleles.gz
finished 17722_5_FKBP4_FKBP52_protein.txt.gz.annotated.gz.exclusions.gz.alleles.gz
running 17724_3_WWOX_WWOX.txt.gz.annotated.gz.exclusions.gz.alleles.gz
finished 17724_3_WWOX_WWOX.txt.gz.annotated.gz.exclusions.gz.alleles.gz
running 17725_37_USH1C_USH1C.txt.gz.annotated.gz.exclusions.gz.alleles.gz
finished 17725_37_USH1C_USH1C.txt.gz.annotated.gz.exclusions.gz.alleles.gz
running 17726_3_SAR1A_SAR1A.txt.gz.annotated.gz.exclusions.gz.alleles.gz
finished 17726_3_SAR1A_SAR1A.txt.gz.annotated.gz.exclusions.gz.alleles.gz
running 17727_1_PTTG1_Securin.txt.gz.annotated.gz.exclusions.gz.alleles.gz
finished 17727_1_PTTG1_Securin.txt.gz.annotated.gz.exclusions.gz.alleles.gz
running 17728_61_CHMP2A_CHM2A.txt.gz.annotated.gz.exclusions.gz.alleles.gz
finished 17728_61_CHMP2A_CHM2A.txt.gz.annotated.gz.exclusions.gz.alleles.gz
running 17729_20_UBE2S_UBE2S.txt.gz.annotated.gz.exclusions.gz.alleles.gz
finished 17729_20_UBE2S_UBE2S.txt.gz.annotated.gz.exclusions.gz.alleles.gz
running 17734_13_ENSA_a_endosulfine.txt.gz.annotated.gz.exclusions.gz.alleles.gz
finished 17734_13_ENSA_a_endosulfine.txt.gz.annotated.gz.exclusions.gz.alleles.gz
running 17735_130_GABARAP_GBRAP.txt.gz.annotated.gz.exclusions.gz.alleles.gz
finished 17735_130_GABARAP_GBRAP.txt.gz.annotated.gz.exclusions.gz.alleles.gz
running 17736_105_APTX_APTX.txt.gz.annotated.gz.exclusions.gz.alleles.gz
finished 17736_105_APTX_APTX.txt.gz.annotated.gz.exclusions.gz.alleles.gz
running 17737_7_IVD_IVD.txt.gz.annotated.gz.exclusions.gz.alleles.gz
finished 17737_7_IVD_IVD.txt.gz.annotated.gz.exclusions.gz.alleles.gz
running 17738_7_CRNN_CRNN.txt.gz.annotated.gz.exclusions.gz.alleles.gz
finished 17738_7_CRNN_CRNN.txt.gz.annotated.gz.exclusions.gz.alleles.gz
running 17739_1_HADH_HCDH.txt.gz.annotated.gz.exclusions.gz.alleles.gz
finished 17739_1_HADH_HCDH.txt.gz.annotated.gz.exclusions.gz.alleles.gz
running 17742_2_RRAS_RRAS.txt.gz.annotated.gz.exclusions.gz.alleles.gz
finished 17742_2_RRAS_RRAS.txt.gz.annotated.gz.exclusions.gz.alleles.gz
running 17743_14_UBE2A_UBE2A.txt.gz.annotated.gz.exclusions.gz.alleles.gz
finished 17743_14_UBE2A_UBE2A.txt.gz.annotated.gz.exclusions.gz.alleles.gz
running 17744_31_RAB11A_RB11A.txt.gz.annotated.gz.exclusions.gz.alleles.gz
finished 17744_31_RAB11A_RB11A.txt.gz.annotated.gz.exclusions.gz.alleles.gz
running 17746_77_FIS1_FIS1.txt.gz.annotated.gz.exclusions.gz.alleles.gz
finished 17746_77_FIS1_FIS1.txt.gz.annotated.gz.exclusions.gz.alleles.gz
running 17747_45_TRAF1_TRAF1.txt.gz.annotated.gz.exclusions.gz.alleles.gz
finished 17747_45_TRAF1_TRAF1.txt.gz.annotated.gz.exclusions.gz.alleles.gz
running 17748_21_TP53I3_QORX.txt.gz.annotated.gz.exclusions.gz.alleles.gz
finished 17748_21_TP53I3_QORX.txt.gz.annotated.gz.exclusions.gz.alleles.gz
running 17750_8_RRM2_RIR2.txt.gz.annotated.gz.exclusions.gz.alleles.gz
finished 17750_8_RRM2_RIR2.txt.gz.annotated.gz.exclusions.gz.alleles.gz
running 17751_68_CRYBB1_CRBB1.txt.gz.annotated.gz.exclusions.gz.alleles.gz
finished 17751_68_CRYBB1_CRBB1.txt.gz.annotated.gz.exclusions.gz.alleles.gz
running 17752_24_ARG2_Arginase.txt.gz.annotated.gz.exclusions.gz.alleles.gz
finished 17752_24_ARG2_Arginase.txt.gz.annotated.gz.exclusions.gz.alleles.gz
running 17755_5_UGDH_UGDH.txt.gz.annotated.gz.exclusions.gz.alleles.gz
finished 17755_5_UGDH_UGDH.txt.gz.annotated.gz.exclusions.gz.alleles.gz
running 17756_69_DCTD_DCTD.txt.gz.annotated.gz.exclusions.gz.alleles.gz
finished 17756_69_DCTD_DCTD.txt.gz.annotated.gz.exclusions.gz.alleles.gz
running 17757_86_CAB39_CAB39.txt.gz.annotated.gz.exclusions.gz.alleles.gz
finished 17757_86_CAB39_CAB39.txt.gz.annotated.gz.exclusions.gz.alleles.gz
running 17758_79_DCXR_DCXR.txt.gz.annotated.gz.exclusions.gz.alleles.gz
finished 17758_79_DCXR_DCXR.txt.gz.annotated.gz.exclusions.gz.alleles.gz
running 17760_128_WDR5_WDR5.txt.gz.annotated.gz.exclusions.gz.alleles.gz
finished 17760_128_WDR5_WDR5.txt.gz.annotated.gz.exclusions.gz.alleles.gz
running 17761_2_NUDT5_NUDT5.txt.gz.annotated.gz.exclusions.gz.alleles.gz
finished 17761_2_NUDT5_NUDT5.txt.gz.annotated.gz.exclusions.gz.alleles.gz
running 17764_108_RHOC_RHOC.txt.gz.annotated.gz.exclusions.gz.alleles.gz
finished 17764_108_RHOC_RHOC.txt.gz.annotated.gz.exclusions.gz.alleles.gz
running 17765_3_SNUPN_SPN1.txt.gz.annotated.gz.exclusions.gz.alleles.gz
finished 17765_3_SNUPN_SPN1.txt.gz.annotated.gz.exclusions.gz.alleles.gz
running 17766_5_NCF1_NCF_1.txt.gz.annotated.gz.exclusions.gz.alleles.gz
finished 17766_5_NCF1_NCF_1.txt.gz.annotated.gz.exclusions.gz.alleles.gz
running 17768_50_HAO1_HAOX1.txt.gz.annotated.gz.exclusions.gz.alleles.gz
finished 17768_50_HAO1_HAOX1.txt.gz.annotated.gz.exclusions.gz.alleles.gz
running 17769_28_PCNP_PCNP.txt.gz.annotated.gz.exclusions.gz.alleles.gz
finished 17769_28_PCNP_PCNP.txt.gz.annotated.gz.exclusions.gz.alleles.gz
running 17770_42_EMC8_EMC8.txt.gz.annotated.gz.exclusions.gz.alleles.gz
finished 17770_42_EMC8_EMC8.txt.gz.annotated.gz.exclusions.gz.alleles.gz
running 17771_35_CRCP_RPC9.txt.gz.annotated.gz.exclusions.gz.alleles.gz
finished 17771_35_CRCP_RPC9.txt.gz.annotated.gz.exclusions.gz.alleles.gz
running 17772_7_UBD_UBD.txt.gz.annotated.gz.exclusions.gz.alleles.gz
finished 17772_7_UBD_UBD.txt.gz.annotated.gz.exclusions.gz.alleles.gz
running 17773_26_NAPG_SNAG.txt.gz.annotated.gz.exclusions.gz.alleles.gz
finished 17773_26_NAPG_SNAG.txt.gz.annotated.gz.exclusions.gz.alleles.gz
running 17774_38_SNRPD3_SMD3.txt.gz.annotated.gz.exclusions.gz.alleles.gz
finished 17774_38_SNRPD3_SMD3.txt.gz.annotated.gz.exclusions.gz.alleles.gz
running 17775_8_TAGLN3_TAGL3.txt.gz.annotated.gz.exclusions.gz.alleles.gz
finished 17775_8_TAGLN3_TAGL3.txt.gz.annotated.gz.exclusions.gz.alleles.gz
running 17776_15_PECR_PECR.txt.gz.annotated.gz.exclusions.gz.alleles.gz
finished 17776_15_PECR_PECR.txt.gz.annotated.gz.exclusions.gz.alleles.gz
running 17777_31_SDSL_SDSL.txt.gz.annotated.gz.exclusions.gz.alleles.gz
finished 17777_31_SDSL_SDSL.txt.gz.annotated.gz.exclusions.gz.alleles.gz
