running NTF3_P20783_OID20591.gz
finished NTF3_P20783_OID20591.gz
running NTF4_P34130_OID21208.gz
finished NTF4_P34130_OID21208.gz
running NTproBNP_NTproBNP_OID20125.gz
finished NTproBNP_NTproBNP_OID20125.gz
running NTRK2_Q16620_OID20136.gz
finished NTRK2_Q16620_OID20136.gz
running NTRK3_Q16288_OID21057.gz
finished NTRK3_Q16288_OID21057.gz
running NUB1_Q9Y5A7_OID20510.gz
finished NUB1_Q9Y5A7_OID20510.gz
running NUBP1_P53384_OID31412.gz
finished NUBP1_P53384_OID31412.gz
running NUCB2_P80303_OID21448.gz
finished NUCB2_P80303_OID21448.gz
running NUDC_Q9Y266_OID20623.gz
finished NUDC_Q9Y266_OID20623.gz
running NUDT10_Q8NFP7_OID30198.gz
finished NUDT10_Q8NFP7_OID30198.gz
running NUDT15_Q9NV35_OID30102.gz
finished NUDT15_Q9NV35_OID30102.gz
running NUDT16_Q96DE0_OID31484.gz
finished NUDT16_Q96DE0_OID31484.gz
running NUDT2_P50583_OID21308.gz
finished NUDT2_P50583_OID21308.gz
running NUDT5_Q9UKK9_OID21115.gz
finished NUDT5_Q9UKK9_OID21115.gz
running NUMB_P49757_OID30568.gz
finished NUMB_P49757_OID30568.gz
running NUP50_Q9UKX7_OID30100.gz
finished NUP50_Q9UKX7_OID30100.gz
running NXPE4_Q6UWF7_OID30076.gz
finished NXPE4_Q6UWF7_OID30076.gz
running NXPH1_P58417_OID20849.gz
finished NXPH1_P58417_OID20849.gz
running NXPH3_O95157_OID30565.gz
finished NXPH3_O95157_OID30565.gz
running OBP2B_Q9NPH6_OID20980.gz
finished OBP2B_Q9NPH6_OID20980.gz
running OCLN_Q16625_OID31069.gz
finished OCLN_Q16625_OID31069.gz
running ODAM_A1E959_OID20793.gz
finished ODAM_A1E959_OID20793.gz
running OFD1_O75665_OID31268.gz
finished OFD1_O75665_OID31268.gz
running OGA_O60502_OID31465.gz
finished OGA_O60502_OID31465.gz
running OGFR_Q9NZT2_OID21360.gz
finished OGFR_Q9NZT2_OID21360.gz
running OGN_P20774_OID21123.gz
finished OGN_P20774_OID21123.gz
running OGT_O15294_OID31300.gz
finished OGT_O15294_OID31300.gz
running OLFM4_Q6UX06_OID30665.gz
finished OLFM4_Q6UX06_OID30665.gz
running OLR1_P78380_OID20183.gz
finished OLR1_P78380_OID20183.gz
running OMD_Q99983_OID20725.gz
finished OMD_Q99983_OID20725.gz
running OMG_P23515_OID21352.gz
finished OMG_P23515_OID21352.gz
running OMP_P47874_OID30835.gz
finished OMP_P47874_OID30835.gz
running OPHN1_O60890_OID31087.gz
finished OPHN1_O60890_OID31087.gz
running OPLAH_O14841_OID30201.gz
finished OPLAH_O14841_OID30201.gz
running OPTC_Q9UBM4_OID21362.gz
finished OPTC_Q9UBM4_OID21362.gz
running ORM1_P02763_OID30768.gz
finished ORM1_P02763_OID30768.gz
running OSBPL2_Q9H1P3_OID31085.gz
finished OSBPL2_Q9H1P3_OID31085.gz
running OSCAR_Q8IYS5_OID20776.gz
finished OSCAR_Q8IYS5_OID20776.gz
running OSM_P13725_OID20574.gz
finished OSM_P13725_OID20574.gz
running OSMR_Q99650_OID20356.gz
finished OSMR_Q99650_OID20356.gz
running OSTN_P61366_OID30909.gz
finished OSTN_P61366_OID30909.gz
running OTOA_Q7RTW8_OID30825.gz
finished OTOA_Q7RTW8_OID30825.gz
running OTUD6B_Q8N6M0_OID31487.gz
finished OTUD6B_Q8N6M0_OID31487.gz
running OTUD7B_Q6GQQ9_OID31064.gz
finished OTUD7B_Q6GQQ9_OID31064.gz
running OXCT1_P55809_OID30227.gz
finished OXCT1_P55809_OID30227.gz
running OXT_P01178_OID21047.gz
finished OXT_P01178_OID21047.gz
running P4HB_P07237_OID21509.gz
finished P4HB_P07237_OID21509.gz
running PACS2_Q86VP3_OID30186.gz
finished PACS2_Q86VP3_OID30186.gz
running PADI2_Q9Y2J8_OID20467.gz
finished PADI2_Q9Y2J8_OID20467.gz
running PADI4_Q9UM07_OID20832.gz
finished PADI4_Q9UM07_OID20832.gz
running PAEP_P09466_OID20925.gz
finished PAEP_P09466_OID20925.gz
running PAFAH1B3_Q15102_OID30998.gz
finished PAFAH1B3_Q15102_OID30998.gz
running PAFAH2_Q99487_OID31286.gz
finished PAFAH2_Q99487_OID31286.gz
running PAG1_Q9NWQ8_OID20108.gz
finished PAG1_Q9NWQ8_OID20108.gz
running PAGR1_Q9BTK6_OID30206.gz
finished PAGR1_Q9BTK6_OID30206.gz
running PAIP2B_Q9ULR5_OID31228.gz
finished PAIP2B_Q9ULR5_OID31228.gz
running PAK4_O96013_OID20819.gz
finished PAK4_O96013_OID20819.gz
running PALLD_Q8WX93_OID30444.gz
finished PALLD_Q8WX93_OID30444.gz
running PALM2_Q8IXS6_OID31096.gz
finished PALM2_Q8IXS6_OID31096.gz
running PALM3_A6NDB9_OID30182.gz
finished PALM3_A6NDB9_OID30182.gz
running PALM_O75781_OID31515.gz
finished PALM_O75781_OID31515.gz
running PAM_P19021_OID20291.gz
finished PAM_P19021_OID20291.gz
running PAMR1_Q6UXH9_OID21153.gz
finished PAMR1_Q6UXH9_OID21153.gz
running PAPPA_Q13219_OID20421.gz
finished PAPPA_Q13219_OID20421.gz
running PARD3_Q8TEW0_OID31301.gz
finished PARD3_Q8TEW0_OID31301.gz
running PARK7_Q99497_OID21160.gz
finished PARK7_Q99497_OID21160.gz
running PARP1_P09874_OID20500.gz
finished PARP1_P09874_OID20500.gz
running PAXX_Q9BUH6_OID30591.gz
finished PAXX_Q9BUH6_OID30591.gz
running PBK_Q96KB5_OID31158.gz
finished PBK_Q96KB5_OID31158.gz
running PBLD_P30039_OID20839.gz
finished PBLD_P30039_OID20839.gz
running PBXIP1_Q96AQ6_OID31435.gz
finished PBXIP1_Q96AQ6_OID31435.gz
running PCARE_A6NGG8_OID30838.gz
finished PCARE_A6NGG8_OID30838.gz
running PCBD1_P61457_OID30610.gz
finished PCBD1_P61457_OID30610.gz
running PCBP2_Q15366_OID31003.gz
finished PCBP2_Q15366_OID31003.gz
running PCDH12_Q9NPG4_OID31045.gz
finished PCDH12_Q9NPG4_OID31045.gz
running PCDH17_O14917_OID20132.gz
finished PCDH17_O14917_OID20132.gz
running PCDH1_Q08174_OID20614.gz
finished PCDH1_Q08174_OID20614.gz
running PCDH7_O60245_OID31456.gz
finished PCDH7_O60245_OID31456.gz
running PCDH9_Q9HC56_OID31516.gz
finished PCDH9_Q9HC56_OID31516.gz
running PCDHB15_Q9Y5E8_OID31377.gz
finished PCDHB15_Q9Y5E8_OID31377.gz
