running 6461_54_APOC3_Apo_C_III.txt.gz.annotated.gz.exclusions.gz.alleles.gz
finished 6461_54_APOC3_Apo_C_III.txt.gz.annotated.gz.exclusions.gz.alleles.gz
running 6462_12_TIMP4_TIMP_4.txt.gz.annotated.gz.exclusions.gz.alleles.gz
finished 6462_12_TIMP4_TIMP_4.txt.gz.annotated.gz.exclusions.gz.alleles.gz
running 6463_59_QRFP_OX26.txt.gz.annotated.gz.exclusions.gz.alleles.gz
finished 6463_59_QRFP_OX26.txt.gz.annotated.gz.exclusions.gz.alleles.gz
running 6464_40_PVRIG_PVRIG.txt.gz.annotated.gz.exclusions.gz.alleles.gz
finished 6464_40_PVRIG_PVRIG.txt.gz.annotated.gz.exclusions.gz.alleles.gz
running 6467_65_POGLUT1_KTEL1.txt.gz.annotated.gz.exclusions.gz.alleles.gz
finished 6467_65_POGLUT1_KTEL1.txt.gz.annotated.gz.exclusions.gz.alleles.gz
running 6468_37_TAC4_TKN4.txt.gz.annotated.gz.exclusions.gz.alleles.gz
finished 6468_37_TAC4_TKN4.txt.gz.annotated.gz.exclusions.gz.alleles.gz
running 6469_62_LY6G6D_LY66D.txt.gz.annotated.gz.exclusions.gz.alleles.gz
finished 6469_62_LY6G6D_LY66D.txt.gz.annotated.gz.exclusions.gz.alleles.gz
running 6470_19_FBLN1_fibulin_1.txt.gz.annotated.gz.exclusions.gz.alleles.gz
finished 6470_19_FBLN1_fibulin_1.txt.gz.annotated.gz.exclusions.gz.alleles.gz
running 6471_53_CFHR4_FHR4.txt.gz.annotated.gz.exclusions.gz.alleles.gz
finished 6471_53_CFHR4_FHR4.txt.gz.annotated.gz.exclusions.gz.alleles.gz
running 6472_40_PMEL_GP100.txt.gz.annotated.gz.exclusions.gz.alleles.gz
finished 6472_40_PMEL_GP100.txt.gz.annotated.gz.exclusions.gz.alleles.gz
running 6473_55_BPIFA1_PLUNC.txt.gz.annotated.gz.exclusions.gz.alleles.gz
finished 6473_55_BPIFA1_PLUNC.txt.gz.annotated.gz.exclusions.gz.alleles.gz
running 6478_2_IGLON5_IGLO5.txt.gz.annotated.gz.exclusions.gz.alleles.gz
finished 6478_2_IGLON5_IGLO5.txt.gz.annotated.gz.exclusions.gz.alleles.gz
running 6480_1_CANT1_CANT1.txt.gz.annotated.gz.exclusions.gz.alleles.gz
finished 6480_1_CANT1_CANT1.txt.gz.annotated.gz.exclusions.gz.alleles.gz
running 6485_59_IGLL1_IGLL1.txt.gz.annotated.gz.exclusions.gz.alleles.gz
finished 6485_59_IGLL1_IGLL1.txt.gz.annotated.gz.exclusions.gz.alleles.gz
running 6491_59_KLK15_kallikrein_15.txt.gz.annotated.gz.exclusions.gz.alleles.gz
finished 6491_59_KLK15_kallikrein_15.txt.gz.annotated.gz.exclusions.gz.alleles.gz
running 6493_9_CPZ_CBPZ.txt.gz.annotated.gz.exclusions.gz.alleles.gz
finished 6493_9_CPZ_CBPZ.txt.gz.annotated.gz.exclusions.gz.alleles.gz
running 6494_60_SPACA5_sperm_acrosome_associated_5.txt.gz.annotated.gz.exclusions.gz.alleles.gz
finished 6494_60_SPACA5_sperm_acrosome_associated_5.txt.gz.annotated.gz.exclusions.gz.alleles.gz
running 6495_14_EDN1_Endothelin_1.txt.gz.annotated.gz.exclusions.gz.alleles.gz
finished 6495_14_EDN1_Endothelin_1.txt.gz.annotated.gz.exclusions.gz.alleles.gz
running 6496_60_DLK1_DLK1.txt.gz.annotated.gz.exclusions.gz.alleles.gz
finished 6496_60_DLK1_DLK1.txt.gz.annotated.gz.exclusions.gz.alleles.gz
running 6497_10_RS1_XLRS1.txt.gz.annotated.gz.exclusions.gz.alleles.gz
finished 6497_10_RS1_XLRS1.txt.gz.annotated.gz.exclusions.gz.alleles.gz
running 6504_65_LOXL2_Lysyl_oxidase_like_protein_2.txt.gz.annotated.gz.exclusions.gz.alleles.gz
finished 6504_65_LOXL2_Lysyl_oxidase_like_protein_2.txt.gz.annotated.gz.exclusions.gz.alleles.gz
running 6506_54_TMED10_TMEDA.txt.gz.annotated.gz.exclusions.gz.alleles.gz
finished 6506_54_TMED10_TMEDA.txt.gz.annotated.gz.exclusions.gz.alleles.gz
running 6507_16_NCAM2_NCAM2.txt.gz.annotated.gz.exclusions.gz.alleles.gz
finished 6507_16_NCAM2_NCAM2.txt.gz.annotated.gz.exclusions.gz.alleles.gz
running 6508_68_SCGB1D2_SG1D2.txt.gz.annotated.gz.exclusions.gz.alleles.gz
finished 6508_68_SCGB1D2_SG1D2.txt.gz.annotated.gz.exclusions.gz.alleles.gz
running 6510_56_RNF128_RN128.txt.gz.annotated.gz.exclusions.gz.alleles.gz
finished 6510_56_RNF128_RN128.txt.gz.annotated.gz.exclusions.gz.alleles.gz
running 6511_17_FAM19A4_F19A4.txt.gz.annotated.gz.exclusions.gz.alleles.gz
finished 6511_17_FAM19A4_F19A4.txt.gz.annotated.gz.exclusions.gz.alleles.gz
running 6517_14_GDF10_BMP_3b.txt.gz.annotated.gz.exclusions.gz.alleles.gz
finished 6517_14_GDF10_BMP_3b.txt.gz.annotated.gz.exclusions.gz.alleles.gz
running 6518_85_GHRL_ghrelin.txt.gz.annotated.gz.exclusions.gz.alleles.gz
finished 6518_85_GHRL_ghrelin.txt.gz.annotated.gz.exclusions.gz.alleles.gz
running 6520_87_MGP_MGP.txt.gz.annotated.gz.exclusions.gz.alleles.gz
finished 6520_87_MGP_MGP.txt.gz.annotated.gz.exclusions.gz.alleles.gz
running 6521_35_NPTX2_NPTX2.txt.gz.annotated.gz.exclusions.gz.alleles.gz
finished 6521_35_NPTX2_NPTX2.txt.gz.annotated.gz.exclusions.gz.alleles.gz
running 6525_17_DUSP13_DUSP13.txt.gz.annotated.gz.exclusions.gz.alleles.gz
finished 6525_17_DUSP13_DUSP13.txt.gz.annotated.gz.exclusions.gz.alleles.gz
running 6526_77_OBP2A_OBP2A.txt.gz.annotated.gz.exclusions.gz.alleles.gz
finished 6526_77_OBP2A_OBP2A.txt.gz.annotated.gz.exclusions.gz.alleles.gz
running 6527_1_TRIL_TRIL.txt.gz.annotated.gz.exclusions.gz.alleles.gz
finished 6527_1_TRIL_TRIL.txt.gz.annotated.gz.exclusions.gz.alleles.gz
running 6528_95_EXTL2_EXTL2.txt.gz.annotated.gz.exclusions.gz.alleles.gz
finished 6528_95_EXTL2_EXTL2.txt.gz.annotated.gz.exclusions.gz.alleles.gz
running 6530_63_PROL1_PROL1.txt.gz.annotated.gz.exclusions.gz.alleles.gz
finished 6530_63_PROL1_PROL1.txt.gz.annotated.gz.exclusions.gz.alleles.gz
running 6531_29_FAM162A_F162A.txt.gz.annotated.gz.exclusions.gz.alleles.gz
finished 6531_29_FAM162A_F162A.txt.gz.annotated.gz.exclusions.gz.alleles.gz
running 6533_20_DNASE2B_DNS2B.txt.gz.annotated.gz.exclusions.gz.alleles.gz
finished 6533_20_DNASE2B_DNS2B.txt.gz.annotated.gz.exclusions.gz.alleles.gz
running 6536_54_PLBD2_LAML2.txt.gz.annotated.gz.exclusions.gz.alleles.gz
finished 6536_54_PLBD2_LAML2.txt.gz.annotated.gz.exclusions.gz.alleles.gz
running 6538_90_KIAA2013_K2013.txt.gz.annotated.gz.exclusions.gz.alleles.gz
finished 6538_90_KIAA2013_K2013.txt.gz.annotated.gz.exclusions.gz.alleles.gz
running 6543_182_PRLH_PRRP.txt.gz.annotated.gz.exclusions.gz.alleles.gz
finished 6543_182_PRLH_PRRP.txt.gz.annotated.gz.exclusions.gz.alleles.gz
running 6544_33_NELL1_NELL1.txt.gz.annotated.gz.exclusions.gz.alleles.gz
finished 6544_33_NELL1_NELL1.txt.gz.annotated.gz.exclusions.gz.alleles.gz
running 6545_58_PRNP_PRIO.txt.gz.annotated.gz.exclusions.gz.alleles.gz
finished 6545_58_PRNP_PRIO.txt.gz.annotated.gz.exclusions.gz.alleles.gz
running 6547_83_TMPRSS11D_TM11D.txt.gz.annotated.gz.exclusions.gz.alleles.gz
finished 6547_83_TMPRSS11D_TM11D.txt.gz.annotated.gz.exclusions.gz.alleles.gz
running 6549_60_VSTM2L_VTM2L.txt.gz.annotated.gz.exclusions.gz.alleles.gz
finished 6549_60_VSTM2L_VTM2L.txt.gz.annotated.gz.exclusions.gz.alleles.gz
running 6550_4_ICAM4_ICAM4.txt.gz.annotated.gz.exclusions.gz.alleles.gz
finished 6550_4_ICAM4_ICAM4.txt.gz.annotated.gz.exclusions.gz.alleles.gz
running 6551_94_SERPINA12_Vaspin.txt.gz.annotated.gz.exclusions.gz.alleles.gz
finished 6551_94_SERPINA12_Vaspin.txt.gz.annotated.gz.exclusions.gz.alleles.gz
running 6553_68_CFAP45_CCD19.txt.gz.annotated.gz.exclusions.gz.alleles.gz
finished 6553_68_CFAP45_CCD19.txt.gz.annotated.gz.exclusions.gz.alleles.gz
running 6555_58_STOML2_Stomatin_like_protein_2.txt.gz.annotated.gz.exclusions.gz.alleles.gz
finished 6555_58_STOML2_Stomatin_like_protein_2.txt.gz.annotated.gz.exclusions.gz.alleles.gz
running 6556_5_ENPP5_ENPP5.txt.gz.annotated.gz.exclusions.gz.alleles.gz
finished 6556_5_ENPP5_ENPP5.txt.gz.annotated.gz.exclusions.gz.alleles.gz
running 6557_50_LRRC15_LRC15.txt.gz.annotated.gz.exclusions.gz.alleles.gz
finished 6557_50_LRRC15_LRC15.txt.gz.annotated.gz.exclusions.gz.alleles.gz
running 6558_5_COLEC10_COL10.txt.gz.annotated.gz.exclusions.gz.alleles.gz
finished 6558_5_COLEC10_COL10.txt.gz.annotated.gz.exclusions.gz.alleles.gz
running 6570_1_COL13A1_CODA1.txt.gz.annotated.gz.exclusions.gz.alleles.gz
finished 6570_1_COL13A1_CODA1.txt.gz.annotated.gz.exclusions.gz.alleles.gz
running 6571_75_C17orf78_CQ078.txt.gz.annotated.gz.exclusions.gz.alleles.gz
finished 6571_75_C17orf78_CQ078.txt.gz.annotated.gz.exclusions.gz.alleles.gz
running 6572_10_LRRTM4_LRRT4.txt.gz.annotated.gz.exclusions.gz.alleles.gz
finished 6572_10_LRRTM4_LRRT4.txt.gz.annotated.gz.exclusions.gz.alleles.gz
running 6574_11_FAIM3_FAIM3.txt.gz.annotated.gz.exclusions.gz.alleles.gz
finished 6574_11_FAIM3_FAIM3.txt.gz.annotated.gz.exclusions.gz.alleles.gz
running 6576_1_ART4_ART4.txt.gz.annotated.gz.exclusions.gz.alleles.gz
finished 6576_1_ART4_ART4.txt.gz.annotated.gz.exclusions.gz.alleles.gz
running 6577_64_LAMA4_LAMA4.txt.gz.annotated.gz.exclusions.gz.alleles.gz
finished 6577_64_LAMA4_LAMA4.txt.gz.annotated.gz.exclusions.gz.alleles.gz
running 6578_29_TNMD_TNMD.txt.gz.annotated.gz.exclusions.gz.alleles.gz
finished 6578_29_TNMD_TNMD.txt.gz.annotated.gz.exclusions.gz.alleles.gz
running 6580_29_PZP_Pregnancy_zone_protein.txt.gz.annotated.gz.exclusions.gz.alleles.gz
finished 6580_29_PZP_Pregnancy_zone_protein.txt.gz.annotated.gz.exclusions.gz.alleles.gz
running 6584_1_HRC_SRCH.txt.gz.annotated.gz.exclusions.gz.alleles.gz
finished 6584_1_HRC_SRCH.txt.gz.annotated.gz.exclusions.gz.alleles.gz
running 6586_19_ADAM11_ADA11.txt.gz.annotated.gz.exclusions.gz.alleles.gz
finished 6586_19_ADAM11_ADA11.txt.gz.annotated.gz.exclusions.gz.alleles.gz
running 6587_6_LRFN5_LRFN5.txt.gz.annotated.gz.exclusions.gz.alleles.gz
finished 6587_6_LRFN5_LRFN5.txt.gz.annotated.gz.exclusions.gz.alleles.gz
running 6593_5_GALNT3_GALT3.txt.gz.annotated.gz.exclusions.gz.alleles.gz
finished 6593_5_GALNT3_GALT3.txt.gz.annotated.gz.exclusions.gz.alleles.gz
running 6594_64_SAYSD1_SMDC1.txt.gz.annotated.gz.exclusions.gz.alleles.gz
finished 6594_64_SAYSD1_SMDC1.txt.gz.annotated.gz.exclusions.gz.alleles.gz
running 6597_24_FAM174A_TM157.txt.gz.annotated.gz.exclusions.gz.alleles.gz
finished 6597_24_FAM174A_TM157.txt.gz.annotated.gz.exclusions.gz.alleles.gz
running 6599_5_APCDD1_APCD1.txt.gz.annotated.gz.exclusions.gz.alleles.gz
finished 6599_5_APCDD1_APCD1.txt.gz.annotated.gz.exclusions.gz.alleles.gz
running 6600_70_RELL2_RELL2.txt.gz.annotated.gz.exclusions.gz.alleles.gz
finished 6600_70_RELL2_RELL2.txt.gz.annotated.gz.exclusions.gz.alleles.gz
running 6603_18_KAL1_KALM.txt.gz.annotated.gz.exclusions.gz.alleles.gz
finished 6603_18_KAL1_KALM.txt.gz.annotated.gz.exclusions.gz.alleles.gz
running 6604_59_NDNF_CD031.txt.gz.annotated.gz.exclusions.gz.alleles.gz
finished 6604_59_NDNF_CD031.txt.gz.annotated.gz.exclusions.gz.alleles.gz
running 6605_17_IGFALS_IGFALS.txt.gz.annotated.gz.exclusions.gz.alleles.gz
finished 6605_17_IGFALS_IGFALS.txt.gz.annotated.gz.exclusions.gz.alleles.gz
running 6606_61_KISS1_KISS1.txt.gz.annotated.gz.exclusions.gz.alleles.gz
finished 6606_61_KISS1_KISS1.txt.gz.annotated.gz.exclusions.gz.alleles.gz
running 6609_22_CNP_CN37.txt.gz.annotated.gz.exclusions.gz.alleles.gz
finished 6609_22_CNP_CN37.txt.gz.annotated.gz.exclusions.gz.alleles.gz
running 6611_8_KDELC1_KDEL1.txt.gz.annotated.gz.exclusions.gz.alleles.gz
finished 6611_8_KDELC1_KDEL1.txt.gz.annotated.gz.exclusions.gz.alleles.gz
running 6612_90_BRICD5_CP079.txt.gz.annotated.gz.exclusions.gz.alleles.gz
finished 6612_90_BRICD5_CP079.txt.gz.annotated.gz.exclusions.gz.alleles.gz
running 6617_12_FCRL6_FCRL6.txt.gz.annotated.gz.exclusions.gz.alleles.gz
finished 6617_12_FCRL6_FCRL6.txt.gz.annotated.gz.exclusions.gz.alleles.gz
running 6620_82_LINGO1_LIGO1.txt.gz.annotated.gz.exclusions.gz.alleles.gz
finished 6620_82_LINGO1_LIGO1.txt.gz.annotated.gz.exclusions.gz.alleles.gz
running 6621_10_RLN2_REL2.txt.gz.annotated.gz.exclusions.gz.alleles.gz
finished 6621_10_RLN2_REL2.txt.gz.annotated.gz.exclusions.gz.alleles.gz
running 6622_90_APLN_APEL.txt.gz.annotated.gz.exclusions.gz.alleles.gz
finished 6622_90_APLN_APEL.txt.gz.annotated.gz.exclusions.gz.alleles.gz
running 6624_94_WNT11_WNT11.txt.gz.annotated.gz.exclusions.gz.alleles.gz
finished 6624_94_WNT11_WNT11.txt.gz.annotated.gz.exclusions.gz.alleles.gz
running 6625_31_ATAD1_ATAD1.txt.gz.annotated.gz.exclusions.gz.alleles.gz
finished 6625_31_ATAD1_ATAD1.txt.gz.annotated.gz.exclusions.gz.alleles.gz
running 6626_81_CHST12_CHSTC.txt.gz.annotated.gz.exclusions.gz.alleles.gz
finished 6626_81_CHST12_CHSTC.txt.gz.annotated.gz.exclusions.gz.alleles.gz
running 6627_25_PNLIPRP1_LIPR1.txt.gz.annotated.gz.exclusions.gz.alleles.gz
finished 6627_25_PNLIPRP1_LIPR1.txt.gz.annotated.gz.exclusions.gz.alleles.gz
running 6629_3_DEFB1_HBD_1.txt.gz.annotated.gz.exclusions.gz.alleles.gz
finished 6629_3_DEFB1_HBD_1.txt.gz.annotated.gz.exclusions.gz.alleles.gz
running 6631_17_COL9A1_CO9A1.txt.gz.annotated.gz.exclusions.gz.alleles.gz
finished 6631_17_COL9A1_CO9A1.txt.gz.annotated.gz.exclusions.gz.alleles.gz
running 6633_43_UPK3BL_UPK3L.txt.gz.annotated.gz.exclusions.gz.alleles.gz
finished 6633_43_UPK3BL_UPK3L.txt.gz.annotated.gz.exclusions.gz.alleles.gz
running 6641_60_UBB_PolyUbiquitin_K48.txt.gz.annotated.gz.exclusions.gz.alleles.gz
finished 6641_60_UBB_PolyUbiquitin_K48.txt.gz.annotated.gz.exclusions.gz.alleles.gz
running 6647_55_UBC_PolyUbiquitin_K63.txt.gz.annotated.gz.exclusions.gz.alleles.gz
finished 6647_55_UBC_PolyUbiquitin_K63.txt.gz.annotated.gz.exclusions.gz.alleles.gz
running 6649_51_NTN1_NET1.txt.gz.annotated.gz.exclusions.gz.alleles.gz
finished 6649_51_NTN1_NET1.txt.gz.annotated.gz.exclusions.gz.alleles.gz
running 6651_74_UBB_PolyUbiquitin_K48.txt.gz.annotated.gz.exclusions.gz.alleles.gz
finished 6651_74_UBB_PolyUbiquitin_K48.txt.gz.annotated.gz.exclusions.gz.alleles.gz
running 6653_58_CD47_CD47.txt.gz.annotated.gz.exclusions.gz.alleles.gz
finished 6653_58_CD47_CD47.txt.gz.annotated.gz.exclusions.gz.alleles.gz
running 6706_18_ALPPL2_PPBN.txt.gz.annotated.gz.exclusions.gz.alleles.gz
finished 6706_18_ALPPL2_PPBN.txt.gz.annotated.gz.exclusions.gz.alleles.gz
running 6713_4_LRP11_LRP11.txt.gz.annotated.gz.exclusions.gz.alleles.gz
finished 6713_4_LRP11_LRP11.txt.gz.annotated.gz.exclusions.gz.alleles.gz
running 6715_63_ALPPL2_PPBN.txt.gz.annotated.gz.exclusions.gz.alleles.gz
finished 6715_63_ALPPL2_PPBN.txt.gz.annotated.gz.exclusions.gz.alleles.gz
running 6895_1_TFRC_TR.txt.gz.annotated.gz.exclusions.gz.alleles.gz
finished 6895_1_TFRC_TR.txt.gz.annotated.gz.exclusions.gz.alleles.gz
running 6896_3_C1orf162_CA162.txt.gz.annotated.gz.exclusions.gz.alleles.gz
finished 6896_3_C1orf162_CA162.txt.gz.annotated.gz.exclusions.gz.alleles.gz
running 6897_38_B3GAT3_B3GA3.txt.gz.annotated.gz.exclusions.gz.alleles.gz
finished 6897_38_B3GAT3_B3GA3.txt.gz.annotated.gz.exclusions.gz.alleles.gz
running 6899_37_PCBD2_PHS2.txt.gz.annotated.gz.exclusions.gz.alleles.gz
finished 6899_37_PCBD2_PHS2.txt.gz.annotated.gz.exclusions.gz.alleles.gz
running 6900_30_UBE2J1_UB2J1.txt.gz.annotated.gz.exclusions.gz.alleles.gz
finished 6900_30_UBE2J1_UB2J1.txt.gz.annotated.gz.exclusions.gz.alleles.gz
running 6904_14_LRRTM2_LRRT2.txt.gz.annotated.gz.exclusions.gz.alleles.gz
finished 6904_14_LRRTM2_LRRT2.txt.gz.annotated.gz.exclusions.gz.alleles.gz
running 6907_17_TMCO5A_TMC5A.txt.gz.annotated.gz.exclusions.gz.alleles.gz
finished 6907_17_TMCO5A_TMC5A.txt.gz.annotated.gz.exclusions.gz.alleles.gz
running 6909_40_MGAT2_MGAT2.txt.gz.annotated.gz.exclusions.gz.alleles.gz
finished 6909_40_MGAT2_MGAT2.txt.gz.annotated.gz.exclusions.gz.alleles.gz
running 6911_103_CLEC6A_CLC6A.txt.gz.annotated.gz.exclusions.gz.alleles.gz
finished 6911_103_CLEC6A_CLC6A.txt.gz.annotated.gz.exclusions.gz.alleles.gz
running 6912_6_EFHA2_EFHA2.txt.gz.annotated.gz.exclusions.gz.alleles.gz
finished 6912_6_EFHA2_EFHA2.txt.gz.annotated.gz.exclusions.gz.alleles.gz
running 6913_189_HMGB2_HMG_2.txt.gz.annotated.gz.exclusions.gz.alleles.gz
finished 6913_189_HMGB2_HMG_2.txt.gz.annotated.gz.exclusions.gz.alleles.gz
running 6915_2_CD164L2_C16L2.txt.gz.annotated.gz.exclusions.gz.alleles.gz
finished 6915_2_CD164L2_C16L2.txt.gz.annotated.gz.exclusions.gz.alleles.gz
running 6917_49_LRRC3_LRRC3.txt.gz.annotated.gz.exclusions.gz.alleles.gz
finished 6917_49_LRRC3_LRRC3.txt.gz.annotated.gz.exclusions.gz.alleles.gz
running 6918_183_CCK_CCKN.txt.gz.annotated.gz.exclusions.gz.alleles.gz
finished 6918_183_CCK_CCKN.txt.gz.annotated.gz.exclusions.gz.alleles.gz
running 6919_3_HBZ_HBAZ.txt.gz.annotated.gz.exclusions.gz.alleles.gz
finished 6919_3_HBZ_HBAZ.txt.gz.annotated.gz.exclusions.gz.alleles.gz
running 6920_1_GFRAL_GFRAL.txt.gz.annotated.gz.exclusions.gz.alleles.gz
finished 6920_1_GFRAL_GFRAL.txt.gz.annotated.gz.exclusions.gz.alleles.gz
