running 10571_14_MGAT1_MGAT1.txt.gz.annotated.gz.exclusions.gz.alleles.gz
finished 10571_14_MGAT1_MGAT1.txt.gz.annotated.gz.exclusions.gz.alleles.gz
running 10572_65_CST8_CST8.txt.gz.annotated.gz.exclusions.gz.alleles.gz
finished 10572_65_CST8_CST8.txt.gz.annotated.gz.exclusions.gz.alleles.gz
running 10574_10_AXL_AXL.txt.gz.annotated.gz.exclusions.gz.alleles.gz
finished 10574_10_AXL_AXL.txt.gz.annotated.gz.exclusions.gz.alleles.gz
running 10575_31_PUF60_PUF60.txt.gz.annotated.gz.exclusions.gz.alleles.gz
finished 10575_31_PUF60_PUF60.txt.gz.annotated.gz.exclusions.gz.alleles.gz
running 10580_14_SFTA2_SFTA2.txt.gz.annotated.gz.exclusions.gz.alleles.gz
finished 10580_14_SFTA2_SFTA2.txt.gz.annotated.gz.exclusions.gz.alleles.gz
running 10582_36_POMK_SG196.txt.gz.annotated.gz.exclusions.gz.alleles.gz
finished 10582_36_POMK_SG196.txt.gz.annotated.gz.exclusions.gz.alleles.gz
running 10583_1_TMEM108_TM108.txt.gz.annotated.gz.exclusions.gz.alleles.gz
finished 10583_1_TMEM108_TM108.txt.gz.annotated.gz.exclusions.gz.alleles.gz
running 10584_7_NDUFS4_NDUS4.txt.gz.annotated.gz.exclusions.gz.alleles.gz
finished 10584_7_NDUFS4_NDUS4.txt.gz.annotated.gz.exclusions.gz.alleles.gz
running 10588_39_ST3GAL5_SIAT9.txt.gz.annotated.gz.exclusions.gz.alleles.gz
finished 10588_39_ST3GAL5_SIAT9.txt.gz.annotated.gz.exclusions.gz.alleles.gz
running 10589_7_RAET1L_RET1L.txt.gz.annotated.gz.exclusions.gz.alleles.gz
finished 10589_7_RAET1L_RET1L.txt.gz.annotated.gz.exclusions.gz.alleles.gz
running 10600_24_CLGN_CLGN.txt.gz.annotated.gz.exclusions.gz.alleles.gz
finished 10600_24_CLGN_CLGN.txt.gz.annotated.gz.exclusions.gz.alleles.gz
running 10603_1_HTN3_HIS3.txt.gz.annotated.gz.exclusions.gz.alleles.gz
finished 10603_1_HTN3_HIS3.txt.gz.annotated.gz.exclusions.gz.alleles.gz
running 10605_22_APMAP_APMAP.txt.gz.annotated.gz.exclusions.gz.alleles.gz
finished 10605_22_APMAP_APMAP.txt.gz.annotated.gz.exclusions.gz.alleles.gz
running 10606_34_TOR1AIP1_TOIP1.txt.gz.annotated.gz.exclusions.gz.alleles.gz
finished 10606_34_TOR1AIP1_TOIP1.txt.gz.annotated.gz.exclusions.gz.alleles.gz
running 10608_9_HTN1_HIS1.txt.gz.annotated.gz.exclusions.gz.alleles.gz
finished 10608_9_HTN1_HIS1.txt.gz.annotated.gz.exclusions.gz.alleles.gz
running 10612_18_PLOD3_PLOD3.txt.gz.annotated.gz.exclusions.gz.alleles.gz
finished 10612_18_PLOD3_PLOD3.txt.gz.annotated.gz.exclusions.gz.alleles.gz
running 10613_33_CASC4_CASC4.txt.gz.annotated.gz.exclusions.gz.alleles.gz
finished 10613_33_CASC4_CASC4.txt.gz.annotated.gz.exclusions.gz.alleles.gz
running 10615_18_MPZ_MYP0.txt.gz.annotated.gz.exclusions.gz.alleles.gz
finished 10615_18_MPZ_MYP0.txt.gz.annotated.gz.exclusions.gz.alleles.gz
running 10616_67_PODXL2_PDXL2.txt.gz.annotated.gz.exclusions.gz.alleles.gz
finished 10616_67_PODXL2_PDXL2.txt.gz.annotated.gz.exclusions.gz.alleles.gz
running 10618_190_LRP2_megalin.txt.gz.annotated.gz.exclusions.gz.alleles.gz
finished 10618_190_LRP2_megalin.txt.gz.annotated.gz.exclusions.gz.alleles.gz
running 10620_21_MSMB_PSP_94.txt.gz.annotated.gz.exclusions.gz.alleles.gz
finished 10620_21_MSMB_PSP_94.txt.gz.annotated.gz.exclusions.gz.alleles.gz
running 10621_26_PRR16_PRR16.txt.gz.annotated.gz.exclusions.gz.alleles.gz
finished 10621_26_PRR16_PRR16.txt.gz.annotated.gz.exclusions.gz.alleles.gz
running 10623_19_MUC1_MUC1.txt.gz.annotated.gz.exclusions.gz.alleles.gz
finished 10623_19_MUC1_MUC1.txt.gz.annotated.gz.exclusions.gz.alleles.gz
running 10624_45_SPINK13_ISK13.txt.gz.annotated.gz.exclusions.gz.alleles.gz
finished 10624_45_SPINK13_ISK13.txt.gz.annotated.gz.exclusions.gz.alleles.gz
running 10627_87_APLP2_APLP2.txt.gz.annotated.gz.exclusions.gz.alleles.gz
finished 10627_87_APLP2_APLP2.txt.gz.annotated.gz.exclusions.gz.alleles.gz
running 10630_5_HTATIP2_HTAI2.txt.gz.annotated.gz.exclusions.gz.alleles.gz
finished 10630_5_HTATIP2_HTAI2.txt.gz.annotated.gz.exclusions.gz.alleles.gz
running 10637_50_KIAA1324_K1324.txt.gz.annotated.gz.exclusions.gz.alleles.gz
finished 10637_50_KIAA1324_K1324.txt.gz.annotated.gz.exclusions.gz.alleles.gz
running 10638_1_TINF2_TINF2.txt.gz.annotated.gz.exclusions.gz.alleles.gz
finished 10638_1_TINF2_TINF2.txt.gz.annotated.gz.exclusions.gz.alleles.gz
running 10643_16_OLFM3_NOE3.txt.gz.annotated.gz.exclusions.gz.alleles.gz
finished 10643_16_OLFM3_NOE3.txt.gz.annotated.gz.exclusions.gz.alleles.gz
running 10647_18_ASCC1_ASCC1.txt.gz.annotated.gz.exclusions.gz.alleles.gz
finished 10647_18_ASCC1_ASCC1.txt.gz.annotated.gz.exclusions.gz.alleles.gz
running 10663_42_INSIG1_INSI1.txt.gz.annotated.gz.exclusions.gz.alleles.gz
finished 10663_42_INSIG1_INSI1.txt.gz.annotated.gz.exclusions.gz.alleles.gz
running 10666_7_GNPTG_GNPTG.txt.gz.annotated.gz.exclusions.gz.alleles.gz
finished 10666_7_GNPTG_GNPTG.txt.gz.annotated.gz.exclusions.gz.alleles.gz
running 10667_78_C1orf185_CA185.txt.gz.annotated.gz.exclusions.gz.alleles.gz
finished 10667_78_C1orf185_CA185.txt.gz.annotated.gz.exclusions.gz.alleles.gz
running 10668_5_STX4_STX4.txt.gz.annotated.gz.exclusions.gz.alleles.gz
finished 10668_5_STX4_STX4.txt.gz.annotated.gz.exclusions.gz.alleles.gz
running 10672_75_SFTPB_SP_B.txt.gz.annotated.gz.exclusions.gz.alleles.gz
finished 10672_75_SFTPB_SP_B.txt.gz.annotated.gz.exclusions.gz.alleles.gz
running 10675_223_TMX2_TMX2.txt.gz.annotated.gz.exclusions.gz.alleles.gz
finished 10675_223_TMX2_TMX2.txt.gz.annotated.gz.exclusions.gz.alleles.gz
running 10677_9_NDUFB4_NDUB4.txt.gz.annotated.gz.exclusions.gz.alleles.gz
finished 10677_9_NDUFB4_NDUB4.txt.gz.annotated.gz.exclusions.gz.alleles.gz
running 10693_43_KLRG2_KLRG2.txt.gz.annotated.gz.exclusions.gz.alleles.gz
finished 10693_43_KLRG2_KLRG2.txt.gz.annotated.gz.exclusions.gz.alleles.gz
running 10695_12_WFDC10B_WF10B.txt.gz.annotated.gz.exclusions.gz.alleles.gz
finished 10695_12_WFDC10B_WF10B.txt.gz.annotated.gz.exclusions.gz.alleles.gz
running 10699_52_LRP1_LRP1.txt.gz.annotated.gz.exclusions.gz.alleles.gz
finished 10699_52_LRP1_LRP1.txt.gz.annotated.gz.exclusions.gz.alleles.gz
running 10700_10_IGSF11_IGS11.txt.gz.annotated.gz.exclusions.gz.alleles.gz
finished 10700_10_IGSF11_IGS11.txt.gz.annotated.gz.exclusions.gz.alleles.gz
running 10702_1_COL28A1_COSA1.txt.gz.annotated.gz.exclusions.gz.alleles.gz
finished 10702_1_COL28A1_COSA1.txt.gz.annotated.gz.exclusions.gz.alleles.gz
running 10703_203_SUDS3_SDS3.txt.gz.annotated.gz.exclusions.gz.alleles.gz
finished 10703_203_SUDS3_SDS3.txt.gz.annotated.gz.exclusions.gz.alleles.gz
running 10704_91_LRMP_LRMP.txt.gz.annotated.gz.exclusions.gz.alleles.gz
finished 10704_91_LRMP_LRMP.txt.gz.annotated.gz.exclusions.gz.alleles.gz
running 10705_14_ST6GALNAC3_SIA7C.txt.gz.annotated.gz.exclusions.gz.alleles.gz
finished 10705_14_ST6GALNAC3_SIA7C.txt.gz.annotated.gz.exclusions.gz.alleles.gz
running 10708_3_GNRH2_GON2.txt.gz.annotated.gz.exclusions.gz.alleles.gz
finished 10708_3_GNRH2_GON2.txt.gz.annotated.gz.exclusions.gz.alleles.gz
running 10710_23_ZPBP2_ZPBP2.txt.gz.annotated.gz.exclusions.gz.alleles.gz
finished 10710_23_ZPBP2_ZPBP2.txt.gz.annotated.gz.exclusions.gz.alleles.gz
running 10713_151_CD300LB_CLM7.txt.gz.annotated.gz.exclusions.gz.alleles.gz
finished 10713_151_CD300LB_CLM7.txt.gz.annotated.gz.exclusions.gz.alleles.gz
running 10714_7_ACE_ACE.txt.gz.annotated.gz.exclusions.gz.alleles.gz
finished 10714_7_ACE_ACE.txt.gz.annotated.gz.exclusions.gz.alleles.gz
running 10716_35_PSMD5_PSMD5.txt.gz.annotated.gz.exclusions.gz.alleles.gz
finished 10716_35_PSMD5_PSMD5.txt.gz.annotated.gz.exclusions.gz.alleles.gz
running 10722_13_SYK_KSYK.txt.gz.annotated.gz.exclusions.gz.alleles.gz
finished 10722_13_SYK_KSYK.txt.gz.annotated.gz.exclusions.gz.alleles.gz
running 10731_10_HS3ST5_HS3S5.txt.gz.annotated.gz.exclusions.gz.alleles.gz
finished 10731_10_HS3ST5_HS3S5.txt.gz.annotated.gz.exclusions.gz.alleles.gz
running 10734_339_GAL3ST2_G3ST2.txt.gz.annotated.gz.exclusions.gz.alleles.gz
finished 10734_339_GAL3ST2_G3ST2.txt.gz.annotated.gz.exclusions.gz.alleles.gz
running 10737_96_SERPINB1_Serpin_B1.txt.gz.annotated.gz.exclusions.gz.alleles.gz
finished 10737_96_SERPINB1_Serpin_B1.txt.gz.annotated.gz.exclusions.gz.alleles.gz
running 10748_216_PCDHB2_PCDB2.txt.gz.annotated.gz.exclusions.gz.alleles.gz
finished 10748_216_PCDHB2_PCDB2.txt.gz.annotated.gz.exclusions.gz.alleles.gz
running 10752_8_CDYL2_CDYL2.txt.gz.annotated.gz.exclusions.gz.alleles.gz
finished 10752_8_CDYL2_CDYL2.txt.gz.annotated.gz.exclusions.gz.alleles.gz
running 10753_31_ADAM7_ADAM7.txt.gz.annotated.gz.exclusions.gz.alleles.gz
finished 10753_31_ADAM7_ADAM7.txt.gz.annotated.gz.exclusions.gz.alleles.gz
running 10754_113_PROK2_Prokineticin_2.txt.gz.annotated.gz.exclusions.gz.alleles.gz
finished 10754_113_PROK2_Prokineticin_2.txt.gz.annotated.gz.exclusions.gz.alleles.gz
running 10756_34_UCN3_UCN3.txt.gz.annotated.gz.exclusions.gz.alleles.gz
finished 10756_34_UCN3_UCN3.txt.gz.annotated.gz.exclusions.gz.alleles.gz
running 10758_2_KERA_KERA.txt.gz.annotated.gz.exclusions.gz.alleles.gz
finished 10758_2_KERA_KERA.txt.gz.annotated.gz.exclusions.gz.alleles.gz
running 10760_107_GRIA4_GRIA4.txt.gz.annotated.gz.exclusions.gz.alleles.gz
finished 10760_107_GRIA4_GRIA4.txt.gz.annotated.gz.exclusions.gz.alleles.gz
running 10761_5_TMED2_TMED2.txt.gz.annotated.gz.exclusions.gz.alleles.gz
finished 10761_5_TMED2_TMED2.txt.gz.annotated.gz.exclusions.gz.alleles.gz
running 10762_2_KLRG2_KLRG2.txt.gz.annotated.gz.exclusions.gz.alleles.gz
finished 10762_2_KLRG2_KLRG2.txt.gz.annotated.gz.exclusions.gz.alleles.gz
running 10767_52_GPR64_GPR64.txt.gz.annotated.gz.exclusions.gz.alleles.gz
finished 10767_52_GPR64_GPR64.txt.gz.annotated.gz.exclusions.gz.alleles.gz
running 10772_21_CSGALNACT2_CGAT2.txt.gz.annotated.gz.exclusions.gz.alleles.gz
finished 10772_21_CSGALNACT2_CGAT2.txt.gz.annotated.gz.exclusions.gz.alleles.gz
running 10781_19_CLEC4G_CLC4G.txt.gz.annotated.gz.exclusions.gz.alleles.gz
finished 10781_19_CLEC4G_CLC4G.txt.gz.annotated.gz.exclusions.gz.alleles.gz
running 10785_8_LRRC52_LRC52.txt.gz.annotated.gz.exclusions.gz.alleles.gz
finished 10785_8_LRRC52_LRC52.txt.gz.annotated.gz.exclusions.gz.alleles.gz
running 10798_4_CD300E_CLM2.txt.gz.annotated.gz.exclusions.gz.alleles.gz
finished 10798_4_CD300E_CLM2.txt.gz.annotated.gz.exclusions.gz.alleles.gz
running 10800_15_SERPINH1_Collagen_binding_protein.txt.gz.annotated.gz.exclusions.gz.alleles.gz
finished 10800_15_SERPINH1_Collagen_binding_protein.txt.gz.annotated.gz.exclusions.gz.alleles.gz
running 10809_14_KLRB1_KLRB1.txt.gz.annotated.gz.exclusions.gz.alleles.gz
finished 10809_14_KLRB1_KLRB1.txt.gz.annotated.gz.exclusions.gz.alleles.gz
running 10814_7_CD1A_CD1A.txt.gz.annotated.gz.exclusions.gz.alleles.gz
finished 10814_7_CD1A_CD1A.txt.gz.annotated.gz.exclusions.gz.alleles.gz
running 10815_2_HABP4_HABP4.txt.gz.annotated.gz.exclusions.gz.alleles.gz
finished 10815_2_HABP4_HABP4.txt.gz.annotated.gz.exclusions.gz.alleles.gz
running 10816_150_PILRA_PILRA_isoform_FDF03_M14.txt.gz.annotated.gz.exclusions.gz.alleles.gz
finished 10816_150_PILRA_PILRA_isoform_FDF03_M14.txt.gz.annotated.gz.exclusions.gz.alleles.gz
running 10817_26_TOMM20L_TO20L.txt.gz.annotated.gz.exclusions.gz.alleles.gz
finished 10817_26_TOMM20L_TO20L.txt.gz.annotated.gz.exclusions.gz.alleles.gz
running 10818_36_SMPD1_ASM.txt.gz.annotated.gz.exclusions.gz.alleles.gz
finished 10818_36_SMPD1_ASM.txt.gz.annotated.gz.exclusions.gz.alleles.gz
running 10825_12_VSIG10_VSI10.txt.gz.annotated.gz.exclusions.gz.alleles.gz
finished 10825_12_VSIG10_VSI10.txt.gz.annotated.gz.exclusions.gz.alleles.gz
running 10827_67_LINGO3_LIGO3.txt.gz.annotated.gz.exclusions.gz.alleles.gz
finished 10827_67_LINGO3_LIGO3.txt.gz.annotated.gz.exclusions.gz.alleles.gz
running 10830_5_EFCAB14_K0494.txt.gz.annotated.gz.exclusions.gz.alleles.gz
finished 10830_5_EFCAB14_K0494.txt.gz.annotated.gz.exclusions.gz.alleles.gz
running 10832_24_B4GALT6_B4GT6.txt.gz.annotated.gz.exclusions.gz.alleles.gz
finished 10832_24_B4GALT6_B4GT6.txt.gz.annotated.gz.exclusions.gz.alleles.gz
running 10833_64_HHIP_HHIP.txt.gz.annotated.gz.exclusions.gz.alleles.gz
finished 10833_64_HHIP_HHIP.txt.gz.annotated.gz.exclusions.gz.alleles.gz
running 10835_25_A4GNT_A4GCT.txt.gz.annotated.gz.exclusions.gz.alleles.gz
finished 10835_25_A4GNT_A4GCT.txt.gz.annotated.gz.exclusions.gz.alleles.gz
running 10842_7_GCNT4_GCNT4.txt.gz.annotated.gz.exclusions.gz.alleles.gz
finished 10842_7_GCNT4_GCNT4.txt.gz.annotated.gz.exclusions.gz.alleles.gz
running 10847_1_SIGLEC15_SIG15.txt.gz.annotated.gz.exclusions.gz.alleles.gz
finished 10847_1_SIGLEC15_SIG15.txt.gz.annotated.gz.exclusions.gz.alleles.gz
running 10848_137_BTNL3_BTNL3.txt.gz.annotated.gz.exclusions.gz.alleles.gz
finished 10848_137_BTNL3_BTNL3.txt.gz.annotated.gz.exclusions.gz.alleles.gz
running 10851_77_EBI3_IL27B.txt.gz.annotated.gz.exclusions.gz.alleles.gz
finished 10851_77_EBI3_IL27B.txt.gz.annotated.gz.exclusions.gz.alleles.gz
running 10852_114_HNRNPDL_HNRDL.txt.gz.annotated.gz.exclusions.gz.alleles.gz
finished 10852_114_HNRNPDL_HNRDL.txt.gz.annotated.gz.exclusions.gz.alleles.gz
running 10866_60_SMEK1_P4R3A.txt.gz.annotated.gz.exclusions.gz.alleles.gz
finished 10866_60_SMEK1_P4R3A.txt.gz.annotated.gz.exclusions.gz.alleles.gz
running 10876_300_BRAT1_BRAT1.txt.gz.annotated.gz.exclusions.gz.alleles.gz
finished 10876_300_BRAT1_BRAT1.txt.gz.annotated.gz.exclusions.gz.alleles.gz
running 10880_38_FAM163B_F163B.txt.gz.annotated.gz.exclusions.gz.alleles.gz
finished 10880_38_FAM163B_F163B.txt.gz.annotated.gz.exclusions.gz.alleles.gz
running 10882_12_DSC1_Desmocollin_1.txt.gz.annotated.gz.exclusions.gz.alleles.gz
finished 10882_12_DSC1_Desmocollin_1.txt.gz.annotated.gz.exclusions.gz.alleles.gz
running 10885_36_C6orf89_CF089.txt.gz.annotated.gz.exclusions.gz.alleles.gz
finished 10885_36_C6orf89_CF089.txt.gz.annotated.gz.exclusions.gz.alleles.gz
running 10889_2_MRAP2_MRAP2.txt.gz.annotated.gz.exclusions.gz.alleles.gz
finished 10889_2_MRAP2_MRAP2.txt.gz.annotated.gz.exclusions.gz.alleles.gz
running 10890_135_LCTL_LCTL.txt.gz.annotated.gz.exclusions.gz.alleles.gz
finished 10890_135_LCTL_LCTL.txt.gz.annotated.gz.exclusions.gz.alleles.gz
running 10892_8_OSMR_OSMR.txt.gz.annotated.gz.exclusions.gz.alleles.gz
finished 10892_8_OSMR_OSMR.txt.gz.annotated.gz.exclusions.gz.alleles.gz
running 10895_28_TMPRSS11B_TM11B.txt.gz.annotated.gz.exclusions.gz.alleles.gz
finished 10895_28_TMPRSS11B_TM11B.txt.gz.annotated.gz.exclusions.gz.alleles.gz
running 10900_272_STMN2_STMN2.txt.gz.annotated.gz.exclusions.gz.alleles.gz
finished 10900_272_STMN2_STMN2.txt.gz.annotated.gz.exclusions.gz.alleles.gz
running 10902_53_ASPRV1_APRV1.txt.gz.annotated.gz.exclusions.gz.alleles.gz
finished 10902_53_ASPRV1_APRV1.txt.gz.annotated.gz.exclusions.gz.alleles.gz
running 10903_50_STX8_STX8.txt.gz.annotated.gz.exclusions.gz.alleles.gz
finished 10903_50_STX8_STX8.txt.gz.annotated.gz.exclusions.gz.alleles.gz
running 10907_116_NTM_NTRI.txt.gz.annotated.gz.exclusions.gz.alleles.gz
finished 10907_116_NTM_NTRI.txt.gz.annotated.gz.exclusions.gz.alleles.gz
running 10908_2_GALNT13_GLT13.txt.gz.annotated.gz.exclusions.gz.alleles.gz
finished 10908_2_GALNT13_GLT13.txt.gz.annotated.gz.exclusions.gz.alleles.gz
running 10910_6_CEACAM4_CEAM4.txt.gz.annotated.gz.exclusions.gz.alleles.gz
finished 10910_6_CEACAM4_CEAM4.txt.gz.annotated.gz.exclusions.gz.alleles.gz
running 10916_44_PLA2R1_PLA2R.txt.gz.annotated.gz.exclusions.gz.alleles.gz
finished 10916_44_PLA2R1_PLA2R.txt.gz.annotated.gz.exclusions.gz.alleles.gz
running 10917_40_GNGT2_GBGT2.txt.gz.annotated.gz.exclusions.gz.alleles.gz
finished 10917_40_GNGT2_GBGT2.txt.gz.annotated.gz.exclusions.gz.alleles.gz
running 10924_258_CYB5D2_NEUFC.txt.gz.annotated.gz.exclusions.gz.alleles.gz
finished 10924_258_CYB5D2_NEUFC.txt.gz.annotated.gz.exclusions.gz.alleles.gz
running 10933_107_CALN1_CABP8.txt.gz.annotated.gz.exclusions.gz.alleles.gz
finished 10933_107_CALN1_CABP8.txt.gz.annotated.gz.exclusions.gz.alleles.gz
running 10938_13_CD58_sLFA_3.txt.gz.annotated.gz.exclusions.gz.alleles.gz
finished 10938_13_CD58_sLFA_3.txt.gz.annotated.gz.exclusions.gz.alleles.gz
running 10939_16_PLEKHA4_PKHA4.txt.gz.annotated.gz.exclusions.gz.alleles.gz
finished 10939_16_PLEKHA4_PKHA4.txt.gz.annotated.gz.exclusions.gz.alleles.gz
running 10940_25_SRL_SRCA.txt.gz.annotated.gz.exclusions.gz.alleles.gz
finished 10940_25_SRL_SRCA.txt.gz.annotated.gz.exclusions.gz.alleles.gz
running 10945_11_STX6_Syntaxin_6.txt.gz.annotated.gz.exclusions.gz.alleles.gz
finished 10945_11_STX6_Syntaxin_6.txt.gz.annotated.gz.exclusions.gz.alleles.gz
