running TMPRSS11D_O60235_OID31103.gz
finished TMPRSS11D_O60235_OID31103.gz
running TMPRSS15_P98073_OID21364.gz
finished TMPRSS15_P98073_OID21364.gz
running TMPRSS5_Q9H3S3_OID20947.gz
finished TMPRSS5_Q9H3S3_OID20947.gz
running TMSB10_P63313_OID21118.gz
finished TMSB10_P63313_OID21118.gz
running TNC_P24821_OID20359.gz
finished TNC_P24821_OID20359.gz
running TNFAIP2_Q03169_OID31446.gz
finished TNFAIP2_Q03169_OID31446.gz
running TNFAIP8L2_Q6P589_OID30629.gz
finished TNFAIP8L2_Q6P589_OID30629.gz
running TNFAIP8_O95379_OID20433.gz
finished TNFAIP8_O95379_OID20433.gz
running TNF_P01375_OID20074.gz
finished TNF_P01375_OID20074.gz
running TNF_P01375_OID20473.gz
finished TNF_P01375_OID20473.gz
running TNF_P01375_OID20848.gz
finished TNF_P01375_OID20848.gz
running TNF_P01375_OID21237.gz
finished TNF_P01375_OID21237.gz
running TNFRSF10A_O00220_OID20967.gz
finished TNFRSF10A_O00220_OID20967.gz
running TNFRSF10B_O14763_OID20981.gz
finished TNFRSF10B_O14763_OID20981.gz
running TNFRSF10C_O14798_OID20265.gz
finished TNFRSF10C_O14798_OID20265.gz
running TNFRSF11A_Q9Y6Q6_OID20646.gz
finished TNFRSF11A_Q9Y6Q6_OID20646.gz
running TNFRSF11B_O00300_OID20735.gz
finished TNFRSF11B_O00300_OID20735.gz
running TNFRSF12A_Q9NP84_OID21482.gz
finished TNFRSF12A_Q9NP84_OID21482.gz
running TNFRSF13B_O14836_OID20702.gz
finished TNFRSF13B_O14836_OID20702.gz
running TNFRSF13C_Q96RJ3_OID20480.gz
finished TNFRSF13C_Q96RJ3_OID20480.gz
running TNFRSF14_Q92956_OID20783.gz
finished TNFRSF14_Q92956_OID20783.gz
running TNFRSF17_Q02223_OID30589.gz
finished TNFRSF17_Q02223_OID30589.gz
running TNFRSF19_Q9NS68_OID21446.gz
finished TNFRSF19_Q9NS68_OID21446.gz
running TNFRSF1A_P19438_OID21155.gz
finished TNFRSF1A_P19438_OID21155.gz
running TNFRSF1B_P20333_OID21145.gz
finished TNFRSF1B_P20333_OID21145.gz
running TNFRSF21_O75509_OID21052.gz
finished TNFRSF21_O75509_OID21052.gz
running TNFRSF4_P43489_OID20653.gz
finished TNFRSF4_P43489_OID20653.gz
running TNFRSF6B_O95407_OID20964.gz
finished TNFRSF6B_O95407_OID20964.gz
running TNFRSF8_P28908_OID21049.gz
finished TNFRSF8_P28908_OID21049.gz
running TNFRSF9_Q07011_OID20985.gz
finished TNFRSF9_Q07011_OID20985.gz
running TNFSF10_P50591_OID20611.gz
finished TNFSF10_P50591_OID20611.gz
running TNFSF11_O14788_OID20592.gz
finished TNFSF11_O14788_OID20592.gz
running TNFSF12_O43508_OID20624.gz
finished TNFSF12_O43508_OID20624.gz
running TNFSF13B_Q9Y275_OID20272.gz
finished TNFSF13B_Q9Y275_OID20272.gz
running TNFSF13_O75888_OID20733.gz
finished TNFSF13_O75888_OID20733.gz
running TNFSF14_O43557_OID20953.gz
finished TNFSF14_O43557_OID20953.gz
running TNFSF8_P32971_OID30384.gz
finished TNFSF8_P32971_OID30384.gz
running TNIP1_Q15025_OID31120.gz
finished TNIP1_Q15025_OID31120.gz
running TNNI3_P19429_OID20050.gz
finished TNNI3_P19429_OID20050.gz
running TNN_Q9UQP3_OID30412.gz
finished TNN_Q9UQP3_OID30412.gz
running TNPO1_Q92973_OID31330.gz
finished TNPO1_Q92973_OID31330.gz
running TNR_Q92752_OID20957.gz
finished TNR_Q92752_OID20957.gz
running TNXB_P22105_OID21107.gz
finished TNXB_P22105_OID21107.gz
running TOMM20_Q15388_OID30353.gz
finished TOMM20_Q15388_OID30353.gz
running TOP1MT_Q969P6_OID31233.gz
finished TOP1MT_Q969P6_OID31233.gz
running TOP1_P11387_OID31449.gz
finished TOP1_P11387_OID31449.gz
running TOP2B_Q02880_OID30559.gz
finished TOP2B_Q02880_OID30559.gz
running TOR1AIP1_Q5JTV8_OID30195.gz
finished TOR1AIP1_Q5JTV8_OID30195.gz
running TP53BP1_Q12888_OID30470.gz
finished TP53BP1_Q12888_OID30470.gz
running TP53I3_Q53FA7_OID30632.gz
finished TP53I3_Q53FA7_OID30632.gz
running TP53INP1_Q96A56_OID20120.gz
finished TP53INP1_Q96A56_OID20120.gz
running TP53_P04637_OID21232.gz
finished TP53_P04637_OID21232.gz
running TP73_O15350_OID30879.gz
finished TP73_O15350_OID30879.gz
running TPBGL_P0DKB5_OID30928.gz
finished TPBGL_P0DKB5_OID30928.gz
running TPD52L2_O43399_OID30609.gz
finished TPD52L2_O43399_OID30609.gz
running TPK1_Q9H3S4_OID30338.gz
finished TPK1_Q9H3S4_OID30338.gz
running TPM3_P06753_OID30058.gz
finished TPM3_P06753_OID30058.gz
running TPMT_P51580_OID21270.gz
finished TPMT_P51580_OID21270.gz
running TPP1_O14773_OID20750.gz
finished TPP1_O14773_OID20750.gz
running TPPP2_P59282_OID31274.gz
finished TPPP2_P59282_OID31274.gz
running TPPP3_Q9BW30_OID20842.gz
finished TPPP3_Q9BW30_OID20842.gz
running TPRKB_Q9Y3C4_OID31234.gz
finished TPRKB_Q9Y3C4_OID31234.gz
running TPR_P12270_OID30143.gz
finished TPR_P12270_OID30143.gz
running TPSAB1_Q15661_OID20642.gz
finished TPSAB1_Q15661_OID20642.gz
running TPSD1_Q9BZJ3_OID30982.gz
finished TPSD1_Q9BZJ3_OID30982.gz
running TPSG1_Q9NRR2_OID30424.gz
finished TPSG1_Q9NRR2_OID30424.gz
running TPT1_P13693_OID20476.gz
finished TPT1_P13693_OID20476.gz
running TRAF2_Q12933_OID20507.gz
finished TRAF2_Q12933_OID20507.gz
running TRAF3IP2_O43734_OID30054.gz
finished TRAF3IP2_O43734_OID30054.gz
running TRAF3_Q13114-2_OID30479.gz
finished TRAF3_Q13114-2_OID30479.gz
running TRDMT1_O14717_OID31335.gz
finished TRDMT1_O14717_OID31335.gz
running TREH_O43280_OID30388.gz
finished TREH_O43280_OID30388.gz
running TREM2_Q9NZC2_OID20731.gz
finished TREM2_Q9NZC2_OID20731.gz
running TREML1_Q86YW5_OID30682.gz
finished TREML1_Q86YW5_OID30682.gz
running TREML2_Q5T2D2_OID21120.gz
finished TREML2_Q5T2D2_OID21120.gz
running TRIAP1_O43715_OID21403.gz
finished TRIAP1_O43715_OID21403.gz
running TRIM21_P19474_OID20533.gz
finished TRIM21_P19474_OID20533.gz
running TRIM24_O15164_OID31271.gz
finished TRIM24_O15164_OID31271.gz
running TRIM25_Q14258_OID31482.gz
finished TRIM25_Q14258_OID31482.gz
running TRIM26_Q12899_OID31207.gz
finished TRIM26_Q12899_OID31207.gz
