running 8758_2_PCDHA7_PCDA7.txt.gz.annotated.gz.exclusions.gz.alleles.gz
finished 8758_2_PCDHA7_PCDA7.txt.gz.annotated.gz.exclusions.gz.alleles.gz
running 8759_29_A4GALT_a1_4_Galactosyltransferase.txt.gz.annotated.gz.exclusions.gz.alleles.gz
finished 8759_29_A4GALT_a1_4_Galactosyltransferase.txt.gz.annotated.gz.exclusions.gz.alleles.gz
running 8760_10_DCUN1D5_DCNL5.txt.gz.annotated.gz.exclusions.gz.alleles.gz
finished 8760_10_DCUN1D5_DCNL5.txt.gz.annotated.gz.exclusions.gz.alleles.gz
running 8766_29_LILRA5_LIRA5.txt.gz.annotated.gz.exclusions.gz.alleles.gz
finished 8766_29_LILRA5_LIRA5.txt.gz.annotated.gz.exclusions.gz.alleles.gz
running 8767_44_ECE1_Endothelin_converting_enzyme_1.txt.gz.annotated.gz.exclusions.gz.alleles.gz
finished 8767_44_ECE1_Endothelin_converting_enzyme_1.txt.gz.annotated.gz.exclusions.gz.alleles.gz
running 8768_4_BCL10_Bcl_10.txt.gz.annotated.gz.exclusions.gz.alleles.gz
finished 8768_4_BCL10_Bcl_10.txt.gz.annotated.gz.exclusions.gz.alleles.gz
running 8772_5_EFNB2_EFNB2.txt.gz.annotated.gz.exclusions.gz.alleles.gz
finished 8772_5_EFNB2_EFNB2.txt.gz.annotated.gz.exclusions.gz.alleles.gz
running 8773_172_EMILIN3_EMIL3.txt.gz.annotated.gz.exclusions.gz.alleles.gz
finished 8773_172_EMILIN3_EMIL3.txt.gz.annotated.gz.exclusions.gz.alleles.gz
running 8775_61_FAM24B_FA24B.txt.gz.annotated.gz.exclusions.gz.alleles.gz
finished 8775_61_FAM24B_FA24B.txt.gz.annotated.gz.exclusions.gz.alleles.gz
running 8776_10_ERLIN1_ERLN1.txt.gz.annotated.gz.exclusions.gz.alleles.gz
finished 8776_10_ERLIN1_ERLN1.txt.gz.annotated.gz.exclusions.gz.alleles.gz
running 8778_3_NOG_Noggin.txt.gz.annotated.gz.exclusions.gz.alleles.gz
finished 8778_3_NOG_Noggin.txt.gz.annotated.gz.exclusions.gz.alleles.gz
running 8780_2_PCDH10_PCD10.txt.gz.annotated.gz.exclusions.gz.alleles.gz
finished 8780_2_PCDH10_PCD10.txt.gz.annotated.gz.exclusions.gz.alleles.gz
running 8784_7_FAM175A_F175A.txt.gz.annotated.gz.exclusions.gz.alleles.gz
finished 8784_7_FAM175A_F175A.txt.gz.annotated.gz.exclusions.gz.alleles.gz
running 8785_1_ARMC5_ARMC5.txt.gz.annotated.gz.exclusions.gz.alleles.gz
finished 8785_1_ARMC5_ARMC5.txt.gz.annotated.gz.exclusions.gz.alleles.gz
running 8786_6_FAM171B_F171B.txt.gz.annotated.gz.exclusions.gz.alleles.gz
finished 8786_6_FAM171B_F171B.txt.gz.annotated.gz.exclusions.gz.alleles.gz
running 8791_151_CA5A_Carbonic_Anhydrase_VA.txt.gz.annotated.gz.exclusions.gz.alleles.gz
finished 8791_151_CA5A_Carbonic_Anhydrase_VA.txt.gz.annotated.gz.exclusions.gz.alleles.gz
running 8794_13_DPEP1_DPEP1.txt.gz.annotated.gz.exclusions.gz.alleles.gz
finished 8794_13_DPEP1_DPEP1.txt.gz.annotated.gz.exclusions.gz.alleles.gz
running 8795_48_TFRC_TR.txt.gz.annotated.gz.exclusions.gz.alleles.gz
finished 8795_48_TFRC_TR.txt.gz.annotated.gz.exclusions.gz.alleles.gz
running 8800_14_TTC17_TTC17.txt.gz.annotated.gz.exclusions.gz.alleles.gz
finished 8800_14_TTC17_TTC17.txt.gz.annotated.gz.exclusions.gz.alleles.gz
running 8803_61_PVRL1_nectin_1_gamma.txt.gz.annotated.gz.exclusions.gz.alleles.gz
finished 8803_61_PVRL1_nectin_1_gamma.txt.gz.annotated.gz.exclusions.gz.alleles.gz
running 8804_39_COL20A1_COKA1.txt.gz.annotated.gz.exclusions.gz.alleles.gz
finished 8804_39_COL20A1_COKA1.txt.gz.annotated.gz.exclusions.gz.alleles.gz
running 8807_13_SNX1_SNX1.txt.gz.annotated.gz.exclusions.gz.alleles.gz
finished 8807_13_SNX1_SNX1.txt.gz.annotated.gz.exclusions.gz.alleles.gz
running 8810_26_HEPACAM_HEPACAM.txt.gz.annotated.gz.exclusions.gz.alleles.gz
finished 8810_26_HEPACAM_HEPACAM.txt.gz.annotated.gz.exclusions.gz.alleles.gz
running 8811_24_BAMBI_BAMBI.txt.gz.annotated.gz.exclusions.gz.alleles.gz
finished 8811_24_BAMBI_BAMBI.txt.gz.annotated.gz.exclusions.gz.alleles.gz
running 8813_160_TXN_Thioredoxin.txt.gz.annotated.gz.exclusions.gz.alleles.gz
finished 8813_160_TXN_Thioredoxin.txt.gz.annotated.gz.exclusions.gz.alleles.gz
running 8814_33_PSAPL1_SAPL1.txt.gz.annotated.gz.exclusions.gz.alleles.gz
finished 8814_33_PSAPL1_SAPL1.txt.gz.annotated.gz.exclusions.gz.alleles.gz
running 8815_1_OLFML1_OLFL1.txt.gz.annotated.gz.exclusions.gz.alleles.gz
finished 8815_1_OLFML1_OLFL1.txt.gz.annotated.gz.exclusions.gz.alleles.gz
running 8817_29_CENPV_CENPV.txt.gz.annotated.gz.exclusions.gz.alleles.gz
finished 8817_29_CENPV_CENPV.txt.gz.annotated.gz.exclusions.gz.alleles.gz
running 8818_13_IFNGR2_INGR2.txt.gz.annotated.gz.exclusions.gz.alleles.gz
finished 8818_13_IFNGR2_INGR2.txt.gz.annotated.gz.exclusions.gz.alleles.gz
running 8825_4_PILRA_PILRA.txt.gz.annotated.gz.exclusions.gz.alleles.gz
finished 8825_4_PILRA_PILRA.txt.gz.annotated.gz.exclusions.gz.alleles.gz
running 8828_21_ESRP1_ESRP1.txt.gz.annotated.gz.exclusions.gz.alleles.gz
finished 8828_21_ESRP1_ESRP1.txt.gz.annotated.gz.exclusions.gz.alleles.gz
running 8832_55_BST2_BST_2.txt.gz.annotated.gz.exclusions.gz.alleles.gz
finished 8832_55_BST2_BST_2.txt.gz.annotated.gz.exclusions.gz.alleles.gz
running 8833_20_TNFSF10_TRAIL.txt.gz.annotated.gz.exclusions.gz.alleles.gz
finished 8833_20_TNFSF10_TRAIL.txt.gz.annotated.gz.exclusions.gz.alleles.gz
running 8834_58_CANX_Calnexin.txt.gz.annotated.gz.exclusions.gz.alleles.gz
finished 8834_58_CANX_Calnexin.txt.gz.annotated.gz.exclusions.gz.alleles.gz
running 8837_8_MFAP3L_MFA3L.txt.gz.annotated.gz.exclusions.gz.alleles.gz
finished 8837_8_MFAP3L_MFA3L.txt.gz.annotated.gz.exclusions.gz.alleles.gz
running 8838_10_CASC4_CASC4.txt.gz.annotated.gz.exclusions.gz.alleles.gz
finished 8838_10_CASC4_CASC4.txt.gz.annotated.gz.exclusions.gz.alleles.gz
running 8839_4_MTX2_Metaxin_2.txt.gz.annotated.gz.exclusions.gz.alleles.gz
finished 8839_4_MTX2_Metaxin_2.txt.gz.annotated.gz.exclusions.gz.alleles.gz
running 8840_61_C1S_C1s.txt.gz.annotated.gz.exclusions.gz.alleles.gz
finished 8840_61_C1S_C1s.txt.gz.annotated.gz.exclusions.gz.alleles.gz
running 8841_65_CILP2_CILP2.txt.gz.annotated.gz.exclusions.gz.alleles.gz
finished 8841_65_CILP2_CILP2.txt.gz.annotated.gz.exclusions.gz.alleles.gz
running 8842_16_GRAMD1C_GRM1C.txt.gz.annotated.gz.exclusions.gz.alleles.gz
finished 8842_16_GRAMD1C_GRM1C.txt.gz.annotated.gz.exclusions.gz.alleles.gz
running 8843_34_MYRF_MRF.txt.gz.annotated.gz.exclusions.gz.alleles.gz
finished 8843_34_MYRF_MRF.txt.gz.annotated.gz.exclusions.gz.alleles.gz
running 8845_2_ADAMTS3_ATS3.txt.gz.annotated.gz.exclusions.gz.alleles.gz
finished 8845_2_ADAMTS3_ATS3.txt.gz.annotated.gz.exclusions.gz.alleles.gz
running 8850_5_PLA2G2C_PA2GC.txt.gz.annotated.gz.exclusions.gz.alleles.gz
finished 8850_5_PLA2G2C_PA2GC.txt.gz.annotated.gz.exclusions.gz.alleles.gz
running 8852_10_SUN3_SUN3.txt.gz.annotated.gz.exclusions.gz.alleles.gz
finished 8852_10_SUN3_SUN3.txt.gz.annotated.gz.exclusions.gz.alleles.gz
running 8853_2_CLEC4A_CLC4A.txt.gz.annotated.gz.exclusions.gz.alleles.gz
finished 8853_2_CLEC4A_CLC4A.txt.gz.annotated.gz.exclusions.gz.alleles.gz
running 8858_21_BATF3_BATF3.txt.gz.annotated.gz.exclusions.gz.alleles.gz
finished 8858_21_BATF3_BATF3.txt.gz.annotated.gz.exclusions.gz.alleles.gz
running 8859_51_CA11_CAH11.txt.gz.annotated.gz.exclusions.gz.alleles.gz
finished 8859_51_CA11_CAH11.txt.gz.annotated.gz.exclusions.gz.alleles.gz
running 8863_3_PIK3R1_P85A.txt.gz.annotated.gz.exclusions.gz.alleles.gz
finished 8863_3_PIK3R1_P85A.txt.gz.annotated.gz.exclusions.gz.alleles.gz
running 8864_59_CENPW_CENPW.txt.gz.annotated.gz.exclusions.gz.alleles.gz
finished 8864_59_CENPW_CENPW.txt.gz.annotated.gz.exclusions.gz.alleles.gz
running 8866_53_QPCTL_QPCTL.txt.gz.annotated.gz.exclusions.gz.alleles.gz
finished 8866_53_QPCTL_QPCTL.txt.gz.annotated.gz.exclusions.gz.alleles.gz
running 8867_18_PAEP_Glycodelin.txt.gz.annotated.gz.exclusions.gz.alleles.gz
finished 8867_18_PAEP_Glycodelin.txt.gz.annotated.gz.exclusions.gz.alleles.gz
running 8869_5_BTN2A1_BT2A1.txt.gz.annotated.gz.exclusions.gz.alleles.gz
finished 8869_5_BTN2A1_BT2A1.txt.gz.annotated.gz.exclusions.gz.alleles.gz
running 8870_38_NPM1_NPM1.txt.gz.annotated.gz.exclusions.gz.alleles.gz
finished 8870_38_NPM1_NPM1.txt.gz.annotated.gz.exclusions.gz.alleles.gz
running 8872_1_SEC61G_SC61G.txt.gz.annotated.gz.exclusions.gz.alleles.gz
finished 8872_1_SEC61G_SC61G.txt.gz.annotated.gz.exclusions.gz.alleles.gz
running 8874_53_CLN5_CLN5.txt.gz.annotated.gz.exclusions.gz.alleles.gz
finished 8874_53_CLN5_CLN5.txt.gz.annotated.gz.exclusions.gz.alleles.gz
running 8876_51_NRXN2_NRX2B.txt.gz.annotated.gz.exclusions.gz.alleles.gz
finished 8876_51_NRXN2_NRX2B.txt.gz.annotated.gz.exclusions.gz.alleles.gz
running 8877_22_EVA1C_F176C.txt.gz.annotated.gz.exclusions.gz.alleles.gz
finished 8877_22_EVA1C_F176C.txt.gz.annotated.gz.exclusions.gz.alleles.gz
running 8878_48_YTHDC1_YTDC1.txt.gz.annotated.gz.exclusions.gz.alleles.gz
finished 8878_48_YTHDC1_YTDC1.txt.gz.annotated.gz.exclusions.gz.alleles.gz
running 8882_1_ADAM17_ADAM_17.txt.gz.annotated.gz.exclusions.gz.alleles.gz
finished 8882_1_ADAM17_ADAM_17.txt.gz.annotated.gz.exclusions.gz.alleles.gz
running 8885_6_CACNA2D3_CA2D3.txt.gz.annotated.gz.exclusions.gz.alleles.gz
finished 8885_6_CACNA2D3_CA2D3.txt.gz.annotated.gz.exclusions.gz.alleles.gz
running 8887_21_NUDC_NUDC.txt.gz.annotated.gz.exclusions.gz.alleles.gz
finished 8887_21_NUDC_NUDC.txt.gz.annotated.gz.exclusions.gz.alleles.gz
running 8888_33_SMIM9_CX068.txt.gz.annotated.gz.exclusions.gz.alleles.gz
finished 8888_33_SMIM9_CX068.txt.gz.annotated.gz.exclusions.gz.alleles.gz
running 8889_5_CCPG1_CCPG1.txt.gz.annotated.gz.exclusions.gz.alleles.gz
finished 8889_5_CCPG1_CCPG1.txt.gz.annotated.gz.exclusions.gz.alleles.gz
running 8890_9_TMEM132B_T132B.txt.gz.annotated.gz.exclusions.gz.alleles.gz
finished 8890_9_TMEM132B_T132B.txt.gz.annotated.gz.exclusions.gz.alleles.gz
running 8891_7_CPVL_CPVL.txt.gz.annotated.gz.exclusions.gz.alleles.gz
finished 8891_7_CPVL_CPVL.txt.gz.annotated.gz.exclusions.gz.alleles.gz
running 8892_14_PEAR1_PEAR1.txt.gz.annotated.gz.exclusions.gz.alleles.gz
finished 8892_14_PEAR1_PEAR1.txt.gz.annotated.gz.exclusions.gz.alleles.gz
running 8893_29_PARP1_PARP.txt.gz.annotated.gz.exclusions.gz.alleles.gz
finished 8893_29_PARP1_PARP.txt.gz.annotated.gz.exclusions.gz.alleles.gz
running 8894_80_HNRNPAB_hnRNP_A_B.txt.gz.annotated.gz.exclusions.gz.alleles.gz
finished 8894_80_HNRNPAB_hnRNP_A_B.txt.gz.annotated.gz.exclusions.gz.alleles.gz
running 8897_3_LRRC37A2_L37A2.txt.gz.annotated.gz.exclusions.gz.alleles.gz
finished 8897_3_LRRC37A2_L37A2.txt.gz.annotated.gz.exclusions.gz.alleles.gz
running 8899_75_UGT1A8_UD18.txt.gz.annotated.gz.exclusions.gz.alleles.gz
finished 8899_75_UGT1A8_UD18.txt.gz.annotated.gz.exclusions.gz.alleles.gz
running 8900_28_NEO1_NEO1.txt.gz.annotated.gz.exclusions.gz.alleles.gz
finished 8900_28_NEO1_NEO1.txt.gz.annotated.gz.exclusions.gz.alleles.gz
running 8903_1_COX6C_COX6C.txt.gz.annotated.gz.exclusions.gz.alleles.gz
finished 8903_1_COX6C_COX6C.txt.gz.annotated.gz.exclusions.gz.alleles.gz
running 8905_20_KCNMB3_KCMB3.txt.gz.annotated.gz.exclusions.gz.alleles.gz
finished 8905_20_KCNMB3_KCMB3.txt.gz.annotated.gz.exclusions.gz.alleles.gz
running 8906_60_LRTM2_LRTM2.txt.gz.annotated.gz.exclusions.gz.alleles.gz
finished 8906_60_LRTM2_LRTM2.txt.gz.annotated.gz.exclusions.gz.alleles.gz
running 8907_11_UGT2A1_UD2A1.txt.gz.annotated.gz.exclusions.gz.alleles.gz
finished 8907_11_UGT2A1_UD2A1.txt.gz.annotated.gz.exclusions.gz.alleles.gz
running 8908_14_KCNE5_KCE1L.txt.gz.annotated.gz.exclusions.gz.alleles.gz
finished 8908_14_KCNE5_KCE1L.txt.gz.annotated.gz.exclusions.gz.alleles.gz
running 8909_77_GNPDA1_GNPI1.txt.gz.annotated.gz.exclusions.gz.alleles.gz
finished 8909_77_GNPDA1_GNPI1.txt.gz.annotated.gz.exclusions.gz.alleles.gz
running 8913_22_SIGLEC11_SIG11.txt.gz.annotated.gz.exclusions.gz.alleles.gz
finished 8913_22_SIGLEC11_SIG11.txt.gz.annotated.gz.exclusions.gz.alleles.gz
running 8916_32_STIM1_STIM1.txt.gz.annotated.gz.exclusions.gz.alleles.gz
finished 8916_32_STIM1_STIM1.txt.gz.annotated.gz.exclusions.gz.alleles.gz
running 8918_64_PTK2B_FAK2.txt.gz.annotated.gz.exclusions.gz.alleles.gz
finished 8918_64_PTK2B_FAK2.txt.gz.annotated.gz.exclusions.gz.alleles.gz
running 8921_139_PABPN1_PABP2.txt.gz.annotated.gz.exclusions.gz.alleles.gz
finished 8921_139_PABPN1_PABP2.txt.gz.annotated.gz.exclusions.gz.alleles.gz
running 8922_4_TMCC3_TMCC3.txt.gz.annotated.gz.exclusions.gz.alleles.gz
finished 8922_4_TMCC3_TMCC3.txt.gz.annotated.gz.exclusions.gz.alleles.gz
running 8923_94_GALNT16_GLTL1.txt.gz.annotated.gz.exclusions.gz.alleles.gz
finished 8923_94_GALNT16_GLTL1.txt.gz.annotated.gz.exclusions.gz.alleles.gz
running 8924_55_CALY_CALY.txt.gz.annotated.gz.exclusions.gz.alleles.gz
finished 8924_55_CALY_CALY.txt.gz.annotated.gz.exclusions.gz.alleles.gz
running 8925_25_RRM2B_RIR2B.txt.gz.annotated.gz.exclusions.gz.alleles.gz
finished 8925_25_RRM2B_RIR2B.txt.gz.annotated.gz.exclusions.gz.alleles.gz
running 8927_6_C7orf73_CG073.txt.gz.annotated.gz.exclusions.gz.alleles.gz
finished 8927_6_C7orf73_CG073.txt.gz.annotated.gz.exclusions.gz.alleles.gz
running 8929_7_BDP1_BDP1.txt.gz.annotated.gz.exclusions.gz.alleles.gz
finished 8929_7_BDP1_BDP1.txt.gz.annotated.gz.exclusions.gz.alleles.gz
running 8931_124_G0S2_G0S2.txt.gz.annotated.gz.exclusions.gz.alleles.gz
finished 8931_124_G0S2_G0S2.txt.gz.annotated.gz.exclusions.gz.alleles.gz
running 8932_1_ENTPD6_ENTP6.txt.gz.annotated.gz.exclusions.gz.alleles.gz
finished 8932_1_ENTPD6_ENTP6.txt.gz.annotated.gz.exclusions.gz.alleles.gz
running 8933_84_MEF2C_MEF2C.txt.gz.annotated.gz.exclusions.gz.alleles.gz
finished 8933_84_MEF2C_MEF2C.txt.gz.annotated.gz.exclusions.gz.alleles.gz
running 8935_22_ABCC6_MRP6.txt.gz.annotated.gz.exclusions.gz.alleles.gz
finished 8935_22_ABCC6_MRP6.txt.gz.annotated.gz.exclusions.gz.alleles.gz
running 8941_4_NLGN3_NLGN3.txt.gz.annotated.gz.exclusions.gz.alleles.gz
finished 8941_4_NLGN3_NLGN3.txt.gz.annotated.gz.exclusions.gz.alleles.gz
running 8942_2_MRPL21_RM21.txt.gz.annotated.gz.exclusions.gz.alleles.gz
finished 8942_2_MRPL21_RM21.txt.gz.annotated.gz.exclusions.gz.alleles.gz
running 8945_7_FAM175B_F175B.txt.gz.annotated.gz.exclusions.gz.alleles.gz
finished 8945_7_FAM175B_F175B.txt.gz.annotated.gz.exclusions.gz.alleles.gz
running 8946_38_NR1H4_NR1H4.txt.gz.annotated.gz.exclusions.gz.alleles.gz
finished 8946_38_NR1H4_NR1H4.txt.gz.annotated.gz.exclusions.gz.alleles.gz
running 8948_13_ADAM19_ADA19.txt.gz.annotated.gz.exclusions.gz.alleles.gz
finished 8948_13_ADAM19_ADA19.txt.gz.annotated.gz.exclusions.gz.alleles.gz
running 8950_4_CLCA2_CLCA2.txt.gz.annotated.gz.exclusions.gz.alleles.gz
finished 8950_4_CLCA2_CLCA2.txt.gz.annotated.gz.exclusions.gz.alleles.gz
running 8951_162_CSPG4_CSPG4.txt.gz.annotated.gz.exclusions.gz.alleles.gz
finished 8951_162_CSPG4_CSPG4.txt.gz.annotated.gz.exclusions.gz.alleles.gz
running 8953_47_HDGF_HDGF.txt.gz.annotated.gz.exclusions.gz.alleles.gz
finished 8953_47_HDGF_HDGF.txt.gz.annotated.gz.exclusions.gz.alleles.gz
running 8954_30_MAP4K1_M4K1.txt.gz.annotated.gz.exclusions.gz.alleles.gz
finished 8954_30_MAP4K1_M4K1.txt.gz.annotated.gz.exclusions.gz.alleles.gz
running 8955_60_GLT8D1_GL8D1.txt.gz.annotated.gz.exclusions.gz.alleles.gz
finished 8955_60_GLT8D1_GL8D1.txt.gz.annotated.gz.exclusions.gz.alleles.gz
running 8956_96_SCARF2_SREC_II.txt.gz.annotated.gz.exclusions.gz.alleles.gz
finished 8956_96_SCARF2_SREC_II.txt.gz.annotated.gz.exclusions.gz.alleles.gz
running 8957_72_ERLEC1_XTP3B.txt.gz.annotated.gz.exclusions.gz.alleles.gz
finished 8957_72_ERLEC1_XTP3B.txt.gz.annotated.gz.exclusions.gz.alleles.gz
running 8958_51_CHL1_CHL1.txt.gz.annotated.gz.exclusions.gz.alleles.gz
finished 8958_51_CHL1_CHL1.txt.gz.annotated.gz.exclusions.gz.alleles.gz
running 8959_61_ADAM17_ADAM_17.txt.gz.annotated.gz.exclusions.gz.alleles.gz
finished 8959_61_ADAM17_ADAM_17.txt.gz.annotated.gz.exclusions.gz.alleles.gz
running 8960_3_ERAP2_LRAP.txt.gz.annotated.gz.exclusions.gz.alleles.gz
finished 8960_3_ERAP2_LRAP.txt.gz.annotated.gz.exclusions.gz.alleles.gz
running 8962_48_RPS6KB1_KS6B1.txt.gz.annotated.gz.exclusions.gz.alleles.gz
finished 8962_48_RPS6KB1_KS6B1.txt.gz.annotated.gz.exclusions.gz.alleles.gz
running 8963_8_VTI1B_Vti1_rp1.txt.gz.annotated.gz.exclusions.gz.alleles.gz
finished 8963_8_VTI1B_Vti1_rp1.txt.gz.annotated.gz.exclusions.gz.alleles.gz
running 8967_6_DUSP26_DUS26.txt.gz.annotated.gz.exclusions.gz.alleles.gz
finished 8967_6_DUSP26_DUS26.txt.gz.annotated.gz.exclusions.gz.alleles.gz
