running 2480_58_TIMP3_TIMP_3.txt.gz.annotated.gz.exclusions.gz.alleles.gz
finished 2480_58_TIMP3_TIMP_3.txt.gz.annotated.gz.exclusions.gz.alleles.gz
running 2500_2_ANGPT4_Angiopoietin_4.txt.gz.annotated.gz.exclusions.gz.alleles.gz
finished 2500_2_ANGPT4_Angiopoietin_4.txt.gz.annotated.gz.exclusions.gz.alleles.gz
running 2505_49_GFRA3_GFRa_3.txt.gz.annotated.gz.exclusions.gz.alleles.gz
finished 2505_49_GFRA3_GFRa_3.txt.gz.annotated.gz.exclusions.gz.alleles.gz
running 2514_65_EFNB3_Ephrin_B3.txt.gz.annotated.gz.exclusions.gz.alleles.gz
finished 2514_65_EFNB3_Ephrin_B3.txt.gz.annotated.gz.exclusions.gz.alleles.gz
running 2515_14_GFRA2_GFRa_2.txt.gz.annotated.gz.exclusions.gz.alleles.gz
finished 2515_14_GFRA2_GFRa_2.txt.gz.annotated.gz.exclusions.gz.alleles.gz
running 2516_57_CCL21_6Ckine.txt.gz.annotated.gz.exclusions.gz.alleles.gz
finished 2516_57_CCL21_6Ckine.txt.gz.annotated.gz.exclusions.gz.alleles.gz
running 2524_56_HMGB1_HMG_1.txt.gz.annotated.gz.exclusions.gz.alleles.gz
finished 2524_56_HMGB1_HMG_1.txt.gz.annotated.gz.exclusions.gz.alleles.gz
running 2558_51_POMC_b_Endorphin.txt.gz.annotated.gz.exclusions.gz.alleles.gz
finished 2558_51_POMC_b_Endorphin.txt.gz.annotated.gz.exclusions.gz.alleles.gz
running 2567_5_CFI_Factor_I.txt.gz.annotated.gz.exclusions.gz.alleles.gz
finished 2567_5_CFI_Factor_I.txt.gz.annotated.gz.exclusions.gz.alleles.gz
running 2571_12_IGFBP3_IGFBP_3.txt.gz.annotated.gz.exclusions.gz.alleles.gz
finished 2571_12_IGFBP3_IGFBP_3.txt.gz.annotated.gz.exclusions.gz.alleles.gz
running 2578_67_CCL2_MCP_1.txt.gz.annotated.gz.exclusions.gz.alleles.gz
finished 2578_67_CCL2_MCP_1.txt.gz.annotated.gz.exclusions.gz.alleles.gz
running 2579_17_MMP9_MMP_9.txt.gz.annotated.gz.exclusions.gz.alleles.gz
finished 2579_17_MMP9_MMP_9.txt.gz.annotated.gz.exclusions.gz.alleles.gz
running 2580_83_MPO_Myeloperoxidase.txt.gz.annotated.gz.exclusions.gz.alleles.gz
finished 2580_83_MPO_Myeloperoxidase.txt.gz.annotated.gz.exclusions.gz.alleles.gz
running 2585_2_PRL_PRL.txt.gz.annotated.gz.exclusions.gz.alleles.gz
finished 2585_2_PRL_PRL.txt.gz.annotated.gz.exclusions.gz.alleles.gz
running 2590_69_ROR1_ROR1.txt.gz.annotated.gz.exclusions.gz.alleles.gz
finished 2590_69_ROR1_ROR1.txt.gz.annotated.gz.exclusions.gz.alleles.gz
running 2597_8_VEGFA_VEGF.txt.gz.annotated.gz.exclusions.gz.alleles.gz
finished 2597_8_VEGFA_VEGF.txt.gz.annotated.gz.exclusions.gz.alleles.gz
running 2599_51_TNFSF9_4_1BB_ligand.txt.gz.annotated.gz.exclusions.gz.alleles.gz
finished 2599_51_TNFSF9_4_1BB_ligand.txt.gz.annotated.gz.exclusions.gz.alleles.gz
running 2602_2_ANGPT2_Angiopoietin_2.txt.gz.annotated.gz.exclusions.gz.alleles.gz
finished 2602_2_ANGPT2_Angiopoietin_2.txt.gz.annotated.gz.exclusions.gz.alleles.gz
running 2605_49_TNFRSF8_CD30.txt.gz.annotated.gz.exclusions.gz.alleles.gz
finished 2605_49_TNFRSF8_CD30.txt.gz.annotated.gz.exclusions.gz.alleles.gz
running 2609_59_CST3_Cystatin_C.txt.gz.annotated.gz.exclusions.gz.alleles.gz
finished 2609_59_CST3_Cystatin_C.txt.gz.annotated.gz.exclusions.gz.alleles.gz
running 2611_72_TYRO3_Dtk.txt.gz.annotated.gz.exclusions.gz.alleles.gz
finished 2611_72_TYRO3_Dtk.txt.gz.annotated.gz.exclusions.gz.alleles.gz
running 2612_5_EIF5_eIF_5.txt.gz.annotated.gz.exclusions.gz.alleles.gz
finished 2612_5_EIF5_eIF_5.txt.gz.annotated.gz.exclusions.gz.alleles.gz
running 2614_28_EFNA4_Ephrin_A4.txt.gz.annotated.gz.exclusions.gz.alleles.gz
finished 2614_28_EFNA4_Ephrin_A4.txt.gz.annotated.gz.exclusions.gz.alleles.gz
running 2615_60_EFNA5_Ephrin_A5.txt.gz.annotated.gz.exclusions.gz.alleles.gz
finished 2615_60_EFNA5_Ephrin_A5.txt.gz.annotated.gz.exclusions.gz.alleles.gz
running 2616_23_ERBB2_ERBB2.txt.gz.annotated.gz.exclusions.gz.alleles.gz
finished 2616_23_ERBB2_ERBB2.txt.gz.annotated.gz.exclusions.gz.alleles.gz
running 2617_56_ERBB3_ERBB3.txt.gz.annotated.gz.exclusions.gz.alleles.gz
finished 2617_56_ERBB3_ERBB3.txt.gz.annotated.gz.exclusions.gz.alleles.gz
running 2618_10_ERBB4_ERBB4.txt.gz.annotated.gz.exclusions.gz.alleles.gz
finished 2618_10_ERBB4_ERBB4.txt.gz.annotated.gz.exclusions.gz.alleles.gz
running 2619_72_TACSTD2_GA733_1_protein.txt.gz.annotated.gz.exclusions.gz.alleles.gz
finished 2619_72_TACSTD2_GA733_1_protein.txt.gz.annotated.gz.exclusions.gz.alleles.gz
running 2620_4_IL6ST_gp130__soluble.txt.gz.annotated.gz.exclusions.gz.alleles.gz
finished 2620_4_IL6ST_gp130__soluble.txt.gz.annotated.gz.exclusions.gz.alleles.gz
running 2622_18_HMOX2_HO_2.txt.gz.annotated.gz.exclusions.gz.alleles.gz
finished 2622_18_HMOX2_HO_2.txt.gz.annotated.gz.exclusions.gz.alleles.gz
running 2631_50_IL10RB_IL_10_Rb.txt.gz.annotated.gz.exclusions.gz.alleles.gz
finished 2631_50_IL10RB_IL_10_Rb.txt.gz.annotated.gz.exclusions.gz.alleles.gz
running 2632_5_IL12RB1_IL_12_Rb1.txt.gz.annotated.gz.exclusions.gz.alleles.gz
finished 2632_5_IL12RB1_IL_12_Rb1.txt.gz.annotated.gz.exclusions.gz.alleles.gz
running 2633_52_IL13RA1_IL_13_Ra1.txt.gz.annotated.gz.exclusions.gz.alleles.gz
finished 2633_52_IL13RA1_IL_13_Ra1.txt.gz.annotated.gz.exclusions.gz.alleles.gz
running 2634_2_IL2RG_IL_2_sRg.txt.gz.annotated.gz.exclusions.gz.alleles.gz
finished 2634_2_IL2RG_IL_2_sRg.txt.gz.annotated.gz.exclusions.gz.alleles.gz
running 2635_61_LAYN_Layilin.txt.gz.annotated.gz.exclusions.gz.alleles.gz
finished 2635_61_LAYN_Layilin.txt.gz.annotated.gz.exclusions.gz.alleles.gz
running 2636_10_LTBR_Lymphotoxin_b_R.txt.gz.annotated.gz.exclusions.gz.alleles.gz
finished 2636_10_LTBR_Lymphotoxin_b_R.txt.gz.annotated.gz.exclusions.gz.alleles.gz
running 2637_77_MRC1_Macrophage_mannose_receptor.txt.gz.annotated.gz.exclusions.gz.alleles.gz
finished 2637_77_MRC1_Macrophage_mannose_receptor.txt.gz.annotated.gz.exclusions.gz.alleles.gz
running 2640_3_MST1R_MSP_R.txt.gz.annotated.gz.exclusions.gz.alleles.gz
finished 2640_3_MST1R_MSP_R.txt.gz.annotated.gz.exclusions.gz.alleles.gz
running 2642_4_PAFAH1B2_PAFAH_beta_subunit.txt.gz.annotated.gz.exclusions.gz.alleles.gz
finished 2642_4_PAFAH1B2_PAFAH_beta_subunit.txt.gz.annotated.gz.exclusions.gz.alleles.gz
running 2643_57_CDH3_P_Cadherin.txt.gz.annotated.gz.exclusions.gz.alleles.gz
finished 2643_57_CDH3_P_Cadherin.txt.gz.annotated.gz.exclusions.gz.alleles.gz
running 2644_11_PRKCA_PKC_A.txt.gz.annotated.gz.exclusions.gz.alleles.gz
finished 2644_11_PRKCA_PKC_A.txt.gz.annotated.gz.exclusions.gz.alleles.gz
running 2645_54_PRKCZ_PKC_Z.txt.gz.annotated.gz.exclusions.gz.alleles.gz
finished 2645_54_PRKCZ_PKC_Z.txt.gz.annotated.gz.exclusions.gz.alleles.gz
running 2647_66_GDI2_Rab_GDP_dissociation_inhibitor_beta.txt.gz.annotated.gz.exclusions.gz.alleles.gz
finished 2647_66_GDI2_Rab_GDP_dissociation_inhibitor_beta.txt.gz.annotated.gz.exclusions.gz.alleles.gz
running 2649_77_ICAM3_sICAM_3.txt.gz.annotated.gz.exclusions.gz.alleles.gz
finished 2649_77_ICAM3_sICAM_3.txt.gz.annotated.gz.exclusions.gz.alleles.gz
running 2652_15_PLAUR_suPAR.txt.gz.annotated.gz.exclusions.gz.alleles.gz
finished 2652_15_PLAUR_suPAR.txt.gz.annotated.gz.exclusions.gz.alleles.gz
running 2654_19_TNFRSF1A_TNF_sR_I.txt.gz.annotated.gz.exclusions.gz.alleles.gz
finished 2654_19_TNFRSF1A_TNF_sR_I.txt.gz.annotated.gz.exclusions.gz.alleles.gz
running 2658_27_NTRK3_TrkC.txt.gz.annotated.gz.exclusions.gz.alleles.gz
finished 2658_27_NTRK3_TrkC.txt.gz.annotated.gz.exclusions.gz.alleles.gz
running 2665_26_TNFRSF17_BCMA.txt.gz.annotated.gz.exclusions.gz.alleles.gz
finished 2665_26_TNFRSF17_BCMA.txt.gz.annotated.gz.exclusions.gz.alleles.gz
running 2666_53_DCN_Bone_proteoglycan_II.txt.gz.annotated.gz.exclusions.gz.alleles.gz
finished 2666_53_DCN_Bone_proteoglycan_II.txt.gz.annotated.gz.exclusions.gz.alleles.gz
running 2677_1_EGFR_ERBB1.txt.gz.annotated.gz.exclusions.gz.alleles.gz
finished 2677_1_EGFR_ERBB1.txt.gz.annotated.gz.exclusions.gz.alleles.gz
running 2681_23_HGF_HGF.txt.gz.annotated.gz.exclusions.gz.alleles.gz
finished 2681_23_HGF_HGF.txt.gz.annotated.gz.exclusions.gz.alleles.gz
running 2682_68_HSPD1_HSP_60.txt.gz.annotated.gz.exclusions.gz.alleles.gz
finished 2682_68_HSPD1_HSP_60.txt.gz.annotated.gz.exclusions.gz.alleles.gz
running 2683_1_C3_iC3b.txt.gz.annotated.gz.exclusions.gz.alleles.gz
finished 2683_1_C3_iC3b.txt.gz.annotated.gz.exclusions.gz.alleles.gz
running 2687_2_MIA_MIA.txt.gz.annotated.gz.exclusions.gz.alleles.gz
finished 2687_2_MIA_MIA.txt.gz.annotated.gz.exclusions.gz.alleles.gz
running 2692_74_PLA2G2A_NPS_PLA2.txt.gz.annotated.gz.exclusions.gz.alleles.gz
finished 2692_74_PLA2G2A_NPS_PLA2.txt.gz.annotated.gz.exclusions.gz.alleles.gz
running 2693_20_OSM_OSM.txt.gz.annotated.gz.exclusions.gz.alleles.gz
finished 2693_20_OSM_OSM.txt.gz.annotated.gz.exclusions.gz.alleles.gz
running 2695_25_PECAM1_PECAM_1.txt.gz.annotated.gz.exclusions.gz.alleles.gz
finished 2695_25_PECAM1_PECAM_1.txt.gz.annotated.gz.exclusions.gz.alleles.gz
running 2696_87_PSPN_Persephin.txt.gz.annotated.gz.exclusions.gz.alleles.gz
finished 2696_87_PSPN_Persephin.txt.gz.annotated.gz.exclusions.gz.alleles.gz
running 2697_7_PF4_PF_4.txt.gz.annotated.gz.exclusions.gz.alleles.gz
finished 2697_7_PF4_PF_4.txt.gz.annotated.gz.exclusions.gz.alleles.gz
running 2700_56_PROS1_Protein_S.txt.gz.annotated.gz.exclusions.gz.alleles.gz
finished 2700_56_PROS1_Protein_S.txt.gz.annotated.gz.exclusions.gz.alleles.gz
running 2704_74_TNFRSF13B_TACI.txt.gz.annotated.gz.exclusions.gz.alleles.gz
finished 2704_74_TNFRSF13B_TACI.txt.gz.annotated.gz.exclusions.gz.alleles.gz
running 2705_5_CCL25_TECK.txt.gz.annotated.gz.exclusions.gz.alleles.gz
finished 2705_5_CCL25_TECK.txt.gz.annotated.gz.exclusions.gz.alleles.gz
running 2706_69_SERPINA7_Thyroxine_Binding_Globulin.txt.gz.annotated.gz.exclusions.gz.alleles.gz
finished 2706_69_SERPINA7_Thyroxine_Binding_Globulin.txt.gz.annotated.gz.exclusions.gz.alleles.gz
running 2708_54_TNFSF18_TNFSF18.txt.gz.annotated.gz.exclusions.gz.alleles.gz
finished 2708_54_TNFSF18_TNFSF18.txt.gz.annotated.gz.exclusions.gz.alleles.gz
running 2714_78_AIMP1_EMAP_2.txt.gz.annotated.gz.exclusions.gz.alleles.gz
finished 2714_78_AIMP1_EMAP_2.txt.gz.annotated.gz.exclusions.gz.alleles.gz
running 2719_3_CSF3R_G_CSF_R.txt.gz.annotated.gz.exclusions.gz.alleles.gz
finished 2719_3_CSF3R_G_CSF_R.txt.gz.annotated.gz.exclusions.gz.alleles.gz
running 2723_9_IL37_IL_1F7.txt.gz.annotated.gz.exclusions.gz.alleles.gz
finished 2723_9_IL37_IL_1F7.txt.gz.annotated.gz.exclusions.gz.alleles.gz
running 2730_58_MICA_MICA.txt.gz.annotated.gz.exclusions.gz.alleles.gz
finished 2730_58_MICA_MICA.txt.gz.annotated.gz.exclusions.gz.alleles.gz
running 2731_29_POR_NADPH_P450_Oxidoreductase.txt.gz.annotated.gz.exclusions.gz.alleles.gz
finished 2731_29_POR_NADPH_P450_Oxidoreductase.txt.gz.annotated.gz.exclusions.gz.alleles.gz
running 2732_58_NANOG_NANOG.txt.gz.annotated.gz.exclusions.gz.alleles.gz
finished 2732_58_NANOG_NANOG.txt.gz.annotated.gz.exclusions.gz.alleles.gz
running 2734_49_NCR2_NKp44.txt.gz.annotated.gz.exclusions.gz.alleles.gz
finished 2734_49_NCR2_NKp44.txt.gz.annotated.gz.exclusions.gz.alleles.gz
running 2737_22_NOV_NovH.txt.gz.annotated.gz.exclusions.gz.alleles.gz
finished 2737_22_NOV_NovH.txt.gz.annotated.gz.exclusions.gz.alleles.gz
running 2741_22_SIGLEC6_Siglec_6.txt.gz.annotated.gz.exclusions.gz.alleles.gz
finished 2741_22_SIGLEC6_Siglec_6.txt.gz.annotated.gz.exclusions.gz.alleles.gz
running 2742_68_SIGLEC7_Siglec_7.txt.gz.annotated.gz.exclusions.gz.alleles.gz
finished 2742_68_SIGLEC7_Siglec_7.txt.gz.annotated.gz.exclusions.gz.alleles.gz
running 2743_5_SHH_Sonic_Hedgehog.txt.gz.annotated.gz.exclusions.gz.alleles.gz
finished 2743_5_SHH_Sonic_Hedgehog.txt.gz.annotated.gz.exclusions.gz.alleles.gz
running 2747_3_ULBP3_ULBP_3.txt.gz.annotated.gz.exclusions.gz.alleles.gz
finished 2747_3_ULBP3_ULBP_3.txt.gz.annotated.gz.exclusions.gz.alleles.gz
running 2750_3_APOA1_Apo_A_I.txt.gz.annotated.gz.exclusions.gz.alleles.gz
finished 2750_3_APOA1_Apo_A_I.txt.gz.annotated.gz.exclusions.gz.alleles.gz
running 2752_62_GDF5_BMP_14.txt.gz.annotated.gz.exclusions.gz.alleles.gz
finished 2752_62_GDF5_BMP_14.txt.gz.annotated.gz.exclusions.gz.alleles.gz
running 2754_50_C3_C3.txt.gz.annotated.gz.exclusions.gz.alleles.gz
finished 2754_50_C3_C3.txt.gz.annotated.gz.exclusions.gz.alleles.gz
running 2760_2_FAM107A_DRR1.txt.gz.annotated.gz.exclusions.gz.alleles.gz
finished 2760_2_FAM107A_DRR1.txt.gz.annotated.gz.exclusions.gz.alleles.gz
running 2761_49_FGF18_FGF_18.txt.gz.annotated.gz.exclusions.gz.alleles.gz
finished 2761_49_FGF18_FGF_18.txt.gz.annotated.gz.exclusions.gz.alleles.gz
running 2763_66_FGF20_FGF_20.txt.gz.annotated.gz.exclusions.gz.alleles.gz
finished 2763_66_FGF20_FGF_20.txt.gz.annotated.gz.exclusions.gz.alleles.gz
running 2770_51_CCL1_I_309.txt.gz.annotated.gz.exclusions.gz.alleles.gz
finished 2770_51_CCL1_I_309.txt.gz.annotated.gz.exclusions.gz.alleles.gz
running 2771_35_IGFBP1_IGFBP_1.txt.gz.annotated.gz.exclusions.gz.alleles.gz
finished 2771_35_IGFBP1_IGFBP_1.txt.gz.annotated.gz.exclusions.gz.alleles.gz
running 2773_50_IL10_IL_10.txt.gz.annotated.gz.exclusions.gz.alleles.gz
finished 2773_50_IL10_IL_10.txt.gz.annotated.gz.exclusions.gz.alleles.gz
running 2774_10_IL16_IL_16.txt.gz.annotated.gz.exclusions.gz.alleles.gz
finished 2774_10_IL16_IL_16.txt.gz.annotated.gz.exclusions.gz.alleles.gz
running 2778_10_IL22_IL_22.txt.gz.annotated.gz.exclusions.gz.alleles.gz
finished 2778_10_IL22_IL_22.txt.gz.annotated.gz.exclusions.gz.alleles.gz
running 2780_35_LTF_Lactoferrin.txt.gz.annotated.gz.exclusions.gz.alleles.gz
finished 2780_35_LTF_Lactoferrin.txt.gz.annotated.gz.exclusions.gz.alleles.gz
running 2781_63_CCL4L1_LAG_1.txt.gz.annotated.gz.exclusions.gz.alleles.gz
finished 2781_63_CCL4L1_LAG_1.txt.gz.annotated.gz.exclusions.gz.alleles.gz
running 2783_18_CCL3L1_LD78_beta.txt.gz.annotated.gz.exclusions.gz.alleles.gz
finished 2783_18_CCL3L1_LD78_beta.txt.gz.annotated.gz.exclusions.gz.alleles.gz
running 2788_55_MMP3_MMP_3.txt.gz.annotated.gz.exclusions.gz.alleles.gz
finished 2788_55_MMP3_MMP_3.txt.gz.annotated.gz.exclusions.gz.alleles.gz
running 2789_26_MMP7_MMP_7.txt.gz.annotated.gz.exclusions.gz.alleles.gz
finished 2789_26_MMP7_MMP_7.txt.gz.annotated.gz.exclusions.gz.alleles.gz
running 2790_54_PPBP_NAP_2.txt.gz.annotated.gz.exclusions.gz.alleles.gz
finished 2790_54_PPBP_NAP_2.txt.gz.annotated.gz.exclusions.gz.alleles.gz
running 2794_60_SOD1_SOD.txt.gz.annotated.gz.exclusions.gz.alleles.gz
finished 2794_60_SOD1_SOD.txt.gz.annotated.gz.exclusions.gz.alleles.gz
running 2797_56_APOB_Apo_B.txt.gz.annotated.gz.exclusions.gz.alleles.gz
finished 2797_56_APOB_Apo_B.txt.gz.annotated.gz.exclusions.gz.alleles.gz
running 2805_6_ACE2_ACE2.txt.gz.annotated.gz.exclusions.gz.alleles.gz
finished 2805_6_ACE2_ACE2.txt.gz.annotated.gz.exclusions.gz.alleles.gz
running 2806_49_ACVR1B_Activin_RIB.txt.gz.annotated.gz.exclusions.gz.alleles.gz
finished 2806_49_ACVR1B_Activin_RIB.txt.gz.annotated.gz.exclusions.gz.alleles.gz
running 2809_25_ADAMTS4_ADAMTS_4.txt.gz.annotated.gz.exclusions.gz.alleles.gz
finished 2809_25_ADAMTS4_ADAMTS_4.txt.gz.annotated.gz.exclusions.gz.alleles.gz
running 2811_27_ANGPT1_Angiopoietin_1.txt.gz.annotated.gz.exclusions.gz.alleles.gz
finished 2811_27_ANGPT1_Angiopoietin_1.txt.gz.annotated.gz.exclusions.gz.alleles.gz
running 2813_11_AGRP_ART.txt.gz.annotated.gz.exclusions.gz.alleles.gz
finished 2813_11_AGRP_ART.txt.gz.annotated.gz.exclusions.gz.alleles.gz
running 2816_50_BCAM_BCAM.txt.gz.annotated.gz.exclusions.gz.alleles.gz
finished 2816_50_BCAM_BCAM.txt.gz.annotated.gz.exclusions.gz.alleles.gz
running 2819_23_CDH5_Cadherin_5.txt.gz.annotated.gz.exclusions.gz.alleles.gz
finished 2819_23_CDH5_Cadherin_5.txt.gz.annotated.gz.exclusions.gz.alleles.gz
running 2823_7_COMMD7_COMMD7.txt.gz.annotated.gz.exclusions.gz.alleles.gz
finished 2823_7_COMMD7_COMMD7.txt.gz.annotated.gz.exclusions.gz.alleles.gz
running 2826_53_EDA_EDA.txt.gz.annotated.gz.exclusions.gz.alleles.gz
finished 2826_53_EDA_EDA.txt.gz.annotated.gz.exclusions.gz.alleles.gz
running 2827_23_CX3CL1_Fractalkine_CX3CL_1.txt.gz.annotated.gz.exclusions.gz.alleles.gz
finished 2827_23_CX3CL1_Fractalkine_CX3CL_1.txt.gz.annotated.gz.exclusions.gz.alleles.gz
running 2828_82_SPINT1_HAI_1.txt.gz.annotated.gz.exclusions.gz.alleles.gz
finished 2828_82_SPINT1_HAI_1.txt.gz.annotated.gz.exclusions.gz.alleles.gz
running 2831_29_KLK11_Kallikrein_11.txt.gz.annotated.gz.exclusions.gz.alleles.gz
finished 2831_29_KLK11_Kallikrein_11.txt.gz.annotated.gz.exclusions.gz.alleles.gz
running 2833_20_KLK4_Kallikrein_4.txt.gz.annotated.gz.exclusions.gz.alleles.gz
finished 2833_20_KLK4_Kallikrein_4.txt.gz.annotated.gz.exclusions.gz.alleles.gz
running 2834_54_KLK8_kallikrein_8.txt.gz.annotated.gz.exclusions.gz.alleles.gz
finished 2834_54_KLK8_kallikrein_8.txt.gz.annotated.gz.exclusions.gz.alleles.gz
