running 6442_6_BAGE3_BAGE3.txt.gz.annotated.gz.exclusions.gz.alleles.gz
finished 6442_6_BAGE3_BAGE3.txt.gz.annotated.gz.exclusions.gz.alleles.gz
running 6444_15_PSG3_PSG3.txt.gz.annotated.gz.exclusions.gz.alleles.gz
finished 6444_15_PSG3_PSG3.txt.gz.annotated.gz.exclusions.gz.alleles.gz
running 6447_73_PTX3_PTX3.txt.gz.annotated.gz.exclusions.gz.alleles.gz
finished 6447_73_PTX3_PTX3.txt.gz.annotated.gz.exclusions.gz.alleles.gz
running 6448_36_SEMA3C_Sema_E.txt.gz.annotated.gz.exclusions.gz.alleles.gz
finished 6448_36_SEMA3C_Sema_E.txt.gz.annotated.gz.exclusions.gz.alleles.gz
running 6450_8_FABP6_FABP6.txt.gz.annotated.gz.exclusions.gz.alleles.gz
finished 6450_8_FABP6_FABP6.txt.gz.annotated.gz.exclusions.gz.alleles.gz
running 6451_64_ASPN_ASPN.txt.gz.annotated.gz.exclusions.gz.alleles.gz
finished 6451_64_ASPN_ASPN.txt.gz.annotated.gz.exclusions.gz.alleles.gz
running 6453_70_LILRB4_LIRB4.txt.gz.annotated.gz.exclusions.gz.alleles.gz
finished 6453_70_LILRB4_LIRB4.txt.gz.annotated.gz.exclusions.gz.alleles.gz
running 6454_38_ARHGDIA_Rho_GDIa.txt.gz.annotated.gz.exclusions.gz.alleles.gz
finished 6454_38_ARHGDIA_Rho_GDIa.txt.gz.annotated.gz.exclusions.gz.alleles.gz
running 6455_52_HAPLN4_HPLN4.txt.gz.annotated.gz.exclusions.gz.alleles.gz
finished 6455_52_HAPLN4_HPLN4.txt.gz.annotated.gz.exclusions.gz.alleles.gz
running 6456_17_PSG6_PSG6.txt.gz.annotated.gz.exclusions.gz.alleles.gz
finished 6456_17_PSG6_PSG6.txt.gz.annotated.gz.exclusions.gz.alleles.gz
running 6457_50_PCDHGA1_PCDG1.txt.gz.annotated.gz.exclusions.gz.alleles.gz
finished 6457_50_PCDHGA1_PCDG1.txt.gz.annotated.gz.exclusions.gz.alleles.gz
running 6458_6_RPN1_RPN1.txt.gz.annotated.gz.exclusions.gz.alleles.gz
finished 6458_6_RPN1_RPN1.txt.gz.annotated.gz.exclusions.gz.alleles.gz
running 6461_54_APOC3_Apo_C_III.txt.gz.annotated.gz.exclusions.gz.alleles.gz
finished 6461_54_APOC3_Apo_C_III.txt.gz.annotated.gz.exclusions.gz.alleles.gz
running 6462_12_TIMP4_TIMP_4.txt.gz.annotated.gz.exclusions.gz.alleles.gz
finished 6462_12_TIMP4_TIMP_4.txt.gz.annotated.gz.exclusions.gz.alleles.gz
running 6463_59_QRFP_OX26.txt.gz.annotated.gz.exclusions.gz.alleles.gz
finished 6463_59_QRFP_OX26.txt.gz.annotated.gz.exclusions.gz.alleles.gz
running 6464_40_PVRIG_PVRIG.txt.gz.annotated.gz.exclusions.gz.alleles.gz
finished 6464_40_PVRIG_PVRIG.txt.gz.annotated.gz.exclusions.gz.alleles.gz
running 6467_65_POGLUT1_KTEL1.txt.gz.annotated.gz.exclusions.gz.alleles.gz
finished 6467_65_POGLUT1_KTEL1.txt.gz.annotated.gz.exclusions.gz.alleles.gz
running 6468_37_TAC4_TKN4.txt.gz.annotated.gz.exclusions.gz.alleles.gz
finished 6468_37_TAC4_TKN4.txt.gz.annotated.gz.exclusions.gz.alleles.gz
running 6469_62_LY6G6D_LY66D.txt.gz.annotated.gz.exclusions.gz.alleles.gz
finished 6469_62_LY6G6D_LY66D.txt.gz.annotated.gz.exclusions.gz.alleles.gz
running 6470_19_FBLN1_fibulin_1.txt.gz.annotated.gz.exclusions.gz.alleles.gz
finished 6470_19_FBLN1_fibulin_1.txt.gz.annotated.gz.exclusions.gz.alleles.gz
running 6471_53_CFHR4_FHR4.txt.gz.annotated.gz.exclusions.gz.alleles.gz
finished 6471_53_CFHR4_FHR4.txt.gz.annotated.gz.exclusions.gz.alleles.gz
running 6472_40_PMEL_GP100.txt.gz.annotated.gz.exclusions.gz.alleles.gz
finished 6472_40_PMEL_GP100.txt.gz.annotated.gz.exclusions.gz.alleles.gz
running 6473_55_BPIFA1_PLUNC.txt.gz.annotated.gz.exclusions.gz.alleles.gz
finished 6473_55_BPIFA1_PLUNC.txt.gz.annotated.gz.exclusions.gz.alleles.gz
running 6478_2_IGLON5_IGLO5.txt.gz.annotated.gz.exclusions.gz.alleles.gz
finished 6478_2_IGLON5_IGLO5.txt.gz.annotated.gz.exclusions.gz.alleles.gz
running 6480_1_CANT1_CANT1.txt.gz.annotated.gz.exclusions.gz.alleles.gz
finished 6480_1_CANT1_CANT1.txt.gz.annotated.gz.exclusions.gz.alleles.gz
running 6485_59_IGLL1_IGLL1.txt.gz.annotated.gz.exclusions.gz.alleles.gz
finished 6485_59_IGLL1_IGLL1.txt.gz.annotated.gz.exclusions.gz.alleles.gz
running 6491_59_KLK15_kallikrein_15.txt.gz.annotated.gz.exclusions.gz.alleles.gz
finished 6491_59_KLK15_kallikrein_15.txt.gz.annotated.gz.exclusions.gz.alleles.gz
running 6493_9_CPZ_CBPZ.txt.gz.annotated.gz.exclusions.gz.alleles.gz
finished 6493_9_CPZ_CBPZ.txt.gz.annotated.gz.exclusions.gz.alleles.gz
running 6494_60_SPACA5_sperm_acrosome_associated_5.txt.gz.annotated.gz.exclusions.gz.alleles.gz
finished 6494_60_SPACA5_sperm_acrosome_associated_5.txt.gz.annotated.gz.exclusions.gz.alleles.gz
running 6495_14_EDN1_Endothelin_1.txt.gz.annotated.gz.exclusions.gz.alleles.gz
finished 6495_14_EDN1_Endothelin_1.txt.gz.annotated.gz.exclusions.gz.alleles.gz
running 6496_60_DLK1_DLK1.txt.gz.annotated.gz.exclusions.gz.alleles.gz
finished 6496_60_DLK1_DLK1.txt.gz.annotated.gz.exclusions.gz.alleles.gz
running 6497_10_RS1_XLRS1.txt.gz.annotated.gz.exclusions.gz.alleles.gz
finished 6497_10_RS1_XLRS1.txt.gz.annotated.gz.exclusions.gz.alleles.gz
running 6504_65_LOXL2_Lysyl_oxidase_like_protein_2.txt.gz.annotated.gz.exclusions.gz.alleles.gz
finished 6504_65_LOXL2_Lysyl_oxidase_like_protein_2.txt.gz.annotated.gz.exclusions.gz.alleles.gz
running 6506_54_TMED10_TMEDA.txt.gz.annotated.gz.exclusions.gz.alleles.gz
finished 6506_54_TMED10_TMEDA.txt.gz.annotated.gz.exclusions.gz.alleles.gz
running 6507_16_NCAM2_NCAM2.txt.gz.annotated.gz.exclusions.gz.alleles.gz
finished 6507_16_NCAM2_NCAM2.txt.gz.annotated.gz.exclusions.gz.alleles.gz
running 6508_68_SCGB1D2_SG1D2.txt.gz.annotated.gz.exclusions.gz.alleles.gz
finished 6508_68_SCGB1D2_SG1D2.txt.gz.annotated.gz.exclusions.gz.alleles.gz
running 6510_56_RNF128_RN128.txt.gz.annotated.gz.exclusions.gz.alleles.gz
finished 6510_56_RNF128_RN128.txt.gz.annotated.gz.exclusions.gz.alleles.gz
running 6511_17_FAM19A4_F19A4.txt.gz.annotated.gz.exclusions.gz.alleles.gz
finished 6511_17_FAM19A4_F19A4.txt.gz.annotated.gz.exclusions.gz.alleles.gz
running 6517_14_GDF10_BMP_3b.txt.gz.annotated.gz.exclusions.gz.alleles.gz
finished 6517_14_GDF10_BMP_3b.txt.gz.annotated.gz.exclusions.gz.alleles.gz
running 6518_85_GHRL_ghrelin.txt.gz.annotated.gz.exclusions.gz.alleles.gz
finished 6518_85_GHRL_ghrelin.txt.gz.annotated.gz.exclusions.gz.alleles.gz
running 6520_87_MGP_MGP.txt.gz.annotated.gz.exclusions.gz.alleles.gz
finished 6520_87_MGP_MGP.txt.gz.annotated.gz.exclusions.gz.alleles.gz
running 6521_35_NPTX2_NPTX2.txt.gz.annotated.gz.exclusions.gz.alleles.gz
finished 6521_35_NPTX2_NPTX2.txt.gz.annotated.gz.exclusions.gz.alleles.gz
running 6525_17_DUSP13_DUSP13.txt.gz.annotated.gz.exclusions.gz.alleles.gz
finished 6525_17_DUSP13_DUSP13.txt.gz.annotated.gz.exclusions.gz.alleles.gz
running 6526_77_OBP2A_OBP2A.txt.gz.annotated.gz.exclusions.gz.alleles.gz
finished 6526_77_OBP2A_OBP2A.txt.gz.annotated.gz.exclusions.gz.alleles.gz
running 6527_1_TRIL_TRIL.txt.gz.annotated.gz.exclusions.gz.alleles.gz
finished 6527_1_TRIL_TRIL.txt.gz.annotated.gz.exclusions.gz.alleles.gz
running 6528_95_EXTL2_EXTL2.txt.gz.annotated.gz.exclusions.gz.alleles.gz
finished 6528_95_EXTL2_EXTL2.txt.gz.annotated.gz.exclusions.gz.alleles.gz
running 6530_63_PROL1_PROL1.txt.gz.annotated.gz.exclusions.gz.alleles.gz
finished 6530_63_PROL1_PROL1.txt.gz.annotated.gz.exclusions.gz.alleles.gz
running 6531_29_FAM162A_F162A.txt.gz.annotated.gz.exclusions.gz.alleles.gz
finished 6531_29_FAM162A_F162A.txt.gz.annotated.gz.exclusions.gz.alleles.gz
running 6533_20_DNASE2B_DNS2B.txt.gz.annotated.gz.exclusions.gz.alleles.gz
finished 6533_20_DNASE2B_DNS2B.txt.gz.annotated.gz.exclusions.gz.alleles.gz
running 6536_54_PLBD2_LAML2.txt.gz.annotated.gz.exclusions.gz.alleles.gz
finished 6536_54_PLBD2_LAML2.txt.gz.annotated.gz.exclusions.gz.alleles.gz
running 6538_90_KIAA2013_K2013.txt.gz.annotated.gz.exclusions.gz.alleles.gz
finished 6538_90_KIAA2013_K2013.txt.gz.annotated.gz.exclusions.gz.alleles.gz
running 6543_182_PRLH_PRRP.txt.gz.annotated.gz.exclusions.gz.alleles.gz
finished 6543_182_PRLH_PRRP.txt.gz.annotated.gz.exclusions.gz.alleles.gz
running 6544_33_NELL1_NELL1.txt.gz.annotated.gz.exclusions.gz.alleles.gz
finished 6544_33_NELL1_NELL1.txt.gz.annotated.gz.exclusions.gz.alleles.gz
running 6545_58_PRNP_PRIO.txt.gz.annotated.gz.exclusions.gz.alleles.gz
finished 6545_58_PRNP_PRIO.txt.gz.annotated.gz.exclusions.gz.alleles.gz
running 6547_83_TMPRSS11D_TM11D.txt.gz.annotated.gz.exclusions.gz.alleles.gz
finished 6547_83_TMPRSS11D_TM11D.txt.gz.annotated.gz.exclusions.gz.alleles.gz
running 6549_60_VSTM2L_VTM2L.txt.gz.annotated.gz.exclusions.gz.alleles.gz
finished 6549_60_VSTM2L_VTM2L.txt.gz.annotated.gz.exclusions.gz.alleles.gz
running 6550_4_ICAM4_ICAM4.txt.gz.annotated.gz.exclusions.gz.alleles.gz
finished 6550_4_ICAM4_ICAM4.txt.gz.annotated.gz.exclusions.gz.alleles.gz
running 6551_94_SERPINA12_Vaspin.txt.gz.annotated.gz.exclusions.gz.alleles.gz
finished 6551_94_SERPINA12_Vaspin.txt.gz.annotated.gz.exclusions.gz.alleles.gz
running 6553_68_CFAP45_CCD19.txt.gz.annotated.gz.exclusions.gz.alleles.gz
finished 6553_68_CFAP45_CCD19.txt.gz.annotated.gz.exclusions.gz.alleles.gz
running 6555_58_STOML2_Stomatin_like_protein_2.txt.gz.annotated.gz.exclusions.gz.alleles.gz
finished 6555_58_STOML2_Stomatin_like_protein_2.txt.gz.annotated.gz.exclusions.gz.alleles.gz
running 6556_5_ENPP5_ENPP5.txt.gz.annotated.gz.exclusions.gz.alleles.gz
finished 6556_5_ENPP5_ENPP5.txt.gz.annotated.gz.exclusions.gz.alleles.gz
running 6557_50_LRRC15_LRC15.txt.gz.annotated.gz.exclusions.gz.alleles.gz
finished 6557_50_LRRC15_LRC15.txt.gz.annotated.gz.exclusions.gz.alleles.gz
running 6558_5_COLEC10_COL10.txt.gz.annotated.gz.exclusions.gz.alleles.gz
finished 6558_5_COLEC10_COL10.txt.gz.annotated.gz.exclusions.gz.alleles.gz
running 6570_1_COL13A1_CODA1.txt.gz.annotated.gz.exclusions.gz.alleles.gz
finished 6570_1_COL13A1_CODA1.txt.gz.annotated.gz.exclusions.gz.alleles.gz
running 6571_75_C17orf78_CQ078.txt.gz.annotated.gz.exclusions.gz.alleles.gz
finished 6571_75_C17orf78_CQ078.txt.gz.annotated.gz.exclusions.gz.alleles.gz
running 6572_10_LRRTM4_LRRT4.txt.gz.annotated.gz.exclusions.gz.alleles.gz
finished 6572_10_LRRTM4_LRRT4.txt.gz.annotated.gz.exclusions.gz.alleles.gz
running 6574_11_FAIM3_FAIM3.txt.gz.annotated.gz.exclusions.gz.alleles.gz
finished 6574_11_FAIM3_FAIM3.txt.gz.annotated.gz.exclusions.gz.alleles.gz
running 6576_1_ART4_ART4.txt.gz.annotated.gz.exclusions.gz.alleles.gz
finished 6576_1_ART4_ART4.txt.gz.annotated.gz.exclusions.gz.alleles.gz
running 6577_64_LAMA4_LAMA4.txt.gz.annotated.gz.exclusions.gz.alleles.gz
finished 6577_64_LAMA4_LAMA4.txt.gz.annotated.gz.exclusions.gz.alleles.gz
running 6578_29_TNMD_TNMD.txt.gz.annotated.gz.exclusions.gz.alleles.gz
finished 6578_29_TNMD_TNMD.txt.gz.annotated.gz.exclusions.gz.alleles.gz
running 6580_29_PZP_Pregnancy_zone_protein.txt.gz.annotated.gz.exclusions.gz.alleles.gz
finished 6580_29_PZP_Pregnancy_zone_protein.txt.gz.annotated.gz.exclusions.gz.alleles.gz
running 6584_1_HRC_SRCH.txt.gz.annotated.gz.exclusions.gz.alleles.gz
finished 6584_1_HRC_SRCH.txt.gz.annotated.gz.exclusions.gz.alleles.gz
running 6586_19_ADAM11_ADA11.txt.gz.annotated.gz.exclusions.gz.alleles.gz
finished 6586_19_ADAM11_ADA11.txt.gz.annotated.gz.exclusions.gz.alleles.gz
running 6587_6_LRFN5_LRFN5.txt.gz.annotated.gz.exclusions.gz.alleles.gz
finished 6587_6_LRFN5_LRFN5.txt.gz.annotated.gz.exclusions.gz.alleles.gz
running 6593_5_GALNT3_GALT3.txt.gz.annotated.gz.exclusions.gz.alleles.gz
finished 6593_5_GALNT3_GALT3.txt.gz.annotated.gz.exclusions.gz.alleles.gz
running 6594_64_SAYSD1_SMDC1.txt.gz.annotated.gz.exclusions.gz.alleles.gz
finished 6594_64_SAYSD1_SMDC1.txt.gz.annotated.gz.exclusions.gz.alleles.gz
running 6597_24_FAM174A_TM157.txt.gz.annotated.gz.exclusions.gz.alleles.gz
finished 6597_24_FAM174A_TM157.txt.gz.annotated.gz.exclusions.gz.alleles.gz
running 6599_5_APCDD1_APCD1.txt.gz.annotated.gz.exclusions.gz.alleles.gz
finished 6599_5_APCDD1_APCD1.txt.gz.annotated.gz.exclusions.gz.alleles.gz
running 6600_70_RELL2_RELL2.txt.gz.annotated.gz.exclusions.gz.alleles.gz
finished 6600_70_RELL2_RELL2.txt.gz.annotated.gz.exclusions.gz.alleles.gz
running 6603_18_KAL1_KALM.txt.gz.annotated.gz.exclusions.gz.alleles.gz
finished 6603_18_KAL1_KALM.txt.gz.annotated.gz.exclusions.gz.alleles.gz
