running 13451_2_FNDC4_FNDC4.txt.gz.annotated.gz.exclusions.gz.alleles.gz
finished 13451_2_FNDC4_FNDC4.txt.gz.annotated.gz.exclusions.gz.alleles.gz
running 13452_113_SMIM13_SIM13.txt.gz.annotated.gz.exclusions.gz.alleles.gz
finished 13452_113_SMIM13_SIM13.txt.gz.annotated.gz.exclusions.gz.alleles.gz
running 13453_2_MRPL33_RM33.txt.gz.annotated.gz.exclusions.gz.alleles.gz
finished 13453_2_MRPL33_RM33.txt.gz.annotated.gz.exclusions.gz.alleles.gz
running 13457_33_ELF5_ELF5.txt.gz.annotated.gz.exclusions.gz.alleles.gz
finished 13457_33_ELF5_ELF5.txt.gz.annotated.gz.exclusions.gz.alleles.gz
running 13459_30_TOR4A_CI167.txt.gz.annotated.gz.exclusions.gz.alleles.gz
finished 13459_30_TOR4A_CI167.txt.gz.annotated.gz.exclusions.gz.alleles.gz
running 13460_4_CHAD_CHAD.txt.gz.annotated.gz.exclusions.gz.alleles.gz
finished 13460_4_CHAD_CHAD.txt.gz.annotated.gz.exclusions.gz.alleles.gz
running 13463_1_PXDN_PXDN.txt.gz.annotated.gz.exclusions.gz.alleles.gz
finished 13463_1_PXDN_PXDN.txt.gz.annotated.gz.exclusions.gz.alleles.gz
running 13464_8_NRAC_NRAC.txt.gz.annotated.gz.exclusions.gz.alleles.gz
finished 13464_8_NRAC_NRAC.txt.gz.annotated.gz.exclusions.gz.alleles.gz
running 13465_5_RCAN1_CCP1.txt.gz.annotated.gz.exclusions.gz.alleles.gz
finished 13465_5_RCAN1_CCP1.txt.gz.annotated.gz.exclusions.gz.alleles.gz
running 13468_5_NEURL4_NEUL4.txt.gz.annotated.gz.exclusions.gz.alleles.gz
finished 13468_5_NEURL4_NEUL4.txt.gz.annotated.gz.exclusions.gz.alleles.gz
running 13470_43_PTH1R_PTH1R.txt.gz.annotated.gz.exclusions.gz.alleles.gz
finished 13470_43_PTH1R_PTH1R.txt.gz.annotated.gz.exclusions.gz.alleles.gz
running 13472_35_HDHD2_HDHD2.txt.gz.annotated.gz.exclusions.gz.alleles.gz
finished 13472_35_HDHD2_HDHD2.txt.gz.annotated.gz.exclusions.gz.alleles.gz
running 13473_55_ITPKA_IP3KA.txt.gz.annotated.gz.exclusions.gz.alleles.gz
finished 13473_55_ITPKA_IP3KA.txt.gz.annotated.gz.exclusions.gz.alleles.gz
running 13474_40_GSTK1_GSTK1.txt.gz.annotated.gz.exclusions.gz.alleles.gz
finished 13474_40_GSTK1_GSTK1.txt.gz.annotated.gz.exclusions.gz.alleles.gz
running 13475_10_UBE2D4_UB2D4.txt.gz.annotated.gz.exclusions.gz.alleles.gz
finished 13475_10_UBE2D4_UB2D4.txt.gz.annotated.gz.exclusions.gz.alleles.gz
running 13476_16_KIN_KIN17.txt.gz.annotated.gz.exclusions.gz.alleles.gz
finished 13476_16_KIN_KIN17.txt.gz.annotated.gz.exclusions.gz.alleles.gz
running 13477_65_LTB4R_LT4R1.txt.gz.annotated.gz.exclusions.gz.alleles.gz
finished 13477_65_LTB4R_LT4R1.txt.gz.annotated.gz.exclusions.gz.alleles.gz
running 13479_8_FAM171A2_F1712.txt.gz.annotated.gz.exclusions.gz.alleles.gz
finished 13479_8_FAM171A2_F1712.txt.gz.annotated.gz.exclusions.gz.alleles.gz
running 13481_24_TCEA2_TCEA2.txt.gz.annotated.gz.exclusions.gz.alleles.gz
finished 13481_24_TCEA2_TCEA2.txt.gz.annotated.gz.exclusions.gz.alleles.gz
running 13482_14_CNOT1_CNOT1.txt.gz.annotated.gz.exclusions.gz.alleles.gz
finished 13482_14_CNOT1_CNOT1.txt.gz.annotated.gz.exclusions.gz.alleles.gz
running 13484_69_COL1A1_CO1A1.txt.gz.annotated.gz.exclusions.gz.alleles.gz
finished 13484_69_COL1A1_CO1A1.txt.gz.annotated.gz.exclusions.gz.alleles.gz
running 13485_20_TMEM87B_TM87B.txt.gz.annotated.gz.exclusions.gz.alleles.gz
finished 13485_20_TMEM87B_TM87B.txt.gz.annotated.gz.exclusions.gz.alleles.gz
running 13486_9_PKD2_PKD2.txt.gz.annotated.gz.exclusions.gz.alleles.gz
finished 13486_9_PKD2_PKD2.txt.gz.annotated.gz.exclusions.gz.alleles.gz
running 13487_24_UNC93B1_UN93B.txt.gz.annotated.gz.exclusions.gz.alleles.gz
finished 13487_24_UNC93B1_UN93B.txt.gz.annotated.gz.exclusions.gz.alleles.gz
running 13488_3_ARFIP1_ARFP1.txt.gz.annotated.gz.exclusions.gz.alleles.gz
finished 13488_3_ARFIP1_ARFP1.txt.gz.annotated.gz.exclusions.gz.alleles.gz
running 13490_1_MPP6_MPP6.txt.gz.annotated.gz.exclusions.gz.alleles.gz
finished 13490_1_MPP6_MPP6.txt.gz.annotated.gz.exclusions.gz.alleles.gz
running 13491_40_PDE6D_PDE6D.txt.gz.annotated.gz.exclusions.gz.alleles.gz
finished 13491_40_PDE6D_PDE6D.txt.gz.annotated.gz.exclusions.gz.alleles.gz
running 13492_44_HSPA9_HSPA9B.txt.gz.annotated.gz.exclusions.gz.alleles.gz
finished 13492_44_HSPA9_HSPA9B.txt.gz.annotated.gz.exclusions.gz.alleles.gz
running 13493_5_GRID1_GRID1.txt.gz.annotated.gz.exclusions.gz.alleles.gz
finished 13493_5_GRID1_GRID1.txt.gz.annotated.gz.exclusions.gz.alleles.gz
running 13494_6_CERS5_CERS5.txt.gz.annotated.gz.exclusions.gz.alleles.gz
finished 13494_6_CERS5_CERS5.txt.gz.annotated.gz.exclusions.gz.alleles.gz
running 13495_48_HCAR2_HCAR2.txt.gz.annotated.gz.exclusions.gz.alleles.gz
finished 13495_48_HCAR2_HCAR2.txt.gz.annotated.gz.exclusions.gz.alleles.gz
running 13496_19_HMGCS1_HMCS1.txt.gz.annotated.gz.exclusions.gz.alleles.gz
finished 13496_19_HMGCS1_HMCS1.txt.gz.annotated.gz.exclusions.gz.alleles.gz
running 13497_34_EIF3J_EIF3J.txt.gz.annotated.gz.exclusions.gz.alleles.gz
finished 13497_34_EIF3J_EIF3J.txt.gz.annotated.gz.exclusions.gz.alleles.gz
running 13498_1_MIOX_MIOX.txt.gz.annotated.gz.exclusions.gz.alleles.gz
finished 13498_1_MIOX_MIOX.txt.gz.annotated.gz.exclusions.gz.alleles.gz
running 13499_30_F8_Coagulation_Factor_VIII.txt.gz.annotated.gz.exclusions.gz.alleles.gz
finished 13499_30_F8_Coagulation_Factor_VIII.txt.gz.annotated.gz.exclusions.gz.alleles.gz
running 13501_10_SLC35G2_S35G2.txt.gz.annotated.gz.exclusions.gz.alleles.gz
finished 13501_10_SLC35G2_S35G2.txt.gz.annotated.gz.exclusions.gz.alleles.gz
running 13502_2_SLC26A11_S2611.txt.gz.annotated.gz.exclusions.gz.alleles.gz
finished 13502_2_SLC26A11_S2611.txt.gz.annotated.gz.exclusions.gz.alleles.gz
running 13503_19_ARL6IP5_PRAF3.txt.gz.annotated.gz.exclusions.gz.alleles.gz
finished 13503_19_ARL6IP5_PRAF3.txt.gz.annotated.gz.exclusions.gz.alleles.gz
running 13506_10_DUS2_DUS2L.txt.gz.annotated.gz.exclusions.gz.alleles.gz
finished 13506_10_DUS2_DUS2L.txt.gz.annotated.gz.exclusions.gz.alleles.gz
running 13507_51_TRADD_TRADD.txt.gz.annotated.gz.exclusions.gz.alleles.gz
finished 13507_51_TRADD_TRADD.txt.gz.annotated.gz.exclusions.gz.alleles.gz
running 13509_5_SCAMP5_SCAM5.txt.gz.annotated.gz.exclusions.gz.alleles.gz
finished 13509_5_SCAMP5_SCAM5.txt.gz.annotated.gz.exclusions.gz.alleles.gz
running 13510_7_ATP2A3_AT2A3.txt.gz.annotated.gz.exclusions.gz.alleles.gz
finished 13510_7_ATP2A3_AT2A3.txt.gz.annotated.gz.exclusions.gz.alleles.gz
running 13511_29_SATB1_SATB1.txt.gz.annotated.gz.exclusions.gz.alleles.gz
finished 13511_29_SATB1_SATB1.txt.gz.annotated.gz.exclusions.gz.alleles.gz
running 13512_28_HNRNPR_HNRPR.txt.gz.annotated.gz.exclusions.gz.alleles.gz
finished 13512_28_HNRNPR_HNRPR.txt.gz.annotated.gz.exclusions.gz.alleles.gz
running 13513_174_PIAS3_PIAS3.txt.gz.annotated.gz.exclusions.gz.alleles.gz
finished 13513_174_PIAS3_PIAS3.txt.gz.annotated.gz.exclusions.gz.alleles.gz
running 13514_121_RAB35_Rab_1C.txt.gz.annotated.gz.exclusions.gz.alleles.gz
finished 13514_121_RAB35_Rab_1C.txt.gz.annotated.gz.exclusions.gz.alleles.gz
running 13515_8_RPRD1A_RPR1A.txt.gz.annotated.gz.exclusions.gz.alleles.gz
finished 13515_8_RPRD1A_RPR1A.txt.gz.annotated.gz.exclusions.gz.alleles.gz
running 13516_46_EMC4_TMM85.txt.gz.annotated.gz.exclusions.gz.alleles.gz
finished 13516_46_EMC4_TMM85.txt.gz.annotated.gz.exclusions.gz.alleles.gz
running 13517_3_PTCHD3_PTHD3.txt.gz.annotated.gz.exclusions.gz.alleles.gz
finished 13517_3_PTCHD3_PTHD3.txt.gz.annotated.gz.exclusions.gz.alleles.gz
running 13518_5_ASAP2_ASAP2.txt.gz.annotated.gz.exclusions.gz.alleles.gz
finished 13518_5_ASAP2_ASAP2.txt.gz.annotated.gz.exclusions.gz.alleles.gz
running 13519_112_ARHGEF25_ARHGP.txt.gz.annotated.gz.exclusions.gz.alleles.gz
finished 13519_112_ARHGEF25_ARHGP.txt.gz.annotated.gz.exclusions.gz.alleles.gz
running 13522_20_VSNL1_VISL1.txt.gz.annotated.gz.exclusions.gz.alleles.gz
finished 13522_20_VSNL1_VISL1.txt.gz.annotated.gz.exclusions.gz.alleles.gz
running 13524_25_HS6ST2_H6ST2.txt.gz.annotated.gz.exclusions.gz.alleles.gz
finished 13524_25_HS6ST2_H6ST2.txt.gz.annotated.gz.exclusions.gz.alleles.gz
running 13525_17_KCNG4_KCNG4.txt.gz.annotated.gz.exclusions.gz.alleles.gz
finished 13525_17_KCNG4_KCNG4.txt.gz.annotated.gz.exclusions.gz.alleles.gz
running 13526_5_SSB_LA.txt.gz.annotated.gz.exclusions.gz.alleles.gz
finished 13526_5_SSB_LA.txt.gz.annotated.gz.exclusions.gz.alleles.gz
running 13529_39_NAP1L2_NP1L2.txt.gz.annotated.gz.exclusions.gz.alleles.gz
finished 13529_39_NAP1L2_NP1L2.txt.gz.annotated.gz.exclusions.gz.alleles.gz
running 13530_5_UTS2R_UR2R.txt.gz.annotated.gz.exclusions.gz.alleles.gz
finished 13530_5_UTS2R_UR2R.txt.gz.annotated.gz.exclusions.gz.alleles.gz
running 13532_25_CNEP1R1_NEPR1.txt.gz.annotated.gz.exclusions.gz.alleles.gz
finished 13532_25_CNEP1R1_NEPR1.txt.gz.annotated.gz.exclusions.gz.alleles.gz
running 13534_20_MYOM2_MYOM2.txt.gz.annotated.gz.exclusions.gz.alleles.gz
finished 13534_20_MYOM2_MYOM2.txt.gz.annotated.gz.exclusions.gz.alleles.gz
running 13535_2_COL4A3BP_C43BP.txt.gz.annotated.gz.exclusions.gz.alleles.gz
finished 13535_2_COL4A3BP_C43BP.txt.gz.annotated.gz.exclusions.gz.alleles.gz
running 13536_56_POLI_POLI.txt.gz.annotated.gz.exclusions.gz.alleles.gz
finished 13536_56_POLI_POLI.txt.gz.annotated.gz.exclusions.gz.alleles.gz
running 13539_131_KCNN1_KCNN1.txt.gz.annotated.gz.exclusions.gz.alleles.gz
finished 13539_131_KCNN1_KCNN1.txt.gz.annotated.gz.exclusions.gz.alleles.gz
running 13540_1_GPR26_GPR26.txt.gz.annotated.gz.exclusions.gz.alleles.gz
finished 13540_1_GPR26_GPR26.txt.gz.annotated.gz.exclusions.gz.alleles.gz
running 13541_1_MYCT1_MYCT1.txt.gz.annotated.gz.exclusions.gz.alleles.gz
finished 13541_1_MYCT1_MYCT1.txt.gz.annotated.gz.exclusions.gz.alleles.gz
running 13544_9_HMHA1_HMHA1.txt.gz.annotated.gz.exclusions.gz.alleles.gz
finished 13544_9_HMHA1_HMHA1.txt.gz.annotated.gz.exclusions.gz.alleles.gz
running 13545_97_EIF1AD_EIF1A.txt.gz.annotated.gz.exclusions.gz.alleles.gz
finished 13545_97_EIF1AD_EIF1A.txt.gz.annotated.gz.exclusions.gz.alleles.gz
running 13547_5_HTR7_5HT7R.txt.gz.annotated.gz.exclusions.gz.alleles.gz
finished 13547_5_HTR7_5HT7R.txt.gz.annotated.gz.exclusions.gz.alleles.gz
running 13548_53_PPAPDC1A_PPC1A.txt.gz.annotated.gz.exclusions.gz.alleles.gz
finished 13548_53_PPAPDC1A_PPC1A.txt.gz.annotated.gz.exclusions.gz.alleles.gz
running 13549_15_ADAM29_ADA29.txt.gz.annotated.gz.exclusions.gz.alleles.gz
finished 13549_15_ADAM29_ADA29.txt.gz.annotated.gz.exclusions.gz.alleles.gz
running 13552_7_SWAP70_SWP70.txt.gz.annotated.gz.exclusions.gz.alleles.gz
finished 13552_7_SWAP70_SWP70.txt.gz.annotated.gz.exclusions.gz.alleles.gz
running 13553_4_DCUN1D3_DCNL3.txt.gz.annotated.gz.exclusions.gz.alleles.gz
finished 13553_4_DCUN1D3_DCNL3.txt.gz.annotated.gz.exclusions.gz.alleles.gz
running 13554_78_REPIN1_REPI1.txt.gz.annotated.gz.exclusions.gz.alleles.gz
finished 13554_78_REPIN1_REPI1.txt.gz.annotated.gz.exclusions.gz.alleles.gz
running 13556_28_HTR2A_5HT2A.txt.gz.annotated.gz.exclusions.gz.alleles.gz
finished 13556_28_HTR2A_5HT2A.txt.gz.annotated.gz.exclusions.gz.alleles.gz
running 13557_3_PVRL3_Nectin_3.txt.gz.annotated.gz.exclusions.gz.alleles.gz
finished 13557_3_PVRL3_Nectin_3.txt.gz.annotated.gz.exclusions.gz.alleles.gz
running 13561_5_HTR6_5HT6R.txt.gz.annotated.gz.exclusions.gz.alleles.gz
finished 13561_5_HTR6_5HT6R.txt.gz.annotated.gz.exclusions.gz.alleles.gz
running 13563_259_ACBD7_ACBD7.txt.gz.annotated.gz.exclusions.gz.alleles.gz
finished 13563_259_ACBD7_ACBD7.txt.gz.annotated.gz.exclusions.gz.alleles.gz
running 13565_2_RBL2_p130.txt.gz.annotated.gz.exclusions.gz.alleles.gz
finished 13565_2_RBL2_p130.txt.gz.annotated.gz.exclusions.gz.alleles.gz
running 13566_2_SSU72_SSU72.txt.gz.annotated.gz.exclusions.gz.alleles.gz
finished 13566_2_SSU72_SSU72.txt.gz.annotated.gz.exclusions.gz.alleles.gz
running 13567_1_DPYSL2_DPYL2.txt.gz.annotated.gz.exclusions.gz.alleles.gz
finished 13567_1_DPYSL2_DPYL2.txt.gz.annotated.gz.exclusions.gz.alleles.gz
running 13568_30_PSMD4_PSMD4.txt.gz.annotated.gz.exclusions.gz.alleles.gz
finished 13568_30_PSMD4_PSMD4.txt.gz.annotated.gz.exclusions.gz.alleles.gz
