running 10044_12_WNT10A_WN10A.txt.gz.annotated.gz.exclusions.gz.alleles.gz
finished 10044_12_WNT10A_WN10A.txt.gz.annotated.gz.exclusions.gz.alleles.gz
running 10045_47_CUL3_CUL3.txt.gz.annotated.gz.exclusions.gz.alleles.gz
finished 10045_47_CUL3_CUL3.txt.gz.annotated.gz.exclusions.gz.alleles.gz
running 10046_55_BIRC2_cIAP_1.txt.gz.annotated.gz.exclusions.gz.alleles.gz
finished 10046_55_BIRC2_cIAP_1.txt.gz.annotated.gz.exclusions.gz.alleles.gz
running 10047_12_NCF2_NCF_2.txt.gz.annotated.gz.exclusions.gz.alleles.gz
finished 10047_12_NCF2_NCF_2.txt.gz.annotated.gz.exclusions.gz.alleles.gz
running 10048_7_CBFB_PEBB.txt.gz.annotated.gz.exclusions.gz.alleles.gz
finished 10048_7_CBFB_PEBB.txt.gz.annotated.gz.exclusions.gz.alleles.gz
running 10049_112_TERF1_TERF1.txt.gz.annotated.gz.exclusions.gz.alleles.gz
finished 10049_112_TERF1_TERF1.txt.gz.annotated.gz.exclusions.gz.alleles.gz
running 10053_5_ILK_ILK1.txt.gz.annotated.gz.exclusions.gz.alleles.gz
finished 10053_5_ILK_ILK1.txt.gz.annotated.gz.exclusions.gz.alleles.gz
running 10054_3_GAN_GAN.txt.gz.annotated.gz.exclusions.gz.alleles.gz
finished 10054_3_GAN_GAN.txt.gz.annotated.gz.exclusions.gz.alleles.gz
running 10056_5_FOXM1_FOXM1.txt.gz.annotated.gz.exclusions.gz.alleles.gz
finished 10056_5_FOXM1_FOXM1.txt.gz.annotated.gz.exclusions.gz.alleles.gz
running 10058_1_RAD23A_RD23A.txt.gz.annotated.gz.exclusions.gz.alleles.gz
finished 10058_1_RAD23A_RD23A.txt.gz.annotated.gz.exclusions.gz.alleles.gz
running 10063_10_FANCL_FANCL.txt.gz.annotated.gz.exclusions.gz.alleles.gz
finished 10063_10_FANCL_FANCL.txt.gz.annotated.gz.exclusions.gz.alleles.gz
running 10064_12_RBBP9_RBBP9.txt.gz.annotated.gz.exclusions.gz.alleles.gz
finished 10064_12_RBBP9_RBBP9.txt.gz.annotated.gz.exclusions.gz.alleles.gz
running 10070_22_PLCG2_PLCG2.txt.gz.annotated.gz.exclusions.gz.alleles.gz
finished 10070_22_PLCG2_PLCG2.txt.gz.annotated.gz.exclusions.gz.alleles.gz
running 10073_22_TDP1_TYDP1.txt.gz.annotated.gz.exclusions.gz.alleles.gz
finished 10073_22_TDP1_TYDP1.txt.gz.annotated.gz.exclusions.gz.alleles.gz
running 10074_128_BRD2_BRD2.txt.gz.annotated.gz.exclusions.gz.alleles.gz
finished 10074_128_BRD2_BRD2.txt.gz.annotated.gz.exclusions.gz.alleles.gz
running 10075_75_ACBD6_ACBD6.txt.gz.annotated.gz.exclusions.gz.alleles.gz
finished 10075_75_ACBD6_ACBD6.txt.gz.annotated.gz.exclusions.gz.alleles.gz
running 10076_1_AP4M1_AP4M1.txt.gz.annotated.gz.exclusions.gz.alleles.gz
finished 10076_1_AP4M1_AP4M1.txt.gz.annotated.gz.exclusions.gz.alleles.gz
running 10078_5_BAG3_BAG3.txt.gz.annotated.gz.exclusions.gz.alleles.gz
finished 10078_5_BAG3_BAG3.txt.gz.annotated.gz.exclusions.gz.alleles.gz
running 10080_9_EIF2B1_EI2BA.txt.gz.annotated.gz.exclusions.gz.alleles.gz
finished 10080_9_EIF2B1_EI2BA.txt.gz.annotated.gz.exclusions.gz.alleles.gz
running 10081_17_SATB2_SATB2.txt.gz.annotated.gz.exclusions.gz.alleles.gz
finished 10081_17_SATB2_SATB2.txt.gz.annotated.gz.exclusions.gz.alleles.gz
running 10082_251_NEFL_NFL.txt.gz.annotated.gz.exclusions.gz.alleles.gz
finished 10082_251_NEFL_NFL.txt.gz.annotated.gz.exclusions.gz.alleles.gz
running 10085_25_STAR_STAR.txt.gz.annotated.gz.exclusions.gz.alleles.gz
finished 10085_25_STAR_STAR.txt.gz.annotated.gz.exclusions.gz.alleles.gz
running 10086_39_CBS_CBS.txt.gz.annotated.gz.exclusions.gz.alleles.gz
finished 10086_39_CBS_CBS.txt.gz.annotated.gz.exclusions.gz.alleles.gz
running 10087_10_CRYAA_Alpha_crystallin_A_chain.txt.gz.annotated.gz.exclusions.gz.alleles.gz
finished 10087_10_CRYAA_Alpha_crystallin_A_chain.txt.gz.annotated.gz.exclusions.gz.alleles.gz
running 10088_37_APRT_APT.txt.gz.annotated.gz.exclusions.gz.alleles.gz
finished 10088_37_APRT_APT.txt.gz.annotated.gz.exclusions.gz.alleles.gz
running 10089_7_ASMTL_ASML.txt.gz.annotated.gz.exclusions.gz.alleles.gz
finished 10089_7_ASMTL_ASML.txt.gz.annotated.gz.exclusions.gz.alleles.gz
running 10336_3_STUB1_CHIP.txt.gz.annotated.gz.exclusions.gz.alleles.gz
finished 10336_3_STUB1_CHIP.txt.gz.annotated.gz.exclusions.gz.alleles.gz
running 10339_48_ENO2_NSE.txt.gz.annotated.gz.exclusions.gz.alleles.gz
finished 10339_48_ENO2_NSE.txt.gz.annotated.gz.exclusions.gz.alleles.gz
running 10342_55_PIAS4_PIAS4.txt.gz.annotated.gz.exclusions.gz.alleles.gz
finished 10342_55_PIAS4_PIAS4.txt.gz.annotated.gz.exclusions.gz.alleles.gz
running 10344_334_IL10RA_IL_10_Ra.txt.gz.annotated.gz.exclusions.gz.alleles.gz
finished 10344_334_IL10RA_IL_10_Ra.txt.gz.annotated.gz.exclusions.gz.alleles.gz
running 10346_5_STAT3_STAT3.txt.gz.annotated.gz.exclusions.gz.alleles.gz
finished 10346_5_STAT3_STAT3.txt.gz.annotated.gz.exclusions.gz.alleles.gz
running 10356_21_JUN_c_Jun.txt.gz.annotated.gz.exclusions.gz.alleles.gz
finished 10356_21_JUN_c_Jun.txt.gz.annotated.gz.exclusions.gz.alleles.gz
running 10361_25_OAS1_OAS1.txt.gz.annotated.gz.exclusions.gz.alleles.gz
finished 10361_25_OAS1_OAS1.txt.gz.annotated.gz.exclusions.gz.alleles.gz
running 10362_35_MYC_c_Myc.txt.gz.annotated.gz.exclusions.gz.alleles.gz
finished 10362_35_MYC_c_Myc.txt.gz.annotated.gz.exclusions.gz.alleles.gz
running 10363_13_SMAD3_SMAD3.txt.gz.annotated.gz.exclusions.gz.alleles.gz
finished 10363_13_SMAD3_SMAD3.txt.gz.annotated.gz.exclusions.gz.alleles.gz
running 10364_6_SMAD2_SMAD2.txt.gz.annotated.gz.exclusions.gz.alleles.gz
finished 10364_6_SMAD2_SMAD2.txt.gz.annotated.gz.exclusions.gz.alleles.gz
running 10366_11_PDGFRA_PDGFRA.txt.gz.annotated.gz.exclusions.gz.alleles.gz
finished 10366_11_PDGFRA_PDGFRA.txt.gz.annotated.gz.exclusions.gz.alleles.gz
running 10370_21_STAT1_STAT1.txt.gz.annotated.gz.exclusions.gz.alleles.gz
finished 10370_21_STAT1_STAT1.txt.gz.annotated.gz.exclusions.gz.alleles.gz
running 10372_18_STAT6_STAT6.txt.gz.annotated.gz.exclusions.gz.alleles.gz
finished 10372_18_STAT6_STAT6.txt.gz.annotated.gz.exclusions.gz.alleles.gz
running 10390_21_ZNRF3_ZNRF3.txt.gz.annotated.gz.exclusions.gz.alleles.gz
finished 10390_21_ZNRF3_ZNRF3.txt.gz.annotated.gz.exclusions.gz.alleles.gz
running 10391_1_ANGPTL3_ANGL3.txt.gz.annotated.gz.exclusions.gz.alleles.gz
finished 10391_1_ANGPTL3_ANGL3.txt.gz.annotated.gz.exclusions.gz.alleles.gz
running 10396_6_MCL1_Mcl_1.txt.gz.annotated.gz.exclusions.gz.alleles.gz
finished 10396_6_MCL1_Mcl_1.txt.gz.annotated.gz.exclusions.gz.alleles.gz
running 10418_36_STX12_STX12.txt.gz.annotated.gz.exclusions.gz.alleles.gz
finished 10418_36_STX12_STX12.txt.gz.annotated.gz.exclusions.gz.alleles.gz
running 10419_1_SCARA5_SCAR5.txt.gz.annotated.gz.exclusions.gz.alleles.gz
finished 10419_1_SCARA5_SCAR5.txt.gz.annotated.gz.exclusions.gz.alleles.gz
running 10424_31_NPDC1_NPDC1.txt.gz.annotated.gz.exclusions.gz.alleles.gz
finished 10424_31_NPDC1_NPDC1.txt.gz.annotated.gz.exclusions.gz.alleles.gz
running 10425_3_B4GALT5_B4GT5.txt.gz.annotated.gz.exclusions.gz.alleles.gz
finished 10425_3_B4GALT5_B4GT5.txt.gz.annotated.gz.exclusions.gz.alleles.gz
running 10426_21_GOSR2_GOSR2.txt.gz.annotated.gz.exclusions.gz.alleles.gz
finished 10426_21_GOSR2_GOSR2.txt.gz.annotated.gz.exclusions.gz.alleles.gz
running 10428_1_KIR2DS2_KI2S2.txt.gz.annotated.gz.exclusions.gz.alleles.gz
finished 10428_1_KIR2DS2_KI2S2.txt.gz.annotated.gz.exclusions.gz.alleles.gz
running 10430_31_SLC3A2_4F2.txt.gz.annotated.gz.exclusions.gz.alleles.gz
finished 10430_31_SLC3A2_4F2.txt.gz.annotated.gz.exclusions.gz.alleles.gz
running 10432_3_KIAA1644_K1644.txt.gz.annotated.gz.exclusions.gz.alleles.gz
finished 10432_3_KIAA1644_K1644.txt.gz.annotated.gz.exclusions.gz.alleles.gz
running 10435_2_AGA_ASPG.txt.gz.annotated.gz.exclusions.gz.alleles.gz
finished 10435_2_AGA_ASPG.txt.gz.annotated.gz.exclusions.gz.alleles.gz
running 10438_19_CSF2RA_CSF2R.txt.gz.annotated.gz.exclusions.gz.alleles.gz
finished 10438_19_CSF2RA_CSF2R.txt.gz.annotated.gz.exclusions.gz.alleles.gz
running 10440_26_CLMP_ACAM.txt.gz.annotated.gz.exclusions.gz.alleles.gz
finished 10440_26_CLMP_ACAM.txt.gz.annotated.gz.exclusions.gz.alleles.gz
running 10442_1_TMEM190_TM190.txt.gz.annotated.gz.exclusions.gz.alleles.gz
finished 10442_1_TMEM190_TM190.txt.gz.annotated.gz.exclusions.gz.alleles.gz
running 10445_20_APOM_ApoM.txt.gz.annotated.gz.exclusions.gz.alleles.gz
finished 10445_20_APOM_ApoM.txt.gz.annotated.gz.exclusions.gz.alleles.gz
running 10447_18_PABPC3_PABP3.txt.gz.annotated.gz.exclusions.gz.alleles.gz
finished 10447_18_PABPC3_PABP3.txt.gz.annotated.gz.exclusions.gz.alleles.gz
running 10449_31_SHISA2_TMM46.txt.gz.annotated.gz.exclusions.gz.alleles.gz
finished 10449_31_SHISA2_TMM46.txt.gz.annotated.gz.exclusions.gz.alleles.gz
running 10451_11_NUCB1_NUCB1.txt.gz.annotated.gz.exclusions.gz.alleles.gz
finished 10451_11_NUCB1_NUCB1.txt.gz.annotated.gz.exclusions.gz.alleles.gz
running 10453_7_CEACAM20_CEA20.txt.gz.annotated.gz.exclusions.gz.alleles.gz
finished 10453_7_CEACAM20_CEA20.txt.gz.annotated.gz.exclusions.gz.alleles.gz
running 10454_99_DNAJC16_DJC16.txt.gz.annotated.gz.exclusions.gz.alleles.gz
finished 10454_99_DNAJC16_DJC16.txt.gz.annotated.gz.exclusions.gz.alleles.gz
running 10455_196_IL31_IL_31.txt.gz.annotated.gz.exclusions.gz.alleles.gz
finished 10455_196_IL31_IL_31.txt.gz.annotated.gz.exclusions.gz.alleles.gz
running 10462_14_INSL5_INSL5.txt.gz.annotated.gz.exclusions.gz.alleles.gz
finished 10462_14_INSL5_INSL5.txt.gz.annotated.gz.exclusions.gz.alleles.gz
running 10464_6_ANTXR1_ANTR1.txt.gz.annotated.gz.exclusions.gz.alleles.gz
finished 10464_6_ANTXR1_ANTR1.txt.gz.annotated.gz.exclusions.gz.alleles.gz
running 10485_56_MAGEA4_MAGE_4.txt.gz.annotated.gz.exclusions.gz.alleles.gz
finished 10485_56_MAGEA4_MAGE_4.txt.gz.annotated.gz.exclusions.gz.alleles.gz
running 10490_3_RPN1_RPN1.txt.gz.annotated.gz.exclusions.gz.alleles.gz
finished 10490_3_RPN1_RPN1.txt.gz.annotated.gz.exclusions.gz.alleles.gz
running 10496_11_CLCA1_CaCC.txt.gz.annotated.gz.exclusions.gz.alleles.gz
finished 10496_11_CLCA1_CaCC.txt.gz.annotated.gz.exclusions.gz.alleles.gz
running 10499_1_TMEM106A_T106A.txt.gz.annotated.gz.exclusions.gz.alleles.gz
finished 10499_1_TMEM106A_T106A.txt.gz.annotated.gz.exclusions.gz.alleles.gz
running 10506_53_PGRMC2_PGRC2.txt.gz.annotated.gz.exclusions.gz.alleles.gz
finished 10506_53_PGRMC2_PGRC2.txt.gz.annotated.gz.exclusions.gz.alleles.gz
running 10507_166_ACRV1_sperm_protein_10.txt.gz.annotated.gz.exclusions.gz.alleles.gz
finished 10507_166_ACRV1_sperm_protein_10.txt.gz.annotated.gz.exclusions.gz.alleles.gz
running 10510_62_SCIMP_SCIMP.txt.gz.annotated.gz.exclusions.gz.alleles.gz
finished 10510_62_SCIMP_SCIMP.txt.gz.annotated.gz.exclusions.gz.alleles.gz
running 10511_10_COL6A3_Collagen_alpha_3_VI_.txt.gz.annotated.gz.exclusions.gz.alleles.gz
finished 10511_10_COL6A3_Collagen_alpha_3_VI_.txt.gz.annotated.gz.exclusions.gz.alleles.gz
running 10512_13_CSF2RB_IL3RB.txt.gz.annotated.gz.exclusions.gz.alleles.gz
finished 10512_13_CSF2RB_IL3RB.txt.gz.annotated.gz.exclusions.gz.alleles.gz
running 10513_13_KCNIP3_CSEN.txt.gz.annotated.gz.exclusions.gz.alleles.gz
finished 10513_13_KCNIP3_CSEN.txt.gz.annotated.gz.exclusions.gz.alleles.gz
running 10514_5_PTGDS_PGD2_synthase.txt.gz.annotated.gz.exclusions.gz.alleles.gz
finished 10514_5_PTGDS_PGD2_synthase.txt.gz.annotated.gz.exclusions.gz.alleles.gz
running 10521_10_MXRA8_MXRA8.txt.gz.annotated.gz.exclusions.gz.alleles.gz
finished 10521_10_MXRA8_MXRA8.txt.gz.annotated.gz.exclusions.gz.alleles.gz
running 10527_22_DHX9_DHX9.txt.gz.annotated.gz.exclusions.gz.alleles.gz
finished 10527_22_DHX9_DHX9.txt.gz.annotated.gz.exclusions.gz.alleles.gz
running 10530_8_PSMB6_PSB6.txt.gz.annotated.gz.exclusions.gz.alleles.gz
finished 10530_8_PSMB6_PSB6.txt.gz.annotated.gz.exclusions.gz.alleles.gz
running 10531_18_NRAS_RASN.txt.gz.annotated.gz.exclusions.gz.alleles.gz
finished 10531_18_NRAS_RASN.txt.gz.annotated.gz.exclusions.gz.alleles.gz
running 10534_40_PARP1_PARP.txt.gz.annotated.gz.exclusions.gz.alleles.gz
finished 10534_40_PARP1_PARP.txt.gz.annotated.gz.exclusions.gz.alleles.gz
running 10535_25_COX6A2_CX6A2.txt.gz.annotated.gz.exclusions.gz.alleles.gz
finished 10535_25_COX6A2_CX6A2.txt.gz.annotated.gz.exclusions.gz.alleles.gz
