running 8597_1_TMEM9_TMEM9.txt.gz.annotated.gz.exclusions.gz.alleles.gz
finished 8597_1_TMEM9_TMEM9.txt.gz.annotated.gz.exclusions.gz.alleles.gz
running 8601_167_LRP1_sLRP1.txt.gz.annotated.gz.exclusions.gz.alleles.gz
finished 8601_167_LRP1_sLRP1.txt.gz.annotated.gz.exclusions.gz.alleles.gz
running 8606_39_GPNMB_GPNMB.txt.gz.annotated.gz.exclusions.gz.alleles.gz
finished 8606_39_GPNMB_GPNMB.txt.gz.annotated.gz.exclusions.gz.alleles.gz
running 8631_13_ERMAP_ERMAP.txt.gz.annotated.gz.exclusions.gz.alleles.gz
finished 8631_13_ERMAP_ERMAP.txt.gz.annotated.gz.exclusions.gz.alleles.gz
running 8633_18_RNF128_RN128.txt.gz.annotated.gz.exclusions.gz.alleles.gz
finished 8633_18_RNF128_RN128.txt.gz.annotated.gz.exclusions.gz.alleles.gz
running 8635_283_ZPBP_ZPBP1.txt.gz.annotated.gz.exclusions.gz.alleles.gz
finished 8635_283_ZPBP_ZPBP1.txt.gz.annotated.gz.exclusions.gz.alleles.gz
running 8646_61_LRRTM4_LRRT4.txt.gz.annotated.gz.exclusions.gz.alleles.gz
finished 8646_61_LRRTM4_LRRT4.txt.gz.annotated.gz.exclusions.gz.alleles.gz
running 8653_132_DNAJC4_DNJC4.txt.gz.annotated.gz.exclusions.gz.alleles.gz
finished 8653_132_DNAJC4_DNJC4.txt.gz.annotated.gz.exclusions.gz.alleles.gz
running 8654_13_ADAM10_ADAM_10.txt.gz.annotated.gz.exclusions.gz.alleles.gz
finished 8654_13_ADAM10_ADAM_10.txt.gz.annotated.gz.exclusions.gz.alleles.gz
running 8659_68_G6B_G6B.txt.gz.annotated.gz.exclusions.gz.alleles.gz
finished 8659_68_G6B_G6B.txt.gz.annotated.gz.exclusions.gz.alleles.gz
running 8660_5_OLFML3_OLFL3.txt.gz.annotated.gz.exclusions.gz.alleles.gz
finished 8660_5_OLFML3_OLFL3.txt.gz.annotated.gz.exclusions.gz.alleles.gz
running 8664_36_PKDCC_PKDCC.txt.gz.annotated.gz.exclusions.gz.alleles.gz
finished 8664_36_PKDCC_PKDCC.txt.gz.annotated.gz.exclusions.gz.alleles.gz
running 8671_378_TRAPPC5_TPPC5.txt.gz.annotated.gz.exclusions.gz.alleles.gz
finished 8671_378_TRAPPC5_TPPC5.txt.gz.annotated.gz.exclusions.gz.alleles.gz
running 8681_93_PGRMC2_PGRC2.txt.gz.annotated.gz.exclusions.gz.alleles.gz
finished 8681_93_PGRMC2_PGRC2.txt.gz.annotated.gz.exclusions.gz.alleles.gz
running 8686_342_C11orf73_HIKES.txt.gz.annotated.gz.exclusions.gz.alleles.gz
finished 8686_342_C11orf73_HIKES.txt.gz.annotated.gz.exclusions.gz.alleles.gz
running 8687_26_TMEM106B_T106B.txt.gz.annotated.gz.exclusions.gz.alleles.gz
finished 8687_26_TMEM106B_T106B.txt.gz.annotated.gz.exclusions.gz.alleles.gz
running 8690_25_CAV3_CAV3.txt.gz.annotated.gz.exclusions.gz.alleles.gz
finished 8690_25_CAV3_CAV3.txt.gz.annotated.gz.exclusions.gz.alleles.gz
running 8696_15_GAL3ST1_G3ST1.txt.gz.annotated.gz.exclusions.gz.alleles.gz
finished 8696_15_GAL3ST1_G3ST1.txt.gz.annotated.gz.exclusions.gz.alleles.gz
running 8697_38_GPC1_Glypican_1.txt.gz.annotated.gz.exclusions.gz.alleles.gz
finished 8697_38_GPC1_Glypican_1.txt.gz.annotated.gz.exclusions.gz.alleles.gz
running 8699_43_CRIM1_CRIM1.txt.gz.annotated.gz.exclusions.gz.alleles.gz
finished 8699_43_CRIM1_CRIM1.txt.gz.annotated.gz.exclusions.gz.alleles.gz
running 8700_325_GALNT11_GLT11.txt.gz.annotated.gz.exclusions.gz.alleles.gz
finished 8700_325_GALNT11_GLT11.txt.gz.annotated.gz.exclusions.gz.alleles.gz
running 8748_45_CD74_HG2A.txt.gz.annotated.gz.exclusions.gz.alleles.gz
finished 8748_45_CD74_HG2A.txt.gz.annotated.gz.exclusions.gz.alleles.gz
running 8749_194_CD1D_CD1D.txt.gz.annotated.gz.exclusions.gz.alleles.gz
finished 8749_194_CD1D_CD1D.txt.gz.annotated.gz.exclusions.gz.alleles.gz
running 8750_46_VCL_Vinculin.txt.gz.annotated.gz.exclusions.gz.alleles.gz
finished 8750_46_VCL_Vinculin.txt.gz.annotated.gz.exclusions.gz.alleles.gz
running 8754_5_NMU_NMU.txt.gz.annotated.gz.exclusions.gz.alleles.gz
finished 8754_5_NMU_NMU.txt.gz.annotated.gz.exclusions.gz.alleles.gz
running 8756_41_KCNE5_KCE1L.txt.gz.annotated.gz.exclusions.gz.alleles.gz
finished 8756_41_KCNE5_KCE1L.txt.gz.annotated.gz.exclusions.gz.alleles.gz
running 8758_2_PCDHA7_PCDA7.txt.gz.annotated.gz.exclusions.gz.alleles.gz
finished 8758_2_PCDHA7_PCDA7.txt.gz.annotated.gz.exclusions.gz.alleles.gz
running 8759_29_A4GALT_a1_4_Galactosyltransferase.txt.gz.annotated.gz.exclusions.gz.alleles.gz
finished 8759_29_A4GALT_a1_4_Galactosyltransferase.txt.gz.annotated.gz.exclusions.gz.alleles.gz
running 8760_10_DCUN1D5_DCNL5.txt.gz.annotated.gz.exclusions.gz.alleles.gz
finished 8760_10_DCUN1D5_DCNL5.txt.gz.annotated.gz.exclusions.gz.alleles.gz
running 8766_29_LILRA5_LIRA5.txt.gz.annotated.gz.exclusions.gz.alleles.gz
finished 8766_29_LILRA5_LIRA5.txt.gz.annotated.gz.exclusions.gz.alleles.gz
running 8767_44_ECE1_Endothelin_converting_enzyme_1.txt.gz.annotated.gz.exclusions.gz.alleles.gz
finished 8767_44_ECE1_Endothelin_converting_enzyme_1.txt.gz.annotated.gz.exclusions.gz.alleles.gz
running 8768_4_BCL10_Bcl_10.txt.gz.annotated.gz.exclusions.gz.alleles.gz
finished 8768_4_BCL10_Bcl_10.txt.gz.annotated.gz.exclusions.gz.alleles.gz
running 8772_5_EFNB2_EFNB2.txt.gz.annotated.gz.exclusions.gz.alleles.gz
finished 8772_5_EFNB2_EFNB2.txt.gz.annotated.gz.exclusions.gz.alleles.gz
running 8773_172_EMILIN3_EMIL3.txt.gz.annotated.gz.exclusions.gz.alleles.gz
finished 8773_172_EMILIN3_EMIL3.txt.gz.annotated.gz.exclusions.gz.alleles.gz
running 8775_61_FAM24B_FA24B.txt.gz.annotated.gz.exclusions.gz.alleles.gz
finished 8775_61_FAM24B_FA24B.txt.gz.annotated.gz.exclusions.gz.alleles.gz
running 8776_10_ERLIN1_ERLN1.txt.gz.annotated.gz.exclusions.gz.alleles.gz
finished 8776_10_ERLIN1_ERLN1.txt.gz.annotated.gz.exclusions.gz.alleles.gz
running 8778_3_NOG_Noggin.txt.gz.annotated.gz.exclusions.gz.alleles.gz
finished 8778_3_NOG_Noggin.txt.gz.annotated.gz.exclusions.gz.alleles.gz
running 8780_2_PCDH10_PCD10.txt.gz.annotated.gz.exclusions.gz.alleles.gz
finished 8780_2_PCDH10_PCD10.txt.gz.annotated.gz.exclusions.gz.alleles.gz
running 8784_7_FAM175A_F175A.txt.gz.annotated.gz.exclusions.gz.alleles.gz
finished 8784_7_FAM175A_F175A.txt.gz.annotated.gz.exclusions.gz.alleles.gz
running 8785_1_ARMC5_ARMC5.txt.gz.annotated.gz.exclusions.gz.alleles.gz
finished 8785_1_ARMC5_ARMC5.txt.gz.annotated.gz.exclusions.gz.alleles.gz
running 8786_6_FAM171B_F171B.txt.gz.annotated.gz.exclusions.gz.alleles.gz
finished 8786_6_FAM171B_F171B.txt.gz.annotated.gz.exclusions.gz.alleles.gz
running 8791_151_CA5A_Carbonic_Anhydrase_VA.txt.gz.annotated.gz.exclusions.gz.alleles.gz
finished 8791_151_CA5A_Carbonic_Anhydrase_VA.txt.gz.annotated.gz.exclusions.gz.alleles.gz
running 8794_13_DPEP1_DPEP1.txt.gz.annotated.gz.exclusions.gz.alleles.gz
finished 8794_13_DPEP1_DPEP1.txt.gz.annotated.gz.exclusions.gz.alleles.gz
running 8795_48_TFRC_TR.txt.gz.annotated.gz.exclusions.gz.alleles.gz
finished 8795_48_TFRC_TR.txt.gz.annotated.gz.exclusions.gz.alleles.gz
running 8800_14_TTC17_TTC17.txt.gz.annotated.gz.exclusions.gz.alleles.gz
finished 8800_14_TTC17_TTC17.txt.gz.annotated.gz.exclusions.gz.alleles.gz
running 8803_61_PVRL1_nectin_1_gamma.txt.gz.annotated.gz.exclusions.gz.alleles.gz
finished 8803_61_PVRL1_nectin_1_gamma.txt.gz.annotated.gz.exclusions.gz.alleles.gz
running 8804_39_COL20A1_COKA1.txt.gz.annotated.gz.exclusions.gz.alleles.gz
finished 8804_39_COL20A1_COKA1.txt.gz.annotated.gz.exclusions.gz.alleles.gz
running 8807_13_SNX1_SNX1.txt.gz.annotated.gz.exclusions.gz.alleles.gz
finished 8807_13_SNX1_SNX1.txt.gz.annotated.gz.exclusions.gz.alleles.gz
running 8810_26_HEPACAM_HEPACAM.txt.gz.annotated.gz.exclusions.gz.alleles.gz
finished 8810_26_HEPACAM_HEPACAM.txt.gz.annotated.gz.exclusions.gz.alleles.gz
running 8811_24_BAMBI_BAMBI.txt.gz.annotated.gz.exclusions.gz.alleles.gz
finished 8811_24_BAMBI_BAMBI.txt.gz.annotated.gz.exclusions.gz.alleles.gz
running 8813_160_TXN_Thioredoxin.txt.gz.annotated.gz.exclusions.gz.alleles.gz
finished 8813_160_TXN_Thioredoxin.txt.gz.annotated.gz.exclusions.gz.alleles.gz
running 8814_33_PSAPL1_SAPL1.txt.gz.annotated.gz.exclusions.gz.alleles.gz
finished 8814_33_PSAPL1_SAPL1.txt.gz.annotated.gz.exclusions.gz.alleles.gz
running 8815_1_OLFML1_OLFL1.txt.gz.annotated.gz.exclusions.gz.alleles.gz
finished 8815_1_OLFML1_OLFL1.txt.gz.annotated.gz.exclusions.gz.alleles.gz
running 8817_29_CENPV_CENPV.txt.gz.annotated.gz.exclusions.gz.alleles.gz
finished 8817_29_CENPV_CENPV.txt.gz.annotated.gz.exclusions.gz.alleles.gz
running 8818_13_IFNGR2_INGR2.txt.gz.annotated.gz.exclusions.gz.alleles.gz
finished 8818_13_IFNGR2_INGR2.txt.gz.annotated.gz.exclusions.gz.alleles.gz
running 8825_4_PILRA_PILRA.txt.gz.annotated.gz.exclusions.gz.alleles.gz
finished 8825_4_PILRA_PILRA.txt.gz.annotated.gz.exclusions.gz.alleles.gz
running 8828_21_ESRP1_ESRP1.txt.gz.annotated.gz.exclusions.gz.alleles.gz
finished 8828_21_ESRP1_ESRP1.txt.gz.annotated.gz.exclusions.gz.alleles.gz
running 8832_55_BST2_BST_2.txt.gz.annotated.gz.exclusions.gz.alleles.gz
finished 8832_55_BST2_BST_2.txt.gz.annotated.gz.exclusions.gz.alleles.gz
running 8833_20_TNFSF10_TRAIL.txt.gz.annotated.gz.exclusions.gz.alleles.gz
finished 8833_20_TNFSF10_TRAIL.txt.gz.annotated.gz.exclusions.gz.alleles.gz
running 8834_58_CANX_Calnexin.txt.gz.annotated.gz.exclusions.gz.alleles.gz
finished 8834_58_CANX_Calnexin.txt.gz.annotated.gz.exclusions.gz.alleles.gz
running 8837_8_MFAP3L_MFA3L.txt.gz.annotated.gz.exclusions.gz.alleles.gz
finished 8837_8_MFAP3L_MFA3L.txt.gz.annotated.gz.exclusions.gz.alleles.gz
running 8838_10_CASC4_CASC4.txt.gz.annotated.gz.exclusions.gz.alleles.gz
finished 8838_10_CASC4_CASC4.txt.gz.annotated.gz.exclusions.gz.alleles.gz
running 8839_4_MTX2_Metaxin_2.txt.gz.annotated.gz.exclusions.gz.alleles.gz
finished 8839_4_MTX2_Metaxin_2.txt.gz.annotated.gz.exclusions.gz.alleles.gz
running 8840_61_C1S_C1s.txt.gz.annotated.gz.exclusions.gz.alleles.gz
finished 8840_61_C1S_C1s.txt.gz.annotated.gz.exclusions.gz.alleles.gz
running 8841_65_CILP2_CILP2.txt.gz.annotated.gz.exclusions.gz.alleles.gz
finished 8841_65_CILP2_CILP2.txt.gz.annotated.gz.exclusions.gz.alleles.gz
running 8842_16_GRAMD1C_GRM1C.txt.gz.annotated.gz.exclusions.gz.alleles.gz
finished 8842_16_GRAMD1C_GRM1C.txt.gz.annotated.gz.exclusions.gz.alleles.gz
running 8843_34_MYRF_MRF.txt.gz.annotated.gz.exclusions.gz.alleles.gz
finished 8843_34_MYRF_MRF.txt.gz.annotated.gz.exclusions.gz.alleles.gz
running 8845_2_ADAMTS3_ATS3.txt.gz.annotated.gz.exclusions.gz.alleles.gz
finished 8845_2_ADAMTS3_ATS3.txt.gz.annotated.gz.exclusions.gz.alleles.gz
running 8850_5_PLA2G2C_PA2GC.txt.gz.annotated.gz.exclusions.gz.alleles.gz
finished 8850_5_PLA2G2C_PA2GC.txt.gz.annotated.gz.exclusions.gz.alleles.gz
running 8852_10_SUN3_SUN3.txt.gz.annotated.gz.exclusions.gz.alleles.gz
finished 8852_10_SUN3_SUN3.txt.gz.annotated.gz.exclusions.gz.alleles.gz
running 8853_2_CLEC4A_CLC4A.txt.gz.annotated.gz.exclusions.gz.alleles.gz
finished 8853_2_CLEC4A_CLC4A.txt.gz.annotated.gz.exclusions.gz.alleles.gz
running 8858_21_BATF3_BATF3.txt.gz.annotated.gz.exclusions.gz.alleles.gz
finished 8858_21_BATF3_BATF3.txt.gz.annotated.gz.exclusions.gz.alleles.gz
running 8859_51_CA11_CAH11.txt.gz.annotated.gz.exclusions.gz.alleles.gz
finished 8859_51_CA11_CAH11.txt.gz.annotated.gz.exclusions.gz.alleles.gz
running 8863_3_PIK3R1_P85A.txt.gz.annotated.gz.exclusions.gz.alleles.gz
finished 8863_3_PIK3R1_P85A.txt.gz.annotated.gz.exclusions.gz.alleles.gz
running 8864_59_CENPW_CENPW.txt.gz.annotated.gz.exclusions.gz.alleles.gz
finished 8864_59_CENPW_CENPW.txt.gz.annotated.gz.exclusions.gz.alleles.gz
running 8866_53_QPCTL_QPCTL.txt.gz.annotated.gz.exclusions.gz.alleles.gz
finished 8866_53_QPCTL_QPCTL.txt.gz.annotated.gz.exclusions.gz.alleles.gz
running 8867_18_PAEP_Glycodelin.txt.gz.annotated.gz.exclusions.gz.alleles.gz
finished 8867_18_PAEP_Glycodelin.txt.gz.annotated.gz.exclusions.gz.alleles.gz
running 8869_5_BTN2A1_BT2A1.txt.gz.annotated.gz.exclusions.gz.alleles.gz
finished 8869_5_BTN2A1_BT2A1.txt.gz.annotated.gz.exclusions.gz.alleles.gz
running 8870_38_NPM1_NPM1.txt.gz.annotated.gz.exclusions.gz.alleles.gz
finished 8870_38_NPM1_NPM1.txt.gz.annotated.gz.exclusions.gz.alleles.gz
running 8872_1_SEC61G_SC61G.txt.gz.annotated.gz.exclusions.gz.alleles.gz
finished 8872_1_SEC61G_SC61G.txt.gz.annotated.gz.exclusions.gz.alleles.gz
