running 12016_60_CBL_CBL.txt.gz.annotated.gz.exclusions.gz.alleles.gz
finished 12016_60_CBL_CBL.txt.gz.annotated.gz.exclusions.gz.alleles.gz
running 12018_84_TPK1_TPK1.txt.gz.annotated.gz.exclusions.gz.alleles.gz
finished 12018_84_TPK1_TPK1.txt.gz.annotated.gz.exclusions.gz.alleles.gz
running 12020_39_BPGM_PMGE.txt.gz.annotated.gz.exclusions.gz.alleles.gz
finished 12020_39_BPGM_PMGE.txt.gz.annotated.gz.exclusions.gz.alleles.gz
running 12022_12_SMAD4_SMAD4.txt.gz.annotated.gz.exclusions.gz.alleles.gz
finished 12022_12_SMAD4_SMAD4.txt.gz.annotated.gz.exclusions.gz.alleles.gz
running 12030_82_DES_Desmin.txt.gz.annotated.gz.exclusions.gz.alleles.gz
finished 12030_82_DES_Desmin.txt.gz.annotated.gz.exclusions.gz.alleles.gz
running 12033_3_BUB1_BUB1.txt.gz.annotated.gz.exclusions.gz.alleles.gz
finished 12033_3_BUB1_BUB1.txt.gz.annotated.gz.exclusions.gz.alleles.gz
running 12034_28_CAP1_CAP_1.txt.gz.annotated.gz.exclusions.gz.alleles.gz
finished 12034_28_CAP1_CAP_1.txt.gz.annotated.gz.exclusions.gz.alleles.gz
running 12041_33_HSPA1L_HS71L.txt.gz.annotated.gz.exclusions.gz.alleles.gz
finished 12041_33_HSPA1L_HS71L.txt.gz.annotated.gz.exclusions.gz.alleles.gz
running 12046_51_TARDBP_TADBP.txt.gz.annotated.gz.exclusions.gz.alleles.gz
finished 12046_51_TARDBP_TADBP.txt.gz.annotated.gz.exclusions.gz.alleles.gz
running 12329_21_RPS6KA1_KS6A1.txt.gz.annotated.gz.exclusions.gz.alleles.gz
finished 12329_21_RPS6KA1_KS6A1.txt.gz.annotated.gz.exclusions.gz.alleles.gz
running 12332_7_EEF2K_EF2K.txt.gz.annotated.gz.exclusions.gz.alleles.gz
finished 12332_7_EEF2K_EF2K.txt.gz.annotated.gz.exclusions.gz.alleles.gz
running 12333_87_RPIA_RPIA.txt.gz.annotated.gz.exclusions.gz.alleles.gz
finished 12333_87_RPIA_RPIA.txt.gz.annotated.gz.exclusions.gz.alleles.gz
running 12334_25_SHMT1_cSHMT.txt.gz.annotated.gz.exclusions.gz.alleles.gz
finished 12334_25_SHMT1_cSHMT.txt.gz.annotated.gz.exclusions.gz.alleles.gz
running 12338_27_EGFLAM_EGFLA.txt.gz.annotated.gz.exclusions.gz.alleles.gz
finished 12338_27_EGFLAM_EGFLA.txt.gz.annotated.gz.exclusions.gz.alleles.gz
running 12340_17_AARS_SYAC.txt.gz.annotated.gz.exclusions.gz.alleles.gz
finished 12340_17_AARS_SYAC.txt.gz.annotated.gz.exclusions.gz.alleles.gz
running 12341_8_DUSP6_DUS6.txt.gz.annotated.gz.exclusions.gz.alleles.gz
finished 12341_8_DUSP6_DUS6.txt.gz.annotated.gz.exclusions.gz.alleles.gz
running 12343_14_ACAP2_CENB2.txt.gz.annotated.gz.exclusions.gz.alleles.gz
finished 12343_14_ACAP2_CENB2.txt.gz.annotated.gz.exclusions.gz.alleles.gz
running 12345_4_ANAPC10_APC10.txt.gz.annotated.gz.exclusions.gz.alleles.gz
finished 12345_4_ANAPC10_APC10.txt.gz.annotated.gz.exclusions.gz.alleles.gz
running 12347_29_CCM2_CCM2.txt.gz.annotated.gz.exclusions.gz.alleles.gz
finished 12347_29_CCM2_CCM2.txt.gz.annotated.gz.exclusions.gz.alleles.gz
running 12348_46_SARS2_SYSM.txt.gz.annotated.gz.exclusions.gz.alleles.gz
finished 12348_46_SARS2_SYSM.txt.gz.annotated.gz.exclusions.gz.alleles.gz
running 12350_86_ETS2_ETS2.txt.gz.annotated.gz.exclusions.gz.alleles.gz
finished 12350_86_ETS2_ETS2.txt.gz.annotated.gz.exclusions.gz.alleles.gz
running 12352_70_ARRDC3_ARRD3.txt.gz.annotated.gz.exclusions.gz.alleles.gz
finished 12352_70_ARRDC3_ARRD3.txt.gz.annotated.gz.exclusions.gz.alleles.gz
running 12355_223_MRRF_RRFM.txt.gz.annotated.gz.exclusions.gz.alleles.gz
finished 12355_223_MRRF_RRFM.txt.gz.annotated.gz.exclusions.gz.alleles.gz
running 12356_65_SRI_Sorcin.txt.gz.annotated.gz.exclusions.gz.alleles.gz
finished 12356_65_SRI_Sorcin.txt.gz.annotated.gz.exclusions.gz.alleles.gz
running 12357_41_SNAP29_SNP29.txt.gz.annotated.gz.exclusions.gz.alleles.gz
finished 12357_41_SNAP29_SNP29.txt.gz.annotated.gz.exclusions.gz.alleles.gz
running 12358_6_IGBP1_IGBP1.txt.gz.annotated.gz.exclusions.gz.alleles.gz
finished 12358_6_IGBP1_IGBP1.txt.gz.annotated.gz.exclusions.gz.alleles.gz
running 12361_102_RRAS2_RRAS2.txt.gz.annotated.gz.exclusions.gz.alleles.gz
finished 12361_102_RRAS2_RRAS2.txt.gz.annotated.gz.exclusions.gz.alleles.gz
running 12363_70_TRIB2_TRIB2.txt.gz.annotated.gz.exclusions.gz.alleles.gz
finished 12363_70_TRIB2_TRIB2.txt.gz.annotated.gz.exclusions.gz.alleles.gz
running 12365_108_RUVBL1_RUVB1.txt.gz.annotated.gz.exclusions.gz.alleles.gz
finished 12365_108_RUVBL1_RUVB1.txt.gz.annotated.gz.exclusions.gz.alleles.gz
running 12366_16_CRYGD_CRGD.txt.gz.annotated.gz.exclusions.gz.alleles.gz
finished 12366_16_CRYGD_CRGD.txt.gz.annotated.gz.exclusions.gz.alleles.gz
running 12367_52_TMEM57_MACOI.txt.gz.annotated.gz.exclusions.gz.alleles.gz
finished 12367_52_TMEM57_MACOI.txt.gz.annotated.gz.exclusions.gz.alleles.gz
running 12368_18_KAT2B_PCAF.txt.gz.annotated.gz.exclusions.gz.alleles.gz
finished 12368_18_KAT2B_PCAF.txt.gz.annotated.gz.exclusions.gz.alleles.gz
running 12370_30_APOF_Apo_F.txt.gz.annotated.gz.exclusions.gz.alleles.gz
finished 12370_30_APOF_Apo_F.txt.gz.annotated.gz.exclusions.gz.alleles.gz
running 12373_73_TRA2B_TRA2B.txt.gz.annotated.gz.exclusions.gz.alleles.gz
finished 12373_73_TRA2B_TRA2B.txt.gz.annotated.gz.exclusions.gz.alleles.gz
running 12374_8_PAFAH1B3_PA1B3.txt.gz.annotated.gz.exclusions.gz.alleles.gz
finished 12374_8_PAFAH1B3_PA1B3.txt.gz.annotated.gz.exclusions.gz.alleles.gz
running 12376_85_CDKN2D_p19_INK4d.txt.gz.annotated.gz.exclusions.gz.alleles.gz
finished 12376_85_CDKN2D_p19_INK4d.txt.gz.annotated.gz.exclusions.gz.alleles.gz
running 12378_71_TAPBP_TPSN.txt.gz.annotated.gz.exclusions.gz.alleles.gz
finished 12378_71_TAPBP_TPSN.txt.gz.annotated.gz.exclusions.gz.alleles.gz
running 12381_26_CBR1_CBR1.txt.gz.annotated.gz.exclusions.gz.alleles.gz
finished 12381_26_CBR1_CBR1.txt.gz.annotated.gz.exclusions.gz.alleles.gz
running 12382_2_DDX58_DDX58.txt.gz.annotated.gz.exclusions.gz.alleles.gz
finished 12382_2_DDX58_DDX58.txt.gz.annotated.gz.exclusions.gz.alleles.gz
running 12384_92_COPS7B_CSN7B.txt.gz.annotated.gz.exclusions.gz.alleles.gz
finished 12384_92_COPS7B_CSN7B.txt.gz.annotated.gz.exclusions.gz.alleles.gz
running 12385_4_CAPN3_CAN3.txt.gz.annotated.gz.exclusions.gz.alleles.gz
finished 12385_4_CAPN3_CAN3.txt.gz.annotated.gz.exclusions.gz.alleles.gz
running 12386_11_RNPEP_AMPB.txt.gz.annotated.gz.exclusions.gz.alleles.gz
finished 12386_11_RNPEP_AMPB.txt.gz.annotated.gz.exclusions.gz.alleles.gz
running 12387_7_PDLIM4_PDLI4.txt.gz.annotated.gz.exclusions.gz.alleles.gz
finished 12387_7_PDLIM4_PDLI4.txt.gz.annotated.gz.exclusions.gz.alleles.gz
running 12389_4_ORC6L_ORC6.txt.gz.annotated.gz.exclusions.gz.alleles.gz
finished 12389_4_ORC6L_ORC6.txt.gz.annotated.gz.exclusions.gz.alleles.gz
running 12391_27_PDZD7_PDZD7.txt.gz.annotated.gz.exclusions.gz.alleles.gz
finished 12391_27_PDZD7_PDZD7.txt.gz.annotated.gz.exclusions.gz.alleles.gz
running 12392_30_ARL1_ARL1.txt.gz.annotated.gz.exclusions.gz.alleles.gz
finished 12392_30_ARL1_ARL1.txt.gz.annotated.gz.exclusions.gz.alleles.gz
running 12394_53_C16orf54_CP054.txt.gz.annotated.gz.exclusions.gz.alleles.gz
finished 12394_53_C16orf54_CP054.txt.gz.annotated.gz.exclusions.gz.alleles.gz
running 12395_86_DARS2_SYDM.txt.gz.annotated.gz.exclusions.gz.alleles.gz
finished 12395_86_DARS2_SYDM.txt.gz.annotated.gz.exclusions.gz.alleles.gz
running 12396_19_HIBCH_HIBCH.txt.gz.annotated.gz.exclusions.gz.alleles.gz
finished 12396_19_HIBCH_HIBCH.txt.gz.annotated.gz.exclusions.gz.alleles.gz
running 12398_15_PAX4_PAX4.txt.gz.annotated.gz.exclusions.gz.alleles.gz
finished 12398_15_PAX4_PAX4.txt.gz.annotated.gz.exclusions.gz.alleles.gz
running 12399_194_CCDC50_CCD50.txt.gz.annotated.gz.exclusions.gz.alleles.gz
finished 12399_194_CCDC50_CCD50.txt.gz.annotated.gz.exclusions.gz.alleles.gz
running 12400_25_UBE2T_UBE2T.txt.gz.annotated.gz.exclusions.gz.alleles.gz
finished 12400_25_UBE2T_UBE2T.txt.gz.annotated.gz.exclusions.gz.alleles.gz
running 12401_3_STAMBPL1_STALP.txt.gz.annotated.gz.exclusions.gz.alleles.gz
finished 12401_3_STAMBPL1_STALP.txt.gz.annotated.gz.exclusions.gz.alleles.gz
running 12403_30_RAB39B_RB39B.txt.gz.annotated.gz.exclusions.gz.alleles.gz
finished 12403_30_RAB39B_RB39B.txt.gz.annotated.gz.exclusions.gz.alleles.gz
running 12406_119_DIRAS3_ARHI.txt.gz.annotated.gz.exclusions.gz.alleles.gz
finished 12406_119_DIRAS3_ARHI.txt.gz.annotated.gz.exclusions.gz.alleles.gz
running 12408_333_RAB22A_RB22A.txt.gz.annotated.gz.exclusions.gz.alleles.gz
finished 12408_333_RAB22A_RB22A.txt.gz.annotated.gz.exclusions.gz.alleles.gz
running 12409_90_RAB7B_RAB7B.txt.gz.annotated.gz.exclusions.gz.alleles.gz
finished 12409_90_RAB7B_RAB7B.txt.gz.annotated.gz.exclusions.gz.alleles.gz
running 12411_60_MAX_MAX.txt.gz.annotated.gz.exclusions.gz.alleles.gz
finished 12411_60_MAX_MAX.txt.gz.annotated.gz.exclusions.gz.alleles.gz
running 12415_122_EDF1_EDF1.txt.gz.annotated.gz.exclusions.gz.alleles.gz
finished 12415_122_EDF1_EDF1.txt.gz.annotated.gz.exclusions.gz.alleles.gz
running 12417_46_TPRKB_TPRKB.txt.gz.annotated.gz.exclusions.gz.alleles.gz
finished 12417_46_TPRKB_TPRKB.txt.gz.annotated.gz.exclusions.gz.alleles.gz
running 12420_10_GPD1L_GPD1L.txt.gz.annotated.gz.exclusions.gz.alleles.gz
finished 12420_10_GPD1L_GPD1L.txt.gz.annotated.gz.exclusions.gz.alleles.gz
running 12422_143_ALOX15B_LX15B.txt.gz.annotated.gz.exclusions.gz.alleles.gz
finished 12422_143_ALOX15B_LX15B.txt.gz.annotated.gz.exclusions.gz.alleles.gz
running 12423_38_A1CF_A1CF.txt.gz.annotated.gz.exclusions.gz.alleles.gz
finished 12423_38_A1CF_A1CF.txt.gz.annotated.gz.exclusions.gz.alleles.gz
running 12424_107_THYN1_THYN1.txt.gz.annotated.gz.exclusions.gz.alleles.gz
finished 12424_107_THYN1_THYN1.txt.gz.annotated.gz.exclusions.gz.alleles.gz
running 12425_104_ARF6_ARF6.txt.gz.annotated.gz.exclusions.gz.alleles.gz
finished 12425_104_ARF6_ARF6.txt.gz.annotated.gz.exclusions.gz.alleles.gz
running 12426_19_MOB1A_MOL1B.txt.gz.annotated.gz.exclusions.gz.alleles.gz
finished 12426_19_MOB1A_MOL1B.txt.gz.annotated.gz.exclusions.gz.alleles.gz
running 12427_8_CDC25B_MPIP2.txt.gz.annotated.gz.exclusions.gz.alleles.gz
finished 12427_8_CDC25B_MPIP2.txt.gz.annotated.gz.exclusions.gz.alleles.gz
running 12428_2_LYPLAL1_LYPL1.txt.gz.annotated.gz.exclusions.gz.alleles.gz
finished 12428_2_LYPLAL1_LYPL1.txt.gz.annotated.gz.exclusions.gz.alleles.gz
running 12430_78_PAIP1_PAIP1.txt.gz.annotated.gz.exclusions.gz.alleles.gz
finished 12430_78_PAIP1_PAIP1.txt.gz.annotated.gz.exclusions.gz.alleles.gz
running 12431_13_PELO_PELO.txt.gz.annotated.gz.exclusions.gz.alleles.gz
finished 12431_13_PELO_PELO.txt.gz.annotated.gz.exclusions.gz.alleles.gz
running 12432_23_CACYBP_CYBP.txt.gz.annotated.gz.exclusions.gz.alleles.gz
finished 12432_23_CACYBP_CYBP.txt.gz.annotated.gz.exclusions.gz.alleles.gz
running 12433_8_ARL11_ARL11.txt.gz.annotated.gz.exclusions.gz.alleles.gz
finished 12433_8_ARL11_ARL11.txt.gz.annotated.gz.exclusions.gz.alleles.gz
running 12434_25_IST1_K0174.txt.gz.annotated.gz.exclusions.gz.alleles.gz
finished 12434_25_IST1_K0174.txt.gz.annotated.gz.exclusions.gz.alleles.gz
running 12436_84_GSTO1_GST_omega_1.txt.gz.annotated.gz.exclusions.gz.alleles.gz
finished 12436_84_GSTO1_GST_omega_1.txt.gz.annotated.gz.exclusions.gz.alleles.gz
running 12437_18_ULK3_ULK3.txt.gz.annotated.gz.exclusions.gz.alleles.gz
finished 12437_18_ULK3_ULK3.txt.gz.annotated.gz.exclusions.gz.alleles.gz
running 12438_127_MPG_3MG.txt.gz.annotated.gz.exclusions.gz.alleles.gz
finished 12438_127_MPG_3MG.txt.gz.annotated.gz.exclusions.gz.alleles.gz
running 12439_67_IRF9_ISGF3.txt.gz.annotated.gz.exclusions.gz.alleles.gz
finished 12439_67_IRF9_ISGF3.txt.gz.annotated.gz.exclusions.gz.alleles.gz
running 12442_4_RHOD_RHOD.txt.gz.annotated.gz.exclusions.gz.alleles.gz
finished 12442_4_RHOD_RHOD.txt.gz.annotated.gz.exclusions.gz.alleles.gz
running 12444_39_NR5A2_NR5A2.txt.gz.annotated.gz.exclusions.gz.alleles.gz
finished 12444_39_NR5A2_NR5A2.txt.gz.annotated.gz.exclusions.gz.alleles.gz
running 12445_50_ANKRD27_ANR27.txt.gz.annotated.gz.exclusions.gz.alleles.gz
finished 12445_50_ANKRD27_ANR27.txt.gz.annotated.gz.exclusions.gz.alleles.gz
running 12449_16_PPIH_PPIH.txt.gz.annotated.gz.exclusions.gz.alleles.gz
finished 12449_16_PPIH_PPIH.txt.gz.annotated.gz.exclusions.gz.alleles.gz
running 12450_42_PMVK_PMVK.txt.gz.annotated.gz.exclusions.gz.alleles.gz
finished 12450_42_PMVK_PMVK.txt.gz.annotated.gz.exclusions.gz.alleles.gz
running 12451_62_BACH1_BACH1.txt.gz.annotated.gz.exclusions.gz.alleles.gz
finished 12451_62_BACH1_BACH1.txt.gz.annotated.gz.exclusions.gz.alleles.gz
running 12452_32_SUV420H2_SV422.txt.gz.annotated.gz.exclusions.gz.alleles.gz
finished 12452_32_SUV420H2_SV422.txt.gz.annotated.gz.exclusions.gz.alleles.gz
running 12453_161_NXF1_NXF1.txt.gz.annotated.gz.exclusions.gz.alleles.gz
finished 12453_161_NXF1_NXF1.txt.gz.annotated.gz.exclusions.gz.alleles.gz
running 12454_105_NTMT1_NTM1A.txt.gz.annotated.gz.exclusions.gz.alleles.gz
finished 12454_105_NTMT1_NTM1A.txt.gz.annotated.gz.exclusions.gz.alleles.gz
running 12455_48_MYNN_MYNN.txt.gz.annotated.gz.exclusions.gz.alleles.gz
finished 12455_48_MYNN_MYNN.txt.gz.annotated.gz.exclusions.gz.alleles.gz
running 12456_5_PFKFB3_F263.txt.gz.annotated.gz.exclusions.gz.alleles.gz
finished 12456_5_PFKFB3_F263.txt.gz.annotated.gz.exclusions.gz.alleles.gz
running 12457_10_ADI1_MTND.txt.gz.annotated.gz.exclusions.gz.alleles.gz
finished 12457_10_ADI1_MTND.txt.gz.annotated.gz.exclusions.gz.alleles.gz
running 12458_79_CHP1_CHP1.txt.gz.annotated.gz.exclusions.gz.alleles.gz
finished 12458_79_CHP1_CHP1.txt.gz.annotated.gz.exclusions.gz.alleles.gz
running 12459_13_PLEKHA1_PKHA1.txt.gz.annotated.gz.exclusions.gz.alleles.gz
finished 12459_13_PLEKHA1_PKHA1.txt.gz.annotated.gz.exclusions.gz.alleles.gz
running 12460_18_PSMA7_PSA7.txt.gz.annotated.gz.exclusions.gz.alleles.gz
finished 12460_18_PSMA7_PSA7.txt.gz.annotated.gz.exclusions.gz.alleles.gz
running 12461_8_SIRT5_SIRT5.txt.gz.annotated.gz.exclusions.gz.alleles.gz
finished 12461_8_SIRT5_SIRT5.txt.gz.annotated.gz.exclusions.gz.alleles.gz
running 12462_20_SETMAR_SETMR.txt.gz.annotated.gz.exclusions.gz.alleles.gz
finished 12462_20_SETMAR_SETMR.txt.gz.annotated.gz.exclusions.gz.alleles.gz
running 12463_7_KLHL13_KLH13.txt.gz.annotated.gz.exclusions.gz.alleles.gz
finished 12463_7_KLHL13_KLH13.txt.gz.annotated.gz.exclusions.gz.alleles.gz
running 12466_7_HNRNPA1_ROA1.txt.gz.annotated.gz.exclusions.gz.alleles.gz
finished 12466_7_HNRNPA1_ROA1.txt.gz.annotated.gz.exclusions.gz.alleles.gz
running 12469_19_MAPRE1_MARE1.txt.gz.annotated.gz.exclusions.gz.alleles.gz
finished 12469_19_MAPRE1_MARE1.txt.gz.annotated.gz.exclusions.gz.alleles.gz
running 12471_47_STAU1_STAU1.txt.gz.annotated.gz.exclusions.gz.alleles.gz
finished 12471_47_STAU1_STAU1.txt.gz.annotated.gz.exclusions.gz.alleles.gz
running 12473_48_KCTD5_KCTD5.txt.gz.annotated.gz.exclusions.gz.alleles.gz
finished 12473_48_KCTD5_KCTD5.txt.gz.annotated.gz.exclusions.gz.alleles.gz
running 12475_48_CLIC5_CLIC5.txt.gz.annotated.gz.exclusions.gz.alleles.gz
finished 12475_48_CLIC5_CLIC5.txt.gz.annotated.gz.exclusions.gz.alleles.gz
running 12476_50_TIGAR_TIGAR.txt.gz.annotated.gz.exclusions.gz.alleles.gz
finished 12476_50_TIGAR_TIGAR.txt.gz.annotated.gz.exclusions.gz.alleles.gz
running 12477_42_TSN_TSN.txt.gz.annotated.gz.exclusions.gz.alleles.gz
finished 12477_42_TSN_TSN.txt.gz.annotated.gz.exclusions.gz.alleles.gz
running 12478_15_RPL30_RL30.txt.gz.annotated.gz.exclusions.gz.alleles.gz
finished 12478_15_RPL30_RL30.txt.gz.annotated.gz.exclusions.gz.alleles.gz
running 12479_50_PRKAR1B_KAP1.txt.gz.annotated.gz.exclusions.gz.alleles.gz
finished 12479_50_PRKAR1B_KAP1.txt.gz.annotated.gz.exclusions.gz.alleles.gz
running 12480_9_OTUD5_OTUD5.txt.gz.annotated.gz.exclusions.gz.alleles.gz
finished 12480_9_OTUD5_OTUD5.txt.gz.annotated.gz.exclusions.gz.alleles.gz
running 12482_5_BPTF_BPTF.txt.gz.annotated.gz.exclusions.gz.alleles.gz
finished 12482_5_BPTF_BPTF.txt.gz.annotated.gz.exclusions.gz.alleles.gz
running 12483_62_RORB_RORB.txt.gz.annotated.gz.exclusions.gz.alleles.gz
finished 12483_62_RORB_RORB.txt.gz.annotated.gz.exclusions.gz.alleles.gz
running 12484_67_PITPNB_PIPNB.txt.gz.annotated.gz.exclusions.gz.alleles.gz
finished 12484_67_PITPNB_PIPNB.txt.gz.annotated.gz.exclusions.gz.alleles.gz
running 12486_8_GLRX2_GLRX2.txt.gz.annotated.gz.exclusions.gz.alleles.gz
finished 12486_8_GLRX2_GLRX2.txt.gz.annotated.gz.exclusions.gz.alleles.gz
