running A1BG_P04217_OID30771.gz
finished A1BG_P04217_OID30771.gz
running AAMDC_Q9H7C9_OID30236.gz
finished AAMDC_Q9H7C9_OID30236.gz
running AARSD1_Q9BTE6_OID21311.gz
finished AARSD1_Q9BTE6_OID21311.gz
running ABCA2_Q9BZC7_OID30146.gz
finished ABCA2_Q9BZC7_OID30146.gz
running ABHD14B_Q96IU4_OID20921.gz
finished ABHD14B_Q96IU4_OID20921.gz
running ABL1_P00519_OID21280.gz
finished ABL1_P00519_OID21280.gz
running ABO_P16442_OID30675.gz
finished ABO_P16442_OID30675.gz
running ABRAXAS2_Q15018_OID30130.gz
finished ABRAXAS2_Q15018_OID30130.gz
running ACAA1_P09110_OID21269.gz
finished ACAA1_P09110_OID21269.gz
running ACADM_P11310_OID31277.gz
finished ACADM_P11310_OID31277.gz
running ACADSB_P45954_OID30356.gz
finished ACADSB_P45954_OID30356.gz
running ACAN_P16112_OID20159.gz
finished ACAN_P16112_OID20159.gz
running ACE2_Q9BYF1_OID20105.gz
finished ACE2_Q9BYF1_OID20105.gz
running ACE_P12821_OID30696.gz
finished ACE_P12821_OID30696.gz
running ACHE_P22303_OID30585.gz
finished ACHE_P22303_OID30585.gz
running ACOT13_Q9NPJ3_OID31522.gz
finished ACOT13_Q9NPJ3_OID31522.gz
running ACOX1_Q15067_OID20124.gz
finished ACOX1_Q15067_OID20124.gz
running ACP1_P24666_OID30524.gz
finished ACP1_P24666_OID30524.gz
running ACP5_P13686_OID20314.gz
finished ACP5_P13686_OID20314.gz
running ACP6_Q9NPH0_OID21432.gz
finished ACP6_Q9NPH0_OID21432.gz
running ACRBP_Q8NEB7_OID31385.gz
finished ACRBP_Q8NEB7_OID31385.gz
running ACRV1_P26436_OID30513.gz
finished ACRV1_P26436_OID30513.gz
running ACSL1_P33121_OID30080.gz
finished ACSL1_P33121_OID30080.gz
running ACTA2_P62736_OID20079.gz
finished ACTA2_P62736_OID20079.gz
running ACTN2_P35609_OID30192.gz
finished ACTN2_P35609_OID30192.gz
running ACTN4_O43707_OID20435.gz
finished ACTN4_O43707_OID20435.gz
running ACVRL1_P37023_OID20999.gz
finished ACVRL1_P37023_OID20999.gz
running ACY1_Q03154_OID20137.gz
finished ACY1_Q03154_OID20137.gz
running ACY3_Q96HD9_OID30086.gz
finished ACY3_Q96HD9_OID30086.gz
running ACYP1_P07311_OID30642.gz
finished ACYP1_P07311_OID30642.gz
running ADA2_Q9NZK5_OID20394.gz
finished ADA2_Q9NZK5_OID20394.gz
running ADAM12_O43184_OID30491.gz
finished ADAM12_O43184_OID30491.gz
running ADAM15_Q13444_OID20109.gz
finished ADAM15_Q13444_OID20109.gz
running ADAM22_Q9P0K1_OID21001.gz
finished ADAM22_Q9P0K1_OID21001.gz
running ADAM23_O75077_OID20651.gz
finished ADAM23_O75077_OID20651.gz
running ADAM8_P78325_OID21039.gz
finished ADAM8_P78325_OID21039.gz
running ADAM9_Q13443_OID31488.gz
finished ADAM9_Q13443_OID31488.gz
running ADAMTS13_Q76LX8_OID20249.gz
finished ADAMTS13_Q76LX8_OID20249.gz
running ADAMTS15_Q8TE58_OID21275.gz
finished ADAMTS15_Q8TE58_OID21275.gz
running ADAMTS16_Q8TE57_OID20089.gz
finished ADAMTS16_Q8TE57_OID20089.gz
running ADAMTS1_Q9UHI8_OID30528.gz
finished ADAMTS1_Q9UHI8_OID30528.gz
running ADAMTS4_O75173_OID30471.gz
finished ADAMTS4_O75173_OID30471.gz
running ADAMTS8_Q9UP79_OID21502.gz
finished ADAMTS8_Q9UP79_OID21502.gz
running ADAMTSL2_Q86TH1_OID30370.gz
finished ADAMTSL2_Q86TH1_OID30370.gz
running ADAMTSL4_Q6UY14_OID30275.gz
finished ADAMTSL4_Q6UY14_OID30275.gz
running ADAMTSL5_Q6ZMM2_OID30355.gz
finished ADAMTSL5_Q6ZMM2_OID30355.gz
running ADA_P00813_OID20645.gz
finished ADA_P00813_OID20645.gz
running ADCYAP1R1_P41586_OID21188.gz
finished ADCYAP1R1_P41586_OID21188.gz
running ADD1_P35611_OID30655.gz
finished ADD1_P35611_OID30655.gz
running ADGRB3_O60242_OID20974.gz
finished ADGRB3_O60242_OID20974.gz
running ADGRD1_Q6QNK2_OID30588.gz
finished ADGRD1_Q6QNK2_OID30588.gz
running ADGRE1_Q14246_OID31483.gz
finished ADGRE1_Q14246_OID31483.gz
running ADGRE2_Q9UHX3_OID20755.gz
finished ADGRE2_Q9UHX3_OID20755.gz
running ADGRE5_P48960_OID20260.gz
finished ADGRE5_P48960_OID20260.gz
running ADGRF5_Q8IZF2_OID30349.gz
finished ADGRF5_Q8IZF2_OID30349.gz
running ADGRG1_Q9Y653_OID21294.gz
finished ADGRG1_Q9Y653_OID21294.gz
running ADGRG2_Q8IZP9_OID20189.gz
finished ADGRG2_Q8IZP9_OID20189.gz
running ADGRV1_Q8WXG9_OID30877.gz
finished ADGRV1_Q8WXG9_OID30877.gz
running ADH1B_P00325_OID30612.gz
finished ADH1B_P00325_OID30612.gz
running ADH4_P08319_OID20117.gz
finished ADH4_P08319_OID20117.gz
running ADIPOQ_Q15848_OID30748.gz
finished ADIPOQ_Q15848_OID30748.gz
running ADM_P35318_OID21467.gz
finished ADM_P35318_OID21467.gz
running ADRA2A_P08913_OID30067.gz
finished ADRA2A_P08913_OID30067.gz
running AFAP1_Q8N556_OID30569.gz
finished AFAP1_Q8N556_OID30569.gz
running AFM_P43652_OID30741.gz
finished AFM_P43652_OID30741.gz
running AFP_P02771_OID20978.gz
finished AFP_P02771_OID20978.gz
running AGBL2_Q5U5Z8_OID30793.gz
finished AGBL2_Q5U5Z8_OID30793.gz
running AGER_Q15109_OID20756.gz
finished AGER_Q15109_OID20756.gz
running AGR2_O95994_OID20896.gz
finished AGR2_O95994_OID20896.gz
running AGR3_Q8TD06_OID21243.gz
finished AGR3_Q8TD06_OID21243.gz
running AGRN_O00468_OID20786.gz
finished AGRN_O00468_OID20786.gz
running AGRP_O00253_OID20658.gz
finished AGRP_O00253_OID20658.gz
running AGT_P01019_OID30709.gz
finished AGT_P01019_OID30709.gz
running AGXT_P21549_OID20139.gz
finished AGXT_P21549_OID20139.gz
running AHCY_P23526_OID20199.gz
finished AHCY_P23526_OID20199.gz
running AHNAK2_Q8IVF2_OID30244.gz
finished AHNAK2_Q8IVF2_OID30244.gz
running AHNAK_Q09666_OID30260.gz
finished AHNAK_Q09666_OID30260.gz
running AHSA1_O95433_OID31379.gz
finished AHSA1_O95433_OID31379.gz
running AHSG_P02765_OID30706.gz
finished AHSG_P02765_OID30706.gz
running AHSP_Q9NZD4_OID21078.gz
finished AHSP_Q9NZD4_OID21078.gz
