running 9348_1_C1RL_C1RL1.txt.gz.annotated.gz.exclusions.gz.alleles.gz
finished 9348_1_C1RL_C1RL1.txt.gz.annotated.gz.exclusions.gz.alleles.gz
running 9350_3_FSTL4_FSTL4.txt.gz.annotated.gz.exclusions.gz.alleles.gz
finished 9350_3_FSTL4_FSTL4.txt.gz.annotated.gz.exclusions.gz.alleles.gz
running 9357_4_CREG1_CREG1.txt.gz.annotated.gz.exclusions.gz.alleles.gz
finished 9357_4_CREG1_CREG1.txt.gz.annotated.gz.exclusions.gz.alleles.gz
running 9359_9_DLK2_EGFL9.txt.gz.annotated.gz.exclusions.gz.alleles.gz
finished 9359_9_DLK2_EGFL9.txt.gz.annotated.gz.exclusions.gz.alleles.gz
running 9360_33_EDIL3_EDIL3.txt.gz.annotated.gz.exclusions.gz.alleles.gz
finished 9360_33_EDIL3_EDIL3.txt.gz.annotated.gz.exclusions.gz.alleles.gz
running 9361_7_PCDHAC2_PCDC2.txt.gz.annotated.gz.exclusions.gz.alleles.gz
finished 9361_7_PCDHAC2_PCDC2.txt.gz.annotated.gz.exclusions.gz.alleles.gz
running 9363_11_CT55_CX048.txt.gz.annotated.gz.exclusions.gz.alleles.gz
finished 9363_11_CT55_CX048.txt.gz.annotated.gz.exclusions.gz.alleles.gz
running 9365_91_EYS_EYS.txt.gz.annotated.gz.exclusions.gz.alleles.gz
finished 9365_91_EYS_EYS.txt.gz.annotated.gz.exclusions.gz.alleles.gz
running 9366_54_IL21R_IL_21_sR.txt.gz.annotated.gz.exclusions.gz.alleles.gz
finished 9366_54_IL21R_IL_21_sR.txt.gz.annotated.gz.exclusions.gz.alleles.gz
running 9368_64_LRTM1_LRTM1.txt.gz.annotated.gz.exclusions.gz.alleles.gz
finished 9368_64_LRTM1_LRTM1.txt.gz.annotated.gz.exclusions.gz.alleles.gz
running 9369_174_LRRC4C_NGL1.txt.gz.annotated.gz.exclusions.gz.alleles.gz
finished 9369_174_LRRC4C_NGL1.txt.gz.annotated.gz.exclusions.gz.alleles.gz
running 9370_69_GGH_GGH.txt.gz.annotated.gz.exclusions.gz.alleles.gz
finished 9370_69_GGH_GGH.txt.gz.annotated.gz.exclusions.gz.alleles.gz
running 9372_157_MPZL2_MPZL2.txt.gz.annotated.gz.exclusions.gz.alleles.gz
finished 9372_157_MPZL2_MPZL2.txt.gz.annotated.gz.exclusions.gz.alleles.gz
running 9374_24_NNAT_NNAT.txt.gz.annotated.gz.exclusions.gz.alleles.gz
finished 9374_24_NNAT_NNAT.txt.gz.annotated.gz.exclusions.gz.alleles.gz
running 9377_25_KITLG_SCF.txt.gz.annotated.gz.exclusions.gz.alleles.gz
finished 9377_25_KITLG_SCF.txt.gz.annotated.gz.exclusions.gz.alleles.gz
running 9378_6_FIBCD1_FBCD1.txt.gz.annotated.gz.exclusions.gz.alleles.gz
finished 9378_6_FIBCD1_FBCD1.txt.gz.annotated.gz.exclusions.gz.alleles.gz
running 9379_248_SMIM10_CX069.txt.gz.annotated.gz.exclusions.gz.alleles.gz
finished 9379_248_SMIM10_CX069.txt.gz.annotated.gz.exclusions.gz.alleles.gz
running 9380_2_PLA2G12B_sPLA_2__XIII.txt.gz.annotated.gz.exclusions.gz.alleles.gz
finished 9380_2_PLA2G12B_sPLA_2__XIII.txt.gz.annotated.gz.exclusions.gz.alleles.gz
running 9383_24_CHI3L2_CH3L2.txt.gz.annotated.gz.exclusions.gz.alleles.gz
finished 9383_24_CHI3L2_CH3L2.txt.gz.annotated.gz.exclusions.gz.alleles.gz
running 9384_17_CAMP_Cathelicidin_peptide.txt.gz.annotated.gz.exclusions.gz.alleles.gz
finished 9384_17_CAMP_Cathelicidin_peptide.txt.gz.annotated.gz.exclusions.gz.alleles.gz
running 9385_4_GAA_GAA.txt.gz.annotated.gz.exclusions.gz.alleles.gz
finished 9385_4_GAA_GAA.txt.gz.annotated.gz.exclusions.gz.alleles.gz
running 9386_42_TTC9B_TTC9B.txt.gz.annotated.gz.exclusions.gz.alleles.gz
finished 9386_42_TTC9B_TTC9B.txt.gz.annotated.gz.exclusions.gz.alleles.gz
running 9388_18_MCEE_MCEE.txt.gz.annotated.gz.exclusions.gz.alleles.gz
finished 9388_18_MCEE_MCEE.txt.gz.annotated.gz.exclusions.gz.alleles.gz
running 9391_60_PCSK1N_PCSK1.txt.gz.annotated.gz.exclusions.gz.alleles.gz
finished 9391_60_PCSK1N_PCSK1.txt.gz.annotated.gz.exclusions.gz.alleles.gz
running 9392_43_MGAT4A_MGT4A.txt.gz.annotated.gz.exclusions.gz.alleles.gz
finished 9392_43_MGAT4A_MGT4A.txt.gz.annotated.gz.exclusions.gz.alleles.gz
running 9394_19_CPQ_Aminopeptidase.txt.gz.annotated.gz.exclusions.gz.alleles.gz
finished 9394_19_CPQ_Aminopeptidase.txt.gz.annotated.gz.exclusions.gz.alleles.gz
running 9398_30_GALP_GALP.txt.gz.annotated.gz.exclusions.gz.alleles.gz
finished 9398_30_GALP_GALP.txt.gz.annotated.gz.exclusions.gz.alleles.gz
running 9401_57_TRABD2A_CB089.txt.gz.annotated.gz.exclusions.gz.alleles.gz
finished 9401_57_TRABD2A_CB089.txt.gz.annotated.gz.exclusions.gz.alleles.gz
running 9402_18_DCBLD1_DCBD1.txt.gz.annotated.gz.exclusions.gz.alleles.gz
finished 9402_18_DCBLD1_DCBD1.txt.gz.annotated.gz.exclusions.gz.alleles.gz
running 9409_11_TPSAB1_TRYB1.txt.gz.annotated.gz.exclusions.gz.alleles.gz
finished 9409_11_TPSAB1_TRYB1.txt.gz.annotated.gz.exclusions.gz.alleles.gz
running 9412_52_ACVR2B_Activin_RIIB.txt.gz.annotated.gz.exclusions.gz.alleles.gz
finished 9412_52_ACVR2B_Activin_RIIB.txt.gz.annotated.gz.exclusions.gz.alleles.gz
running 9416_77_CPM_CBPM.txt.gz.annotated.gz.exclusions.gz.alleles.gz
finished 9416_77_CPM_CBPM.txt.gz.annotated.gz.exclusions.gz.alleles.gz
running 9443_137_CTSK_cathepsin_K.txt.gz.annotated.gz.exclusions.gz.alleles.gz
finished 9443_137_CTSK_cathepsin_K.txt.gz.annotated.gz.exclusions.gz.alleles.gz
running 9444_70_DGCR6_DGCR6.txt.gz.annotated.gz.exclusions.gz.alleles.gz
finished 9444_70_DGCR6_DGCR6.txt.gz.annotated.gz.exclusions.gz.alleles.gz
running 9445_44_C19orf18_CS018.txt.gz.annotated.gz.exclusions.gz.alleles.gz
finished 9445_44_C19orf18_CS018.txt.gz.annotated.gz.exclusions.gz.alleles.gz
running 9449_150_C4BPA_C4b_binding_protein_alpha_chain.txt.gz.annotated.gz.exclusions.gz.alleles.gz
finished 9449_150_C4BPA_C4b_binding_protein_alpha_chain.txt.gz.annotated.gz.exclusions.gz.alleles.gz
running 9450_18_CDK2AP1_CDKA1.txt.gz.annotated.gz.exclusions.gz.alleles.gz
finished 9450_18_CDK2AP1_CDKA1.txt.gz.annotated.gz.exclusions.gz.alleles.gz
running 9451_20_UMOD_Uromodulin.txt.gz.annotated.gz.exclusions.gz.alleles.gz
finished 9451_20_UMOD_Uromodulin.txt.gz.annotated.gz.exclusions.gz.alleles.gz
running 9453_12_VEGFB_VEGF_B.txt.gz.annotated.gz.exclusions.gz.alleles.gz
finished 9453_12_VEGFB_VEGF_B.txt.gz.annotated.gz.exclusions.gz.alleles.gz
running 9457_3_CAV2_CAV2.txt.gz.annotated.gz.exclusions.gz.alleles.gz
finished 9457_3_CAV2_CAV2.txt.gz.annotated.gz.exclusions.gz.alleles.gz
running 9459_7_FAS_Fas__soluble.txt.gz.annotated.gz.exclusions.gz.alleles.gz
finished 9459_7_FAS_Fas__soluble.txt.gz.annotated.gz.exclusions.gz.alleles.gz
running 9468_8_LMAN2_Lectin__mannose_binding_2.txt.gz.annotated.gz.exclusions.gz.alleles.gz
finished 9468_8_LMAN2_Lectin__mannose_binding_2.txt.gz.annotated.gz.exclusions.gz.alleles.gz
running 9470_15_METTL24_MET24.txt.gz.annotated.gz.exclusions.gz.alleles.gz
finished 9470_15_METTL24_MET24.txt.gz.annotated.gz.exclusions.gz.alleles.gz
running 9474_22_ASGR2_ASGR2.txt.gz.annotated.gz.exclusions.gz.alleles.gz
finished 9474_22_ASGR2_ASGR2.txt.gz.annotated.gz.exclusions.gz.alleles.gz
running 9475_22_GPX5_GPX5.txt.gz.annotated.gz.exclusions.gz.alleles.gz
finished 9475_22_GPX5_GPX5.txt.gz.annotated.gz.exclusions.gz.alleles.gz
running 9478_69_PRPSAP1_KPRA.txt.gz.annotated.gz.exclusions.gz.alleles.gz
finished 9478_69_PRPSAP1_KPRA.txt.gz.annotated.gz.exclusions.gz.alleles.gz
running 9482_110_NUDT9_NUDT9.txt.gz.annotated.gz.exclusions.gz.alleles.gz
finished 9482_110_NUDT9_NUDT9.txt.gz.annotated.gz.exclusions.gz.alleles.gz
running 9484_75_DSG2_Desmoglein_2.txt.gz.annotated.gz.exclusions.gz.alleles.gz
finished 9484_75_DSG2_Desmoglein_2.txt.gz.annotated.gz.exclusions.gz.alleles.gz
running 9486_13_DEFB125_DB125.txt.gz.annotated.gz.exclusions.gz.alleles.gz
finished 9486_13_DEFB125_DB125.txt.gz.annotated.gz.exclusions.gz.alleles.gz
running 9487_60_GHRH_Growth_hormone_releasing_factor.txt.gz.annotated.gz.exclusions.gz.alleles.gz
finished 9487_60_GHRH_Growth_hormone_releasing_factor.txt.gz.annotated.gz.exclusions.gz.alleles.gz
running 9490_3_C4orf32_CD032.txt.gz.annotated.gz.exclusions.gz.alleles.gz
finished 9490_3_C4orf32_CD032.txt.gz.annotated.gz.exclusions.gz.alleles.gz
running 9495_10_CXCL17_VCC1.txt.gz.annotated.gz.exclusions.gz.alleles.gz
finished 9495_10_CXCL17_VCC1.txt.gz.annotated.gz.exclusions.gz.alleles.gz
running 9503_1_NMS_NMS.txt.gz.annotated.gz.exclusions.gz.alleles.gz
finished 9503_1_NMS_NMS.txt.gz.annotated.gz.exclusions.gz.alleles.gz
running 9504_19_RAB27A_RB27A.txt.gz.annotated.gz.exclusions.gz.alleles.gz
finished 9504_19_RAB27A_RB27A.txt.gz.annotated.gz.exclusions.gz.alleles.gz
running 9506_10_APOL1_Apo_L1.txt.gz.annotated.gz.exclusions.gz.alleles.gz
finished 9506_10_APOL1_Apo_L1.txt.gz.annotated.gz.exclusions.gz.alleles.gz
running 9509_4_TMEM38B_TM38B.txt.gz.annotated.gz.exclusions.gz.alleles.gz
finished 9509_4_TMEM38B_TM38B.txt.gz.annotated.gz.exclusions.gz.alleles.gz
running 9511_61_NXPH2_NXPH2.txt.gz.annotated.gz.exclusions.gz.alleles.gz
finished 9511_61_NXPH2_NXPH2.txt.gz.annotated.gz.exclusions.gz.alleles.gz
running 9513_9_FGF22_FGF22.txt.gz.annotated.gz.exclusions.gz.alleles.gz
finished 9513_9_FGF22_FGF22.txt.gz.annotated.gz.exclusions.gz.alleles.gz
running 9518_95_PLA1A_PLA1A.txt.gz.annotated.gz.exclusions.gz.alleles.gz
finished 9518_95_PLA1A_PLA1A.txt.gz.annotated.gz.exclusions.gz.alleles.gz
running 9522_3_AIFM1_AIF.txt.gz.annotated.gz.exclusions.gz.alleles.gz
finished 9522_3_AIFM1_AIF.txt.gz.annotated.gz.exclusions.gz.alleles.gz
running 9523_34_ITM2C_ITM2C.txt.gz.annotated.gz.exclusions.gz.alleles.gz
finished 9523_34_ITM2C_ITM2C.txt.gz.annotated.gz.exclusions.gz.alleles.gz
running 9524_46_SPATA31D4_S31D4.txt.gz.annotated.gz.exclusions.gz.alleles.gz
finished 9524_46_SPATA31D4_S31D4.txt.gz.annotated.gz.exclusions.gz.alleles.gz
running 9525_1_PTK7_PTK7.txt.gz.annotated.gz.exclusions.gz.alleles.gz
finished 9525_1_PTK7_PTK7.txt.gz.annotated.gz.exclusions.gz.alleles.gz
running 9526_3_CLPSL1_COLL1.txt.gz.annotated.gz.exclusions.gz.alleles.gz
finished 9526_3_CLPSL1_COLL1.txt.gz.annotated.gz.exclusions.gz.alleles.gz
running 9531_24_LST1_LST1.txt.gz.annotated.gz.exclusions.gz.alleles.gz
finished 9531_24_LST1_LST1.txt.gz.annotated.gz.exclusions.gz.alleles.gz
running 9532_5_WBP1L_WBP1L.txt.gz.annotated.gz.exclusions.gz.alleles.gz
finished 9532_5_WBP1L_WBP1L.txt.gz.annotated.gz.exclusions.gz.alleles.gz
running 9536_16_EDDM3A_EP3A.txt.gz.annotated.gz.exclusions.gz.alleles.gz
finished 9536_16_EDDM3A_EP3A.txt.gz.annotated.gz.exclusions.gz.alleles.gz
running 9541_15_B3GALT1_B3GT1.txt.gz.annotated.gz.exclusions.gz.alleles.gz
finished 9541_15_B3GALT1_B3GT1.txt.gz.annotated.gz.exclusions.gz.alleles.gz
running 9543_131_COG8_COG8.txt.gz.annotated.gz.exclusions.gz.alleles.gz
finished 9543_131_COG8_COG8.txt.gz.annotated.gz.exclusions.gz.alleles.gz
running 9544_24_C7orf69_CG069.txt.gz.annotated.gz.exclusions.gz.alleles.gz
finished 9544_24_C7orf69_CG069.txt.gz.annotated.gz.exclusions.gz.alleles.gz
running 9545_156_GZMK_Granzyme_K.txt.gz.annotated.gz.exclusions.gz.alleles.gz
finished 9545_156_GZMK_Granzyme_K.txt.gz.annotated.gz.exclusions.gz.alleles.gz
running 9547_29_EMID1_EMID1.txt.gz.annotated.gz.exclusions.gz.alleles.gz
finished 9547_29_EMID1_EMID1.txt.gz.annotated.gz.exclusions.gz.alleles.gz
running 9550_153_TTC17_TTC17.txt.gz.annotated.gz.exclusions.gz.alleles.gz
finished 9550_153_TTC17_TTC17.txt.gz.annotated.gz.exclusions.gz.alleles.gz
running 9557_5_MANSC1_MANS1.txt.gz.annotated.gz.exclusions.gz.alleles.gz
finished 9557_5_MANSC1_MANS1.txt.gz.annotated.gz.exclusions.gz.alleles.gz
running 9561_21_VCAN_CSPG2.txt.gz.annotated.gz.exclusions.gz.alleles.gz
finished 9561_21_VCAN_CSPG2.txt.gz.annotated.gz.exclusions.gz.alleles.gz
running 9565_6_PAWR_PAWR.txt.gz.annotated.gz.exclusions.gz.alleles.gz
finished 9565_6_PAWR_PAWR.txt.gz.annotated.gz.exclusions.gz.alleles.gz
running 9568_289_FCAMR_FCAMR.txt.gz.annotated.gz.exclusions.gz.alleles.gz
finished 9568_289_FCAMR_FCAMR.txt.gz.annotated.gz.exclusions.gz.alleles.gz
running 9573_108_TXNDC11_TXD11.txt.gz.annotated.gz.exclusions.gz.alleles.gz
finished 9573_108_TXNDC11_TXD11.txt.gz.annotated.gz.exclusions.gz.alleles.gz
running 9574_11_BIN1_BIN1.txt.gz.annotated.gz.exclusions.gz.alleles.gz
finished 9574_11_BIN1_BIN1.txt.gz.annotated.gz.exclusions.gz.alleles.gz
running 9576_58_MNX1_MNX1.txt.gz.annotated.gz.exclusions.gz.alleles.gz
finished 9576_58_MNX1_MNX1.txt.gz.annotated.gz.exclusions.gz.alleles.gz
