running 4968_50_CAPG_CAPG.txt.gz.annotated.gz.exclusions.gz.alleles.gz
finished 4968_50_CAPG_CAPG.txt.gz.annotated.gz.exclusions.gz.alleles.gz
running 4969_2_CA1_Carbonic_anhydrase_I.txt.gz.annotated.gz.exclusions.gz.alleles.gz
finished 4969_2_CA1_Carbonic_anhydrase_I.txt.gz.annotated.gz.exclusions.gz.alleles.gz
running 4970_55_CA2_carbonic_anhydrase_II.txt.gz.annotated.gz.exclusions.gz.alleles.gz
finished 4970_55_CA2_carbonic_anhydrase_II.txt.gz.annotated.gz.exclusions.gz.alleles.gz
running 4971_1_CTSZ_CATZ.txt.gz.annotated.gz.exclusions.gz.alleles.gz
finished 4971_1_CTSZ_CATZ.txt.gz.annotated.gz.exclusions.gz.alleles.gz
running 4973_18_BIRC3_cIAP_2.txt.gz.annotated.gz.exclusions.gz.alleles.gz
finished 4973_18_BIRC3_cIAP_2.txt.gz.annotated.gz.exclusions.gz.alleles.gz
running 4976_57_CRK_CRK.txt.gz.annotated.gz.exclusions.gz.alleles.gz
finished 4976_57_CRK_CRK.txt.gz.annotated.gz.exclusions.gz.alleles.gz
running 4978_54_DBNL_DBNL.txt.gz.annotated.gz.exclusions.gz.alleles.gz
finished 4978_54_DBNL_DBNL.txt.gz.annotated.gz.exclusions.gz.alleles.gz
running 4979_34_DPT_DERM.txt.gz.annotated.gz.exclusions.gz.alleles.gz
finished 4979_34_DPT_DERM.txt.gz.annotated.gz.exclusions.gz.alleles.gz
running 4981_6_DSC3_DSC3.txt.gz.annotated.gz.exclusions.gz.alleles.gz
finished 4981_6_DSC3_DSC3.txt.gz.annotated.gz.exclusions.gz.alleles.gz
running 4982_54_PI3_Elafin.txt.gz.annotated.gz.exclusions.gz.alleles.gz
finished 4982_54_PI3_Elafin.txt.gz.annotated.gz.exclusions.gz.alleles.gz
running 4984_83_ESD_Esterase_D.txt.gz.annotated.gz.exclusions.gz.alleles.gz
finished 4984_83_ESD_Esterase_D.txt.gz.annotated.gz.exclusions.gz.alleles.gz
running 4985_11_FABP5_FABPE.txt.gz.annotated.gz.exclusions.gz.alleles.gz
finished 4985_11_FABP5_FABPE.txt.gz.annotated.gz.exclusions.gz.alleles.gz
running 4986_59_PTK2_FAK1.txt.gz.annotated.gz.exclusions.gz.alleles.gz
finished 4986_59_PTK2_FAK1.txt.gz.annotated.gz.exclusions.gz.alleles.gz
running 4987_17_FCAR_FCAR.txt.gz.annotated.gz.exclusions.gz.alleles.gz
finished 4987_17_FCAR_FCAR.txt.gz.annotated.gz.exclusions.gz.alleles.gz
running 4988_49_FGFR4_FGFR4.txt.gz.annotated.gz.exclusions.gz.alleles.gz
finished 4988_49_FGFR4_FGFR4.txt.gz.annotated.gz.exclusions.gz.alleles.gz
running 4989_7_FGG_Fibrinogen_g_chain_dimer.txt.gz.annotated.gz.exclusions.gz.alleles.gz
finished 4989_7_FGG_Fibrinogen_g_chain_dimer.txt.gz.annotated.gz.exclusions.gz.alleles.gz
running 4990_87_GP1BA_GP1BA.txt.gz.annotated.gz.exclusions.gz.alleles.gz
finished 4990_87_GP1BA_GP1BA.txt.gz.annotated.gz.exclusions.gz.alleles.gz
running 4991_12_GPC5_GPC5.txt.gz.annotated.gz.exclusions.gz.alleles.gz
finished 4991_12_GPC5_GPC5.txt.gz.annotated.gz.exclusions.gz.alleles.gz
running 4992_49_GRN_GRN.txt.gz.annotated.gz.exclusions.gz.alleles.gz
finished 4992_49_GRN_GRN.txt.gz.annotated.gz.exclusions.gz.alleles.gz
running 4993_16_GSTA3_GSTA3.txt.gz.annotated.gz.exclusions.gz.alleles.gz
finished 4993_16_GSTA3_GSTA3.txt.gz.annotated.gz.exclusions.gz.alleles.gz
running 4995_16_HPGD_HPG_.txt.gz.annotated.gz.exclusions.gz.alleles.gz
finished 4995_16_HPGD_HPG_.txt.gz.annotated.gz.exclusions.gz.alleles.gz
running 4996_66_HRG_HRG.txt.gz.annotated.gz.exclusions.gz.alleles.gz
finished 4996_66_HRG_HRG.txt.gz.annotated.gz.exclusions.gz.alleles.gz
running 4997_19_EIF4A3_IF4A3.txt.gz.annotated.gz.exclusions.gz.alleles.gz
finished 4997_19_EIF4A3_IF4A3.txt.gz.annotated.gz.exclusions.gz.alleles.gz
running 5000_52_LGALS3BP_LG3BP.txt.gz.annotated.gz.exclusions.gz.alleles.gz
finished 5000_52_LGALS3BP_LG3BP.txt.gz.annotated.gz.exclusions.gz.alleles.gz
running 5001_6_SCGB2A1_Mammaglobin_2.txt.gz.annotated.gz.exclusions.gz.alleles.gz
finished 5001_6_SCGB2A1_Mammaglobin_2.txt.gz.annotated.gz.exclusions.gz.alleles.gz
running 5002_76_MMP14_MMP_14.txt.gz.annotated.gz.exclusions.gz.alleles.gz
finished 5002_76_MMP14_MMP_14.txt.gz.annotated.gz.exclusions.gz.alleles.gz
running 5004_69_MAPK11_MK11.txt.gz.annotated.gz.exclusions.gz.alleles.gz
finished 5004_69_MAPK11_MK11.txt.gz.annotated.gz.exclusions.gz.alleles.gz
running 5005_4_MAPK12_MK12.txt.gz.annotated.gz.exclusions.gz.alleles.gz
finished 5005_4_MAPK12_MK12.txt.gz.annotated.gz.exclusions.gz.alleles.gz
running 5006_71_MAPK13_MK13.txt.gz.annotated.gz.exclusions.gz.alleles.gz
finished 5006_71_MAPK13_MK13.txt.gz.annotated.gz.exclusions.gz.alleles.gz
running 5007_1_MAPK14_MAPK14.txt.gz.annotated.gz.exclusions.gz.alleles.gz
finished 5007_1_MAPK14_MAPK14.txt.gz.annotated.gz.exclusions.gz.alleles.gz
running 5008_51_SOD2_Mn_SOD.txt.gz.annotated.gz.exclusions.gz.alleles.gz
finished 5008_51_SOD2_Mn_SOD.txt.gz.annotated.gz.exclusions.gz.alleles.gz
running 5009_11_MSN_Moesin.txt.gz.annotated.gz.exclusions.gz.alleles.gz
finished 5009_11_MSN_Moesin.txt.gz.annotated.gz.exclusions.gz.alleles.gz
running 5011_11_NAMPT_PBEF.txt.gz.annotated.gz.exclusions.gz.alleles.gz
finished 5011_11_NAMPT_PBEF.txt.gz.annotated.gz.exclusions.gz.alleles.gz
running 5012_67_AK1_Myokinase__human.txt.gz.annotated.gz.exclusions.gz.alleles.gz
finished 5012_67_AK1_Myokinase__human.txt.gz.annotated.gz.exclusions.gz.alleles.gz
running 5013_2_CLIC1_NCC27.txt.gz.annotated.gz.exclusions.gz.alleles.gz
finished 5013_2_CLIC1_NCC27.txt.gz.annotated.gz.exclusions.gz.alleles.gz
running 5014_49_NCK1_NCK1.txt.gz.annotated.gz.exclusions.gz.alleles.gz
finished 5014_49_NCK1_NCK1.txt.gz.annotated.gz.exclusions.gz.alleles.gz
running 5015_15_PLA2G7_PAFAH.txt.gz.annotated.gz.exclusions.gz.alleles.gz
finished 5015_15_PLA2G7_PAFAH.txt.gz.annotated.gz.exclusions.gz.alleles.gz
running 5017_19_PRDX5_Peroxiredoxin_5.txt.gz.annotated.gz.exclusions.gz.alleles.gz
finished 5017_19_PRDX5_Peroxiredoxin_5.txt.gz.annotated.gz.exclusions.gz.alleles.gz
running 5018_68_PRDX6_Peroxiredoxin_6.txt.gz.annotated.gz.exclusions.gz.alleles.gz
finished 5018_68_PRDX6_Peroxiredoxin_6.txt.gz.annotated.gz.exclusions.gz.alleles.gz
running 5019_16_UCHL1_PGP9_5.txt.gz.annotated.gz.exclusions.gz.alleles.gz
finished 5019_16_UCHL1_PGP9_5.txt.gz.annotated.gz.exclusions.gz.alleles.gz
running 5020_50_PGK1_phosphoglycerate_kinase_1.txt.gz.annotated.gz.exclusions.gz.alleles.gz
finished 5020_50_PGK1_phosphoglycerate_kinase_1.txt.gz.annotated.gz.exclusions.gz.alleles.gz
running 5021_13_PPA1_PPase.txt.gz.annotated.gz.exclusions.gz.alleles.gz
finished 5021_13_PPA1_PPase.txt.gz.annotated.gz.exclusions.gz.alleles.gz
running 5023_23_ADSL_PUR8.txt.gz.annotated.gz.exclusions.gz.alleles.gz
finished 5023_23_ADSL_PUR8.txt.gz.annotated.gz.exclusions.gz.alleles.gz
running 5024_67_RB1_Rb.txt.gz.annotated.gz.exclusions.gz.alleles.gz
finished 5024_67_RB1_Rb.txt.gz.annotated.gz.exclusions.gz.alleles.gz
running 5026_66_RPS3_RS3.txt.gz.annotated.gz.exclusions.gz.alleles.gz
finished 5026_66_RPS3_RS3.txt.gz.annotated.gz.exclusions.gz.alleles.gz
running 5028_59_CD163_sCD163.txt.gz.annotated.gz.exclusions.gz.alleles.gz
finished 5028_59_CD163_sCD163.txt.gz.annotated.gz.exclusions.gz.alleles.gz
running 5029_3_FAP_SEPR.txt.gz.annotated.gz.exclusions.gz.alleles.gz
finished 5029_3_FAP_SEPR.txt.gz.annotated.gz.exclusions.gz.alleles.gz
running 5030_52_SIRT2_SIRT2.txt.gz.annotated.gz.exclusions.gz.alleles.gz
finished 5030_52_SIRT2_SIRT2.txt.gz.annotated.gz.exclusions.gz.alleles.gz
running 5031_10_SPTAN1_SPTA2.txt.gz.annotated.gz.exclusions.gz.alleles.gz
finished 5031_10_SPTAN1_SPTA2.txt.gz.annotated.gz.exclusions.gz.alleles.gz
running 5032_64_SSRP1_SSRP1.txt.gz.annotated.gz.exclusions.gz.alleles.gz
finished 5032_64_SSRP1_SSRP1.txt.gz.annotated.gz.exclusions.gz.alleles.gz
running 5033_27_TPM1_Tropomyosin_1_alpha_chain.txt.gz.annotated.gz.exclusions.gz.alleles.gz
finished 5033_27_TPM1_Tropomyosin_1_alpha_chain.txt.gz.annotated.gz.exclusions.gz.alleles.gz
running 5034_79_PRSS2_Trypsin_2.txt.gz.annotated.gz.exclusions.gz.alleles.gz
finished 5034_79_PRSS2_Trypsin_2.txt.gz.annotated.gz.exclusions.gz.alleles.gz
running 5035_7_TYMS_TS.txt.gz.annotated.gz.exclusions.gz.alleles.gz
finished 5035_7_TYMS_TS.txt.gz.annotated.gz.exclusions.gz.alleles.gz
running 5036_50_TNFAIP6_TSG_6.txt.gz.annotated.gz.exclusions.gz.alleles.gz
finished 5036_50_TNFAIP6_TSG_6.txt.gz.annotated.gz.exclusions.gz.alleles.gz
running 5060_62_CD274_B7_H1.txt.gz.annotated.gz.exclusions.gz.alleles.gz
finished 5060_62_CD274_B7_H1.txt.gz.annotated.gz.exclusions.gz.alleles.gz
running 5061_27_ICOSLG_B7_H2.txt.gz.annotated.gz.exclusions.gz.alleles.gz
finished 5061_27_ICOSLG_B7_H2.txt.gz.annotated.gz.exclusions.gz.alleles.gz
running 5062_60_CD226_CD226.txt.gz.annotated.gz.exclusions.gz.alleles.gz
finished 5062_60_CD226_CD226.txt.gz.annotated.gz.exclusions.gz.alleles.gz
running 5063_12_CD244_CD244.txt.gz.annotated.gz.exclusions.gz.alleles.gz
finished 5063_12_CD244_CD244.txt.gz.annotated.gz.exclusions.gz.alleles.gz
running 5065_8_CD83_CD83.txt.gz.annotated.gz.exclusions.gz.alleles.gz
finished 5065_8_CD83_CD83.txt.gz.annotated.gz.exclusions.gz.alleles.gz
running 5066_134_CD300C_CLM6.txt.gz.annotated.gz.exclusions.gz.alleles.gz
finished 5066_134_CD300C_CLM6.txt.gz.annotated.gz.exclusions.gz.alleles.gz
running 5069_9_CD55_DAF.txt.gz.annotated.gz.exclusions.gz.alleles.gz
finished 5069_9_CD55_DAF.txt.gz.annotated.gz.exclusions.gz.alleles.gz
running 5070_76_TNFRSF6B_DcR3.txt.gz.annotated.gz.exclusions.gz.alleles.gz
finished 5070_76_TNFRSF6B_DcR3.txt.gz.annotated.gz.exclusions.gz.alleles.gz
running 5076_53_EPHA10_EPHAA.txt.gz.annotated.gz.exclusions.gz.alleles.gz
finished 5076_53_EPHA10_EPHAA.txt.gz.annotated.gz.exclusions.gz.alleles.gz
running 5078_82_EPHB6_EphB6.txt.gz.annotated.gz.exclusions.gz.alleles.gz
finished 5078_82_EPHB6_EphB6.txt.gz.annotated.gz.exclusions.gz.alleles.gz
running 5082_51_IL1RAPL2_IL_1_sR9.txt.gz.annotated.gz.exclusions.gz.alleles.gz
finished 5082_51_IL1RAPL2_IL_1_sR9.txt.gz.annotated.gz.exclusions.gz.alleles.gz
running 5085_18_IL20RA_IL_20_Ra.txt.gz.annotated.gz.exclusions.gz.alleles.gz
finished 5085_18_IL20RA_IL_20_Ra.txt.gz.annotated.gz.exclusions.gz.alleles.gz
running 5087_5_IL22RA2_IL_22BP.txt.gz.annotated.gz.exclusions.gz.alleles.gz
finished 5087_5_IL22RA2_IL_22BP.txt.gz.annotated.gz.exclusions.gz.alleles.gz
running 5088_175_IL23R_IL_23_R.txt.gz.annotated.gz.exclusions.gz.alleles.gz
finished 5088_175_IL23R_IL_23_R.txt.gz.annotated.gz.exclusions.gz.alleles.gz
running 5089_11_IL7R_IL_7_Ra.txt.gz.annotated.gz.exclusions.gz.alleles.gz
finished 5089_11_IL7R_IL_7_Ra.txt.gz.annotated.gz.exclusions.gz.alleles.gz
running 5090_49_LILRB1_ILT_2.txt.gz.annotated.gz.exclusions.gz.alleles.gz
finished 5090_49_LILRB1_ILT_2.txt.gz.annotated.gz.exclusions.gz.alleles.gz
running 5091_28_LILRB2_ILT_4.txt.gz.annotated.gz.exclusions.gz.alleles.gz
finished 5091_28_LILRB2_ILT_4.txt.gz.annotated.gz.exclusions.gz.alleles.gz
running 5092_51_JAG1_JAG1.txt.gz.annotated.gz.exclusions.gz.alleles.gz
finished 5092_51_JAG1_JAG1.txt.gz.annotated.gz.exclusions.gz.alleles.gz
running 5093_47_JAG2_JAG2.txt.gz.annotated.gz.exclusions.gz.alleles.gz
finished 5093_47_JAG2_JAG2.txt.gz.annotated.gz.exclusions.gz.alleles.gz
running 5094_62_AMICA1_JAML1.txt.gz.annotated.gz.exclusions.gz.alleles.gz
finished 5094_62_AMICA1_JAML1.txt.gz.annotated.gz.exclusions.gz.alleles.gz
running 5095_21_KIR2DL4_KI2L4.txt.gz.annotated.gz.exclusions.gz.alleles.gz
finished 5095_21_KIR2DL4_KI2L4.txt.gz.annotated.gz.exclusions.gz.alleles.gz
running 5096_51_KIR3DL2_KI3L2.txt.gz.annotated.gz.exclusions.gz.alleles.gz
finished 5096_51_KIR3DL2_KI3L2.txt.gz.annotated.gz.exclusions.gz.alleles.gz
running 5097_14_KIR3DS1_KI3S1.txt.gz.annotated.gz.exclusions.gz.alleles.gz
finished 5097_14_KIR3DS1_KI3S1.txt.gz.annotated.gz.exclusions.gz.alleles.gz
running 5098_79_KLRF1_KLRF1.txt.gz.annotated.gz.exclusions.gz.alleles.gz
finished 5098_79_KLRF1_KLRF1.txt.gz.annotated.gz.exclusions.gz.alleles.gz
running 5100_53_SCARB2_LIMP_II.txt.gz.annotated.gz.exclusions.gz.alleles.gz
finished 5100_53_SCARB2_LIMP_II.txt.gz.annotated.gz.exclusions.gz.alleles.gz
running 5102_55_MICB_MICB.txt.gz.annotated.gz.exclusions.gz.alleles.gz
finished 5102_55_MICB_MICB.txt.gz.annotated.gz.exclusions.gz.alleles.gz
