running CDC37_Q16543_OID21470.gz
finished CDC37_Q16543_OID21470.gz
running CDC42BPB_Q9Y5S2_OID31485.gz
finished CDC42BPB_Q9Y5S2_OID31485.gz
running CDCP1_Q9H5V8_OID20940.gz
finished CDCP1_Q9H5V8_OID20940.gz
running CDH15_P55291_OID21005.gz
finished CDH15_P55291_OID21005.gz
running CDH17_Q12864_OID20134.gz
finished CDH17_Q12864_OID20134.gz
running CDH1_P12830_OID20353.gz
finished CDH1_P12830_OID20353.gz
running CDH22_Q9UJ99_OID31332.gz
finished CDH22_Q9UJ99_OID31332.gz
running CDH23_Q9H251_OID31074.gz
finished CDH23_Q9H251_OID31074.gz
running CDH2_P19022_OID20170.gz
finished CDH2_P19022_OID20170.gz
running CDH3_P22223_OID21008.gz
finished CDH3_P22223_OID21008.gz
running CDH4_P55283_OID30875.gz
finished CDH4_P55283_OID30875.gz
running CDH5_P33151_OID20243.gz
finished CDH5_P33151_OID20243.gz
running CDH6_P55285_OID20157.gz
finished CDH6_P55285_OID20157.gz
running CDHR1_Q96JP9_OID20808.gz
finished CDHR1_Q96JP9_OID20808.gz
running CDHR2_Q9BYE9_OID21282.gz
finished CDHR2_Q9BYE9_OID21282.gz
running CDHR5_Q9HBB8_OID20193.gz
finished CDHR5_Q9HBB8_OID20193.gz
running CDK1_P06493_OID31164.gz
finished CDK1_P06493_OID31164.gz
running CDK5RAP3_Q96JB5_OID30985.gz
finished CDK5RAP3_Q96JB5_OID30985.gz
running CDKL5_O76039_OID30796.gz
finished CDKL5_O76039_OID30796.gz
running CDKN1A_P38936_OID21319.gz
finished CDKN1A_P38936_OID21319.gz
running CDKN2D_P55273_OID21295.gz
finished CDKN2D_P55273_OID21295.gz
running CDNF_Q49AH0_OID21318.gz
finished CDNF_Q49AH0_OID21318.gz
running CDON_Q4KMG0_OID20754.gz
finished CDON_Q4KMG0_OID20754.gz
running CDSN_Q15517_OID20667.gz
finished CDSN_Q15517_OID20667.gz
running CEACAM16_Q2WEN9_OID31495.gz
finished CEACAM16_Q2WEN9_OID31495.gz
running CEACAM18_A8MTB9_OID31251.gz
finished CEACAM18_A8MTB9_OID31251.gz
running CEACAM19_Q7Z692_OID31443.gz
finished CEACAM19_Q7Z692_OID31443.gz
running CEACAM1_P13688_OID21528.gz
finished CEACAM1_P13688_OID21528.gz
running CEACAM20_Q6UY09_OID31308.gz
finished CEACAM20_Q6UY09_OID31308.gz
running CEACAM21_Q3KPI0_OID20548.gz
finished CEACAM21_Q3KPI0_OID20548.gz
running CEACAM3_P40198_OID21245.gz
finished CEACAM3_P40198_OID21245.gz
running CEACAM5_P06731_OID21171.gz
finished CEACAM5_P06731_OID21171.gz
running CEACAM6_P40199_OID30362.gz
finished CEACAM6_P40199_OID30362.gz
running CEACAM8_P31997_OID20102.gz
finished CEACAM8_P31997_OID20102.gz
running CEBPA_P49715_OID30458.gz
finished CEBPA_P49715_OID30458.gz
running CEBPB_P17676_OID20052.gz
finished CEBPB_P17676_OID20052.gz
running CELA2A_P08217_OID30411.gz
finished CELA2A_P08217_OID30411.gz
running CELA3A_P09093_OID20298.gz
finished CELA3A_P09093_OID20298.gz
running CELSR2_Q9HCU4_OID30593.gz
finished CELSR2_Q9HCU4_OID30593.gz
running CEMIP2_Q9UHN6_OID30499.gz
finished CEMIP2_Q9UHN6_OID30499.gz
running CEND1_Q8N111_OID30821.gz
finished CEND1_Q8N111_OID30821.gz
running CENPF_P49454_OID31329.gz
finished CENPF_P49454_OID31329.gz
running CENPJ_Q9HC77_OID31314.gz
finished CENPJ_Q9HC77_OID31314.gz
running CEP112_Q8N8E3_OID30115.gz
finished CEP112_Q8N8E3_OID30115.gz
running CEP152_O94986_OID31249.gz
finished CEP152_O94986_OID31249.gz
running CEP164_Q9UPV0_OID20441.gz
finished CEP164_Q9UPV0_OID20441.gz
running CEP170_Q5SW79_OID30240.gz
finished CEP170_Q5SW79_OID30240.gz
running CEP20_Q96NB1_OID21209.gz
finished CEP20_Q96NB1_OID21209.gz
running CEP290_O15078_OID31287.gz
finished CEP290_O15078_OID31287.gz
running CEP350_Q5VT06_OID31247.gz
finished CEP350_Q5VT06_OID31247.gz
running CEP43_O95684_OID20084.gz
finished CEP43_O95684_OID20084.gz
running CEP85_Q6P2H3_OID21241.gz
finished CEP85_Q6P2H3_OID21241.gz
running CERT_Q9Y5P4_OID20857.gz
finished CERT_Q9Y5P4_OID20857.gz
running CES1_P23141_OID20244.gz
finished CES1_P23141_OID20244.gz
running CES2_O00748_OID21366.gz
finished CES2_O00748_OID21366.gz
running CES3_Q6UWW8_OID21340.gz
finished CES3_Q6UWW8_OID21340.gz
running CETN2_P41208_OID20836.gz
finished CETN2_P41208_OID20836.gz
running CETN3_O15182_OID31525.gz
finished CETN3_O15182_OID31525.gz
running CFB_P00751_OID30755.gz
finished CFB_P00751_OID30755.gz
running CFC1_P0CG37_OID21261.gz
finished CFC1_P0CG37_OID21261.gz
running CFD_P00746_OID30738.gz
finished CFD_P00746_OID30738.gz
running CFH_P08603_OID30790.gz
finished CFH_P08603_OID30790.gz
running CFHR2_P36980_OID30720.gz
finished CFHR2_P36980_OID30720.gz
running CFHR4_Q92496_OID30758.gz
finished CFHR4_Q92496_OID30758.gz
running CFHR5_Q9BXR6_OID30716.gz
finished CFHR5_Q9BXR6_OID30716.gz
running CFI_P05156_OID30772.gz
finished CFI_P05156_OID30772.gz
running CFP_P27918_OID30784.gz
finished CFP_P27918_OID30784.gz
running CGA_P01215_OID21069.gz
finished CGA_P01215_OID21069.gz
running CGB3_CGB5_CGB8_P0DN86_OID30671.gz
finished CGB3_CGB5_CGB8_P0DN86_OID30671.gz
running CGN_Q9P2M7_OID30894.gz
finished CGN_Q9P2M7_OID30894.gz
running CGREF1_Q99674_OID20152.gz
finished CGREF1_Q99674_OID20152.gz
running CHAC2_Q8WUX2_OID21230.gz
finished CHAC2_Q8WUX2_OID21230.gz
running CHAD_O15335_OID30660.gz
finished CHAD_O15335_OID30660.gz
running CHCHD10_Q8WYQ3_OID31116.gz
finished CHCHD10_Q8WYQ3_OID31116.gz
running CHCHD6_Q9BRQ6_OID31426.gz
finished CHCHD6_Q9BRQ6_OID31426.gz
running CHEK2_O96017_OID20054.gz
finished CHEK2_O96017_OID20054.gz
running CHGA_P10645_OID30403.gz
finished CHGA_P10645_OID30403.gz
running CHGB_P05060_OID21038.gz
finished CHGB_P05060_OID21038.gz
running CHI3L1_P36222_OID20399.gz
finished CHI3L1_P36222_OID20399.gz
running CHIT1_Q13231_OID20312.gz
finished CHIT1_Q13231_OID20312.gz
