running HMGCS1_Q01581_OID30157.gz
finished HMGCS1_Q01581_OID30157.gz
running HMMR_O75330_OID31175.gz
finished HMMR_O75330_OID31175.gz
running HMOX1_P09601_OID20217.gz
finished HMOX1_P09601_OID20217.gz
running HMOX2_P30519_OID20887.gz
finished HMOX2_P30519_OID20887.gz
running HNF1A_P20823_OID30919.gz
finished HNF1A_P20823_OID30919.gz
running HNMT_P50135_OID20975.gz
finished HNMT_P50135_OID20975.gz
running HNRNPK_P61978_OID20051.gz
finished HNRNPK_P61978_OID20051.gz
running HNRNPUL1_Q9BUJ2_OID31037.gz
finished HNRNPUL1_Q9BUJ2_OID31037.gz
running HPCAL1_P37235_OID20615.gz
finished HPCAL1_P37235_OID20615.gz
running HPGDS_O60760_OID21266.gz
finished HPGDS_O60760_OID21266.gz
running HPSE_Q9Y251_OID30409.gz
finished HPSE_Q9Y251_OID30409.gz
running HRAS_P01112_OID31263.gz
finished HRAS_P01112_OID31263.gz
running HRC_P23327_OID30211.gz
finished HRC_P23327_OID30211.gz
running HRG_P04196_OID30770.gz
finished HRG_P04196_OID30770.gz
running HS1BP3_Q53T59_OID30243.gz
finished HS1BP3_Q53T59_OID30243.gz
running HS3ST3B1_Q9Y662_OID21303.gz
finished HS3ST3B1_Q9Y662_OID21303.gz
running HS6ST1_O60243_OID21441.gz
finished HS6ST1_O60243_OID21441.gz
running HS6ST2_Q96MM7_OID30481.gz
finished HS6ST2_Q96MM7_OID30481.gz
running HSBP1_O75506_OID30232.gz
finished HSBP1_O75506_OID30232.gz
running HSD11B1_P28845_OID20575.gz
finished HSD11B1_P28845_OID20575.gz
running HSD17B14_Q9BPX1_OID31098.gz
finished HSD17B14_Q9BPX1_OID31098.gz
running HSD17B3_P37058_OID30145.gz
finished HSD17B3_P37058_OID30145.gz
running HSDL2_Q6YN16_OID30256.gz
finished HSDL2_Q6YN16_OID30256.gz
running HSP90B1_P14625_OID20829.gz
finished HSP90B1_P14625_OID20829.gz
running HSPA1A_P0DMV8_OID20718.gz
finished HSPA1A_P0DMV8_OID20718.gz
running HSPA2_P54652_OID31424.gz
finished HSPA2_P54652_OID31424.gz
running HSPB1_P04792_OID20230.gz
finished HSPB1_P04792_OID20230.gz
running HSPB6_O14558_OID21408.gz
finished HSPB6_O14558_OID21408.gz
running HSPG2_P98160_OID20383.gz
finished HSPG2_P98160_OID20383.gz
running HTR1A_P08908_OID30824.gz
finished HTR1A_P08908_OID30824.gz
running HTR1B_P28222_OID30866.gz
finished HTR1B_P28222_OID30866.gz
running HTRA2_O43464_OID21471.gz
finished HTRA2_O43464_OID21471.gz
running HYAL1_Q12794_OID20357.gz
finished HYAL1_Q12794_OID20357.gz
running HYOU1_Q9Y4L1_OID20300.gz
finished HYOU1_Q9Y4L1_OID20300.gz
running ICA1_Q05084_OID20484.gz
finished ICA1_Q05084_OID20484.gz
running ICAM1_P05362_OID20411.gz
finished ICAM1_P05362_OID20411.gz
running ICAM2_P13598_OID20248.gz
finished ICAM2_P13598_OID20248.gz
running ICAM3_P32942_OID20277.gz
finished ICAM3_P32942_OID20277.gz
running ICAM4_Q14773_OID20578.gz
finished ICAM4_Q14773_OID20578.gz
running ICAM5_Q9UMF0_OID20145.gz
finished ICAM5_Q9UMF0_OID20145.gz
running ICOSLG_O75144_OID21351.gz
finished ICOSLG_O75144_OID21351.gz
running ID4_P47928_OID31284.gz
finished ID4_P47928_OID31284.gz
running IDI2_Q9BXS1_OID20823.gz
finished IDI2_Q9BXS1_OID20823.gz
running IDO1_P14902_OID30230.gz
finished IDO1_P14902_OID30230.gz
running IDO1_P14902_OID30563.gz
finished IDO1_P14902_OID30563.gz
running IDO1_P14902_OID31050.gz
finished IDO1_P14902_OID31050.gz
running IDO1_P14902_OID31474.gz
finished IDO1_P14902_OID31474.gz
running IDS_P22304_OID20619.gz
finished IDS_P22304_OID20619.gz
running IDUA_P35475_OID21468.gz
finished IDUA_P35475_OID21468.gz
running IFI30_P13284_OID31505.gz
finished IFI30_P13284_OID31505.gz
running IFIT1_P09914_OID31310.gz
finished IFIT1_P09914_OID31310.gz
running IFIT3_O14879_OID31283.gz
finished IFIT3_O14879_OID31283.gz
running IFNAR1_P17181_OID31491.gz
finished IFNAR1_P17181_OID31491.gz
running IFNG_P01579_OID20495.gz
finished IFNG_P01579_OID20495.gz
running IFNGR1_P15260_OID20678.gz
finished IFNGR1_P15260_OID20678.gz
running IFNGR2_P38484_OID20941.gz
finished IFNGR2_P38484_OID20941.gz
running IFNL1_Q8IU54_OID20795.gz
finished IFNL1_Q8IU54_OID20795.gz
running IFNL2_Q8IZJ0_OID30791.gz
finished IFNL2_Q8IZJ0_OID30791.gz
running IFNLR1_Q8IU57_OID20506.gz
finished IFNLR1_Q8IU57_OID20506.gz
running IFNW1_P05000_OID30129.gz
finished IFNW1_P05000_OID30129.gz
running IFT20_Q8IY31_OID30962.gz
finished IFT20_Q8IY31_OID30962.gz
running IGBP1_P78318_OID31059.gz
finished IGBP1_P78318_OID31059.gz
running IGDCC3_Q8IVU1_OID30862.gz
finished IGDCC3_Q8IVU1_OID30862.gz
running IGDCC4_Q8TDY8_OID30402.gz
finished IGDCC4_Q8TDY8_OID30402.gz
running IGF1R_P08069_OID21274.gz
finished IGF1R_P08069_OID21274.gz
running IGF2BP3_O00425_OID30112.gz
finished IGF2BP3_O00425_OID30112.gz
running IGF2R_P11717_OID21146.gz
finished IGF2R_P11717_OID21146.gz
running IGFBP1_P08833_OID20246.gz
finished IGFBP1_P08833_OID20246.gz
running IGFBP2_P18065_OID20325.gz
finished IGFBP2_P18065_OID20325.gz
running IGFBP3_P17936_OID20398.gz
finished IGFBP3_P17936_OID20398.gz
running IGFBP4_P22692_OID21158.gz
finished IGFBP4_P22692_OID21158.gz
running IGFBP6_P24592_OID20413.gz
finished IGFBP6_P24592_OID20413.gz
running IGFBP7_Q16270_OID20236.gz
finished IGFBP7_Q16270_OID20236.gz
running IGFBPL1_Q8WX77_OID20155.gz
finished IGFBPL1_Q8WX77_OID20155.gz
running IGFL4_Q6B9Z1_OID30500.gz
finished IGFL4_Q6B9Z1_OID30500.gz
running IGHMBP2_P38935_OID30123.gz
finished IGHMBP2_P38935_OID30123.gz
running IGLC2_P0DOY2_OID30740.gz
finished IGLC2_P0DOY2_OID30740.gz
running IGLON5_A6NGN9_OID31169.gz
finished IGLON5_A6NGN9_OID31169.gz
running IGSF21_Q96ID5_OID30210.gz
finished IGSF21_Q96ID5_OID30210.gz
running IGSF3_O75054_OID21312.gz
finished IGSF3_O75054_OID21312.gz
