running RABEP1_Q15276_OID30647.gz
finished RABEP1_Q15276_OID30647.gz
running RABEPK_Q7Z6M1_OID21163.gz
finished RABEPK_Q7Z6M1_OID21163.gz
running RABGAP1L_Q5R372_OID20447.gz
finished RABGAP1L_Q5R372_OID20447.gz
running RAC3_P60763_OID30958.gz
finished RAC3_P60763_OID30958.gz
running RAD23B_P54727_OID21166.gz
finished RAD23B_P54727_OID21166.gz
running RAD51_Q06609_OID31254.gz
finished RAD51_Q06609_OID31254.gz
running RALB_P11234_OID30567.gz
finished RALB_P11234_OID30567.gz
running RALY_Q9UKM9_OID31382.gz
finished RALY_Q9UKM9_OID31382.gz
running RANBP1_P43487_OID30258.gz
finished RANBP1_P43487_OID30258.gz
running RANBP2_P49792_OID30812.gz
finished RANBP2_P49792_OID30812.gz
running RANGAP1_P46060_OID21203.gz
finished RANGAP1_P46060_OID21203.gz
running RAP1A_P62834_OID30452.gz
finished RAP1A_P62834_OID30452.gz
running RAPGEF2_Q9Y4G8_OID31337.gz
finished RAPGEF2_Q9Y4G8_OID31337.gz
running RARRES1_P49788_OID21177.gz
finished RARRES1_P49788_OID21177.gz
running RARRES2_Q99969_OID20373.gz
finished RARRES2_Q99969_OID20373.gz
running RASA1_P20936_OID20826.gz
finished RASA1_P20936_OID20826.gz
running RASGRF1_Q13972_OID31213.gz
finished RASGRF1_Q13972_OID31213.gz
running RASSF2_P50749_OID21194.gz
finished RASSF2_P50749_OID21194.gz
running RBFOX3_A6NFN3_OID30984.gz
finished RBFOX3_A6NFN3_OID30984.gz
running RBKS_Q9H477_OID20986.gz
finished RBKS_Q9H477_OID20986.gz
running RBM17_Q96I25_OID31034.gz
finished RBM17_Q96I25_OID31034.gz
running RBM19_Q9Y4C8_OID30090.gz
finished RBM19_Q9Y4C8_OID30090.gz
running RBM25_P49756_OID31236.gz
finished RBM25_P49756_OID31236.gz
running RBP1_P09455_OID30913.gz
finished RBP1_P09455_OID30913.gz
running RBP2_P50120_OID21365.gz
finished RBP2_P50120_OID21365.gz
running RBP5_P82980_OID21369.gz
finished RBP5_P82980_OID21369.gz
running RBP7_Q96R05_OID31526.gz
finished RBP7_Q96R05_OID31526.gz
running RBPMS2_Q6ZRY4_OID30257.gz
finished RBPMS2_Q6ZRY4_OID30257.gz
running RBPMS_Q93062_OID30507.gz
finished RBPMS_Q93062_OID30507.gz
running RCC1_P18754_OID31356.gz
finished RCC1_P18754_OID31356.gz
running RCOR1_Q9UKL0_OID20073.gz
finished RCOR1_Q9UKL0_OID20073.gz
running RECK_O95980_OID30234.gz
finished RECK_O95980_OID30234.gz
running REEP4_Q9H6H4_OID31028.gz
finished REEP4_Q9H6H4_OID31028.gz
running REG1A_P05451_OID20415.gz
finished REG1A_P05451_OID20415.gz
running REG1B_P48304_OID20266.gz
finished REG1B_P48304_OID20266.gz
running REG3A_Q06141_OID20258.gz
finished REG3A_Q06141_OID20258.gz
running REG3G_Q6UW15_OID31408.gz
finished REG3G_Q6UW15_OID31408.gz
running REG4_Q9BYZ8_OID20784.gz
finished REG4_Q9BYZ8_OID20784.gz
running RELB_Q01201_OID30463.gz
finished RELB_Q01201_OID30463.gz
running RELT_Q969Z4_OID21142.gz
finished RELT_Q969Z4_OID21142.gz
running REN_P00797_OID20201.gz
finished REN_P00797_OID20201.gz
running REPS1_Q96D71_OID30496.gz
finished REPS1_Q96D71_OID30496.gz
running REST_Q13127_OID31248.gz
finished REST_Q13127_OID31248.gz
running RETN_Q9HD89_OID20327.gz
finished RETN_Q9HD89_OID20327.gz
running RET_P07949_OID21346.gz
finished RET_P07949_OID21346.gz
running REXO2_Q9Y3B8_OID30075.gz
finished REXO2_Q9Y3B8_OID30075.gz
running RFC4_P35249_OID31376.gz
finished RFC4_P35249_OID31376.gz
running RGCC_Q9H4X1_OID31060.gz
finished RGCC_Q9H4X1_OID31060.gz
running RGL2_O15211_OID31297.gz
finished RGL2_O15211_OID31297.gz
running RGMA_Q96B86_OID21065.gz
finished RGMA_Q96B86_OID21065.gz
running RGMB_Q6NW40_OID21045.gz
finished RGMB_Q6NW40_OID21045.gz
running RGS10_O43665_OID30999.gz
finished RGS10_O43665_OID30999.gz
running RGS8_P57771_OID20454.gz
finished RGS8_P57771_OID20454.gz
running RHOC_P08134_OID20950.gz
finished RHOC_P08134_OID20950.gz
running RICTOR_Q6R327_OID30433.gz
finished RICTOR_Q6R327_OID30433.gz
running RIDA_P52758_OID30635.gz
finished RIDA_P52758_OID30635.gz
running RILPL2_Q969X0_OID30342.gz
finished RILPL2_Q969X0_OID30342.gz
running RILP_Q96NA2_OID21436.gz
finished RILP_Q96NA2_OID21436.gz
running RIPK4_P57078_OID30138.gz
finished RIPK4_P57078_OID30138.gz
running RLN1_P04808_OID30995.gz
finished RLN1_P04808_OID30995.gz
running RLN2_P04090_OID30601.gz
finished RLN2_P04090_OID30601.gz
running RNASE10_Q5GAN6_OID30238.gz
finished RNASE10_Q5GAN6_OID30238.gz
running RNASE1_P07998_OID30672.gz
finished RNASE1_P07998_OID30672.gz
running RNASE3_P12724_OID20203.gz
finished RNASE3_P12724_OID20203.gz
running RNASE4_P34096_OID30705.gz
finished RNASE4_P34096_OID30705.gz
running RNASE6_Q93091_OID30689.gz
finished RNASE6_Q93091_OID30689.gz
running RNASEH2A_O75792_OID31027.gz
finished RNASEH2A_O75792_OID31027.gz
running RNASET2_O00584_OID20321.gz
finished RNASET2_O00584_OID20321.gz
running RNF149_Q8NC42_OID30235.gz
finished RNF149_Q8NC42_OID30235.gz
running RNF168_Q8IYW5_OID30506.gz
finished RNF168_Q8IYW5_OID30506.gz
running RNF31_Q96EP0_OID30473.gz
finished RNF31_Q96EP0_OID30473.gz
running RNF41_Q9H4P4_OID21179.gz
finished RNF41_Q9H4P4_OID21179.gz
running RNF43_Q68DV7_OID31291.gz
finished RNF43_Q68DV7_OID31291.gz
running RNF4_P78317_OID31321.gz
finished RNF4_P78317_OID31321.gz
running RNF5_Q99942_OID30218.gz
finished RNF5_Q99942_OID30218.gz
running ROBO1_Q9Y6N7_OID20734.gz
finished ROBO1_Q9Y6N7_OID20734.gz
running ROBO2_Q9HCK4_OID21007.gz
finished ROBO2_Q9HCK4_OID21007.gz
running ROBO4_Q8WZ75_OID30226.gz
finished ROBO4_Q8WZ75_OID30226.gz
running ROR1_Q01973_OID20224.gz
finished ROR1_Q01973_OID20224.gz
running RP2_O75695_OID21302.gz
finished RP2_O75695_OID21302.gz
