running AMY1A_AMY1B_AMY1C_P0DUB6_P0DTE7_P0DTE8_OID30707.gz
finished AMY1A_AMY1B_AMY1C_P0DUB6_P0DTE7_P0DTE8_OID30707.gz
running AMY2A_P04746_OID20333.gz
finished AMY2A_P04746_OID20333.gz
running AMY2B_P19961_OID20340.gz
finished AMY2B_P19961_OID20340.gz
running ANG_P03950_OID20403.gz
finished ANG_P03950_OID20403.gz
running ANGPT1_Q15389_OID20740.gz
finished ANGPT1_Q15389_OID20740.gz
running ANGPT2_O15123_OID21463.gz
finished ANGPT2_O15123_OID21463.gz
running ANGPTL1_O95841_OID20211.gz
finished ANGPTL1_O95841_OID20211.gz
running ANGPTL2_Q9UKU9_OID20726.gz
finished ANGPTL2_Q9UKU9_OID20726.gz
running ANGPTL3_Q9Y5C1_OID20407.gz
finished ANGPTL3_Q9Y5C1_OID20407.gz
running ANGPTL4_Q9BY76_OID20703.gz
finished ANGPTL4_Q9BY76_OID20703.gz
running ANGPTL7_O43827_OID21412.gz
finished ANGPTL7_O43827_OID21412.gz
running ANK2_Q01484_OID30161.gz
finished ANK2_Q01484_OID30161.gz
running ANKMY2_Q8IV38_OID30518.gz
finished ANKMY2_Q8IV38_OID30518.gz
running ANKRA2_Q9H9E1_OID31173.gz
finished ANKRA2_Q9H9E1_OID31173.gz
running ANKRD54_Q6NXT1_OID21162.gz
finished ANKRD54_Q6NXT1_OID21162.gz
running ANP32C_O43423_OID30203.gz
finished ANP32C_O43423_OID30203.gz
running ANPEP_P15144_OID20350.gz
finished ANPEP_P15144_OID20350.gz
running ANXA10_Q9UJ72_OID20886.gz
finished ANXA10_Q9UJ72_OID20886.gz
running ANXA11_P50995_OID20583.gz
finished ANXA11_P50995_OID20583.gz
running ANXA1_P04083_OID30617.gz
finished ANXA1_P04083_OID30617.gz
running ANXA2_P07355_OID30263.gz
finished ANXA2_P07355_OID30263.gz
running ANXA3_P12429_OID21036.gz
finished ANXA3_P12429_OID21036.gz
running ANXA4_P09525_OID20123.gz
finished ANXA4_P09525_OID20123.gz
running ANXA5_P08758_OID20810.gz
finished ANXA5_P08758_OID20810.gz
running AOC1_P19801_OID20452.gz
finished AOC1_P19801_OID20452.gz
running AOC3_Q16853_OID20389.gz
finished AOC3_Q16853_OID20389.gz
running AP1G2_O75843_OID31348.gz
finished AP1G2_O75843_OID31348.gz
running AP2B1_P63010_OID30949.gz
finished AP2B1_P63010_OID30949.gz
running AP3B1_O00203_OID31478.gz
finished AP3B1_O00203_OID31478.gz
running AP3S2_P59780_OID31117.gz
finished AP3S2_P59780_OID31117.gz
running APBB1IP_Q7Z5R6_OID21359.gz
finished APBB1IP_Q7Z5R6_OID21359.gz
running APCS_P02743_OID30778.gz
finished APCS_P02743_OID30778.gz
running APEX1_P27695_OID21434.gz
finished APEX1_P27695_OID21434.gz
running APLP1_P51693_OID20164.gz
finished APLP1_P51693_OID20164.gz
running APOA1_P02647_OID30769.gz
finished APOA1_P02647_OID30769.gz
running APOA2_P02652_OID30686.gz
finished APOA2_P02652_OID30686.gz
running APOA4_P06727_OID30733.gz
finished APOA4_P06727_OID30733.gz
running APOB_P04114_OID30673.gz
finished APOB_P04114_OID30673.gz
running APOBR_Q0VD83_OID30246.gz
finished APOBR_Q0VD83_OID30246.gz
running APOC1_P02654_OID30749.gz
finished APOC1_P02654_OID30749.gz
running APOD_P05090_OID30746.gz
finished APOD_P05090_OID30746.gz
running APOE_P02649_OID30727.gz
finished APOE_P02649_OID30727.gz
running APOF_Q13790_OID30701.gz
finished APOF_Q13790_OID30701.gz
running APOH_P02749_OID21072.gz
finished APOH_P02749_OID21072.gz
running APOL1_O14791_OID30708.gz
finished APOL1_O14791_OID30708.gz
running APOM_O95445_OID20374.gz
finished APOM_O95445_OID20374.gz
running APPL2_Q8NEU8_OID30590.gz
finished APPL2_Q8NEU8_OID30590.gz
running APP_P05067_OID21070.gz
finished APP_P05067_OID21070.gz
running APRT_P07741_OID20927.gz
finished APRT_P07741_OID20927.gz
running ARAF_P10398_OID31260.gz
finished ARAF_P10398_OID31260.gz
running AREG_P15514_OID21357.gz
finished AREG_P15514_OID21357.gz
running ARF6_P62330_OID31523.gz
finished ARF6_P62330_OID31523.gz
running ARFIP1_P53367_OID31024.gz
finished ARFIP1_P53367_OID31024.gz
running ARG1_P05089_OID21445.gz
finished ARG1_P05089_OID21445.gz
running ARG2_P78540_OID31339.gz
finished ARG2_P78540_OID31339.gz
running ARHGAP1_Q07960_OID21202.gz
finished ARHGAP1_Q07960_OID21202.gz
running ARHGAP25_P42331_OID21255.gz
finished ARHGAP25_P42331_OID21255.gz
running ARHGAP30_Q7Z6I6_OID31336.gz
finished ARHGAP30_Q7Z6I6_OID31336.gz
running ARHGAP45_Q92619_OID30653.gz
finished ARHGAP45_Q92619_OID30653.gz
running ARHGAP5_Q13017_OID31190.gz
finished ARHGAP5_Q13017_OID31190.gz
running ARHGEF10_O15013_OID30994.gz
finished ARHGEF10_O15013_OID30994.gz
running ARHGEF12_Q9NZN5_OID20554.gz
finished ARHGEF12_Q9NZN5_OID20554.gz
running ARHGEF1_Q92888_OID31133.gz
finished ARHGEF1_Q92888_OID31133.gz
running ARHGEF5_Q12774_OID30871.gz
finished ARHGEF5_Q12774_OID30871.gz
running ARID3A_Q99856_OID30861.gz
finished ARID3A_Q99856_OID30861.gz
running ARID4B_Q4LE39_OID20803.gz
finished ARID4B_Q4LE39_OID20803.gz
running ARL13B_Q3SXY8_OID30166.gz
finished ARL13B_Q3SXY8_OID30166.gz
running ARL2BP_Q9Y2Y0_OID30121.gz
finished ARL2BP_Q9Y2Y0_OID30121.gz
running ARMCX2_Q7L311_OID30792.gz
finished ARMCX2_Q7L311_OID30792.gz
running ARNTL_O00327_OID30168.gz
finished ARNTL_O00327_OID30168.gz
running ARNT_P27540_OID20432.gz
finished ARNT_P27540_OID20432.gz
running ARSA_P15289_OID21138.gz
finished ARSA_P15289_OID21138.gz
running ARSB_P15848_OID21331.gz
finished ARSB_P15848_OID21331.gz
running ART3_Q13508_OID20346.gz
finished ART3_Q13508_OID20346.gz
running ART5_Q96L15_OID30828.gz
finished ART5_Q96L15_OID30828.gz
running ARTN_Q5T4W7_OID20446.gz
finished ARTN_Q5T4W7_OID20446.gz
running ASAH1_Q13510_OID30415.gz
finished ASAH1_Q13510_OID30415.gz
running ASAH2_Q9NR71_OID20996.gz
finished ASAH2_Q9NR71_OID20996.gz
running ASGR1_P07306_OID20990.gz
finished ASGR1_P07306_OID20990.gz
running ASGR2_P07307_OID30679.gz
finished ASGR2_P07307_OID30679.gz
running ASPN_Q9BXN1_OID30315.gz
finished ASPN_Q9BXN1_OID30315.gz
running ASPSCR1_Q9BZE9_OID31055.gz
finished ASPSCR1_Q9BZE9_OID31055.gz
running ASRGL1_Q7L266_OID30283.gz
finished ASRGL1_Q7L266_OID30283.gz
running ASS1_P00966_OID30170.gz
finished ASS1_P00966_OID30170.gz
running ATF2_P15336_OID20798.gz
finished ATF2_P15336_OID20798.gz
running ATF4_P18848_OID31162.gz
finished ATF4_P18848_OID31162.gz
running ATG16L1_Q676U5_OID31466.gz
finished ATG16L1_Q676U5_OID31466.gz
running ATG4A_Q8WYN0_OID21246.gz
finished ATG4A_Q8WYN0_OID21246.gz
running ATOX1_O00244_OID21476.gz
finished ATOX1_O00244_OID21476.gz
running ATP1B1_P05026_OID30124.gz
finished ATP1B1_P05026_OID30124.gz
running ATP1B2_P14415_OID30118.gz
finished ATP1B2_P14415_OID30118.gz
running ATP1B3_P54709_OID30065.gz
finished ATP1B3_P54709_OID30065.gz
running ATP1B4_Q9UN42_OID31230.gz
finished ATP1B4_Q9UN42_OID31230.gz
running ATP2B4_P23634_OID30062.gz
finished ATP2B4_P23634_OID30062.gz
running ATP5F1D_P30049_OID30079.gz
finished ATP5F1D_P30049_OID30079.gz
running ATP5IF1_Q9UII2_OID20760.gz
finished ATP5IF1_Q9UII2_OID20760.gz
running ATP5PO_P48047_OID20811.gz
finished ATP5PO_P48047_OID20811.gz
running ATP6AP2_O75787_OID21178.gz
finished ATP6AP2_O75787_OID21178.gz
running ATP6V1D_Q9Y5K8_OID21341.gz
finished ATP6V1D_Q9Y5K8_OID21341.gz
running ATP6V1F_Q16864_OID20843.gz
finished ATP6V1F_Q16864_OID20843.gz
running ATP6V1G1_O75348_OID30242.gz
finished ATP6V1G1_O75348_OID30242.gz
running ATP6V1G2_O95670_OID30167.gz
finished ATP6V1G2_O95670_OID30167.gz
running ATRAID_Q6UW56_OID31451.gz
finished ATRAID_Q6UW56_OID31451.gz
running ATRN_O75882-2_OID30735.gz
finished ATRN_O75882-2_OID30735.gz
running ATXN10_Q9UBB4_OID20865.gz
finished ATXN10_Q9UBB4_OID20865.gz
running ATXN2L_Q8WWM7_OID30980.gz
finished ATXN2L_Q8WWM7_OID30980.gz
running ATXN2_Q99700_OID30850.gz
finished ATXN2_Q99700_OID30850.gz
running ATXN3_P54252_OID31149.gz
finished ATXN3_P54252_OID31149.gz
running AXIN1_O15169_OID20582.gz
finished AXIN1_O15169_OID20582.gz
