running 3799_11_CA3_Carbonic_anhydrase_III.txt.gz.annotated.gz.exclusions.gz.alleles.gz
finished 3799_11_CA3_Carbonic_anhydrase_III.txt.gz.annotated.gz.exclusions.gz.alleles.gz
running 3800_71_CKB_CK_BB.txt.gz.annotated.gz.exclusions.gz.alleles.gz
finished 3800_71_CKB_CK_BB.txt.gz.annotated.gz.exclusions.gz.alleles.gz
running 3803_10_CST5_CYTD.txt.gz.annotated.gz.exclusions.gz.alleles.gz
finished 3803_10_CST5_CYTD.txt.gz.annotated.gz.exclusions.gz.alleles.gz
running 3805_16_ESM1_Endocan.txt.gz.annotated.gz.exclusions.gz.alleles.gz
finished 3805_16_ESM1_Endocan.txt.gz.annotated.gz.exclusions.gz.alleles.gz
running 3806_55_EPHA5_EphA5.txt.gz.annotated.gz.exclusions.gz.alleles.gz
finished 3806_55_EPHA5_EphA5.txt.gz.annotated.gz.exclusions.gz.alleles.gz
running 3807_1_FGF23_FGF23.txt.gz.annotated.gz.exclusions.gz.alleles.gz
finished 3807_1_FGF23_FGF23.txt.gz.annotated.gz.exclusions.gz.alleles.gz
running 3808_76_FGFR2_FGFR_2.txt.gz.annotated.gz.exclusions.gz.alleles.gz
finished 3808_76_FGFR2_FGFR_2.txt.gz.annotated.gz.exclusions.gz.alleles.gz
running 3809_1_FGFR3_FGFR_3.txt.gz.annotated.gz.exclusions.gz.alleles.gz
finished 3809_1_FGFR3_FGFR_3.txt.gz.annotated.gz.exclusions.gz.alleles.gz
running 3810_50_FGR_FGR.txt.gz.annotated.gz.exclusions.gz.alleles.gz
finished 3810_50_FGR_FGR.txt.gz.annotated.gz.exclusions.gz.alleles.gz
running 3813_3_FYN_FYN.txt.gz.annotated.gz.exclusions.gz.alleles.gz
finished 3813_3_FYN_FYN.txt.gz.annotated.gz.exclusions.gz.alleles.gz
running 3815_14_IL12RB2_IL_12_RB2.txt.gz.annotated.gz.exclusions.gz.alleles.gz
finished 3815_14_IL12RB2_IL_12_RB2.txt.gz.annotated.gz.exclusions.gz.alleles.gz
running 3817_18_PRKCQ_KPCT.txt.gz.annotated.gz.exclusions.gz.alleles.gz
finished 3817_18_PRKCQ_KPCT.txt.gz.annotated.gz.exclusions.gz.alleles.gz
running 3820_68_MAPKAPK2_MAPK2.txt.gz.annotated.gz.exclusions.gz.alleles.gz
finished 3820_68_MAPKAPK2_MAPK2.txt.gz.annotated.gz.exclusions.gz.alleles.gz
running 3821_28_MAPKAPK5_MAPK5.txt.gz.annotated.gz.exclusions.gz.alleles.gz
finished 3821_28_MAPKAPK5_MAPK5.txt.gz.annotated.gz.exclusions.gz.alleles.gz
running 3822_54_MAPKAPK3_MAPKAPK3.txt.gz.annotated.gz.exclusions.gz.alleles.gz
finished 3822_54_MAPKAPK3_MAPKAPK3.txt.gz.annotated.gz.exclusions.gz.alleles.gz
running 3823_9_MATK_MATK.txt.gz.annotated.gz.exclusions.gz.alleles.gz
finished 3823_9_MATK_MATK.txt.gz.annotated.gz.exclusions.gz.alleles.gz
running 3825_18_MAPK8_MK08.txt.gz.annotated.gz.exclusions.gz.alleles.gz
finished 3825_18_MAPK8_MK08.txt.gz.annotated.gz.exclusions.gz.alleles.gz
running 3827_22_PAK6_PAK6.txt.gz.annotated.gz.exclusions.gz.alleles.gz
finished 3827_22_PAK6_PAK6.txt.gz.annotated.gz.exclusions.gz.alleles.gz
running 3831_21_PTEN_pTEN.txt.gz.annotated.gz.exclusions.gz.alleles.gz
finished 3831_21_PTEN_pTEN.txt.gz.annotated.gz.exclusions.gz.alleles.gz
running 3832_51_PTK6_PTK6.txt.gz.annotated.gz.exclusions.gz.alleles.gz
finished 3832_51_PTK6_PTK6.txt.gz.annotated.gz.exclusions.gz.alleles.gz
running 3835_11_TLR2_TLR2.txt.gz.annotated.gz.exclusions.gz.alleles.gz
finished 3835_11_TLR2_TLR2.txt.gz.annotated.gz.exclusions.gz.alleles.gz
running 3836_51_UFM1_UFM1.txt.gz.annotated.gz.exclusions.gz.alleles.gz
finished 3836_51_UFM1_UFM1.txt.gz.annotated.gz.exclusions.gz.alleles.gz
running 3837_6_ZAP70_ZAP70.txt.gz.annotated.gz.exclusions.gz.alleles.gz
finished 3837_6_ZAP70_ZAP70.txt.gz.annotated.gz.exclusions.gz.alleles.gz
running 3839_60_AIP_AIP.txt.gz.annotated.gz.exclusions.gz.alleles.gz
finished 3839_60_AIP_AIP.txt.gz.annotated.gz.exclusions.gz.alleles.gz
running 3844_2_PPIA_Cyclophilin_A.txt.gz.annotated.gz.exclusions.gz.alleles.gz
finished 3844_2_PPIA_Cyclophilin_A.txt.gz.annotated.gz.exclusions.gz.alleles.gz
running 3845_51_DYNLRB1_DLRB1.txt.gz.annotated.gz.exclusions.gz.alleles.gz
finished 3845_51_DYNLRB1_DLRB1.txt.gz.annotated.gz.exclusions.gz.alleles.gz
running 3847_56_ETHE1_ETHE1.txt.gz.annotated.gz.exclusions.gz.alleles.gz
finished 3847_56_ETHE1_ETHE1.txt.gz.annotated.gz.exclusions.gz.alleles.gz
running 3848_14_GAPDH_GAPDH__liver.txt.gz.annotated.gz.exclusions.gz.alleles.gz
finished 3848_14_GAPDH_GAPDH__liver.txt.gz.annotated.gz.exclusions.gz.alleles.gz
running 3852_19_DNAJB1_HSP_40.txt.gz.annotated.gz.exclusions.gz.alleles.gz
finished 3852_19_DNAJB1_HSP_40.txt.gz.annotated.gz.exclusions.gz.alleles.gz
running 3853_56_MDH1_MDHC.txt.gz.annotated.gz.exclusions.gz.alleles.gz
finished 3853_56_MDH1_MDHC.txt.gz.annotated.gz.exclusions.gz.alleles.gz
running 3854_24_NACA_NACA.txt.gz.annotated.gz.exclusions.gz.alleles.gz
finished 3854_24_NACA_NACA.txt.gz.annotated.gz.exclusions.gz.alleles.gz
running 3855_56_PRDX1_Peroxiredoxin_1.txt.gz.annotated.gz.exclusions.gz.alleles.gz
finished 3855_56_PRDX1_Peroxiredoxin_1.txt.gz.annotated.gz.exclusions.gz.alleles.gz
running 3858_5_ACP1_PPAC.txt.gz.annotated.gz.exclusions.gz.alleles.gz
finished 3858_5_ACP1_PPAC.txt.gz.annotated.gz.exclusions.gz.alleles.gz
running 3859_50_PSMA1_PSA1.txt.gz.annotated.gz.exclusions.gz.alleles.gz
finished 3859_50_PSMA1_PSA1.txt.gz.annotated.gz.exclusions.gz.alleles.gz
running 3860_7_PSMA6_PSA6.txt.gz.annotated.gz.exclusions.gz.alleles.gz
finished 3860_7_PSMA6_PSA6.txt.gz.annotated.gz.exclusions.gz.alleles.gz
running 3864_5_RPS7_RS7.txt.gz.annotated.gz.exclusions.gz.alleles.gz
finished 3864_5_RPS7_RS7.txt.gz.annotated.gz.exclusions.gz.alleles.gz
running 3866_7_SBDS_SBDS.txt.gz.annotated.gz.exclusions.gz.alleles.gz
finished 3866_7_SBDS_SBDS.txt.gz.annotated.gz.exclusions.gz.alleles.gz
running 3867_49_SEZ6L2_SE6L2.txt.gz.annotated.gz.exclusions.gz.alleles.gz
finished 3867_49_SEZ6L2_SE6L2.txt.gz.annotated.gz.exclusions.gz.alleles.gz
running 3868_8_SGTA_SGTA.txt.gz.annotated.gz.exclusions.gz.alleles.gz
finished 3868_8_SGTA_SGTA.txt.gz.annotated.gz.exclusions.gz.alleles.gz
running 3872_2_TPT1_TCTP.txt.gz.annotated.gz.exclusions.gz.alleles.gz
finished 3872_2_TPT1_TCTP.txt.gz.annotated.gz.exclusions.gz.alleles.gz
running 3873_51_TPO_TMA.txt.gz.annotated.gz.exclusions.gz.alleles.gz
finished 3873_51_TPO_TMA.txt.gz.annotated.gz.exclusions.gz.alleles.gz
running 3874_8_UBE2L3_UB2L3.txt.gz.annotated.gz.exclusions.gz.alleles.gz
finished 3874_8_UBE2L3_UB2L3.txt.gz.annotated.gz.exclusions.gz.alleles.gz
running 3875_62_ARID3A_ARI3A.txt.gz.annotated.gz.exclusions.gz.alleles.gz
finished 3875_62_ARID3A_ARI3A.txt.gz.annotated.gz.exclusions.gz.alleles.gz
running 3879_50_CDC37_CDC37.txt.gz.annotated.gz.exclusions.gz.alleles.gz
finished 3879_50_CDC37_CDC37.txt.gz.annotated.gz.exclusions.gz.alleles.gz
running 3881_49_DYNLL1_DLC8.txt.gz.annotated.gz.exclusions.gz.alleles.gz
finished 3881_49_DYNLL1_DLC8.txt.gz.annotated.gz.exclusions.gz.alleles.gz
running 3887_90_KPNB1_IMB1.txt.gz.annotated.gz.exclusions.gz.alleles.gz
finished 3887_90_KPNB1_IMB1.txt.gz.annotated.gz.exclusions.gz.alleles.gz
running 3888_8_ING1_ING1.txt.gz.annotated.gz.exclusions.gz.alleles.gz
finished 3888_8_ING1_ING1.txt.gz.annotated.gz.exclusions.gz.alleles.gz
running 3889_64_LMNB1_Lamin_B1.txt.gz.annotated.gz.exclusions.gz.alleles.gz
finished 3889_64_LMNB1_Lamin_B1.txt.gz.annotated.gz.exclusions.gz.alleles.gz
running 3890_8_LDHB_LDH_H_1.txt.gz.annotated.gz.exclusions.gz.alleles.gz
finished 3890_8_LDHB_LDH_H_1.txt.gz.annotated.gz.exclusions.gz.alleles.gz
running 3891_56_MBD4_MBD4.txt.gz.annotated.gz.exclusions.gz.alleles.gz
finished 3891_56_MBD4_MBD4.txt.gz.annotated.gz.exclusions.gz.alleles.gz
running 3892_21_MED1_MED_1.txt.gz.annotated.gz.exclusions.gz.alleles.gz
finished 3892_21_MED1_MED_1.txt.gz.annotated.gz.exclusions.gz.alleles.gz
running 3893_64_MSLN_Mesothelin.txt.gz.annotated.gz.exclusions.gz.alleles.gz
finished 3893_64_MSLN_Mesothelin.txt.gz.annotated.gz.exclusions.gz.alleles.gz
running 3894_15_NAGK_NAGK.txt.gz.annotated.gz.exclusions.gz.alleles.gz
finished 3894_15_NAGK_NAGK.txt.gz.annotated.gz.exclusions.gz.alleles.gz
running 3896_5_PGAM1_Phosphoglycerate_mutase_1.txt.gz.annotated.gz.exclusions.gz.alleles.gz
finished 3896_5_PGAM1_Phosphoglycerate_mutase_1.txt.gz.annotated.gz.exclusions.gz.alleles.gz
running 3897_61_PDXP_PLPP.txt.gz.annotated.gz.exclusions.gz.alleles.gz
finished 3897_61_PDXP_PLPP.txt.gz.annotated.gz.exclusions.gz.alleles.gz
running 3898_5_PSMD7_PSD7.txt.gz.annotated.gz.exclusions.gz.alleles.gz
finished 3898_5_PSMD7_PSD7.txt.gz.annotated.gz.exclusions.gz.alleles.gz
running 3902_21_SKP1_SKP1.txt.gz.annotated.gz.exclusions.gz.alleles.gz
finished 3902_21_SKP1_SKP1.txt.gz.annotated.gz.exclusions.gz.alleles.gz
running 3903_49_SNX4_Sorting_nexin_4.txt.gz.annotated.gz.exclusions.gz.alleles.gz
finished 3903_49_SNX4_Sorting_nexin_4.txt.gz.annotated.gz.exclusions.gz.alleles.gz
running 3905_62_UBE2N_UBE2N.txt.gz.annotated.gz.exclusions.gz.alleles.gz
finished 3905_62_UBE2N_UBE2N.txt.gz.annotated.gz.exclusions.gz.alleles.gz
running 4122_12_DDR1_discoidin_domain_receptor_1.txt.gz.annotated.gz.exclusions.gz.alleles.gz
finished 4122_12_DDR1_discoidin_domain_receptor_1.txt.gz.annotated.gz.exclusions.gz.alleles.gz
running 4123_60_FGF4_FGF_4.txt.gz.annotated.gz.exclusions.gz.alleles.gz
finished 4123_60_FGF4_FGF_4.txt.gz.annotated.gz.exclusions.gz.alleles.gz
running 4124_24_HSPA1A_HSP_70.txt.gz.annotated.gz.exclusions.gz.alleles.gz
finished 4124_24_HSPA1A_HSP_70.txt.gz.annotated.gz.exclusions.gz.alleles.gz
running 4125_52_AGER_sRAGE.txt.gz.annotated.gz.exclusions.gz.alleles.gz
finished 4125_52_AGER_sRAGE.txt.gz.annotated.gz.exclusions.gz.alleles.gz
running 4126_22_BPI_BPI.txt.gz.annotated.gz.exclusions.gz.alleles.gz
finished 4126_22_BPI_BPI.txt.gz.annotated.gz.exclusions.gz.alleles.gz
running 4127_75_C6_C6.txt.gz.annotated.gz.exclusions.gz.alleles.gz
finished 4127_75_C6_C6.txt.gz.annotated.gz.exclusions.gz.alleles.gz
running 4128_27_CCL24_Eotaxin_2.txt.gz.annotated.gz.exclusions.gz.alleles.gz
finished 4128_27_CCL24_Eotaxin_2.txt.gz.annotated.gz.exclusions.gz.alleles.gz
running 4129_72_CFB_Factor_B.txt.gz.annotated.gz.exclusions.gz.alleles.gz
finished 4129_72_CFB_Factor_B.txt.gz.annotated.gz.exclusions.gz.alleles.gz
running 4130_71_FGF6_FGF_6.txt.gz.annotated.gz.exclusions.gz.alleles.gz
finished 4130_71_FGF6_FGF_6.txt.gz.annotated.gz.exclusions.gz.alleles.gz
running 4131_72_FN1_Fibronectin.txt.gz.annotated.gz.exclusions.gz.alleles.gz
finished 4131_72_FN1_Fibronectin.txt.gz.annotated.gz.exclusions.gz.alleles.gz
running 4132_27_FST_FST.txt.gz.annotated.gz.exclusions.gz.alleles.gz
finished 4132_27_FST_FST.txt.gz.annotated.gz.exclusions.gz.alleles.gz
running 4133_54_GZMB_Granzyme_B.txt.gz.annotated.gz.exclusions.gz.alleles.gz
finished 4133_54_GZMB_Granzyme_B.txt.gz.annotated.gz.exclusions.gz.alleles.gz
running 4136_40_IL17D_IL_17D.txt.gz.annotated.gz.exclusions.gz.alleles.gz
finished 4136_40_IL17D_IL_17D.txt.gz.annotated.gz.exclusions.gz.alleles.gz
running 4137_57_IL25_IL_17E.txt.gz.annotated.gz.exclusions.gz.alleles.gz
finished 4137_57_IL25_IL_17E.txt.gz.annotated.gz.exclusions.gz.alleles.gz
running 4138_25_IL20_IL_20.txt.gz.annotated.gz.exclusions.gz.alleles.gz
finished 4138_25_IL20_IL_20.txt.gz.annotated.gz.exclusions.gz.alleles.gz
running 4140_3_IL7_IL_7.txt.gz.annotated.gz.exclusions.gz.alleles.gz
finished 4140_3_IL7_IL_7.txt.gz.annotated.gz.exclusions.gz.alleles.gz
running 4141_79_CXCL10_IP_10.txt.gz.annotated.gz.exclusions.gz.alleles.gz
finished 4141_79_CXCL10_IP_10.txt.gz.annotated.gz.exclusions.gz.alleles.gz
running 4143_74_XCL1_Lymphotactin.txt.gz.annotated.gz.exclusions.gz.alleles.gz
finished 4143_74_XCL1_Lymphotactin.txt.gz.annotated.gz.exclusions.gz.alleles.gz
running 4144_13_CCL13_MCP_4.txt.gz.annotated.gz.exclusions.gz.alleles.gz
finished 4144_13_CCL13_MCP_4.txt.gz.annotated.gz.exclusions.gz.alleles.gz
running 4145_58_NTF3_Neurotrophin_3.txt.gz.annotated.gz.exclusions.gz.alleles.gz
finished 4145_58_NTF3_Neurotrophin_3.txt.gz.annotated.gz.exclusions.gz.alleles.gz
running 4146_58_NTF4_Neurotrophin_5.txt.gz.annotated.gz.exclusions.gz.alleles.gz
finished 4146_58_NTF4_Neurotrophin_5.txt.gz.annotated.gz.exclusions.gz.alleles.gz
running 4148_49_PAPPA_PAPP_A.txt.gz.annotated.gz.exclusions.gz.alleles.gz
finished 4148_49_PAPPA_PAPP_A.txt.gz.annotated.gz.exclusions.gz.alleles.gz
running 4149_8_PDGFB_PDGF_BB.txt.gz.annotated.gz.exclusions.gz.alleles.gz
finished 4149_8_PDGFB_PDGF_BB.txt.gz.annotated.gz.exclusions.gz.alleles.gz
running 4150_75_PLG_Plasmin.txt.gz.annotated.gz.exclusions.gz.alleles.gz
finished 4150_75_PLG_Plasmin.txt.gz.annotated.gz.exclusions.gz.alleles.gz
running 4151_6_PLG_Plasminogen.txt.gz.annotated.gz.exclusions.gz.alleles.gz
finished 4151_6_PLG_Plasminogen.txt.gz.annotated.gz.exclusions.gz.alleles.gz
running 4152_58_KLKB1_Prekallikrein.txt.gz.annotated.gz.exclusions.gz.alleles.gz
finished 4152_58_KLKB1_Prekallikrein.txt.gz.annotated.gz.exclusions.gz.alleles.gz
running 4153_11_SERPINA3_alpha_1_antichymotrypsin_complex.txt.gz.annotated.gz.exclusions.gz.alleles.gz
finished 4153_11_SERPINA3_alpha_1_antichymotrypsin_complex.txt.gz.annotated.gz.exclusions.gz.alleles.gz
running 4154_57_SELP_P_Selectin.txt.gz.annotated.gz.exclusions.gz.alleles.gz
finished 4154_57_SELP_P_Selectin.txt.gz.annotated.gz.exclusions.gz.alleles.gz
running 4155_3_TNC_Tenascin.txt.gz.annotated.gz.exclusions.gz.alleles.gz
finished 4155_3_TNC_Tenascin.txt.gz.annotated.gz.exclusions.gz.alleles.gz
running 4156_74_TGFB2_TGF_b2.txt.gz.annotated.gz.exclusions.gz.alleles.gz
finished 4156_74_TGFB2_TGF_b2.txt.gz.annotated.gz.exclusions.gz.alleles.gz
running 4157_2_F2_Thrombin.txt.gz.annotated.gz.exclusions.gz.alleles.gz
finished 4157_2_F2_Thrombin.txt.gz.annotated.gz.exclusions.gz.alleles.gz
running 4158_54_PLAU_uPA.txt.gz.annotated.gz.exclusions.gz.alleles.gz
finished 4158_54_PLAU_uPA.txt.gz.annotated.gz.exclusions.gz.alleles.gz
running 4159_130_CFH_Factor_H.txt.gz.annotated.gz.exclusions.gz.alleles.gz
finished 4159_130_CFH_Factor_H.txt.gz.annotated.gz.exclusions.gz.alleles.gz
running 4160_49_MMP2_MMP_2.txt.gz.annotated.gz.exclusions.gz.alleles.gz
finished 4160_49_MMP2_MMP_2.txt.gz.annotated.gz.exclusions.gz.alleles.gz
running 4162_54_TF_Transferrin.txt.gz.annotated.gz.exclusions.gz.alleles.gz
finished 4162_54_TF_Transferrin.txt.gz.annotated.gz.exclusions.gz.alleles.gz
running 4163_5_H2AFZ_Histone_H2A_z.txt.gz.annotated.gz.exclusions.gz.alleles.gz
finished 4163_5_H2AFZ_Histone_H2A_z.txt.gz.annotated.gz.exclusions.gz.alleles.gz
running 4184_43_EIF4EBP2_4EBP2.txt.gz.annotated.gz.exclusions.gz.alleles.gz
finished 4184_43_EIF4EBP2_4EBP2.txt.gz.annotated.gz.exclusions.gz.alleles.gz
running 4187_49_PGD_6_Phosphogluconate_dehydrogenase.txt.gz.annotated.gz.exclusions.gz.alleles.gz
finished 4187_49_PGD_6_Phosphogluconate_dehydrogenase.txt.gz.annotated.gz.exclusions.gz.alleles.gz
running 4188_1_AKR7A2_Aflatoxin_B1_aldehyde_reductase.txt.gz.annotated.gz.exclusions.gz.alleles.gz
finished 4188_1_AKR7A2_Aflatoxin_B1_aldehyde_reductase.txt.gz.annotated.gz.exclusions.gz.alleles.gz
running 4192_10_AKR1A1_AK1A1.txt.gz.annotated.gz.exclusions.gz.alleles.gz
finished 4192_10_AKR1A1_AK1A1.txt.gz.annotated.gz.exclusions.gz.alleles.gz
running 4194_26_ANP32B_AN32B.txt.gz.annotated.gz.exclusions.gz.alleles.gz
finished 4194_26_ANP32B_AN32B.txt.gz.annotated.gz.exclusions.gz.alleles.gz
running 4203_50_CFL1_Cofilin_1.txt.gz.annotated.gz.exclusions.gz.alleles.gz
finished 4203_50_CFL1_Cofilin_1.txt.gz.annotated.gz.exclusions.gz.alleles.gz
running 4209_60_VTA1_DRG_1.txt.gz.annotated.gz.exclusions.gz.alleles.gz
finished 4209_60_VTA1_DRG_1.txt.gz.annotated.gz.exclusions.gz.alleles.gz
running 4212_5_EPS15L1_EP15R.txt.gz.annotated.gz.exclusions.gz.alleles.gz
finished 4212_5_EPS15L1_EP15R.txt.gz.annotated.gz.exclusions.gz.alleles.gz
running 4217_49_HSD17B10_ERAB.txt.gz.annotated.gz.exclusions.gz.alleles.gz
finished 4217_49_HSD17B10_ERAB.txt.gz.annotated.gz.exclusions.gz.alleles.gz
running 4220_39_FER_FER.txt.gz.annotated.gz.exclusions.gz.alleles.gz
finished 4220_39_FER_FER.txt.gz.annotated.gz.exclusions.gz.alleles.gz
running 4224_7_SYNCRIP_HNRPQ.txt.gz.annotated.gz.exclusions.gz.alleles.gz
finished 4224_7_SYNCRIP_HNRPQ.txt.gz.annotated.gz.exclusions.gz.alleles.gz
running 4230_1_EIF4G2_IF4G2.txt.gz.annotated.gz.exclusions.gz.alleles.gz
finished 4230_1_EIF4G2_IF4G2.txt.gz.annotated.gz.exclusions.gz.alleles.gz
running 4232_19_IGF1R_IGF_I_sR.txt.gz.annotated.gz.exclusions.gz.alleles.gz
finished 4232_19_IGF1R_IGF_I_sR.txt.gz.annotated.gz.exclusions.gz.alleles.gz
running 4234_8_IL1RL1_IL_1_R4.txt.gz.annotated.gz.exclusions.gz.alleles.gz
finished 4234_8_IL1RL1_IL_1_R4.txt.gz.annotated.gz.exclusions.gz.alleles.gz
