running APRT_P07741_OID20927.gz
finished APRT_P07741_OID20927.gz
running ARAF_P10398_OID31260.gz
finished ARAF_P10398_OID31260.gz
running AREG_P15514_OID21357.gz
finished AREG_P15514_OID21357.gz
running ARF6_P62330_OID31523.gz
finished ARF6_P62330_OID31523.gz
running ARFIP1_P53367_OID31024.gz
finished ARFIP1_P53367_OID31024.gz
running ARG1_P05089_OID21445.gz
finished ARG1_P05089_OID21445.gz
running ARG2_P78540_OID31339.gz
finished ARG2_P78540_OID31339.gz
running ARHGAP1_Q07960_OID21202.gz
finished ARHGAP1_Q07960_OID21202.gz
running ARHGAP25_P42331_OID21255.gz
finished ARHGAP25_P42331_OID21255.gz
running ARHGAP30_Q7Z6I6_OID31336.gz
finished ARHGAP30_Q7Z6I6_OID31336.gz
running ARHGAP45_Q92619_OID30653.gz
finished ARHGAP45_Q92619_OID30653.gz
running ARHGAP5_Q13017_OID31190.gz
finished ARHGAP5_Q13017_OID31190.gz
running ARHGEF10_O15013_OID30994.gz
finished ARHGEF10_O15013_OID30994.gz
running ARHGEF12_Q9NZN5_OID20554.gz
finished ARHGEF12_Q9NZN5_OID20554.gz
running ARHGEF1_Q92888_OID31133.gz
finished ARHGEF1_Q92888_OID31133.gz
running ARHGEF5_Q12774_OID30871.gz
finished ARHGEF5_Q12774_OID30871.gz
running ARID3A_Q99856_OID30861.gz
finished ARID3A_Q99856_OID30861.gz
running ARID4B_Q4LE39_OID20803.gz
finished ARID4B_Q4LE39_OID20803.gz
running ARL13B_Q3SXY8_OID30166.gz
finished ARL13B_Q3SXY8_OID30166.gz
running ARL2BP_Q9Y2Y0_OID30121.gz
finished ARL2BP_Q9Y2Y0_OID30121.gz
running ARMCX2_Q7L311_OID30792.gz
finished ARMCX2_Q7L311_OID30792.gz
running ARNTL_O00327_OID30168.gz
finished ARNTL_O00327_OID30168.gz
running ARNT_P27540_OID20432.gz
finished ARNT_P27540_OID20432.gz
running ARSA_P15289_OID21138.gz
finished ARSA_P15289_OID21138.gz
running ARSB_P15848_OID21331.gz
finished ARSB_P15848_OID21331.gz
running ART3_Q13508_OID20346.gz
finished ART3_Q13508_OID20346.gz
running ART5_Q96L15_OID30828.gz
finished ART5_Q96L15_OID30828.gz
running ARTN_Q5T4W7_OID20446.gz
finished ARTN_Q5T4W7_OID20446.gz
running ASAH1_Q13510_OID30415.gz
finished ASAH1_Q13510_OID30415.gz
running ASAH2_Q9NR71_OID20996.gz
finished ASAH2_Q9NR71_OID20996.gz
running ASGR1_P07306_OID20990.gz
finished ASGR1_P07306_OID20990.gz
running ASGR2_P07307_OID30679.gz
finished ASGR2_P07307_OID30679.gz
running ASPN_Q9BXN1_OID30315.gz
finished ASPN_Q9BXN1_OID30315.gz
running ASPSCR1_Q9BZE9_OID31055.gz
finished ASPSCR1_Q9BZE9_OID31055.gz
running ASRGL1_Q7L266_OID30283.gz
finished ASRGL1_Q7L266_OID30283.gz
running ASS1_P00966_OID30170.gz
finished ASS1_P00966_OID30170.gz
running ATF2_P15336_OID20798.gz
finished ATF2_P15336_OID20798.gz
running ATF4_P18848_OID31162.gz
finished ATF4_P18848_OID31162.gz
running ATG16L1_Q676U5_OID31466.gz
finished ATG16L1_Q676U5_OID31466.gz
running ATG4A_Q8WYN0_OID21246.gz
finished ATG4A_Q8WYN0_OID21246.gz
running ATOX1_O00244_OID21476.gz
finished ATOX1_O00244_OID21476.gz
running ATP1B1_P05026_OID30124.gz
finished ATP1B1_P05026_OID30124.gz
running ATP1B2_P14415_OID30118.gz
finished ATP1B2_P14415_OID30118.gz
running ATP1B3_P54709_OID30065.gz
finished ATP1B3_P54709_OID30065.gz
running ATP1B4_Q9UN42_OID31230.gz
finished ATP1B4_Q9UN42_OID31230.gz
running ATP2B4_P23634_OID30062.gz
finished ATP2B4_P23634_OID30062.gz
running ATP5F1D_P30049_OID30079.gz
finished ATP5F1D_P30049_OID30079.gz
running ATP5IF1_Q9UII2_OID20760.gz
finished ATP5IF1_Q9UII2_OID20760.gz
running ATP5PO_P48047_OID20811.gz
finished ATP5PO_P48047_OID20811.gz
running ATP6AP2_O75787_OID21178.gz
finished ATP6AP2_O75787_OID21178.gz
running ATP6V1D_Q9Y5K8_OID21341.gz
finished ATP6V1D_Q9Y5K8_OID21341.gz
running ATP6V1F_Q16864_OID20843.gz
finished ATP6V1F_Q16864_OID20843.gz
running ATP6V1G1_O75348_OID30242.gz
finished ATP6V1G1_O75348_OID30242.gz
running ATP6V1G2_O95670_OID30167.gz
finished ATP6V1G2_O95670_OID30167.gz
running ATRAID_Q6UW56_OID31451.gz
finished ATRAID_Q6UW56_OID31451.gz
running ATRN_O75882-2_OID30735.gz
finished ATRN_O75882-2_OID30735.gz
running ATXN10_Q9UBB4_OID20865.gz
finished ATXN10_Q9UBB4_OID20865.gz
running ATXN2L_Q8WWM7_OID30980.gz
finished ATXN2L_Q8WWM7_OID30980.gz
running ATXN2_Q99700_OID30850.gz
finished ATXN2_Q99700_OID30850.gz
running ATXN3_P54252_OID31149.gz
finished ATXN3_P54252_OID31149.gz
running AXIN1_O15169_OID20582.gz
finished AXIN1_O15169_OID20582.gz
running AXL_P30530_OID20363.gz
finished AXL_P30530_OID20363.gz
running AZI2_Q9H6S1_OID31056.gz
finished AZI2_Q9H6S1_OID31056.gz
running AZU1_P20160_OID20309.gz
finished AZU1_P20160_OID20309.gz
running B2M_P61769_OID30725.gz
finished B2M_P61769_OID30725.gz
running B3GAT3_O94766_OID30165.gz
finished B3GAT3_O94766_OID30165.gz
running B3GNT7_Q8NFL0_OID30281.gz
finished B3GNT7_Q8NFL0_OID30281.gz
running B4GALT1_P15291_OID20780.gz
finished B4GALT1_P15291_OID20780.gz
running B4GAT1_O43505_OID21127.gz
finished B4GAT1_O43505_OID21127.gz
running BABAM1_Q9NWV8_OID30466.gz
finished BABAM1_Q9NWV8_OID30466.gz
running BACH1_O14867_OID20505.gz
finished BACH1_O14867_OID20505.gz
running BAG3_O95817_OID20972.gz
finished BAG3_O95817_OID20972.gz
running BAG4_O95429_OID30474.gz
finished BAG4_O95429_OID30474.gz
running BAG6_P46379_OID20114.gz
finished BAG6_P46379_OID20114.gz
running BAIAP2_Q9UQB8_OID21250.gz
finished BAIAP2_Q9UQB8_OID21250.gz
running BAMBI_Q13145_OID21267.gz
finished BAMBI_Q13145_OID21267.gz
running BANK1_Q8NDB2_OID20594.gz
finished BANK1_Q8NDB2_OID20594.gz
running BAP18_Q8IXM2_OID31150.gz
finished BAP18_Q8IXM2_OID31150.gz
running BATF_Q16520_OID30896.gz
finished BATF_Q16520_OID30896.gz
running BAX_Q07812_OID20856.gz
finished BAX_Q07812_OID20856.gz
