running SV2A_Q7L0J3_OID30965.gz
finished SV2A_Q7L0J3_OID30965.gz
running SWAP70_Q9UH65_OID31477.gz
finished SWAP70_Q9UH65_OID31477.gz
running SYAP1_Q96A49_OID30636.gz
finished SYAP1_Q96A49_OID30636.gz
running SYNGAP1_Q96PV0_OID30797.gz
finished SYNGAP1_Q96PV0_OID30797.gz
running SYT1_P21579_OID31089.gz
finished SYT1_P21579_OID31089.gz
running SYTL4_Q96C24_OID30339.gz
finished SYTL4_Q96C24_OID30339.gz
running TAB2_Q9NYJ8_OID31319.gz
finished TAB2_Q9NYJ8_OID31319.gz
running TACC3_Q9Y6A5_OID21285.gz
finished TACC3_Q9Y6A5_OID21285.gz
running TACSTD2_P09758_OID21447.gz
finished TACSTD2_P09758_OID21447.gz
running TADA3_O75528_OID31422.gz
finished TADA3_O75528_OID31422.gz
running TAFA5_Q7Z5A7_OID21321.gz
finished TAFA5_Q7Z5A7_OID21321.gz
running TAGLN3_Q9UI15_OID31225.gz
finished TAGLN3_Q9UI15_OID31225.gz
running TALDO1_P37837_OID30414.gz
finished TALDO1_P37837_OID30414.gz
running TANK_Q92844_OID20474.gz
finished TANK_Q92844_OID20474.gz
running TAP1_Q03518_OID31289.gz
finished TAP1_Q03518_OID31289.gz
running TARBP2_Q15633_OID20870.gz
finished TARBP2_Q15633_OID20870.gz
running TARM1_B6A8C7_OID30937.gz
finished TARM1_B6A8C7_OID30937.gz
running TARS1_P26639_OID31343.gz
finished TARS1_P26639_OID31343.gz
running TAX1BP1_Q86VP1_OID31075.gz
finished TAX1BP1_Q86VP1_OID31075.gz
running TBC1D17_Q9HA65_OID20844.gz
finished TBC1D17_Q9HA65_OID20844.gz
running TBC1D23_Q9NUY8_OID21286.gz
finished TBC1D23_Q9NUY8_OID21286.gz
running TBC1D5_Q92609_OID20521.gz
finished TBC1D5_Q92609_OID20521.gz
running TBCA_O75347_OID30616.gz
finished TBCA_O75347_OID30616.gz
running TBCB_Q99426_OID20993.gz
finished TBCB_Q99426_OID20993.gz
running TBCC_Q15814_OID20942.gz
finished TBCC_Q15814_OID20942.gz
running TBL1X_O60907_OID21220.gz
finished TBL1X_O60907_OID21220.gz
running TBR1_Q16650_OID30923.gz
finished TBR1_Q16650_OID30923.gz
running TCL1A_P56279_OID20987.gz
finished TCL1A_P56279_OID20987.gz
running TCL1B_O95988_OID20058.gz
finished TCL1B_O95988_OID20058.gz
running TCN1_P20061_OID30687.gz
finished TCN1_P20061_OID30687.gz
running TCN2_P20062_OID20341.gz
finished TCN2_P20062_OID20341.gz
running TCOF1_Q13428_OID30316.gz
finished TCOF1_Q13428_OID30316.gz
running TCP11_Q8WWU5_OID31267.gz
finished TCP11_Q8WWU5_OID31267.gz
running TCTN3_Q6NUS6_OID30326.gz
finished TCTN3_Q6NUS6_OID30326.gz
running TDGF1_P13385_OID20816.gz
finished TDGF1_P13385_OID20816.gz
running TDO2_P48775_OID30910.gz
finished TDO2_P48775_OID30910.gz
running TDP1_Q9NUW8_OID31403.gz
finished TDP1_Q9NUW8_OID31403.gz
running TDRKH_Q9Y2W6_OID20875.gz
finished TDRKH_Q9Y2W6_OID20875.gz
running TEF_Q10587_OID30103.gz
finished TEF_Q10587_OID30103.gz
running TEK_Q02763_OID21496.gz
finished TEK_Q02763_OID21496.gz
running TERF1_P54274_OID30480.gz
finished TERF1_P54274_OID30480.gz
running TET2_Q6N021_OID31266.gz
finished TET2_Q6N021_OID31266.gz
running TEX101_Q9BY14_OID30971.gz
finished TEX101_Q9BY14_OID30971.gz
running TEX33_O43247_OID31280.gz
finished TEX33_O43247_OID31280.gz
running TFAP2A_P05549_OID30848.gz
finished TFAP2A_P05549_OID30848.gz
running TFF1_P04155_OID21154.gz
finished TFF1_P04155_OID21154.gz
running TFF2_Q03403_OID20787.gz
finished TFF2_Q03403_OID20787.gz
running TFF3_Q07654_OID20371.gz
finished TFF3_Q07654_OID20371.gz
running TF_P02787_OID30783.gz
finished TF_P02787_OID30783.gz
running TFPI2_P48307_OID21512.gz
finished TFPI2_P48307_OID21512.gz
running TFPI_P10646_OID20388.gz
finished TFPI_P10646_OID20388.gz
running TFRC_P02786_OID20369.gz
finished TFRC_P02786_OID20369.gz
running TGFA_P01135_OID20600.gz
finished TGFA_P01135_OID20600.gz
running TGFB1_P01137_OID20621.gz
finished TGFB1_P01137_OID20621.gz
running TGFB2_P61812_OID31417.gz
finished TGFB2_P61812_OID31417.gz
running TGFBI_Q15582_OID20417.gz
finished TGFBI_Q15582_OID20417.gz
running TGFBR1_P36897_OID30502.gz
finished TGFBR1_P36897_OID30502.gz
running TGFBR2_P37173_OID21493.gz
finished TGFBR2_P37173_OID21493.gz
running TGFBR3_Q03167_OID20255.gz
finished TGFBR3_Q03167_OID20255.gz
running TGM2_P21980_OID20141.gz
finished TGM2_P21980_OID20141.gz
running TGOLN2_O43493_OID30691.gz
finished TGOLN2_O43493_OID30691.gz
running TG_P01266_OID31359.gz
finished TG_P01266_OID31359.gz
running THAP12_O43422_OID31238.gz
finished THAP12_O43422_OID31238.gz
running THBD_P07204_OID20231.gz
grep: write error: No space left on device
finished THBD_P07204_OID20231.gz
running THBS2_P35442_OID21104.gz
grep: write error: No space left on device
finished THBS2_P35442_OID21104.gz
running THBS4_P35443_OID20368.gz
finished THBS4_P35443_OID20368.gz
running THOP1_P52888_OID20194.gz
finished THOP1_P52888_OID20194.gz
running THPO_P40225_OID20098.gz
finished THPO_P40225_OID20098.gz
running THRAP3_Q9Y2W1_OID30053.gz
finished THRAP3_Q9Y2W1_OID30053.gz
running THSD1_Q9NS62_OID30476.gz
finished THSD1_Q9NS62_OID30476.gz
running THTPA_Q9BU02_OID31375.gz
finished THTPA_Q9BU02_OID31375.gz
running THY1_P04216_OID21050.gz
finished THY1_P04216_OID21050.gz
running TIA1_P31483_OID20068.gz
finished TIA1_P31483_OID20068.gz
running TIE1_P35590_OID20303.gz
finished TIE1_P35590_OID20303.gz
running TIGAR_Q9NQ88_OID20894.gz
finished TIGAR_Q9NQ88_OID20894.gz
running TIGIT_Q495A1_OID31320.gz
finished TIGIT_Q495A1_OID31320.gz
running TIMD4_Q96H15_OID20375.gz
finished TIMD4_Q96H15_OID20375.gz
running TIMM10_P62072_OID30358.gz
finished TIMM10_P62072_OID30358.gz
running TIMM8A_O60220_OID31143.gz
finished TIMM8A_O60220_OID31143.gz
running TIMP1_P01033_OID20418.gz
finished TIMP1_P01033_OID20418.gz
running TIMP2_P16035_OID30318.gz
finished TIMP2_P16035_OID30318.gz
running TIMP3_P35625_OID20684.gz
finished TIMP3_P35625_OID20684.gz
running TIMP4_Q99727_OID21147.gz
finished TIMP4_Q99727_OID21147.gz
running TINAGL1_Q9GZM7_OID20180.gz
finished TINAGL1_Q9GZM7_OID20180.gz
running TJAP1_Q5JTD0_OID21477.gz
finished TJAP1_Q5JTD0_OID21477.gz
running TJP3_O95049_OID30798.gz
finished TJP3_O95049_OID30798.gz
running TK1_P04183_OID31294.gz
finished TK1_P04183_OID31294.gz
running TLR1_Q15399_OID30532.gz
finished TLR1_Q15399_OID30532.gz
running TLR2_O60603_OID31290.gz
finished TLR2_O60603_OID31290.gz
running TLR3_O15455_OID20612.gz
finished TLR3_O15455_OID20612.gz
running TLR4_O00206_OID30428.gz
finished TLR4_O00206_OID30428.gz
running TMCO5A_Q8N6Q1_OID30940.gz
finished TMCO5A_Q8N6Q1_OID30940.gz
running TMED10_P49755_OID30068.gz
finished TMED10_P49755_OID30068.gz
running TMED1_Q13445_OID31278.gz
finished TMED1_Q13445_OID31278.gz
running TMED4_Q7Z7H5_OID30154.gz
finished TMED4_Q7Z7H5_OID30154.gz
running TMED8_Q6PL24_OID31462.gz
finished TMED8_Q6PL24_OID31462.gz
running TMEM106A_Q96A25_OID31411.gz
finished TMEM106A_Q96A25_OID31411.gz
running TMEM132A_Q24JP5_OID30287.gz
finished TMEM132A_Q24JP5_OID30287.gz
running TMEM25_Q86YD3_OID31015.gz
finished TMEM25_Q86YD3_OID31015.gz
running TMOD4_Q9NZQ9_OID31246.gz
finished TMOD4_Q9NZQ9_OID31246.gz
running TMPRSS11B_Q86T26_OID30852.gz
finished TMPRSS11B_Q86T26_OID30852.gz
running TMPRSS11D_O60235_OID31103.gz
finished TMPRSS11D_O60235_OID31103.gz
running TMPRSS15_P98073_OID21364.gz
finished TMPRSS15_P98073_OID21364.gz
running TMPRSS5_Q9H3S3_OID20947.gz
finished TMPRSS5_Q9H3S3_OID20947.gz
running TMSB10_P63313_OID21118.gz
finished TMSB10_P63313_OID21118.gz
running TNC_P24821_OID20359.gz
finished TNC_P24821_OID20359.gz
running TNFAIP2_Q03169_OID31446.gz
finished TNFAIP2_Q03169_OID31446.gz
running TNFAIP8L2_Q6P589_OID30629.gz
finished TNFAIP8L2_Q6P589_OID30629.gz
running TNFAIP8_O95379_OID20433.gz
finished TNFAIP8_O95379_OID20433.gz
