running ECHDC3_Q96DC8_OID30293.gz
finished ECHDC3_Q96DC8_OID30293.gz
running ECHS1_P30084_OID30239.gz
finished ECHS1_P30084_OID30239.gz
running ECI2_O75521_OID30142.gz
finished ECI2_O75521_OID30142.gz
running ECM1_Q16610_OID30736.gz
finished ECM1_Q16610_OID30736.gz
running ECSCR_Q19T08_OID30831.gz
finished ECSCR_Q19T08_OID30831.gz
running EDA2R_Q9HAV5_OID21451.gz
finished EDA2R_Q9HAV5_OID21451.gz
running EDAR_Q9UNE0_OID20525.gz
finished EDAR_Q9UNE0_OID20525.gz
running EDDM3B_P56851_OID31365.gz
finished EDDM3B_P56851_OID31365.gz
running EDEM2_Q9BV94_OID30136.gz
finished EDEM2_Q9BV94_OID30136.gz
running EDF1_O60869_OID31010.gz
finished EDF1_O60869_OID31010.gz
running EDIL3_O43854_OID20081.gz
finished EDIL3_O43854_OID20081.gz
running EDN1_P05305_OID30224.gz
finished EDN1_P05305_OID30224.gz
running EDNRB_P24530_OID30421.gz
finished EDNRB_P24530_OID30421.gz
running EEF1D_P29692_OID30335.gz
finished EEF1D_P29692_OID30335.gz
running EFCAB14_O75071_OID31460.gz
finished EFCAB14_O75071_OID31460.gz
running EFCAB2_Q5VUJ9_OID31313.gz
finished EFCAB2_Q5VUJ9_OID31313.gz
running EFEMP1_Q12805_OID20414.gz
finished EFEMP1_Q12805_OID20414.gz
running EFHD1_Q9BUP0_OID31044.gz
finished EFHD1_Q9BUP0_OID31044.gz
running EFNA1_P20827_OID21125.gz
finished EFNA1_P20827_OID21125.gz
running EFNA4_P52798_OID20935.gz
finished EFNA4_P52798_OID20935.gz
running EFNB2_P52799_OID30954.gz
finished EFNB2_P52799_OID30954.gz
running EGFL7_Q9UHF1_OID21252.gz
finished EGFL7_Q9UHF1_OID21252.gz
running EGFLAM_Q63HQ2_OID31496.gz
finished EGFLAM_Q63HQ2_OID31496.gz
running EGF_P01133_OID20698.gz
finished EGF_P01133_OID20698.gz
running EGFR_P00533_OID20319.gz
finished EGFR_P00533_OID20319.gz
running EGLN1_Q9GZT9_OID20572.gz
finished EGLN1_Q9GZT9_OID20572.gz
running EHBP1_Q8NDI1_OID30302.gz
finished EHBP1_Q8NDI1_OID30302.gz
running EHD3_Q9NZN3_OID30229.gz
finished EHD3_Q9NZN3_OID30229.gz
running EIF1AX_P47813_OID31125.gz
finished EIF1AX_P47813_OID31125.gz
running EIF2AK2_P19525_OID31442.gz
finished EIF2AK2_P19525_OID31442.gz
running EIF2AK3_Q9NZJ5_OID30060.gz
finished EIF2AK3_Q9NZJ5_OID30060.gz
running EIF2S2_P20042_OID30270.gz
finished EIF2S2_P20042_OID30270.gz
running EIF4B_P23588_OID21000.gz
finished EIF4B_P23588_OID21000.gz
running EIF4EBP1_Q13541_OID20162.gz
finished EIF4EBP1_Q13541_OID20162.gz
running EIF4E_P06730_OID30557.gz
finished EIF4E_P06730_OID30557.gz
running EIF4G1_Q04637_OID20625.gz
finished EIF4G1_Q04637_OID20625.gz
running EIF4G3_O43432_OID31022.gz
finished EIF4G3_O43432_OID31022.gz
running EIF5A_P63241_OID20423.gz
finished EIF5A_P63241_OID20423.gz
running EIF5_P55010_OID30156.gz
finished EIF5_P55010_OID30156.gz
running ELAC1_Q9H777_OID31029.gz
finished ELAC1_Q9H777_OID31029.gz
running ELAVL4_P26378_OID30854.gz
finished ELAVL4_P26378_OID30854.gz
running ELN_P15502_OID30301.gz
finished ELN_P15502_OID30301.gz
running ELOA_Q14241_OID21337.gz
finished ELOA_Q14241_OID21337.gz
running ELOB_Q15370_OID30127.gz
finished ELOB_Q15370_OID30127.gz
running ENAH_Q8N8S7_OID20497.gz
finished ENAH_Q8N8S7_OID20497.gz
running ENDOU_P21128_OID31498.gz
finished ENDOU_P21128_OID31498.gz
running ENG_P17813_OID20287.gz
finished ENG_P17813_OID20287.gz
running ENO1_P06733_OID21037.gz
finished ENO1_P06733_OID21037.gz
running ENO2_P09104_OID21046.gz
finished ENO2_P09104_OID21046.gz
running ENO3_P13929_OID30209.gz
finished ENO3_P13929_OID30209.gz
running ENOPH1_Q9UHY7_OID31349.gz
finished ENOPH1_Q9UHY7_OID31349.gz
running ENOX2_Q16206_OID30152.gz
finished ENOX2_Q16206_OID30152.gz
running ENPEP_Q07075_OID30135.gz
finished ENPEP_Q07075_OID30135.gz
running ENPP2_Q13822_OID20288.gz
finished ENPP2_Q13822_OID20288.gz
running ENPP5_Q9UJA9_OID20736.gz
finished ENPP5_Q9UJA9_OID20736.gz
running ENPP6_Q6UWR7_OID30273.gz
finished ENPP6_Q6UWR7_OID30273.gz
running ENPP7_Q6UWV6_OID20689.gz
finished ENPP7_Q6UWV6_OID20689.gz
running ENSA_O43768_OID31355.gz
finished ENSA_O43768_OID31355.gz
running ENTPD2_Q9Y5L3_OID21260.gz
finished ENTPD2_Q9Y5L3_OID21260.gz
running ENTPD5_O75356_OID20104.gz
finished ENTPD5_O75356_OID20104.gz
running ENTPD6_O75354_OID20100.gz
finished ENTPD6_O75354_OID20100.gz
running ENTR1_Q96C92_OID30231.gz
finished ENTR1_Q96C92_OID30231.gz
running EP300_Q09472_OID30438.gz
finished EP300_Q09472_OID30438.gz
running EPB41L5_Q9HCM4_OID30886.gz
finished EPB41L5_Q9HCM4_OID30886.gz
running EPCAM_P16422_OID20743.gz
finished EPCAM_P16422_OID20743.gz
running EPGN_Q6UW88_OID31373.gz
finished EPGN_Q6UW88_OID31373.gz
running EPHA10_Q5JZY3_OID20840.gz
finished EPHA10_Q5JZY3_OID20840.gz
running EPHA1_P21709_OID20677.gz
finished EPHA1_P21709_OID20677.gz
running EPHA2_P29317_OID21342.gz
finished EPHA2_P29317_OID21342.gz
running EPHA4_P54764_OID30622.gz
finished EPHA4_P54764_OID30622.gz
running EPHB4_P54760_OID20242.gz
finished EPHB4_P54760_OID20242.gz
running EPHB6_O15197_OID20982.gz
finished EPHB6_O15197_OID20982.gz
running EPHX2_P34913_OID20119.gz
finished EPHX2_P34913_OID20119.gz
running EPN1_Q9Y6I3_OID31252.gz
finished EPN1_Q9Y6I3_OID31252.gz
running EPO_P01588_OID20522.gz
finished EPO_P01588_OID20522.gz
running EPPK1_P58107_OID30250.gz
finished EPPK1_P58107_OID30250.gz
running EPS8L2_Q9H6S3_OID21397.gz
finished EPS8L2_Q9H6S3_OID21397.gz
running ERBB2_P04626_OID21520.gz
finished ERBB2_P04626_OID21520.gz
running ERBB3_P21860_OID20705.gz
finished ERBB3_P21860_OID20705.gz
running ERBB4_Q15303_OID21510.gz
finished ERBB4_Q15303_OID21510.gz
