running FSTL3_O95633_OID20782.gz
finished FSTL3_O95633_OID20782.gz
running FST_P19883_OID20770.gz
finished FST_P19883_OID20770.gz
running FTCD_O95954_OID31137.gz
finished FTCD_O95954_OID31137.gz
running FUCA1_P04066_OID20261.gz
finished FUCA1_P04066_OID20261.gz
running FUOM_A2VDF0_OID30626.gz
finished FUOM_A2VDF0_OID30626.gz
running FURIN_P09958_OID21514.gz
finished FURIN_P09958_OID21514.gz
running FUS_P35637_OID21256.gz
finished FUS_P35637_OID21256.gz
running FUT1_P19526_OID31295.gz
finished FUT1_P19526_OID31295.gz
running FUT3_FUT5_P21217_Q11128_OID21013.gz
finished FUT3_FUT5_P21217_Q11128_OID21013.gz
running FUT8_Q9BYC5_OID20992.gz
finished FUT8_Q9BYC5_OID20992.gz
running FXN_Q16595_OID21442.gz
finished FXN_Q16595_OID21442.gz
running FXYD5_Q96DB9_OID20463.gz
finished FXYD5_Q96DB9_OID20463.gz
running FYB1_O15117_OID21140.gz
finished FYB1_O15117_OID21140.gz
running FZD10_Q9ULW2_OID30931.gz
finished FZD10_Q9ULW2_OID30931.gz
running FZD8_Q9H461_OID30818.gz
finished FZD8_Q9H461_OID30818.gz
running GABARAPL1_Q9H0R8_OID31253.gz
finished GABARAPL1_Q9H0R8_OID31253.gz
running GABARAP_O95166_OID31414.gz
finished GABARAP_O95166_OID31414.gz
running GABRA4_P48169_OID30803.gz
finished GABRA4_P48169_OID30803.gz
running GAD1_Q99259_OID31166.gz
finished GAD1_Q99259_OID31166.gz
running GAD2_Q05329_OID30449.gz
finished GAD2_Q05329_OID30449.gz
running GADD45B_O75293_OID31261.gz
finished GADD45B_O75293_OID31261.gz
running GADD45GIP1_Q8TAE8_OID30237.gz
finished GADD45GIP1_Q8TAE8_OID30237.gz
running GAGE2A_Q6NT46_OID31199.gz
finished GAGE2A_Q6NT46_OID31199.gz
running GALNT10_Q86SR1_OID21371.gz
finished GALNT10_Q86SR1_OID21371.gz
running GALNT2_Q10471_OID21423.gz
finished GALNT2_Q10471_OID21423.gz
running GALNT3_Q14435_OID20471.gz
finished GALNT3_Q14435_OID20471.gz
running GALNT5_Q7Z7M9_OID30295.gz
finished GALNT5_Q7Z7M9_OID30295.gz
running GALNT7_Q86SF2_OID21377.gz
finished GALNT7_Q86SF2_OID21377.gz
running GAL_P22466_OID20727.gz
finished GAL_P22466_OID20727.gz
running GAMT_Q14353_OID30133.gz
finished GAMT_Q14353_OID30133.gz
running GAPDH_P04406_OID30600.gz
finished GAPDH_P04406_OID30600.gz
running GART_P22102_OID31004.gz
finished GART_P22102_OID31004.gz
running GAS2_O43903_OID31285.gz
finished GAS2_O43903_OID31285.gz
running GAS6_Q14393_OID20318.gz
finished GAS6_Q14393_OID20318.gz
running GASK1A_Q9UFP1_OID30109.gz
finished GASK1A_Q9UFP1_OID30109.gz
running GAST_P01350_OID31083.gz
finished GAST_P01350_OID31083.gz
running GATA3_P23771_OID31219.gz
finished GATA3_P23771_OID31219.gz
running GATD3_P0DPI2_OID30253.gz
finished GATD3_P0DPI2_OID30253.gz
running GBA_P04062_OID30966.gz
finished GBA_P04062_OID30966.gz
running GBP1_P32455_OID31128.gz
finished GBP1_P32455_OID31128.gz
running GBP2_P32456_OID20489.gz
finished GBP2_P32456_OID20489.gz
running GBP4_Q96PP9_OID20845.gz
finished GBP4_Q96PP9_OID20845.gz
running GBP6_Q6ZN66_OID30139.gz
finished GBP6_Q6ZN66_OID30139.gz
running GCC1_Q96CN9_OID31147.gz
finished GCC1_Q96CN9_OID31147.gz
running GCG_P01275_OID21263.gz
finished GCG_P01275_OID21263.gz
running GCHFR_P30047_OID30631.gz
finished GCHFR_P30047_OID30631.gz
running GCLM_P48507_OID30059.gz
finished GCLM_P48507_OID30059.gz
running GCNT1_Q02742_OID21379.gz
finished GCNT1_Q02742_OID21379.gz
running GC_P02774_OID30780.gz
finished GC_P02774_OID30780.gz
running GDF15_Q99988_OID20251.gz
finished GDF15_Q99988_OID20251.gz
running GDF2_Q9UK05_OID20202.gz
finished GDF2_Q9UK05_OID20202.gz
running GDNF_P39905_OID20861.gz
finished GDNF_P39905_OID20861.gz
running GET3_O43681_OID30303.gz
finished GET3_O43681_OID30303.gz
running GFAP_P14136_OID21247.gz
finished GFAP_P14136_OID21247.gz
running GFER_P55789_OID21259.gz
finished GFER_P55789_OID21259.gz
running GFOD2_Q3B7J2_OID21216.gz
finished GFOD2_Q3B7J2_OID21216.gz
running GFRA1_P56159_OID21457.gz
finished GFRA1_P56159_OID21457.gz
running GFRA2_O00451_OID21330.gz
finished GFRA2_O00451_OID21330.gz
running GFRA3_O60609_OID20933.gz
finished GFRA3_O60609_OID20933.gz
running GFRAL_Q6UXV0_OID31091.gz
finished GFRAL_Q6UXV0_OID31091.gz
running GGA1_Q9UJY5_OID20838.gz
finished GGA1_Q9UJY5_OID20838.gz
running GGACT_Q9BVM4_OID30290.gz
finished GGACT_Q9BVM4_OID30290.gz
running GGCT_O75223_OID30304.gz
finished GGCT_O75223_OID30304.gz
running GGH_Q92820_OID20416.gz
finished GGH_Q92820_OID20416.gz
running GGT1_P19440_OID21075.gz
finished GGT1_P19440_OID21075.gz
running GGT5_P36269_OID20909.gz
finished GGT5_P36269_OID20909.gz
running GH1_P01241_OID20220.gz
finished GH1_P01241_OID20220.gz
running GH2_P01242_OID21168.gz
finished GH2_P01242_OID21168.gz
running GHRHR_Q02643_OID20841.gz
finished GHRHR_Q02643_OID20841.gz
running GHRL_Q9UBU3_OID20175.gz
finished GHRL_Q9UBU3_OID20175.gz
running GHR_P10912_OID30574.gz
finished GHR_P10912_OID30574.gz
running GID8_Q9NWU2_OID31041.gz
finished GID8_Q9NWU2_OID31041.gz
running GIGYF2_Q6Y7W6_OID31062.gz
finished GIGYF2_Q6Y7W6_OID31062.gz
running GIMAP7_Q8NHV1_OID30639.gz
finished GIMAP7_Q8NHV1_OID30639.gz
running GIMAP8_Q8ND71_OID31194.gz
finished GIMAP8_Q8ND71_OID31194.gz
running GIPC2_Q8TF65_OID31153.gz
finished GIPC2_Q8TF65_OID31153.gz
running GIPC3_Q8TF64_OID31507.gz
finished GIPC3_Q8TF64_OID31507.gz
running GIP_P09681_OID30288.gz
finished GIP_P09681_OID30288.gz
running GIPR_P48546_OID30542.gz
finished GIPR_P48546_OID30542.gz
running GIT1_Q9Y2X7_OID30533.gz
finished GIT1_Q9Y2X7_OID30533.gz
running GJA8_P48165_OID31187.gz
finished GJA8_P48165_OID31187.gz
running GKN1_Q9NS71_OID20885.gz
finished GKN1_Q9NS71_OID20885.gz
running GLA_P06280_OID30594.gz
finished GLA_P06280_OID30594.gz
running GLB1_P16278_OID20949.gz
finished GLB1_P16278_OID20949.gz
running GLI2_P10070_OID30429.gz
finished GLI2_P10070_OID30429.gz
running GLO1_Q04760_OID20107.gz
finished GLO1_Q04760_OID20107.gz
running GLOD4_Q9HC38_OID20710.gz
finished GLOD4_Q9HC38_OID20710.gz
running GLP1R_P43220_OID30809.gz
finished GLP1R_P43220_OID30809.gz
running GLRX5_Q86SX6_OID30663.gz
finished GLRX5_Q86SX6_OID30663.gz
running GLRX_P35754_OID20195.gz
finished GLRX_P35754_OID20195.gz
running GLT8D2_Q9H1C3_OID20825.gz
finished GLT8D2_Q9H1C3_OID20825.gz
running GLYR1_Q49A26_OID31364.gz
finished GLYR1_Q49A26_OID31364.gz
running GM2A_P17900_OID30413.gz
finished GM2A_P17900_OID30413.gz
running GMFG_O60234_OID30340.gz
finished GMFG_O60234_OID30340.gz
running GMPR2_Q9P2T1_OID30623.gz
finished GMPR2_Q9P2T1_OID30623.gz
running GMPR_P36959_OID20641.gz
finished GMPR_P36959_OID20641.gz
running GNAS_O95467_OID31008.gz
finished GNAS_O95467_OID31008.gz
running GNE_Q9Y223_OID21231.gz
finished GNE_Q9Y223_OID21231.gz
running GNGT1_P63211_OID30920.gz
finished GNGT1_P63211_OID30920.gz
running GNLY_P22749_OID21132.gz
finished GNLY_P22749_OID21132.gz
running GNPDA1_P46926_OID30197.gz
finished GNPDA1_P46926_OID30197.gz
running GNPDA2_Q8TDQ7_OID30597.gz
finished GNPDA2_Q8TDQ7_OID30597.gz
running GOLGA3_Q08378_OID31026.gz
finished GOLGA3_Q08378_OID31026.gz
running GOLM2_Q6P4E1_OID21044.gz
finished GOLM2_Q6P4E1_OID21044.gz
running GOPC_Q9HD26_OID20551.gz
finished GOPC_Q9HD26_OID20551.gz
running GORASP2_Q9H8Y8_OID31438.gz
finished GORASP2_Q9H8Y8_OID31438.gz
running GOT1_P17174_OID30417.gz
finished GOT1_P17174_OID30417.gz
running GP1BA_P07359_OID20381.gz
finished GP1BA_P07359_OID20381.gz
running GP1BB_P13224_OID30174.gz
finished GP1BB_P13224_OID30174.gz
