running CD302_Q8IX05_OID21328.gz
finished CD302_Q8IX05_OID21328.gz
running CD33_P20138_OID21472.gz
finished CD33_P20138_OID21472.gz
running CD34_P28906_OID21025.gz
finished CD34_P28906_OID21025.gz
running CD36_P16671_OID30485.gz
finished CD36_P16671_OID30485.gz
running CD38_P28907_OID21316.gz
finished CD38_P28907_OID21316.gz
running CD3D_P04234_OID30827.gz
finished CD3D_P04234_OID30827.gz
running CD3E_P07766_OID31302.gz
finished CD3E_P07766_OID31302.gz
running CD3G_P09693_OID30448.gz
finished CD3G_P09693_OID30448.gz
running CD40LG_P29965_OID20616.gz
finished CD40LG_P29965_OID20616.gz
running CD40_P25942_OID20724.gz
finished CD40_P25942_OID20724.gz
running CD46_P15529_OID20380.gz
finished CD46_P15529_OID20380.gz
running CD48_P09326_OID20692.gz
finished CD48_P09326_OID20692.gz
running CD4_P01730_OID20584.gz
finished CD4_P01730_OID20584.gz
running CD55_P08174_OID20377.gz
finished CD55_P08174_OID20377.gz
running CD58_P19256_OID20716.gz
finished CD58_P19256_OID20716.gz
running CD59_P13987_OID20339.gz
finished CD59_P13987_OID20339.gz
running CD5L_O43866_OID30775.gz
finished CD5L_O43866_OID30775.gz
running CD5_P06127_OID21449.gz
finished CD5_P06127_OID21449.gz
running CD63_P08962_OID20988.gz
finished CD63_P08962_OID20988.gz
running CD69_Q07108_OID20206.gz
finished CD69_Q07108_OID20206.gz
running CD6_P30203_OID20649.gz
finished CD6_P30203_OID20649.gz
running CD70_P32970_OID20599.gz
finished CD70_P32970_OID20599.gz
running CD72_P21854_OID30641.gz
finished CD72_P21854_OID30641.gz
running CD74_P04233_OID21040.gz
finished CD74_P04233_OID21040.gz
running CD79B_P40259_OID20635.gz
finished CD79B_P40259_OID20635.gz
running CD7_P09564_OID30543.gz
finished CD7_P09564_OID30543.gz
running CD80_P33681_OID30291.gz
finished CD80_P33681_OID30291.gz
running CD82_P27701_OID31256.gz
finished CD82_P27701_OID31256.gz
running CD83_Q01151_OID20565.gz
finished CD83_Q01151_OID20565.gz
running CD84_Q9UIB8_OID20607.gz
finished CD84_Q9UIB8_OID20607.gz
running CD86_P42081_OID31500.gz
finished CD86_P42081_OID31500.gz
running CD8A_P01732_OID21018.gz
finished CD8A_P01732_OID21018.gz
running CD93_Q9NPY3_OID20397.gz
finished CD93_Q9NPY3_OID20397.gz
running CD99L2_Q8TCZ2_OID21122.gz
finished CD99L2_Q8TCZ2_OID21122.gz
running CD99_P14209_OID21110.gz
finished CD99_P14209_OID21110.gz
running CDAN1_Q8IWY9_OID31076.gz
finished CDAN1_Q8IWY9_OID31076.gz
running CDA_P32320_OID30345.gz
finished CDA_P32320_OID30345.gz
running CDC123_O75794_OID31242.gz
finished CDC123_O75794_OID31242.gz
running CDC25A_P30304_OID31189.gz
finished CDC25A_P30304_OID31189.gz
running CDC26_Q8NHZ8_OID31508.gz
finished CDC26_Q8NHZ8_OID31508.gz
running CDC27_P30260_OID21238.gz
finished CDC27_P30260_OID21238.gz
running CDC37_Q16543_OID21470.gz
finished CDC37_Q16543_OID21470.gz
running CDC42BPB_Q9Y5S2_OID31485.gz
finished CDC42BPB_Q9Y5S2_OID31485.gz
running CDCP1_Q9H5V8_OID20940.gz
finished CDCP1_Q9H5V8_OID20940.gz
running CDH15_P55291_OID21005.gz
finished CDH15_P55291_OID21005.gz
running CDH17_Q12864_OID20134.gz
finished CDH17_Q12864_OID20134.gz
running CDH1_P12830_OID20353.gz
finished CDH1_P12830_OID20353.gz
running CDH22_Q9UJ99_OID31332.gz
finished CDH22_Q9UJ99_OID31332.gz
running CDH23_Q9H251_OID31074.gz
finished CDH23_Q9H251_OID31074.gz
running CDH2_P19022_OID20170.gz
finished CDH2_P19022_OID20170.gz
running CDH3_P22223_OID21008.gz
finished CDH3_P22223_OID21008.gz
running CDH4_P55283_OID30875.gz
finished CDH4_P55283_OID30875.gz
running CDH5_P33151_OID20243.gz
finished CDH5_P33151_OID20243.gz
running CDH6_P55285_OID20157.gz
finished CDH6_P55285_OID20157.gz
running CDHR1_Q96JP9_OID20808.gz
finished CDHR1_Q96JP9_OID20808.gz
running CDHR2_Q9BYE9_OID21282.gz
finished CDHR2_Q9BYE9_OID21282.gz
running CDHR5_Q9HBB8_OID20193.gz
finished CDHR5_Q9HBB8_OID20193.gz
running CDK1_P06493_OID31164.gz
finished CDK1_P06493_OID31164.gz
running CDK5RAP3_Q96JB5_OID30985.gz
finished CDK5RAP3_Q96JB5_OID30985.gz
running CDKL5_O76039_OID30796.gz
finished CDKL5_O76039_OID30796.gz
running CDKN1A_P38936_OID21319.gz
finished CDKN1A_P38936_OID21319.gz
running CDKN2D_P55273_OID21295.gz
finished CDKN2D_P55273_OID21295.gz
running CDNF_Q49AH0_OID21318.gz
finished CDNF_Q49AH0_OID21318.gz
running CDON_Q4KMG0_OID20754.gz
finished CDON_Q4KMG0_OID20754.gz
running CDSN_Q15517_OID20667.gz
finished CDSN_Q15517_OID20667.gz
running CEACAM16_Q2WEN9_OID31495.gz
finished CEACAM16_Q2WEN9_OID31495.gz
running CEACAM18_A8MTB9_OID31251.gz
finished CEACAM18_A8MTB9_OID31251.gz
running CEACAM19_Q7Z692_OID31443.gz
finished CEACAM19_Q7Z692_OID31443.gz
running CEACAM1_P13688_OID21528.gz
finished CEACAM1_P13688_OID21528.gz
running CEACAM20_Q6UY09_OID31308.gz
finished CEACAM20_Q6UY09_OID31308.gz
running CEACAM21_Q3KPI0_OID20548.gz
finished CEACAM21_Q3KPI0_OID20548.gz
running CEACAM3_P40198_OID21245.gz
finished CEACAM3_P40198_OID21245.gz
running CEACAM5_P06731_OID21171.gz
finished CEACAM5_P06731_OID21171.gz
running CEACAM6_P40199_OID30362.gz
finished CEACAM6_P40199_OID30362.gz
running CEACAM8_P31997_OID20102.gz
finished CEACAM8_P31997_OID20102.gz
running CEBPA_P49715_OID30458.gz
finished CEBPA_P49715_OID30458.gz
running CEBPB_P17676_OID20052.gz
finished CEBPB_P17676_OID20052.gz
running CELA2A_P08217_OID30411.gz
finished CELA2A_P08217_OID30411.gz
running CELA3A_P09093_OID20298.gz
finished CELA3A_P09093_OID20298.gz
running CELSR2_Q9HCU4_OID30593.gz
finished CELSR2_Q9HCU4_OID30593.gz
running CEMIP2_Q9UHN6_OID30499.gz
finished CEMIP2_Q9UHN6_OID30499.gz
running CEND1_Q8N111_OID30821.gz
finished CEND1_Q8N111_OID30821.gz
running CENPF_P49454_OID31329.gz
finished CENPF_P49454_OID31329.gz
running CENPJ_Q9HC77_OID31314.gz
finished CENPJ_Q9HC77_OID31314.gz
running CEP112_Q8N8E3_OID30115.gz
finished CEP112_Q8N8E3_OID30115.gz
running CEP152_O94986_OID31249.gz
finished CEP152_O94986_OID31249.gz
running CEP164_Q9UPV0_OID20441.gz
finished CEP164_Q9UPV0_OID20441.gz
running CEP170_Q5SW79_OID30240.gz
finished CEP170_Q5SW79_OID30240.gz
running CEP20_Q96NB1_OID21209.gz
finished CEP20_Q96NB1_OID21209.gz
running CEP290_O15078_OID31287.gz
finished CEP290_O15078_OID31287.gz
running CEP350_Q5VT06_OID31247.gz
finished CEP350_Q5VT06_OID31247.gz
running CEP43_O95684_OID20084.gz
finished CEP43_O95684_OID20084.gz
running CEP85_Q6P2H3_OID21241.gz
finished CEP85_Q6P2H3_OID21241.gz
running CERT_Q9Y5P4_OID20857.gz
finished CERT_Q9Y5P4_OID20857.gz
running CES1_P23141_OID20244.gz
finished CES1_P23141_OID20244.gz
running CES2_O00748_OID21366.gz
finished CES2_O00748_OID21366.gz
running CES3_Q6UWW8_OID21340.gz
finished CES3_Q6UWW8_OID21340.gz
running CETN2_P41208_OID20836.gz
finished CETN2_P41208_OID20836.gz
running CETN3_O15182_OID31525.gz
finished CETN3_O15182_OID31525.gz
running CFB_P00751_OID30755.gz
finished CFB_P00751_OID30755.gz
running CFC1_P0CG37_OID21261.gz
finished CFC1_P0CG37_OID21261.gz
running CFD_P00746_OID30738.gz
finished CFD_P00746_OID30738.gz
running CFH_P08603_OID30790.gz
finished CFH_P08603_OID30790.gz
running CFHR2_P36980_OID30720.gz
finished CFHR2_P36980_OID30720.gz
running CFHR4_Q92496_OID30758.gz
finished CFHR4_Q92496_OID30758.gz
running CFHR5_Q9BXR6_OID30716.gz
finished CFHR5_Q9BXR6_OID30716.gz
running CFI_P05156_OID30772.gz
finished CFI_P05156_OID30772.gz
running CFP_P27918_OID30784.gz
finished CFP_P27918_OID30784.gz
running CGA_P01215_OID21069.gz
finished CGA_P01215_OID21069.gz
