running KLK7_P49862_OID30652.gz
finished KLK7_P49862_OID30652.gz
running KLK8_O60259_OID21517.gz
finished KLK8_O60259_OID21517.gz
running KLKB1_P03952_OID30760.gz
finished KLKB1_P03952_OID30760.gz
running KLRB1_Q12918_OID20629.gz
finished KLRB1_Q12918_OID20629.gz
running KLRC1_P26715_OID30855.gz
finished KLRC1_P26715_OID30855.gz
running KLRD1_Q13241_OID20632.gz
finished KLRD1_Q13241_OID20632.gz
running KLRF1_Q9NZS2_OID30464.gz
finished KLRF1_Q9NZS2_OID30464.gz
running KLRK1_P26718_OID31082.gz
finished KLRK1_P26718_OID31082.gz
running KRT14_P02533_OID20800.gz
finished KRT14_P02533_OID20800.gz
running KRT17_Q04695_OID30092.gz
finished KRT17_Q04695_OID30092.gz
running KRT18_P05783_OID21296.gz
finished KRT18_P05783_OID21296.gz
running KRT19_P08727_OID20596.gz
finished KRT19_P08727_OID20596.gz
running KRT5_P13647_OID20860.gz
finished KRT5_P13647_OID20860.gz
running KRT6C_P48668_OID30169.gz
finished KRT6C_P48668_OID30169.gz
running KRT8_P05787_OID30865.gz
finished KRT8_P05787_OID30865.gz
running KYAT1_Q16773_OID20232.gz
finished KYAT1_Q16773_OID20232.gz
running KYNU_Q16719_OID20669.gz
finished KYNU_Q16719_OID20669.gz
running L1CAM_P32004_OID21484.gz
finished L1CAM_P32004_OID21484.gz
running L3HYPDH_Q96EM0_OID30314.gz
finished L3HYPDH_Q96EM0_OID30314.gz
running LACRT_Q9GZZ8_OID31367.gz
finished LACRT_Q9GZZ8_OID31367.gz
running LACTB2_Q53H82_OID20150.gz
finished LACTB2_Q53H82_OID20150.gz
running LAG3_P18627_OID21315.gz
finished LAG3_P18627_OID21315.gz
running LAIR1_Q6GTX8_OID20737.gz
finished LAIR1_Q6GTX8_OID20737.gz
running LAIR2_Q6ISS4_OID20965.gz
finished LAIR2_Q6ISS4_OID20965.gz
running LAMA1_P25391_OID30057.gz
finished LAMA1_P25391_OID30057.gz
running LAMA4_Q16363_OID20769.gz
finished LAMA4_Q16363_OID20769.gz
running LAMB1_P07942_OID30280.gz
finished LAMB1_P07942_OID30280.gz
running LAMP1_P11279_OID30416.gz
finished LAMP1_P11279_OID30416.gz
running LAMP2_P13473_OID21035.gz
finished LAMP2_P13473_OID21035.gz
running LAMP3_Q9UQV4_OID20638.gz
finished LAMP3_Q9UQV4_OID20638.gz
running LAMTOR5_O43504_OID31396.gz
finished LAMTOR5_O43504_OID31396.gz
running LAP3_P28838_OID20436.gz
finished LAP3_P28838_OID20436.gz
running LARP1_Q6PKG0_OID31372.gz
finished LARP1_Q6PKG0_OID31372.gz
running LAT2_Q9GZY6_OID21292.gz
finished LAT2_Q9GZY6_OID21292.gz
running LAT_O43561_OID20640.gz
finished LAT_O43561_OID20640.gz
running LATS1_O95835_OID30523.gz
finished LATS1_O95835_OID30523.gz
running LAYN_Q6UX15_OID20970.gz
finished LAYN_Q6UX15_OID20970.gz
running LBP_P18428_OID20355.gz
finished LBP_P18428_OID20355.gz
running LBR_Q14739_OID21034.gz
finished LBR_Q14739_OID21034.gz
running LCAT_P04180_OID30677.gz
finished LCAT_P04180_OID30677.gz
running LCN15_Q6UWW0_OID31032.gz
finished LCN15_Q6UWW0_OID31032.gz
running LCN2_P80188_OID20392.gz
finished LCN2_P80188_OID20392.gz
running LCP1_P13796_OID30367.gz
finished LCP1_P13796_OID30367.gz
running LDLRAP1_Q5SW96_OID31068.gz
finished LDLRAP1_Q5SW96_OID31068.gz
running LDLR_P01130_OID20240.gz
finished LDLR_P01130_OID20240.gz
running LECT2_O14960_OID30320.gz
finished LECT2_O14960_OID30320.gz
running LEFTY2_O00292_OID21454.gz
finished LEFTY2_O00292_OID21454.gz
running LEG1_Q6P5S2_OID30608.gz
finished LEG1_Q6P5S2_OID30608.gz
running LELP1_Q5T871_OID30845.gz
finished LELP1_Q5T871_OID30845.gz
running LEO1_Q8WVC0_OID30991.gz
finished LEO1_Q8WVC0_OID30991.gz
running LEP_P41159_OID20187.gz
finished LEP_P41159_OID20187.gz
running LEPR_P48357_OID20128.gz
finished LEPR_P48357_OID20128.gz
running LETM1_O95202_OID31018.gz
finished LETM1_O95202_OID31018.gz
running LGALS1_P09382_OID20154.gz
finished LGALS1_P09382_OID20154.gz
running LGALS3BP_Q08380_OID30765.gz
finished LGALS3BP_Q08380_OID30765.gz
running LGALS3_P17931_OID20284.gz
finished LGALS3_P17931_OID20284.gz
running LGALS4_P56470_OID20748.gz
finished LGALS4_P56470_OID20748.gz
running LGALS7_LGALS7B_P47929_OID21406.gz
finished LGALS7_LGALS7B_P47929_OID21406.gz
running LGALS8_O00214_OID21041.gz
finished LGALS8_O00214_OID21041.gz
running LGALS9_O00182_OID20781.gz
finished LGALS9_O00182_OID20781.gz
running LGMN_Q99538_OID20773.gz
finished LGMN_Q99538_OID20773.gz
running LHB_P01229_OID21248.gz
finished LHB_P01229_OID21248.gz
running LHPP_Q9H008_OID20749.gz
finished LHPP_Q9H008_OID20749.gz
running LIF_P15018_OID20824.gz
finished LIF_P15018_OID20824.gz
running LIFR_P42702_OID20606.gz
finished LIFR_P42702_OID20606.gz
running LILRA2_Q8N149_OID21152.gz
finished LILRA2_Q8N149_OID21152.gz
running LILRA3_Q8N6C8_OID30376.gz
finished LILRA3_Q8N6C8_OID30376.gz
running LILRA4_P59901_OID30162.gz
finished LILRA4_P59901_OID30162.gz
running LILRA5_A6NI73_OID20209.gz
finished LILRA5_A6NI73_OID20209.gz
running LILRA6_Q6PI73_OID30346.gz
finished LILRA6_Q6PI73_OID30346.gz
running LILRB1_Q8NHL6_OID20323.gz
finished LILRB1_Q8NHL6_OID20323.gz
running LILRB2_Q8N423_OID20301.gz
finished LILRB2_Q8N423_OID20301.gz
running LILRB4_Q8NHJ6_OID20429.gz
finished LILRB4_Q8NHJ6_OID20429.gz
running LILRB5_O75023_OID20324.gz
finished LILRB5_O75023_OID20324.gz
running LIPF_P07098_OID30266.gz
finished LIPF_P07098_OID30266.gz
running LMNB1_P20700_OID31501.gz
finished LMNB1_P20700_OID31501.gz
running LMNB2_Q03252_OID31109.gz
finished LMNB2_Q03252_OID31109.gz
running LMOD1_P29536_OID30212.gz
finished LMOD1_P29536_OID30212.gz
running LMOD1_P29536_OID30547.gz
finished LMOD1_P29536_OID30547.gz
running LMOD1_P29536_OID31014.gz
finished LMOD1_P29536_OID31014.gz
running LMOD1_P29536_OID31416.gz
finished LMOD1_P29536_OID31416.gz
running LMOD2_Q6P5Q4_OID30864.gz
finished LMOD2_Q6P5Q4_OID30864.gz
running LONP1_P36776_OID30219.gz
finished LONP1_P36776_OID30219.gz
running LPA_P08519_OID30747.gz
finished LPA_P08519_OID30747.gz
running LPCAT2_Q7L5N7_OID21290.gz
finished LPCAT2_Q7L5N7_OID21290.gz
running LPL_P06858_OID20188.gz
finished LPL_P06858_OID20188.gz
running LPO_P22079_OID20963.gz
finished LPO_P22079_OID20963.gz
running LPP_Q93052_OID30190.gz
finished LPP_Q93052_OID30190.gz
running LRCH4_O75427_OID30191.gz
finished LRCH4_O75427_OID30191.gz
running LRFN2_Q9ULH4_OID30895.gz
finished LRFN2_Q9ULH4_OID30895.gz
running LRG1_P02750_OID30751.gz
finished LRG1_P02750_OID30751.gz
running LRIG1_Q96JA1_OID21429.gz
finished LRIG1_Q96JA1_OID21429.gz
running LRIG3_Q6UXM1_OID30450.gz
finished LRIG3_Q6UXM1_OID30450.gz
running LRP11_Q86VZ4_OID20185.gz
finished LRP11_Q86VZ4_OID20185.gz
running LRP1_Q07954_OID21293.gz
finished LRP1_Q07954_OID21293.gz
running LRP2BP_Q9P2M1_OID30907.gz
finished LRP2BP_Q9P2M1_OID30907.gz
running LRP2_P98164_OID30960.gz
finished LRP2_P98164_OID30960.gz
running LRPAP1_P30533_OID21059.gz
finished LRPAP1_P30533_OID21059.gz
running LRRC25_Q8N386_OID21333.gz
finished LRRC25_Q8N386_OID21333.gz
running LRRC37A2_A6NM11_OID31440.gz
finished LRRC37A2_A6NM11_OID31440.gz
running LRRC38_Q5VT99_OID30924.gz
finished LRRC38_Q5VT99_OID30924.gz
running LRRC59_Q96AG4_OID30361.gz
finished LRRC59_Q96AG4_OID30361.gz
running LRRFIP1_Q32MZ4_OID31344.gz
finished LRRFIP1_Q32MZ4_OID31344.gz
running LRRN1_Q6UXK5_OID20438.gz
finished LRRN1_Q6UXK5_OID20438.gz
running LRTM1_Q9HBL6_OID30906.gz
finished LRTM1_Q9HBL6_OID30906.gz
running LRTM2_Q8N967_OID31020.gz
finished LRTM2_Q8N967_OID31020.gz
running LSM1_O15116_OID21210.gz
finished LSM1_O15116_OID21210.gz
running LSM8_O95777_OID31269.gz
finished LSM8_O95777_OID31269.gz
running LSP1_P33241_OID20530.gz
finished LSP1_P33241_OID20530.gz
