running PCNA_P12004_OID31161.gz
finished PCNA_P12004_OID31161.gz
running PCOLCE_Q15113_OID20384.gz
finished PCOLCE_Q15113_OID20384.gz
running PCSK7_Q16549_OID31410.gz
finished PCSK7_Q16549_OID31410.gz
running PCSK9_Q8NBP7_OID20235.gz
finished PCSK9_Q8NBP7_OID20235.gz
running PCYT2_Q99447_OID31519.gz
finished PCYT2_Q99447_OID31519.gz
running PDAP1_Q13442_OID30323.gz
finished PDAP1_Q13442_OID30323.gz
running PDCD1LG2_Q9BQ51_OID21273.gz
finished PDCD1LG2_Q9BQ51_OID21273.gz
running PDCD1_Q15116_OID21396.gz
finished PDCD1_Q15116_OID21396.gz
running PDCD5_O14737_OID21021.gz
finished PDCD5_O14737_OID21021.gz
running PDCD6_O75340_OID20163.gz
finished PDCD6_O75340_OID20163.gz
running PDCL2_Q8N4E4_OID31168.gz
finished PDCL2_Q8N4E4_OID31168.gz
running PDE1C_Q14123_OID31201.gz
finished PDE1C_Q14123_OID31201.gz
running PDE4D_Q08499_OID30084.gz
finished PDE4D_Q08499_OID30084.gz
running PDE5A_O76074_OID30584.gz
finished PDE5A_O76074_OID30584.gz
running PDGFA_P04085_OID20313.gz
finished PDGFA_P04085_OID20313.gz
running PDGFB_P01127_OID20741.gz
finished PDGFB_P01127_OID20741.gz
running PDGFC_Q9NRA1_OID21183.gz
finished PDGFC_Q9NRA1_OID21183.gz
running PDGFRA_P16234_OID20133.gz
finished PDGFRA_P16234_OID20133.gz
running PDGFRB_P09619_OID20268.gz
finished PDGFRB_P09619_OID20268.gz
running PDIA2_Q13087_OID31214.gz
finished PDIA2_Q13087_OID31214.gz
running PDIA3_P30101_OID30573.gz
finished PDIA3_P30101_OID30573.gz
running PDIA4_P13667_OID30375.gz
finished PDIA4_P13667_OID30375.gz
running PDIA5_Q14554_OID31209.gz
finished PDIA5_Q14554_OID31209.gz
running PDLIM5_Q96HC4_OID31063.gz
finished PDLIM5_Q96HC4_OID31063.gz
running PDLIM7_Q9NR12_OID20729.gz
finished PDLIM7_Q9NR12_OID20729.gz
running PDP1_Q9P0J1_OID21176.gz
finished PDP1_Q9P0J1_OID21176.gz
running PDRG1_Q9NUG6_OID30912.gz
finished PDRG1_Q9NUG6_OID30912.gz
running PDXDC1_Q6P996_OID31226.gz
finished PDXDC1_Q6P996_OID31226.gz
running PDZD2_O15018_OID30151.gz
finished PDZD2_O15018_OID30151.gz
running PDZK1_Q5T2W1_OID30550.gz
finished PDZK1_Q5T2W1_OID30550.gz
running PEAR1_Q5VY43_OID20257.gz
finished PEAR1_Q5VY43_OID20257.gz
running PEBP1_P30086_OID21087.gz
finished PEBP1_P30086_OID21087.gz
running PECAM1_P16284_OID21131.gz
finished PECAM1_P16284_OID21131.gz
running PECR_Q9BY49_OID30228.gz
finished PECR_Q9BY49_OID30228.gz
running PENK_P01210_OID30666.gz
finished PENK_P01210_OID30666.gz
running PEPD_P12955_OID30688.gz
finished PEPD_P12955_OID30688.gz
running PER3_P56645_OID30511.gz
finished PER3_P56645_OID30511.gz
running PF4_P02776_OID30764.gz
finished PF4_P02776_OID30764.gz
running PFDN2_Q9UHV9_OID20892.gz
finished PFDN2_Q9UHV9_OID20892.gz
running PFDN4_Q9NQP4_OID31212.gz
finished PFDN4_Q9NQP4_OID31212.gz
running PFDN6_O15212_OID30938.gz
finished PFDN6_O15212_OID30938.gz
running PFKFB2_O60825_OID21356.gz
finished PFKFB2_O60825_OID21356.gz
running PGA4_P0DJD7_OID30699.gz
finished PGA4_P0DJD7_OID30699.gz
running PGD_P52209_OID30344.gz
finished PGD_P52209_OID30344.gz
running PGF_P49763_OID20673.gz
finished PGF_P49763_OID20673.gz
running PGLYRP1_O75594_OID20338.gz
finished PGLYRP1_O75594_OID20338.gz
running PGLYRP2_Q96PD5_OID30742.gz
finished PGLYRP2_Q96PD5_OID30742.gz
running PGLYRP4_Q96LB8_OID30101.gz
finished PGLYRP4_Q96LB8_OID30101.gz
running PGM2_Q96G03_OID30904.gz
finished PGM2_Q96G03_OID30904.gz
running PGR_P06401_OID30460.gz
finished PGR_P06401_OID30460.gz
running PHACTR2_O75167_OID31009.gz
finished PHACTR2_O75167_OID31009.gz
running PHLDB1_Q86UU1_OID31467.gz
finished PHLDB1_Q86UU1_OID31467.gz
running PHLDB2_Q86SQ0_OID31167.gz
finished PHLDB2_Q86SQ0_OID31167.gz
running PHOSPHO1_Q8TCT1_OID20922.gz
finished PHOSPHO1_Q8TCT1_OID20922.gz
running PHYKPL_Q8IUZ5_OID30634.gz
finished PHYKPL_Q8IUZ5_OID30634.gz
running PI16_Q6UXB8_OID30676.gz
finished PI16_Q6UXB8_OID30676.gz
running PI3_P19957_OID20326.gz
finished PI3_P19957_OID20326.gz
running PIBF1_Q8WXW3-4_OID31061.gz
finished PIBF1_Q8WXW3-4_OID31061.gz
running PIGR_P01833_OID21102.gz
finished PIGR_P01833_OID21102.gz
running PIK3AP1_Q6ZUJ8_OID20587.gz
finished PIK3AP1_Q6ZUJ8_OID20587.gz
running PIK3IP1_Q96FE7_OID21094.gz
finished PIK3IP1_Q96FE7_OID21094.gz
running PIKFYVE_Q9Y2I7_OID30465.gz
finished PIKFYVE_Q9Y2I7_OID30465.gz
running PILRA_Q9UKJ1_OID21129.gz
finished PILRA_Q9UKJ1_OID21129.gz
running PILRB_Q9UKJ0_OID20197.gz
finished PILRB_Q9UKJ0_OID20197.gz
running PINLYP_A6NC86_OID30651.gz
finished PINLYP_A6NC86_OID30651.gz
running PITHD1_Q9GZP4_OID31215.gz
finished PITHD1_Q9GZP4_OID31215.gz
running PKD1_P98161_OID30328.gz
finished PKD1_P98161_OID30328.gz
running PKD2_Q13563_OID30184.gz
finished PKD2_Q13563_OID30184.gz
running PKLR_P30613_OID20682.gz
finished PKLR_P30613_OID20682.gz
running PKN3_Q6P5Z2_OID31311.gz
finished PKN3_Q6P5Z2_OID31311.gz
running PLA2G10_O15496_OID21002.gz
finished PLA2G10_O15496_OID21002.gz
running PLA2G15_Q8NCC3_OID21473.gz
finished PLA2G15_Q8NCC3_OID21473.gz
running PLA2G1B_P04054_OID20252.gz
finished PLA2G1B_P04054_OID20252.gz
running PLA2G2A_P14555_OID20274.gz
finished PLA2G2A_P14555_OID20274.gz
running PLA2G4A_P47712_OID20685.gz
finished PLA2G4A_P47712_OID20685.gz
running PLA2G7_Q13093_OID21105.gz
finished PLA2G7_Q13093_OID21105.gz
running PLAT_P00750_OID20247.gz
finished PLAT_P00750_OID20247.gz
running PLAU_P00749_OID21124.gz
finished PLAU_P00749_OID21124.gz
running PLAUR_Q03405_OID20764.gz
finished PLAUR_Q03405_OID20764.gz
running PLB1_Q6P1J6_OID31110.gz
finished PLB1_Q6P1J6_OID31110.gz
