running 19109_32_TCEAL8_TCAL8.txt.gz.annotated.gz.exclusions.gz.alleles.gz
finished 19109_32_TCEAL8_TCAL8.txt.gz.annotated.gz.exclusions.gz.alleles.gz
running 19110_6_MEMO1_MEMO1.txt.gz.annotated.gz.exclusions.gz.alleles.gz
finished 19110_6_MEMO1_MEMO1.txt.gz.annotated.gz.exclusions.gz.alleles.gz
running 19111_10_UBE2M_UBC12.txt.gz.annotated.gz.exclusions.gz.alleles.gz
finished 19111_10_UBE2M_UBC12.txt.gz.annotated.gz.exclusions.gz.alleles.gz
running 19112_2_TCEAL3_TCAL3.txt.gz.annotated.gz.exclusions.gz.alleles.gz
finished 19112_2_TCEAL3_TCAL3.txt.gz.annotated.gz.exclusions.gz.alleles.gz
running 19113_66_SH3BGRL2_SH3L2.txt.gz.annotated.gz.exclusions.gz.alleles.gz
finished 19113_66_SH3BGRL2_SH3L2.txt.gz.annotated.gz.exclusions.gz.alleles.gz
running 19114_8_TK2_KITM.txt.gz.annotated.gz.exclusions.gz.alleles.gz
finished 19114_8_TK2_KITM.txt.gz.annotated.gz.exclusions.gz.alleles.gz
running 19115_13_CMBL_CMBL.txt.gz.annotated.gz.exclusions.gz.alleles.gz
finished 19115_13_CMBL_CMBL.txt.gz.annotated.gz.exclusions.gz.alleles.gz
running 19116_1_MUTED_MUTED.txt.gz.annotated.gz.exclusions.gz.alleles.gz
finished 19116_1_MUTED_MUTED.txt.gz.annotated.gz.exclusions.gz.alleles.gz
running 19117_3_PPP1R14A_PP14A.txt.gz.annotated.gz.exclusions.gz.alleles.gz
finished 19117_3_PPP1R14A_PP14A.txt.gz.annotated.gz.exclusions.gz.alleles.gz
running 19118_47_OSTF1_OSTF1.txt.gz.annotated.gz.exclusions.gz.alleles.gz
finished 19118_47_OSTF1_OSTF1.txt.gz.annotated.gz.exclusions.gz.alleles.gz
running 19119_10_DDIT3_DDIT3.txt.gz.annotated.gz.exclusions.gz.alleles.gz
finished 19119_10_DDIT3_DDIT3.txt.gz.annotated.gz.exclusions.gz.alleles.gz
running 19120_33_DAO_OXDA.txt.gz.annotated.gz.exclusions.gz.alleles.gz
finished 19120_33_DAO_OXDA.txt.gz.annotated.gz.exclusions.gz.alleles.gz
running 19121_3_UBQLN2_UBQL2.txt.gz.annotated.gz.exclusions.gz.alleles.gz
finished 19121_3_UBQLN2_UBQL2.txt.gz.annotated.gz.exclusions.gz.alleles.gz
running 19122_47_MYL12B_ML12B.txt.gz.annotated.gz.exclusions.gz.alleles.gz
finished 19122_47_MYL12B_ML12B.txt.gz.annotated.gz.exclusions.gz.alleles.gz
running 19123_6_NFKBID_IKBD.txt.gz.annotated.gz.exclusions.gz.alleles.gz
finished 19123_6_NFKBID_IKBD.txt.gz.annotated.gz.exclusions.gz.alleles.gz
running 19124_9_UBLCP1_UBCP1.txt.gz.annotated.gz.exclusions.gz.alleles.gz
finished 19124_9_UBLCP1_UBCP1.txt.gz.annotated.gz.exclusions.gz.alleles.gz
running 19125_26_PRKAR2A_KAP2.txt.gz.annotated.gz.exclusions.gz.alleles.gz
finished 19125_26_PRKAR2A_KAP2.txt.gz.annotated.gz.exclusions.gz.alleles.gz
running 19126_4_RPRD1B_C20orf77.txt.gz.annotated.gz.exclusions.gz.alleles.gz
finished 19126_4_RPRD1B_C20orf77.txt.gz.annotated.gz.exclusions.gz.alleles.gz
running 19127_1_HSPB6_HSPB6.txt.gz.annotated.gz.exclusions.gz.alleles.gz
finished 19127_1_HSPB6_HSPB6.txt.gz.annotated.gz.exclusions.gz.alleles.gz
running 19129_15_MTHFSD_MTHFSD.txt.gz.annotated.gz.exclusions.gz.alleles.gz
finished 19129_15_MTHFSD_MTHFSD.txt.gz.annotated.gz.exclusions.gz.alleles.gz
running 19130_81_SERPINB8_SPB8.txt.gz.annotated.gz.exclusions.gz.alleles.gz
finished 19130_81_SERPINB8_SPB8.txt.gz.annotated.gz.exclusions.gz.alleles.gz
running 19131_184_TIAL1_TIAR.txt.gz.annotated.gz.exclusions.gz.alleles.gz
finished 19131_184_TIAL1_TIAR.txt.gz.annotated.gz.exclusions.gz.alleles.gz
running 19132_1_MRPL2_RM02.txt.gz.annotated.gz.exclusions.gz.alleles.gz
finished 19132_1_MRPL2_RM02.txt.gz.annotated.gz.exclusions.gz.alleles.gz
running 19134_66_POLR2K_RPAB4.txt.gz.annotated.gz.exclusions.gz.alleles.gz
finished 19134_66_POLR2K_RPAB4.txt.gz.annotated.gz.exclusions.gz.alleles.gz
running 19135_5_NT5C3L_Cytosolic_5__nucleotidase_III_like_protein.txt.gz.annotated.gz.exclusions.gz.alleles.gz
finished 19135_5_NT5C3L_Cytosolic_5__nucleotidase_III_like_protein.txt.gz.annotated.gz.exclusions.gz.alleles.gz
running 19136_22_ALDH6A1_MMSA.txt.gz.annotated.gz.exclusions.gz.alleles.gz
finished 19136_22_ALDH6A1_MMSA.txt.gz.annotated.gz.exclusions.gz.alleles.gz
running 19139_3_HSF2BP_HSF2B.txt.gz.annotated.gz.exclusions.gz.alleles.gz
finished 19139_3_HSF2BP_HSF2B.txt.gz.annotated.gz.exclusions.gz.alleles.gz
running 19141_22_DAP_DAP1.txt.gz.annotated.gz.exclusions.gz.alleles.gz
finished 19141_22_DAP_DAP1.txt.gz.annotated.gz.exclusions.gz.alleles.gz
running 19142_39_DNMT3L_DNM3L.txt.gz.annotated.gz.exclusions.gz.alleles.gz
finished 19142_39_DNMT3L_DNM3L.txt.gz.annotated.gz.exclusions.gz.alleles.gz
running 19143_38_CYB5R2_NB5R2.txt.gz.annotated.gz.exclusions.gz.alleles.gz
finished 19143_38_CYB5R2_NB5R2.txt.gz.annotated.gz.exclusions.gz.alleles.gz
running 19144_9_TCF4_ITF2.txt.gz.annotated.gz.exclusions.gz.alleles.gz
finished 19144_9_TCF4_ITF2.txt.gz.annotated.gz.exclusions.gz.alleles.gz
running 19145_4_MREG_MREG.txt.gz.annotated.gz.exclusions.gz.alleles.gz
finished 19145_4_MREG_MREG.txt.gz.annotated.gz.exclusions.gz.alleles.gz
running 19147_6_LGALS13_PP13.txt.gz.annotated.gz.exclusions.gz.alleles.gz
finished 19147_6_LGALS13_PP13.txt.gz.annotated.gz.exclusions.gz.alleles.gz
running 19148_58_TIMM8A_TIM8A.txt.gz.annotated.gz.exclusions.gz.alleles.gz
finished 19148_58_TIMM8A_TIM8A.txt.gz.annotated.gz.exclusions.gz.alleles.gz
running 19150_20_PRPSAP2_KPRB.txt.gz.annotated.gz.exclusions.gz.alleles.gz
finished 19150_20_PRPSAP2_KPRB.txt.gz.annotated.gz.exclusions.gz.alleles.gz
running 19152_4_PPP1R2_IPP2.txt.gz.annotated.gz.exclusions.gz.alleles.gz
finished 19152_4_PPP1R2_IPP2.txt.gz.annotated.gz.exclusions.gz.alleles.gz
running 19153_53_MPPED2_MPPD2.txt.gz.annotated.gz.exclusions.gz.alleles.gz
finished 19153_53_MPPED2_MPPD2.txt.gz.annotated.gz.exclusions.gz.alleles.gz
running 19154_41_SERPINE2_Protease_nexin_I.txt.gz.annotated.gz.exclusions.gz.alleles.gz
finished 19154_41_SERPINE2_Protease_nexin_I.txt.gz.annotated.gz.exclusions.gz.alleles.gz
running 19158_1_PAF_PAF.txt.gz.annotated.gz.exclusions.gz.alleles.gz
finished 19158_1_PAF_PAF.txt.gz.annotated.gz.exclusions.gz.alleles.gz
running 19159_9_POLD4_DNA_polymerase_subunit_delta_4.txt.gz.annotated.gz.exclusions.gz.alleles.gz
finished 19159_9_POLD4_DNA_polymerase_subunit_delta_4.txt.gz.annotated.gz.exclusions.gz.alleles.gz
running 19161_1_USP15_UBP15.txt.gz.annotated.gz.exclusions.gz.alleles.gz
finished 19161_1_USP15_UBP15.txt.gz.annotated.gz.exclusions.gz.alleles.gz
running 19163_26_LRRC59_LRC59.txt.gz.annotated.gz.exclusions.gz.alleles.gz
finished 19163_26_LRRC59_LRC59.txt.gz.annotated.gz.exclusions.gz.alleles.gz
running 19166_15_RPS19_RS19.txt.gz.annotated.gz.exclusions.gz.alleles.gz
finished 19166_15_RPS19_RS19.txt.gz.annotated.gz.exclusions.gz.alleles.gz
running 19168_71_PSTPIP1_PPIP1.txt.gz.annotated.gz.exclusions.gz.alleles.gz
finished 19168_71_PSTPIP1_PPIP1.txt.gz.annotated.gz.exclusions.gz.alleles.gz
running 19169_88_FIBP_FIBP.txt.gz.annotated.gz.exclusions.gz.alleles.gz
finished 19169_88_FIBP_FIBP.txt.gz.annotated.gz.exclusions.gz.alleles.gz
running 19170_25_POLE3_DPOE3.txt.gz.annotated.gz.exclusions.gz.alleles.gz
finished 19170_25_POLE3_DPOE3.txt.gz.annotated.gz.exclusions.gz.alleles.gz
running 19173_5_ZFAND1_ZFAN1.txt.gz.annotated.gz.exclusions.gz.alleles.gz
finished 19173_5_ZFAND1_ZFAN1.txt.gz.annotated.gz.exclusions.gz.alleles.gz
running 19174_141_GOLGA7_GOGA7.txt.gz.annotated.gz.exclusions.gz.alleles.gz
finished 19174_141_GOLGA7_GOGA7.txt.gz.annotated.gz.exclusions.gz.alleles.gz
running 19175_18_MARCKSL1_MARCKSL1.txt.gz.annotated.gz.exclusions.gz.alleles.gz
finished 19175_18_MARCKSL1_MARCKSL1.txt.gz.annotated.gz.exclusions.gz.alleles.gz
running 19176_27_FAM49B_FA49B.txt.gz.annotated.gz.exclusions.gz.alleles.gz
finished 19176_27_FAM49B_FA49B.txt.gz.annotated.gz.exclusions.gz.alleles.gz
running 19177_7_MOBKL1A_MOL1A.txt.gz.annotated.gz.exclusions.gz.alleles.gz
finished 19177_7_MOBKL1A_MOL1A.txt.gz.annotated.gz.exclusions.gz.alleles.gz
running 19180_38_GULP1_GULP1.txt.gz.annotated.gz.exclusions.gz.alleles.gz
finished 19180_38_GULP1_GULP1.txt.gz.annotated.gz.exclusions.gz.alleles.gz
running 19183_164_RPL12_RL12.txt.gz.annotated.gz.exclusions.gz.alleles.gz
finished 19183_164_RPL12_RL12.txt.gz.annotated.gz.exclusions.gz.alleles.gz
running 19187_21_STAMBP_STABP.txt.gz.annotated.gz.exclusions.gz.alleles.gz
finished 19187_21_STAMBP_STABP.txt.gz.annotated.gz.exclusions.gz.alleles.gz
running 19188_21_NAP1L4_NAP2L.txt.gz.annotated.gz.exclusions.gz.alleles.gz
finished 19188_21_NAP1L4_NAP2L.txt.gz.annotated.gz.exclusions.gz.alleles.gz
running 19189_2_USP14_UBP14.txt.gz.annotated.gz.exclusions.gz.alleles.gz
finished 19189_2_USP14_UBP14.txt.gz.annotated.gz.exclusions.gz.alleles.gz
running 19190_4_UBE2L6_UB2L6.txt.gz.annotated.gz.exclusions.gz.alleles.gz
finished 19190_4_UBE2L6_UB2L6.txt.gz.annotated.gz.exclusions.gz.alleles.gz
running 19193_18_VBP1_PFD3.txt.gz.annotated.gz.exclusions.gz.alleles.gz
finished 19193_18_VBP1_PFD3.txt.gz.annotated.gz.exclusions.gz.alleles.gz
running 19194_9_DTD1_Histidyl_tRNA_synthetase_related.txt.gz.annotated.gz.exclusions.gz.alleles.gz
finished 19194_9_DTD1_Histidyl_tRNA_synthetase_related.txt.gz.annotated.gz.exclusions.gz.alleles.gz
running 19195_85_RPS5_RS5.txt.gz.annotated.gz.exclusions.gz.alleles.gz
finished 19195_85_RPS5_RS5.txt.gz.annotated.gz.exclusions.gz.alleles.gz
running 19196_73_HOPX_HOP.txt.gz.annotated.gz.exclusions.gz.alleles.gz
finished 19196_73_HOPX_HOP.txt.gz.annotated.gz.exclusions.gz.alleles.gz
running 19197_95_ACAT1_THIL.txt.gz.annotated.gz.exclusions.gz.alleles.gz
finished 19197_95_ACAT1_THIL.txt.gz.annotated.gz.exclusions.gz.alleles.gz
running 19199_3_POLR2J_RPB11.txt.gz.annotated.gz.exclusions.gz.alleles.gz
finished 19199_3_POLR2J_RPB11.txt.gz.annotated.gz.exclusions.gz.alleles.gz
running 19200_16_NDUFA5_NDUA5.txt.gz.annotated.gz.exclusions.gz.alleles.gz
finished 19200_16_NDUFA5_NDUA5.txt.gz.annotated.gz.exclusions.gz.alleles.gz
running 19202_10_BTK_BTK.txt.gz.annotated.gz.exclusions.gz.alleles.gz
finished 19202_10_BTK_BTK.txt.gz.annotated.gz.exclusions.gz.alleles.gz
running 19206_20_NUDT1_8ODP.txt.gz.annotated.gz.exclusions.gz.alleles.gz
finished 19206_20_NUDT1_8ODP.txt.gz.annotated.gz.exclusions.gz.alleles.gz
running 19207_119_ADK_ADK.txt.gz.annotated.gz.exclusions.gz.alleles.gz
finished 19207_119_ADK_ADK.txt.gz.annotated.gz.exclusions.gz.alleles.gz
running 19208_8_ACVR2A_Activin_RIIA.txt.gz.annotated.gz.exclusions.gz.alleles.gz
finished 19208_8_ACVR2A_Activin_RIIA.txt.gz.annotated.gz.exclusions.gz.alleles.gz
running 19209_6_NFKBIA_IKB_alpha.txt.gz.annotated.gz.exclusions.gz.alleles.gz
finished 19209_6_NFKBIA_IKB_alpha.txt.gz.annotated.gz.exclusions.gz.alleles.gz
running 19212_4_DMBT1_DMBT1.txt.gz.annotated.gz.exclusions.gz.alleles.gz
finished 19212_4_DMBT1_DMBT1.txt.gz.annotated.gz.exclusions.gz.alleles.gz
running 19213_1_SPINK4_ISK4.txt.gz.annotated.gz.exclusions.gz.alleles.gz
finished 19213_1_SPINK4_ISK4.txt.gz.annotated.gz.exclusions.gz.alleles.gz
running 19215_7_NDRG1_NDRG1.txt.gz.annotated.gz.exclusions.gz.alleles.gz
finished 19215_7_NDRG1_NDRG1.txt.gz.annotated.gz.exclusions.gz.alleles.gz
running 19219_71_NUTF2_NTF_2.txt.gz.annotated.gz.exclusions.gz.alleles.gz
finished 19219_71_NUTF2_NTF_2.txt.gz.annotated.gz.exclusions.gz.alleles.gz
running 19222_124_RAB5B_RAB5B.txt.gz.annotated.gz.exclusions.gz.alleles.gz
finished 19222_124_RAB5B_RAB5B.txt.gz.annotated.gz.exclusions.gz.alleles.gz
running 19223_6_RAB1A_RAB1A.txt.gz.annotated.gz.exclusions.gz.alleles.gz
finished 19223_6_RAB1A_RAB1A.txt.gz.annotated.gz.exclusions.gz.alleles.gz
running 19224_5_EIF1AY_IF1AY.txt.gz.annotated.gz.exclusions.gz.alleles.gz
finished 19224_5_EIF1AY_IF1AY.txt.gz.annotated.gz.exclusions.gz.alleles.gz
running 19225_11_BLNK_BLNK.txt.gz.annotated.gz.exclusions.gz.alleles.gz
finished 19225_11_BLNK_BLNK.txt.gz.annotated.gz.exclusions.gz.alleles.gz
running 19227_18_BATF_BATF.txt.gz.annotated.gz.exclusions.gz.alleles.gz
finished 19227_18_BATF_BATF.txt.gz.annotated.gz.exclusions.gz.alleles.gz
running 19228_11_BAG2_BAG_2.txt.gz.annotated.gz.exclusions.gz.alleles.gz
finished 19228_11_BAG2_BAG_2.txt.gz.annotated.gz.exclusions.gz.alleles.gz
running 19229_92_HOMER1_HOME1.txt.gz.annotated.gz.exclusions.gz.alleles.gz
finished 19229_92_HOMER1_HOME1.txt.gz.annotated.gz.exclusions.gz.alleles.gz
