running 7773_20_KIR2DL2_KI2L2.txt.gz.annotated.gz.exclusions.gz.alleles.gz
finished 7773_20_KIR2DL2_KI2L2.txt.gz.annotated.gz.exclusions.gz.alleles.gz
running 7776_20_UNC5B_UNC5B.txt.gz.annotated.gz.exclusions.gz.alleles.gz
finished 7776_20_UNC5B_UNC5B.txt.gz.annotated.gz.exclusions.gz.alleles.gz
running 7778_104_C9orf89_BINCA.txt.gz.annotated.gz.exclusions.gz.alleles.gz
finished 7778_104_C9orf89_BINCA.txt.gz.annotated.gz.exclusions.gz.alleles.gz
running 7779_86_CHST11_CHSTB.txt.gz.annotated.gz.exclusions.gz.alleles.gz
finished 7779_86_CHST11_CHSTB.txt.gz.annotated.gz.exclusions.gz.alleles.gz
running 7782_34_EDDM3B_EP3B.txt.gz.annotated.gz.exclusions.gz.alleles.gz
finished 7782_34_EDDM3B_EP3B.txt.gz.annotated.gz.exclusions.gz.alleles.gz
running 7784_1_KNG1_Kininogen__HMW.txt.gz.annotated.gz.exclusions.gz.alleles.gz
finished 7784_1_KNG1_Kininogen__HMW.txt.gz.annotated.gz.exclusions.gz.alleles.gz
running 7785_1_EFNB3_Ephrin_B3.txt.gz.annotated.gz.exclusions.gz.alleles.gz
finished 7785_1_EFNB3_Ephrin_B3.txt.gz.annotated.gz.exclusions.gz.alleles.gz
running 7786_83_CLEC2B_CLC2B.txt.gz.annotated.gz.exclusions.gz.alleles.gz
finished 7786_83_CLEC2B_CLC2B.txt.gz.annotated.gz.exclusions.gz.alleles.gz
running 7787_25_LILRA5_LIRA5.txt.gz.annotated.gz.exclusions.gz.alleles.gz
finished 7787_25_LILRA5_LIRA5.txt.gz.annotated.gz.exclusions.gz.alleles.gz
running 7788_1_ATP5J_CF6.txt.gz.annotated.gz.exclusions.gz.alleles.gz
finished 7788_1_ATP5J_CF6.txt.gz.annotated.gz.exclusions.gz.alleles.gz
running 7789_182_PRDX4_PRDX4.txt.gz.annotated.gz.exclusions.gz.alleles.gz
finished 7789_182_PRDX4_PRDX4.txt.gz.annotated.gz.exclusions.gz.alleles.gz
running 7790_21_LIF_LIF.txt.gz.annotated.gz.exclusions.gz.alleles.gz
finished 7790_21_LIF_LIF.txt.gz.annotated.gz.exclusions.gz.alleles.gz
running 7792_58_CCDC90B_CC90B.txt.gz.annotated.gz.exclusions.gz.alleles.gz
finished 7792_58_CCDC90B_CC90B.txt.gz.annotated.gz.exclusions.gz.alleles.gz
running 7795_14_KLRC3_NKG2E.txt.gz.annotated.gz.exclusions.gz.alleles.gz
finished 7795_14_KLRC3_NKG2E.txt.gz.annotated.gz.exclusions.gz.alleles.gz
running 7796_10_CD79A_CD79A.txt.gz.annotated.gz.exclusions.gz.alleles.gz
finished 7796_10_CD79A_CD79A.txt.gz.annotated.gz.exclusions.gz.alleles.gz
running 7797_11_CCDC167_CC167.txt.gz.annotated.gz.exclusions.gz.alleles.gz
finished 7797_11_CCDC167_CC167.txt.gz.annotated.gz.exclusions.gz.alleles.gz
running 7803_4_CHST1_CHST1.txt.gz.annotated.gz.exclusions.gz.alleles.gz
finished 7803_4_CHST1_CHST1.txt.gz.annotated.gz.exclusions.gz.alleles.gz
running 7805_52_GOSR1_GOS_28.txt.gz.annotated.gz.exclusions.gz.alleles.gz
finished 7805_52_GOSR1_GOS_28.txt.gz.annotated.gz.exclusions.gz.alleles.gz
running 7806_33_B4GALT7_B4GT7.txt.gz.annotated.gz.exclusions.gz.alleles.gz
finished 7806_33_B4GALT7_B4GT7.txt.gz.annotated.gz.exclusions.gz.alleles.gz
running 7808_5_GLCE_GLCE.txt.gz.annotated.gz.exclusions.gz.alleles.gz
finished 7808_5_GLCE_GLCE.txt.gz.annotated.gz.exclusions.gz.alleles.gz
running 7809_22_SPATA9_SPAT9.txt.gz.annotated.gz.exclusions.gz.alleles.gz
finished 7809_22_SPATA9_SPAT9.txt.gz.annotated.gz.exclusions.gz.alleles.gz
running 7810_20_C1QTNF5_C1QTNF5.txt.gz.annotated.gz.exclusions.gz.alleles.gz
finished 7810_20_C1QTNF5_C1QTNF5.txt.gz.annotated.gz.exclusions.gz.alleles.gz
running 7815_49_IGFBPL1_IBPL1.txt.gz.annotated.gz.exclusions.gz.alleles.gz
finished 7815_49_IGFBPL1_IBPL1.txt.gz.annotated.gz.exclusions.gz.alleles.gz
running 7818_101_GBP6_GBP6.txt.gz.annotated.gz.exclusions.gz.alleles.gz
finished 7818_101_GBP6_GBP6.txt.gz.annotated.gz.exclusions.gz.alleles.gz
running 7821_6_C1D_C1D.txt.gz.annotated.gz.exclusions.gz.alleles.gz
finished 7821_6_C1D_C1D.txt.gz.annotated.gz.exclusions.gz.alleles.gz
running 7822_11_HRASLS2_HRSL2.txt.gz.annotated.gz.exclusions.gz.alleles.gz
finished 7822_11_HRASLS2_HRSL2.txt.gz.annotated.gz.exclusions.gz.alleles.gz
running 7823_22_ST6GALNAC2_SIA7B.txt.gz.annotated.gz.exclusions.gz.alleles.gz
finished 7823_22_ST6GALNAC2_SIA7B.txt.gz.annotated.gz.exclusions.gz.alleles.gz
running 7824_88_MSRB3_MSRB3.txt.gz.annotated.gz.exclusions.gz.alleles.gz
finished 7824_88_MSRB3_MSRB3.txt.gz.annotated.gz.exclusions.gz.alleles.gz
running 7825_7_ABHD12_ABD12.txt.gz.annotated.gz.exclusions.gz.alleles.gz
finished 7825_7_ABHD12_ABD12.txt.gz.annotated.gz.exclusions.gz.alleles.gz
running 7826_1_DCLK3_DCLK3.txt.gz.annotated.gz.exclusions.gz.alleles.gz
finished 7826_1_DCLK3_DCLK3.txt.gz.annotated.gz.exclusions.gz.alleles.gz
running 7827_20_ADAM32_ADA32.txt.gz.annotated.gz.exclusions.gz.alleles.gz
finished 7827_20_ADAM32_ADA32.txt.gz.annotated.gz.exclusions.gz.alleles.gz
running 7835_2_BNIP3L_BNI3L.txt.gz.annotated.gz.exclusions.gz.alleles.gz
finished 7835_2_BNIP3L_BNI3L.txt.gz.annotated.gz.exclusions.gz.alleles.gz
running 7838_27_SMR3A_SMR3A.txt.gz.annotated.gz.exclusions.gz.alleles.gz
finished 7838_27_SMR3A_SMR3A.txt.gz.annotated.gz.exclusions.gz.alleles.gz
running 7839_99_FAM19A3_F19A3.txt.gz.annotated.gz.exclusions.gz.alleles.gz
finished 7839_99_FAM19A3_F19A3.txt.gz.annotated.gz.exclusions.gz.alleles.gz
running 7841_84_ESAM_ESAM.txt.gz.annotated.gz.exclusions.gz.alleles.gz
finished 7841_84_ESAM_ESAM.txt.gz.annotated.gz.exclusions.gz.alleles.gz
running 7842_52_SERF1A_SERF1.txt.gz.annotated.gz.exclusions.gz.alleles.gz
finished 7842_52_SERF1A_SERF1.txt.gz.annotated.gz.exclusions.gz.alleles.gz
running 7846_44_PSG11_PSG11.txt.gz.annotated.gz.exclusions.gz.alleles.gz
finished 7846_44_PSG11_PSG11.txt.gz.annotated.gz.exclusions.gz.alleles.gz
running 7849_3_QPCT_Glutaminyl_cyclase.txt.gz.annotated.gz.exclusions.gz.alleles.gz
finished 7849_3_QPCT_Glutaminyl_cyclase.txt.gz.annotated.gz.exclusions.gz.alleles.gz
running 7850_1_COX4I2_COX42.txt.gz.annotated.gz.exclusions.gz.alleles.gz
finished 7850_1_COX4I2_COX42.txt.gz.annotated.gz.exclusions.gz.alleles.gz
running 7851_30_ANKRD46_ANR46.txt.gz.annotated.gz.exclusions.gz.alleles.gz
finished 7851_30_ANKRD46_ANR46.txt.gz.annotated.gz.exclusions.gz.alleles.gz
running 7852_9_MTIF3_IF3M.txt.gz.annotated.gz.exclusions.gz.alleles.gz
finished 7852_9_MTIF3_IF3M.txt.gz.annotated.gz.exclusions.gz.alleles.gz
running 7853_19_SCO1_SCO1.txt.gz.annotated.gz.exclusions.gz.alleles.gz
finished 7853_19_SCO1_SCO1.txt.gz.annotated.gz.exclusions.gz.alleles.gz
running 7854_38_NCR3LG1_NR3L1.txt.gz.annotated.gz.exclusions.gz.alleles.gz
finished 7854_38_NCR3LG1_NR3L1.txt.gz.annotated.gz.exclusions.gz.alleles.gz
running 7856_51_FAM151A_F151A.txt.gz.annotated.gz.exclusions.gz.alleles.gz
finished 7856_51_FAM151A_F151A.txt.gz.annotated.gz.exclusions.gz.alleles.gz
running 7857_22_NTS_NEUT.txt.gz.annotated.gz.exclusions.gz.alleles.gz
finished 7857_22_NTS_NEUT.txt.gz.annotated.gz.exclusions.gz.alleles.gz
running 7859_21_PCDHGC3_PCDGK.txt.gz.annotated.gz.exclusions.gz.alleles.gz
finished 7859_21_PCDHGC3_PCDGK.txt.gz.annotated.gz.exclusions.gz.alleles.gz
running 7860_9_HERC4_HERC4.txt.gz.annotated.gz.exclusions.gz.alleles.gz
finished 7860_9_HERC4_HERC4.txt.gz.annotated.gz.exclusions.gz.alleles.gz
running 7861_9_ROR2_ROR2.txt.gz.annotated.gz.exclusions.gz.alleles.gz
finished 7861_9_ROR2_ROR2.txt.gz.annotated.gz.exclusions.gz.alleles.gz
running 7863_50_PGRMC1_PGRC1.txt.gz.annotated.gz.exclusions.gz.alleles.gz
finished 7863_50_PGRMC1_PGRC1.txt.gz.annotated.gz.exclusions.gz.alleles.gz
running 7864_3_SIGLEC8_SIGL8.txt.gz.annotated.gz.exclusions.gz.alleles.gz
finished 7864_3_SIGLEC8_SIGL8.txt.gz.annotated.gz.exclusions.gz.alleles.gz
running 7865_126_PLA2G16_HRSL3.txt.gz.annotated.gz.exclusions.gz.alleles.gz
finished 7865_126_PLA2G16_HRSL3.txt.gz.annotated.gz.exclusions.gz.alleles.gz
running 7866_11_DNAJC30_DJC30.txt.gz.annotated.gz.exclusions.gz.alleles.gz
finished 7866_11_DNAJC30_DJC30.txt.gz.annotated.gz.exclusions.gz.alleles.gz
running 7867_154_ST6GALNAC1_SIA7A.txt.gz.annotated.gz.exclusions.gz.alleles.gz
finished 7867_154_ST6GALNAC1_SIA7A.txt.gz.annotated.gz.exclusions.gz.alleles.gz
running 7871_16_TMEM132A_T132A.txt.gz.annotated.gz.exclusions.gz.alleles.gz
finished 7871_16_TMEM132A_T132A.txt.gz.annotated.gz.exclusions.gz.alleles.gz
running 7873_32_TSSK2_TSSK2.txt.gz.annotated.gz.exclusions.gz.alleles.gz
finished 7873_32_TSSK2_TSSK2.txt.gz.annotated.gz.exclusions.gz.alleles.gz
running 7875_86_PLEK_PLEK.txt.gz.annotated.gz.exclusions.gz.alleles.gz
finished 7875_86_PLEK_PLEK.txt.gz.annotated.gz.exclusions.gz.alleles.gz
running 7878_2_SEC61B_SC61B.txt.gz.annotated.gz.exclusions.gz.alleles.gz
finished 7878_2_SEC61B_SC61B.txt.gz.annotated.gz.exclusions.gz.alleles.gz
running 7879_12_CYP3A4_Cytochrome_P450_3A4.txt.gz.annotated.gz.exclusions.gz.alleles.gz
finished 7879_12_CYP3A4_Cytochrome_P450_3A4.txt.gz.annotated.gz.exclusions.gz.alleles.gz
running 7880_9_PSMA1_PSA1.txt.gz.annotated.gz.exclusions.gz.alleles.gz
finished 7880_9_PSMA1_PSA1.txt.gz.annotated.gz.exclusions.gz.alleles.gz
running 7881_244_PARP16_PAR16.txt.gz.annotated.gz.exclusions.gz.alleles.gz
finished 7881_244_PARP16_PAR16.txt.gz.annotated.gz.exclusions.gz.alleles.gz
running 7886_26_SPTLC1_SPTC1.txt.gz.annotated.gz.exclusions.gz.alleles.gz
finished 7886_26_SPTLC1_SPTC1.txt.gz.annotated.gz.exclusions.gz.alleles.gz
running 7887_57_COX5B_COX5B.txt.gz.annotated.gz.exclusions.gz.alleles.gz
finished 7887_57_COX5B_COX5B.txt.gz.annotated.gz.exclusions.gz.alleles.gz
running 7888_58_COA3_CCD56.txt.gz.annotated.gz.exclusions.gz.alleles.gz
finished 7888_58_COA3_CCD56.txt.gz.annotated.gz.exclusions.gz.alleles.gz
running 7890_68_DPP10_DPP10.txt.gz.annotated.gz.exclusions.gz.alleles.gz
finished 7890_68_DPP10_DPP10.txt.gz.annotated.gz.exclusions.gz.alleles.gz
running 7891_45_UGT1A6_UGT_1A6.txt.gz.annotated.gz.exclusions.gz.alleles.gz
finished 7891_45_UGT1A6_UGT_1A6.txt.gz.annotated.gz.exclusions.gz.alleles.gz
running 7892_132_KIAA1467_K1467.txt.gz.annotated.gz.exclusions.gz.alleles.gz
finished 7892_132_KIAA1467_K1467.txt.gz.annotated.gz.exclusions.gz.alleles.gz
running 7894_155_FGF3_FGF_3.txt.gz.annotated.gz.exclusions.gz.alleles.gz
finished 7894_155_FGF3_FGF_3.txt.gz.annotated.gz.exclusions.gz.alleles.gz
running 7895_108_MRAP_MRAP.txt.gz.annotated.gz.exclusions.gz.alleles.gz
finished 7895_108_MRAP_MRAP.txt.gz.annotated.gz.exclusions.gz.alleles.gz
running 7897_75_DLG3_DLG3.txt.gz.annotated.gz.exclusions.gz.alleles.gz
finished 7897_75_DLG3_DLG3.txt.gz.annotated.gz.exclusions.gz.alleles.gz
running 7898_29_MDM1_MDM1.txt.gz.annotated.gz.exclusions.gz.alleles.gz
finished 7898_29_MDM1_MDM1.txt.gz.annotated.gz.exclusions.gz.alleles.gz
running 7903_18_VAMP3_VAMP3.txt.gz.annotated.gz.exclusions.gz.alleles.gz
finished 7903_18_VAMP3_VAMP3.txt.gz.annotated.gz.exclusions.gz.alleles.gz
running 7905_30_HP_HPT.txt.gz.annotated.gz.exclusions.gz.alleles.gz
finished 7905_30_HP_HPT.txt.gz.annotated.gz.exclusions.gz.alleles.gz
running 7910_41_LRFN1_LRFN1.txt.gz.annotated.gz.exclusions.gz.alleles.gz
finished 7910_41_LRFN1_LRFN1.txt.gz.annotated.gz.exclusions.gz.alleles.gz
running 7911_29_SCN4B_SCN4B.txt.gz.annotated.gz.exclusions.gz.alleles.gz
finished 7911_29_SCN4B_SCN4B.txt.gz.annotated.gz.exclusions.gz.alleles.gz
running 7916_10_S100A7_S100A7.txt.gz.annotated.gz.exclusions.gz.alleles.gz
finished 7916_10_S100A7_S100A7.txt.gz.annotated.gz.exclusions.gz.alleles.gz
running 7917_17_CPD_CBPD.txt.gz.annotated.gz.exclusions.gz.alleles.gz
finished 7917_17_CPD_CBPD.txt.gz.annotated.gz.exclusions.gz.alleles.gz
running 7918_114_AMY1A_Amylase__alpha_1A.txt.gz.annotated.gz.exclusions.gz.alleles.gz
finished 7918_114_AMY1A_Amylase__alpha_1A.txt.gz.annotated.gz.exclusions.gz.alleles.gz
running 7920_30_ST8SIA2_SIA8B.txt.gz.annotated.gz.exclusions.gz.alleles.gz
finished 7920_30_ST8SIA2_SIA8B.txt.gz.annotated.gz.exclusions.gz.alleles.gz
running 7921_65_FJX1_FJX1.txt.gz.annotated.gz.exclusions.gz.alleles.gz
finished 7921_65_FJX1_FJX1.txt.gz.annotated.gz.exclusions.gz.alleles.gz
running 7922_5_ADM_Adrenomedullin.txt.gz.annotated.gz.exclusions.gz.alleles.gz
finished 7922_5_ADM_Adrenomedullin.txt.gz.annotated.gz.exclusions.gz.alleles.gz
