running 9008_6_PRRG1_TMG1.txt.gz.annotated.gz.exclusions.gz.alleles.gz
finished 9008_6_PRRG1_TMG1.txt.gz.annotated.gz.exclusions.gz.alleles.gz
running 9012_1_PRPF6_PRP6.txt.gz.annotated.gz.exclusions.gz.alleles.gz
finished 9012_1_PRPF6_PRP6.txt.gz.annotated.gz.exclusions.gz.alleles.gz
running 9014_18_TMEM25_TMM25.txt.gz.annotated.gz.exclusions.gz.alleles.gz
finished 9014_18_TMEM25_TMM25.txt.gz.annotated.gz.exclusions.gz.alleles.gz
running 9015_1_PRG3_PRG3.txt.gz.annotated.gz.exclusions.gz.alleles.gz
finished 9015_1_PRG3_PRG3.txt.gz.annotated.gz.exclusions.gz.alleles.gz
running 9016_12_NR1H2_NR1H2.txt.gz.annotated.gz.exclusions.gz.alleles.gz
finished 9016_12_NR1H2_NR1H2.txt.gz.annotated.gz.exclusions.gz.alleles.gz
running 9017_58_LCT_LPH.txt.gz.annotated.gz.exclusions.gz.alleles.gz
finished 9017_58_LCT_LPH.txt.gz.annotated.gz.exclusions.gz.alleles.gz
running 9018_38_PCDH10_PCD10.txt.gz.annotated.gz.exclusions.gz.alleles.gz
finished 9018_38_PCDH10_PCD10.txt.gz.annotated.gz.exclusions.gz.alleles.gz
running 9021_1_HAVCR1_TIM_1.txt.gz.annotated.gz.exclusions.gz.alleles.gz
finished 9021_1_HAVCR1_TIM_1.txt.gz.annotated.gz.exclusions.gz.alleles.gz
running 9022_49_DEFB132_DB132.txt.gz.annotated.gz.exclusions.gz.alleles.gz
finished 9022_49_DEFB132_DB132.txt.gz.annotated.gz.exclusions.gz.alleles.gz
running 9025_5_AHSP_AHSP.txt.gz.annotated.gz.exclusions.gz.alleles.gz
finished 9025_5_AHSP_AHSP.txt.gz.annotated.gz.exclusions.gz.alleles.gz
running 9026_40_BTNL8_BTNL8.txt.gz.annotated.gz.exclusions.gz.alleles.gz
finished 9026_40_BTNL8_BTNL8.txt.gz.annotated.gz.exclusions.gz.alleles.gz
running 9027_10_NLGN2_NLGN2.txt.gz.annotated.gz.exclusions.gz.alleles.gz
finished 9027_10_NLGN2_NLGN2.txt.gz.annotated.gz.exclusions.gz.alleles.gz
running 9028_5_MTPAP_PAPD1.txt.gz.annotated.gz.exclusions.gz.alleles.gz
finished 9028_5_MTPAP_PAPD1.txt.gz.annotated.gz.exclusions.gz.alleles.gz
running 9030_56_C17orf89_CQ089.txt.gz.annotated.gz.exclusions.gz.alleles.gz
finished 9030_56_C17orf89_CQ089.txt.gz.annotated.gz.exclusions.gz.alleles.gz
running 9032_30_ROS1_ROS1.txt.gz.annotated.gz.exclusions.gz.alleles.gz
finished 9032_30_ROS1_ROS1.txt.gz.annotated.gz.exclusions.gz.alleles.gz
running 9035_2_MXI1_MXI1.txt.gz.annotated.gz.exclusions.gz.alleles.gz
finished 9035_2_MXI1_MXI1.txt.gz.annotated.gz.exclusions.gz.alleles.gz
running 9037_1_STX18_STX18.txt.gz.annotated.gz.exclusions.gz.alleles.gz
finished 9037_1_STX18_STX18.txt.gz.annotated.gz.exclusions.gz.alleles.gz
running 9038_12_JTB_JTB.txt.gz.annotated.gz.exclusions.gz.alleles.gz
finished 9038_12_JTB_JTB.txt.gz.annotated.gz.exclusions.gz.alleles.gz
running 9039_47_TOR1AIP1_TOIP1.txt.gz.annotated.gz.exclusions.gz.alleles.gz
finished 9039_47_TOR1AIP1_TOIP1.txt.gz.annotated.gz.exclusions.gz.alleles.gz
running 9040_144_EPDR1_EPDR1.txt.gz.annotated.gz.exclusions.gz.alleles.gz
finished 9040_144_EPDR1_EPDR1.txt.gz.annotated.gz.exclusions.gz.alleles.gz
running 9043_7_TFIP11_TFP11.txt.gz.annotated.gz.exclusions.gz.alleles.gz
finished 9043_7_TFIP11_TFP11.txt.gz.annotated.gz.exclusions.gz.alleles.gz
running 9044_1_CNTNAP5_CNTP5.txt.gz.annotated.gz.exclusions.gz.alleles.gz
finished 9044_1_CNTNAP5_CNTP5.txt.gz.annotated.gz.exclusions.gz.alleles.gz
running 9045_3_SLC27A2_S27A2.txt.gz.annotated.gz.exclusions.gz.alleles.gz
finished 9045_3_SLC27A2_S27A2.txt.gz.annotated.gz.exclusions.gz.alleles.gz
running 9049_2_SLC16A3_MOT4.txt.gz.annotated.gz.exclusions.gz.alleles.gz
finished 9049_2_SLC16A3_MOT4.txt.gz.annotated.gz.exclusions.gz.alleles.gz
running 9050_170_RSRP1_CA063.txt.gz.annotated.gz.exclusions.gz.alleles.gz
finished 9050_170_RSRP1_CA063.txt.gz.annotated.gz.exclusions.gz.alleles.gz
running 9051_13_IL32_IL32.txt.gz.annotated.gz.exclusions.gz.alleles.gz
finished 9051_13_IL32_IL32.txt.gz.annotated.gz.exclusions.gz.alleles.gz
running 9053_16_CRIP2_CRIP2.txt.gz.annotated.gz.exclusions.gz.alleles.gz
finished 9053_16_CRIP2_CRIP2.txt.gz.annotated.gz.exclusions.gz.alleles.gz
running 9055_81_MYZAP_MYZAP.txt.gz.annotated.gz.exclusions.gz.alleles.gz
finished 9055_81_MYZAP_MYZAP.txt.gz.annotated.gz.exclusions.gz.alleles.gz
running 9057_19_ADRM1_ADRM1.txt.gz.annotated.gz.exclusions.gz.alleles.gz
finished 9057_19_ADRM1_ADRM1.txt.gz.annotated.gz.exclusions.gz.alleles.gz
running 9058_1_TIMM21_TIM21.txt.gz.annotated.gz.exclusions.gz.alleles.gz
finished 9058_1_TIMM21_TIM21.txt.gz.annotated.gz.exclusions.gz.alleles.gz
running 9059_14_RAPGEF5_RPGF5.txt.gz.annotated.gz.exclusions.gz.alleles.gz
finished 9059_14_RAPGEF5_RPGF5.txt.gz.annotated.gz.exclusions.gz.alleles.gz
running 9060_27_IGSF9B_TUTLB.txt.gz.annotated.gz.exclusions.gz.alleles.gz
finished 9060_27_IGSF9B_TUTLB.txt.gz.annotated.gz.exclusions.gz.alleles.gz
running 9061_3_ARHGEF10_ARHGA.txt.gz.annotated.gz.exclusions.gz.alleles.gz
finished 9061_3_ARHGEF10_ARHGA.txt.gz.annotated.gz.exclusions.gz.alleles.gz
running 9064_12_RNF215_RN215.txt.gz.annotated.gz.exclusions.gz.alleles.gz
finished 9064_12_RNF215_RN215.txt.gz.annotated.gz.exclusions.gz.alleles.gz
running 9068_17_JAKMIP3_JKIP3.txt.gz.annotated.gz.exclusions.gz.alleles.gz
finished 9068_17_JAKMIP3_JKIP3.txt.gz.annotated.gz.exclusions.gz.alleles.gz
running 9070_1_C17orf67_CQ067.txt.gz.annotated.gz.exclusions.gz.alleles.gz
finished 9070_1_C17orf67_CQ067.txt.gz.annotated.gz.exclusions.gz.alleles.gz
running 9074_6_FAXDC2_CE004.txt.gz.annotated.gz.exclusions.gz.alleles.gz
finished 9074_6_FAXDC2_CE004.txt.gz.annotated.gz.exclusions.gz.alleles.gz
running 9075_121_KIAA1024_K1024.txt.gz.annotated.gz.exclusions.gz.alleles.gz
finished 9075_121_KIAA1024_K1024.txt.gz.annotated.gz.exclusions.gz.alleles.gz
running 9076_25_PENK_PENK.txt.gz.annotated.gz.exclusions.gz.alleles.gz
finished 9076_25_PENK_PENK.txt.gz.annotated.gz.exclusions.gz.alleles.gz
running 9077_10_MAN1A2_MA1A2.txt.gz.annotated.gz.exclusions.gz.alleles.gz
finished 9077_10_MAN1A2_MA1A2.txt.gz.annotated.gz.exclusions.gz.alleles.gz
running 9078_207_SNTB1_SNTB1.txt.gz.annotated.gz.exclusions.gz.alleles.gz
finished 9078_207_SNTB1_SNTB1.txt.gz.annotated.gz.exclusions.gz.alleles.gz
running 9081_39_SLC30A3_ZNT3.txt.gz.annotated.gz.exclusions.gz.alleles.gz
finished 9081_39_SLC30A3_ZNT3.txt.gz.annotated.gz.exclusions.gz.alleles.gz
running 9082_25_SEL1L2_SE1L2.txt.gz.annotated.gz.exclusions.gz.alleles.gz
finished 9082_25_SEL1L2_SE1L2.txt.gz.annotated.gz.exclusions.gz.alleles.gz
running 9087_8_NHLRC3_NHLC3.txt.gz.annotated.gz.exclusions.gz.alleles.gz
finished 9087_8_NHLRC3_NHLC3.txt.gz.annotated.gz.exclusions.gz.alleles.gz
running 9089_77_JPH3_JPH3.txt.gz.annotated.gz.exclusions.gz.alleles.gz
finished 9089_77_JPH3_JPH3.txt.gz.annotated.gz.exclusions.gz.alleles.gz
running 9090_9_SYTL4_SYTL4.txt.gz.annotated.gz.exclusions.gz.alleles.gz
finished 9090_9_SYTL4_SYTL4.txt.gz.annotated.gz.exclusions.gz.alleles.gz
running 9092_33_ANGPTL1_ANGL1.txt.gz.annotated.gz.exclusions.gz.alleles.gz
finished 9092_33_ANGPTL1_ANGL1.txt.gz.annotated.gz.exclusions.gz.alleles.gz
running 9094_5_CLEC4C_CLC4C.txt.gz.annotated.gz.exclusions.gz.alleles.gz
finished 9094_5_CLEC4C_CLC4C.txt.gz.annotated.gz.exclusions.gz.alleles.gz
running 9095_5_MTFR1_MTFR1.txt.gz.annotated.gz.exclusions.gz.alleles.gz
finished 9095_5_MTFR1_MTFR1.txt.gz.annotated.gz.exclusions.gz.alleles.gz
running 9097_5_KIAA1324_K1324.txt.gz.annotated.gz.exclusions.gz.alleles.gz
finished 9097_5_KIAA1324_K1324.txt.gz.annotated.gz.exclusions.gz.alleles.gz
running 9099_19_SYT5_SYT5.txt.gz.annotated.gz.exclusions.gz.alleles.gz
finished 9099_19_SYT5_SYT5.txt.gz.annotated.gz.exclusions.gz.alleles.gz
running 9100_32_C5orf46_CE046.txt.gz.annotated.gz.exclusions.gz.alleles.gz
finished 9100_32_C5orf46_CE046.txt.gz.annotated.gz.exclusions.gz.alleles.gz
running 9102_28_ZFYVE27_ZFY27.txt.gz.annotated.gz.exclusions.gz.alleles.gz
finished 9102_28_ZFYVE27_ZFY27.txt.gz.annotated.gz.exclusions.gz.alleles.gz
running 9106_87_LYSMD4_LYSM4.txt.gz.annotated.gz.exclusions.gz.alleles.gz
finished 9106_87_LYSMD4_LYSM4.txt.gz.annotated.gz.exclusions.gz.alleles.gz
running 9107_59_ARMC10_ARM10.txt.gz.annotated.gz.exclusions.gz.alleles.gz
finished 9107_59_ARMC10_ARM10.txt.gz.annotated.gz.exclusions.gz.alleles.gz
running 9110_2_SYT17_SYT17.txt.gz.annotated.gz.exclusions.gz.alleles.gz
finished 9110_2_SYT17_SYT17.txt.gz.annotated.gz.exclusions.gz.alleles.gz
running 9111_40_JPH4_JPH4.txt.gz.annotated.gz.exclusions.gz.alleles.gz
finished 9111_40_JPH4_JPH4.txt.gz.annotated.gz.exclusions.gz.alleles.gz
running 9114_84_UMODL1_UROL1.txt.gz.annotated.gz.exclusions.gz.alleles.gz
finished 9114_84_UMODL1_UROL1.txt.gz.annotated.gz.exclusions.gz.alleles.gz
running 9115_78_ADAMDEC1_ADEC1.txt.gz.annotated.gz.exclusions.gz.alleles.gz
finished 9115_78_ADAMDEC1_ADEC1.txt.gz.annotated.gz.exclusions.gz.alleles.gz
running 9116_28_HEPACAM2_HECA2.txt.gz.annotated.gz.exclusions.gz.alleles.gz
finished 9116_28_HEPACAM2_HECA2.txt.gz.annotated.gz.exclusions.gz.alleles.gz
running 9117_4_IL36G_IL_1F9.txt.gz.annotated.gz.exclusions.gz.alleles.gz
finished 9117_4_IL36G_IL_1F9.txt.gz.annotated.gz.exclusions.gz.alleles.gz
running 9118_7_PSD2_PSD2.txt.gz.annotated.gz.exclusions.gz.alleles.gz
finished 9118_7_PSD2_PSD2.txt.gz.annotated.gz.exclusions.gz.alleles.gz
running 9121_28_FUT2_FUT2.txt.gz.annotated.gz.exclusions.gz.alleles.gz
finished 9121_28_FUT2_FUT2.txt.gz.annotated.gz.exclusions.gz.alleles.gz
running 9123_18_DOS_DOS.txt.gz.annotated.gz.exclusions.gz.alleles.gz
finished 9123_18_DOS_DOS.txt.gz.annotated.gz.exclusions.gz.alleles.gz
running 9125_23_MASP1_MASP3.txt.gz.annotated.gz.exclusions.gz.alleles.gz
finished 9125_23_MASP1_MASP3.txt.gz.annotated.gz.exclusions.gz.alleles.gz
running 9126_171_NT5DC3_NT5D3.txt.gz.annotated.gz.exclusions.gz.alleles.gz
finished 9126_171_NT5DC3_NT5D3.txt.gz.annotated.gz.exclusions.gz.alleles.gz
running 9127_4_SLC26A5_S26A5.txt.gz.annotated.gz.exclusions.gz.alleles.gz
finished 9127_4_SLC26A5_S26A5.txt.gz.annotated.gz.exclusions.gz.alleles.gz
running 9128_34_FLRT3_FLRT3.txt.gz.annotated.gz.exclusions.gz.alleles.gz
finished 9128_34_FLRT3_FLRT3.txt.gz.annotated.gz.exclusions.gz.alleles.gz
running 9168_31_CCL26_Eotaxin_3.txt.gz.annotated.gz.exclusions.gz.alleles.gz
finished 9168_31_CCL26_Eotaxin_3.txt.gz.annotated.gz.exclusions.gz.alleles.gz
running 9170_24_IL17A_IL_17.txt.gz.annotated.gz.exclusions.gz.alleles.gz
finished 9170_24_IL17A_IL_17.txt.gz.annotated.gz.exclusions.gz.alleles.gz
running 9171_11_CSRP3_CSRP3.txt.gz.annotated.gz.exclusions.gz.alleles.gz
finished 9171_11_CSRP3_CSRP3.txt.gz.annotated.gz.exclusions.gz.alleles.gz
running 9172_69_MMP8_MMP_8.txt.gz.annotated.gz.exclusions.gz.alleles.gz
finished 9172_69_MMP8_MMP_8.txt.gz.annotated.gz.exclusions.gz.alleles.gz
running 9173_21_PGM1_PGM1.txt.gz.annotated.gz.exclusions.gz.alleles.gz
finished 9173_21_PGM1_PGM1.txt.gz.annotated.gz.exclusions.gz.alleles.gz
running 9175_48_DSCAM_DSCAM.txt.gz.annotated.gz.exclusions.gz.alleles.gz
finished 9175_48_DSCAM_DSCAM.txt.gz.annotated.gz.exclusions.gz.alleles.gz
running 9176_3_MUC1_MUC1.txt.gz.annotated.gz.exclusions.gz.alleles.gz
finished 9176_3_MUC1_MUC1.txt.gz.annotated.gz.exclusions.gz.alleles.gz
running 9177_6_FAM3B_FAM3B.txt.gz.annotated.gz.exclusions.gz.alleles.gz
finished 9177_6_FAM3B_FAM3B.txt.gz.annotated.gz.exclusions.gz.alleles.gz
running 9178_30_NRG1_NEUREGULIN_1.txt.gz.annotated.gz.exclusions.gz.alleles.gz
finished 9178_30_NRG1_NEUREGULIN_1.txt.gz.annotated.gz.exclusions.gz.alleles.gz
running 9180_6_IFNGR2_INGR2.txt.gz.annotated.gz.exclusions.gz.alleles.gz
finished 9180_6_IFNGR2_INGR2.txt.gz.annotated.gz.exclusions.gz.alleles.gz
running 9182_3_LRP1_sLRP1.txt.gz.annotated.gz.exclusions.gz.alleles.gz
finished 9182_3_LRP1_sLRP1.txt.gz.annotated.gz.exclusions.gz.alleles.gz
running 9183_7_IFNAR1_IFN_a_b_R1.txt.gz.annotated.gz.exclusions.gz.alleles.gz
finished 9183_7_IFNAR1_IFN_a_b_R1.txt.gz.annotated.gz.exclusions.gz.alleles.gz
