running 8315_5_DEFB119_DB119.txt.gz.annotated.gz.exclusions.gz.alleles.gz
finished 8315_5_DEFB119_DB119.txt.gz.annotated.gz.exclusions.gz.alleles.gz
running 8318_13_SPRED1_SPRE1.txt.gz.annotated.gz.exclusions.gz.alleles.gz
finished 8318_13_SPRED1_SPRE1.txt.gz.annotated.gz.exclusions.gz.alleles.gz
running 8320_5_SLTM_SLTM.txt.gz.annotated.gz.exclusions.gz.alleles.gz
finished 8320_5_SLTM_SLTM.txt.gz.annotated.gz.exclusions.gz.alleles.gz
running 8321_27_ZNF843_ZN843.txt.gz.annotated.gz.exclusions.gz.alleles.gz
finished 8321_27_ZNF843_ZN843.txt.gz.annotated.gz.exclusions.gz.alleles.gz
running 8323_163_TFF3_TFF3.txt.gz.annotated.gz.exclusions.gz.alleles.gz
finished 8323_163_TFF3_TFF3.txt.gz.annotated.gz.exclusions.gz.alleles.gz
running 8325_37_ADH4_ADH4.txt.gz.annotated.gz.exclusions.gz.alleles.gz
finished 8325_37_ADH4_ADH4.txt.gz.annotated.gz.exclusions.gz.alleles.gz
running 8326_63_SIGIRR_SIGIRR.txt.gz.annotated.gz.exclusions.gz.alleles.gz
finished 8326_63_SIGIRR_SIGIRR.txt.gz.annotated.gz.exclusions.gz.alleles.gz
running 8327_26_DPEP2_DPEP2.txt.gz.annotated.gz.exclusions.gz.alleles.gz
finished 8327_26_DPEP2_DPEP2.txt.gz.annotated.gz.exclusions.gz.alleles.gz
running 8328_9_ETNK1_EKI1.txt.gz.annotated.gz.exclusions.gz.alleles.gz
finished 8328_9_ETNK1_EKI1.txt.gz.annotated.gz.exclusions.gz.alleles.gz
running 8334_65_TCP11_TCP11.txt.gz.annotated.gz.exclusions.gz.alleles.gz
finished 8334_65_TCP11_TCP11.txt.gz.annotated.gz.exclusions.gz.alleles.gz
running 8336_267_GRAMD1C_GRM1C.txt.gz.annotated.gz.exclusions.gz.alleles.gz
finished 8336_267_GRAMD1C_GRM1C.txt.gz.annotated.gz.exclusions.gz.alleles.gz
running 8337_65_PTPRU_PTPRU.txt.gz.annotated.gz.exclusions.gz.alleles.gz
finished 8337_65_PTPRU_PTPRU.txt.gz.annotated.gz.exclusions.gz.alleles.gz
running 8340_9_DEFB110_DB110.txt.gz.annotated.gz.exclusions.gz.alleles.gz
finished 8340_9_DEFB110_DB110.txt.gz.annotated.gz.exclusions.gz.alleles.gz
running 8343_224_PAPOLG_PAPOG.txt.gz.annotated.gz.exclusions.gz.alleles.gz
finished 8343_224_PAPOLG_PAPOG.txt.gz.annotated.gz.exclusions.gz.alleles.gz
running 8345_27_GPX7_GPX7.txt.gz.annotated.gz.exclusions.gz.alleles.gz
finished 8345_27_GPX7_GPX7.txt.gz.annotated.gz.exclusions.gz.alleles.gz
running 8346_9_DPP7_DPP2.txt.gz.annotated.gz.exclusions.gz.alleles.gz
finished 8346_9_DPP7_DPP2.txt.gz.annotated.gz.exclusions.gz.alleles.gz
running 8347_222_DEFB129_DB129.txt.gz.annotated.gz.exclusions.gz.alleles.gz
finished 8347_222_DEFB129_DB129.txt.gz.annotated.gz.exclusions.gz.alleles.gz
running 8351_17_PRSS57_PRS57.txt.gz.annotated.gz.exclusions.gz.alleles.gz
finished 8351_17_PRSS57_PRS57.txt.gz.annotated.gz.exclusions.gz.alleles.gz
running 8352_26_SIGLEC12_SIG12.txt.gz.annotated.gz.exclusions.gz.alleles.gz
finished 8352_26_SIGLEC12_SIG12.txt.gz.annotated.gz.exclusions.gz.alleles.gz
running 8353_15_SCN2B_SCN2B.txt.gz.annotated.gz.exclusions.gz.alleles.gz
finished 8353_15_SCN2B_SCN2B.txt.gz.annotated.gz.exclusions.gz.alleles.gz
running 8355_80_ISM1_ISM1.txt.gz.annotated.gz.exclusions.gz.alleles.gz
finished 8355_80_ISM1_ISM1.txt.gz.annotated.gz.exclusions.gz.alleles.gz
running 8356_88_OXT_NEU1.txt.gz.annotated.gz.exclusions.gz.alleles.gz
finished 8356_88_OXT_NEU1.txt.gz.annotated.gz.exclusions.gz.alleles.gz
running 8357_43_SULT4A1_ST4A1.txt.gz.annotated.gz.exclusions.gz.alleles.gz
finished 8357_43_SULT4A1_ST4A1.txt.gz.annotated.gz.exclusions.gz.alleles.gz
running 8358_30_PRDX3_Peroxiredoxin_3.txt.gz.annotated.gz.exclusions.gz.alleles.gz
finished 8358_30_PRDX3_Peroxiredoxin_3.txt.gz.annotated.gz.exclusions.gz.alleles.gz
running 8360_169_NCR1_NKp46.txt.gz.annotated.gz.exclusions.gz.alleles.gz
finished 8360_169_NCR1_NKp46.txt.gz.annotated.gz.exclusions.gz.alleles.gz
running 8363_18_KIAA1324L_K132L.txt.gz.annotated.gz.exclusions.gz.alleles.gz
finished 8363_18_KIAA1324L_K132L.txt.gz.annotated.gz.exclusions.gz.alleles.gz
running 8364_74_UST_UST.txt.gz.annotated.gz.exclusions.gz.alleles.gz
finished 8364_74_UST_UST.txt.gz.annotated.gz.exclusions.gz.alleles.gz
running 8366_19_C1orf115_CA115.txt.gz.annotated.gz.exclusions.gz.alleles.gz
finished 8366_19_C1orf115_CA115.txt.gz.annotated.gz.exclusions.gz.alleles.gz
running 8367_142_VSIG1_VSIG1.txt.gz.annotated.gz.exclusions.gz.alleles.gz
finished 8367_142_VSIG1_VSIG1.txt.gz.annotated.gz.exclusions.gz.alleles.gz
running 8368_102_TNFRSF1B_TNF_sR_II.txt.gz.annotated.gz.exclusions.gz.alleles.gz
finished 8368_102_TNFRSF1B_TNF_sR_II.txt.gz.annotated.gz.exclusions.gz.alleles.gz
running 8369_102_DAG1_DAG1.txt.gz.annotated.gz.exclusions.gz.alleles.gz
finished 8369_102_DAG1_DAG1.txt.gz.annotated.gz.exclusions.gz.alleles.gz
running 8372_29_CDHR1_CDHR1.txt.gz.annotated.gz.exclusions.gz.alleles.gz
finished 8372_29_CDHR1_CDHR1.txt.gz.annotated.gz.exclusions.gz.alleles.gz
running 8374_5_NGFR_NGF_R.txt.gz.annotated.gz.exclusions.gz.alleles.gz
finished 8374_5_NGFR_NGF_R.txt.gz.annotated.gz.exclusions.gz.alleles.gz
running 8376_25_LHB_LSHB.txt.gz.annotated.gz.exclusions.gz.alleles.gz
finished 8376_25_LHB_LSHB.txt.gz.annotated.gz.exclusions.gz.alleles.gz
running 8378_3_LDOC1_LDOC1.txt.gz.annotated.gz.exclusions.gz.alleles.gz
finished 8378_3_LDOC1_LDOC1.txt.gz.annotated.gz.exclusions.gz.alleles.gz
running 8380_244_DLK1_DLK1.txt.gz.annotated.gz.exclusions.gz.alleles.gz
finished 8380_244_DLK1_DLK1.txt.gz.annotated.gz.exclusions.gz.alleles.gz
running 8382_47_MAPKAPK5_MAPK5.txt.gz.annotated.gz.exclusions.gz.alleles.gz
finished 8382_47_MAPKAPK5_MAPK5.txt.gz.annotated.gz.exclusions.gz.alleles.gz
running 8383_20_C11orf94_CK094.txt.gz.annotated.gz.exclusions.gz.alleles.gz
finished 8383_20_C11orf94_CK094.txt.gz.annotated.gz.exclusions.gz.alleles.gz
running 8386_11_PATE1_PATE.txt.gz.annotated.gz.exclusions.gz.alleles.gz
finished 8386_11_PATE1_PATE.txt.gz.annotated.gz.exclusions.gz.alleles.gz
running 8388_24_SPAST_Spastin.txt.gz.annotated.gz.exclusions.gz.alleles.gz
finished 8388_24_SPAST_Spastin.txt.gz.annotated.gz.exclusions.gz.alleles.gz
running 8389_8_LRRC74A_CN16B.txt.gz.annotated.gz.exclusions.gz.alleles.gz
finished 8389_8_LRRC74A_CN16B.txt.gz.annotated.gz.exclusions.gz.alleles.gz
running 8390_25_COX7A1_CX7A1.txt.gz.annotated.gz.exclusions.gz.alleles.gz
finished 8390_25_COX7A1_CX7A1.txt.gz.annotated.gz.exclusions.gz.alleles.gz
running 8391_12_DEFB115_DB115.txt.gz.annotated.gz.exclusions.gz.alleles.gz
finished 8391_12_DEFB115_DB115.txt.gz.annotated.gz.exclusions.gz.alleles.gz
running 8394_56_RNASE2_RNase_2.txt.gz.annotated.gz.exclusions.gz.alleles.gz
finished 8394_56_RNASE2_RNase_2.txt.gz.annotated.gz.exclusions.gz.alleles.gz
running 8396_42_FAAH2_FAAH2.txt.gz.annotated.gz.exclusions.gz.alleles.gz
finished 8396_42_FAAH2_FAAH2.txt.gz.annotated.gz.exclusions.gz.alleles.gz
running 8397_147_QSOX2_QSOX2.txt.gz.annotated.gz.exclusions.gz.alleles.gz
finished 8397_147_QSOX2_QSOX2.txt.gz.annotated.gz.exclusions.gz.alleles.gz
running 8398_277_RARRES1_RAR_responsive_protein_TIG1.txt.gz.annotated.gz.exclusions.gz.alleles.gz
finished 8398_277_RARRES1_RAR_responsive_protein_TIG1.txt.gz.annotated.gz.exclusions.gz.alleles.gz
running 8399_6_STK17B_DRAK2.txt.gz.annotated.gz.exclusions.gz.alleles.gz
finished 8399_6_STK17B_DRAK2.txt.gz.annotated.gz.exclusions.gz.alleles.gz
running 8400_74_GRP_Gastrin_releasing_peptide.txt.gz.annotated.gz.exclusions.gz.alleles.gz
finished 8400_74_GRP_Gastrin_releasing_peptide.txt.gz.annotated.gz.exclusions.gz.alleles.gz
running 8402_22_CYTL1_CYTL1.txt.gz.annotated.gz.exclusions.gz.alleles.gz
finished 8402_22_CYTL1_CYTL1.txt.gz.annotated.gz.exclusions.gz.alleles.gz
running 8403_18_FASN_Fatty_acid_synthase.txt.gz.annotated.gz.exclusions.gz.alleles.gz
finished 8403_18_FASN_Fatty_acid_synthase.txt.gz.annotated.gz.exclusions.gz.alleles.gz
running 8404_102_BOLA2_BolA_like_protein_2.txt.gz.annotated.gz.exclusions.gz.alleles.gz
finished 8404_102_BOLA2_BolA_like_protein_2.txt.gz.annotated.gz.exclusions.gz.alleles.gz
running 8405_108_ADAM10_ADAM_10.txt.gz.annotated.gz.exclusions.gz.alleles.gz
finished 8405_108_ADAM10_ADAM_10.txt.gz.annotated.gz.exclusions.gz.alleles.gz
running 8406_17_IGF1_IGF_I.txt.gz.annotated.gz.exclusions.gz.alleles.gz
finished 8406_17_IGF1_IGF_I.txt.gz.annotated.gz.exclusions.gz.alleles.gz
running 8409_3_RSPO2_RSPO2.txt.gz.annotated.gz.exclusions.gz.alleles.gz
finished 8409_3_RSPO2_RSPO2.txt.gz.annotated.gz.exclusions.gz.alleles.gz
running 8424_269_CTNNB1_b_Catenin.txt.gz.annotated.gz.exclusions.gz.alleles.gz
finished 8424_269_CTNNB1_b_Catenin.txt.gz.annotated.gz.exclusions.gz.alleles.gz
running 8427_118_RSPO3_RSPO3.txt.gz.annotated.gz.exclusions.gz.alleles.gz
finished 8427_118_RSPO3_RSPO3.txt.gz.annotated.gz.exclusions.gz.alleles.gz
running 8428_102_NTM_NTRI.txt.gz.annotated.gz.exclusions.gz.alleles.gz
finished 8428_102_NTM_NTRI.txt.gz.annotated.gz.exclusions.gz.alleles.gz
running 8429_16_AXIN2_AXIN2.txt.gz.annotated.gz.exclusions.gz.alleles.gz
finished 8429_16_AXIN2_AXIN2.txt.gz.annotated.gz.exclusions.gz.alleles.gz
running 8446_4_ADCYAP1_PACAP_27.txt.gz.annotated.gz.exclusions.gz.alleles.gz
finished 8446_4_ADCYAP1_PACAP_27.txt.gz.annotated.gz.exclusions.gz.alleles.gz
running 8447_11_GHRL_ghrelin.txt.gz.annotated.gz.exclusions.gz.alleles.gz
finished 8447_11_GHRL_ghrelin.txt.gz.annotated.gz.exclusions.gz.alleles.gz
running 8450_36_ADCYAP1_PACAP_38.txt.gz.annotated.gz.exclusions.gz.alleles.gz
finished 8450_36_ADCYAP1_PACAP_38.txt.gz.annotated.gz.exclusions.gz.alleles.gz
running 8458_111_SNCA_a_Synuclein.txt.gz.annotated.gz.exclusions.gz.alleles.gz
finished 8458_111_SNCA_a_Synuclein.txt.gz.annotated.gz.exclusions.gz.alleles.gz
running 8459_10_BMP6_BMP_6.txt.gz.annotated.gz.exclusions.gz.alleles.gz
finished 8459_10_BMP6_BMP_6.txt.gz.annotated.gz.exclusions.gz.alleles.gz
running 8462_18_GH1_HGH.txt.gz.annotated.gz.exclusions.gz.alleles.gz
finished 8462_18_GH1_HGH.txt.gz.annotated.gz.exclusions.gz.alleles.gz
running 8464_31_RSPO4_RSPO4.txt.gz.annotated.gz.exclusions.gz.alleles.gz
finished 8464_31_RSPO4_RSPO4.txt.gz.annotated.gz.exclusions.gz.alleles.gz
running 8465_52_CTSH_Cathepsin_H.txt.gz.annotated.gz.exclusions.gz.alleles.gz
finished 8465_52_CTSH_Cathepsin_H.txt.gz.annotated.gz.exclusions.gz.alleles.gz
running 8468_19_KLK3_PSA.txt.gz.annotated.gz.exclusions.gz.alleles.gz
finished 8468_19_KLK3_PSA.txt.gz.annotated.gz.exclusions.gz.alleles.gz
running 8469_41_IGFBP2_IGFBP_2.txt.gz.annotated.gz.exclusions.gz.alleles.gz
finished 8469_41_IGFBP2_IGFBP_2.txt.gz.annotated.gz.exclusions.gz.alleles.gz
running 8470_213_RNASEH1_RNase_H1.txt.gz.annotated.gz.exclusions.gz.alleles.gz
finished 8470_213_RNASEH1_RNase_H1.txt.gz.annotated.gz.exclusions.gz.alleles.gz
running 8476_11_CHGA_CgA.txt.gz.annotated.gz.exclusions.gz.alleles.gz
finished 8476_11_CHGA_CgA.txt.gz.annotated.gz.exclusions.gz.alleles.gz
running 8479_4_MMP10_MMP_10.txt.gz.annotated.gz.exclusions.gz.alleles.gz
finished 8479_4_MMP10_MMP_10.txt.gz.annotated.gz.exclusions.gz.alleles.gz
running 8480_29_EFEMP1_FBLN3.txt.gz.annotated.gz.exclusions.gz.alleles.gz
finished 8480_29_EFEMP1_FBLN3.txt.gz.annotated.gz.exclusions.gz.alleles.gz
running 8484_24_LEP_Leptin.txt.gz.annotated.gz.exclusions.gz.alleles.gz
finished 8484_24_LEP_Leptin.txt.gz.annotated.gz.exclusions.gz.alleles.gz
running 8485_7_KEAP1_KEAP1.txt.gz.annotated.gz.exclusions.gz.alleles.gz
finished 8485_7_KEAP1_KEAP1.txt.gz.annotated.gz.exclusions.gz.alleles.gz
running 8520_8_ADAM30_ADA30.txt.gz.annotated.gz.exclusions.gz.alleles.gz
finished 8520_8_ADAM30_ADA30.txt.gz.annotated.gz.exclusions.gz.alleles.gz
running 8529_1_TNFRSF10B_TRAIL_R2.txt.gz.annotated.gz.exclusions.gz.alleles.gz
finished 8529_1_TNFRSF10B_TRAIL_R2.txt.gz.annotated.gz.exclusions.gz.alleles.gz
running 8535_102_DMKN_Dermokine.txt.gz.annotated.gz.exclusions.gz.alleles.gz
finished 8535_102_DMKN_Dermokine.txt.gz.annotated.gz.exclusions.gz.alleles.gz
running 8556_5_FAM134B_F134B.txt.gz.annotated.gz.exclusions.gz.alleles.gz
finished 8556_5_FAM134B_F134B.txt.gz.annotated.gz.exclusions.gz.alleles.gz
running 8565_160_PLVAP_PLVAP.txt.gz.annotated.gz.exclusions.gz.alleles.gz
finished 8565_160_PLVAP_PLVAP.txt.gz.annotated.gz.exclusions.gz.alleles.gz
running 8569_147_ARL8B_ARL8B.txt.gz.annotated.gz.exclusions.gz.alleles.gz
finished 8569_147_ARL8B_ARL8B.txt.gz.annotated.gz.exclusions.gz.alleles.gz
running 8587_21_SPINK14_ISK52.txt.gz.annotated.gz.exclusions.gz.alleles.gz
finished 8587_21_SPINK14_ISK52.txt.gz.annotated.gz.exclusions.gz.alleles.gz
running 8589_13_CDCP1_CDCP1.txt.gz.annotated.gz.exclusions.gz.alleles.gz
finished 8589_13_CDCP1_CDCP1.txt.gz.annotated.gz.exclusions.gz.alleles.gz
running 8597_1_TMEM9_TMEM9.txt.gz.annotated.gz.exclusions.gz.alleles.gz
finished 8597_1_TMEM9_TMEM9.txt.gz.annotated.gz.exclusions.gz.alleles.gz
running 8601_167_LRP1_sLRP1.txt.gz.annotated.gz.exclusions.gz.alleles.gz
finished 8601_167_LRP1_sLRP1.txt.gz.annotated.gz.exclusions.gz.alleles.gz
running 8606_39_GPNMB_GPNMB.txt.gz.annotated.gz.exclusions.gz.alleles.gz
finished 8606_39_GPNMB_GPNMB.txt.gz.annotated.gz.exclusions.gz.alleles.gz
running 8631_13_ERMAP_ERMAP.txt.gz.annotated.gz.exclusions.gz.alleles.gz
finished 8631_13_ERMAP_ERMAP.txt.gz.annotated.gz.exclusions.gz.alleles.gz
running 8633_18_RNF128_RN128.txt.gz.annotated.gz.exclusions.gz.alleles.gz
finished 8633_18_RNF128_RN128.txt.gz.annotated.gz.exclusions.gz.alleles.gz
running 8635_283_ZPBP_ZPBP1.txt.gz.annotated.gz.exclusions.gz.alleles.gz
finished 8635_283_ZPBP_ZPBP1.txt.gz.annotated.gz.exclusions.gz.alleles.gz
running 8646_61_LRRTM4_LRRT4.txt.gz.annotated.gz.exclusions.gz.alleles.gz
finished 8646_61_LRRTM4_LRRT4.txt.gz.annotated.gz.exclusions.gz.alleles.gz
running 8653_132_DNAJC4_DNJC4.txt.gz.annotated.gz.exclusions.gz.alleles.gz
finished 8653_132_DNAJC4_DNJC4.txt.gz.annotated.gz.exclusions.gz.alleles.gz
running 8654_13_ADAM10_ADAM_10.txt.gz.annotated.gz.exclusions.gz.alleles.gz
finished 8654_13_ADAM10_ADAM_10.txt.gz.annotated.gz.exclusions.gz.alleles.gz
running 8659_68_G6B_G6B.txt.gz.annotated.gz.exclusions.gz.alleles.gz
finished 8659_68_G6B_G6B.txt.gz.annotated.gz.exclusions.gz.alleles.gz
running 8660_5_OLFML3_OLFL3.txt.gz.annotated.gz.exclusions.gz.alleles.gz
finished 8660_5_OLFML3_OLFL3.txt.gz.annotated.gz.exclusions.gz.alleles.gz
running 8664_36_PKDCC_PKDCC.txt.gz.annotated.gz.exclusions.gz.alleles.gz
finished 8664_36_PKDCC_PKDCC.txt.gz.annotated.gz.exclusions.gz.alleles.gz
running 8671_378_TRAPPC5_TPPC5.txt.gz.annotated.gz.exclusions.gz.alleles.gz
finished 8671_378_TRAPPC5_TPPC5.txt.gz.annotated.gz.exclusions.gz.alleles.gz
running 8681_93_PGRMC2_PGRC2.txt.gz.annotated.gz.exclusions.gz.alleles.gz
finished 8681_93_PGRMC2_PGRC2.txt.gz.annotated.gz.exclusions.gz.alleles.gz
running 8686_342_C11orf73_HIKES.txt.gz.annotated.gz.exclusions.gz.alleles.gz
finished 8686_342_C11orf73_HIKES.txt.gz.annotated.gz.exclusions.gz.alleles.gz
running 8687_26_TMEM106B_T106B.txt.gz.annotated.gz.exclusions.gz.alleles.gz
finished 8687_26_TMEM106B_T106B.txt.gz.annotated.gz.exclusions.gz.alleles.gz
running 8690_25_CAV3_CAV3.txt.gz.annotated.gz.exclusions.gz.alleles.gz
finished 8690_25_CAV3_CAV3.txt.gz.annotated.gz.exclusions.gz.alleles.gz
running 8696_15_GAL3ST1_G3ST1.txt.gz.annotated.gz.exclusions.gz.alleles.gz
finished 8696_15_GAL3ST1_G3ST1.txt.gz.annotated.gz.exclusions.gz.alleles.gz
running 8697_38_GPC1_Glypican_1.txt.gz.annotated.gz.exclusions.gz.alleles.gz
finished 8697_38_GPC1_Glypican_1.txt.gz.annotated.gz.exclusions.gz.alleles.gz
running 8699_43_CRIM1_CRIM1.txt.gz.annotated.gz.exclusions.gz.alleles.gz
finished 8699_43_CRIM1_CRIM1.txt.gz.annotated.gz.exclusions.gz.alleles.gz
running 8700_325_GALNT11_GLT11.txt.gz.annotated.gz.exclusions.gz.alleles.gz
finished 8700_325_GALNT11_GLT11.txt.gz.annotated.gz.exclusions.gz.alleles.gz
running 8748_45_CD74_HG2A.txt.gz.annotated.gz.exclusions.gz.alleles.gz
finished 8748_45_CD74_HG2A.txt.gz.annotated.gz.exclusions.gz.alleles.gz
running 8749_194_CD1D_CD1D.txt.gz.annotated.gz.exclusions.gz.alleles.gz
finished 8749_194_CD1D_CD1D.txt.gz.annotated.gz.exclusions.gz.alleles.gz
running 8750_46_VCL_Vinculin.txt.gz.annotated.gz.exclusions.gz.alleles.gz
finished 8750_46_VCL_Vinculin.txt.gz.annotated.gz.exclusions.gz.alleles.gz
running 8754_5_NMU_NMU.txt.gz.annotated.gz.exclusions.gz.alleles.gz
finished 8754_5_NMU_NMU.txt.gz.annotated.gz.exclusions.gz.alleles.gz
running 8756_41_KCNE5_KCE1L.txt.gz.annotated.gz.exclusions.gz.alleles.gz
finished 8756_41_KCNE5_KCE1L.txt.gz.annotated.gz.exclusions.gz.alleles.gz
