running 5412_53_CD27_CD27.txt.gz.annotated.gz.exclusions.gz.alleles.gz
finished 5412_53_CD27_CD27.txt.gz.annotated.gz.exclusions.gz.alleles.gz
running 5430_66_SIRPA_SHPS1.txt.gz.annotated.gz.exclusions.gz.alleles.gz
finished 5430_66_SIRPA_SHPS1.txt.gz.annotated.gz.exclusions.gz.alleles.gz
running 5437_63_FABP3_FABP.txt.gz.annotated.gz.exclusions.gz.alleles.gz
finished 5437_63_FABP3_FABP.txt.gz.annotated.gz.exclusions.gz.alleles.gz
running 5440_26_TNNI2_Troponin_I__skeletal__fast_twitch.txt.gz.annotated.gz.exclusions.gz.alleles.gz
finished 5440_26_TNNI2_Troponin_I__skeletal__fast_twitch.txt.gz.annotated.gz.exclusions.gz.alleles.gz
running 5441_67_TNNI3_Troponin_I.txt.gz.annotated.gz.exclusions.gz.alleles.gz
finished 5441_67_TNNI3_Troponin_I.txt.gz.annotated.gz.exclusions.gz.alleles.gz
running 5443_62_NPPA_ANP.txt.gz.annotated.gz.exclusions.gz.alleles.gz
finished 5443_62_NPPA_ANP.txt.gz.annotated.gz.exclusions.gz.alleles.gz
running 5451_1_ALCAM_ALCAM.txt.gz.annotated.gz.exclusions.gz.alleles.gz
finished 5451_1_ALCAM_ALCAM.txt.gz.annotated.gz.exclusions.gz.alleles.gz
running 5452_71_ASGR1_ASGR1.txt.gz.annotated.gz.exclusions.gz.alleles.gz
finished 5452_71_ASGR1_ASGR1.txt.gz.annotated.gz.exclusions.gz.alleles.gz
running 5456_59_CNDP1_CNDP1.txt.gz.annotated.gz.exclusions.gz.alleles.gz
finished 5456_59_CNDP1_CNDP1.txt.gz.annotated.gz.exclusions.gz.alleles.gz
running 5457_5_COLEC12_COLEC12.txt.gz.annotated.gz.exclusions.gz.alleles.gz
finished 5457_5_COLEC12_COLEC12.txt.gz.annotated.gz.exclusions.gz.alleles.gz
running 5459_33_CST1_CYTN.txt.gz.annotated.gz.exclusions.gz.alleles.gz
finished 5459_33_CST1_CYTN.txt.gz.annotated.gz.exclusions.gz.alleles.gz
running 5460_60_DDX19B_DEAD_box_protein_19B.txt.gz.annotated.gz.exclusions.gz.alleles.gz
finished 5460_60_DDX19B_DEAD_box_protein_19B.txt.gz.annotated.gz.exclusions.gz.alleles.gz
running 5462_62_FCN3_Ficolin_3.txt.gz.annotated.gz.exclusions.gz.alleles.gz
finished 5462_62_FCN3_Ficolin_3.txt.gz.annotated.gz.exclusions.gz.alleles.gz
running 5463_22_GAS1_GAS1.txt.gz.annotated.gz.exclusions.gz.alleles.gz
finished 5463_22_GAS1_GAS1.txt.gz.annotated.gz.exclusions.gz.alleles.gz
running 5464_52_GRB2_GRB2_adapter_protein.txt.gz.annotated.gz.exclusions.gz.alleles.gz
finished 5464_52_GRB2_GRB2_adapter_protein.txt.gz.annotated.gz.exclusions.gz.alleles.gz
running 5465_32_HS6ST1_H6ST1.txt.gz.annotated.gz.exclusions.gz.alleles.gz
finished 5465_32_HS6ST1_H6ST1.txt.gz.annotated.gz.exclusions.gz.alleles.gz
running 5467_15_HSP90AB1_HSP_90b.txt.gz.annotated.gz.exclusions.gz.alleles.gz
finished 5467_15_HSP90AB1_HSP_90b.txt.gz.annotated.gz.exclusions.gz.alleles.gz
running 5468_67_IL17RC_IL_17_RC.txt.gz.annotated.gz.exclusions.gz.alleles.gz
finished 5468_67_IL17RC_IL_17_RC.txt.gz.annotated.gz.exclusions.gz.alleles.gz
running 5475_10_PRKCB_PKC_B_II.txt.gz.annotated.gz.exclusions.gz.alleles.gz
finished 5475_10_PRKCB_PKC_B_II.txt.gz.annotated.gz.exclusions.gz.alleles.gz
running 5476_66_PRKCG_PKC_G.txt.gz.annotated.gz.exclusions.gz.alleles.gz
finished 5476_66_PRKCG_PKC_G.txt.gz.annotated.gz.exclusions.gz.alleles.gz
running 5478_50_FOLH1_PSMA.txt.gz.annotated.gz.exclusions.gz.alleles.gz
finished 5478_50_FOLH1_PSMA.txt.gz.annotated.gz.exclusions.gz.alleles.gz
running 5480_49_CCL5_RANTES.txt.gz.annotated.gz.exclusions.gz.alleles.gz
finished 5480_49_CCL5_RANTES.txt.gz.annotated.gz.exclusions.gz.alleles.gz
running 5481_16_RASA1_RASA1.txt.gz.annotated.gz.exclusions.gz.alleles.gz
finished 5481_16_RASA1_RASA1.txt.gz.annotated.gz.exclusions.gz.alleles.gz
running 5483_1_RGMA_RGMA.txt.gz.annotated.gz.exclusions.gz.alleles.gz
finished 5483_1_RGMA_RGMA.txt.gz.annotated.gz.exclusions.gz.alleles.gz
running 5484_63_RPS3A_RS3A.txt.gz.annotated.gz.exclusions.gz.alleles.gz
finished 5484_63_RPS3A_RS3A.txt.gz.annotated.gz.exclusions.gz.alleles.gz
running 5486_73_ICAM2_sICAM_2.txt.gz.annotated.gz.exclusions.gz.alleles.gz
finished 5486_73_ICAM2_sICAM_2.txt.gz.annotated.gz.exclusions.gz.alleles.gz
running 5487_7_SLAMF7_SLAF7.txt.gz.annotated.gz.exclusions.gz.alleles.gz
finished 5487_7_SLAMF7_SLAF7.txt.gz.annotated.gz.exclusions.gz.alleles.gz
running 5488_74_SRC_SRCN1.txt.gz.annotated.gz.exclusions.gz.alleles.gz
finished 5488_74_SRC_SRCN1.txt.gz.annotated.gz.exclusions.gz.alleles.gz
running 5489_18_STIP1_Stress_induced_phosphoprotein_1.txt.gz.annotated.gz.exclusions.gz.alleles.gz
finished 5489_18_STIP1_Stress_induced_phosphoprotein_1.txt.gz.annotated.gz.exclusions.gz.alleles.gz
running 5490_53_SPOCK1_Testican_1.txt.gz.annotated.gz.exclusions.gz.alleles.gz
finished 5490_53_SPOCK1_Testican_1.txt.gz.annotated.gz.exclusions.gz.alleles.gz
running 5491_12_SPOCK2_Testican_2.txt.gz.annotated.gz.exclusions.gz.alleles.gz
finished 5491_12_SPOCK2_Testican_2.txt.gz.annotated.gz.exclusions.gz.alleles.gz
running 5493_17_WNK3_WNK3.txt.gz.annotated.gz.exclusions.gz.alleles.gz
finished 5493_17_WNK3_WNK3.txt.gz.annotated.gz.exclusions.gz.alleles.gz
running 5494_52_SNRPF_RUXF.txt.gz.annotated.gz.exclusions.gz.alleles.gz
finished 5494_52_SNRPF_RUXF.txt.gz.annotated.gz.exclusions.gz.alleles.gz
running 5508_62_CTSD_Cathepsin_D.txt.gz.annotated.gz.exclusions.gz.alleles.gz
finished 5508_62_CTSD_Cathepsin_D.txt.gz.annotated.gz.exclusions.gz.alleles.gz
running 5509_7_EGF_EGF.txt.gz.annotated.gz.exclusions.gz.alleles.gz
finished 5509_7_EGF_EGF.txt.gz.annotated.gz.exclusions.gz.alleles.gz
running 5526_53_TNFRSF18_GITR.txt.gz.annotated.gz.exclusions.gz.alleles.gz
finished 5526_53_TNFRSF18_GITR.txt.gz.annotated.gz.exclusions.gz.alleles.gz
running 5532_53_FGFR1_bFGF_R.txt.gz.annotated.gz.exclusions.gz.alleles.gz
finished 5532_53_FGFR1_bFGF_R.txt.gz.annotated.gz.exclusions.gz.alleles.gz
running 5534_49_TNFRSF10B_TRAIL_R2.txt.gz.annotated.gz.exclusions.gz.alleles.gz
finished 5534_49_TNFRSF10B_TRAIL_R2.txt.gz.annotated.gz.exclusions.gz.alleles.gz
running 5542_22_NRP1_NRP1.txt.gz.annotated.gz.exclusions.gz.alleles.gz
finished 5542_22_NRP1_NRP1.txt.gz.annotated.gz.exclusions.gz.alleles.gz
running 5581_28_FGL1_FGL1.txt.gz.annotated.gz.exclusions.gz.alleles.gz
finished 5581_28_FGL1_FGL1.txt.gz.annotated.gz.exclusions.gz.alleles.gz
running 5583_62_RYK_RYK.txt.gz.annotated.gz.exclusions.gz.alleles.gz
finished 5583_62_RYK_RYK.txt.gz.annotated.gz.exclusions.gz.alleles.gz
running 5584_21_TCN2_Holo_TC_II.txt.gz.annotated.gz.exclusions.gz.alleles.gz
finished 5584_21_TCN2_Holo_TC_II.txt.gz.annotated.gz.exclusions.gz.alleles.gz
running 5586_66_MINPP1_MINP1.txt.gz.annotated.gz.exclusions.gz.alleles.gz
finished 5586_66_MINPP1_MINP1.txt.gz.annotated.gz.exclusions.gz.alleles.gz
running 5590_11_ZPLD1_ZPLD1.txt.gz.annotated.gz.exclusions.gz.alleles.gz
finished 5590_11_ZPLD1_ZPLD1.txt.gz.annotated.gz.exclusions.gz.alleles.gz
running 5593_11_PDIA5_PDIA5.txt.gz.annotated.gz.exclusions.gz.alleles.gz
finished 5593_11_PDIA5_PDIA5.txt.gz.annotated.gz.exclusions.gz.alleles.gz
running 5596_75_CD5_CD5.txt.gz.annotated.gz.exclusions.gz.alleles.gz
finished 5596_75_CD5_CD5.txt.gz.annotated.gz.exclusions.gz.alleles.gz
running 5598_3_GREM2_GREM2.txt.gz.annotated.gz.exclusions.gz.alleles.gz
finished 5598_3_GREM2_GREM2.txt.gz.annotated.gz.exclusions.gz.alleles.gz
running 5599_88_PCYOX1L_PCYXL.txt.gz.annotated.gz.exclusions.gz.alleles.gz
finished 5599_88_PCYOX1L_PCYXL.txt.gz.annotated.gz.exclusions.gz.alleles.gz
running 5601_2_PGLYRP2_PGRP_L.txt.gz.annotated.gz.exclusions.gz.alleles.gz
finished 5601_2_PGLYRP2_PGRP_L.txt.gz.annotated.gz.exclusions.gz.alleles.gz
running 5602_62_RNASE10_RNS10.txt.gz.annotated.gz.exclusions.gz.alleles.gz
finished 5602_62_RNASE10_RNS10.txt.gz.annotated.gz.exclusions.gz.alleles.gz
running 5604_30_HPSE_HPSE.txt.gz.annotated.gz.exclusions.gz.alleles.gz
finished 5604_30_HPSE_HPSE.txt.gz.annotated.gz.exclusions.gz.alleles.gz
running 5605_77_MFNG_MFNG.txt.gz.annotated.gz.exclusions.gz.alleles.gz
finished 5605_77_MFNG_MFNG.txt.gz.annotated.gz.exclusions.gz.alleles.gz
running 5606_24_MFAP1_MFAP1.txt.gz.annotated.gz.exclusions.gz.alleles.gz
finished 5606_24_MFAP1_MFAP1.txt.gz.annotated.gz.exclusions.gz.alleles.gz
running 5609_92_FAM19A5_F19A5.txt.gz.annotated.gz.exclusions.gz.alleles.gz
finished 5609_92_FAM19A5_F19A5.txt.gz.annotated.gz.exclusions.gz.alleles.gz
running 5610_32_FAM171A1_CJ038.txt.gz.annotated.gz.exclusions.gz.alleles.gz
finished 5610_32_FAM171A1_CJ038.txt.gz.annotated.gz.exclusions.gz.alleles.gz
running 5611_56_DEFB108B_D108B.txt.gz.annotated.gz.exclusions.gz.alleles.gz
finished 5611_56_DEFB108B_D108B.txt.gz.annotated.gz.exclusions.gz.alleles.gz
running 5612_16_HINT2_HINT2.txt.gz.annotated.gz.exclusions.gz.alleles.gz
finished 5612_16_HINT2_HINT2.txt.gz.annotated.gz.exclusions.gz.alleles.gz
running 5613_75_LAT2_NTAL.txt.gz.annotated.gz.exclusions.gz.alleles.gz
finished 5613_75_LAT2_NTAL.txt.gz.annotated.gz.exclusions.gz.alleles.gz
running 5614_44_CRH_CRH.txt.gz.annotated.gz.exclusions.gz.alleles.gz
finished 5614_44_CRH_CRH.txt.gz.annotated.gz.exclusions.gz.alleles.gz
running 5615_62_FAM172A_F172A.txt.gz.annotated.gz.exclusions.gz.alleles.gz
finished 5615_62_FAM172A_F172A.txt.gz.annotated.gz.exclusions.gz.alleles.gz
running 5617_41_NPFF_NPFF.txt.gz.annotated.gz.exclusions.gz.alleles.gz
finished 5617_41_NPFF_NPFF.txt.gz.annotated.gz.exclusions.gz.alleles.gz
running 5618_50_FAM3B_FAM3B.txt.gz.annotated.gz.exclusions.gz.alleles.gz
finished 5618_50_FAM3B_FAM3B.txt.gz.annotated.gz.exclusions.gz.alleles.gz
running 5620_13_PAM_AMD.txt.gz.annotated.gz.exclusions.gz.alleles.gz
finished 5620_13_PAM_AMD.txt.gz.annotated.gz.exclusions.gz.alleles.gz
running 5621_64_THSD1_THSD1.txt.gz.annotated.gz.exclusions.gz.alleles.gz
finished 5621_64_THSD1_THSD1.txt.gz.annotated.gz.exclusions.gz.alleles.gz
running 5623_11_CD300LF_CLM1.txt.gz.annotated.gz.exclusions.gz.alleles.gz
finished 5623_11_CD300LF_CLM1.txt.gz.annotated.gz.exclusions.gz.alleles.gz
running 5626_20_CTRC_CTRC.txt.gz.annotated.gz.exclusions.gz.alleles.gz
finished 5626_20_CTRC_CTRC.txt.gz.annotated.gz.exclusions.gz.alleles.gz
running 5627_53_GNRH1_GON1.txt.gz.annotated.gz.exclusions.gz.alleles.gz
finished 5627_53_GNRH1_GON1.txt.gz.annotated.gz.exclusions.gz.alleles.gz
running 5628_21_SEMA3G_SEM3G.txt.gz.annotated.gz.exclusions.gz.alleles.gz
finished 5628_21_SEMA3G_SEM3G.txt.gz.annotated.gz.exclusions.gz.alleles.gz
running 5629_58_KLRC1_NKG2A.txt.gz.annotated.gz.exclusions.gz.alleles.gz
finished 5629_58_KLRC1_NKG2A.txt.gz.annotated.gz.exclusions.gz.alleles.gz
running 5630_48_CD300A_CM35H.txt.gz.annotated.gz.exclusions.gz.alleles.gz
finished 5630_48_CD300A_CM35H.txt.gz.annotated.gz.exclusions.gz.alleles.gz
running 5631_83_MLN_MOTI.txt.gz.annotated.gz.exclusions.gz.alleles.gz
finished 5631_83_MLN_MOTI.txt.gz.annotated.gz.exclusions.gz.alleles.gz
running 5632_6_CRTAC1_CRAC1.txt.gz.annotated.gz.exclusions.gz.alleles.gz
finished 5632_6_CRTAC1_CRAC1.txt.gz.annotated.gz.exclusions.gz.alleles.gz
running 5634_39_POFUT1_OFUT1.txt.gz.annotated.gz.exclusions.gz.alleles.gz
finished 5634_39_POFUT1_OFUT1.txt.gz.annotated.gz.exclusions.gz.alleles.gz
running 5636_10_MFAP4_MFAP4.txt.gz.annotated.gz.exclusions.gz.alleles.gz
finished 5636_10_MFAP4_MFAP4.txt.gz.annotated.gz.exclusions.gz.alleles.gz
running 5637_81_NTNG1_NTNG1.txt.gz.annotated.gz.exclusions.gz.alleles.gz
finished 5637_81_NTNG1_NTNG1.txt.gz.annotated.gz.exclusions.gz.alleles.gz
running 5638_23_COLGALT1_GT251.txt.gz.annotated.gz.exclusions.gz.alleles.gz
finished 5638_23_COLGALT1_GT251.txt.gz.annotated.gz.exclusions.gz.alleles.gz
running 5639_49_NETO1_NETO1.txt.gz.annotated.gz.exclusions.gz.alleles.gz
finished 5639_49_NETO1_NETO1.txt.gz.annotated.gz.exclusions.gz.alleles.gz
running 5643_2_LCN8_LCN8.txt.gz.annotated.gz.exclusions.gz.alleles.gz
finished 5643_2_LCN8_LCN8.txt.gz.annotated.gz.exclusions.gz.alleles.gz
running 5644_60_RNASE4_RNAS4.txt.gz.annotated.gz.exclusions.gz.alleles.gz
finished 5644_60_RNASE4_RNAS4.txt.gz.annotated.gz.exclusions.gz.alleles.gz
running 5646_20_RNASE6_RNAS6.txt.gz.annotated.gz.exclusions.gz.alleles.gz
finished 5646_20_RNASE6_RNAS6.txt.gz.annotated.gz.exclusions.gz.alleles.gz
running 5648_28_CTRB2_CTRB2.txt.gz.annotated.gz.exclusions.gz.alleles.gz
finished 5648_28_CTRB2_CTRB2.txt.gz.annotated.gz.exclusions.gz.alleles.gz
running 5649_83_PSG4_PSG4.txt.gz.annotated.gz.exclusions.gz.alleles.gz
finished 5649_83_PSG4_PSG4.txt.gz.annotated.gz.exclusions.gz.alleles.gz
running 5650_9_PDIA6_PDIA6.txt.gz.annotated.gz.exclusions.gz.alleles.gz
finished 5650_9_PDIA6_PDIA6.txt.gz.annotated.gz.exclusions.gz.alleles.gz
running 5651_50_PSG7_PSG7.txt.gz.annotated.gz.exclusions.gz.alleles.gz
finished 5651_50_PSG7_PSG7.txt.gz.annotated.gz.exclusions.gz.alleles.gz
running 5653_23_PRSS37_PRS37.txt.gz.annotated.gz.exclusions.gz.alleles.gz
finished 5653_23_PRSS37_PRS37.txt.gz.annotated.gz.exclusions.gz.alleles.gz
running 5654_70_TMX3_TMX3.txt.gz.annotated.gz.exclusions.gz.alleles.gz
finished 5654_70_TMX3_TMX3.txt.gz.annotated.gz.exclusions.gz.alleles.gz
running 5656_53_ENDOU_PP11.txt.gz.annotated.gz.exclusions.gz.alleles.gz
finished 5656_53_ENDOU_PP11.txt.gz.annotated.gz.exclusions.gz.alleles.gz
running 5657_28_ST3GAL1_SIA4A.txt.gz.annotated.gz.exclusions.gz.alleles.gz
finished 5657_28_ST3GAL1_SIA4A.txt.gz.annotated.gz.exclusions.gz.alleles.gz
running 5658_64_F13B_coagulation_factor_XIII_B.txt.gz.annotated.gz.exclusions.gz.alleles.gz
finished 5658_64_F13B_coagulation_factor_XIII_B.txt.gz.annotated.gz.exclusions.gz.alleles.gz
running 5659_11_TRH_TRH.txt.gz.annotated.gz.exclusions.gz.alleles.gz
finished 5659_11_TRH_TRH.txt.gz.annotated.gz.exclusions.gz.alleles.gz
running 5660_51_SOD3_SOD3.txt.gz.annotated.gz.exclusions.gz.alleles.gz
finished 5660_51_SOD3_SOD3.txt.gz.annotated.gz.exclusions.gz.alleles.gz
running 5661_15_IL18_IL_18.txt.gz.annotated.gz.exclusions.gz.alleles.gz
finished 5661_15_IL18_IL_18.txt.gz.annotated.gz.exclusions.gz.alleles.gz
running 5663_18_PF4V1_PF4V.txt.gz.annotated.gz.exclusions.gz.alleles.gz
finished 5663_18_PF4V1_PF4V.txt.gz.annotated.gz.exclusions.gz.alleles.gz
running 5664_57_DEFB106A_D106A.txt.gz.annotated.gz.exclusions.gz.alleles.gz
finished 5664_57_DEFB106A_D106A.txt.gz.annotated.gz.exclusions.gz.alleles.gz
running 5667_3_SEMA3B_SEM3B.txt.gz.annotated.gz.exclusions.gz.alleles.gz
finished 5667_3_SEMA3B_SEM3B.txt.gz.annotated.gz.exclusions.gz.alleles.gz
running 5669_26_SIRPB2_SIRB2.txt.gz.annotated.gz.exclusions.gz.alleles.gz
finished 5669_26_SIRPB2_SIRB2.txt.gz.annotated.gz.exclusions.gz.alleles.gz
running 5671_1_CTRB1_Chymotrypsin.txt.gz.annotated.gz.exclusions.gz.alleles.gz
finished 5671_1_CTRB1_Chymotrypsin.txt.gz.annotated.gz.exclusions.gz.alleles.gz
running 5676_54_ASIP_ASIP.txt.gz.annotated.gz.exclusions.gz.alleles.gz
finished 5676_54_ASIP_ASIP.txt.gz.annotated.gz.exclusions.gz.alleles.gz
running 5677_15_C2orf66_CB066.txt.gz.annotated.gz.exclusions.gz.alleles.gz
finished 5677_15_C2orf66_CB066.txt.gz.annotated.gz.exclusions.gz.alleles.gz
running 5679_16_DEFB103A_HBD_3.txt.gz.annotated.gz.exclusions.gz.alleles.gz
finished 5679_16_DEFB103A_HBD_3.txt.gz.annotated.gz.exclusions.gz.alleles.gz
running 5680_54_OBP2B_OBP2B.txt.gz.annotated.gz.exclusions.gz.alleles.gz
finished 5680_54_OBP2B_OBP2B.txt.gz.annotated.gz.exclusions.gz.alleles.gz
running 5682_13_VASN_VASN.txt.gz.annotated.gz.exclusions.gz.alleles.gz
finished 5682_13_VASN_VASN.txt.gz.annotated.gz.exclusions.gz.alleles.gz
running 5687_5_PRKCSH_GLU2B.txt.gz.annotated.gz.exclusions.gz.alleles.gz
finished 5687_5_PRKCSH_GLU2B.txt.gz.annotated.gz.exclusions.gz.alleles.gz
running 5688_65_CBLN4_CBLN4.txt.gz.annotated.gz.exclusions.gz.alleles.gz
finished 5688_65_CBLN4_CBLN4.txt.gz.annotated.gz.exclusions.gz.alleles.gz
running 5689_1_DEFB112_DB112.txt.gz.annotated.gz.exclusions.gz.alleles.gz
finished 5689_1_DEFB112_DB112.txt.gz.annotated.gz.exclusions.gz.alleles.gz
running 5690_49_TUFT1_TUFT1.txt.gz.annotated.gz.exclusions.gz.alleles.gz
finished 5690_49_TUFT1_TUFT1.txt.gz.annotated.gz.exclusions.gz.alleles.gz
running 5691_2_CRISPLD2_CRLD2.txt.gz.annotated.gz.exclusions.gz.alleles.gz
finished 5691_2_CRISPLD2_CRLD2.txt.gz.annotated.gz.exclusions.gz.alleles.gz
running 5698_60_TNXB_Tenascin_X.txt.gz.annotated.gz.exclusions.gz.alleles.gz
finished 5698_60_TNXB_Tenascin_X.txt.gz.annotated.gz.exclusions.gz.alleles.gz
running 5701_81_CLEC3B_Tetranectin.txt.gz.annotated.gz.exclusions.gz.alleles.gz
finished 5701_81_CLEC3B_Tetranectin.txt.gz.annotated.gz.exclusions.gz.alleles.gz
