running PSIP1_O75475_OID20534.gz
finished PSIP1_O75475_OID20534.gz
running PSMA1_P25786_OID21221.gz
finished PSMA1_P25786_OID21221.gz
running PSMC3_P17980_OID31200.gz
finished PSMC3_P17980_OID31200.gz
running PSMD1_Q99460_OID31058.gz
finished PSMD1_Q99460_OID31058.gz
running PSMD5_Q16401_OID30918.gz
finished PSMD5_Q16401_OID30918.gz
running PSMD9_O00233_OID21304.gz
finished PSMD9_O00233_OID21304.gz
running PSME1_Q06323_OID20969.gz
finished PSME1_Q06323_OID20969.gz
running PSME2_Q9UL46_OID20989.gz
finished PSME2_Q9UL46_OID20989.gz
running PSMG3_Q9BT73_OID20549.gz
finished PSMG3_Q9BT73_OID20549.gz
running PSMG4_Q5JS54_OID30514.gz
finished PSMG4_Q5JS54_OID30514.gz
running PSPN_O60542_OID20511.gz
finished PSPN_O60542_OID20511.gz
running PSRC1_Q6PGN9_OID21169.gz
finished PSRC1_Q6PGN9_OID21169.gz
running PSTPIP2_Q9H939_OID30596.gz
finished PSTPIP2_Q9H939_OID30596.gz
running PTEN_P60484_OID20794.gz
finished PTEN_P60484_OID20794.gz
running PTGDS_P41222_OID20408.gz
finished PTGDS_P41222_OID20408.gz
running PTGES2_Q9H7Z7_OID30561.gz
finished PTGES2_Q9H7Z7_OID30561.gz
running PTGR1_Q14914_OID30297.gz
finished PTGR1_Q14914_OID30297.gz
running PTH1R_Q03431_OID20571.gz
finished PTH1R_Q03431_OID20571.gz
running PTH_P01270_OID30963.gz
finished PTH_P01270_OID30963.gz
running PTK7_Q13308_OID20880.gz
finished PTK7_Q13308_OID20880.gz
running PTN_P21246_OID20083.gz
finished PTN_P21246_OID20083.gz
running PTP4A3_O75365_OID30469.gz
finished PTP4A3_O75365_OID30469.gz
running PTPN1_P18031_OID20908.gz
finished PTPN1_P18031_OID20908.gz
running PTPN6_P29350_OID20717.gz
finished PTPN6_P29350_OID20717.gz
running PTPN9_P43378_OID30437.gz
finished PTPN9_P43378_OID30437.gz
running PTPRB_P23467_OID30324.gz
finished PTPRB_P23467_OID30324.gz
running PTPRC_P08575_OID30380.gz
finished PTPRC_P08575_OID30380.gz
running PTPRF_P10586_OID20310.gz
finished PTPRF_P10586_OID20310.gz
running PTPRH_Q9HD43_OID31433.gz
finished PTPRH_Q9HD43_OID31433.gz
running PTPRK_Q15262_OID31461.gz
finished PTPRK_Q15262_OID31461.gz
running PTPRM_P28827_OID20598.gz
finished PTPRM_P28827_OID20598.gz
running PTPRN2_Q92932_OID20912.gz
finished PTPRN2_Q92932_OID20912.gz
running PTPRR_Q15256_OID31099.gz
finished PTPRR_Q15256_OID31099.gz
running PTPRS_Q13332_OID20306.gz
finished PTPRS_Q13332_OID20306.gz
running PTPRZ1_P23471_OID30343.gz
finished PTPRZ1_P23471_OID30343.gz
running PTRHD1_Q6GMV3_OID30659.gz
finished PTRHD1_Q6GMV3_OID30659.gz
running PTS_Q03393_OID20847.gz
finished PTS_Q03393_OID20847.gz
running PTTG1_O95997_OID31326.gz
finished PTTG1_O95997_OID31326.gz
running PTX3_P26022_OID20570.gz
finished PTX3_P26022_OID20570.gz
running PVALB_P20472_OID21420.gz
finished PVALB_P20472_OID21420.gz
running PVR_P15151_OID21011.gz
finished PVR_P15151_OID21011.gz
running PXDNL_A1KZ92_OID31405.gz
finished PXDNL_A1KZ92_OID31405.gz
running PXN_P49023_OID20822.gz
finished PXN_P49023_OID20822.gz
running PYDC1_Q8WXC3_OID30202.gz
finished PYDC1_Q8WXC3_OID30202.gz
running PYY_P10082_OID30150.gz
finished PYY_P10082_OID30150.gz
running PZP_P20742_OID30730.gz
finished PZP_P20742_OID30730.gz
running QDPR_P09417_OID20174.gz
finished QDPR_P09417_OID20174.gz
running QPCT_Q16769_OID20320.gz
finished QPCT_Q16769_OID20320.gz
running QSOX1_O00391_OID30729.gz
finished QSOX1_O00391_OID30729.gz
running RAB10_P61026_OID30357.gz
finished RAB10_P61026_OID30357.gz
running RAB11FIP3_O75154_OID30325.gz
finished RAB11FIP3_O75154_OID30325.gz
running RAB27B_O00194_OID30354.gz
finished RAB27B_O00194_OID30354.gz
running RAB2B_Q8WUD1_OID31362.gz
finished RAB2B_Q8WUD1_OID31362.gz
running RAB33A_Q14088_OID30122.gz
finished RAB33A_Q14088_OID30122.gz
running RAB37_Q96AX2_OID20425.gz
finished RAB37_Q96AX2_OID20425.gz
running RAB39B_Q96DA2_OID30069.gz
finished RAB39B_Q96DA2_OID30069.gz
running RAB3GAP1_Q15042_OID30829.gz
finished RAB3GAP1_Q15042_OID30829.gz
running RAB44_Q7Z6P3_OID31346.gz
finished RAB44_Q7Z6P3_OID31346.gz
running RAB6A_P20340_OID20608.gz
finished RAB6A_P20340_OID20608.gz
running RAB6B_Q9NRW1_OID20817.gz
finished RAB6B_Q9NRW1_OID20817.gz
running RABEP1_Q15276_OID30647.gz
finished RABEP1_Q15276_OID30647.gz
running RABEPK_Q7Z6M1_OID21163.gz
finished RABEPK_Q7Z6M1_OID21163.gz
running RABGAP1L_Q5R372_OID20447.gz
finished RABGAP1L_Q5R372_OID20447.gz
running RAC3_P60763_OID30958.gz
finished RAC3_P60763_OID30958.gz
running RAD23B_P54727_OID21166.gz
finished RAD23B_P54727_OID21166.gz
running RAD51_Q06609_OID31254.gz
finished RAD51_Q06609_OID31254.gz
running RALB_P11234_OID30567.gz
finished RALB_P11234_OID30567.gz
running RALY_Q9UKM9_OID31382.gz
finished RALY_Q9UKM9_OID31382.gz
running RANBP1_P43487_OID30258.gz
finished RANBP1_P43487_OID30258.gz
running RANBP2_P49792_OID30812.gz
finished RANBP2_P49792_OID30812.gz
running RANGAP1_P46060_OID21203.gz
finished RANGAP1_P46060_OID21203.gz
running RAP1A_P62834_OID30452.gz
finished RAP1A_P62834_OID30452.gz
running RAPGEF2_Q9Y4G8_OID31337.gz
finished RAPGEF2_Q9Y4G8_OID31337.gz
running RARRES1_P49788_OID21177.gz
finished RARRES1_P49788_OID21177.gz
running RARRES2_Q99969_OID20373.gz
finished RARRES2_Q99969_OID20373.gz
running RASA1_P20936_OID20826.gz
finished RASA1_P20936_OID20826.gz
running RASGRF1_Q13972_OID31213.gz
finished RASGRF1_Q13972_OID31213.gz
running RASSF2_P50749_OID21194.gz
finished RASSF2_P50749_OID21194.gz
running RBFOX3_A6NFN3_OID30984.gz
finished RBFOX3_A6NFN3_OID30984.gz
running RBKS_Q9H477_OID20986.gz
finished RBKS_Q9H477_OID20986.gz
running RBM17_Q96I25_OID31034.gz
finished RBM17_Q96I25_OID31034.gz
running RBM19_Q9Y4C8_OID30090.gz
finished RBM19_Q9Y4C8_OID30090.gz
running RBM25_P49756_OID31236.gz
finished RBM25_P49756_OID31236.gz
running RBP1_P09455_OID30913.gz
finished RBP1_P09455_OID30913.gz
running RBP2_P50120_OID21365.gz
finished RBP2_P50120_OID21365.gz
running RBP5_P82980_OID21369.gz
finished RBP5_P82980_OID21369.gz
running RBP7_Q96R05_OID31526.gz
finished RBP7_Q96R05_OID31526.gz
running RBPMS2_Q6ZRY4_OID30257.gz
finished RBPMS2_Q6ZRY4_OID30257.gz
running RBPMS_Q93062_OID30507.gz
finished RBPMS_Q93062_OID30507.gz
running RCC1_P18754_OID31356.gz
finished RCC1_P18754_OID31356.gz
running RCOR1_Q9UKL0_OID20073.gz
finished RCOR1_Q9UKL0_OID20073.gz
running RECK_O95980_OID30234.gz
finished RECK_O95980_OID30234.gz
running REEP4_Q9H6H4_OID31028.gz
finished REEP4_Q9H6H4_OID31028.gz
running REG1A_P05451_OID20415.gz
finished REG1A_P05451_OID20415.gz
running REG1B_P48304_OID20266.gz
finished REG1B_P48304_OID20266.gz
running REG3A_Q06141_OID20258.gz
finished REG3A_Q06141_OID20258.gz
running REG3G_Q6UW15_OID31408.gz
finished REG3G_Q6UW15_OID31408.gz
running REG4_Q9BYZ8_OID20784.gz
finished REG4_Q9BYZ8_OID20784.gz
running RELB_Q01201_OID30463.gz
finished RELB_Q01201_OID30463.gz
running RELT_Q969Z4_OID21142.gz
finished RELT_Q969Z4_OID21142.gz
running REN_P00797_OID20201.gz
finished REN_P00797_OID20201.gz
running REPS1_Q96D71_OID30496.gz
finished REPS1_Q96D71_OID30496.gz
running REST_Q13127_OID31248.gz
finished REST_Q13127_OID31248.gz
running RETN_Q9HD89_OID20327.gz
finished RETN_Q9HD89_OID20327.gz
running RET_P07949_OID21346.gz
finished RET_P07949_OID21346.gz
running REXO2_Q9Y3B8_OID30075.gz
finished REXO2_Q9Y3B8_OID30075.gz
running RFC4_P35249_OID31376.gz
finished RFC4_P35249_OID31376.gz
running RGCC_Q9H4X1_OID31060.gz
finished RGCC_Q9H4X1_OID31060.gz
running RGL2_O15211_OID31297.gz
finished RGL2_O15211_OID31297.gz
