running 15644_1_BTD_Biotinidase.txt.gz.annotated.gz.exclusions.gz.alleles.gz
finished 15644_1_BTD_Biotinidase.txt.gz.annotated.gz.exclusions.gz.alleles.gz
running 15653_9_COL10A1_COAA1.txt.gz.annotated.gz.exclusions.gz.alleles.gz
finished 15653_9_COL10A1_COAA1.txt.gz.annotated.gz.exclusions.gz.alleles.gz
running 15666_21_BMP2_BMP_2.txt.gz.annotated.gz.exclusions.gz.alleles.gz
finished 15666_21_BMP2_BMP_2.txt.gz.annotated.gz.exclusions.gz.alleles.gz
running 15667_39_BMP4_BMP_4.txt.gz.annotated.gz.exclusions.gz.alleles.gz
finished 15667_39_BMP4_BMP_4.txt.gz.annotated.gz.exclusions.gz.alleles.gz
running 15668_19_BMP8B_BMP_8.txt.gz.annotated.gz.exclusions.gz.alleles.gz
finished 15668_19_BMP8B_BMP_8.txt.gz.annotated.gz.exclusions.gz.alleles.gz
running 15669_7_BRAF_BRAF1.txt.gz.annotated.gz.exclusions.gz.alleles.gz
finished 15669_7_BRAF_BRAF1.txt.gz.annotated.gz.exclusions.gz.alleles.gz
running 15670_15_C1QL2_C1QL2.txt.gz.annotated.gz.exclusions.gz.alleles.gz
finished 15670_15_C1QL2_C1QL2.txt.gz.annotated.gz.exclusions.gz.alleles.gz
running 15674_3_CD79A_CD79A.txt.gz.annotated.gz.exclusions.gz.alleles.gz
finished 15674_3_CD79A_CD79A.txt.gz.annotated.gz.exclusions.gz.alleles.gz
running 15675_3_CEBPB_CEBPB.txt.gz.annotated.gz.exclusions.gz.alleles.gz
finished 15675_3_CEBPB_CEBPB.txt.gz.annotated.gz.exclusions.gz.alleles.gz
running 15678_71_DKK2_DKK2.txt.gz.annotated.gz.exclusions.gz.alleles.gz
finished 15678_71_DKK2_DKK2.txt.gz.annotated.gz.exclusions.gz.alleles.gz
running 15686_49_INHBC_INHBC.txt.gz.annotated.gz.exclusions.gz.alleles.gz
finished 15686_49_INHBC_INHBC.txt.gz.annotated.gz.exclusions.gz.alleles.gz
running 15688_30_LMAN1_Mannose_binding_lectin.txt.gz.annotated.gz.exclusions.gz.alleles.gz
finished 15688_30_LMAN1_Mannose_binding_lectin.txt.gz.annotated.gz.exclusions.gz.alleles.gz
running 15692_300_NODAL_NODAL.txt.gz.annotated.gz.exclusions.gz.alleles.gz
finished 15692_300_NODAL_NODAL.txt.gz.annotated.gz.exclusions.gz.alleles.gz
running 15693_9_PGR_PgR.txt.gz.annotated.gz.exclusions.gz.alleles.gz
finished 15693_9_PGR_PgR.txt.gz.annotated.gz.exclusions.gz.alleles.gz
running 15698_6_TXLNA_TXLNA.txt.gz.annotated.gz.exclusions.gz.alleles.gz
finished 15698_6_TXLNA_TXLNA.txt.gz.annotated.gz.exclusions.gz.alleles.gz
running 16015_19_GPT_ALT.txt.gz.annotated.gz.exclusions.gz.alleles.gz
finished 16015_19_GPT_ALT.txt.gz.annotated.gz.exclusions.gz.alleles.gz
running 16021_30_CDH8_Cadherin_8.txt.gz.annotated.gz.exclusions.gz.alleles.gz
finished 16021_30_CDH8_Cadherin_8.txt.gz.annotated.gz.exclusions.gz.alleles.gz
running 16035_8_FLT4_VEGF_sR3.txt.gz.annotated.gz.exclusions.gz.alleles.gz
finished 16035_8_FLT4_VEGF_sR3.txt.gz.annotated.gz.exclusions.gz.alleles.gz
running 16043_30_SHC1_SHC1.txt.gz.annotated.gz.exclusions.gz.alleles.gz
finished 16043_30_SHC1_SHC1.txt.gz.annotated.gz.exclusions.gz.alleles.gz
running 16049_43_OLR1_OLR1.txt.gz.annotated.gz.exclusions.gz.alleles.gz
finished 16049_43_OLR1_OLR1.txt.gz.annotated.gz.exclusions.gz.alleles.gz
running 16055_3_CFHR5_complement_factor_H_related_5.txt.gz.annotated.gz.exclusions.gz.alleles.gz
finished 16055_3_CFHR5_complement_factor_H_related_5.txt.gz.annotated.gz.exclusions.gz.alleles.gz
running 16057_6_IGF2R_IGF_II_receptor.txt.gz.annotated.gz.exclusions.gz.alleles.gz
finished 16057_6_IGF2R_IGF_II_receptor.txt.gz.annotated.gz.exclusions.gz.alleles.gz
running 16060_99_NID2_NID2.txt.gz.annotated.gz.exclusions.gz.alleles.gz
finished 16060_99_NID2_NID2.txt.gz.annotated.gz.exclusions.gz.alleles.gz
running 16070_7_WIF1_WIF_1.txt.gz.annotated.gz.exclusions.gz.alleles.gz
finished 16070_7_WIF1_WIF_1.txt.gz.annotated.gz.exclusions.gz.alleles.gz
running 16074_12_GRAP2_GRB2_related_adapter_protein_2.txt.gz.annotated.gz.exclusions.gz.alleles.gz
finished 16074_12_GRAP2_GRB2_related_adapter_protein_2.txt.gz.annotated.gz.exclusions.gz.alleles.gz
running 16079_2_TEC_TEC.txt.gz.annotated.gz.exclusions.gz.alleles.gz
finished 16079_2_TEC_TEC.txt.gz.annotated.gz.exclusions.gz.alleles.gz
running 16081_38_AKR1B10_Aldose_reductase_like.txt.gz.annotated.gz.exclusions.gz.alleles.gz
finished 16081_38_AKR1B10_Aldose_reductase_like.txt.gz.annotated.gz.exclusions.gz.alleles.gz
running 16288_17_EPHA4_EPHA4.txt.gz.annotated.gz.exclusions.gz.alleles.gz
finished 16288_17_EPHA4_EPHA4.txt.gz.annotated.gz.exclusions.gz.alleles.gz
running 16292_288_GIP_GIP.txt.gz.annotated.gz.exclusions.gz.alleles.gz
finished 16292_288_GIP_GIP.txt.gz.annotated.gz.exclusions.gz.alleles.gz
running 16293_1_GHRH_Growth_hormone_releasing_factor.txt.gz.annotated.gz.exclusions.gz.alleles.gz
finished 16293_1_GHRH_Growth_hormone_releasing_factor.txt.gz.annotated.gz.exclusions.gz.alleles.gz
running 16296_43_LGR5_LGR5.txt.gz.annotated.gz.exclusions.gz.alleles.gz
finished 16296_43_LGR5_LGR5.txt.gz.annotated.gz.exclusions.gz.alleles.gz
running 16297_14_ROBO4_ROBO4.txt.gz.annotated.gz.exclusions.gz.alleles.gz
finished 16297_14_ROBO4_ROBO4.txt.gz.annotated.gz.exclusions.gz.alleles.gz
running 16298_84_PLA2G2D_sPLA_2__IID.txt.gz.annotated.gz.exclusions.gz.alleles.gz
finished 16298_84_PLA2G2D_sPLA_2__IID.txt.gz.annotated.gz.exclusions.gz.alleles.gz
running 16299_13_TIGIT_TIGIT.txt.gz.annotated.gz.exclusions.gz.alleles.gz
finished 16299_13_TIGIT_TIGIT.txt.gz.annotated.gz.exclusions.gz.alleles.gz
running 16300_4_TREM2_TREM2.txt.gz.annotated.gz.exclusions.gz.alleles.gz
finished 16300_4_TREM2_TREM2.txt.gz.annotated.gz.exclusions.gz.alleles.gz
running 16302_11_BPIFA2_SPLC2.txt.gz.annotated.gz.exclusions.gz.alleles.gz
finished 16302_11_BPIFA2_SPLC2.txt.gz.annotated.gz.exclusions.gz.alleles.gz
running 16304_6_LGR4_LGR4.txt.gz.annotated.gz.exclusions.gz.alleles.gz
finished 16304_6_LGR4_LGR4.txt.gz.annotated.gz.exclusions.gz.alleles.gz
running 16305_10_CDH11_Cadherin_11.txt.gz.annotated.gz.exclusions.gz.alleles.gz
finished 16305_10_CDH11_Cadherin_11.txt.gz.annotated.gz.exclusions.gz.alleles.gz
running 16307_22_UNC5D_UNC5H4.txt.gz.annotated.gz.exclusions.gz.alleles.gz
finished 16307_22_UNC5D_UNC5H4.txt.gz.annotated.gz.exclusions.gz.alleles.gz
running 16308_14_BTLA_BTLA.txt.gz.annotated.gz.exclusions.gz.alleles.gz
finished 16308_14_BTLA_BTLA.txt.gz.annotated.gz.exclusions.gz.alleles.gz
running 16309_30_DKKL1_Soggy_1.txt.gz.annotated.gz.exclusions.gz.alleles.gz
finished 16309_30_DKKL1_Soggy_1.txt.gz.annotated.gz.exclusions.gz.alleles.gz
running 16312_45_CDH6_Cadherin_6.txt.gz.annotated.gz.exclusions.gz.alleles.gz
finished 16312_45_CDH6_Cadherin_6.txt.gz.annotated.gz.exclusions.gz.alleles.gz
running 16315_105_FLT1_VEGF_sR1.txt.gz.annotated.gz.exclusions.gz.alleles.gz
finished 16315_105_FLT1_VEGF_sR1.txt.gz.annotated.gz.exclusions.gz.alleles.gz
running 16317_20_DSG3_Desmoglein_3.txt.gz.annotated.gz.exclusions.gz.alleles.gz
finished 16317_20_DSG3_Desmoglein_3.txt.gz.annotated.gz.exclusions.gz.alleles.gz
running 16318_12_ACVRL1_ALK_1.txt.gz.annotated.gz.exclusions.gz.alleles.gz
finished 16318_12_ACVRL1_ALK_1.txt.gz.annotated.gz.exclusions.gz.alleles.gz
running 16320_139_CD320_CD320.txt.gz.annotated.gz.exclusions.gz.alleles.gz
finished 16320_139_CD320_CD320.txt.gz.annotated.gz.exclusions.gz.alleles.gz
running 16322_10_PACAP_PACAP.txt.gz.annotated.gz.exclusions.gz.alleles.gz
finished 16322_10_PACAP_PACAP.txt.gz.annotated.gz.exclusions.gz.alleles.gz
running 16323_8_NRXN3_NRX3A.txt.gz.annotated.gz.exclusions.gz.alleles.gz
finished 16323_8_NRXN3_NRX3A.txt.gz.annotated.gz.exclusions.gz.alleles.gz
running 16324_38_TLR1_TLR1.txt.gz.annotated.gz.exclusions.gz.alleles.gz
finished 16324_38_TLR1_TLR1.txt.gz.annotated.gz.exclusions.gz.alleles.gz
running 16536_3_HMGA1_HMGA1.txt.gz.annotated.gz.exclusions.gz.alleles.gz
finished 16536_3_HMGA1_HMGA1.txt.gz.annotated.gz.exclusions.gz.alleles.gz
running 16551_14_STAT5B_STA5B.txt.gz.annotated.gz.exclusions.gz.alleles.gz
finished 16551_14_STAT5B_STA5B.txt.gz.annotated.gz.exclusions.gz.alleles.gz
running 16558_2_MYOC_MYOC.txt.gz.annotated.gz.exclusions.gz.alleles.gz
finished 16558_2_MYOC_MYOC.txt.gz.annotated.gz.exclusions.gz.alleles.gz
running 16561_9_A1BG_Alpha_1B_glycoprotein.txt.gz.annotated.gz.exclusions.gz.alleles.gz
finished 16561_9_A1BG_Alpha_1B_glycoprotein.txt.gz.annotated.gz.exclusions.gz.alleles.gz
running 16583_8_NUDT2_AP4A.txt.gz.annotated.gz.exclusions.gz.alleles.gz
finished 16583_8_NUDT2_AP4A.txt.gz.annotated.gz.exclusions.gz.alleles.gz
running 16585_16_B3GNT4_B3GN4.txt.gz.annotated.gz.exclusions.gz.alleles.gz
finished 16585_16_B3GNT4_B3GN4.txt.gz.annotated.gz.exclusions.gz.alleles.gz
running 16587_1_CSN2_Beta_casein.txt.gz.annotated.gz.exclusions.gz.alleles.gz
finished 16587_1_CSN2_Beta_casein.txt.gz.annotated.gz.exclusions.gz.alleles.gz
running 16588_10_HSPA5_BiP.txt.gz.annotated.gz.exclusions.gz.alleles.gz
finished 16588_10_HSPA5_BiP.txt.gz.annotated.gz.exclusions.gz.alleles.gz
running 16591_71_CHIA_CHIA.txt.gz.annotated.gz.exclusions.gz.alleles.gz
finished 16591_71_CHIA_CHIA.txt.gz.annotated.gz.exclusions.gz.alleles.gz
running 16593_3_FADD_FADD.txt.gz.annotated.gz.exclusions.gz.alleles.gz
finished 16593_3_FADD_FADD.txt.gz.annotated.gz.exclusions.gz.alleles.gz
running 16594_44_FAIM_FAIM1.txt.gz.annotated.gz.exclusions.gz.alleles.gz
finished 16594_44_FAIM_FAIM1.txt.gz.annotated.gz.exclusions.gz.alleles.gz
running 16596_25_GLRX3_GLRX3.txt.gz.annotated.gz.exclusions.gz.alleles.gz
finished 16596_25_GLRX3_GLRX3.txt.gz.annotated.gz.exclusions.gz.alleles.gz
running 16597_11_GLRX5_GLRX5.txt.gz.annotated.gz.exclusions.gz.alleles.gz
finished 16597_11_GLRX5_GLRX5.txt.gz.annotated.gz.exclusions.gz.alleles.gz
running 16599_38_GPN1_GPN1.txt.gz.annotated.gz.exclusions.gz.alleles.gz
finished 16599_38_GPN1_GPN1.txt.gz.annotated.gz.exclusions.gz.alleles.gz
running 16605_2_C1QTNF9_C1T9A.txt.gz.annotated.gz.exclusions.gz.alleles.gz
finished 16605_2_C1QTNF9_C1T9A.txt.gz.annotated.gz.exclusions.gz.alleles.gz
running 16606_85_AKR1B1_Aldose_reductase.txt.gz.annotated.gz.exclusions.gz.alleles.gz
finished 16606_85_AKR1B1_Aldose_reductase.txt.gz.annotated.gz.exclusions.gz.alleles.gz
running 16607_78_GSN_Gelsolin.txt.gz.annotated.gz.exclusions.gz.alleles.gz
finished 16607_78_GSN_Gelsolin.txt.gz.annotated.gz.exclusions.gz.alleles.gz
running 16609_106_KIRREL2_KIRR2.txt.gz.annotated.gz.exclusions.gz.alleles.gz
finished 16609_106_KIRREL2_KIRR2.txt.gz.annotated.gz.exclusions.gz.alleles.gz
running 16610_13_LRP10_LRP10.txt.gz.annotated.gz.exclusions.gz.alleles.gz
finished 16610_13_LRP10_LRP10.txt.gz.annotated.gz.exclusions.gz.alleles.gz
running 16612_28_SDC3_SDC3.txt.gz.annotated.gz.exclusions.gz.alleles.gz
finished 16612_28_SDC3_SDC3.txt.gz.annotated.gz.exclusions.gz.alleles.gz
running 16613_3_CDH17_CAD17.txt.gz.annotated.gz.exclusions.gz.alleles.gz
finished 16613_3_CDH17_CAD17.txt.gz.annotated.gz.exclusions.gz.alleles.gz
running 16614_27_RSPO1_RSPO1.txt.gz.annotated.gz.exclusions.gz.alleles.gz
finished 16614_27_RSPO1_RSPO1.txt.gz.annotated.gz.exclusions.gz.alleles.gz
running 16616_137_ENO3_ENOB.txt.gz.annotated.gz.exclusions.gz.alleles.gz
finished 16616_137_ENO3_ENOB.txt.gz.annotated.gz.exclusions.gz.alleles.gz
running 16617_14_CASP14_Caspase_14.txt.gz.annotated.gz.exclusions.gz.alleles.gz
finished 16617_14_CASP14_Caspase_14.txt.gz.annotated.gz.exclusions.gz.alleles.gz
running 16618_7_CD69_CD69.txt.gz.annotated.gz.exclusions.gz.alleles.gz
finished 16618_7_CD69_CD69.txt.gz.annotated.gz.exclusions.gz.alleles.gz
running 16620_26_LY75_LY75.txt.gz.annotated.gz.exclusions.gz.alleles.gz
finished 16620_26_LY75_LY75.txt.gz.annotated.gz.exclusions.gz.alleles.gz
running 16621_77_APOA1BP_AIBP.txt.gz.annotated.gz.exclusions.gz.alleles.gz
finished 16621_77_APOA1BP_AIBP.txt.gz.annotated.gz.exclusions.gz.alleles.gz
running 16746_12_INHBB_Activin_B.txt.gz.annotated.gz.exclusions.gz.alleles.gz
finished 16746_12_INHBB_Activin_B.txt.gz.annotated.gz.exclusions.gz.alleles.gz
running 16748_1_BMP3_BMP_3.txt.gz.annotated.gz.exclusions.gz.alleles.gz
finished 16748_1_BMP3_BMP_3.txt.gz.annotated.gz.exclusions.gz.alleles.gz
running 16749_79_GDF10_BMP_3b.txt.gz.annotated.gz.exclusions.gz.alleles.gz
finished 16749_79_GDF10_BMP_3b.txt.gz.annotated.gz.exclusions.gz.alleles.gz
running 16751_15_NPPB_BNP.txt.gz.annotated.gz.exclusions.gz.alleles.gz
finished 16751_15_NPPB_BNP.txt.gz.annotated.gz.exclusions.gz.alleles.gz
running 16753_46_COL6A2_CO6A2.txt.gz.annotated.gz.exclusions.gz.alleles.gz
finished 16753_46_COL6A2_CO6A2.txt.gz.annotated.gz.exclusions.gz.alleles.gz
running 16754_40_CASK_CSKP.txt.gz.annotated.gz.exclusions.gz.alleles.gz
finished 16754_40_CASK_CSKP.txt.gz.annotated.gz.exclusions.gz.alleles.gz
running 16755_195_GDF3_GDF_3.txt.gz.annotated.gz.exclusions.gz.alleles.gz
finished 16755_195_GDF3_GDF_3.txt.gz.annotated.gz.exclusions.gz.alleles.gz
running 16756_30_GDF7_GDF7.txt.gz.annotated.gz.exclusions.gz.alleles.gz
finished 16756_30_GDF7_GDF7.txt.gz.annotated.gz.exclusions.gz.alleles.gz
running 16758_96_HDGF_HDGF.txt.gz.annotated.gz.exclusions.gz.alleles.gz
finished 16758_96_HDGF_HDGF.txt.gz.annotated.gz.exclusions.gz.alleles.gz
running 16760_2_IL26_IL_26.txt.gz.annotated.gz.exclusions.gz.alleles.gz
finished 16760_2_IL26_IL_26.txt.gz.annotated.gz.exclusions.gz.alleles.gz
running 16763_11_LECT2_LECT2.txt.gz.annotated.gz.exclusions.gz.alleles.gz
finished 16763_11_LECT2_LECT2.txt.gz.annotated.gz.exclusions.gz.alleles.gz
running 16765_52_PPBP_PBP.txt.gz.annotated.gz.exclusions.gz.alleles.gz
finished 16765_52_PPBP_PBP.txt.gz.annotated.gz.exclusions.gz.alleles.gz
running 16768_3_JUP_PLAK.txt.gz.annotated.gz.exclusions.gz.alleles.gz
finished 16768_3_JUP_PLAK.txt.gz.annotated.gz.exclusions.gz.alleles.gz
running 16769_20_RAC3_RAC3.txt.gz.annotated.gz.exclusions.gz.alleles.gz
finished 16769_20_RAC3_RAC3.txt.gz.annotated.gz.exclusions.gz.alleles.gz
running 16770_3_REG1B_REG1B.txt.gz.annotated.gz.exclusions.gz.alleles.gz
finished 16770_3_REG1B_REG1B.txt.gz.annotated.gz.exclusions.gz.alleles.gz
running 16773_29_SCUBE3_SCUB3.txt.gz.annotated.gz.exclusions.gz.alleles.gz
finished 16773_29_SCUBE3_SCUB3.txt.gz.annotated.gz.exclusions.gz.alleles.gz
running 16781_2_ENGASE_ENASE.txt.gz.annotated.gz.exclusions.gz.alleles.gz
finished 16781_2_ENGASE_ENASE.txt.gz.annotated.gz.exclusions.gz.alleles.gz
running 16785_45_DEFA5_HD_5.txt.gz.annotated.gz.exclusions.gz.alleles.gz
finished 16785_45_DEFA5_HD_5.txt.gz.annotated.gz.exclusions.gz.alleles.gz
running 16792_4_SIGLEC5_Siglec_5.txt.gz.annotated.gz.exclusions.gz.alleles.gz
finished 16792_4_SIGLEC5_Siglec_5.txt.gz.annotated.gz.exclusions.gz.alleles.gz
running 16802_31_OCIAD1_OCAD1.txt.gz.annotated.gz.exclusions.gz.alleles.gz
finished 16802_31_OCIAD1_OCAD1.txt.gz.annotated.gz.exclusions.gz.alleles.gz
running 16803_4_CALB2_CALB2.txt.gz.annotated.gz.exclusions.gz.alleles.gz
finished 16803_4_CALB2_CALB2.txt.gz.annotated.gz.exclusions.gz.alleles.gz
running 16805_5_PDE5A_PDE5A.txt.gz.annotated.gz.exclusions.gz.alleles.gz
finished 16805_5_PDE5A_PDE5A.txt.gz.annotated.gz.exclusions.gz.alleles.gz
running 16807_35_TNNT3_TNNT3.txt.gz.annotated.gz.exclusions.gz.alleles.gz
finished 16807_35_TNNT3_TNNT3.txt.gz.annotated.gz.exclusions.gz.alleles.gz
running 16809_1_NME4_NDKM.txt.gz.annotated.gz.exclusions.gz.alleles.gz
finished 16809_1_NME4_NDKM.txt.gz.annotated.gz.exclusions.gz.alleles.gz
running 16810_3_GDI1_RhoGDI.txt.gz.annotated.gz.exclusions.gz.alleles.gz
finished 16810_3_GDI1_RhoGDI.txt.gz.annotated.gz.exclusions.gz.alleles.gz
running 16814_13_FHL1_SLIM_1.txt.gz.annotated.gz.exclusions.gz.alleles.gz
finished 16814_13_FHL1_SLIM_1.txt.gz.annotated.gz.exclusions.gz.alleles.gz
running 16818_200_CDCP1_CDCP1.txt.gz.annotated.gz.exclusions.gz.alleles.gz
finished 16818_200_CDCP1_CDCP1.txt.gz.annotated.gz.exclusions.gz.alleles.gz
running 16823_75_APOL3_APOL3.txt.gz.annotated.gz.exclusions.gz.alleles.gz
finished 16823_75_APOL3_APOL3.txt.gz.annotated.gz.exclusions.gz.alleles.gz
running 16825_20_ATXN3_ATX3.txt.gz.annotated.gz.exclusions.gz.alleles.gz
finished 16825_20_ATXN3_ATX3.txt.gz.annotated.gz.exclusions.gz.alleles.gz
running 16828_8_COL6A1_Collagen_a1_VI_.txt.gz.annotated.gz.exclusions.gz.alleles.gz
finished 16828_8_COL6A1_Collagen_a1_VI_.txt.gz.annotated.gz.exclusions.gz.alleles.gz
running 16831_7_DOK1_DOK1.txt.gz.annotated.gz.exclusions.gz.alleles.gz
finished 16831_7_DOK1_DOK1.txt.gz.annotated.gz.exclusions.gz.alleles.gz
running 16836_1_CFHR3_FHR3.txt.gz.annotated.gz.exclusions.gz.alleles.gz
finished 16836_1_CFHR3_FHR3.txt.gz.annotated.gz.exclusions.gz.alleles.gz
running 16837_20_CFLAR_FLIP.txt.gz.annotated.gz.exclusions.gz.alleles.gz
finished 16837_20_CFLAR_FLIP.txt.gz.annotated.gz.exclusions.gz.alleles.gz
