running 13088_397_BTC_BTC.txt.gz.annotated.gz.exclusions.gz.alleles.gz
finished 13088_397_BTC_BTC.txt.gz.annotated.gz.exclusions.gz.alleles.gz
running 13089_6_HIF1A_HIF_1a.txt.gz.annotated.gz.exclusions.gz.alleles.gz
finished 13089_6_HIF1A_HIF_1a.txt.gz.annotated.gz.exclusions.gz.alleles.gz
running 13090_17_S100A6_S100A6.txt.gz.annotated.gz.exclusions.gz.alleles.gz
finished 13090_17_S100A6_S100A6.txt.gz.annotated.gz.exclusions.gz.alleles.gz
running 13093_6_SECTM1_SECTM1.txt.gz.annotated.gz.exclusions.gz.alleles.gz
finished 13093_6_SECTM1_SECTM1.txt.gz.annotated.gz.exclusions.gz.alleles.gz
running 13094_75_RSPO3_RSPO3.txt.gz.annotated.gz.exclusions.gz.alleles.gz
finished 13094_75_RSPO3_RSPO3.txt.gz.annotated.gz.exclusions.gz.alleles.gz
running 13095_51_REG1A_PSP.txt.gz.annotated.gz.exclusions.gz.alleles.gz
finished 13095_51_REG1A_PSP.txt.gz.annotated.gz.exclusions.gz.alleles.gz
running 13097_11_BCL2L2_Apoptosis_regulator_Bcl_W.txt.gz.annotated.gz.exclusions.gz.alleles.gz
finished 13097_11_BCL2L2_Apoptosis_regulator_Bcl_W.txt.gz.annotated.gz.exclusions.gz.alleles.gz
running 13098_93_FIGF_VEGF_D.txt.gz.annotated.gz.exclusions.gz.alleles.gz
finished 13098_93_FIGF_VEGF_D.txt.gz.annotated.gz.exclusions.gz.alleles.gz
running 13101_60_SOST_SOST.txt.gz.annotated.gz.exclusions.gz.alleles.gz
finished 13101_60_SOST_SOST.txt.gz.annotated.gz.exclusions.gz.alleles.gz
running 13102_1_FAM3D_FAM3D.txt.gz.annotated.gz.exclusions.gz.alleles.gz
finished 13102_1_FAM3D_FAM3D.txt.gz.annotated.gz.exclusions.gz.alleles.gz
running 13104_32_EFNB1_EFNB1.txt.gz.annotated.gz.exclusions.gz.alleles.gz
finished 13104_32_EFNB1_EFNB1.txt.gz.annotated.gz.exclusions.gz.alleles.gz
running 13105_7_SNAP25_SNP25.txt.gz.annotated.gz.exclusions.gz.alleles.gz
finished 13105_7_SNAP25_SNP25.txt.gz.annotated.gz.exclusions.gz.alleles.gz
running 13107_9_LYPD3_LYPD3.txt.gz.annotated.gz.exclusions.gz.alleles.gz
finished 13107_9_LYPD3_LYPD3.txt.gz.annotated.gz.exclusions.gz.alleles.gz
running 13109_82_NEGR1_NEGR1.txt.gz.annotated.gz.exclusions.gz.alleles.gz
finished 13109_82_NEGR1_NEGR1.txt.gz.annotated.gz.exclusions.gz.alleles.gz
running 13111_79_BCL6_BCL6.txt.gz.annotated.gz.exclusions.gz.alleles.gz
finished 13111_79_BCL6_BCL6.txt.gz.annotated.gz.exclusions.gz.alleles.gz
running 13112_179_FSTL1_FSTL1.txt.gz.annotated.gz.exclusions.gz.alleles.gz
finished 13112_179_FSTL1_FSTL1.txt.gz.annotated.gz.exclusions.gz.alleles.gz
running 13113_7_SPP1_Osteopontin.txt.gz.annotated.gz.exclusions.gz.alleles.gz
finished 13113_7_SPP1_Osteopontin.txt.gz.annotated.gz.exclusions.gz.alleles.gz
running 13114_50_LUM_Lumican.txt.gz.annotated.gz.exclusions.gz.alleles.gz
finished 13114_50_LUM_Lumican.txt.gz.annotated.gz.exclusions.gz.alleles.gz
running 13116_25_CD177_CD177.txt.gz.annotated.gz.exclusions.gz.alleles.gz
finished 13116_25_CD177_CD177.txt.gz.annotated.gz.exclusions.gz.alleles.gz
running 13118_5_SMOC1_SMOC1.txt.gz.annotated.gz.exclusions.gz.alleles.gz
finished 13118_5_SMOC1_SMOC1.txt.gz.annotated.gz.exclusions.gz.alleles.gz
running 13119_26_SERPINA10_protein_Z_inhibitor.txt.gz.annotated.gz.exclusions.gz.alleles.gz
finished 13119_26_SERPINA10_protein_Z_inhibitor.txt.gz.annotated.gz.exclusions.gz.alleles.gz
running 13122_19_FLRT2_FLRT2.txt.gz.annotated.gz.exclusions.gz.alleles.gz
finished 13122_19_FLRT2_FLRT2.txt.gz.annotated.gz.exclusions.gz.alleles.gz
running 13123_3_FLRT3_FLRT3.txt.gz.annotated.gz.exclusions.gz.alleles.gz
finished 13123_3_FLRT3_FLRT3.txt.gz.annotated.gz.exclusions.gz.alleles.gz
running 13124_20_ISLR2_ISLR2.txt.gz.annotated.gz.exclusions.gz.alleles.gz
finished 13124_20_ISLR2_ISLR2.txt.gz.annotated.gz.exclusions.gz.alleles.gz
running 13125_45_VTN_Vitronectin.txt.gz.annotated.gz.exclusions.gz.alleles.gz
finished 13125_45_VTN_Vitronectin.txt.gz.annotated.gz.exclusions.gz.alleles.gz
running 13126_52_DSC2_DSC2.txt.gz.annotated.gz.exclusions.gz.alleles.gz
finished 13126_52_DSC2_DSC2.txt.gz.annotated.gz.exclusions.gz.alleles.gz
running 13129_40_LDLR_LDLR.txt.gz.annotated.gz.exclusions.gz.alleles.gz
finished 13129_40_LDLR_LDLR.txt.gz.annotated.gz.exclusions.gz.alleles.gz
running 13130_150_HK2_HXK2.txt.gz.annotated.gz.exclusions.gz.alleles.gz
finished 13130_150_HK2_HXK2.txt.gz.annotated.gz.exclusions.gz.alleles.gz
running 13131_5_HK1_HXK1.txt.gz.annotated.gz.exclusions.gz.alleles.gz
finished 13131_5_HK1_HXK1.txt.gz.annotated.gz.exclusions.gz.alleles.gz
running 13132_14_SEMA5A_SEM5A.txt.gz.annotated.gz.exclusions.gz.alleles.gz
finished 13132_14_SEMA5A_SEM5A.txt.gz.annotated.gz.exclusions.gz.alleles.gz
running 13133_73_LTBP4_LTBP4.txt.gz.annotated.gz.exclusions.gz.alleles.gz
finished 13133_73_LTBP4_LTBP4.txt.gz.annotated.gz.exclusions.gz.alleles.gz
running 13228_75_MDM2_MDM2.txt.gz.annotated.gz.exclusions.gz.alleles.gz
finished 13228_75_MDM2_MDM2.txt.gz.annotated.gz.exclusions.gz.alleles.gz
running 13229_20_MDM4_MDM4.txt.gz.annotated.gz.exclusions.gz.alleles.gz
finished 13229_20_MDM4_MDM4.txt.gz.annotated.gz.exclusions.gz.alleles.gz
running 13230_174_IGHG2_IgG2__Kappa.txt.gz.annotated.gz.exclusions.gz.alleles.gz
finished 13230_174_IGHG2_IgG2__Kappa.txt.gz.annotated.gz.exclusions.gz.alleles.gz
running 13231_90_IGHG4_IgG4__Kappa.txt.gz.annotated.gz.exclusions.gz.alleles.gz
finished 13231_90_IGHG4_IgG4__Kappa.txt.gz.annotated.gz.exclusions.gz.alleles.gz
running 13236_25_WNT3A_WNT3A.txt.gz.annotated.gz.exclusions.gz.alleles.gz
finished 13236_25_WNT3A_WNT3A.txt.gz.annotated.gz.exclusions.gz.alleles.gz
running 13240_170_SHANK1_SHAN1.txt.gz.annotated.gz.exclusions.gz.alleles.gz
finished 13240_170_SHANK1_SHAN1.txt.gz.annotated.gz.exclusions.gz.alleles.gz
running 13242_134_SHANK3_SHAN3.txt.gz.annotated.gz.exclusions.gz.alleles.gz
finished 13242_134_SHANK3_SHAN3.txt.gz.annotated.gz.exclusions.gz.alleles.gz
running 13268_45_WNT5A_WNT5A.txt.gz.annotated.gz.exclusions.gz.alleles.gz
finished 13268_45_WNT5A_WNT5A.txt.gz.annotated.gz.exclusions.gz.alleles.gz
running 13374_4_DEFB113_DB113.txt.gz.annotated.gz.exclusions.gz.alleles.gz
finished 13374_4_DEFB113_DB113.txt.gz.annotated.gz.exclusions.gz.alleles.gz
running 13375_48_SYNGR3_SNG3.txt.gz.annotated.gz.exclusions.gz.alleles.gz
finished 13375_48_SYNGR3_SNG3.txt.gz.annotated.gz.exclusions.gz.alleles.gz
running 13377_3_CYB561D1_C56D1.txt.gz.annotated.gz.exclusions.gz.alleles.gz
finished 13377_3_CYB561D1_C56D1.txt.gz.annotated.gz.exclusions.gz.alleles.gz
running 13378_80_C5orf63_YD286.txt.gz.annotated.gz.exclusions.gz.alleles.gz
finished 13378_80_C5orf63_YD286.txt.gz.annotated.gz.exclusions.gz.alleles.gz
running 13381_49_B4GALT1_B4GT1.txt.gz.annotated.gz.exclusions.gz.alleles.gz
finished 13381_49_B4GALT1_B4GT1.txt.gz.annotated.gz.exclusions.gz.alleles.gz
running 13384_110_FH_FUMH.txt.gz.annotated.gz.exclusions.gz.alleles.gz
finished 13384_110_FH_FUMH.txt.gz.annotated.gz.exclusions.gz.alleles.gz
running 13386_248_RNF34_RNF34.txt.gz.annotated.gz.exclusions.gz.alleles.gz
finished 13386_248_RNF34_RNF34.txt.gz.annotated.gz.exclusions.gz.alleles.gz
running 13387_55_EHF_EHF.txt.gz.annotated.gz.exclusions.gz.alleles.gz
finished 13387_55_EHF_EHF.txt.gz.annotated.gz.exclusions.gz.alleles.gz
running 13388_57_PCSK1_NEC1.txt.gz.annotated.gz.exclusions.gz.alleles.gz
finished 13388_57_PCSK1_NEC1.txt.gz.annotated.gz.exclusions.gz.alleles.gz
running 13392_13_ATP1B1_AT1B1.txt.gz.annotated.gz.exclusions.gz.alleles.gz
finished 13392_13_ATP1B1_AT1B1.txt.gz.annotated.gz.exclusions.gz.alleles.gz
running 13393_46_DERL1_DERL1.txt.gz.annotated.gz.exclusions.gz.alleles.gz
finished 13393_46_DERL1_DERL1.txt.gz.annotated.gz.exclusions.gz.alleles.gz
running 13397_88_DEFB4A_HBD_2.txt.gz.annotated.gz.exclusions.gz.alleles.gz
finished 13397_88_DEFB4A_HBD_2.txt.gz.annotated.gz.exclusions.gz.alleles.gz
running 13399_33_RELL1_RELL1.txt.gz.annotated.gz.exclusions.gz.alleles.gz
finished 13399_33_RELL1_RELL1.txt.gz.annotated.gz.exclusions.gz.alleles.gz
running 13403_5_ETV5_ETV5.txt.gz.annotated.gz.exclusions.gz.alleles.gz
finished 13403_5_ETV5_ETV5.txt.gz.annotated.gz.exclusions.gz.alleles.gz
running 13405_61_SPINK2_ISK2.txt.gz.annotated.gz.exclusions.gz.alleles.gz
finished 13405_61_SPINK2_ISK2.txt.gz.annotated.gz.exclusions.gz.alleles.gz
running 13411_21_RNF41_RNF41.txt.gz.annotated.gz.exclusions.gz.alleles.gz
finished 13411_21_RNF41_RNF41.txt.gz.annotated.gz.exclusions.gz.alleles.gz
running 13412_5_WFDC6_WFDC6.txt.gz.annotated.gz.exclusions.gz.alleles.gz
finished 13412_5_WFDC6_WFDC6.txt.gz.annotated.gz.exclusions.gz.alleles.gz
running 13416_8_TMEM132D_T132D.txt.gz.annotated.gz.exclusions.gz.alleles.gz
finished 13416_8_TMEM132D_T132D.txt.gz.annotated.gz.exclusions.gz.alleles.gz
running 13421_17_TMEM167B_KISHB.txt.gz.annotated.gz.exclusions.gz.alleles.gz
finished 13421_17_TMEM167B_KISHB.txt.gz.annotated.gz.exclusions.gz.alleles.gz
running 13422_66_ENOX2_ENOX2.txt.gz.annotated.gz.exclusions.gz.alleles.gz
finished 13422_66_ENOX2_ENOX2.txt.gz.annotated.gz.exclusions.gz.alleles.gz
running 13423_94_FAM213A_CJ058.txt.gz.annotated.gz.exclusions.gz.alleles.gz
finished 13423_94_FAM213A_CJ058.txt.gz.annotated.gz.exclusions.gz.alleles.gz
running 13427_66_MAN1C1_MA1C1.txt.gz.annotated.gz.exclusions.gz.alleles.gz
finished 13427_66_MAN1C1_MA1C1.txt.gz.annotated.gz.exclusions.gz.alleles.gz
running 13429_3_WFDC10A_WF10A.txt.gz.annotated.gz.exclusions.gz.alleles.gz
finished 13429_3_WFDC10A_WF10A.txt.gz.annotated.gz.exclusions.gz.alleles.gz
running 13430_50_SLC14A1_UT1.txt.gz.annotated.gz.exclusions.gz.alleles.gz
finished 13430_50_SLC14A1_UT1.txt.gz.annotated.gz.exclusions.gz.alleles.gz
running 13431_74_FAM159A_F159A.txt.gz.annotated.gz.exclusions.gz.alleles.gz
finished 13431_74_FAM159A_F159A.txt.gz.annotated.gz.exclusions.gz.alleles.gz
running 13434_172_PARVA_PARVA.txt.gz.annotated.gz.exclusions.gz.alleles.gz
finished 13434_172_PARVA_PARVA.txt.gz.annotated.gz.exclusions.gz.alleles.gz
running 13435_31_IL20RB_IL_20_Rb.txt.gz.annotated.gz.exclusions.gz.alleles.gz
finished 13435_31_IL20RB_IL_20_Rb.txt.gz.annotated.gz.exclusions.gz.alleles.gz
running 13436_54_MAZ_MAZ.txt.gz.annotated.gz.exclusions.gz.alleles.gz
finished 13436_54_MAZ_MAZ.txt.gz.annotated.gz.exclusions.gz.alleles.gz
running 13438_115_CHRD_CHRD.txt.gz.annotated.gz.exclusions.gz.alleles.gz
finished 13438_115_CHRD_CHRD.txt.gz.annotated.gz.exclusions.gz.alleles.gz
running 13439_6_IQCF3_IQCF3.txt.gz.annotated.gz.exclusions.gz.alleles.gz
finished 13439_6_IQCF3_IQCF3.txt.gz.annotated.gz.exclusions.gz.alleles.gz
running 13441_30_DIXDC1_DIXC1.txt.gz.annotated.gz.exclusions.gz.alleles.gz
finished 13441_30_DIXDC1_DIXC1.txt.gz.annotated.gz.exclusions.gz.alleles.gz
running 13447_42_SPRN_SPRN.txt.gz.annotated.gz.exclusions.gz.alleles.gz
finished 13447_42_SPRN_SPRN.txt.gz.annotated.gz.exclusions.gz.alleles.gz
running 13449_25_SF3B4_SF3B4.txt.gz.annotated.gz.exclusions.gz.alleles.gz
finished 13449_25_SF3B4_SF3B4.txt.gz.annotated.gz.exclusions.gz.alleles.gz
running 13450_49_USP8_UBP8.txt.gz.annotated.gz.exclusions.gz.alleles.gz
finished 13450_49_USP8_UBP8.txt.gz.annotated.gz.exclusions.gz.alleles.gz
running 13451_2_FNDC4_FNDC4.txt.gz.annotated.gz.exclusions.gz.alleles.gz
finished 13451_2_FNDC4_FNDC4.txt.gz.annotated.gz.exclusions.gz.alleles.gz
running 13452_113_SMIM13_SIM13.txt.gz.annotated.gz.exclusions.gz.alleles.gz
finished 13452_113_SMIM13_SIM13.txt.gz.annotated.gz.exclusions.gz.alleles.gz
running 13453_2_MRPL33_RM33.txt.gz.annotated.gz.exclusions.gz.alleles.gz
finished 13453_2_MRPL33_RM33.txt.gz.annotated.gz.exclusions.gz.alleles.gz
running 13457_33_ELF5_ELF5.txt.gz.annotated.gz.exclusions.gz.alleles.gz
finished 13457_33_ELF5_ELF5.txt.gz.annotated.gz.exclusions.gz.alleles.gz
running 13459_30_TOR4A_CI167.txt.gz.annotated.gz.exclusions.gz.alleles.gz
finished 13459_30_TOR4A_CI167.txt.gz.annotated.gz.exclusions.gz.alleles.gz
running 13460_4_CHAD_CHAD.txt.gz.annotated.gz.exclusions.gz.alleles.gz
finished 13460_4_CHAD_CHAD.txt.gz.annotated.gz.exclusions.gz.alleles.gz
running 13463_1_PXDN_PXDN.txt.gz.annotated.gz.exclusions.gz.alleles.gz
finished 13463_1_PXDN_PXDN.txt.gz.annotated.gz.exclusions.gz.alleles.gz
running 13464_8_NRAC_NRAC.txt.gz.annotated.gz.exclusions.gz.alleles.gz
finished 13464_8_NRAC_NRAC.txt.gz.annotated.gz.exclusions.gz.alleles.gz
running 13465_5_RCAN1_CCP1.txt.gz.annotated.gz.exclusions.gz.alleles.gz
finished 13465_5_RCAN1_CCP1.txt.gz.annotated.gz.exclusions.gz.alleles.gz
running 13468_5_NEURL4_NEUL4.txt.gz.annotated.gz.exclusions.gz.alleles.gz
finished 13468_5_NEURL4_NEUL4.txt.gz.annotated.gz.exclusions.gz.alleles.gz
running 13470_43_PTH1R_PTH1R.txt.gz.annotated.gz.exclusions.gz.alleles.gz
finished 13470_43_PTH1R_PTH1R.txt.gz.annotated.gz.exclusions.gz.alleles.gz
running 13472_35_HDHD2_HDHD2.txt.gz.annotated.gz.exclusions.gz.alleles.gz
finished 13472_35_HDHD2_HDHD2.txt.gz.annotated.gz.exclusions.gz.alleles.gz
running 13473_55_ITPKA_IP3KA.txt.gz.annotated.gz.exclusions.gz.alleles.gz
finished 13473_55_ITPKA_IP3KA.txt.gz.annotated.gz.exclusions.gz.alleles.gz
running 13474_40_GSTK1_GSTK1.txt.gz.annotated.gz.exclusions.gz.alleles.gz
finished 13474_40_GSTK1_GSTK1.txt.gz.annotated.gz.exclusions.gz.alleles.gz
running 13475_10_UBE2D4_UB2D4.txt.gz.annotated.gz.exclusions.gz.alleles.gz
finished 13475_10_UBE2D4_UB2D4.txt.gz.annotated.gz.exclusions.gz.alleles.gz
running 13476_16_KIN_KIN17.txt.gz.annotated.gz.exclusions.gz.alleles.gz
finished 13476_16_KIN_KIN17.txt.gz.annotated.gz.exclusions.gz.alleles.gz
running 13477_65_LTB4R_LT4R1.txt.gz.annotated.gz.exclusions.gz.alleles.gz
finished 13477_65_LTB4R_LT4R1.txt.gz.annotated.gz.exclusions.gz.alleles.gz
running 13479_8_FAM171A2_F1712.txt.gz.annotated.gz.exclusions.gz.alleles.gz
finished 13479_8_FAM171A2_F1712.txt.gz.annotated.gz.exclusions.gz.alleles.gz
running 13481_24_TCEA2_TCEA2.txt.gz.annotated.gz.exclusions.gz.alleles.gz
finished 13481_24_TCEA2_TCEA2.txt.gz.annotated.gz.exclusions.gz.alleles.gz
running 13482_14_CNOT1_CNOT1.txt.gz.annotated.gz.exclusions.gz.alleles.gz
finished 13482_14_CNOT1_CNOT1.txt.gz.annotated.gz.exclusions.gz.alleles.gz
running 13484_69_COL1A1_CO1A1.txt.gz.annotated.gz.exclusions.gz.alleles.gz
finished 13484_69_COL1A1_CO1A1.txt.gz.annotated.gz.exclusions.gz.alleles.gz
running 13485_20_TMEM87B_TM87B.txt.gz.annotated.gz.exclusions.gz.alleles.gz
finished 13485_20_TMEM87B_TM87B.txt.gz.annotated.gz.exclusions.gz.alleles.gz
running 13486_9_PKD2_PKD2.txt.gz.annotated.gz.exclusions.gz.alleles.gz
finished 13486_9_PKD2_PKD2.txt.gz.annotated.gz.exclusions.gz.alleles.gz
running 13487_24_UNC93B1_UN93B.txt.gz.annotated.gz.exclusions.gz.alleles.gz
finished 13487_24_UNC93B1_UN93B.txt.gz.annotated.gz.exclusions.gz.alleles.gz
running 13488_3_ARFIP1_ARFP1.txt.gz.annotated.gz.exclusions.gz.alleles.gz
finished 13488_3_ARFIP1_ARFP1.txt.gz.annotated.gz.exclusions.gz.alleles.gz
running 13490_1_MPP6_MPP6.txt.gz.annotated.gz.exclusions.gz.alleles.gz
finished 13490_1_MPP6_MPP6.txt.gz.annotated.gz.exclusions.gz.alleles.gz
running 13491_40_PDE6D_PDE6D.txt.gz.annotated.gz.exclusions.gz.alleles.gz
finished 13491_40_PDE6D_PDE6D.txt.gz.annotated.gz.exclusions.gz.alleles.gz
running 13492_44_HSPA9_HSPA9B.txt.gz.annotated.gz.exclusions.gz.alleles.gz
finished 13492_44_HSPA9_HSPA9B.txt.gz.annotated.gz.exclusions.gz.alleles.gz
running 13493_5_GRID1_GRID1.txt.gz.annotated.gz.exclusions.gz.alleles.gz
finished 13493_5_GRID1_GRID1.txt.gz.annotated.gz.exclusions.gz.alleles.gz
running 13494_6_CERS5_CERS5.txt.gz.annotated.gz.exclusions.gz.alleles.gz
finished 13494_6_CERS5_CERS5.txt.gz.annotated.gz.exclusions.gz.alleles.gz
running 13495_48_HCAR2_HCAR2.txt.gz.annotated.gz.exclusions.gz.alleles.gz
finished 13495_48_HCAR2_HCAR2.txt.gz.annotated.gz.exclusions.gz.alleles.gz
running 13496_19_HMGCS1_HMCS1.txt.gz.annotated.gz.exclusions.gz.alleles.gz
finished 13496_19_HMGCS1_HMCS1.txt.gz.annotated.gz.exclusions.gz.alleles.gz
running 13497_34_EIF3J_EIF3J.txt.gz.annotated.gz.exclusions.gz.alleles.gz
finished 13497_34_EIF3J_EIF3J.txt.gz.annotated.gz.exclusions.gz.alleles.gz
running 13498_1_MIOX_MIOX.txt.gz.annotated.gz.exclusions.gz.alleles.gz
finished 13498_1_MIOX_MIOX.txt.gz.annotated.gz.exclusions.gz.alleles.gz
running 13499_30_F8_Coagulation_Factor_VIII.txt.gz.annotated.gz.exclusions.gz.alleles.gz
finished 13499_30_F8_Coagulation_Factor_VIII.txt.gz.annotated.gz.exclusions.gz.alleles.gz
running 13501_10_SLC35G2_S35G2.txt.gz.annotated.gz.exclusions.gz.alleles.gz
finished 13501_10_SLC35G2_S35G2.txt.gz.annotated.gz.exclusions.gz.alleles.gz
