running 9444_70_DGCR6_DGCR6.txt.gz.annotated.gz.exclusions.gz.alleles.gz
finished 9444_70_DGCR6_DGCR6.txt.gz.annotated.gz.exclusions.gz.alleles.gz
running 9445_44_C19orf18_CS018.txt.gz.annotated.gz.exclusions.gz.alleles.gz
finished 9445_44_C19orf18_CS018.txt.gz.annotated.gz.exclusions.gz.alleles.gz
running 9449_150_C4BPA_C4b_binding_protein_alpha_chain.txt.gz.annotated.gz.exclusions.gz.alleles.gz
finished 9449_150_C4BPA_C4b_binding_protein_alpha_chain.txt.gz.annotated.gz.exclusions.gz.alleles.gz
running 9450_18_CDK2AP1_CDKA1.txt.gz.annotated.gz.exclusions.gz.alleles.gz
finished 9450_18_CDK2AP1_CDKA1.txt.gz.annotated.gz.exclusions.gz.alleles.gz
running 9451_20_UMOD_Uromodulin.txt.gz.annotated.gz.exclusions.gz.alleles.gz
finished 9451_20_UMOD_Uromodulin.txt.gz.annotated.gz.exclusions.gz.alleles.gz
running 9453_12_VEGFB_VEGF_B.txt.gz.annotated.gz.exclusions.gz.alleles.gz
finished 9453_12_VEGFB_VEGF_B.txt.gz.annotated.gz.exclusions.gz.alleles.gz
running 9457_3_CAV2_CAV2.txt.gz.annotated.gz.exclusions.gz.alleles.gz
finished 9457_3_CAV2_CAV2.txt.gz.annotated.gz.exclusions.gz.alleles.gz
running 9459_7_FAS_Fas__soluble.txt.gz.annotated.gz.exclusions.gz.alleles.gz
finished 9459_7_FAS_Fas__soluble.txt.gz.annotated.gz.exclusions.gz.alleles.gz
running 9468_8_LMAN2_Lectin__mannose_binding_2.txt.gz.annotated.gz.exclusions.gz.alleles.gz
finished 9468_8_LMAN2_Lectin__mannose_binding_2.txt.gz.annotated.gz.exclusions.gz.alleles.gz
running 9470_15_METTL24_MET24.txt.gz.annotated.gz.exclusions.gz.alleles.gz
finished 9470_15_METTL24_MET24.txt.gz.annotated.gz.exclusions.gz.alleles.gz
running 9474_22_ASGR2_ASGR2.txt.gz.annotated.gz.exclusions.gz.alleles.gz
finished 9474_22_ASGR2_ASGR2.txt.gz.annotated.gz.exclusions.gz.alleles.gz
running 9475_22_GPX5_GPX5.txt.gz.annotated.gz.exclusions.gz.alleles.gz
finished 9475_22_GPX5_GPX5.txt.gz.annotated.gz.exclusions.gz.alleles.gz
running 9478_69_PRPSAP1_KPRA.txt.gz.annotated.gz.exclusions.gz.alleles.gz
finished 9478_69_PRPSAP1_KPRA.txt.gz.annotated.gz.exclusions.gz.alleles.gz
running 9482_110_NUDT9_NUDT9.txt.gz.annotated.gz.exclusions.gz.alleles.gz
finished 9482_110_NUDT9_NUDT9.txt.gz.annotated.gz.exclusions.gz.alleles.gz
running 9484_75_DSG2_Desmoglein_2.txt.gz.annotated.gz.exclusions.gz.alleles.gz
finished 9484_75_DSG2_Desmoglein_2.txt.gz.annotated.gz.exclusions.gz.alleles.gz
running 9486_13_DEFB125_DB125.txt.gz.annotated.gz.exclusions.gz.alleles.gz
finished 9486_13_DEFB125_DB125.txt.gz.annotated.gz.exclusions.gz.alleles.gz
running 9487_60_GHRH_Growth_hormone_releasing_factor.txt.gz.annotated.gz.exclusions.gz.alleles.gz
finished 9487_60_GHRH_Growth_hormone_releasing_factor.txt.gz.annotated.gz.exclusions.gz.alleles.gz
running 9490_3_C4orf32_CD032.txt.gz.annotated.gz.exclusions.gz.alleles.gz
finished 9490_3_C4orf32_CD032.txt.gz.annotated.gz.exclusions.gz.alleles.gz
running 9495_10_CXCL17_VCC1.txt.gz.annotated.gz.exclusions.gz.alleles.gz
finished 9495_10_CXCL17_VCC1.txt.gz.annotated.gz.exclusions.gz.alleles.gz
running 9503_1_NMS_NMS.txt.gz.annotated.gz.exclusions.gz.alleles.gz
finished 9503_1_NMS_NMS.txt.gz.annotated.gz.exclusions.gz.alleles.gz
running 9504_19_RAB27A_RB27A.txt.gz.annotated.gz.exclusions.gz.alleles.gz
finished 9504_19_RAB27A_RB27A.txt.gz.annotated.gz.exclusions.gz.alleles.gz
running 9506_10_APOL1_Apo_L1.txt.gz.annotated.gz.exclusions.gz.alleles.gz
finished 9506_10_APOL1_Apo_L1.txt.gz.annotated.gz.exclusions.gz.alleles.gz
running 9509_4_TMEM38B_TM38B.txt.gz.annotated.gz.exclusions.gz.alleles.gz
finished 9509_4_TMEM38B_TM38B.txt.gz.annotated.gz.exclusions.gz.alleles.gz
running 9511_61_NXPH2_NXPH2.txt.gz.annotated.gz.exclusions.gz.alleles.gz
finished 9511_61_NXPH2_NXPH2.txt.gz.annotated.gz.exclusions.gz.alleles.gz
running 9513_9_FGF22_FGF22.txt.gz.annotated.gz.exclusions.gz.alleles.gz
finished 9513_9_FGF22_FGF22.txt.gz.annotated.gz.exclusions.gz.alleles.gz
running 9518_95_PLA1A_PLA1A.txt.gz.annotated.gz.exclusions.gz.alleles.gz
finished 9518_95_PLA1A_PLA1A.txt.gz.annotated.gz.exclusions.gz.alleles.gz
running 9522_3_AIFM1_AIF.txt.gz.annotated.gz.exclusions.gz.alleles.gz
finished 9522_3_AIFM1_AIF.txt.gz.annotated.gz.exclusions.gz.alleles.gz
running 9523_34_ITM2C_ITM2C.txt.gz.annotated.gz.exclusions.gz.alleles.gz
finished 9523_34_ITM2C_ITM2C.txt.gz.annotated.gz.exclusions.gz.alleles.gz
running 9524_46_SPATA31D4_S31D4.txt.gz.annotated.gz.exclusions.gz.alleles.gz
finished 9524_46_SPATA31D4_S31D4.txt.gz.annotated.gz.exclusions.gz.alleles.gz
running 9525_1_PTK7_PTK7.txt.gz.annotated.gz.exclusions.gz.alleles.gz
finished 9525_1_PTK7_PTK7.txt.gz.annotated.gz.exclusions.gz.alleles.gz
running 9526_3_CLPSL1_COLL1.txt.gz.annotated.gz.exclusions.gz.alleles.gz
finished 9526_3_CLPSL1_COLL1.txt.gz.annotated.gz.exclusions.gz.alleles.gz
running 9531_24_LST1_LST1.txt.gz.annotated.gz.exclusions.gz.alleles.gz
finished 9531_24_LST1_LST1.txt.gz.annotated.gz.exclusions.gz.alleles.gz
running 9532_5_WBP1L_WBP1L.txt.gz.annotated.gz.exclusions.gz.alleles.gz
finished 9532_5_WBP1L_WBP1L.txt.gz.annotated.gz.exclusions.gz.alleles.gz
running 9536_16_EDDM3A_EP3A.txt.gz.annotated.gz.exclusions.gz.alleles.gz
finished 9536_16_EDDM3A_EP3A.txt.gz.annotated.gz.exclusions.gz.alleles.gz
running 9541_15_B3GALT1_B3GT1.txt.gz.annotated.gz.exclusions.gz.alleles.gz
finished 9541_15_B3GALT1_B3GT1.txt.gz.annotated.gz.exclusions.gz.alleles.gz
running 9543_131_COG8_COG8.txt.gz.annotated.gz.exclusions.gz.alleles.gz
finished 9543_131_COG8_COG8.txt.gz.annotated.gz.exclusions.gz.alleles.gz
running 9544_24_C7orf69_CG069.txt.gz.annotated.gz.exclusions.gz.alleles.gz
finished 9544_24_C7orf69_CG069.txt.gz.annotated.gz.exclusions.gz.alleles.gz
running 9545_156_GZMK_Granzyme_K.txt.gz.annotated.gz.exclusions.gz.alleles.gz
finished 9545_156_GZMK_Granzyme_K.txt.gz.annotated.gz.exclusions.gz.alleles.gz
running 9547_29_EMID1_EMID1.txt.gz.annotated.gz.exclusions.gz.alleles.gz
finished 9547_29_EMID1_EMID1.txt.gz.annotated.gz.exclusions.gz.alleles.gz
running 9550_153_TTC17_TTC17.txt.gz.annotated.gz.exclusions.gz.alleles.gz
finished 9550_153_TTC17_TTC17.txt.gz.annotated.gz.exclusions.gz.alleles.gz
running 9557_5_MANSC1_MANS1.txt.gz.annotated.gz.exclusions.gz.alleles.gz
finished 9557_5_MANSC1_MANS1.txt.gz.annotated.gz.exclusions.gz.alleles.gz
running 9561_21_VCAN_CSPG2.txt.gz.annotated.gz.exclusions.gz.alleles.gz
finished 9561_21_VCAN_CSPG2.txt.gz.annotated.gz.exclusions.gz.alleles.gz
running 9565_6_PAWR_PAWR.txt.gz.annotated.gz.exclusions.gz.alleles.gz
finished 9565_6_PAWR_PAWR.txt.gz.annotated.gz.exclusions.gz.alleles.gz
running 9568_289_FCAMR_FCAMR.txt.gz.annotated.gz.exclusions.gz.alleles.gz
finished 9568_289_FCAMR_FCAMR.txt.gz.annotated.gz.exclusions.gz.alleles.gz
running 9573_108_TXNDC11_TXD11.txt.gz.annotated.gz.exclusions.gz.alleles.gz
finished 9573_108_TXNDC11_TXD11.txt.gz.annotated.gz.exclusions.gz.alleles.gz
running 9574_11_BIN1_BIN1.txt.gz.annotated.gz.exclusions.gz.alleles.gz
finished 9574_11_BIN1_BIN1.txt.gz.annotated.gz.exclusions.gz.alleles.gz
running 9576_58_MNX1_MNX1.txt.gz.annotated.gz.exclusions.gz.alleles.gz
finished 9576_58_MNX1_MNX1.txt.gz.annotated.gz.exclusions.gz.alleles.gz
running 9577_26_SYT2_SYT2.txt.gz.annotated.gz.exclusions.gz.alleles.gz
finished 9577_26_SYT2_SYT2.txt.gz.annotated.gz.exclusions.gz.alleles.gz
running 9578_263_MANSC4_MANS4.txt.gz.annotated.gz.exclusions.gz.alleles.gz
finished 9578_263_MANSC4_MANS4.txt.gz.annotated.gz.exclusions.gz.alleles.gz
running 9579_59_PRRG4_TMG4.txt.gz.annotated.gz.exclusions.gz.alleles.gz
finished 9579_59_PRRG4_TMG4.txt.gz.annotated.gz.exclusions.gz.alleles.gz
running 9580_5_LAMC2_Laminin_gamma_2.txt.gz.annotated.gz.exclusions.gz.alleles.gz
finished 9580_5_LAMC2_Laminin_gamma_2.txt.gz.annotated.gz.exclusions.gz.alleles.gz
running 9581_4_PRPF6_PRP6.txt.gz.annotated.gz.exclusions.gz.alleles.gz
finished 9581_4_PRPF6_PRP6.txt.gz.annotated.gz.exclusions.gz.alleles.gz
running 9582_93_SUSD1_SUSD1.txt.gz.annotated.gz.exclusions.gz.alleles.gz
finished 9582_93_SUSD1_SUSD1.txt.gz.annotated.gz.exclusions.gz.alleles.gz
running 9583_17_RNF24_RNF24.txt.gz.annotated.gz.exclusions.gz.alleles.gz
finished 9583_17_RNF24_RNF24.txt.gz.annotated.gz.exclusions.gz.alleles.gz
running 9585_80_CLMP_ACAM.txt.gz.annotated.gz.exclusions.gz.alleles.gz
finished 9585_80_CLMP_ACAM.txt.gz.annotated.gz.exclusions.gz.alleles.gz
running 9590_10_COX7A2L_COX7R.txt.gz.annotated.gz.exclusions.gz.alleles.gz
finished 9590_10_COX7A2L_COX7R.txt.gz.annotated.gz.exclusions.gz.alleles.gz
running 9594_30_SLC30A5_ZNT5.txt.gz.annotated.gz.exclusions.gz.alleles.gz
finished 9594_30_SLC30A5_ZNT5.txt.gz.annotated.gz.exclusions.gz.alleles.gz
running 9595_11_B4GALT2_B4GT2.txt.gz.annotated.gz.exclusions.gz.alleles.gz
finished 9595_11_B4GALT2_B4GT2.txt.gz.annotated.gz.exclusions.gz.alleles.gz
running 9598_23_CSMD1_CSMD1.txt.gz.annotated.gz.exclusions.gz.alleles.gz
finished 9598_23_CSMD1_CSMD1.txt.gz.annotated.gz.exclusions.gz.alleles.gz
running 9599_6_PIANP_PIANP.txt.gz.annotated.gz.exclusions.gz.alleles.gz
finished 9599_6_PIANP_PIANP.txt.gz.annotated.gz.exclusions.gz.alleles.gz
running 9600_55_THSD7A_THS7A.txt.gz.annotated.gz.exclusions.gz.alleles.gz
finished 9600_55_THSD7A_THS7A.txt.gz.annotated.gz.exclusions.gz.alleles.gz
running 9606_4_NUP210L_P210L.txt.gz.annotated.gz.exclusions.gz.alleles.gz
finished 9606_4_NUP210L_P210L.txt.gz.annotated.gz.exclusions.gz.alleles.gz
running 9607_39_PRR27_CD040.txt.gz.annotated.gz.exclusions.gz.alleles.gz
finished 9607_39_PRR27_CD040.txt.gz.annotated.gz.exclusions.gz.alleles.gz
running 9609_25_ZNF275_ZN275.txt.gz.annotated.gz.exclusions.gz.alleles.gz
finished 9609_25_ZNF275_ZN275.txt.gz.annotated.gz.exclusions.gz.alleles.gz
running 9638_2_TIGIT_TIGIT.txt.gz.annotated.gz.exclusions.gz.alleles.gz
finished 9638_2_TIGIT_TIGIT.txt.gz.annotated.gz.exclusions.gz.alleles.gz
running 9713_67_PDGFRL_PGFRL.txt.gz.annotated.gz.exclusions.gz.alleles.gz
finished 9713_67_PDGFRL_PGFRL.txt.gz.annotated.gz.exclusions.gz.alleles.gz
running 9715_15_IGSF3_IGSF3.txt.gz.annotated.gz.exclusions.gz.alleles.gz
finished 9715_15_IGSF3_IGSF3.txt.gz.annotated.gz.exclusions.gz.alleles.gz
running 9719_145_MMP16_MMP_16.txt.gz.annotated.gz.exclusions.gz.alleles.gz
finished 9719_145_MMP16_MMP_16.txt.gz.annotated.gz.exclusions.gz.alleles.gz
running 9723_105_MMRN2_EMILIN_3.txt.gz.annotated.gz.exclusions.gz.alleles.gz
finished 9723_105_MMRN2_EMILIN_3.txt.gz.annotated.gz.exclusions.gz.alleles.gz
running 9728_4_CCNB1IP1_CIP1.txt.gz.annotated.gz.exclusions.gz.alleles.gz
finished 9728_4_CCNB1IP1_CIP1.txt.gz.annotated.gz.exclusions.gz.alleles.gz
running 9730_22_GHDC_GHDC.txt.gz.annotated.gz.exclusions.gz.alleles.gz
finished 9730_22_GHDC_GHDC.txt.gz.annotated.gz.exclusions.gz.alleles.gz
running 9735_44_CD96_TACT.txt.gz.annotated.gz.exclusions.gz.alleles.gz
finished 9735_44_CD96_TACT.txt.gz.annotated.gz.exclusions.gz.alleles.gz
running 9738_7_FAF2_FAF2.txt.gz.annotated.gz.exclusions.gz.alleles.gz
finished 9738_7_FAF2_FAF2.txt.gz.annotated.gz.exclusions.gz.alleles.gz
running 9739_4_MSH2_MSH2.txt.gz.annotated.gz.exclusions.gz.alleles.gz
finished 9739_4_MSH2_MSH2.txt.gz.annotated.gz.exclusions.gz.alleles.gz
running 9742_59_DDX39B_BAT1.txt.gz.annotated.gz.exclusions.gz.alleles.gz
finished 9742_59_DDX39B_BAT1.txt.gz.annotated.gz.exclusions.gz.alleles.gz
running 9744_139_DNAJA4_DNJA4.txt.gz.annotated.gz.exclusions.gz.alleles.gz
finished 9744_139_DNAJA4_DNJA4.txt.gz.annotated.gz.exclusions.gz.alleles.gz
running 9745_20_EIF4E2_IF4E2.txt.gz.annotated.gz.exclusions.gz.alleles.gz
finished 9745_20_EIF4E2_IF4E2.txt.gz.annotated.gz.exclusions.gz.alleles.gz
running 9747_48_MARK3_MARK3.txt.gz.annotated.gz.exclusions.gz.alleles.gz
finished 9747_48_MARK3_MARK3.txt.gz.annotated.gz.exclusions.gz.alleles.gz
running 9748_31_GSTM3_GSTM3_3.txt.gz.annotated.gz.exclusions.gz.alleles.gz
finished 9748_31_GSTM3_GSTM3_3.txt.gz.annotated.gz.exclusions.gz.alleles.gz
running 9751_72_YBX1_NSEP1.txt.gz.annotated.gz.exclusions.gz.alleles.gz
finished 9751_72_YBX1_NSEP1.txt.gz.annotated.gz.exclusions.gz.alleles.gz
running 9753_17_EZR_Ezrin.txt.gz.annotated.gz.exclusions.gz.alleles.gz
finished 9753_17_EZR_Ezrin.txt.gz.annotated.gz.exclusions.gz.alleles.gz
running 9754_33_NQO2_Quinone_reductase_2.txt.gz.annotated.gz.exclusions.gz.alleles.gz
finished 9754_33_NQO2_Quinone_reductase_2.txt.gz.annotated.gz.exclusions.gz.alleles.gz
running 9757_29_ENAH_ENAH.txt.gz.annotated.gz.exclusions.gz.alleles.gz
finished 9757_29_ENAH_ENAH.txt.gz.annotated.gz.exclusions.gz.alleles.gz
running 9758_17_RPS4X_RS4X.txt.gz.annotated.gz.exclusions.gz.alleles.gz
finished 9758_17_RPS4X_RS4X.txt.gz.annotated.gz.exclusions.gz.alleles.gz
running 9759_13_IDO1_INDO.txt.gz.annotated.gz.exclusions.gz.alleles.gz
finished 9759_13_IDO1_INDO.txt.gz.annotated.gz.exclusions.gz.alleles.gz
running 9762_14_VASP_VASP.txt.gz.annotated.gz.exclusions.gz.alleles.gz
finished 9762_14_VASP_VASP.txt.gz.annotated.gz.exclusions.gz.alleles.gz
running 9764_79_HNRNPF_HNRPF.txt.gz.annotated.gz.exclusions.gz.alleles.gz
finished 9764_79_HNRNPF_HNRPF.txt.gz.annotated.gz.exclusions.gz.alleles.gz
running 9765_4_NDE1_NDE1.txt.gz.annotated.gz.exclusions.gz.alleles.gz
finished 9765_4_NDE1_NDE1.txt.gz.annotated.gz.exclusions.gz.alleles.gz
running 9767_22_RIPPLY1_RIPP1.txt.gz.annotated.gz.exclusions.gz.alleles.gz
finished 9767_22_RIPPLY1_RIPP1.txt.gz.annotated.gz.exclusions.gz.alleles.gz
running 9769_48_DNER_DNER.txt.gz.annotated.gz.exclusions.gz.alleles.gz
finished 9769_48_DNER_DNER.txt.gz.annotated.gz.exclusions.gz.alleles.gz
running 9772_153_NLGN2_NLGN2.txt.gz.annotated.gz.exclusions.gz.alleles.gz
finished 9772_153_NLGN2_NLGN2.txt.gz.annotated.gz.exclusions.gz.alleles.gz
running 9773_15_RNF149_RN149.txt.gz.annotated.gz.exclusions.gz.alleles.gz
finished 9773_15_RNF149_RN149.txt.gz.annotated.gz.exclusions.gz.alleles.gz
running 9774_59_RNF150_RN150.txt.gz.annotated.gz.exclusions.gz.alleles.gz
finished 9774_59_RNF150_RN150.txt.gz.annotated.gz.exclusions.gz.alleles.gz
running 9778_45_TMEM52B_TM52B.txt.gz.annotated.gz.exclusions.gz.alleles.gz
finished 9778_45_TMEM52B_TM52B.txt.gz.annotated.gz.exclusions.gz.alleles.gz
running 9779_63_HERPUD2_HERP2.txt.gz.annotated.gz.exclusions.gz.alleles.gz
finished 9779_63_HERPUD2_HERP2.txt.gz.annotated.gz.exclusions.gz.alleles.gz
running 9783_75_DNAJC11_DJC11.txt.gz.annotated.gz.exclusions.gz.alleles.gz
finished 9783_75_DNAJC11_DJC11.txt.gz.annotated.gz.exclusions.gz.alleles.gz
running 9786_310_IER3_IEX1.txt.gz.annotated.gz.exclusions.gz.alleles.gz
finished 9786_310_IER3_IEX1.txt.gz.annotated.gz.exclusions.gz.alleles.gz
running 9789_52_SYNE2_Nesprin_2.txt.gz.annotated.gz.exclusions.gz.alleles.gz
finished 9789_52_SYNE2_Nesprin_2.txt.gz.annotated.gz.exclusions.gz.alleles.gz
running 9790_28_BRSK2_BR_serine_threonine_kinase_2.txt.gz.annotated.gz.exclusions.gz.alleles.gz
finished 9790_28_BRSK2_BR_serine_threonine_kinase_2.txt.gz.annotated.gz.exclusions.gz.alleles.gz
running 9793_145_IGDCC4_IGDC4.txt.gz.annotated.gz.exclusions.gz.alleles.gz
finished 9793_145_IGDCC4_IGDC4.txt.gz.annotated.gz.exclusions.gz.alleles.gz
running 9794_17_ADCK4_ADCK4.txt.gz.annotated.gz.exclusions.gz.alleles.gz
finished 9794_17_ADCK4_ADCK4.txt.gz.annotated.gz.exclusions.gz.alleles.gz
running 9796_4_CEL_CEL.txt.gz.annotated.gz.exclusions.gz.alleles.gz
finished 9796_4_CEL_CEL.txt.gz.annotated.gz.exclusions.gz.alleles.gz
running 9800_20_NDUFB8_NDUB8.txt.gz.annotated.gz.exclusions.gz.alleles.gz
finished 9800_20_NDUFB8_NDUB8.txt.gz.annotated.gz.exclusions.gz.alleles.gz
running 9802_27_PNPLA2_PLPL2.txt.gz.annotated.gz.exclusions.gz.alleles.gz
finished 9802_27_PNPLA2_PLPL2.txt.gz.annotated.gz.exclusions.gz.alleles.gz
running 9805_51_SEMA4B_SEM4B.txt.gz.annotated.gz.exclusions.gz.alleles.gz
finished 9805_51_SEMA4B_SEM4B.txt.gz.annotated.gz.exclusions.gz.alleles.gz
running 9808_41_TNRC6B_TNR6B.txt.gz.annotated.gz.exclusions.gz.alleles.gz
finished 9808_41_TNRC6B_TNR6B.txt.gz.annotated.gz.exclusions.gz.alleles.gz
running 9815_5_ARHGAP1_RHG01.txt.gz.annotated.gz.exclusions.gz.alleles.gz
finished 9815_5_ARHGAP1_RHG01.txt.gz.annotated.gz.exclusions.gz.alleles.gz
running 9816_37_ISOC1_ISOC1.txt.gz.annotated.gz.exclusions.gz.alleles.gz
finished 9816_37_ISOC1_ISOC1.txt.gz.annotated.gz.exclusions.gz.alleles.gz
running 9819_110_NUP210_PO210.txt.gz.annotated.gz.exclusions.gz.alleles.gz
finished 9819_110_NUP210_PO210.txt.gz.annotated.gz.exclusions.gz.alleles.gz
