running 18158_45_CASP8_Caspase_8.txt.gz.annotated.gz.exclusions.gz.alleles.gz
finished 18158_45_CASP8_Caspase_8.txt.gz.annotated.gz.exclusions.gz.alleles.gz
running 18160_2_PCMT1_PIMT.txt.gz.annotated.gz.exclusions.gz.alleles.gz
finished 18160_2_PCMT1_PIMT.txt.gz.annotated.gz.exclusions.gz.alleles.gz
running 18162_167_IRAK4_IRAK4.txt.gz.annotated.gz.exclusions.gz.alleles.gz
finished 18162_167_IRAK4_IRAK4.txt.gz.annotated.gz.exclusions.gz.alleles.gz
running 18165_181_UBE2V2_UB2V2.txt.gz.annotated.gz.exclusions.gz.alleles.gz
finished 18165_181_UBE2V2_UB2V2.txt.gz.annotated.gz.exclusions.gz.alleles.gz
running 18166_4_RHOB_RHOB.txt.gz.annotated.gz.exclusions.gz.alleles.gz
finished 18166_4_RHOB_RHOB.txt.gz.annotated.gz.exclusions.gz.alleles.gz
running 18170_46_PYCR1_P5CR1.txt.gz.annotated.gz.exclusions.gz.alleles.gz
finished 18170_46_PYCR1_P5CR1.txt.gz.annotated.gz.exclusions.gz.alleles.gz
running 18172_71_ASF1A_ASF1A.txt.gz.annotated.gz.exclusions.gz.alleles.gz
finished 18172_71_ASF1A_ASF1A.txt.gz.annotated.gz.exclusions.gz.alleles.gz
running 18173_11_AKR7A3_ARK73.txt.gz.annotated.gz.exclusions.gz.alleles.gz
finished 18173_11_AKR7A3_ARK73.txt.gz.annotated.gz.exclusions.gz.alleles.gz
running 18174_79_PDCD6IP_PDC6I.txt.gz.annotated.gz.exclusions.gz.alleles.gz
finished 18174_79_PDCD6IP_PDC6I.txt.gz.annotated.gz.exclusions.gz.alleles.gz
running 18175_65_VAT1_VAT1.txt.gz.annotated.gz.exclusions.gz.alleles.gz
finished 18175_65_VAT1_VAT1.txt.gz.annotated.gz.exclusions.gz.alleles.gz
running 18177_49_NAE1_ULA1.txt.gz.annotated.gz.exclusions.gz.alleles.gz
finished 18177_49_NAE1_ULA1.txt.gz.annotated.gz.exclusions.gz.alleles.gz
running 18178_13_SARS_SYSC.txt.gz.annotated.gz.exclusions.gz.alleles.gz
finished 18178_13_SARS_SYSC.txt.gz.annotated.gz.exclusions.gz.alleles.gz
running 18179_56_SMS_SPSY.txt.gz.annotated.gz.exclusions.gz.alleles.gz
finished 18179_56_SMS_SPSY.txt.gz.annotated.gz.exclusions.gz.alleles.gz
running 18180_58_RTN4IP1_RT4I1.txt.gz.annotated.gz.exclusions.gz.alleles.gz
finished 18180_58_RTN4IP1_RT4I1.txt.gz.annotated.gz.exclusions.gz.alleles.gz
running 18181_2_TSSC4_TSSC4.txt.gz.annotated.gz.exclusions.gz.alleles.gz
finished 18181_2_TSSC4_TSSC4.txt.gz.annotated.gz.exclusions.gz.alleles.gz
running 18182_24_PCK1_PCKGC.txt.gz.annotated.gz.exclusions.gz.alleles.gz
finished 18182_24_PCK1_PCKGC.txt.gz.annotated.gz.exclusions.gz.alleles.gz
running 18183_3_LDLRAP1_ARH.txt.gz.annotated.gz.exclusions.gz.alleles.gz
finished 18183_3_LDLRAP1_ARH.txt.gz.annotated.gz.exclusions.gz.alleles.gz
running 18184_28_GMPS_GUAA.txt.gz.annotated.gz.exclusions.gz.alleles.gz
finished 18184_28_GMPS_GUAA.txt.gz.annotated.gz.exclusions.gz.alleles.gz
running 18185_118_ALDOB_ALDOB.txt.gz.annotated.gz.exclusions.gz.alleles.gz
finished 18185_118_ALDOB_ALDOB.txt.gz.annotated.gz.exclusions.gz.alleles.gz
running 18186_15_TARS_SYTC.txt.gz.annotated.gz.exclusions.gz.alleles.gz
finished 18186_15_TARS_SYTC.txt.gz.annotated.gz.exclusions.gz.alleles.gz
running 18187_16_ASPA_ACY2.txt.gz.annotated.gz.exclusions.gz.alleles.gz
finished 18187_16_ASPA_ACY2.txt.gz.annotated.gz.exclusions.gz.alleles.gz
running 18188_12_GATM_GATM.txt.gz.annotated.gz.exclusions.gz.alleles.gz
finished 18188_12_GATM_GATM.txt.gz.annotated.gz.exclusions.gz.alleles.gz
running 18189_12_VPS25_VPS25.txt.gz.annotated.gz.exclusions.gz.alleles.gz
finished 18189_12_VPS25_VPS25.txt.gz.annotated.gz.exclusions.gz.alleles.gz
running 18190_15_CARD18_ICBR.txt.gz.annotated.gz.exclusions.gz.alleles.gz
finished 18190_15_CARD18_ICBR.txt.gz.annotated.gz.exclusions.gz.alleles.gz
running 18191_23_RANBP1_RANG.txt.gz.annotated.gz.exclusions.gz.alleles.gz
finished 18191_23_RANBP1_RANG.txt.gz.annotated.gz.exclusions.gz.alleles.gz
running 18192_69_MAGEA5_MAGE_5.txt.gz.annotated.gz.exclusions.gz.alleles.gz
finished 18192_69_MAGEA5_MAGE_5.txt.gz.annotated.gz.exclusions.gz.alleles.gz
running 18193_165_MORF4L1_MO4L1.txt.gz.annotated.gz.exclusions.gz.alleles.gz
finished 18193_165_MORF4L1_MO4L1.txt.gz.annotated.gz.exclusions.gz.alleles.gz
running 18194_18_FABP9_FABP9.txt.gz.annotated.gz.exclusions.gz.alleles.gz
finished 18194_18_FABP9_FABP9.txt.gz.annotated.gz.exclusions.gz.alleles.gz
running 18195_3_ORAOV1_ORAV1.txt.gz.annotated.gz.exclusions.gz.alleles.gz
finished 18195_3_ORAOV1_ORAV1.txt.gz.annotated.gz.exclusions.gz.alleles.gz
running 18197_97_CKMT2_KCRS.txt.gz.annotated.gz.exclusions.gz.alleles.gz
finished 18197_97_CKMT2_KCRS.txt.gz.annotated.gz.exclusions.gz.alleles.gz
running 18198_51_HBQ1_HBAT.txt.gz.annotated.gz.exclusions.gz.alleles.gz
finished 18198_51_HBQ1_HBAT.txt.gz.annotated.gz.exclusions.gz.alleles.gz
running 18202_22_CD37_CD37.txt.gz.annotated.gz.exclusions.gz.alleles.gz
finished 18202_22_CD37_CD37.txt.gz.annotated.gz.exclusions.gz.alleles.gz
running 18204_1_TCEA1_TCEA1.txt.gz.annotated.gz.exclusions.gz.alleles.gz
finished 18204_1_TCEA1_TCEA1.txt.gz.annotated.gz.exclusions.gz.alleles.gz
running 18205_123_MAGEA6_MAGE_6.txt.gz.annotated.gz.exclusions.gz.alleles.gz
finished 18205_123_MAGEA6_MAGE_6.txt.gz.annotated.gz.exclusions.gz.alleles.gz
running 18206_18_ADH6_ADH6.txt.gz.annotated.gz.exclusions.gz.alleles.gz
finished 18206_18_ADH6_ADH6.txt.gz.annotated.gz.exclusions.gz.alleles.gz
running 18208_3_CCNB2_CCNB2.txt.gz.annotated.gz.exclusions.gz.alleles.gz
finished 18208_3_CCNB2_CCNB2.txt.gz.annotated.gz.exclusions.gz.alleles.gz
running 18210_12_SPIN1_SPIN1.txt.gz.annotated.gz.exclusions.gz.alleles.gz
finished 18210_12_SPIN1_SPIN1.txt.gz.annotated.gz.exclusions.gz.alleles.gz
running 18213_30_UBE2F_UBE2F.txt.gz.annotated.gz.exclusions.gz.alleles.gz
finished 18213_30_UBE2F_UBE2F.txt.gz.annotated.gz.exclusions.gz.alleles.gz
running 18214_2_GCLM_GSH0.txt.gz.annotated.gz.exclusions.gz.alleles.gz
finished 18214_2_GCLM_GSH0.txt.gz.annotated.gz.exclusions.gz.alleles.gz
running 18215_5_THG1L_THG1.txt.gz.annotated.gz.exclusions.gz.alleles.gz
finished 18215_5_THG1L_THG1.txt.gz.annotated.gz.exclusions.gz.alleles.gz
running 18216_22_IL11RA_IL_11_RA.txt.gz.annotated.gz.exclusions.gz.alleles.gz
finished 18216_22_IL11RA_IL_11_RA.txt.gz.annotated.gz.exclusions.gz.alleles.gz
running 18218_48_CNRIP1_CB032.txt.gz.annotated.gz.exclusions.gz.alleles.gz
finished 18218_48_CNRIP1_CB032.txt.gz.annotated.gz.exclusions.gz.alleles.gz
running 18220_141_SRA1_SRA1.txt.gz.annotated.gz.exclusions.gz.alleles.gz
finished 18220_141_SRA1_SRA1.txt.gz.annotated.gz.exclusions.gz.alleles.gz
running 18222_34_SH3GLB2_SHLB2.txt.gz.annotated.gz.exclusions.gz.alleles.gz
finished 18222_34_SH3GLB2_SHLB2.txt.gz.annotated.gz.exclusions.gz.alleles.gz
running 18225_13_HEBP1_HEBP1.txt.gz.annotated.gz.exclusions.gz.alleles.gz
finished 18225_13_HEBP1_HEBP1.txt.gz.annotated.gz.exclusions.gz.alleles.gz
running 18226_148_COX5A_COX5A.txt.gz.annotated.gz.exclusions.gz.alleles.gz
finished 18226_148_COX5A_COX5A.txt.gz.annotated.gz.exclusions.gz.alleles.gz
running 18227_3_CDK2AP2_CDKA2.txt.gz.annotated.gz.exclusions.gz.alleles.gz
finished 18227_3_CDK2AP2_CDKA2.txt.gz.annotated.gz.exclusions.gz.alleles.gz
running 18228_30_NOP16_NOP16.txt.gz.annotated.gz.exclusions.gz.alleles.gz
finished 18228_30_NOP16_NOP16.txt.gz.annotated.gz.exclusions.gz.alleles.gz
running 18231_147_PRND_PRND.txt.gz.annotated.gz.exclusions.gz.alleles.gz
finished 18231_147_PRND_PRND.txt.gz.annotated.gz.exclusions.gz.alleles.gz
running 18232_42_PIP4K2B_PI42B.txt.gz.annotated.gz.exclusions.gz.alleles.gz
finished 18232_42_PIP4K2B_PI42B.txt.gz.annotated.gz.exclusions.gz.alleles.gz
running 18235_16_PGP_PGP.txt.gz.annotated.gz.exclusions.gz.alleles.gz
finished 18235_16_PGP_PGP.txt.gz.annotated.gz.exclusions.gz.alleles.gz
running 18236_3_HSPC159_LEGL.txt.gz.annotated.gz.exclusions.gz.alleles.gz
finished 18236_3_HSPC159_LEGL.txt.gz.annotated.gz.exclusions.gz.alleles.gz
running 18237_29_NRIP3_NRIP3.txt.gz.annotated.gz.exclusions.gz.alleles.gz
finished 18237_29_NRIP3_NRIP3.txt.gz.annotated.gz.exclusions.gz.alleles.gz
running 18240_6_OMP_OMP.txt.gz.annotated.gz.exclusions.gz.alleles.gz
finished 18240_6_OMP_OMP.txt.gz.annotated.gz.exclusions.gz.alleles.gz
running 18241_18_CPOX_HEM6.txt.gz.annotated.gz.exclusions.gz.alleles.gz
finished 18241_18_CPOX_HEM6.txt.gz.annotated.gz.exclusions.gz.alleles.gz
running 18242_8_SPA17_Sperm_protein_17.txt.gz.annotated.gz.exclusions.gz.alleles.gz
finished 18242_8_SPA17_Sperm_protein_17.txt.gz.annotated.gz.exclusions.gz.alleles.gz
running 18243_9_CMPK1_Cytidylate_kinase.txt.gz.annotated.gz.exclusions.gz.alleles.gz
finished 18243_9_CMPK1_Cytidylate_kinase.txt.gz.annotated.gz.exclusions.gz.alleles.gz
running 18244_1_ANXA7_ANXA7.txt.gz.annotated.gz.exclusions.gz.alleles.gz
finished 18244_1_ANXA7_ANXA7.txt.gz.annotated.gz.exclusions.gz.alleles.gz
running 18255_6_CYB5R1_NB5R1.txt.gz.annotated.gz.exclusions.gz.alleles.gz
finished 18255_6_CYB5R1_NB5R1.txt.gz.annotated.gz.exclusions.gz.alleles.gz
running 18257_64_SRP19_SRP19.txt.gz.annotated.gz.exclusions.gz.alleles.gz
finished 18257_64_SRP19_SRP19.txt.gz.annotated.gz.exclusions.gz.alleles.gz
running 18259_15_MEOX2_MEOX2.txt.gz.annotated.gz.exclusions.gz.alleles.gz
finished 18259_15_MEOX2_MEOX2.txt.gz.annotated.gz.exclusions.gz.alleles.gz
running 18261_34_NATD1_NATD1.txt.gz.annotated.gz.exclusions.gz.alleles.gz
finished 18261_34_NATD1_NATD1.txt.gz.annotated.gz.exclusions.gz.alleles.gz
running 18264_12_CCDC25_CCD25.txt.gz.annotated.gz.exclusions.gz.alleles.gz
finished 18264_12_CCDC25_CCD25.txt.gz.annotated.gz.exclusions.gz.alleles.gz
running 18265_18_ZNF34_ZNF34.txt.gz.annotated.gz.exclusions.gz.alleles.gz
finished 18265_18_ZNF34_ZNF34.txt.gz.annotated.gz.exclusions.gz.alleles.gz
running 18267_74_CARD17_CAR17.txt.gz.annotated.gz.exclusions.gz.alleles.gz
finished 18267_74_CARD17_CAR17.txt.gz.annotated.gz.exclusions.gz.alleles.gz
running 18268_5_GAGE2A_GAG2A.txt.gz.annotated.gz.exclusions.gz.alleles.gz
finished 18268_5_GAGE2A_GAG2A.txt.gz.annotated.gz.exclusions.gz.alleles.gz
running 18270_10_TAF10_TAF10.txt.gz.annotated.gz.exclusions.gz.alleles.gz
finished 18270_10_TAF10_TAF10.txt.gz.annotated.gz.exclusions.gz.alleles.gz
running 18271_43_OXSM_OXSM.txt.gz.annotated.gz.exclusions.gz.alleles.gz
finished 18271_43_OXSM_OXSM.txt.gz.annotated.gz.exclusions.gz.alleles.gz
running 18273_14_GAGE2D_GGE2D.txt.gz.annotated.gz.exclusions.gz.alleles.gz
finished 18273_14_GAGE2D_GGE2D.txt.gz.annotated.gz.exclusions.gz.alleles.gz
running 18274_2_SERF2_SERF2.txt.gz.annotated.gz.exclusions.gz.alleles.gz
finished 18274_2_SERF2_SERF2.txt.gz.annotated.gz.exclusions.gz.alleles.gz
running 18275_5_CRIP1_CRIP1.txt.gz.annotated.gz.exclusions.gz.alleles.gz
finished 18275_5_CRIP1_CRIP1.txt.gz.annotated.gz.exclusions.gz.alleles.gz
running 18276_34_TCL1B_TCL1B.txt.gz.annotated.gz.exclusions.gz.alleles.gz
finished 18276_34_TCL1B_TCL1B.txt.gz.annotated.gz.exclusions.gz.alleles.gz
running 18277_28_TRIAP1_TRIA1.txt.gz.annotated.gz.exclusions.gz.alleles.gz
finished 18277_28_TRIAP1_TRIA1.txt.gz.annotated.gz.exclusions.gz.alleles.gz
running 18280_29_DTD2_DTD2.txt.gz.annotated.gz.exclusions.gz.alleles.gz
finished 18280_29_DTD2_DTD2.txt.gz.annotated.gz.exclusions.gz.alleles.gz
running 18282_1_GNG11_GBG11.txt.gz.annotated.gz.exclusions.gz.alleles.gz
finished 18282_1_GNG11_GBG11.txt.gz.annotated.gz.exclusions.gz.alleles.gz
running 18284_77_WWC1_WWC1.txt.gz.annotated.gz.exclusions.gz.alleles.gz
finished 18284_77_WWC1_WWC1.txt.gz.annotated.gz.exclusions.gz.alleles.gz
running 18285_6_SVIP_SVIP.txt.gz.annotated.gz.exclusions.gz.alleles.gz
finished 18285_6_SVIP_SVIP.txt.gz.annotated.gz.exclusions.gz.alleles.gz
running 18286_3_ZWINT_ZWINT.txt.gz.annotated.gz.exclusions.gz.alleles.gz
finished 18286_3_ZWINT_ZWINT.txt.gz.annotated.gz.exclusions.gz.alleles.gz
running 18289_16_CCL15_MIP_5.txt.gz.annotated.gz.exclusions.gz.alleles.gz
finished 18289_16_CCL15_MIP_5.txt.gz.annotated.gz.exclusions.gz.alleles.gz
running 18290_6_ANXA8_Annexin_A8.txt.gz.annotated.gz.exclusions.gz.alleles.gz
finished 18290_6_ANXA8_Annexin_A8.txt.gz.annotated.gz.exclusions.gz.alleles.gz
