running 13570_43_HDLBP_VIGLN.txt.gz.annotated.gz.exclusions.gz.alleles.gz
finished 13570_43_HDLBP_VIGLN.txt.gz.annotated.gz.exclusions.gz.alleles.gz
running 13572_43_PSMD11_PSD11.txt.gz.annotated.gz.exclusions.gz.alleles.gz
finished 13572_43_PSMD11_PSD11.txt.gz.annotated.gz.exclusions.gz.alleles.gz
running 13573_5_ARPC3_p21_ARC.txt.gz.annotated.gz.exclusions.gz.alleles.gz
finished 13573_5_ARPC3_p21_ARC.txt.gz.annotated.gz.exclusions.gz.alleles.gz
running 13574_50_RND1_RND1.txt.gz.annotated.gz.exclusions.gz.alleles.gz
finished 13574_50_RND1_RND1.txt.gz.annotated.gz.exclusions.gz.alleles.gz
running 13575_40_DVL2_DVL2.txt.gz.annotated.gz.exclusions.gz.alleles.gz
finished 13575_40_DVL2_DVL2.txt.gz.annotated.gz.exclusions.gz.alleles.gz
running 13577_25_U2AF2_U2AF2.txt.gz.annotated.gz.exclusions.gz.alleles.gz
finished 13577_25_U2AF2_U2AF2.txt.gz.annotated.gz.exclusions.gz.alleles.gz
running 13578_98_ABLIM3_ABLM3.txt.gz.annotated.gz.exclusions.gz.alleles.gz
finished 13578_98_ABLIM3_ABLM3.txt.gz.annotated.gz.exclusions.gz.alleles.gz
running 13580_2_UAP1_Sperm_associated_antigen_2.txt.gz.annotated.gz.exclusions.gz.alleles.gz
finished 13580_2_UAP1_Sperm_associated_antigen_2.txt.gz.annotated.gz.exclusions.gz.alleles.gz
running 13583_19_APAF1_Apaf_1.txt.gz.annotated.gz.exclusions.gz.alleles.gz
finished 13583_19_APAF1_Apaf_1.txt.gz.annotated.gz.exclusions.gz.alleles.gz
running 13587_10_RACGAP1_RGAP1.txt.gz.annotated.gz.exclusions.gz.alleles.gz
finished 13587_10_RACGAP1_RGAP1.txt.gz.annotated.gz.exclusions.gz.alleles.gz
running 13588_11_ANXA9_ANXA9.txt.gz.annotated.gz.exclusions.gz.alleles.gz
finished 13588_11_ANXA9_ANXA9.txt.gz.annotated.gz.exclusions.gz.alleles.gz
running 13589_10_APBB3_APBB3.txt.gz.annotated.gz.exclusions.gz.alleles.gz
finished 13589_10_APBB3_APBB3.txt.gz.annotated.gz.exclusions.gz.alleles.gz
running 13590_1_REXO2_ORN.txt.gz.annotated.gz.exclusions.gz.alleles.gz
finished 13590_1_REXO2_ORN.txt.gz.annotated.gz.exclusions.gz.alleles.gz
running 13591_31_PRIM1_PRI1.txt.gz.annotated.gz.exclusions.gz.alleles.gz
finished 13591_31_PRIM1_PRI1.txt.gz.annotated.gz.exclusions.gz.alleles.gz
running 13594_158_GGA1_GGA1.txt.gz.annotated.gz.exclusions.gz.alleles.gz
finished 13594_158_GGA1_GGA1.txt.gz.annotated.gz.exclusions.gz.alleles.gz
running 13595_20_THTPA_THTPA.txt.gz.annotated.gz.exclusions.gz.alleles.gz
finished 13595_20_THTPA_THTPA.txt.gz.annotated.gz.exclusions.gz.alleles.gz
running 13596_3_RAB27B_RB27B.txt.gz.annotated.gz.exclusions.gz.alleles.gz
finished 13596_3_RAB27B_RB27B.txt.gz.annotated.gz.exclusions.gz.alleles.gz
running 13597_20_RAB31_RAB31.txt.gz.annotated.gz.exclusions.gz.alleles.gz
finished 13597_20_RAB31_RAB31.txt.gz.annotated.gz.exclusions.gz.alleles.gz
running 13599_15_RABEPK_RABEK.txt.gz.annotated.gz.exclusions.gz.alleles.gz
finished 13599_15_RABEPK_RABEK.txt.gz.annotated.gz.exclusions.gz.alleles.gz
running 13602_6_NHP2L1_NH2L1.txt.gz.annotated.gz.exclusions.gz.alleles.gz
finished 13602_6_NHP2L1_NH2L1.txt.gz.annotated.gz.exclusions.gz.alleles.gz
running 13603_7_RFESD_RFESD.txt.gz.annotated.gz.exclusions.gz.alleles.gz
finished 13603_7_RFESD_RFESD.txt.gz.annotated.gz.exclusions.gz.alleles.gz
running 13604_27_NEURL1_NEUL1.txt.gz.annotated.gz.exclusions.gz.alleles.gz
finished 13604_27_NEURL1_NEUL1.txt.gz.annotated.gz.exclusions.gz.alleles.gz
running 13605_16_ANXA10_ANX10.txt.gz.annotated.gz.exclusions.gz.alleles.gz
finished 13605_16_ANXA10_ANX10.txt.gz.annotated.gz.exclusions.gz.alleles.gz
running 13609_11_GTF2I_GTF2I.txt.gz.annotated.gz.exclusions.gz.alleles.gz
finished 13609_11_GTF2I_GTF2I.txt.gz.annotated.gz.exclusions.gz.alleles.gz
running 13610_9_MAGEA10_MAGE_10.txt.gz.annotated.gz.exclusions.gz.alleles.gz
finished 13610_9_MAGEA10_MAGE_10.txt.gz.annotated.gz.exclusions.gz.alleles.gz
running 13612_7_CYTIP_CYTIP.txt.gz.annotated.gz.exclusions.gz.alleles.gz
finished 13612_7_CYTIP_CYTIP.txt.gz.annotated.gz.exclusions.gz.alleles.gz
running 13613_23_AK5_Adenylate_kinase_isoenzyme_5.txt.gz.annotated.gz.exclusions.gz.alleles.gz
finished 13613_23_AK5_Adenylate_kinase_isoenzyme_5.txt.gz.annotated.gz.exclusions.gz.alleles.gz
running 13614_6_CREBBP_CREB_binding_protein.txt.gz.annotated.gz.exclusions.gz.alleles.gz
finished 13614_6_CREBBP_CREB_binding_protein.txt.gz.annotated.gz.exclusions.gz.alleles.gz
running 13615_60_NCK2_NCK2.txt.gz.annotated.gz.exclusions.gz.alleles.gz
finished 13615_60_NCK2_NCK2.txt.gz.annotated.gz.exclusions.gz.alleles.gz
running 13618_15_MAD1L1_MD1L1.txt.gz.annotated.gz.exclusions.gz.alleles.gz
finished 13618_15_MAD1L1_MD1L1.txt.gz.annotated.gz.exclusions.gz.alleles.gz
running 13620_10_ASNA1_ASNA.txt.gz.annotated.gz.exclusions.gz.alleles.gz
finished 13620_10_ASNA1_ASNA.txt.gz.annotated.gz.exclusions.gz.alleles.gz
running 13621_31_AP2A2_AP2A2.txt.gz.annotated.gz.exclusions.gz.alleles.gz
finished 13621_31_AP2A2_AP2A2.txt.gz.annotated.gz.exclusions.gz.alleles.gz
running 13622_16_PPP2R5A_2A5A.txt.gz.annotated.gz.exclusions.gz.alleles.gz
finished 13622_16_PPP2R5A_2A5A.txt.gz.annotated.gz.exclusions.gz.alleles.gz
running 13623_4_MLL2_MLL2.txt.gz.annotated.gz.exclusions.gz.alleles.gz
finished 13623_4_MLL2_MLL2.txt.gz.annotated.gz.exclusions.gz.alleles.gz
running 13624_17_NADK_NADK.txt.gz.annotated.gz.exclusions.gz.alleles.gz
finished 13624_17_NADK_NADK.txt.gz.annotated.gz.exclusions.gz.alleles.gz
running 13625_19_SSB_LA.txt.gz.annotated.gz.exclusions.gz.alleles.gz
finished 13625_19_SSB_LA.txt.gz.annotated.gz.exclusions.gz.alleles.gz
running 13628_58_GRB14_GRB14.txt.gz.annotated.gz.exclusions.gz.alleles.gz
finished 13628_58_GRB14_GRB14.txt.gz.annotated.gz.exclusions.gz.alleles.gz
running 13629_25_ATG4B_ATG4B.txt.gz.annotated.gz.exclusions.gz.alleles.gz
finished 13629_25_ATG4B_ATG4B.txt.gz.annotated.gz.exclusions.gz.alleles.gz
running 13631_1_RBBP5_RB_binding_protein_5.txt.gz.annotated.gz.exclusions.gz.alleles.gz
finished 13631_1_RBBP5_RB_binding_protein_5.txt.gz.annotated.gz.exclusions.gz.alleles.gz
running 13632_10_ZYX_Zyxin.txt.gz.annotated.gz.exclusions.gz.alleles.gz
finished 13632_10_ZYX_Zyxin.txt.gz.annotated.gz.exclusions.gz.alleles.gz
running 13634_209_PIR_PIR.txt.gz.annotated.gz.exclusions.gz.alleles.gz
finished 13634_209_PIR_PIR.txt.gz.annotated.gz.exclusions.gz.alleles.gz
running 13636_20_NAP1L1_NP1L1.txt.gz.annotated.gz.exclusions.gz.alleles.gz
finished 13636_20_NAP1L1_NP1L1.txt.gz.annotated.gz.exclusions.gz.alleles.gz
running 13639_101_USO1_USO1.txt.gz.annotated.gz.exclusions.gz.alleles.gz
finished 13639_101_USO1_USO1.txt.gz.annotated.gz.exclusions.gz.alleles.gz
running 13642_90_IFIT3_CIG49.txt.gz.annotated.gz.exclusions.gz.alleles.gz
finished 13642_90_IFIT3_CIG49.txt.gz.annotated.gz.exclusions.gz.alleles.gz
running 13644_30_HGS_HGS.txt.gz.annotated.gz.exclusions.gz.alleles.gz
finished 13644_30_HGS_HGS.txt.gz.annotated.gz.exclusions.gz.alleles.gz
running 13645_14_DHX38_PRP16.txt.gz.annotated.gz.exclusions.gz.alleles.gz
finished 13645_14_DHX38_PRP16.txt.gz.annotated.gz.exclusions.gz.alleles.gz
running 13650_11_KCNIP1_KCIP1.txt.gz.annotated.gz.exclusions.gz.alleles.gz
finished 13650_11_KCNIP1_KCIP1.txt.gz.annotated.gz.exclusions.gz.alleles.gz
running 13651_54_ZFP91_ZFP91.txt.gz.annotated.gz.exclusions.gz.alleles.gz
finished 13651_54_ZFP91_ZFP91.txt.gz.annotated.gz.exclusions.gz.alleles.gz
running 13652_2_TOM1L1_TM1L1.txt.gz.annotated.gz.exclusions.gz.alleles.gz
finished 13652_2_TOM1L1_TM1L1.txt.gz.annotated.gz.exclusions.gz.alleles.gz
running 13653_335_MACROD1_MACD1.txt.gz.annotated.gz.exclusions.gz.alleles.gz
finished 13653_335_MACROD1_MACD1.txt.gz.annotated.gz.exclusions.gz.alleles.gz
running 13654_1_ROCK2_ROCK2.txt.gz.annotated.gz.exclusions.gz.alleles.gz
finished 13654_1_ROCK2_ROCK2.txt.gz.annotated.gz.exclusions.gz.alleles.gz
running 13655_34_NCL_Nucleolin.txt.gz.annotated.gz.exclusions.gz.alleles.gz
finished 13655_34_NCL_Nucleolin.txt.gz.annotated.gz.exclusions.gz.alleles.gz
running 13657_2_PNKP_PNKP.txt.gz.annotated.gz.exclusions.gz.alleles.gz
finished 13657_2_PNKP_PNKP.txt.gz.annotated.gz.exclusions.gz.alleles.gz
running 13658_31_PDGFC_PDGF_CC.txt.gz.annotated.gz.exclusions.gz.alleles.gz
finished 13658_31_PDGFC_PDGF_CC.txt.gz.annotated.gz.exclusions.gz.alleles.gz
running 13659_36_ATP13A1_AT131.txt.gz.annotated.gz.exclusions.gz.alleles.gz
finished 13659_36_ATP13A1_AT131.txt.gz.annotated.gz.exclusions.gz.alleles.gz
running 13665_35_PPP2R3A_PP2A__subunit_B.txt.gz.annotated.gz.exclusions.gz.alleles.gz
finished 13665_35_PPP2R3A_PP2A__subunit_B.txt.gz.annotated.gz.exclusions.gz.alleles.gz
running 13666_222_CA10_Carbonic_Anhydrase_X.txt.gz.annotated.gz.exclusions.gz.alleles.gz
finished 13666_222_CA10_Carbonic_Anhydrase_X.txt.gz.annotated.gz.exclusions.gz.alleles.gz
running 13669_6_FGFR3_FGFR_3.txt.gz.annotated.gz.exclusions.gz.alleles.gz
finished 13669_6_FGFR3_FGFR_3.txt.gz.annotated.gz.exclusions.gz.alleles.gz
running 13671_40_ELANE_Elastase.txt.gz.annotated.gz.exclusions.gz.alleles.gz
finished 13671_40_ELANE_Elastase.txt.gz.annotated.gz.exclusions.gz.alleles.gz
running 13672_3_HSPA6_HSP76.txt.gz.annotated.gz.exclusions.gz.alleles.gz
finished 13672_3_HSPA6_HSP76.txt.gz.annotated.gz.exclusions.gz.alleles.gz
running 13673_21_CCT7_TCPH.txt.gz.annotated.gz.exclusions.gz.alleles.gz
finished 13673_21_CCT7_TCPH.txt.gz.annotated.gz.exclusions.gz.alleles.gz
running 13676_46_INHBB_Inhibin_bB_chain.txt.gz.annotated.gz.exclusions.gz.alleles.gz
finished 13676_46_INHBB_Inhibin_bB_chain.txt.gz.annotated.gz.exclusions.gz.alleles.gz
running 13680_3_NAB2_NAB2.txt.gz.annotated.gz.exclusions.gz.alleles.gz
finished 13680_3_NAB2_NAB2.txt.gz.annotated.gz.exclusions.gz.alleles.gz
running 13681_173_CSNK2A2_CSK22.txt.gz.annotated.gz.exclusions.gz.alleles.gz
finished 13681_173_CSNK2A2_CSK22.txt.gz.annotated.gz.exclusions.gz.alleles.gz
running 13682_47_CSF1R_M_CSF_R.txt.gz.annotated.gz.exclusions.gz.alleles.gz
finished 13682_47_CSF1R_M_CSF_R.txt.gz.annotated.gz.exclusions.gz.alleles.gz
running 13683_18_CLCNKB_CLCKB.txt.gz.annotated.gz.exclusions.gz.alleles.gz
finished 13683_18_CLCNKB_CLCKB.txt.gz.annotated.gz.exclusions.gz.alleles.gz
running 13686_2_IL5RA_IL_5_Ra.txt.gz.annotated.gz.exclusions.gz.alleles.gz
finished 13686_2_IL5RA_IL_5_Ra.txt.gz.annotated.gz.exclusions.gz.alleles.gz
running 13688_2_CAPSL_CAPSL.txt.gz.annotated.gz.exclusions.gz.alleles.gz
finished 13688_2_CAPSL_CAPSL.txt.gz.annotated.gz.exclusions.gz.alleles.gz
running 13689_2_ODC1_Ornithine_decarboxylase.txt.gz.annotated.gz.exclusions.gz.alleles.gz
finished 13689_2_ODC1_Ornithine_decarboxylase.txt.gz.annotated.gz.exclusions.gz.alleles.gz
running 13691_10_SLC5A8_SC5A8.txt.gz.annotated.gz.exclusions.gz.alleles.gz
finished 13691_10_SLC5A8_SC5A8.txt.gz.annotated.gz.exclusions.gz.alleles.gz
running 13692_154_WISP1_WISP_1.txt.gz.annotated.gz.exclusions.gz.alleles.gz
finished 13692_154_WISP1_WISP_1.txt.gz.annotated.gz.exclusions.gz.alleles.gz
running 13694_24_CRLF2_TSLP_R.txt.gz.annotated.gz.exclusions.gz.alleles.gz
finished 13694_24_CRLF2_TSLP_R.txt.gz.annotated.gz.exclusions.gz.alleles.gz
running 13697_51_GPD1_GPDA.txt.gz.annotated.gz.exclusions.gz.alleles.gz
finished 13697_51_GPD1_GPDA.txt.gz.annotated.gz.exclusions.gz.alleles.gz
running 13698_28_KIAA0319L_K319L.txt.gz.annotated.gz.exclusions.gz.alleles.gz
finished 13698_28_KIAA0319L_K319L.txt.gz.annotated.gz.exclusions.gz.alleles.gz
running 13700_10_ANXA2_annexin_II.txt.gz.annotated.gz.exclusions.gz.alleles.gz
finished 13700_10_ANXA2_annexin_II.txt.gz.annotated.gz.exclusions.gz.alleles.gz
running 13704_5_HMGCS2_HMCS2.txt.gz.annotated.gz.exclusions.gz.alleles.gz
finished 13704_5_HMGCS2_HMCS2.txt.gz.annotated.gz.exclusions.gz.alleles.gz
running 13711_10_CLTC_CLH1.txt.gz.annotated.gz.exclusions.gz.alleles.gz
finished 13711_10_CLTC_CLH1.txt.gz.annotated.gz.exclusions.gz.alleles.gz
running 13713_164_SEC22A_SC22A.txt.gz.annotated.gz.exclusions.gz.alleles.gz
finished 13713_164_SEC22A_SC22A.txt.gz.annotated.gz.exclusions.gz.alleles.gz
running 13717_15_FCN2_FCN2.txt.gz.annotated.gz.exclusions.gz.alleles.gz
finished 13717_15_FCN2_FCN2.txt.gz.annotated.gz.exclusions.gz.alleles.gz
running 13719_19_PAK4_PAK4.txt.gz.annotated.gz.exclusions.gz.alleles.gz
finished 13719_19_PAK4_PAK4.txt.gz.annotated.gz.exclusions.gz.alleles.gz
