running 9185_15_TFF1_TFF1.txt.gz.annotated.gz.exclusions.gz.alleles.gz
finished 9185_15_TFF1_TFF1.txt.gz.annotated.gz.exclusions.gz.alleles.gz
running 9187_2_HMGN1_HMGN1.txt.gz.annotated.gz.exclusions.gz.alleles.gz
finished 9187_2_HMGN1_HMGN1.txt.gz.annotated.gz.exclusions.gz.alleles.gz
running 9188_119_CXCL9_MIG.txt.gz.annotated.gz.exclusions.gz.alleles.gz
finished 9188_119_CXCL9_MIG.txt.gz.annotated.gz.exclusions.gz.alleles.gz
running 9190_7_CD63_CD63.txt.gz.annotated.gz.exclusions.gz.alleles.gz
finished 9190_7_CD63_CD63.txt.gz.annotated.gz.exclusions.gz.alleles.gz
running 9191_8_TFF2_Trefoil_factor_2.txt.gz.annotated.gz.exclusions.gz.alleles.gz
finished 9191_8_TFF2_Trefoil_factor_2.txt.gz.annotated.gz.exclusions.gz.alleles.gz
running 9196_8_LGALS7_Galectin_7.txt.gz.annotated.gz.exclusions.gz.alleles.gz
finished 9196_8_LGALS7_Galectin_7.txt.gz.annotated.gz.exclusions.gz.alleles.gz
running 9197_4_LGALS9_LEG9.txt.gz.annotated.gz.exclusions.gz.alleles.gz
finished 9197_4_LGALS9_LEG9.txt.gz.annotated.gz.exclusions.gz.alleles.gz
running 9199_6_UBE2G2_UB2G2.txt.gz.annotated.gz.exclusions.gz.alleles.gz
finished 9199_6_UBE2G2_UB2G2.txt.gz.annotated.gz.exclusions.gz.alleles.gz
running 9201_13_TAGLN2_Transgelin_2.txt.gz.annotated.gz.exclusions.gz.alleles.gz
finished 9201_13_TAGLN2_Transgelin_2.txt.gz.annotated.gz.exclusions.gz.alleles.gz
running 9202_309_ATP5O_ATPO.txt.gz.annotated.gz.exclusions.gz.alleles.gz
finished 9202_309_ATP5O_ATPO.txt.gz.annotated.gz.exclusions.gz.alleles.gz
running 9204_33_POMC_Corticotropin_lipotropin.txt.gz.annotated.gz.exclusions.gz.alleles.gz
finished 9204_33_POMC_Corticotropin_lipotropin.txt.gz.annotated.gz.exclusions.gz.alleles.gz
running 9207_60_CRYZL1_QORL1.txt.gz.annotated.gz.exclusions.gz.alleles.gz
finished 9207_60_CRYZL1_QORL1.txt.gz.annotated.gz.exclusions.gz.alleles.gz
running 9211_19_SERPINF1_PEDF.txt.gz.annotated.gz.exclusions.gz.alleles.gz
finished 9211_19_SERPINF1_PEDF.txt.gz.annotated.gz.exclusions.gz.alleles.gz
running 9212_22_CTSF_CATF.txt.gz.annotated.gz.exclusions.gz.alleles.gz
finished 9212_22_CTSF_CATF.txt.gz.annotated.gz.exclusions.gz.alleles.gz
running 9213_24_FTCD_FTCD.txt.gz.annotated.gz.exclusions.gz.alleles.gz
finished 9213_24_FTCD_FTCD.txt.gz.annotated.gz.exclusions.gz.alleles.gz
running 9215_117_USP25_UBP25.txt.gz.annotated.gz.exclusions.gz.alleles.gz
finished 9215_117_USP25_UBP25.txt.gz.annotated.gz.exclusions.gz.alleles.gz
running 9216_100_PLXNB2_PLXB2.txt.gz.annotated.gz.exclusions.gz.alleles.gz
finished 9216_100_PLXNB2_PLXB2.txt.gz.annotated.gz.exclusions.gz.alleles.gz
running 9219_70_NENF_NENF.txt.gz.annotated.gz.exclusions.gz.alleles.gz
finished 9219_70_NENF_NENF.txt.gz.annotated.gz.exclusions.gz.alleles.gz
running 9220_7_EPHB3_EPHB3.txt.gz.annotated.gz.exclusions.gz.alleles.gz
finished 9220_7_EPHB3_EPHB3.txt.gz.annotated.gz.exclusions.gz.alleles.gz
running 9221_6_ITPRIPL1_IPIL1.txt.gz.annotated.gz.exclusions.gz.alleles.gz
finished 9221_6_ITPRIPL1_IPIL1.txt.gz.annotated.gz.exclusions.gz.alleles.gz
running 9223_11_MANF_ARMET.txt.gz.annotated.gz.exclusions.gz.alleles.gz
finished 9223_11_MANF_ARMET.txt.gz.annotated.gz.exclusions.gz.alleles.gz
running 9226_6_TMUB2_TMUB2.txt.gz.annotated.gz.exclusions.gz.alleles.gz
finished 9226_6_TMUB2_TMUB2.txt.gz.annotated.gz.exclusions.gz.alleles.gz
running 9229_9_CTRL_CTRL.txt.gz.annotated.gz.exclusions.gz.alleles.gz
finished 9229_9_CTRL_CTRL.txt.gz.annotated.gz.exclusions.gz.alleles.gz
running 9231_23_IMPAD1_IMPA3.txt.gz.annotated.gz.exclusions.gz.alleles.gz
finished 9231_23_IMPAD1_IMPA3.txt.gz.annotated.gz.exclusions.gz.alleles.gz
running 9233_71_TFPI2_TFPI__2.txt.gz.annotated.gz.exclusions.gz.alleles.gz
finished 9233_71_TFPI2_TFPI__2.txt.gz.annotated.gz.exclusions.gz.alleles.gz
running 9234_8_TWSG1_TWSG1.txt.gz.annotated.gz.exclusions.gz.alleles.gz
finished 9234_8_TWSG1_TWSG1.txt.gz.annotated.gz.exclusions.gz.alleles.gz
running 9235_3_PLXDC1_PXDC1.txt.gz.annotated.gz.exclusions.gz.alleles.gz
finished 9235_3_PLXDC1_PXDC1.txt.gz.annotated.gz.exclusions.gz.alleles.gz
running 9237_54_ACP2_Lysosomal_acid_phosphatase.txt.gz.annotated.gz.exclusions.gz.alleles.gz
finished 9237_54_ACP2_Lysosomal_acid_phosphatase.txt.gz.annotated.gz.exclusions.gz.alleles.gz
running 9241_40_SIRPG_SIRPG.txt.gz.annotated.gz.exclusions.gz.alleles.gz
finished 9241_40_SIRPG_SIRPG.txt.gz.annotated.gz.exclusions.gz.alleles.gz
running 9243_10_LYG1_LYG1.txt.gz.annotated.gz.exclusions.gz.alleles.gz
finished 9243_10_LYG1_LYG1.txt.gz.annotated.gz.exclusions.gz.alleles.gz
running 9244_27_PPT1_PPT1.txt.gz.annotated.gz.exclusions.gz.alleles.gz
finished 9244_27_PPT1_PPT1.txt.gz.annotated.gz.exclusions.gz.alleles.gz
running 9248_36_MYDGF_CS010.txt.gz.annotated.gz.exclusions.gz.alleles.gz
finished 9248_36_MYDGF_CS010.txt.gz.annotated.gz.exclusions.gz.alleles.gz
running 9249_17_TMEM9_TMEM9.txt.gz.annotated.gz.exclusions.gz.alleles.gz
finished 9249_17_TMEM9_TMEM9.txt.gz.annotated.gz.exclusions.gz.alleles.gz
running 9251_28_MAN2B2_MA2B2.txt.gz.annotated.gz.exclusions.gz.alleles.gz
finished 9251_28_MAN2B2_MA2B2.txt.gz.annotated.gz.exclusions.gz.alleles.gz
running 9253_52_ABO_BGAT.txt.gz.annotated.gz.exclusions.gz.alleles.gz
finished 9253_52_ABO_BGAT.txt.gz.annotated.gz.exclusions.gz.alleles.gz
running 9254_18_FCER1A_FCERA.txt.gz.annotated.gz.exclusions.gz.alleles.gz
finished 9254_18_FCER1A_FCERA.txt.gz.annotated.gz.exclusions.gz.alleles.gz
running 9255_5_IL17C_IL_17C.txt.gz.annotated.gz.exclusions.gz.alleles.gz
finished 9255_5_IL17C_IL_17C.txt.gz.annotated.gz.exclusions.gz.alleles.gz
running 9256_78_NPTX1_NPTX1.txt.gz.annotated.gz.exclusions.gz.alleles.gz
finished 9256_78_NPTX1_NPTX1.txt.gz.annotated.gz.exclusions.gz.alleles.gz
running 9257_14_TACO1_TACO1.txt.gz.annotated.gz.exclusions.gz.alleles.gz
finished 9257_14_TACO1_TACO1.txt.gz.annotated.gz.exclusions.gz.alleles.gz
running 9263_57_SIAE_SIAE.txt.gz.annotated.gz.exclusions.gz.alleles.gz
finished 9263_57_SIAE_SIAE.txt.gz.annotated.gz.exclusions.gz.alleles.gz
running 9264_11_CTSO_CATO.txt.gz.annotated.gz.exclusions.gz.alleles.gz
finished 9264_11_CTSO_CATO.txt.gz.annotated.gz.exclusions.gz.alleles.gz
running 9265_10_GLIPR1_GLIP1.txt.gz.annotated.gz.exclusions.gz.alleles.gz
finished 9265_10_GLIPR1_GLIP1.txt.gz.annotated.gz.exclusions.gz.alleles.gz
running 9266_1_TREM1_sTREM_1.txt.gz.annotated.gz.exclusions.gz.alleles.gz
finished 9266_1_TREM1_sTREM_1.txt.gz.annotated.gz.exclusions.gz.alleles.gz
running 9267_2_CPA4_CBPA4.txt.gz.annotated.gz.exclusions.gz.alleles.gz
finished 9267_2_CPA4_CBPA4.txt.gz.annotated.gz.exclusions.gz.alleles.gz
running 9271_101_STIM1_STIM1.txt.gz.annotated.gz.exclusions.gz.alleles.gz
finished 9271_101_STIM1_STIM1.txt.gz.annotated.gz.exclusions.gz.alleles.gz
running 9275_2_CTSL_Cathepsin_L.txt.gz.annotated.gz.exclusions.gz.alleles.gz
finished 9275_2_CTSL_Cathepsin_L.txt.gz.annotated.gz.exclusions.gz.alleles.gz
running 9276_7_CPA2_CBPA2.txt.gz.annotated.gz.exclusions.gz.alleles.gz
finished 9276_7_CPA2_CBPA2.txt.gz.annotated.gz.exclusions.gz.alleles.gz
running 9278_9_EPYC_Epiphycan.txt.gz.annotated.gz.exclusions.gz.alleles.gz
finished 9278_9_EPYC_Epiphycan.txt.gz.annotated.gz.exclusions.gz.alleles.gz
running 9282_12_CRISP2_CRIS2.txt.gz.annotated.gz.exclusions.gz.alleles.gz
finished 9282_12_CRISP2_CRIS2.txt.gz.annotated.gz.exclusions.gz.alleles.gz
running 9283_8_CD44_CD44.txt.gz.annotated.gz.exclusions.gz.alleles.gz
finished 9283_8_CD44_CD44.txt.gz.annotated.gz.exclusions.gz.alleles.gz
running 9287_6_SPR_SPRE.txt.gz.annotated.gz.exclusions.gz.alleles.gz
finished 9287_6_SPR_SPRE.txt.gz.annotated.gz.exclusions.gz.alleles.gz
running 9288_7_FKBP7_FKBP7.txt.gz.annotated.gz.exclusions.gz.alleles.gz
finished 9288_7_FKBP7_FKBP7.txt.gz.annotated.gz.exclusions.gz.alleles.gz
running 9290_8_RMDN3_RMD3.txt.gz.annotated.gz.exclusions.gz.alleles.gz
finished 9290_8_RMDN3_RMD3.txt.gz.annotated.gz.exclusions.gz.alleles.gz
running 9294_45_MFAP2_MFAP2.txt.gz.annotated.gz.exclusions.gz.alleles.gz
finished 9294_45_MFAP2_MFAP2.txt.gz.annotated.gz.exclusions.gz.alleles.gz
running 9296_15_PTPRD_PTPRD.txt.gz.annotated.gz.exclusions.gz.alleles.gz
finished 9296_15_PTPRD_PTPRD.txt.gz.annotated.gz.exclusions.gz.alleles.gz
running 9297_12_B3GNT8_B3GN8.txt.gz.annotated.gz.exclusions.gz.alleles.gz
finished 9297_12_B3GNT8_B3GN8.txt.gz.annotated.gz.exclusions.gz.alleles.gz
running 9302_90_GADD45GIP1_G45IP.txt.gz.annotated.gz.exclusions.gz.alleles.gz
finished 9302_90_GADD45GIP1_G45IP.txt.gz.annotated.gz.exclusions.gz.alleles.gz
running 9306_7_DEFB118_DB118.txt.gz.annotated.gz.exclusions.gz.alleles.gz
finished 9306_7_DEFB118_DB118.txt.gz.annotated.gz.exclusions.gz.alleles.gz
running 9310_2_CD8B_CD8B.txt.gz.annotated.gz.exclusions.gz.alleles.gz
finished 9310_2_CD8B_CD8B.txt.gz.annotated.gz.exclusions.gz.alleles.gz
running 9312_8_AZGP1_AZGP1.txt.gz.annotated.gz.exclusions.gz.alleles.gz
finished 9312_8_AZGP1_AZGP1.txt.gz.annotated.gz.exclusions.gz.alleles.gz
running 9313_27_CBLN1_CBLN1.txt.gz.annotated.gz.exclusions.gz.alleles.gz
finished 9313_27_CBLN1_CBLN1.txt.gz.annotated.gz.exclusions.gz.alleles.gz
running 9314_9_PSG5_PSG5.txt.gz.annotated.gz.exclusions.gz.alleles.gz
finished 9314_9_PSG5_PSG5.txt.gz.annotated.gz.exclusions.gz.alleles.gz
running 9315_16_MUL1_MUL1.txt.gz.annotated.gz.exclusions.gz.alleles.gz
finished 9315_16_MUL1_MUL1.txt.gz.annotated.gz.exclusions.gz.alleles.gz
running 9316_67_WFDC1_WFDC1.txt.gz.annotated.gz.exclusions.gz.alleles.gz
finished 9316_67_WFDC1_WFDC1.txt.gz.annotated.gz.exclusions.gz.alleles.gz
running 9317_4_LRRC25_LRC25.txt.gz.annotated.gz.exclusions.gz.alleles.gz
finished 9317_4_LRRC25_LRC25.txt.gz.annotated.gz.exclusions.gz.alleles.gz
running 9319_59_TMED4_TMED4.txt.gz.annotated.gz.exclusions.gz.alleles.gz
finished 9319_59_TMED4_TMED4.txt.gz.annotated.gz.exclusions.gz.alleles.gz
running 9321_400_NMB_NMB.txt.gz.annotated.gz.exclusions.gz.alleles.gz
finished 9321_400_NMB_NMB.txt.gz.annotated.gz.exclusions.gz.alleles.gz
running 9322_15_RCN1_RCN1.txt.gz.annotated.gz.exclusions.gz.alleles.gz
finished 9322_15_RCN1_RCN1.txt.gz.annotated.gz.exclusions.gz.alleles.gz
running 9326_33_ITIH2_ITI_heavy_chain_H2.txt.gz.annotated.gz.exclusions.gz.alleles.gz
finished 9326_33_ITIH2_ITI_heavy_chain_H2.txt.gz.annotated.gz.exclusions.gz.alleles.gz
running 9327_3_LYPD1_LYPD1.txt.gz.annotated.gz.exclusions.gz.alleles.gz
finished 9327_3_LYPD1_LYPD1.txt.gz.annotated.gz.exclusions.gz.alleles.gz
running 9329_28_TREML1_TRML1.txt.gz.annotated.gz.exclusions.gz.alleles.gz
finished 9329_28_TREML1_TRML1.txt.gz.annotated.gz.exclusions.gz.alleles.gz
running 9332_6_DEFB136_DB136.txt.gz.annotated.gz.exclusions.gz.alleles.gz
finished 9332_6_DEFB136_DB136.txt.gz.annotated.gz.exclusions.gz.alleles.gz
running 9333_59_ERP27_ERP27.txt.gz.annotated.gz.exclusions.gz.alleles.gz
finished 9333_59_ERP27_ERP27.txt.gz.annotated.gz.exclusions.gz.alleles.gz
running 9335_28_PSG9_PSG9.txt.gz.annotated.gz.exclusions.gz.alleles.gz
finished 9335_28_PSG9_PSG9.txt.gz.annotated.gz.exclusions.gz.alleles.gz
running 9337_43_TAC1_TKN1.txt.gz.annotated.gz.exclusions.gz.alleles.gz
finished 9337_43_TAC1_TKN1.txt.gz.annotated.gz.exclusions.gz.alleles.gz
running 9339_204_FKBP2_FKBP2.txt.gz.annotated.gz.exclusions.gz.alleles.gz
finished 9339_204_FKBP2_FKBP2.txt.gz.annotated.gz.exclusions.gz.alleles.gz
running 9340_17_FKBP14_FKB14.txt.gz.annotated.gz.exclusions.gz.alleles.gz
finished 9340_17_FKBP14_FKB14.txt.gz.annotated.gz.exclusions.gz.alleles.gz
running 9341_1_PDGFD_PDGFD.txt.gz.annotated.gz.exclusions.gz.alleles.gz
finished 9341_1_PDGFD_PDGFD.txt.gz.annotated.gz.exclusions.gz.alleles.gz
running 9343_16_IL2RB_IL_2_sRb.txt.gz.annotated.gz.exclusions.gz.alleles.gz
finished 9343_16_IL2RB_IL_2_sRb.txt.gz.annotated.gz.exclusions.gz.alleles.gz
running 9345_436_WFDC13_WFD13.txt.gz.annotated.gz.exclusions.gz.alleles.gz
finished 9345_436_WFDC13_WFD13.txt.gz.annotated.gz.exclusions.gz.alleles.gz
