running 3083_71_EDA2R_XEDAR.txt.gz.annotated.gz.exclusions.gz.alleles.gz
finished 3083_71_EDA2R_XEDAR.txt.gz.annotated.gz.exclusions.gz.alleles.gz
running 3091_70_AURKA_Aurora_kinase_A.txt.gz.annotated.gz.exclusions.gz.alleles.gz
finished 3091_70_AURKA_Aurora_kinase_A.txt.gz.annotated.gz.exclusions.gz.alleles.gz
running 3115_64_MAPK1_MK01.txt.gz.annotated.gz.exclusions.gz.alleles.gz
finished 3115_64_MAPK1_MK01.txt.gz.annotated.gz.exclusions.gz.alleles.gz
running 3122_6_DIABLO_SMAC.txt.gz.annotated.gz.exclusions.gz.alleles.gz
finished 3122_6_DIABLO_SMAC.txt.gz.annotated.gz.exclusions.gz.alleles.gz
running 3132_1_VEGFC_VEGF_C.txt.gz.annotated.gz.exclusions.gz.alleles.gz
finished 3132_1_VEGFC_VEGF_C.txt.gz.annotated.gz.exclusions.gz.alleles.gz
running 3143_3_CD4_sCD4.txt.gz.annotated.gz.exclusions.gz.alleles.gz
finished 3143_3_CD4_sCD4.txt.gz.annotated.gz.exclusions.gz.alleles.gz
running 3151_6_IL2RA_IL_2_sRa.txt.gz.annotated.gz.exclusions.gz.alleles.gz
finished 3151_6_IL2RA_IL_2_sRa.txt.gz.annotated.gz.exclusions.gz.alleles.gz
running 3152_57_TNFRSF1B_TNF_sR_II.txt.gz.annotated.gz.exclusions.gz.alleles.gz
finished 3152_57_TNFRSF1B_TNF_sR_II.txt.gz.annotated.gz.exclusions.gz.alleles.gz
running 3166_92_CD33_Siglec_3.txt.gz.annotated.gz.exclusions.gz.alleles.gz
finished 3166_92_CD33_Siglec_3.txt.gz.annotated.gz.exclusions.gz.alleles.gz
running 3168_8_ADAMTS5_ADAMTS_5.txt.gz.annotated.gz.exclusions.gz.alleles.gz
finished 3168_8_ADAMTS5_ADAMTS_5.txt.gz.annotated.gz.exclusions.gz.alleles.gz
running 3169_70_IDUA_IDUA.txt.gz.annotated.gz.exclusions.gz.alleles.gz
finished 3169_70_IDUA_IDUA.txt.gz.annotated.gz.exclusions.gz.alleles.gz
running 3170_6_METAP2_AMPM2.txt.gz.annotated.gz.exclusions.gz.alleles.gz
finished 3170_6_METAP2_AMPM2.txt.gz.annotated.gz.exclusions.gz.alleles.gz
running 3171_57_APP_amyloid_precursor_protein.txt.gz.annotated.gz.exclusions.gz.alleles.gz
finished 3171_57_APP_amyloid_precursor_protein.txt.gz.annotated.gz.exclusions.gz.alleles.gz
running 3172_28_ARSB_ARSB.txt.gz.annotated.gz.exclusions.gz.alleles.gz
finished 3172_28_ARSB_ARSB.txt.gz.annotated.gz.exclusions.gz.alleles.gz
running 3173_49_NAAA_ASAHL.txt.gz.annotated.gz.exclusions.gz.alleles.gz
finished 3173_49_NAAA_ASAHL.txt.gz.annotated.gz.exclusions.gz.alleles.gz
running 3174_2_ADAMTS1_ATS1.txt.gz.annotated.gz.exclusions.gz.alleles.gz
finished 3174_2_ADAMTS1_ATS1.txt.gz.annotated.gz.exclusions.gz.alleles.gz
running 3175_51_ADAMTS13_ATS13.txt.gz.annotated.gz.exclusions.gz.alleles.gz
finished 3175_51_ADAMTS13_ATS13.txt.gz.annotated.gz.exclusions.gz.alleles.gz
running 3178_5_CTSC_CATC.txt.gz.annotated.gz.exclusions.gz.alleles.gz
finished 3178_5_CTSC_CATC.txt.gz.annotated.gz.exclusions.gz.alleles.gz
running 3179_51_CTSA_Cathepsin_A.txt.gz.annotated.gz.exclusions.gz.alleles.gz
finished 3179_51_CTSA_Cathepsin_A.txt.gz.annotated.gz.exclusions.gz.alleles.gz
running 3181_50_CTSS_Cathepsin_S.txt.gz.annotated.gz.exclusions.gz.alleles.gz
finished 3181_50_CTSS_Cathepsin_S.txt.gz.annotated.gz.exclusions.gz.alleles.gz
running 3182_38_ENTPD1_CD39.txt.gz.annotated.gz.exclusions.gz.alleles.gz
finished 3182_38_ENTPD1_CD39.txt.gz.annotated.gz.exclusions.gz.alleles.gz
running 3184_25_F7_Coagulation_Factor_VII.txt.gz.annotated.gz.exclusions.gz.alleles.gz
finished 3184_25_F7_Coagulation_Factor_VII.txt.gz.annotated.gz.exclusions.gz.alleles.gz
running 3186_2_C2_C2.txt.gz.annotated.gz.exclusions.gz.alleles.gz
finished 3186_2_C2_C2.txt.gz.annotated.gz.exclusions.gz.alleles.gz
running 3187_52_CRISP3_CRIS3.txt.gz.annotated.gz.exclusions.gz.alleles.gz
finished 3187_52_CRISP3_CRIS3.txt.gz.annotated.gz.exclusions.gz.alleles.gz
running 3189_61_TMPRSS15_Enterokinase.txt.gz.annotated.gz.exclusions.gz.alleles.gz
finished 3189_61_TMPRSS15_Enterokinase.txt.gz.annotated.gz.exclusions.gz.alleles.gz
running 3191_50_WFIKKN1_WFKN1.txt.gz.annotated.gz.exclusions.gz.alleles.gz
finished 3191_50_WFIKKN1_WFKN1.txt.gz.annotated.gz.exclusions.gz.alleles.gz
running 3192_3_CNDP2_Glutamate_carboxypeptidase.txt.gz.annotated.gz.exclusions.gz.alleles.gz
finished 3192_3_CNDP2_Glutamate_carboxypeptidase.txt.gz.annotated.gz.exclusions.gz.alleles.gz
running 3194_36_GP6_GPVI.txt.gz.annotated.gz.exclusions.gz.alleles.gz
finished 3194_36_GP6_GPVI.txt.gz.annotated.gz.exclusions.gz.alleles.gz
running 3195_50_GNLY_Granulysin.txt.gz.annotated.gz.exclusions.gz.alleles.gz
finished 3195_50_GNLY_Granulysin.txt.gz.annotated.gz.exclusions.gz.alleles.gz
running 3196_6_HAPLN1_HPLN1.txt.gz.annotated.gz.exclusions.gz.alleles.gz
finished 3196_6_HAPLN1_HPLN1.txt.gz.annotated.gz.exclusions.gz.alleles.gz
running 3197_70_IDE_IDE.txt.gz.annotated.gz.exclusions.gz.alleles.gz
finished 3197_70_IDE_IDE.txt.gz.annotated.gz.exclusions.gz.alleles.gz
running 3198_4_IDS_IDS.txt.gz.annotated.gz.exclusions.gz.alleles.gz
finished 3198_4_IDS_IDS.txt.gz.annotated.gz.exclusions.gz.alleles.gz
running 3199_54_KLK12_kallikrein_12.txt.gz.annotated.gz.exclusions.gz.alleles.gz
finished 3199_54_KLK12_kallikrein_12.txt.gz.annotated.gz.exclusions.gz.alleles.gz
running 3201_49_KLK5_kallikrein_5.txt.gz.annotated.gz.exclusions.gz.alleles.gz
finished 3201_49_KLK5_kallikrein_5.txt.gz.annotated.gz.exclusions.gz.alleles.gz
running 3202_28_KREMEN2_KREM2.txt.gz.annotated.gz.exclusions.gz.alleles.gz
finished 3202_28_KREMEN2_KREM2.txt.gz.annotated.gz.exclusions.gz.alleles.gz
running 3204_2_LTA4H_LKHA4.txt.gz.annotated.gz.exclusions.gz.alleles.gz
finished 3204_2_LTA4H_LKHA4.txt.gz.annotated.gz.exclusions.gz.alleles.gz
running 3206_4_LYVE1_LYVE1.txt.gz.annotated.gz.exclusions.gz.alleles.gz
finished 3206_4_LYVE1_LYVE1.txt.gz.annotated.gz.exclusions.gz.alleles.gz
running 3209_69_MEPE_MEPE.txt.gz.annotated.gz.exclusions.gz.alleles.gz
finished 3209_69_MEPE_MEPE.txt.gz.annotated.gz.exclusions.gz.alleles.gz
running 3210_1_METAP1_METAP1.txt.gz.annotated.gz.exclusions.gz.alleles.gz
finished 3210_1_METAP1_METAP1.txt.gz.annotated.gz.exclusions.gz.alleles.gz
running 3212_30_ASAH2_ASAH2.txt.gz.annotated.gz.exclusions.gz.alleles.gz
finished 3212_30_ASAH2_ASAH2.txt.gz.annotated.gz.exclusions.gz.alleles.gz
running 3213_65_NID1_Nidogen.txt.gz.annotated.gz.exclusions.gz.alleles.gz
finished 3213_65_NID1_Nidogen.txt.gz.annotated.gz.exclusions.gz.alleles.gz
running 3216_2_PIGR_PIGR.txt.gz.annotated.gz.exclusions.gz.alleles.gz
finished 3216_2_PIGR_PIGR.txt.gz.annotated.gz.exclusions.gz.alleles.gz
running 3220_40_RET_RET.txt.gz.annotated.gz.exclusions.gz.alleles.gz
finished 3220_40_RET_RET.txt.gz.annotated.gz.exclusions.gz.alleles.gz
running 3221_54_SFRP1_SARP_2.txt.gz.annotated.gz.exclusions.gz.alleles.gz
finished 3221_54_SFRP1_SARP_2.txt.gz.annotated.gz.exclusions.gz.alleles.gz
running 3222_11_SEMA3A_Semaphorin_3A.txt.gz.annotated.gz.exclusions.gz.alleles.gz
finished 3222_11_SEMA3A_Semaphorin_3A.txt.gz.annotated.gz.exclusions.gz.alleles.gz
running 3232_28_ACP5_TrATPase.txt.gz.annotated.gz.exclusions.gz.alleles.gz
finished 3232_28_ACP5_TrATPase.txt.gz.annotated.gz.exclusions.gz.alleles.gz
running 3234_23_CCDC80_URB.txt.gz.annotated.gz.exclusions.gz.alleles.gz
finished 3234_23_CCDC80_URB.txt.gz.annotated.gz.exclusions.gz.alleles.gz
running 3235_50_WFIKKN2_WFKN2.txt.gz.annotated.gz.exclusions.gz.alleles.gz
finished 3235_50_WFIKKN2_WFKN2.txt.gz.annotated.gz.exclusions.gz.alleles.gz
running 3280_49_ACAN_Aggrecan.txt.gz.annotated.gz.exclusions.gz.alleles.gz
finished 3280_49_ACAN_Aggrecan.txt.gz.annotated.gz.exclusions.gz.alleles.gz
running 3283_21_TGFBI_BGH3.txt.gz.annotated.gz.exclusions.gz.alleles.gz
finished 3283_21_TGFBI_BGH3.txt.gz.annotated.gz.exclusions.gz.alleles.gz
running 3284_75_BGN_BGN.txt.gz.annotated.gz.exclusions.gz.alleles.gz
finished 3284_75_BGN_BGN.txt.gz.annotated.gz.exclusions.gz.alleles.gz
running 3285_23_C1R_C1r.txt.gz.annotated.gz.exclusions.gz.alleles.gz
finished 3285_23_C1R_C1r.txt.gz.annotated.gz.exclusions.gz.alleles.gz
running 3290_50_CD109_CD109.txt.gz.annotated.gz.exclusions.gz.alleles.gz
finished 3290_50_CD109_CD109.txt.gz.annotated.gz.exclusions.gz.alleles.gz
running 3291_30_FCER2_CD23.txt.gz.annotated.gz.exclusions.gz.alleles.gz
finished 3291_30_FCER2_CD23.txt.gz.annotated.gz.exclusions.gz.alleles.gz
running 3292_75_CD48_CD48.txt.gz.annotated.gz.exclusions.gz.alleles.gz
finished 3292_75_CD48_CD48.txt.gz.annotated.gz.exclusions.gz.alleles.gz
running 3293_2_CD5L_CD5L.txt.gz.annotated.gz.exclusions.gz.alleles.gz
finished 3293_2_CD5L_CD5L.txt.gz.annotated.gz.exclusions.gz.alleles.gz
running 3294_55_CFC1_CFC1.txt.gz.annotated.gz.exclusions.gz.alleles.gz
finished 3294_55_CFC1_CFC1.txt.gz.annotated.gz.exclusions.gz.alleles.gz
running 3296_92_CNTN2_CNTN2.txt.gz.annotated.gz.exclusions.gz.alleles.gz
finished 3296_92_CNTN2_CNTN2.txt.gz.annotated.gz.exclusions.gz.alleles.gz
running 3298_52_CNTN4_Contactin_4.txt.gz.annotated.gz.exclusions.gz.alleles.gz
finished 3298_52_CNTN4_Contactin_4.txt.gz.annotated.gz.exclusions.gz.alleles.gz
running 3299_29_CNTN5_Contactin_5.txt.gz.annotated.gz.exclusions.gz.alleles.gz
finished 3299_29_CNTN5_Contactin_5.txt.gz.annotated.gz.exclusions.gz.alleles.gz
running 3302_58_CST7_CYTF.txt.gz.annotated.gz.exclusions.gz.alleles.gz
finished 3302_58_CST7_CYTF.txt.gz.annotated.gz.exclusions.gz.alleles.gz
running 3305_6_DLL4_DLL4.txt.gz.annotated.gz.exclusions.gz.alleles.gz
finished 3305_6_DLL4_DLL4.txt.gz.annotated.gz.exclusions.gz.alleles.gz
running 3309_2_FCGR2A_FCG2A.txt.gz.annotated.gz.exclusions.gz.alleles.gz
finished 3309_2_FCGR2A_FCG2A.txt.gz.annotated.gz.exclusions.gz.alleles.gz
running 3310_62_FCGR2B_FCG2B.txt.gz.annotated.gz.exclusions.gz.alleles.gz
finished 3310_62_FCGR2B_FCG2B.txt.gz.annotated.gz.exclusions.gz.alleles.gz
running 3311_27_FCGR3B_FCG3B.txt.gz.annotated.gz.exclusions.gz.alleles.gz
finished 3311_27_FCGR3B_FCG3B.txt.gz.annotated.gz.exclusions.gz.alleles.gz
running 3312_64_FCGR1A_FCGR1.txt.gz.annotated.gz.exclusions.gz.alleles.gz
finished 3312_64_FCGR1A_FCGR1.txt.gz.annotated.gz.exclusions.gz.alleles.gz
running 3313_21_FCN2_FCN2.txt.gz.annotated.gz.exclusions.gz.alleles.gz
finished 3313_21_FCN2_FCN2.txt.gz.annotated.gz.exclusions.gz.alleles.gz
running 3314_74_GFRA1_GFRa_1.txt.gz.annotated.gz.exclusions.gz.alleles.gz
finished 3314_74_GFRA1_GFRa_1.txt.gz.annotated.gz.exclusions.gz.alleles.gz
running 3315_15_GPC2_GPC2.txt.gz.annotated.gz.exclusions.gz.alleles.gz
finished 3315_15_GPC2_GPC2.txt.gz.annotated.gz.exclusions.gz.alleles.gz
running 3316_58_SERPIND1_Heparin_cofactor_II.txt.gz.annotated.gz.exclusions.gz.alleles.gz
finished 3316_58_SERPIND1_Heparin_cofactor_II.txt.gz.annotated.gz.exclusions.gz.alleles.gz
running 3317_33_HTRA2_HTRA2.txt.gz.annotated.gz.exclusions.gz.alleles.gz
finished 3317_33_HTRA2_HTRA2.txt.gz.annotated.gz.exclusions.gz.alleles.gz
running 3320_49_IGFBP7_IGFBP_7.txt.gz.annotated.gz.exclusions.gz.alleles.gz
finished 3320_49_IGFBP7_IGFBP_7.txt.gz.annotated.gz.exclusions.gz.alleles.gz
running 3321_2_IL24_IL24.txt.gz.annotated.gz.exclusions.gz.alleles.gz
finished 3321_2_IL24_IL24.txt.gz.annotated.gz.exclusions.gz.alleles.gz
running 3322_52_LRIG3_LRIG3.txt.gz.annotated.gz.exclusions.gz.alleles.gz
finished 3322_52_LRIG3_LRIG3.txt.gz.annotated.gz.exclusions.gz.alleles.gz
running 3323_37_LRP8_LRP8.txt.gz.annotated.gz.exclusions.gz.alleles.gz
finished 3323_37_LRP8_LRP8.txt.gz.annotated.gz.exclusions.gz.alleles.gz
running 3324_51_LY9_LY9.txt.gz.annotated.gz.exclusions.gz.alleles.gz
finished 3324_51_LY9_LY9.txt.gz.annotated.gz.exclusions.gz.alleles.gz
running 3325_2_MATN2_MATN2.txt.gz.annotated.gz.exclusions.gz.alleles.gz
finished 3325_2_MATN2_MATN2.txt.gz.annotated.gz.exclusions.gz.alleles.gz
running 3326_58_CADM1_Nectin_like_protein_2.txt.gz.annotated.gz.exclusions.gz.alleles.gz
finished 3326_58_CADM1_Nectin_like_protein_2.txt.gz.annotated.gz.exclusions.gz.alleles.gz
running 3327_27_NTN4_NET4.txt.gz.annotated.gz.exclusions.gz.alleles.gz
finished 3327_27_NTN4_NET4.txt.gz.annotated.gz.exclusions.gz.alleles.gz
running 3329_14_PGLYRP1_PGRP_S.txt.gz.annotated.gz.exclusions.gz.alleles.gz
finished 3329_14_PGLYRP1_PGRP_S.txt.gz.annotated.gz.exclusions.gz.alleles.gz
running 3331_8_RGMB_RGMB.txt.gz.annotated.gz.exclusions.gz.alleles.gz
finished 3331_8_RGMB_RGMB.txt.gz.annotated.gz.exclusions.gz.alleles.gz
running 3332_57_HFE2_RGM_C.txt.gz.annotated.gz.exclusions.gz.alleles.gz
finished 3332_57_HFE2_RGM_C.txt.gz.annotated.gz.exclusions.gz.alleles.gz
running 3336_50_TFPI_TFPI.txt.gz.annotated.gz.exclusions.gz.alleles.gz
finished 3336_50_TFPI_TFPI.txt.gz.annotated.gz.exclusions.gz.alleles.gz
running 3339_33_THBS2_TSP2.txt.gz.annotated.gz.exclusions.gz.alleles.gz
finished 3339_33_THBS2_TSP2.txt.gz.annotated.gz.exclusions.gz.alleles.gz
running 3340_53_THBS4_TSP4.txt.gz.annotated.gz.exclusions.gz.alleles.gz
finished 3340_53_THBS4_TSP4.txt.gz.annotated.gz.exclusions.gz.alleles.gz
running 3341_33_ABL1_ABL1.txt.gz.annotated.gz.exclusions.gz.alleles.gz
finished 3341_33_ABL1_ABL1.txt.gz.annotated.gz.exclusions.gz.alleles.gz
running 3342_76_ABL2_ABL2.txt.gz.annotated.gz.exclusions.gz.alleles.gz
finished 3342_76_ABL2_ABL2.txt.gz.annotated.gz.exclusions.gz.alleles.gz
running 3343_1_ACY1_Aminoacylase_1.txt.gz.annotated.gz.exclusions.gz.alleles.gz
finished 3343_1_ACY1_Aminoacylase_1.txt.gz.annotated.gz.exclusions.gz.alleles.gz
running 3344_60_SERPINC1_Antithrombin_III.txt.gz.annotated.gz.exclusions.gz.alleles.gz
finished 3344_60_SERPINC1_Antithrombin_III.txt.gz.annotated.gz.exclusions.gz.alleles.gz
running 3346_72_AURKB_AURKB.txt.gz.annotated.gz.exclusions.gz.alleles.gz
finished 3346_72_AURKB_AURKB.txt.gz.annotated.gz.exclusions.gz.alleles.gz
running 3347_9_ADRBK1_BARK1.txt.gz.annotated.gz.exclusions.gz.alleles.gz
finished 3347_9_ADRBK1_BARK1.txt.gz.annotated.gz.exclusions.gz.alleles.gz
running 3348_49_BMP1_BMP_1.txt.gz.annotated.gz.exclusions.gz.alleles.gz
finished 3348_49_BMP1_BMP_1.txt.gz.annotated.gz.exclusions.gz.alleles.gz
running 3350_53_CAMK2A_CAMK2A.txt.gz.annotated.gz.exclusions.gz.alleles.gz
finished 3350_53_CAMK2A_CAMK2A.txt.gz.annotated.gz.exclusions.gz.alleles.gz
running 3351_1_CAMK2B_CAMK2B.txt.gz.annotated.gz.exclusions.gz.alleles.gz
finished 3351_1_CAMK2B_CAMK2B.txt.gz.annotated.gz.exclusions.gz.alleles.gz
running 3352_80_CA6_Carbonic_anhydrase_6.txt.gz.annotated.gz.exclusions.gz.alleles.gz
finished 3352_80_CA6_Carbonic_anhydrase_6.txt.gz.annotated.gz.exclusions.gz.alleles.gz
running 3356_50_CA7_Carbonic_anhydrase_VII.txt.gz.annotated.gz.exclusions.gz.alleles.gz
finished 3356_50_CA7_Carbonic_anhydrase_VII.txt.gz.annotated.gz.exclusions.gz.alleles.gz
running 3361_26_CD207_CLC4K.txt.gz.annotated.gz.exclusions.gz.alleles.gz
finished 3361_26_CD207_CLC4K.txt.gz.annotated.gz.exclusions.gz.alleles.gz
running 3362_61_CHRDL1_CRDL1.txt.gz.annotated.gz.exclusions.gz.alleles.gz
finished 3362_61_CHRDL1_CRDL1.txt.gz.annotated.gz.exclusions.gz.alleles.gz
running 3363_31_CSK_CSK.txt.gz.annotated.gz.exclusions.gz.alleles.gz
finished 3363_31_CSK_CSK.txt.gz.annotated.gz.exclusions.gz.alleles.gz
running 3364_76_CTSV_Cathepsin_V.txt.gz.annotated.gz.exclusions.gz.alleles.gz
finished 3364_76_CTSV_Cathepsin_V.txt.gz.annotated.gz.exclusions.gz.alleles.gz
running 3365_7_DKK4_Dkk_4.txt.gz.annotated.gz.exclusions.gz.alleles.gz
finished 3365_7_DKK4_Dkk_4.txt.gz.annotated.gz.exclusions.gz.alleles.gz
running 3366_51_ECM1_ECM1.txt.gz.annotated.gz.exclusions.gz.alleles.gz
finished 3366_51_ECM1_ECM1.txt.gz.annotated.gz.exclusions.gz.alleles.gz
running 3367_8_FETUB_FETUB.txt.gz.annotated.gz.exclusions.gz.alleles.gz
finished 3367_8_FETUB_FETUB.txt.gz.annotated.gz.exclusions.gz.alleles.gz
running 3373_5_GZMH_Granzyme_H.txt.gz.annotated.gz.exclusions.gz.alleles.gz
finished 3373_5_GZMH_Granzyme_H.txt.gz.annotated.gz.exclusions.gz.alleles.gz
running 3374_49_HCK_HCK.txt.gz.annotated.gz.exclusions.gz.alleles.gz
finished 3374_49_HCK_HCK.txt.gz.annotated.gz.exclusions.gz.alleles.gz
running 3376_49_IL17RD_IL_17_RD.txt.gz.annotated.gz.exclusions.gz.alleles.gz
finished 3376_49_IL17RD_IL_17_RD.txt.gz.annotated.gz.exclusions.gz.alleles.gz
running 3378_49_KLK7_Kallikrein_7.txt.gz.annotated.gz.exclusions.gz.alleles.gz
finished 3378_49_KLK7_Kallikrein_7.txt.gz.annotated.gz.exclusions.gz.alleles.gz
running 3379_29_PRKCI_KPCI.txt.gz.annotated.gz.exclusions.gz.alleles.gz
finished 3379_29_PRKCI_KPCI.txt.gz.annotated.gz.exclusions.gz.alleles.gz
running 3381_24_LYN_LYNB.txt.gz.annotated.gz.exclusions.gz.alleles.gz
finished 3381_24_LYN_LYNB.txt.gz.annotated.gz.exclusions.gz.alleles.gz
