running 9577_26_SYT2_SYT2.txt.gz.annotated.gz.exclusions.gz.alleles.gz
finished 9577_26_SYT2_SYT2.txt.gz.annotated.gz.exclusions.gz.alleles.gz
running 9578_263_MANSC4_MANS4.txt.gz.annotated.gz.exclusions.gz.alleles.gz
finished 9578_263_MANSC4_MANS4.txt.gz.annotated.gz.exclusions.gz.alleles.gz
running 9579_59_PRRG4_TMG4.txt.gz.annotated.gz.exclusions.gz.alleles.gz
finished 9579_59_PRRG4_TMG4.txt.gz.annotated.gz.exclusions.gz.alleles.gz
running 9580_5_LAMC2_Laminin_gamma_2.txt.gz.annotated.gz.exclusions.gz.alleles.gz
finished 9580_5_LAMC2_Laminin_gamma_2.txt.gz.annotated.gz.exclusions.gz.alleles.gz
running 9581_4_PRPF6_PRP6.txt.gz.annotated.gz.exclusions.gz.alleles.gz
finished 9581_4_PRPF6_PRP6.txt.gz.annotated.gz.exclusions.gz.alleles.gz
running 9582_93_SUSD1_SUSD1.txt.gz.annotated.gz.exclusions.gz.alleles.gz
finished 9582_93_SUSD1_SUSD1.txt.gz.annotated.gz.exclusions.gz.alleles.gz
running 9583_17_RNF24_RNF24.txt.gz.annotated.gz.exclusions.gz.alleles.gz
finished 9583_17_RNF24_RNF24.txt.gz.annotated.gz.exclusions.gz.alleles.gz
running 9585_80_CLMP_ACAM.txt.gz.annotated.gz.exclusions.gz.alleles.gz
finished 9585_80_CLMP_ACAM.txt.gz.annotated.gz.exclusions.gz.alleles.gz
running 9590_10_COX7A2L_COX7R.txt.gz.annotated.gz.exclusions.gz.alleles.gz
finished 9590_10_COX7A2L_COX7R.txt.gz.annotated.gz.exclusions.gz.alleles.gz
running 9594_30_SLC30A5_ZNT5.txt.gz.annotated.gz.exclusions.gz.alleles.gz
finished 9594_30_SLC30A5_ZNT5.txt.gz.annotated.gz.exclusions.gz.alleles.gz
running 9595_11_B4GALT2_B4GT2.txt.gz.annotated.gz.exclusions.gz.alleles.gz
finished 9595_11_B4GALT2_B4GT2.txt.gz.annotated.gz.exclusions.gz.alleles.gz
running 9598_23_CSMD1_CSMD1.txt.gz.annotated.gz.exclusions.gz.alleles.gz
finished 9598_23_CSMD1_CSMD1.txt.gz.annotated.gz.exclusions.gz.alleles.gz
running 9599_6_PIANP_PIANP.txt.gz.annotated.gz.exclusions.gz.alleles.gz
finished 9599_6_PIANP_PIANP.txt.gz.annotated.gz.exclusions.gz.alleles.gz
running 9600_55_THSD7A_THS7A.txt.gz.annotated.gz.exclusions.gz.alleles.gz
finished 9600_55_THSD7A_THS7A.txt.gz.annotated.gz.exclusions.gz.alleles.gz
running 9606_4_NUP210L_P210L.txt.gz.annotated.gz.exclusions.gz.alleles.gz
finished 9606_4_NUP210L_P210L.txt.gz.annotated.gz.exclusions.gz.alleles.gz
running 9607_39_PRR27_CD040.txt.gz.annotated.gz.exclusions.gz.alleles.gz
finished 9607_39_PRR27_CD040.txt.gz.annotated.gz.exclusions.gz.alleles.gz
running 9609_25_ZNF275_ZN275.txt.gz.annotated.gz.exclusions.gz.alleles.gz
finished 9609_25_ZNF275_ZN275.txt.gz.annotated.gz.exclusions.gz.alleles.gz
running 9638_2_TIGIT_TIGIT.txt.gz.annotated.gz.exclusions.gz.alleles.gz
finished 9638_2_TIGIT_TIGIT.txt.gz.annotated.gz.exclusions.gz.alleles.gz
running 9713_67_PDGFRL_PGFRL.txt.gz.annotated.gz.exclusions.gz.alleles.gz
finished 9713_67_PDGFRL_PGFRL.txt.gz.annotated.gz.exclusions.gz.alleles.gz
running 9715_15_IGSF3_IGSF3.txt.gz.annotated.gz.exclusions.gz.alleles.gz
finished 9715_15_IGSF3_IGSF3.txt.gz.annotated.gz.exclusions.gz.alleles.gz
running 9719_145_MMP16_MMP_16.txt.gz.annotated.gz.exclusions.gz.alleles.gz
finished 9719_145_MMP16_MMP_16.txt.gz.annotated.gz.exclusions.gz.alleles.gz
running 9723_105_MMRN2_EMILIN_3.txt.gz.annotated.gz.exclusions.gz.alleles.gz
finished 9723_105_MMRN2_EMILIN_3.txt.gz.annotated.gz.exclusions.gz.alleles.gz
running 9728_4_CCNB1IP1_CIP1.txt.gz.annotated.gz.exclusions.gz.alleles.gz
finished 9728_4_CCNB1IP1_CIP1.txt.gz.annotated.gz.exclusions.gz.alleles.gz
running 9730_22_GHDC_GHDC.txt.gz.annotated.gz.exclusions.gz.alleles.gz
finished 9730_22_GHDC_GHDC.txt.gz.annotated.gz.exclusions.gz.alleles.gz
running 9735_44_CD96_TACT.txt.gz.annotated.gz.exclusions.gz.alleles.gz
finished 9735_44_CD96_TACT.txt.gz.annotated.gz.exclusions.gz.alleles.gz
running 9738_7_FAF2_FAF2.txt.gz.annotated.gz.exclusions.gz.alleles.gz
finished 9738_7_FAF2_FAF2.txt.gz.annotated.gz.exclusions.gz.alleles.gz
running 9739_4_MSH2_MSH2.txt.gz.annotated.gz.exclusions.gz.alleles.gz
finished 9739_4_MSH2_MSH2.txt.gz.annotated.gz.exclusions.gz.alleles.gz
running 9742_59_DDX39B_BAT1.txt.gz.annotated.gz.exclusions.gz.alleles.gz
finished 9742_59_DDX39B_BAT1.txt.gz.annotated.gz.exclusions.gz.alleles.gz
running 9744_139_DNAJA4_DNJA4.txt.gz.annotated.gz.exclusions.gz.alleles.gz
finished 9744_139_DNAJA4_DNJA4.txt.gz.annotated.gz.exclusions.gz.alleles.gz
running 9745_20_EIF4E2_IF4E2.txt.gz.annotated.gz.exclusions.gz.alleles.gz
finished 9745_20_EIF4E2_IF4E2.txt.gz.annotated.gz.exclusions.gz.alleles.gz
running 9747_48_MARK3_MARK3.txt.gz.annotated.gz.exclusions.gz.alleles.gz
finished 9747_48_MARK3_MARK3.txt.gz.annotated.gz.exclusions.gz.alleles.gz
running 9748_31_GSTM3_GSTM3_3.txt.gz.annotated.gz.exclusions.gz.alleles.gz
finished 9748_31_GSTM3_GSTM3_3.txt.gz.annotated.gz.exclusions.gz.alleles.gz
running 9751_72_YBX1_NSEP1.txt.gz.annotated.gz.exclusions.gz.alleles.gz
finished 9751_72_YBX1_NSEP1.txt.gz.annotated.gz.exclusions.gz.alleles.gz
running 9753_17_EZR_Ezrin.txt.gz.annotated.gz.exclusions.gz.alleles.gz
finished 9753_17_EZR_Ezrin.txt.gz.annotated.gz.exclusions.gz.alleles.gz
running 9754_33_NQO2_Quinone_reductase_2.txt.gz.annotated.gz.exclusions.gz.alleles.gz
finished 9754_33_NQO2_Quinone_reductase_2.txt.gz.annotated.gz.exclusions.gz.alleles.gz
running 9757_29_ENAH_ENAH.txt.gz.annotated.gz.exclusions.gz.alleles.gz
finished 9757_29_ENAH_ENAH.txt.gz.annotated.gz.exclusions.gz.alleles.gz
running 9758_17_RPS4X_RS4X.txt.gz.annotated.gz.exclusions.gz.alleles.gz
finished 9758_17_RPS4X_RS4X.txt.gz.annotated.gz.exclusions.gz.alleles.gz
running 9759_13_IDO1_INDO.txt.gz.annotated.gz.exclusions.gz.alleles.gz
finished 9759_13_IDO1_INDO.txt.gz.annotated.gz.exclusions.gz.alleles.gz
running 9762_14_VASP_VASP.txt.gz.annotated.gz.exclusions.gz.alleles.gz
finished 9762_14_VASP_VASP.txt.gz.annotated.gz.exclusions.gz.alleles.gz
running 9764_79_HNRNPF_HNRPF.txt.gz.annotated.gz.exclusions.gz.alleles.gz
finished 9764_79_HNRNPF_HNRPF.txt.gz.annotated.gz.exclusions.gz.alleles.gz
running 9765_4_NDE1_NDE1.txt.gz.annotated.gz.exclusions.gz.alleles.gz
finished 9765_4_NDE1_NDE1.txt.gz.annotated.gz.exclusions.gz.alleles.gz
running 9767_22_RIPPLY1_RIPP1.txt.gz.annotated.gz.exclusions.gz.alleles.gz
finished 9767_22_RIPPLY1_RIPP1.txt.gz.annotated.gz.exclusions.gz.alleles.gz
running 9769_48_DNER_DNER.txt.gz.annotated.gz.exclusions.gz.alleles.gz
finished 9769_48_DNER_DNER.txt.gz.annotated.gz.exclusions.gz.alleles.gz
running 9772_153_NLGN2_NLGN2.txt.gz.annotated.gz.exclusions.gz.alleles.gz
finished 9772_153_NLGN2_NLGN2.txt.gz.annotated.gz.exclusions.gz.alleles.gz
running 9773_15_RNF149_RN149.txt.gz.annotated.gz.exclusions.gz.alleles.gz
finished 9773_15_RNF149_RN149.txt.gz.annotated.gz.exclusions.gz.alleles.gz
running 9774_59_RNF150_RN150.txt.gz.annotated.gz.exclusions.gz.alleles.gz
finished 9774_59_RNF150_RN150.txt.gz.annotated.gz.exclusions.gz.alleles.gz
running 9778_45_TMEM52B_TM52B.txt.gz.annotated.gz.exclusions.gz.alleles.gz
finished 9778_45_TMEM52B_TM52B.txt.gz.annotated.gz.exclusions.gz.alleles.gz
running 9779_63_HERPUD2_HERP2.txt.gz.annotated.gz.exclusions.gz.alleles.gz
finished 9779_63_HERPUD2_HERP2.txt.gz.annotated.gz.exclusions.gz.alleles.gz
running 9783_75_DNAJC11_DJC11.txt.gz.annotated.gz.exclusions.gz.alleles.gz
finished 9783_75_DNAJC11_DJC11.txt.gz.annotated.gz.exclusions.gz.alleles.gz
running 9786_310_IER3_IEX1.txt.gz.annotated.gz.exclusions.gz.alleles.gz
finished 9786_310_IER3_IEX1.txt.gz.annotated.gz.exclusions.gz.alleles.gz
running 9789_52_SYNE2_Nesprin_2.txt.gz.annotated.gz.exclusions.gz.alleles.gz
finished 9789_52_SYNE2_Nesprin_2.txt.gz.annotated.gz.exclusions.gz.alleles.gz
running 9790_28_BRSK2_BR_serine_threonine_kinase_2.txt.gz.annotated.gz.exclusions.gz.alleles.gz
finished 9790_28_BRSK2_BR_serine_threonine_kinase_2.txt.gz.annotated.gz.exclusions.gz.alleles.gz
running 9793_145_IGDCC4_IGDC4.txt.gz.annotated.gz.exclusions.gz.alleles.gz
finished 9793_145_IGDCC4_IGDC4.txt.gz.annotated.gz.exclusions.gz.alleles.gz
running 9794_17_ADCK4_ADCK4.txt.gz.annotated.gz.exclusions.gz.alleles.gz
finished 9794_17_ADCK4_ADCK4.txt.gz.annotated.gz.exclusions.gz.alleles.gz
running 9796_4_CEL_CEL.txt.gz.annotated.gz.exclusions.gz.alleles.gz
finished 9796_4_CEL_CEL.txt.gz.annotated.gz.exclusions.gz.alleles.gz
running 9800_20_NDUFB8_NDUB8.txt.gz.annotated.gz.exclusions.gz.alleles.gz
finished 9800_20_NDUFB8_NDUB8.txt.gz.annotated.gz.exclusions.gz.alleles.gz
running 9802_27_PNPLA2_PLPL2.txt.gz.annotated.gz.exclusions.gz.alleles.gz
finished 9802_27_PNPLA2_PLPL2.txt.gz.annotated.gz.exclusions.gz.alleles.gz
running 9805_51_SEMA4B_SEM4B.txt.gz.annotated.gz.exclusions.gz.alleles.gz
finished 9805_51_SEMA4B_SEM4B.txt.gz.annotated.gz.exclusions.gz.alleles.gz
running 9808_41_TNRC6B_TNR6B.txt.gz.annotated.gz.exclusions.gz.alleles.gz
finished 9808_41_TNRC6B_TNR6B.txt.gz.annotated.gz.exclusions.gz.alleles.gz
running 9815_5_ARHGAP1_RHG01.txt.gz.annotated.gz.exclusions.gz.alleles.gz
finished 9815_5_ARHGAP1_RHG01.txt.gz.annotated.gz.exclusions.gz.alleles.gz
running 9816_37_ISOC1_ISOC1.txt.gz.annotated.gz.exclusions.gz.alleles.gz
finished 9816_37_ISOC1_ISOC1.txt.gz.annotated.gz.exclusions.gz.alleles.gz
running 9819_110_NUP210_PO210.txt.gz.annotated.gz.exclusions.gz.alleles.gz
finished 9819_110_NUP210_PO210.txt.gz.annotated.gz.exclusions.gz.alleles.gz
running 9823_2_DHFR_DYR.txt.gz.annotated.gz.exclusions.gz.alleles.gz
finished 9823_2_DHFR_DYR.txt.gz.annotated.gz.exclusions.gz.alleles.gz
running 9826_135_FHIT_Fragile_histidine_triad_protein.txt.gz.annotated.gz.exclusions.gz.alleles.gz
finished 9826_135_FHIT_Fragile_histidine_triad_protein.txt.gz.annotated.gz.exclusions.gz.alleles.gz
running 9828_86_LDHC_LDHC.txt.gz.annotated.gz.exclusions.gz.alleles.gz
finished 9828_86_LDHC_LDHC.txt.gz.annotated.gz.exclusions.gz.alleles.gz
running 9829_91_SULT2A1_SULT_2A1.txt.gz.annotated.gz.exclusions.gz.alleles.gz
finished 9829_91_SULT2A1_SULT_2A1.txt.gz.annotated.gz.exclusions.gz.alleles.gz
running 9830_109_VAV3_VAV3.txt.gz.annotated.gz.exclusions.gz.alleles.gz
finished 9830_109_VAV3_VAV3.txt.gz.annotated.gz.exclusions.gz.alleles.gz
running 9831_12_G3BP2_G3BP2.txt.gz.annotated.gz.exclusions.gz.alleles.gz
finished 9831_12_G3BP2_G3BP2.txt.gz.annotated.gz.exclusions.gz.alleles.gz
running 9832_33_HGD_HGD.txt.gz.annotated.gz.exclusions.gz.alleles.gz
finished 9832_33_HGD_HGD.txt.gz.annotated.gz.exclusions.gz.alleles.gz
running 9834_62_ADH1B_ADH1B.txt.gz.annotated.gz.exclusions.gz.alleles.gz
finished 9834_62_ADH1B_ADH1B.txt.gz.annotated.gz.exclusions.gz.alleles.gz
running 9835_16_ALDH1A3_AL1A3.txt.gz.annotated.gz.exclusions.gz.alleles.gz
finished 9835_16_ALDH1A3_AL1A3.txt.gz.annotated.gz.exclusions.gz.alleles.gz
running 9836_20_DCK_DCK.txt.gz.annotated.gz.exclusions.gz.alleles.gz
finished 9836_20_DCK_DCK.txt.gz.annotated.gz.exclusions.gz.alleles.gz
running 9837_60_NQO1_NAD_P_H_dehydrogenase.txt.gz.annotated.gz.exclusions.gz.alleles.gz
finished 9837_60_NQO1_NAD_P_H_dehydrogenase.txt.gz.annotated.gz.exclusions.gz.alleles.gz
running 9838_4_SMAD1_SMAD1.txt.gz.annotated.gz.exclusions.gz.alleles.gz
finished 9838_4_SMAD1_SMAD1.txt.gz.annotated.gz.exclusions.gz.alleles.gz
running 9839_148_TIRAP_Tirap.txt.gz.annotated.gz.exclusions.gz.alleles.gz
finished 9839_148_TIRAP_Tirap.txt.gz.annotated.gz.exclusions.gz.alleles.gz
running 9840_2_CDC42_Cdc42Hs.txt.gz.annotated.gz.exclusions.gz.alleles.gz
finished 9840_2_CDC42_Cdc42Hs.txt.gz.annotated.gz.exclusions.gz.alleles.gz
running 9841_197_PAICS_Multifunctional_protein_ADE2.txt.gz.annotated.gz.exclusions.gz.alleles.gz
finished 9841_197_PAICS_Multifunctional_protein_ADE2.txt.gz.annotated.gz.exclusions.gz.alleles.gz
running 9842_2_CTNNB1_b_Catenin.txt.gz.annotated.gz.exclusions.gz.alleles.gz
finished 9842_2_CTNNB1_b_Catenin.txt.gz.annotated.gz.exclusions.gz.alleles.gz
running 9843_5_ACTN1_ACTN1.txt.gz.annotated.gz.exclusions.gz.alleles.gz
finished 9843_5_ACTN1_ACTN1.txt.gz.annotated.gz.exclusions.gz.alleles.gz
running 9844_138_ACTN2_ACTN2.txt.gz.annotated.gz.exclusions.gz.alleles.gz
finished 9844_138_ACTN2_ACTN2.txt.gz.annotated.gz.exclusions.gz.alleles.gz
