running 9846_32_ARHGDIB_Rho_GDI_beta.txt.gz.annotated.gz.exclusions.gz.alleles.gz
finished 9846_32_ARHGDIB_Rho_GDI_beta.txt.gz.annotated.gz.exclusions.gz.alleles.gz
running 9847_21_TGIF2_TGIF2.txt.gz.annotated.gz.exclusions.gz.alleles.gz
finished 9847_21_TGIF2_TGIF2.txt.gz.annotated.gz.exclusions.gz.alleles.gz
running 9848_22_CCNH_Cyclin_H.txt.gz.annotated.gz.exclusions.gz.alleles.gz
finished 9848_22_CCNH_Cyclin_H.txt.gz.annotated.gz.exclusions.gz.alleles.gz
running 9849_13_APEX1_APEX1.txt.gz.annotated.gz.exclusions.gz.alleles.gz
finished 9849_13_APEX1_APEX1.txt.gz.annotated.gz.exclusions.gz.alleles.gz
running 9850_38_EIF1AX_IF1AX.txt.gz.annotated.gz.exclusions.gz.alleles.gz
finished 9850_38_EIF1AX_IF1AX.txt.gz.annotated.gz.exclusions.gz.alleles.gz
running 9853_3_IFIT2_IFIT2.txt.gz.annotated.gz.exclusions.gz.alleles.gz
finished 9853_3_IFIT2_IFIT2.txt.gz.annotated.gz.exclusions.gz.alleles.gz
running 9855_10_RHOA_Rho_A.txt.gz.annotated.gz.exclusions.gz.alleles.gz
finished 9855_10_RHOA_Rho_A.txt.gz.annotated.gz.exclusions.gz.alleles.gz
running 9856_22_DHPS_DHYS.txt.gz.annotated.gz.exclusions.gz.alleles.gz
finished 9856_22_DHPS_DHYS.txt.gz.annotated.gz.exclusions.gz.alleles.gz
running 9859_180_SAT1_SSAT_1.txt.gz.annotated.gz.exclusions.gz.alleles.gz
finished 9859_180_SAT1_SSAT_1.txt.gz.annotated.gz.exclusions.gz.alleles.gz
running 9863_1_TPM4_Tropomyosin_4.txt.gz.annotated.gz.exclusions.gz.alleles.gz
finished 9863_1_TPM4_Tropomyosin_4.txt.gz.annotated.gz.exclusions.gz.alleles.gz
running 9864_38_TTC1_TTC1.txt.gz.annotated.gz.exclusions.gz.alleles.gz
finished 9864_38_TTC1_TTC1.txt.gz.annotated.gz.exclusions.gz.alleles.gz
running 9865_40_UBE2B_UBE2B.txt.gz.annotated.gz.exclusions.gz.alleles.gz
finished 9865_40_UBE2B_UBE2B.txt.gz.annotated.gz.exclusions.gz.alleles.gz
running 9867_23_FBP2_F16P2.txt.gz.annotated.gz.exclusions.gz.alleles.gz
finished 9867_23_FBP2_F16P2.txt.gz.annotated.gz.exclusions.gz.alleles.gz
running 9869_28_NFKB1_NF_kappa_B_p105.txt.gz.annotated.gz.exclusions.gz.alleles.gz
finished 9869_28_NFKB1_NF_kappa_B_p105.txt.gz.annotated.gz.exclusions.gz.alleles.gz
running 9870_17_WARS_SYWC.txt.gz.annotated.gz.exclusions.gz.alleles.gz
finished 9870_17_WARS_SYWC.txt.gz.annotated.gz.exclusions.gz.alleles.gz
running 9872_23_CTNNA2_CTNA2.txt.gz.annotated.gz.exclusions.gz.alleles.gz
finished 9872_23_CTNNA2_CTNA2.txt.gz.annotated.gz.exclusions.gz.alleles.gz
running 9873_17_ESRRA_ERRalpha.txt.gz.annotated.gz.exclusions.gz.alleles.gz
finished 9873_17_ESRRA_ERRalpha.txt.gz.annotated.gz.exclusions.gz.alleles.gz
running 9874_28_CDKN2B_p15_INK4b.txt.gz.annotated.gz.exclusions.gz.alleles.gz
finished 9874_28_CDKN2B_p15_INK4b.txt.gz.annotated.gz.exclusions.gz.alleles.gz
running 9875_107_THOC1_THOC1.txt.gz.annotated.gz.exclusions.gz.alleles.gz
finished 9875_107_THOC1_THOC1.txt.gz.annotated.gz.exclusions.gz.alleles.gz
running 9876_20_ALDOC_aldolase_C.txt.gz.annotated.gz.exclusions.gz.alleles.gz
finished 9876_20_ALDOC_aldolase_C.txt.gz.annotated.gz.exclusions.gz.alleles.gz
running 9877_28_CRKL_CRKL.txt.gz.annotated.gz.exclusions.gz.alleles.gz
finished 9877_28_CRKL_CRKL.txt.gz.annotated.gz.exclusions.gz.alleles.gz
running 9880_33_TDO2_T23O.txt.gz.annotated.gz.exclusions.gz.alleles.gz
finished 9880_33_TDO2_T23O.txt.gz.annotated.gz.exclusions.gz.alleles.gz
running 9883_29_GLO1_Glyoxalase_I.txt.gz.annotated.gz.exclusions.gz.alleles.gz
finished 9883_29_GLO1_Glyoxalase_I.txt.gz.annotated.gz.exclusions.gz.alleles.gz
running 9884_8_PPIL1_PPIL1.txt.gz.annotated.gz.exclusions.gz.alleles.gz
finished 9884_8_PPIL1_PPIL1.txt.gz.annotated.gz.exclusions.gz.alleles.gz
running 9885_41_RAP2A_RAP2A.txt.gz.annotated.gz.exclusions.gz.alleles.gz
finished 9885_41_RAP2A_RAP2A.txt.gz.annotated.gz.exclusions.gz.alleles.gz
running 9886_28_XRCC4_XRCC4.txt.gz.annotated.gz.exclusions.gz.alleles.gz
finished 9886_28_XRCC4_XRCC4.txt.gz.annotated.gz.exclusions.gz.alleles.gz
running 9887_40_RBBP6_RBBP6.txt.gz.annotated.gz.exclusions.gz.alleles.gz
finished 9887_40_RBBP6_RBBP6.txt.gz.annotated.gz.exclusions.gz.alleles.gz
running 9889_42_AFAP1L1_AF1L1.txt.gz.annotated.gz.exclusions.gz.alleles.gz
finished 9889_42_AFAP1L1_AF1L1.txt.gz.annotated.gz.exclusions.gz.alleles.gz
running 9893_27_OAZ1_Ornithine_decarboxylase_antizyme.txt.gz.annotated.gz.exclusions.gz.alleles.gz
finished 9893_27_OAZ1_Ornithine_decarboxylase_antizyme.txt.gz.annotated.gz.exclusions.gz.alleles.gz
running 9894_13_MYO6_MYO6.txt.gz.annotated.gz.exclusions.gz.alleles.gz
finished 9894_13_MYO6_MYO6.txt.gz.annotated.gz.exclusions.gz.alleles.gz
running 9895_77_ERCC4_XPF.txt.gz.annotated.gz.exclusions.gz.alleles.gz
finished 9895_77_ERCC4_XPF.txt.gz.annotated.gz.exclusions.gz.alleles.gz
running 9896_21_FOXG1_FOXGB.txt.gz.annotated.gz.exclusions.gz.alleles.gz
finished 9896_21_FOXG1_FOXGB.txt.gz.annotated.gz.exclusions.gz.alleles.gz
running 9897_9_MCM6_MCM6.txt.gz.annotated.gz.exclusions.gz.alleles.gz
finished 9897_9_MCM6_MCM6.txt.gz.annotated.gz.exclusions.gz.alleles.gz
running 9898_161_ARID1A_ARI1A.txt.gz.annotated.gz.exclusions.gz.alleles.gz
finished 9898_161_ARID1A_ARI1A.txt.gz.annotated.gz.exclusions.gz.alleles.gz
running 9899_28_KIF1C_KIF1C.txt.gz.annotated.gz.exclusions.gz.alleles.gz
finished 9899_28_KIF1C_KIF1C.txt.gz.annotated.gz.exclusions.gz.alleles.gz
running 9900_36_NEFH_NFH.txt.gz.annotated.gz.exclusions.gz.alleles.gz
finished 9900_36_NEFH_NFH.txt.gz.annotated.gz.exclusions.gz.alleles.gz
running 9901_28_EGLN1_EGLN1.txt.gz.annotated.gz.exclusions.gz.alleles.gz
finished 9901_28_EGLN1_EGLN1.txt.gz.annotated.gz.exclusions.gz.alleles.gz
running 9906_21_SPOCK3_TICN3.txt.gz.annotated.gz.exclusions.gz.alleles.gz
finished 9906_21_SPOCK3_TICN3.txt.gz.annotated.gz.exclusions.gz.alleles.gz
running 9907_216_TNKS_Tankyrase_1.txt.gz.annotated.gz.exclusions.gz.alleles.gz
finished 9907_216_TNKS_Tankyrase_1.txt.gz.annotated.gz.exclusions.gz.alleles.gz
running 9910_9_MTAP_MTAP.txt.gz.annotated.gz.exclusions.gz.alleles.gz
finished 9910_9_MTAP_MTAP.txt.gz.annotated.gz.exclusions.gz.alleles.gz
running 9913_4_RRBP1_RRBP1.txt.gz.annotated.gz.exclusions.gz.alleles.gz
finished 9913_4_RRBP1_RRBP1.txt.gz.annotated.gz.exclusions.gz.alleles.gz
running 9916_146_LRRC4B_LRC4B.txt.gz.annotated.gz.exclusions.gz.alleles.gz
finished 9916_146_LRRC4B_LRC4B.txt.gz.annotated.gz.exclusions.gz.alleles.gz
running 9918_23_CALB1_Calbindin_D28.txt.gz.annotated.gz.exclusions.gz.alleles.gz
finished 9918_23_CALB1_Calbindin_D28.txt.gz.annotated.gz.exclusions.gz.alleles.gz
running 9923_6_SOS1_SOS1.txt.gz.annotated.gz.exclusions.gz.alleles.gz
finished 9923_6_SOS1_SOS1.txt.gz.annotated.gz.exclusions.gz.alleles.gz
running 9925_56_SCARF2_SREC_II.txt.gz.annotated.gz.exclusions.gz.alleles.gz
finished 9925_56_SCARF2_SREC_II.txt.gz.annotated.gz.exclusions.gz.alleles.gz
running 9926_4_S100P_S100P.txt.gz.annotated.gz.exclusions.gz.alleles.gz
finished 9926_4_S100P_S100P.txt.gz.annotated.gz.exclusions.gz.alleles.gz
running 9927_96_TNS4_TENS4.txt.gz.annotated.gz.exclusions.gz.alleles.gz
finished 9927_96_TNS4_TENS4.txt.gz.annotated.gz.exclusions.gz.alleles.gz
running 9928_125_LECT1_LECT1.txt.gz.annotated.gz.exclusions.gz.alleles.gz
finished 9928_125_LECT1_LECT1.txt.gz.annotated.gz.exclusions.gz.alleles.gz
running 9929_16_HSD17B7_DHB7.txt.gz.annotated.gz.exclusions.gz.alleles.gz
finished 9929_16_HSD17B7_DHB7.txt.gz.annotated.gz.exclusions.gz.alleles.gz
running 9930_48_GABBR2_GABR2.txt.gz.annotated.gz.exclusions.gz.alleles.gz
finished 9930_48_GABBR2_GABR2.txt.gz.annotated.gz.exclusions.gz.alleles.gz
running 9931_20_KRT1_Keratin_1.txt.gz.annotated.gz.exclusions.gz.alleles.gz
finished 9931_20_KRT1_Keratin_1.txt.gz.annotated.gz.exclusions.gz.alleles.gz
running 9932_49_SEMA4F_SEM4F.txt.gz.annotated.gz.exclusions.gz.alleles.gz
finished 9932_49_SEMA4F_SEM4F.txt.gz.annotated.gz.exclusions.gz.alleles.gz
running 9933_49_ATP1B4_AT1B4.txt.gz.annotated.gz.exclusions.gz.alleles.gz
finished 9933_49_ATP1B4_AT1B4.txt.gz.annotated.gz.exclusions.gz.alleles.gz
running 9934_29_PITPNA_PIPNA.txt.gz.annotated.gz.exclusions.gz.alleles.gz
finished 9934_29_PITPNA_PIPNA.txt.gz.annotated.gz.exclusions.gz.alleles.gz
running 9936_27_LNX1_LNX1.txt.gz.annotated.gz.exclusions.gz.alleles.gz
finished 9936_27_LNX1_LNX1.txt.gz.annotated.gz.exclusions.gz.alleles.gz
running 9937_7_GJA1_CXA1.txt.gz.annotated.gz.exclusions.gz.alleles.gz
finished 9937_7_GJA1_CXA1.txt.gz.annotated.gz.exclusions.gz.alleles.gz
running 9940_35_DUSP28_DUS28.txt.gz.annotated.gz.exclusions.gz.alleles.gz
finished 9940_35_DUSP28_DUS28.txt.gz.annotated.gz.exclusions.gz.alleles.gz
running 9941_70_PCDHB1_PCDB1.txt.gz.annotated.gz.exclusions.gz.alleles.gz
finished 9941_70_PCDHB1_PCDB1.txt.gz.annotated.gz.exclusions.gz.alleles.gz
running 9942_2_NXT1_NXT1.txt.gz.annotated.gz.exclusions.gz.alleles.gz
finished 9942_2_NXT1_NXT1.txt.gz.annotated.gz.exclusions.gz.alleles.gz
running 9947_22_TOPBP1_TOPB1.txt.gz.annotated.gz.exclusions.gz.alleles.gz
finished 9947_22_TOPBP1_TOPB1.txt.gz.annotated.gz.exclusions.gz.alleles.gz
running 9950_229_LAG3_LAG_3.txt.gz.annotated.gz.exclusions.gz.alleles.gz
finished 9950_229_LAG3_LAG_3.txt.gz.annotated.gz.exclusions.gz.alleles.gz
running 9951_36_FBXL4_FBXL4.txt.gz.annotated.gz.exclusions.gz.alleles.gz
finished 9951_36_FBXL4_FBXL4.txt.gz.annotated.gz.exclusions.gz.alleles.gz
running 9952_57_TFAM_TFAM.txt.gz.annotated.gz.exclusions.gz.alleles.gz
finished 9952_57_TFAM_TFAM.txt.gz.annotated.gz.exclusions.gz.alleles.gz
running 9954_2_NPIPB3_NPPL3.txt.gz.annotated.gz.exclusions.gz.alleles.gz
finished 9954_2_NPIPB3_NPPL3.txt.gz.annotated.gz.exclusions.gz.alleles.gz
running 9955_40_RNF148_RN148.txt.gz.annotated.gz.exclusions.gz.alleles.gz
finished 9955_40_RNF148_RN148.txt.gz.annotated.gz.exclusions.gz.alleles.gz
running 9956_7_ADAM15_ADA15.txt.gz.annotated.gz.exclusions.gz.alleles.gz
finished 9956_7_ADAM15_ADA15.txt.gz.annotated.gz.exclusions.gz.alleles.gz
running 9957_9_RNF114_RN114.txt.gz.annotated.gz.exclusions.gz.alleles.gz
finished 9957_9_RNF114_RN114.txt.gz.annotated.gz.exclusions.gz.alleles.gz
running 9959_60_TMEM59L_TM59L.txt.gz.annotated.gz.exclusions.gz.alleles.gz
finished 9959_60_TMEM59L_TM59L.txt.gz.annotated.gz.exclusions.gz.alleles.gz
running 9960_2_TBC1D5_TBCD5.txt.gz.annotated.gz.exclusions.gz.alleles.gz
finished 9960_2_TBC1D5_TBCD5.txt.gz.annotated.gz.exclusions.gz.alleles.gz
running 9962_1_CDHR5_MUCDL.txt.gz.annotated.gz.exclusions.gz.alleles.gz
finished 9962_1_CDHR5_MUCDL.txt.gz.annotated.gz.exclusions.gz.alleles.gz
running 9963_19_PCDHB10_PCDBA.txt.gz.annotated.gz.exclusions.gz.alleles.gz
finished 9963_19_PCDHB10_PCDBA.txt.gz.annotated.gz.exclusions.gz.alleles.gz
running 9964_10_MYZAP_MYZAP.txt.gz.annotated.gz.exclusions.gz.alleles.gz
finished 9964_10_MYZAP_MYZAP.txt.gz.annotated.gz.exclusions.gz.alleles.gz
running 9969_8_SLC22A16_S22AG.txt.gz.annotated.gz.exclusions.gz.alleles.gz
finished 9969_8_SLC22A16_S22AG.txt.gz.annotated.gz.exclusions.gz.alleles.gz
running 9970_7_UBXN4_UBXN4.txt.gz.annotated.gz.exclusions.gz.alleles.gz
finished 9970_7_UBXN4_UBXN4.txt.gz.annotated.gz.exclusions.gz.alleles.gz
running 9971_5_CSMD2_CSMD2.txt.gz.annotated.gz.exclusions.gz.alleles.gz
finished 9971_5_CSMD2_CSMD2.txt.gz.annotated.gz.exclusions.gz.alleles.gz
running 9974_8_DLL3_DLL3.txt.gz.annotated.gz.exclusions.gz.alleles.gz
finished 9974_8_DLL3_DLL3.txt.gz.annotated.gz.exclusions.gz.alleles.gz
running 9979_13_AMIGO1_AMGO1.txt.gz.annotated.gz.exclusions.gz.alleles.gz
finished 9979_13_AMIGO1_AMGO1.txt.gz.annotated.gz.exclusions.gz.alleles.gz
running 9981_18_KIAA1467_K1467.txt.gz.annotated.gz.exclusions.gz.alleles.gz
finished 9981_18_KIAA1467_K1467.txt.gz.annotated.gz.exclusions.gz.alleles.gz
running 9983_97_PRSS35_PRS35.txt.gz.annotated.gz.exclusions.gz.alleles.gz
finished 9983_97_PRSS35_PRS35.txt.gz.annotated.gz.exclusions.gz.alleles.gz
running 9984_12_YIPF6_YIPF6.txt.gz.annotated.gz.exclusions.gz.alleles.gz
finished 9984_12_YIPF6_YIPF6.txt.gz.annotated.gz.exclusions.gz.alleles.gz
