running CPB1_P15086_OID20289.gz
finished CPB1_P15086_OID20289.gz
running CPB2_Q96IY4_OID30734.gz
finished CPB2_Q96IY4_OID30734.gz
running CPE_P16870_OID21392.gz
finished CPE_P16870_OID21392.gz
running CPLX2_Q6PUV4_OID31186.gz
finished CPLX2_Q6PUV4_OID31186.gz
running CPM_P14384_OID21054.gz
finished CPM_P14384_OID21054.gz
running CPOX_P36551_OID30495.gz
finished CPOX_P36551_OID30495.gz
running CPPED1_Q9BRF8_OID21053.gz
finished CPPED1_Q9BRF8_OID21053.gz
running CPQ_Q9Y646_OID30406.gz
finished CPQ_Q9Y646_OID30406.gz
running CPTP_Q5TA50_OID30106.gz
finished CPTP_Q5TA50_OID30106.gz
running CPVL_Q9H3G5_OID21435.gz
finished CPVL_Q9H3G5_OID21435.gz
running CPXM1_Q96SM3_OID21479.gz
finished CPXM1_Q96SM3_OID21479.gz
running CPXM2_Q8N436_OID30322.gz
finished CPXM2_Q8N436_OID30322.gz
running CR1_P17927_OID30697.gz
finished CR1_P17927_OID30697.gz
running CR2_P20023_OID20393.gz
finished CR2_P20023_OID20393.gz
running CRACR2A_Q9BSW2_OID21249.gz
finished CRACR2A_Q9BSW2_OID21249.gz
running CRADD_P78560_OID20923.gz
finished CRADD_P78560_OID20923.gz
running CREB3_O43889_OID31188.gz
finished CREB3_O43889_OID31188.gz
running CREBZF_Q9NS37_OID31206.gz
finished CREBZF_Q9NS37_OID31206.gz
running CREG1_O75629_OID21515.gz
finished CREG1_O75629_OID21515.gz
running CRELD1_Q96HD1_OID30619.gz
finished CRELD1_Q96HD1_OID30619.gz
running CRELD2_Q6UXH1_OID20751.gz
finished CRELD2_Q6UXH1_OID20751.gz
running CRHBP_P24387_OID20747.gz
finished CRHBP_P24387_OID20747.gz
running CRH_P06850_OID21257.gz
finished CRH_P06850_OID21257.gz
running CRHR1_P34998_OID20055.gz
finished CRHR1_P34998_OID20055.gz
running CRIM1_Q9NZV1_OID20701.gz
finished CRIM1_Q9NZV1_OID20701.gz
running CRIP2_P52943_OID20901.gz
finished CRIP2_P52943_OID20901.gz
running CRISP2_P16562_OID21456.gz
finished CRISP2_P16562_OID21456.gz
running CRISP3_P54108_OID30715.gz
finished CRISP3_P54108_OID30715.gz
running CRKL_P46109_OID20742.gz
finished CRKL_P46109_OID20742.gz
running CRLF1_O75462_OID20699.gz
finished CRLF1_O75462_OID20699.gz
running CRNN_Q9UBG3_OID21427.gz
finished CRNN_Q9UBG3_OID21427.gz
running CRTAC1_Q9NQ79_OID20279.gz
finished CRTAC1_Q9NQ79_OID20279.gz
running CRTAM_O95727_OID20914.gz
finished CRTAM_O95727_OID20914.gz
running CRTAP_O75718_OID30902.gz
finished CRTAP_O75718_OID30902.gz
running CRX_O43186_OID20070.gz
finished CRX_O43186_OID20070.gz
running CRYBB1_P53674_OID30319.gz
finished CRYBB1_P53674_OID30319.gz
running CRYBB2_P43320_OID31081.gz
finished CRYBB2_P43320_OID31081.gz
running CRYGD_P07320_OID31144.gz
finished CRYGD_P07320_OID31144.gz
running CRYM_Q14894_OID30815.gz
finished CRYM_Q14894_OID30815.gz
running CRYZL1_O95825_OID30272.gz
finished CRYZL1_O95825_OID30272.gz
running CSDE1_O75534_OID30183.gz
finished CSDE1_O75534_OID30183.gz
running CSF1_P09603_OID20719.gz
finished CSF1_P09603_OID20719.gz
running CSF1R_P07333_OID30681.gz
finished CSF1R_P07333_OID30681.gz
running CSF2_P04141_OID30072.gz
finished CSF2_P04141_OID30072.gz
running CSF2RA_P15509_OID20915.gz
finished CSF2RA_P15509_OID20915.gz
running CSF2RB_P32927_OID30553.gz
finished CSF2RB_P32927_OID30553.gz
running CSF3_P09919_OID20491.gz
finished CSF3_P09919_OID20491.gz
running CSF3R_Q99062_OID30527.gz
finished CSF3R_Q99062_OID30527.gz
running CSH1_P0DML2_OID30667.gz
finished CSH1_P0DML2_OID30667.gz
running CSNK1D_P48730_OID30492.gz
finished CSNK1D_P48730_OID30492.gz
running CSNK2A1_P68400_OID31053.gz
finished CSNK2A1_P68400_OID31053.gz
running CSPG4_Q6UVK1_OID30397.gz
finished CSPG4_Q6UVK1_OID30397.gz
running CSPG5_O95196_OID30843.gz
finished CSPG5_O95196_OID30843.gz
running CSRP3_P50461_OID30176.gz
finished CSRP3_P50461_OID30176.gz
running CST1_P01037_OID30581.gz
finished CST1_P01037_OID30581.gz
running CST3_P01034_OID20400.gz
finished CST3_P01034_OID20400.gz
running CST5_P28325_OID20995.gz
finished CST5_P28325_OID20995.gz
running CST6_Q15828_OID20293.gz
finished CST6_Q15828_OID20293.gz
running CST7_O76096_OID20704.gz
finished CST7_O76096_OID20704.gz
running CSTB_P04080_OID20294.gz
finished CSTB_P04080_OID20294.gz
running CTAG1A_CTAG1B_P78358_OID31299.gz
finished CTAG1A_CTAG1B_P78358_OID31299.gz
running CTBS_Q01459_OID30710.gz
finished CTBS_Q01459_OID30710.gz
running CTF1_Q16619_OID20061.gz
finished CTF1_Q16619_OID20061.gz
running CTHRC1_Q96CG8_OID30393.gz
finished CTHRC1_Q96CG8_OID30393.gz
running CTLA4_P16410_OID30363.gz
finished CTLA4_P16410_OID30363.gz
running CTNNA1_P35221_OID30800.gz
finished CTNNA1_P35221_OID30800.gz
running CTRB1_P17538_OID21150.gz
finished CTRB1_P17538_OID21150.gz
running CTRC_Q99895_OID20752.gz
finished CTRC_Q99895_OID20752.gz
running CTRL_P40313_OID31157.gz
finished CTRL_P40313_OID31157.gz
running CTSB_P07858_OID20276.gz
finished CTSB_P07858_OID20276.gz
running CTSC_P53634_OID20679.gz
finished CTSC_P53634_OID20679.gz
running CTSD_P07339_OID20358.gz
finished CTSD_P07339_OID20358.gz
running CTSE_P14091_OID30628.gz
finished CTSE_P14091_OID30628.gz
running CTSF_Q9UBX1_OID21500.gz
finished CTSF_Q9UBX1_OID21500.gz
running CTSH_P09668_OID20113.gz
finished CTSH_P09668_OID20113.gz
running CTSL_P07711_OID20228.gz
finished CTSL_P07711_OID20228.gz
running CTSO_P43234_OID20660.gz
finished CTSO_P43234_OID20660.gz
running CTSS_P25774_OID21056.gz
finished CTSS_P25774_OID21056.gz
running CTSV_O60911_OID21405.gz
finished CTSV_O60911_OID21405.gz
running CTSZ_Q9UBR2_OID20365.gz
finished CTSZ_Q9UBR2_OID20365.gz
running CUZD1_Q86UP6_OID30914.gz
finished CUZD1_Q86UP6_OID30914.gz
running CWC15_Q9P013_OID31479.gz
finished CWC15_Q9P013_OID31479.gz
running CX3CL1_P78423_OID20976.gz
finished CX3CL1_P78423_OID20976.gz
running CXADR_P78310_OID20561.gz
finished CXADR_P78310_OID20561.gz
running CXCL10_P02778_OID20697.gz
finished CXCL10_P02778_OID20697.gz
running CXCL11_O14625_OID21042.gz
finished CXCL11_O14625_OID21042.gz
running CXCL12_P48061_OID20464.gz
finished CXCL12_P48061_OID20464.gz
running CXCL13_O43927_OID21024.gz
finished CXCL13_O43927_OID21024.gz
running CXCL14_O95715_OID20458.gz
finished CXCL14_O95715_OID20458.gz
running CXCL16_Q9H2A7_OID20282.gz
finished CXCL16_Q9H2A7_OID20282.gz
running CXCL17_Q6UXB2_OID20622.gz
finished CXCL17_Q6UXB2_OID20622.gz
running CXCL1_P09341_OID20762.gz
finished CXCL1_P09341_OID20762.gz
running CXCL3_P19876_OID20788.gz
finished CXCL3_P19876_OID20788.gz
running CXCL5_P42830_OID20207.gz
finished CXCL5_P42830_OID20207.gz
running CXCL6_P80162_OID20613.gz
finished CXCL6_P80162_OID20613.gz
running CXCL8_P10145_OID20153.gz
finished CXCL8_P10145_OID20153.gz
running CXCL8_P10145_OID20631.gz
finished CXCL8_P10145_OID20631.gz
running CXCL8_P10145_OID20997.gz
finished CXCL8_P10145_OID20997.gz
running CXCL8_P10145_OID21430.gz
finished CXCL8_P10145_OID21430.gz
running CXCL9_Q07325_OID20675.gz
finished CXCL9_Q07325_OID20675.gz
running CYB5A_P00167_OID31171.gz
finished CYB5A_P00167_OID31171.gz
running CYB5R2_Q6BCY4_OID31512.gz
finished CYB5R2_Q6BCY4_OID31512.gz
running CYP24A1_Q07973_OID30091.gz
finished CYP24A1_Q07973_OID30091.gz
running CYTH3_O43739_OID31208.gz
finished CYTH3_O43739_OID31208.gz
running CYTL1_Q9NRR1_OID30374.gz
finished CYTL1_Q9NRR1_OID30374.gz
running DAAM1_Q9Y4D1_OID30664.gz
finished DAAM1_Q9Y4D1_OID30664.gz
running DAB2_P98082_OID21428.gz
finished DAB2_P98082_OID21428.gz
running DAG1_Q14118_OID20774.gz
finished DAG1_Q14118_OID20774.gz
running DAND5_Q8N907_OID30420.gz
finished DAND5_Q8N907_OID30420.gz
