running 6267_51_STMN4_STMN4.txt.gz.annotated.gz.exclusions.gz.alleles.gz
finished 6267_51_STMN4_STMN4.txt.gz.annotated.gz.exclusions.gz.alleles.gz
running 6273_58_LEPRE1_P3H1.txt.gz.annotated.gz.exclusions.gz.alleles.gz
finished 6273_58_LEPRE1_P3H1.txt.gz.annotated.gz.exclusions.gz.alleles.gz
running 6274_15_WSCD2_WSCD2.txt.gz.annotated.gz.exclusions.gz.alleles.gz
finished 6274_15_WSCD2_WSCD2.txt.gz.annotated.gz.exclusions.gz.alleles.gz
running 6276_16_FURIN_Furin.txt.gz.annotated.gz.exclusions.gz.alleles.gz
finished 6276_16_FURIN_Furin.txt.gz.annotated.gz.exclusions.gz.alleles.gz
running 6280_11_PCDH8_PCDH8.txt.gz.annotated.gz.exclusions.gz.alleles.gz
finished 6280_11_PCDH8_PCDH8.txt.gz.annotated.gz.exclusions.gz.alleles.gz
running 6281_51_ST3GAL2_SIA4B.txt.gz.annotated.gz.exclusions.gz.alleles.gz
finished 6281_51_ST3GAL2_SIA4B.txt.gz.annotated.gz.exclusions.gz.alleles.gz
running 6283_60_MCEMP1_MCEM1.txt.gz.annotated.gz.exclusions.gz.alleles.gz
finished 6283_60_MCEMP1_MCEM1.txt.gz.annotated.gz.exclusions.gz.alleles.gz
running 6284_7_FAM150B_F150B.txt.gz.annotated.gz.exclusions.gz.alleles.gz
finished 6284_7_FAM150B_F150B.txt.gz.annotated.gz.exclusions.gz.alleles.gz
running 6285_71_MLEC_K0152.txt.gz.annotated.gz.exclusions.gz.alleles.gz
finished 6285_71_MLEC_K0152.txt.gz.annotated.gz.exclusions.gz.alleles.gz
running 6289_78_ARHGAP36_RHG36.txt.gz.annotated.gz.exclusions.gz.alleles.gz
finished 6289_78_ARHGAP36_RHG36.txt.gz.annotated.gz.exclusions.gz.alleles.gz
running 6290_3_UTS2B_UTS2B.txt.gz.annotated.gz.exclusions.gz.alleles.gz
finished 6290_3_UTS2B_UTS2B.txt.gz.annotated.gz.exclusions.gz.alleles.gz
running 6291_55_CLSTN3_Alcadein_beta.txt.gz.annotated.gz.exclusions.gz.alleles.gz
finished 6291_55_CLSTN3_Alcadein_beta.txt.gz.annotated.gz.exclusions.gz.alleles.gz
running 6294_11_BAGE2_BAGE2.txt.gz.annotated.gz.exclusions.gz.alleles.gz
finished 6294_11_BAGE2_BAGE2.txt.gz.annotated.gz.exclusions.gz.alleles.gz
running 6296_36_OIT3_OIT3.txt.gz.annotated.gz.exclusions.gz.alleles.gz
finished 6296_36_OIT3_OIT3.txt.gz.annotated.gz.exclusions.gz.alleles.gz
running 6304_8_C1QTNF1_C1QT1.txt.gz.annotated.gz.exclusions.gz.alleles.gz
finished 6304_8_C1QTNF1_C1QT1.txt.gz.annotated.gz.exclusions.gz.alleles.gz
running 6315_58_PLBD1_PLBL1.txt.gz.annotated.gz.exclusions.gz.alleles.gz
finished 6315_58_PLBD1_PLBL1.txt.gz.annotated.gz.exclusions.gz.alleles.gz
running 6321_65_PCDHGA10_PCDGA.txt.gz.annotated.gz.exclusions.gz.alleles.gz
finished 6321_65_PCDHGA10_PCDGA.txt.gz.annotated.gz.exclusions.gz.alleles.gz
running 6324_11_DNASE1L2_DNSL2.txt.gz.annotated.gz.exclusions.gz.alleles.gz
finished 6324_11_DNASE1L2_DNSL2.txt.gz.annotated.gz.exclusions.gz.alleles.gz
running 6326_20_BMP4_BMP_4.txt.gz.annotated.gz.exclusions.gz.alleles.gz
finished 6326_20_BMP4_BMP_4.txt.gz.annotated.gz.exclusions.gz.alleles.gz
running 6334_9_GGT2_GGT2.txt.gz.annotated.gz.exclusions.gz.alleles.gz
finished 6334_9_GGT2_GGT2.txt.gz.annotated.gz.exclusions.gz.alleles.gz
running 6342_10_NPNT_Nephronectin.txt.gz.annotated.gz.exclusions.gz.alleles.gz
finished 6342_10_NPNT_Nephronectin.txt.gz.annotated.gz.exclusions.gz.alleles.gz
running 6350_43_APOC2_Apo_C_II.txt.gz.annotated.gz.exclusions.gz.alleles.gz
finished 6350_43_APOC2_Apo_C_II.txt.gz.annotated.gz.exclusions.gz.alleles.gz
running 6351_55_CD79B_CD79B.txt.gz.annotated.gz.exclusions.gz.alleles.gz
finished 6351_55_CD79B_CD79B.txt.gz.annotated.gz.exclusions.gz.alleles.gz
running 6352_8_INSRR_INSRR.txt.gz.annotated.gz.exclusions.gz.alleles.gz
finished 6352_8_INSRR_INSRR.txt.gz.annotated.gz.exclusions.gz.alleles.gz
running 6354_13_HEPHL1_HPHL1.txt.gz.annotated.gz.exclusions.gz.alleles.gz
finished 6354_13_HEPHL1_HPHL1.txt.gz.annotated.gz.exclusions.gz.alleles.gz
running 6357_83_CELA3B_ELA3B.txt.gz.annotated.gz.exclusions.gz.alleles.gz
finished 6357_83_CELA3B_ELA3B.txt.gz.annotated.gz.exclusions.gz.alleles.gz
running 6359_50_POMGNT2_AGO61.txt.gz.annotated.gz.exclusions.gz.alleles.gz
finished 6359_50_POMGNT2_AGO61.txt.gz.annotated.gz.exclusions.gz.alleles.gz
running 6360_7_DEFB128_DB128.txt.gz.annotated.gz.exclusions.gz.alleles.gz
finished 6360_7_DEFB128_DB128.txt.gz.annotated.gz.exclusions.gz.alleles.gz
running 6361_49_PTPRR_PTPRR.txt.gz.annotated.gz.exclusions.gz.alleles.gz
finished 6361_49_PTPRR_PTPRR.txt.gz.annotated.gz.exclusions.gz.alleles.gz
running 6362_6_C2orf40_AUGN.txt.gz.annotated.gz.exclusions.gz.alleles.gz
finished 6362_6_C2orf40_AUGN.txt.gz.annotated.gz.exclusions.gz.alleles.gz
running 6364_7_TAPBPL_TPSNR.txt.gz.annotated.gz.exclusions.gz.alleles.gz
finished 6364_7_TAPBPL_TPSNR.txt.gz.annotated.gz.exclusions.gz.alleles.gz
running 6366_38_TXNDC15_TXD15.txt.gz.annotated.gz.exclusions.gz.alleles.gz
finished 6366_38_TXNDC15_TXD15.txt.gz.annotated.gz.exclusions.gz.alleles.gz
running 6367_66_FMOD_fibromodulin.txt.gz.annotated.gz.exclusions.gz.alleles.gz
finished 6367_66_FMOD_fibromodulin.txt.gz.annotated.gz.exclusions.gz.alleles.gz
running 6368_9_CSTL1_CST1L.txt.gz.annotated.gz.exclusions.gz.alleles.gz
finished 6368_9_CSTL1_CST1L.txt.gz.annotated.gz.exclusions.gz.alleles.gz
running 6369_82_DEAF1_DEAF1.txt.gz.annotated.gz.exclusions.gz.alleles.gz
finished 6369_82_DEAF1_DEAF1.txt.gz.annotated.gz.exclusions.gz.alleles.gz
running 6371_50_ANGPTL7_ANGL7.txt.gz.annotated.gz.exclusions.gz.alleles.gz
finished 6371_50_ANGPTL7_ANGL7.txt.gz.annotated.gz.exclusions.gz.alleles.gz
running 6372_7_YBX2_YBOX2.txt.gz.annotated.gz.exclusions.gz.alleles.gz
finished 6372_7_YBX2_YBOX2.txt.gz.annotated.gz.exclusions.gz.alleles.gz
running 6373_54_SEMG2_SEMG2.txt.gz.annotated.gz.exclusions.gz.alleles.gz
finished 6373_54_SEMG2_SEMG2.txt.gz.annotated.gz.exclusions.gz.alleles.gz
running 6375_75_XXYLT1_XXLT1.txt.gz.annotated.gz.exclusions.gz.alleles.gz
finished 6375_75_XXYLT1_XXLT1.txt.gz.annotated.gz.exclusions.gz.alleles.gz
running 6377_54_LYZL2_LYZL2.txt.gz.annotated.gz.exclusions.gz.alleles.gz
finished 6377_54_LYZL2_LYZL2.txt.gz.annotated.gz.exclusions.gz.alleles.gz
running 6378_2_C5orf38_CEI.txt.gz.annotated.gz.exclusions.gz.alleles.gz
finished 6378_2_C5orf38_CEI.txt.gz.annotated.gz.exclusions.gz.alleles.gz
running 6379_62_ADAMTSL2_ATL2.txt.gz.annotated.gz.exclusions.gz.alleles.gz
finished 6379_62_ADAMTSL2_ATL2.txt.gz.annotated.gz.exclusions.gz.alleles.gz
running 6380_23_ICT1_ICT1.txt.gz.annotated.gz.exclusions.gz.alleles.gz
finished 6380_23_ICT1_ICT1.txt.gz.annotated.gz.exclusions.gz.alleles.gz
running 6382_17_MANBA_MANBA.txt.gz.annotated.gz.exclusions.gz.alleles.gz
finished 6382_17_MANBA_MANBA.txt.gz.annotated.gz.exclusions.gz.alleles.gz
running 6383_90_TLL1_TLL1.txt.gz.annotated.gz.exclusions.gz.alleles.gz
finished 6383_90_TLL1_TLL1.txt.gz.annotated.gz.exclusions.gz.alleles.gz
running 6384_19_WFDC3_WFDC3.txt.gz.annotated.gz.exclusions.gz.alleles.gz
finished 6384_19_WFDC3_WFDC3.txt.gz.annotated.gz.exclusions.gz.alleles.gz
running 6385_63_VWA1_VWA1.txt.gz.annotated.gz.exclusions.gz.alleles.gz
finished 6385_63_VWA1_VWA1.txt.gz.annotated.gz.exclusions.gz.alleles.gz
running 6388_21_CCDC126_CC126.txt.gz.annotated.gz.exclusions.gz.alleles.gz
finished 6388_21_CCDC126_CC126.txt.gz.annotated.gz.exclusions.gz.alleles.gz
running 6390_18_NPS_NPS.txt.gz.annotated.gz.exclusions.gz.alleles.gz
finished 6390_18_NPS_NPS.txt.gz.annotated.gz.exclusions.gz.alleles.gz
running 6391_52_LILRA3_LIRA3.txt.gz.annotated.gz.exclusions.gz.alleles.gz
finished 6391_52_LILRA3_LIRA3.txt.gz.annotated.gz.exclusions.gz.alleles.gz
running 6392_7_WISP2_WISP_2.txt.gz.annotated.gz.exclusions.gz.alleles.gz
finished 6392_7_WISP2_WISP_2.txt.gz.annotated.gz.exclusions.gz.alleles.gz
running 6393_63_HSP90B1_Endoplasmin.txt.gz.annotated.gz.exclusions.gz.alleles.gz
finished 6393_63_HSP90B1_Endoplasmin.txt.gz.annotated.gz.exclusions.gz.alleles.gz
running 6395_58_GPHA2_GPHA2.txt.gz.annotated.gz.exclusions.gz.alleles.gz
finished 6395_58_GPHA2_GPHA2.txt.gz.annotated.gz.exclusions.gz.alleles.gz
running 6398_12_LONP1_LONM.txt.gz.annotated.gz.exclusions.gz.alleles.gz
finished 6398_12_LONP1_LONM.txt.gz.annotated.gz.exclusions.gz.alleles.gz
running 6399_52_DEFB107A_D107A.txt.gz.annotated.gz.exclusions.gz.alleles.gz
finished 6399_52_DEFB107A_D107A.txt.gz.annotated.gz.exclusions.gz.alleles.gz
running 6400_33_TP53I13_P5I13.txt.gz.annotated.gz.exclusions.gz.alleles.gz
finished 6400_33_TP53I13_P5I13.txt.gz.annotated.gz.exclusions.gz.alleles.gz
running 6402_8_PILRA_PILRA_isoform_FDF03_deltaTM.txt.gz.annotated.gz.exclusions.gz.alleles.gz
finished 6402_8_PILRA_PILRA_isoform_FDF03_deltaTM.txt.gz.annotated.gz.exclusions.gz.alleles.gz
running 6404_20_C1QL1_C1QRF.txt.gz.annotated.gz.exclusions.gz.alleles.gz
finished 6404_20_C1QL1_C1QRF.txt.gz.annotated.gz.exclusions.gz.alleles.gz
running 6405_74_PSG2_PSG2.txt.gz.annotated.gz.exclusions.gz.alleles.gz
finished 6405_74_PSG2_PSG2.txt.gz.annotated.gz.exclusions.gz.alleles.gz
running 6406_3_NMES1_NMES1.txt.gz.annotated.gz.exclusions.gz.alleles.gz
finished 6406_3_NMES1_NMES1.txt.gz.annotated.gz.exclusions.gz.alleles.gz
running 6407_63_LAD1_LAD1.txt.gz.annotated.gz.exclusions.gz.alleles.gz
finished 6407_63_LAD1_LAD1.txt.gz.annotated.gz.exclusions.gz.alleles.gz
running 6408_2_INHBC_INHBC.txt.gz.annotated.gz.exclusions.gz.alleles.gz
finished 6408_2_INHBC_INHBC.txt.gz.annotated.gz.exclusions.gz.alleles.gz
running 6409_57_ADGRF5_GP116.txt.gz.annotated.gz.exclusions.gz.alleles.gz
finished 6409_57_ADGRF5_GP116.txt.gz.annotated.gz.exclusions.gz.alleles.gz
running 6410_26_INSL4_INSL4.txt.gz.annotated.gz.exclusions.gz.alleles.gz
finished 6410_26_INSL4_INSL4.txt.gz.annotated.gz.exclusions.gz.alleles.gz
running 6411_58_DEFB135_DB135.txt.gz.annotated.gz.exclusions.gz.alleles.gz
finished 6411_58_DEFB135_DB135.txt.gz.annotated.gz.exclusions.gz.alleles.gz
running 6413_79_LIPK_LIPK.txt.gz.annotated.gz.exclusions.gz.alleles.gz
finished 6413_79_LIPK_LIPK.txt.gz.annotated.gz.exclusions.gz.alleles.gz
running 6414_8_OAF_OAF.txt.gz.annotated.gz.exclusions.gz.alleles.gz
finished 6414_8_OAF_OAF.txt.gz.annotated.gz.exclusions.gz.alleles.gz
running 6415_90_CPN2_CPN2.txt.gz.annotated.gz.exclusions.gz.alleles.gz
finished 6415_90_CPN2_CPN2.txt.gz.annotated.gz.exclusions.gz.alleles.gz
running 6416_8_GKN2_GKN2.txt.gz.annotated.gz.exclusions.gz.alleles.gz
finished 6416_8_GKN2_GKN2.txt.gz.annotated.gz.exclusions.gz.alleles.gz
running 6420_4_SDHAF2_SDHF2.txt.gz.annotated.gz.exclusions.gz.alleles.gz
finished 6420_4_SDHAF2_SDHF2.txt.gz.annotated.gz.exclusions.gz.alleles.gz
running 6421_52_IFNA16_IFN16.txt.gz.annotated.gz.exclusions.gz.alleles.gz
finished 6421_52_IFNA16_IFN16.txt.gz.annotated.gz.exclusions.gz.alleles.gz
running 6424_2_RNASE13_RNS13.txt.gz.annotated.gz.exclusions.gz.alleles.gz
finished 6424_2_RNASE13_RNS13.txt.gz.annotated.gz.exclusions.gz.alleles.gz
running 6425_87_MMP19_MMP19.txt.gz.annotated.gz.exclusions.gz.alleles.gz
finished 6425_87_MMP19_MMP19.txt.gz.annotated.gz.exclusions.gz.alleles.gz
running 6430_36_FAM19A2_F19A2.txt.gz.annotated.gz.exclusions.gz.alleles.gz
finished 6430_36_FAM19A2_F19A2.txt.gz.annotated.gz.exclusions.gz.alleles.gz
running 6431_68_PCYOX1_PCYOX.txt.gz.annotated.gz.exclusions.gz.alleles.gz
finished 6431_68_PCYOX1_PCYOX.txt.gz.annotated.gz.exclusions.gz.alleles.gz
running 6433_57_FAM20A_FA20A.txt.gz.annotated.gz.exclusions.gz.alleles.gz
finished 6433_57_FAM20A_FA20A.txt.gz.annotated.gz.exclusions.gz.alleles.gz
running 6434_18_AOC2_Amine_oxidase.txt.gz.annotated.gz.exclusions.gz.alleles.gz
finished 6434_18_AOC2_Amine_oxidase.txt.gz.annotated.gz.exclusions.gz.alleles.gz
running 6439_59_C14orf93_CN093.txt.gz.annotated.gz.exclusions.gz.alleles.gz
finished 6439_59_C14orf93_CN093.txt.gz.annotated.gz.exclusions.gz.alleles.gz
running 6440_31_MFAP5_MFAP5.txt.gz.annotated.gz.exclusions.gz.alleles.gz
finished 6440_31_MFAP5_MFAP5.txt.gz.annotated.gz.exclusions.gz.alleles.gz
running 6441_62_ADAMTS6_ATS6.txt.gz.annotated.gz.exclusions.gz.alleles.gz
finished 6441_62_ADAMTS6_ATS6.txt.gz.annotated.gz.exclusions.gz.alleles.gz
