running 7923_41_SEMA4C_SEM4C.txt.gz.annotated.gz.exclusions.gz.alleles.gz
finished 7923_41_SEMA4C_SEM4C.txt.gz.annotated.gz.exclusions.gz.alleles.gz
running 7924_7_CD3G_CD3G.txt.gz.annotated.gz.exclusions.gz.alleles.gz
finished 7924_7_CD3G_CD3G.txt.gz.annotated.gz.exclusions.gz.alleles.gz
running 7925_18_SMCO2_CL070.txt.gz.annotated.gz.exclusions.gz.alleles.gz
finished 7925_18_SMCO2_CL070.txt.gz.annotated.gz.exclusions.gz.alleles.gz
running 7926_13_SPINT3_SPIT3.txt.gz.annotated.gz.exclusions.gz.alleles.gz
finished 7926_13_SPINT3_SPIT3.txt.gz.annotated.gz.exclusions.gz.alleles.gz
running 7927_16_ST6GALNAC5_SIA7E.txt.gz.annotated.gz.exclusions.gz.alleles.gz
finished 7927_16_ST6GALNAC5_SIA7E.txt.gz.annotated.gz.exclusions.gz.alleles.gz
running 7928_183_TPST1_TPST1.txt.gz.annotated.gz.exclusions.gz.alleles.gz
finished 7928_183_TPST1_TPST1.txt.gz.annotated.gz.exclusions.gz.alleles.gz
running 7930_3_EXOSC1_EXOS1.txt.gz.annotated.gz.exclusions.gz.alleles.gz
finished 7930_3_EXOSC1_EXOS1.txt.gz.annotated.gz.exclusions.gz.alleles.gz
running 7932_23_SYT8_SYT8.txt.gz.annotated.gz.exclusions.gz.alleles.gz
finished 7932_23_SYT8_SYT8.txt.gz.annotated.gz.exclusions.gz.alleles.gz
running 7933_75_ADAM22_ADA22.txt.gz.annotated.gz.exclusions.gz.alleles.gz
finished 7933_75_ADAM22_ADA22.txt.gz.annotated.gz.exclusions.gz.alleles.gz
running 7934_11_NDRG4_NDRG4.txt.gz.annotated.gz.exclusions.gz.alleles.gz
finished 7934_11_NDRG4_NDRG4.txt.gz.annotated.gz.exclusions.gz.alleles.gz
running 7935_26_LARGE_LARGE.txt.gz.annotated.gz.exclusions.gz.alleles.gz
finished 7935_26_LARGE_LARGE.txt.gz.annotated.gz.exclusions.gz.alleles.gz
running 7939_1_PQLC2L_CC055.txt.gz.annotated.gz.exclusions.gz.alleles.gz
finished 7939_1_PQLC2L_CC055.txt.gz.annotated.gz.exclusions.gz.alleles.gz
running 7943_16_CUZD1_CUZD1.txt.gz.annotated.gz.exclusions.gz.alleles.gz
finished 7943_16_CUZD1_CUZD1.txt.gz.annotated.gz.exclusions.gz.alleles.gz
running 7944_1_KIR3DL3_KI3L3.txt.gz.annotated.gz.exclusions.gz.alleles.gz
finished 7944_1_KIR3DL3_KI3L3.txt.gz.annotated.gz.exclusions.gz.alleles.gz
running 7945_10_SEMA6A_Semaphorin_6A.txt.gz.annotated.gz.exclusions.gz.alleles.gz
finished 7945_10_SEMA6A_Semaphorin_6A.txt.gz.annotated.gz.exclusions.gz.alleles.gz
running 7947_19_ENTHD2_AP4AT.txt.gz.annotated.gz.exclusions.gz.alleles.gz
finished 7947_19_ENTHD2_AP4AT.txt.gz.annotated.gz.exclusions.gz.alleles.gz
running 7948_129_GLTPD2_GLTD2.txt.gz.annotated.gz.exclusions.gz.alleles.gz
finished 7948_129_GLTPD2_GLTD2.txt.gz.annotated.gz.exclusions.gz.alleles.gz
running 7950_142_BTNL9_BTNL9.txt.gz.annotated.gz.exclusions.gz.alleles.gz
finished 7950_142_BTNL9_BTNL9.txt.gz.annotated.gz.exclusions.gz.alleles.gz
running 7952_2_VTI1A_VTI1A.txt.gz.annotated.gz.exclusions.gz.alleles.gz
finished 7952_2_VTI1A_VTI1A.txt.gz.annotated.gz.exclusions.gz.alleles.gz
running 7953_20_SLAMF1_SLAF1.txt.gz.annotated.gz.exclusions.gz.alleles.gz
finished 7953_20_SLAMF1_SLAF1.txt.gz.annotated.gz.exclusions.gz.alleles.gz
running 7955_195_ITIH1_ITI_heavy_chain_H1.txt.gz.annotated.gz.exclusions.gz.alleles.gz
finished 7955_195_ITIH1_ITI_heavy_chain_H1.txt.gz.annotated.gz.exclusions.gz.alleles.gz
running 7956_11_MINOS1_MOS1.txt.gz.annotated.gz.exclusions.gz.alleles.gz
finished 7956_11_MINOS1_MOS1.txt.gz.annotated.gz.exclusions.gz.alleles.gz
running 7957_2_SCG3_SCG3.txt.gz.annotated.gz.exclusions.gz.alleles.gz
finished 7957_2_SCG3_SCG3.txt.gz.annotated.gz.exclusions.gz.alleles.gz
running 7959_34_CDH7_CADH7.txt.gz.annotated.gz.exclusions.gz.alleles.gz
finished 7959_34_CDH7_CADH7.txt.gz.annotated.gz.exclusions.gz.alleles.gz
running 7960_53_POTEG_POTEG.txt.gz.annotated.gz.exclusions.gz.alleles.gz
finished 7960_53_POTEG_POTEG.txt.gz.annotated.gz.exclusions.gz.alleles.gz
running 7962_11_SPINK8_ISK8.txt.gz.annotated.gz.exclusions.gz.alleles.gz
finished 7962_11_SPINK8_ISK8.txt.gz.annotated.gz.exclusions.gz.alleles.gz
running 7967_38_POTEM_POTEM.txt.gz.annotated.gz.exclusions.gz.alleles.gz
finished 7967_38_POTEM_POTEM.txt.gz.annotated.gz.exclusions.gz.alleles.gz
running 7968_15_CRTAM_CRTAM.txt.gz.annotated.gz.exclusions.gz.alleles.gz
finished 7968_15_CRTAM_CRTAM.txt.gz.annotated.gz.exclusions.gz.alleles.gz
running 7969_163_WFDC11_WFD11.txt.gz.annotated.gz.exclusions.gz.alleles.gz
finished 7969_163_WFDC11_WFD11.txt.gz.annotated.gz.exclusions.gz.alleles.gz
running 7970_315_ART3_NAR3.txt.gz.annotated.gz.exclusions.gz.alleles.gz
finished 7970_315_ART3_NAR3.txt.gz.annotated.gz.exclusions.gz.alleles.gz
running 7975_97_UNC5A_UNC5A.txt.gz.annotated.gz.exclusions.gz.alleles.gz
finished 7975_97_UNC5A_UNC5A.txt.gz.annotated.gz.exclusions.gz.alleles.gz
running 7976_19_FRRS1L_FRS1L.txt.gz.annotated.gz.exclusions.gz.alleles.gz
finished 7976_19_FRRS1L_FRS1L.txt.gz.annotated.gz.exclusions.gz.alleles.gz
running 7980_72_B3GNT2_B3GN2.txt.gz.annotated.gz.exclusions.gz.alleles.gz
finished 7980_72_B3GNT2_B3GN2.txt.gz.annotated.gz.exclusions.gz.alleles.gz
running 7981_230_B3GALT6_B3GT6.txt.gz.annotated.gz.exclusions.gz.alleles.gz
finished 7981_230_B3GALT6_B3GT6.txt.gz.annotated.gz.exclusions.gz.alleles.gz
running 7982_10_MRPL32_RM32.txt.gz.annotated.gz.exclusions.gz.alleles.gz
finished 7982_10_MRPL32_RM32.txt.gz.annotated.gz.exclusions.gz.alleles.gz
running 7983_1_PCDHGC5_PCDGM.txt.gz.annotated.gz.exclusions.gz.alleles.gz
finished 7983_1_PCDHGC5_PCDGM.txt.gz.annotated.gz.exclusions.gz.alleles.gz
running 7986_98_NAALAD2_NALD2.txt.gz.annotated.gz.exclusions.gz.alleles.gz
finished 7986_98_NAALAD2_NALD2.txt.gz.annotated.gz.exclusions.gz.alleles.gz
running 7989_5_C1orf226_CA226.txt.gz.annotated.gz.exclusions.gz.alleles.gz
finished 7989_5_C1orf226_CA226.txt.gz.annotated.gz.exclusions.gz.alleles.gz
running 7991_54_IQCF1_IQCF1.txt.gz.annotated.gz.exclusions.gz.alleles.gz
finished 7991_54_IQCF1_IQCF1.txt.gz.annotated.gz.exclusions.gz.alleles.gz
running 7993_23_ASTL_ASTL.txt.gz.annotated.gz.exclusions.gz.alleles.gz
finished 7993_23_ASTL_ASTL.txt.gz.annotated.gz.exclusions.gz.alleles.gz
running 7994_41_ERO1LB_ERO1B.txt.gz.annotated.gz.exclusions.gz.alleles.gz
finished 7994_41_ERO1LB_ERO1B.txt.gz.annotated.gz.exclusions.gz.alleles.gz
running 7995_16_VWC2L_VWC2L.txt.gz.annotated.gz.exclusions.gz.alleles.gz
finished 7995_16_VWC2L_VWC2L.txt.gz.annotated.gz.exclusions.gz.alleles.gz
running 7997_118_DOC2B_DOC2B.txt.gz.annotated.gz.exclusions.gz.alleles.gz
finished 7997_118_DOC2B_DOC2B.txt.gz.annotated.gz.exclusions.gz.alleles.gz
running 7999_23_ENTPD1_CD39.txt.gz.annotated.gz.exclusions.gz.alleles.gz
finished 7999_23_ENTPD1_CD39.txt.gz.annotated.gz.exclusions.gz.alleles.gz
running 8000_17_KIR2DL5A_KI2LA.txt.gz.annotated.gz.exclusions.gz.alleles.gz
finished 8000_17_KIR2DL5A_KI2LA.txt.gz.annotated.gz.exclusions.gz.alleles.gz
running 8002_27_TMPRSS5_Spinesin.txt.gz.annotated.gz.exclusions.gz.alleles.gz
finished 8002_27_TMPRSS5_Spinesin.txt.gz.annotated.gz.exclusions.gz.alleles.gz
running 8003_57_LGI3_LGI3.txt.gz.annotated.gz.exclusions.gz.alleles.gz
finished 8003_57_LGI3_LGI3.txt.gz.annotated.gz.exclusions.gz.alleles.gz
running 8004_15_GAPDHS_G3PT.txt.gz.annotated.gz.exclusions.gz.alleles.gz
finished 8004_15_GAPDHS_G3PT.txt.gz.annotated.gz.exclusions.gz.alleles.gz
running 8005_1_MXRA7_MXRA7.txt.gz.annotated.gz.exclusions.gz.alleles.gz
finished 8005_1_MXRA7_MXRA7.txt.gz.annotated.gz.exclusions.gz.alleles.gz
running 8006_12_DNAJB12_DJB12.txt.gz.annotated.gz.exclusions.gz.alleles.gz
finished 8006_12_DNAJB12_DJB12.txt.gz.annotated.gz.exclusions.gz.alleles.gz
running 8007_19_CTSB_Cathepsin_B.txt.gz.annotated.gz.exclusions.gz.alleles.gz
finished 8007_19_CTSB_Cathepsin_B.txt.gz.annotated.gz.exclusions.gz.alleles.gz
running 8008_28_HRK_HRK.txt.gz.annotated.gz.exclusions.gz.alleles.gz
finished 8008_28_HRK_HRK.txt.gz.annotated.gz.exclusions.gz.alleles.gz
running 8009_121_SURF1_SURF1.txt.gz.annotated.gz.exclusions.gz.alleles.gz
finished 8009_121_SURF1_SURF1.txt.gz.annotated.gz.exclusions.gz.alleles.gz
running 8011_96_PAPL_PAPL.txt.gz.annotated.gz.exclusions.gz.alleles.gz
finished 8011_96_PAPL_PAPL.txt.gz.annotated.gz.exclusions.gz.alleles.gz
running 8013_9_LMAN2L_LMA2L.txt.gz.annotated.gz.exclusions.gz.alleles.gz
finished 8013_9_LMAN2L_LMA2L.txt.gz.annotated.gz.exclusions.gz.alleles.gz
running 8014_359_MANEA_MANEA.txt.gz.annotated.gz.exclusions.gz.alleles.gz
finished 8014_359_MANEA_MANEA.txt.gz.annotated.gz.exclusions.gz.alleles.gz
running 8016_19_DNAJC4_DNJC4.txt.gz.annotated.gz.exclusions.gz.alleles.gz
finished 8016_19_DNAJC4_DNJC4.txt.gz.annotated.gz.exclusions.gz.alleles.gz
running 8017_23_FOXRED1_FXRD1.txt.gz.annotated.gz.exclusions.gz.alleles.gz
finished 8017_23_FOXRED1_FXRD1.txt.gz.annotated.gz.exclusions.gz.alleles.gz
running 8018_43_VSIG2_VSIG2.txt.gz.annotated.gz.exclusions.gz.alleles.gz
finished 8018_43_VSIG2_VSIG2.txt.gz.annotated.gz.exclusions.gz.alleles.gz
running 8019_73_STMN3_STMN3.txt.gz.annotated.gz.exclusions.gz.alleles.gz
finished 8019_73_STMN3_STMN3.txt.gz.annotated.gz.exclusions.gz.alleles.gz
running 8021_59_MRPL14_RM14.txt.gz.annotated.gz.exclusions.gz.alleles.gz
finished 8021_59_MRPL14_RM14.txt.gz.annotated.gz.exclusions.gz.alleles.gz
running 8024_64_TPST2_TPST2.txt.gz.annotated.gz.exclusions.gz.alleles.gz
finished 8024_64_TPST2_TPST2.txt.gz.annotated.gz.exclusions.gz.alleles.gz
running 8028_22_SPINK5_SPINK5.txt.gz.annotated.gz.exclusions.gz.alleles.gz
finished 8028_22_SPINK5_SPINK5.txt.gz.annotated.gz.exclusions.gz.alleles.gz
running 8032_23_MCCD1_MCCD1.txt.gz.annotated.gz.exclusions.gz.alleles.gz
finished 8032_23_MCCD1_MCCD1.txt.gz.annotated.gz.exclusions.gz.alleles.gz
running 8033_1_DNAJC18_DJC18.txt.gz.annotated.gz.exclusions.gz.alleles.gz
finished 8033_1_DNAJC18_DJC18.txt.gz.annotated.gz.exclusions.gz.alleles.gz
running 8034_6_DRGX_DRGX.txt.gz.annotated.gz.exclusions.gz.alleles.gz
finished 8034_6_DRGX_DRGX.txt.gz.annotated.gz.exclusions.gz.alleles.gz
running 8035_6_C1orf198_CA198.txt.gz.annotated.gz.exclusions.gz.alleles.gz
finished 8035_6_C1orf198_CA198.txt.gz.annotated.gz.exclusions.gz.alleles.gz
running 8036_75_FSHB_FSHB.txt.gz.annotated.gz.exclusions.gz.alleles.gz
finished 8036_75_FSHB_FSHB.txt.gz.annotated.gz.exclusions.gz.alleles.gz
running 8038_41_NSDHL_NSDHL.txt.gz.annotated.gz.exclusions.gz.alleles.gz
finished 8038_41_NSDHL_NSDHL.txt.gz.annotated.gz.exclusions.gz.alleles.gz
running 8039_41_FAM177A1_F177A.txt.gz.annotated.gz.exclusions.gz.alleles.gz
finished 8039_41_FAM177A1_F177A.txt.gz.annotated.gz.exclusions.gz.alleles.gz
running 8040_9_LEMD1_LEMD1.txt.gz.annotated.gz.exclusions.gz.alleles.gz
finished 8040_9_LEMD1_LEMD1.txt.gz.annotated.gz.exclusions.gz.alleles.gz
running 8042_88_SPINK9_ISK9.txt.gz.annotated.gz.exclusions.gz.alleles.gz
finished 8042_88_SPINK9_ISK9.txt.gz.annotated.gz.exclusions.gz.alleles.gz
running 8043_153_COMP_COMP.txt.gz.annotated.gz.exclusions.gz.alleles.gz
finished 8043_153_COMP_COMP.txt.gz.annotated.gz.exclusions.gz.alleles.gz
running 8044_90_XG_XG.txt.gz.annotated.gz.exclusions.gz.alleles.gz
finished 8044_90_XG_XG.txt.gz.annotated.gz.exclusions.gz.alleles.gz
running 8045_3_KIR3DL3_KI3L3.txt.gz.annotated.gz.exclusions.gz.alleles.gz
finished 8045_3_KIR3DL3_KI3L3.txt.gz.annotated.gz.exclusions.gz.alleles.gz
running 8046_9_LGALS1_Galectin_1.txt.gz.annotated.gz.exclusions.gz.alleles.gz
finished 8046_9_LGALS1_Galectin_1.txt.gz.annotated.gz.exclusions.gz.alleles.gz
running 8048_9_FTMT_FTMT.txt.gz.annotated.gz.exclusions.gz.alleles.gz
finished 8048_9_FTMT_FTMT.txt.gz.annotated.gz.exclusions.gz.alleles.gz
running 8051_10_AGGF1_AGGF1.txt.gz.annotated.gz.exclusions.gz.alleles.gz
finished 8051_10_AGGF1_AGGF1.txt.gz.annotated.gz.exclusions.gz.alleles.gz
running 8053_16_DNAJB14_DJB14.txt.gz.annotated.gz.exclusions.gz.alleles.gz
finished 8053_16_DNAJB14_DJB14.txt.gz.annotated.gz.exclusions.gz.alleles.gz
running 8055_33_DGCR2_IDD.txt.gz.annotated.gz.exclusions.gz.alleles.gz
finished 8055_33_DGCR2_IDD.txt.gz.annotated.gz.exclusions.gz.alleles.gz
