running 3387_1_PAK3_PAK3.txt.gz.annotated.gz.exclusions.gz.alleles.gz
finished 3387_1_PAK3_PAK3.txt.gz.annotated.gz.exclusions.gz.alleles.gz
running 3388_58_PAK7_PAK7.txt.gz.annotated.gz.exclusions.gz.alleles.gz
finished 3388_58_PAK7_PAK7.txt.gz.annotated.gz.exclusions.gz.alleles.gz
running 3389_7_SERPINA5_PCI.txt.gz.annotated.gz.exclusions.gz.alleles.gz
finished 3389_7_SERPINA5_PCI.txt.gz.annotated.gz.exclusions.gz.alleles.gz
running 3391_10_PIK3CG_PK3CG.txt.gz.annotated.gz.exclusions.gz.alleles.gz
finished 3391_10_PIK3CG_PK3CG.txt.gz.annotated.gz.exclusions.gz.alleles.gz
running 3394_81_PLK1_PLK_1.txt.gz.annotated.gz.exclusions.gz.alleles.gz
finished 3394_81_PLK1_PLK_1.txt.gz.annotated.gz.exclusions.gz.alleles.gz
running 3396_54_REN_Renin.txt.gz.annotated.gz.exclusions.gz.alleles.gz
finished 3396_54_REN_Renin.txt.gz.annotated.gz.exclusions.gz.alleles.gz
running 3397_7_PTPN11_SHP_2.txt.gz.annotated.gz.exclusions.gz.alleles.gz
finished 3397_7_PTPN11_SHP_2.txt.gz.annotated.gz.exclusions.gz.alleles.gz
running 3399_31_STAB2_STAB2.txt.gz.annotated.gz.exclusions.gz.alleles.gz
finished 3399_31_STAB2_STAB2.txt.gz.annotated.gz.exclusions.gz.alleles.gz
running 3400_49_TBK1_TBK1.txt.gz.annotated.gz.exclusions.gz.alleles.gz
finished 3400_49_TBK1_TBK1.txt.gz.annotated.gz.exclusions.gz.alleles.gz
running 3401_8_PTPN2_TCPTP.txt.gz.annotated.gz.exclusions.gz.alleles.gz
finished 3401_8_PTPN2_TCPTP.txt.gz.annotated.gz.exclusions.gz.alleles.gz
running 3403_1_TPSB2_TPSB2.txt.gz.annotated.gz.exclusions.gz.alleles.gz
finished 3403_1_TPSB2_TPSB2.txt.gz.annotated.gz.exclusions.gz.alleles.gz
running 3404_51_TPSG1_TPSG1.txt.gz.annotated.gz.exclusions.gz.alleles.gz
finished 3404_51_TPSG1_TPSG1.txt.gz.annotated.gz.exclusions.gz.alleles.gz
running 3405_6_UFC1_UFC1.txt.gz.annotated.gz.exclusions.gz.alleles.gz
finished 3405_6_UFC1_UFC1.txt.gz.annotated.gz.exclusions.gz.alleles.gz
running 3412_7_BCL2_Bcl_2.txt.gz.annotated.gz.exclusions.gz.alleles.gz
finished 3412_7_BCL2_Bcl_2.txt.gz.annotated.gz.exclusions.gz.alleles.gz
running 3413_50_BCL2A1_BFL1.txt.gz.annotated.gz.exclusions.gz.alleles.gz
finished 3413_50_BCL2A1_BFL1.txt.gz.annotated.gz.exclusions.gz.alleles.gz
running 3414_40_BMX_BMX.txt.gz.annotated.gz.exclusions.gz.alleles.gz
finished 3414_40_BMX_BMX.txt.gz.annotated.gz.exclusions.gz.alleles.gz
running 3415_61_IBSP_BSP.txt.gz.annotated.gz.exclusions.gz.alleles.gz
finished 3415_61_IBSP_BSP.txt.gz.annotated.gz.exclusions.gz.alleles.gz
running 3418_12_CAMK1D_CAMK1D.txt.gz.annotated.gz.exclusions.gz.alleles.gz
finished 3418_12_CAMK1D_CAMK1D.txt.gz.annotated.gz.exclusions.gz.alleles.gz
running 3419_49_CAMK2D_CAMK2D.txt.gz.annotated.gz.exclusions.gz.alleles.gz
finished 3419_49_CAMK2D_CAMK2D.txt.gz.annotated.gz.exclusions.gz.alleles.gz
running 3420_21_CA13_Carbonic_anhydrase_XIII.txt.gz.annotated.gz.exclusions.gz.alleles.gz
finished 3420_21_CA13_Carbonic_anhydrase_XIII.txt.gz.annotated.gz.exclusions.gz.alleles.gz
running 3421_54_TNFSF8_CD30_Ligand.txt.gz.annotated.gz.exclusions.gz.alleles.gz
finished 3421_54_TNFSF8_CD30_Ligand.txt.gz.annotated.gz.exclusions.gz.alleles.gz
running 3423_59_CMA1_Chymase.txt.gz.annotated.gz.exclusions.gz.alleles.gz
finished 3423_59_CMA1_Chymase.txt.gz.annotated.gz.exclusions.gz.alleles.gz
running 3427_63_CSNK2A1_CSK21.txt.gz.annotated.gz.exclusions.gz.alleles.gz
finished 3427_63_CSNK2A1_CSK21.txt.gz.annotated.gz.exclusions.gz.alleles.gz
running 3431_54_EPHA1_EphA1.txt.gz.annotated.gz.exclusions.gz.alleles.gz
finished 3431_54_EPHA1_EphA1.txt.gz.annotated.gz.exclusions.gz.alleles.gz
running 3432_21_EPHA3_EPHA3.txt.gz.annotated.gz.exclusions.gz.alleles.gz
finished 3432_21_EPHA3_EPHA3.txt.gz.annotated.gz.exclusions.gz.alleles.gz
running 3434_34_FN1_FN1_3.txt.gz.annotated.gz.exclusions.gz.alleles.gz
finished 3434_34_FN1_FN1_3.txt.gz.annotated.gz.exclusions.gz.alleles.gz
running 3435_53_FN1_FN1_4.txt.gz.annotated.gz.exclusions.gz.alleles.gz
finished 3435_53_FN1_FN1_4.txt.gz.annotated.gz.exclusions.gz.alleles.gz
running 3437_80_FLT3_Flt_3.txt.gz.annotated.gz.exclusions.gz.alleles.gz
finished 3437_80_FLT3_Flt_3.txt.gz.annotated.gz.exclusions.gz.alleles.gz
running 3438_10_FSTL3_FSTL3.txt.gz.annotated.gz.exclusions.gz.alleles.gz
finished 3438_10_FSTL3_FSTL3.txt.gz.annotated.gz.exclusions.gz.alleles.gz
running 3440_7_GZMA_granzyme_A.txt.gz.annotated.gz.exclusions.gz.alleles.gz
finished 3440_7_GZMA_granzyme_A.txt.gz.annotated.gz.exclusions.gz.alleles.gz
running 3445_53_IL15RA_IL_15_Ra.txt.gz.annotated.gz.exclusions.gz.alleles.gz
finished 3445_53_IL15RA_IL_15_Ra.txt.gz.annotated.gz.exclusions.gz.alleles.gz
running 3447_64_CXCL8_IL_8.txt.gz.annotated.gz.exclusions.gz.alleles.gz
finished 3447_64_CXCL8_IL_8.txt.gz.annotated.gz.exclusions.gz.alleles.gz
running 3448_13_INSR_IR.txt.gz.annotated.gz.exclusions.gz.alleles.gz
finished 3448_13_INSR_IR.txt.gz.annotated.gz.exclusions.gz.alleles.gz
running 3449_58_SERPINA4_Kallistatin.txt.gz.annotated.gz.exclusions.gz.alleles.gz
finished 3449_58_SERPINA4_Kallistatin.txt.gz.annotated.gz.exclusions.gz.alleles.gz
running 3450_4_KLK6_Kallikrein_6.txt.gz.annotated.gz.exclusions.gz.alleles.gz
finished 3450_4_KLK6_Kallikrein_6.txt.gz.annotated.gz.exclusions.gz.alleles.gz
running 3452_17_LCK_LCK.txt.gz.annotated.gz.exclusions.gz.alleles.gz
finished 3452_17_LCK_LCK.txt.gz.annotated.gz.exclusions.gz.alleles.gz
running 3453_87_LYN_LYN.txt.gz.annotated.gz.exclusions.gz.alleles.gz
finished 3453_87_LYN_LYN.txt.gz.annotated.gz.exclusions.gz.alleles.gz
running 3457_57_POSTN_Periostin.txt.gz.annotated.gz.exclusions.gz.alleles.gz
finished 3457_57_POSTN_Periostin.txt.gz.annotated.gz.exclusions.gz.alleles.gz
running 3459_49_PDGFRB_PDGF_Rb.txt.gz.annotated.gz.exclusions.gz.alleles.gz
finished 3459_49_PDGFRB_PDGF_Rb.txt.gz.annotated.gz.exclusions.gz.alleles.gz
running 3461_58_BCAN_PGCB.txt.gz.annotated.gz.exclusions.gz.alleles.gz
finished 3461_58_BCAN_PGCB.txt.gz.annotated.gz.exclusions.gz.alleles.gz
running 3466_8_PRKACA_PRKACA.txt.gz.annotated.gz.exclusions.gz.alleles.gz
finished 3466_8_PRKACA_PRKACA.txt.gz.annotated.gz.exclusions.gz.alleles.gz
running 3469_74_RPS6KA3_RPS6KA3.txt.gz.annotated.gz.exclusions.gz.alleles.gz
finished 3469_74_RPS6KA3_RPS6KA3.txt.gz.annotated.gz.exclusions.gz.alleles.gz
running 3470_1_SELE_sE_Selectin.txt.gz.annotated.gz.exclusions.gz.alleles.gz
finished 3470_1_SELE_sE_Selectin.txt.gz.annotated.gz.exclusions.gz.alleles.gz
running 3471_49_STK16_STK16.txt.gz.annotated.gz.exclusions.gz.alleles.gz
finished 3471_49_STK16_STK16.txt.gz.annotated.gz.exclusions.gz.alleles.gz
running 3472_40_BIRC5_Survivin.txt.gz.annotated.gz.exclusions.gz.alleles.gz
finished 3472_40_BIRC5_Survivin.txt.gz.annotated.gz.exclusions.gz.alleles.gz
running 3473_78_MPL_Thrombopoietin_Receptor.txt.gz.annotated.gz.exclusions.gz.alleles.gz
finished 3473_78_MPL_Thrombopoietin_Receptor.txt.gz.annotated.gz.exclusions.gz.alleles.gz
running 3474_19_THBS1_Thrombospondin_1.txt.gz.annotated.gz.exclusions.gz.alleles.gz
finished 3474_19_THBS1_Thrombospondin_1.txt.gz.annotated.gz.exclusions.gz.alleles.gz
running 3477_63_NTRK1_TrkA.txt.gz.annotated.gz.exclusions.gz.alleles.gz
finished 3477_63_NTRK1_TrkA.txt.gz.annotated.gz.exclusions.gz.alleles.gz
running 3480_7_DUSP3_DUS3.txt.gz.annotated.gz.exclusions.gz.alleles.gz
finished 3480_7_DUSP3_DUS3.txt.gz.annotated.gz.exclusions.gz.alleles.gz
running 3481_87_XPNPEP1_XPNPEP1.txt.gz.annotated.gz.exclusions.gz.alleles.gz
finished 3481_87_XPNPEP1_XPNPEP1.txt.gz.annotated.gz.exclusions.gz.alleles.gz
running 3484_60_AGT_Angiotensinogen.txt.gz.annotated.gz.exclusions.gz.alleles.gz
finished 3484_60_AGT_Angiotensinogen.txt.gz.annotated.gz.exclusions.gz.alleles.gz
running 3485_28_B2M_b2_Microglobulin.txt.gz.annotated.gz.exclusions.gz.alleles.gz
finished 3485_28_B2M_b2_Microglobulin.txt.gz.annotated.gz.exclusions.gz.alleles.gz
running 3486_58_FGF1_b_ECGF.txt.gz.annotated.gz.exclusions.gz.alleles.gz
finished 3486_58_FGF1_b_ECGF.txt.gz.annotated.gz.exclusions.gz.alleles.gz
running 3487_32_CXCL13_BLC.txt.gz.annotated.gz.exclusions.gz.alleles.gz
finished 3487_32_CXCL13_BLC.txt.gz.annotated.gz.exclusions.gz.alleles.gz
running 3488_64_CAT_Catalase.txt.gz.annotated.gz.exclusions.gz.alleles.gz
finished 3488_64_CAT_Catalase.txt.gz.annotated.gz.exclusions.gz.alleles.gz
running 3489_9_CNTF_CNTF.txt.gz.annotated.gz.exclusions.gz.alleles.gz
finished 3489_9_CNTF_CNTF.txt.gz.annotated.gz.exclusions.gz.alleles.gz
running 3494_71_FGF17_FGF_17.txt.gz.annotated.gz.exclusions.gz.alleles.gz
finished 3494_71_FGF17_FGF_17.txt.gz.annotated.gz.exclusions.gz.alleles.gz
running 3495_15_CXCL6_GCP_2.txt.gz.annotated.gz.exclusions.gz.alleles.gz
finished 3495_15_CXCL6_GCP_2.txt.gz.annotated.gz.exclusions.gz.alleles.gz
running 3497_13_IFNA2_IFN_aA.txt.gz.annotated.gz.exclusions.gz.alleles.gz
finished 3497_13_IFNA2_IFN_aA.txt.gz.annotated.gz.exclusions.gz.alleles.gz
running 3499_77_IL17B_IL_17B.txt.gz.annotated.gz.exclusions.gz.alleles.gz
finished 3499_77_IL17B_IL_17B.txt.gz.annotated.gz.exclusions.gz.alleles.gz
running 3504_58_HAMP_LEAP_1.txt.gz.annotated.gz.exclusions.gz.alleles.gz
finished 3504_58_HAMP_LEAP_1.txt.gz.annotated.gz.exclusions.gz.alleles.gz
running 3508_78_CCL22_MDC.txt.gz.annotated.gz.exclusions.gz.alleles.gz
finished 3508_78_CCL22_MDC.txt.gz.annotated.gz.exclusions.gz.alleles.gz
running 3516_60_CXCL12_SDF_1.txt.gz.annotated.gz.exclusions.gz.alleles.gz
finished 3516_60_CXCL12_SDF_1.txt.gz.annotated.gz.exclusions.gz.alleles.gz
running 3518_54_CPB2_TAFI.txt.gz.annotated.gz.exclusions.gz.alleles.gz
finished 3518_54_CPB2_TAFI.txt.gz.annotated.gz.exclusions.gz.alleles.gz
running 3519_3_CCL17_TARC.txt.gz.annotated.gz.exclusions.gz.alleles.gz
finished 3519_3_CCL17_TARC.txt.gz.annotated.gz.exclusions.gz.alleles.gz
running 3520_58_TGFB3_TGF_b3.txt.gz.annotated.gz.exclusions.gz.alleles.gz
finished 3520_58_TGFB3_TGF_b3.txt.gz.annotated.gz.exclusions.gz.alleles.gz
running 3522_57_VIP_Vasoactive_Intestinal_Peptide.txt.gz.annotated.gz.exclusions.gz.alleles.gz
finished 3522_57_VIP_Vasoactive_Intestinal_Peptide.txt.gz.annotated.gz.exclusions.gz.alleles.gz
running 3534_14_CD40LG_CD40_ligand__soluble.txt.gz.annotated.gz.exclusions.gz.alleles.gz
finished 3534_14_CD40LG_CD40_ligand__soluble.txt.gz.annotated.gz.exclusions.gz.alleles.gz
running 3535_84_DKK1_DKK1.txt.gz.annotated.gz.exclusions.gz.alleles.gz
finished 3535_84_DKK1_DKK1.txt.gz.annotated.gz.exclusions.gz.alleles.gz
running 3538_26_DDC_dopa_decarboxylase.txt.gz.annotated.gz.exclusions.gz.alleles.gz
finished 3538_26_DDC_dopa_decarboxylase.txt.gz.annotated.gz.exclusions.gz.alleles.gz
running 3554_24_ADIPOQ_Adiponectin.txt.gz.annotated.gz.exclusions.gz.alleles.gz
finished 3554_24_ADIPOQ_Adiponectin.txt.gz.annotated.gz.exclusions.gz.alleles.gz
running 3580_25_SERPINA1_a1_Antitrypsin.txt.gz.annotated.gz.exclusions.gz.alleles.gz
finished 3580_25_SERPINA1_a1_Antitrypsin.txt.gz.annotated.gz.exclusions.gz.alleles.gz
running 3581_53_AHSG_a2_HS_Glycoprotein.txt.gz.annotated.gz.exclusions.gz.alleles.gz
finished 3581_53_AHSG_a2_HS_Glycoprotein.txt.gz.annotated.gz.exclusions.gz.alleles.gz
running 3583_54_ARSA_Arylsulfatase_A.txt.gz.annotated.gz.exclusions.gz.alleles.gz
finished 3583_54_ARSA_Arylsulfatase_A.txt.gz.annotated.gz.exclusions.gz.alleles.gz
running 3585_54_BSG_BASI.txt.gz.annotated.gz.exclusions.gz.alleles.gz
finished 3585_54_BSG_BASI.txt.gz.annotated.gz.exclusions.gz.alleles.gz
running 3587_53_BMP10_BMP10.txt.gz.annotated.gz.exclusions.gz.alleles.gz
finished 3587_53_BMP10_BMP10.txt.gz.annotated.gz.exclusions.gz.alleles.gz
running 3592_4_CAMK1_CAMK1.txt.gz.annotated.gz.exclusions.gz.alleles.gz
finished 3592_4_CAMK1_CAMK1.txt.gz.annotated.gz.exclusions.gz.alleles.gz
running 3593_72_CASP3_Caspase_3.txt.gz.annotated.gz.exclusions.gz.alleles.gz
finished 3593_72_CASP3_Caspase_3.txt.gz.annotated.gz.exclusions.gz.alleles.gz
running 3600_2_CHIT1_Chitotriosidase_1.txt.gz.annotated.gz.exclusions.gz.alleles.gz
finished 3600_2_CHIT1_Chitotriosidase_1.txt.gz.annotated.gz.exclusions.gz.alleles.gz
running 3603_60_CLEC7A_CLC7A.txt.gz.annotated.gz.exclusions.gz.alleles.gz
finished 3603_60_CLEC7A_CLC7A.txt.gz.annotated.gz.exclusions.gz.alleles.gz
running 3605_77_MASP1_MASP3.txt.gz.annotated.gz.exclusions.gz.alleles.gz
finished 3605_77_MASP1_MASP3.txt.gz.annotated.gz.exclusions.gz.alleles.gz
running 3607_71_DKK3_DKK3.txt.gz.annotated.gz.exclusions.gz.alleles.gz
finished 3607_71_DKK3_DKK3.txt.gz.annotated.gz.exclusions.gz.alleles.gz
running 3616_3_GNS_GNS.txt.gz.annotated.gz.exclusions.gz.alleles.gz
finished 3616_3_GNS_GNS.txt.gz.annotated.gz.exclusions.gz.alleles.gz
running 3617_80_HGFAC_HGFA.txt.gz.annotated.gz.exclusions.gz.alleles.gz
finished 3617_80_HGFAC_HGFA.txt.gz.annotated.gz.exclusions.gz.alleles.gz
running 3620_67_IL22RA1_IL22RA1.txt.gz.annotated.gz.exclusions.gz.alleles.gz
finished 3620_67_IL22RA1_IL22RA1.txt.gz.annotated.gz.exclusions.gz.alleles.gz
running 3622_33_LGMN_LGMN.txt.gz.annotated.gz.exclusions.gz.alleles.gz
finished 3622_33_LGMN_LGMN.txt.gz.annotated.gz.exclusions.gz.alleles.gz
running 3623_84_LY86_LY86.txt.gz.annotated.gz.exclusions.gz.alleles.gz
finished 3623_84_LY86_LY86.txt.gz.annotated.gz.exclusions.gz.alleles.gz
running 3627_71_MMEL1_MMEL2.txt.gz.annotated.gz.exclusions.gz.alleles.gz
finished 3627_71_MMEL1_MMEL2.txt.gz.annotated.gz.exclusions.gz.alleles.gz
running 3628_3_MAP2K2_MP2K2.txt.gz.annotated.gz.exclusions.gz.alleles.gz
finished 3628_3_MAP2K2_MP2K2.txt.gz.annotated.gz.exclusions.gz.alleles.gz
running 3629_60_CDC42BPB_MRCKB.txt.gz.annotated.gz.exclusions.gz.alleles.gz
finished 3629_60_CDC42BPB_MRCKB.txt.gz.annotated.gz.exclusions.gz.alleles.gz
running 3630_27_CADM3_Nectin_like_protein_1.txt.gz.annotated.gz.exclusions.gz.alleles.gz
finished 3630_27_CADM3_Nectin_like_protein_1.txt.gz.annotated.gz.exclusions.gz.alleles.gz
running 3640_14_LRPAP1_RAP.txt.gz.annotated.gz.exclusions.gz.alleles.gz
finished 3640_14_LRPAP1_RAP.txt.gz.annotated.gz.exclusions.gz.alleles.gz
running 3651_50_KDR_VEGF_sR2.txt.gz.annotated.gz.exclusions.gz.alleles.gz
finished 3651_50_KDR_VEGF_sR2.txt.gz.annotated.gz.exclusions.gz.alleles.gz
running 3685_53_MFRP_MFRP.txt.gz.annotated.gz.exclusions.gz.alleles.gz
finished 3685_53_MFRP_MFRP.txt.gz.annotated.gz.exclusions.gz.alleles.gz
running 3708_62_A2M_a2_Macroglobulin.txt.gz.annotated.gz.exclusions.gz.alleles.gz
finished 3708_62_A2M_a2_Macroglobulin.txt.gz.annotated.gz.exclusions.gz.alleles.gz
running 3710_49_PLG_Angiostatin.txt.gz.annotated.gz.exclusions.gz.alleles.gz
finished 3710_49_PLG_Angiostatin.txt.gz.annotated.gz.exclusions.gz.alleles.gz
running 3719_2_CDKN1B_p27Kip1.txt.gz.annotated.gz.exclusions.gz.alleles.gz
finished 3719_2_CDKN1B_p27Kip1.txt.gz.annotated.gz.exclusions.gz.alleles.gz
running 3723_1_NPPB_BNP_32.txt.gz.annotated.gz.exclusions.gz.alleles.gz
finished 3723_1_NPPB_BNP_32.txt.gz.annotated.gz.exclusions.gz.alleles.gz
running 3727_35_PYY_PYY.txt.gz.annotated.gz.exclusions.gz.alleles.gz
finished 3727_35_PYY_PYY.txt.gz.annotated.gz.exclusions.gz.alleles.gz
running 3728_52_SCT_Secretin.txt.gz.annotated.gz.exclusions.gz.alleles.gz
finished 3728_52_SCT_Secretin.txt.gz.annotated.gz.exclusions.gz.alleles.gz
running 3730_81_TNFRSF4_TNR4.txt.gz.annotated.gz.exclusions.gz.alleles.gz
finished 3730_81_TNFRSF4_TNR4.txt.gz.annotated.gz.exclusions.gz.alleles.gz
running 3738_54_CSF1_CSF_1.txt.gz.annotated.gz.exclusions.gz.alleles.gz
finished 3738_54_CSF1_CSF_1.txt.gz.annotated.gz.exclusions.gz.alleles.gz
running 3758_68_PROC_Activated_Protein_C.txt.gz.annotated.gz.exclusions.gz.alleles.gz
finished 3758_68_PROC_Activated_Protein_C.txt.gz.annotated.gz.exclusions.gz.alleles.gz
running 3761_4_PTGS2_COX_2.txt.gz.annotated.gz.exclusions.gz.alleles.gz
finished 3761_4_PTGS2_COX_2.txt.gz.annotated.gz.exclusions.gz.alleles.gz
running 3773_15_TEK_sTie_2.txt.gz.annotated.gz.exclusions.gz.alleles.gz
finished 3773_15_TEK_sTie_2.txt.gz.annotated.gz.exclusions.gz.alleles.gz
running 3795_6_ADAM9_ADAM_9.txt.gz.annotated.gz.exclusions.gz.alleles.gz
finished 3795_6_ADAM9_ADAM_9.txt.gz.annotated.gz.exclusions.gz.alleles.gz
running 3796_79_ANGPTL4_ANGL4.txt.gz.annotated.gz.exclusions.gz.alleles.gz
finished 3796_79_ANGPTL4_ANGL4.txt.gz.annotated.gz.exclusions.gz.alleles.gz
running 3797_1_CDH2_Cadherin_2.txt.gz.annotated.gz.exclusions.gz.alleles.gz
finished 3797_1_CDH2_Cadherin_2.txt.gz.annotated.gz.exclusions.gz.alleles.gz
running 3798_71_CA9_Carbonic_anhydrase_9.txt.gz.annotated.gz.exclusions.gz.alleles.gz
finished 3798_71_CA9_Carbonic_anhydrase_9.txt.gz.annotated.gz.exclusions.gz.alleles.gz
