running NEXN_Q0ZGT2_OID30678.gz
finished NEXN_Q0ZGT2_OID30678.gz
running NFASC_O94856_OID20634.gz
finished NFASC_O94856_OID20634.gz
running NFAT5_O94916_OID30522.gz
finished NFAT5_O94916_OID30522.gz
running NFATC1_O95644_OID20545.gz
finished NFATC1_O95644_OID20545.gz
running NFATC3_Q12968_OID20470.gz
finished NFATC3_Q12968_OID20470.gz
running NFE2_Q16621_OID30268.gz
finished NFE2_Q16621_OID30268.gz
running NFIC_P08651_OID30988.gz
finished NFIC_P08651_OID30988.gz
running NFKB1_P19838_OID30160.gz
finished NFKB1_P19838_OID30160.gz
running NFKB2_Q00653_OID31258.gz
finished NFKB2_Q00653_OID31258.gz
running NFKBIE_O00221_OID21212.gz
finished NFKBIE_O00221_OID21212.gz
running NFU1_Q9UMS0_OID31510.gz
finished NFU1_Q9UMS0_OID31510.gz
running NFX1_Q12986_OID30158.gz
finished NFX1_Q12986_OID30158.gz
running NFYA_P23511_OID30134.gz
finished NFYA_P23511_OID30134.gz
running NGF_P01138_OID20920.gz
finished NGF_P01138_OID20920.gz
running NGFR_P08138_OID30300.gz
finished NGFR_P08138_OID30300.gz
running NGRN_Q9NPE2_OID31115.gz
finished NGRN_Q9NPE2_OID31115.gz
running NHLRC3_Q5JS37_OID30614.gz
finished NHLRC3_Q5JS37_OID30614.gz
running NID1_P14543_OID20362.gz
finished NID1_P14543_OID20362.gz
running NID2_Q14112_OID21085.gz
finished NID2_Q14112_OID21085.gz
running NINJ1_Q92982_OID21167.gz
finished NINJ1_Q92982_OID21167.gz
running NIT1_Q86X76_OID30252.gz
finished NIT1_Q86X76_OID30252.gz
running NIT2_Q9NQR4_OID30336.gz
finished NIT2_Q9NQR4_OID30336.gz
running NLGN1_Q8N2Q7_OID30900.gz
finished NLGN1_Q8N2Q7_OID30900.gz
running NLGN2_Q8NFZ4_OID30878.gz
finished NLGN2_Q8NFZ4_OID30878.gz
running NME1_P15531_OID30451.gz
finished NME1_P15531_OID30451.gz
running NME3_Q13232_OID20789.gz
finished NME3_Q13232_OID20789.gz
running NMI_Q13287_OID31378.gz
finished NMI_Q13287_OID31378.gz
running NMNAT1_Q9HAN9_OID20913.gz
finished NMNAT1_Q9HAN9_OID20913.gz
running NMRK2_Q9NPI5_OID31163.gz
finished NMRK2_Q9NPI5_OID31163.gz
running NMT1_P30419_OID31021.gz
finished NMT1_P30419_OID31021.gz
running NOMO1_Q15155_OID21106.gz
finished NOMO1_Q15155_OID21106.gz
running NOP56_O00567_OID30055.gz
finished NOP56_O00567_OID30055.gz
running NOS1_P29475_OID20863.gz
finished NOS1_P29475_OID20863.gz
running NOS2_P35228_OID30087.gz
finished NOS2_P35228_OID30087.gz
running NOS3_P29474_OID20834.gz
finished NOS3_P29474_OID20834.gz
running NOTCH1_P46531_OID20311.gz
finished NOTCH1_P46531_OID20311.gz
running NOTCH2_Q04721_OID30407.gz
grep: write error: No space left on device
finished NOTCH2_Q04721_OID30407.gz
running NOTCH3_Q9UM47_OID20253.gz
finished NOTCH3_Q9UM47_OID20253.gz
running NPC2_P61916_OID30418.gz
finished NPC2_P61916_OID30418.gz
running NPDC1_Q9NQX5_OID20205.gz
finished NPDC1_Q9NQX5_OID20205.gz
running NPHS1_O60500_OID30540.gz
finished NPHS1_O60500_OID30540.gz
running NPHS2_Q9NP85_OID30462.gz
finished NPHS2_Q9NP85_OID30462.gz
running NPL_Q9BXD5_OID30329.gz
finished NPL_Q9BXD5_OID30329.gz
running NPM1_P06748_OID20961.gz
finished NPM1_P06748_OID20961.gz
running NPPB_P16860_OID20049.gz
finished NPPB_P16860_OID20049.gz
running NPPC_P23582_OID20568.gz
finished NPPC_P23582_OID20568.gz
running NPR1_P16066_OID30116.gz
finished NPR1_P16066_OID30116.gz
running NPTN_Q9Y639_OID21235.gz
finished NPTN_Q9Y639_OID21235.gz
running NPTX1_Q15818_OID21074.gz
finished NPTX1_Q15818_OID21074.gz
running NPTX2_P47972_OID30390.gz
finished NPTX2_P47972_OID30390.gz
running NPTXR_O95502_OID20191.gz
finished NPTXR_O95502_OID20191.gz
running NPY_P01303_OID21388.gz
finished NPY_P01303_OID21388.gz
running NRCAM_Q92823_OID20229.gz
finished NRCAM_Q92823_OID20229.gz
running NRGN_Q92686_OID30674.gz
finished NRGN_Q92686_OID30674.gz
running NRN1_Q9NPD7_OID30983.gz
finished NRN1_Q9NPD7_OID30983.gz
running NRP1_O14786_OID20390.gz
finished NRP1_O14786_OID20390.gz
running NRP2_O60462_OID21081.gz
finished NRP2_O60462_OID21081.gz
running NRTN_Q99748_OID20465.gz
finished NRTN_Q99748_OID20465.gz
running NRXN3_Q9Y4C0_OID30901.gz
finished NRXN3_Q9Y4C0_OID30901.gz
running NSFL1C_Q9UNZ2_OID21022.gz
finished NSFL1C_Q9UNZ2_OID21022.gz
running NT5C1A_Q9BXI3_OID31102.gz
finished NT5C1A_Q9BXI3_OID31102.gz
running NT5C3A_Q9H0P0_OID20553.gz
finished NT5C3A_Q9H0P0_OID20553.gz
running NT5C_Q8TCD5_OID30294.gz
finished NT5C_Q8TCD5_OID30294.gz
running NT5E_P21589_OID21498.gz
finished NT5E_P21589_OID21498.gz
running NTF3_P20783_OID20591.gz
finished NTF3_P20783_OID20591.gz
running NTF4_P34130_OID21208.gz
finished NTF4_P34130_OID21208.gz
running NTproBNP_NTproBNP_OID20125.gz
finished NTproBNP_NTproBNP_OID20125.gz
running NTRK2_Q16620_OID20136.gz
finished NTRK2_Q16620_OID20136.gz
running NTRK3_Q16288_OID21057.gz
finished NTRK3_Q16288_OID21057.gz
running NUB1_Q9Y5A7_OID20510.gz
finished NUB1_Q9Y5A7_OID20510.gz
running NUBP1_P53384_OID31412.gz
finished NUBP1_P53384_OID31412.gz
running NUCB2_P80303_OID21448.gz
finished NUCB2_P80303_OID21448.gz
running NUDC_Q9Y266_OID20623.gz
finished NUDC_Q9Y266_OID20623.gz
running NUDT10_Q8NFP7_OID30198.gz
finished NUDT10_Q8NFP7_OID30198.gz
running NUDT15_Q9NV35_OID30102.gz
finished NUDT15_Q9NV35_OID30102.gz
running NUDT16_Q96DE0_OID31484.gz
finished NUDT16_Q96DE0_OID31484.gz
running NUDT2_P50583_OID21308.gz
finished NUDT2_P50583_OID21308.gz
running NUDT5_Q9UKK9_OID21115.gz
finished NUDT5_Q9UKK9_OID21115.gz
running NUMB_P49757_OID30568.gz
finished NUMB_P49757_OID30568.gz
running NUP50_Q9UKX7_OID30100.gz
finished NUP50_Q9UKX7_OID30100.gz
running NXPE4_Q6UWF7_OID30076.gz
finished NXPE4_Q6UWF7_OID30076.gz
running NXPH1_P58417_OID20849.gz
finished NXPH1_P58417_OID20849.gz
running NXPH3_O95157_OID30565.gz
finished NXPH3_O95157_OID30565.gz
running OBP2B_Q9NPH6_OID20980.gz
finished OBP2B_Q9NPH6_OID20980.gz
running OCLN_Q16625_OID31069.gz
finished OCLN_Q16625_OID31069.gz
running ODAM_A1E959_OID20793.gz
finished ODAM_A1E959_OID20793.gz
running OFD1_O75665_OID31268.gz
finished OFD1_O75665_OID31268.gz
running OGA_O60502_OID31465.gz
finished OGA_O60502_OID31465.gz
running OGFR_Q9NZT2_OID21360.gz
finished OGFR_Q9NZT2_OID21360.gz
running OGN_P20774_OID21123.gz
finished OGN_P20774_OID21123.gz
running OGT_O15294_OID31300.gz
finished OGT_O15294_OID31300.gz
running OLFM4_Q6UX06_OID30665.gz
finished OLFM4_Q6UX06_OID30665.gz
running OLR1_P78380_OID20183.gz
finished OLR1_P78380_OID20183.gz
running OMD_Q99983_OID20725.gz
finished OMD_Q99983_OID20725.gz
running OMG_P23515_OID21352.gz
finished OMG_P23515_OID21352.gz
running OMP_P47874_OID30835.gz
finished OMP_P47874_OID30835.gz
running OPHN1_O60890_OID31087.gz
finished OPHN1_O60890_OID31087.gz
running OPLAH_O14841_OID30201.gz
finished OPLAH_O14841_OID30201.gz
running OPTC_Q9UBM4_OID21362.gz
finished OPTC_Q9UBM4_OID21362.gz
running ORM1_P02763_OID30768.gz
finished ORM1_P02763_OID30768.gz
running OSBPL2_Q9H1P3_OID31085.gz
finished OSBPL2_Q9H1P3_OID31085.gz
running OSCAR_Q8IYS5_OID20776.gz
finished OSCAR_Q8IYS5_OID20776.gz
running OSM_P13725_OID20574.gz
finished OSM_P13725_OID20574.gz
running OSMR_Q99650_OID20356.gz
finished OSMR_Q99650_OID20356.gz
running OSTN_P61366_OID30909.gz
finished OSTN_P61366_OID30909.gz
running OTOA_Q7RTW8_OID30825.gz
finished OTOA_Q7RTW8_OID30825.gz
running OTUD6B_Q8N6M0_OID31487.gz
finished OTUD6B_Q8N6M0_OID31487.gz
running OTUD7B_Q6GQQ9_OID31064.gz
finished OTUD7B_Q6GQQ9_OID31064.gz
running OXCT1_P55809_OID30227.gz
finished OXCT1_P55809_OID30227.gz
