running MAP3K5_Q99683_OID21253.gz
finished MAP3K5_Q99683_OID21253.gz
running MAP4K5_Q9Y4K4_OID20899.gz
finished MAP4K5_Q9Y4K4_OID20899.gz
running MAPK13_O15264_OID31205.gz
finished MAPK13_O15264_OID31205.gz
running MAPK9_P45984_OID20557.gz
finished MAPK9_P45984_OID20557.gz
running MAPKAPK2_P49137_OID31293.gz
finished MAPKAPK2_P49137_OID31293.gz
running MAPRE3_Q9UPY8_OID31177.gz
finished MAPRE3_Q9UPY8_OID31177.gz
running MAPT_P10636_OID20830.gz
finished MAPT_P10636_OID20830.gz
running MARCO_Q9UEW3_OID20210.gz
finished MARCO_Q9UEW3_OID20210.gz
running MARS1_P56192_OID30658.gz
finished MARS1_P56192_OID30658.gz
running MASP1_P48740_OID20954.gz
finished MASP1_P48740_OID20954.gz
running MATN2_O00339_OID20767.gz
finished MATN2_O00339_OID20767.gz
running MATN3_O15232_OID20979.gz
finished MATN3_O15232_OID20979.gz
running MAVS_Q7Z434_OID21204.gz
finished MAVS_Q7Z434_OID21204.gz
running MAX_P61244_OID20877.gz
finished MAX_P61244_OID20877.gz
running MBL2_P11226_OID30759.gz
finished MBL2_P11226_OID30759.gz
running MB_P02144_OID20263.gz
finished MB_P02144_OID20263.gz
running MCAM_P43121_OID20343.gz
finished MCAM_P43121_OID20343.gz
running MCEE_Q96PE7_OID31033.gz
finished MCEE_Q96PE7_OID31033.gz
running MCEMP1_Q8IX19_OID30501.gz
finished MCEMP1_Q8IX19_OID30501.gz
running MCFD2_Q8NI22_OID20171.gz
finished MCFD2_Q8NI22_OID20171.gz
running MCTS1_Q9ULC4_OID31444.gz
finished MCTS1_Q9ULC4_OID31444.gz
running MDGA1_Q8NFP4_OID20951.gz
finished MDGA1_Q8NFP4_OID20951.gz
running MDH1_P40925_OID30669.gz
finished MDH1_P40925_OID30669.gz
running MDK_P21741_OID21489.gz
finished MDK_P21741_OID21489.gz
running MDM1_Q8TC05_OID30945.gz
finished MDM1_Q8TC05_OID30945.gz
running MECR_Q9BV79_OID30274.gz
finished MECR_Q9BV79_OID30274.gz
running MED18_Q9BUE0_OID21236.gz
finished MED18_Q9BUE0_OID21236.gz
running MED21_Q13503_OID30066.gz
finished MED21_Q13503_OID30066.gz
running MEGF10_Q96KG7_OID20746.gz
finished MEGF10_Q96KG7_OID20746.gz
running MEGF11_A6BM72_OID30099.gz
finished MEGF11_A6BM72_OID30099.gz
running MEGF9_Q9H1U4_OID20285.gz
finished MEGF9_Q9H1U4_OID20285.gz
running MELTF_P08582_OID30347.gz
finished MELTF_P08582_OID30347.gz
running MENT_Q9BUN1_OID30595.gz
finished MENT_Q9BUN1_OID30595.gz
running MEP1A_Q16819_OID31459.gz
finished MEP1A_Q16819_OID31459.gz
running MEP1B_Q16820_OID20168.gz
finished MEP1B_Q16820_OID20168.gz
running MEPE_Q9NQ76_OID20753.gz
finished MEPE_Q9NQ76_OID20753.gz
running MERTK_Q12866_OID20657.gz
finished MERTK_Q12866_OID20657.gz
running MESD_Q14696_OID21099.gz
finished MESD_Q14696_OID21099.gz
running METAP1D_Q6UB28_OID20519.gz
finished METAP1D_Q6UB28_OID20519.gz
running METAP1_P53582_OID20815.gz
finished METAP1_P53582_OID20815.gz
running METAP2_P50579_OID21437.gz
finished METAP2_P50579_OID21437.gz
running MET_P08581_OID20269.gz
finished MET_P08581_OID20269.gz
running MFAP3L_O75121_OID30933.gz
finished MFAP3L_O75121_OID30933.gz
running MFAP3_P55082_OID20057.gz
finished MFAP3_P55082_OID20057.gz
running MFAP4_P55083_OID30598.gz
finished MFAP4_P55083_OID30598.gz
running MFAP5_Q13361_OID20239.gz
finished MFAP5_Q13361_OID20239.gz
running MFGE8_Q08431_OID21134.gz
finished MFGE8_Q08431_OID21134.gz
running MGLL_Q99685_OID20711.gz
finished MGLL_Q99685_OID20711.gz
running MGMT_P16455_OID20588.gz
finished MGMT_P16455_OID20588.gz
running MIA_Q16674_OID21531.gz
finished MIA_Q16674_OID21531.gz
running MICALL2_Q8IY33_OID30889.gz
finished MICALL2_Q8IY33_OID30889.gz
running MICB_MICA_Q29980_Q29983_OID20593.gz
finished MICB_MICA_Q29980_Q29983_OID20593.gz
running MIF_P14174_OID21073.gz
finished MIF_P14174_OID21073.gz
running MILR1_Q7Z6M3_OID20482.gz
finished MILR1_Q7Z6M3_OID20482.gz
running MINDY1_Q8N5J2_OID31399.gz
finished MINDY1_Q8N5J2_OID31399.gz
running MINK1_Q8N4C8_OID31156.gz
finished MINK1_Q8N4C8_OID31156.gz
running MITD1_Q8WV92_OID20959.gz
finished MITD1_Q8WV92_OID20959.gz
running MKI67_P46013_OID30455.gz
finished MKI67_P46013_OID30455.gz
running MLLT1_Q03111_OID31211.gz
finished MLLT1_Q03111_OID31211.gz
running MLN_P12872_OID20541.gz
finished MLN_P12872_OID20541.gz
running MME_P08473_OID21307.gz
finished MME_P08473_OID21307.gz
running MMP10_P09238_OID20687.gz
finished MMP10_P09238_OID20687.gz
running MMP12_P39900_OID21439.gz
finished MMP12_P39900_OID21439.gz
running MMP13_P45452_OID20807.gz
finished MMP13_P45452_OID20807.gz
running MMP15_P51511_OID30299.gz
finished MMP15_P51511_OID30299.gz
running MMP1_P03956_OID20672.gz
finished MMP1_P03956_OID20672.gz
running MMP3_P08254_OID21083.gz
finished MMP3_P08254_OID21083.gz
running MMP7_P09237_OID20087.gz
finished MMP7_P09237_OID20087.gz
running MMP8_P22894_OID21019.gz
finished MMP8_P22894_OID21019.gz
running MMP9_P14780_OID21103.gz
finished MMP9_P14780_OID21103.gz
running MMUT_P22033_OID30159.gz
finished MMUT_P22033_OID30159.gz
running MN1_Q10571_OID30908.gz
finished MN1_Q10571_OID30908.gz
running MNAT1_P51948_OID31327.gz
finished MNAT1_P51948_OID31327.gz
running MNDA_P41218_OID20156.gz
finished MNDA_P41218_OID20156.gz
running MOCS2_O96007_OID30638.gz
finished MOCS2_O96007_OID30638.gz
running MOG_Q16653_OID21384.gz
finished MOG_Q16653_OID21384.gz
running MORC3_Q14149_OID31073.gz
finished MORC3_Q14149_OID31073.gz
running MORF4L1_Q9UBU8_OID31257.gz
finished MORF4L1_Q9UBU8_OID31257.gz
running MORF4L2_Q15014_OID31160.gz
finished MORF4L2_Q15014_OID31160.gz
running MORN4_Q8NDC4_OID31217.gz
finished MORN4_Q8NDC4_OID31217.gz
