running LILRB2_Q8N423_OID20301.gz
finished LILRB2_Q8N423_OID20301.gz
running LILRB4_Q8NHJ6_OID20429.gz
finished LILRB4_Q8NHJ6_OID20429.gz
running LILRB5_O75023_OID20324.gz
finished LILRB5_O75023_OID20324.gz
running LIPF_P07098_OID30266.gz
finished LIPF_P07098_OID30266.gz
running LMNB1_P20700_OID31501.gz
finished LMNB1_P20700_OID31501.gz
running LMNB2_Q03252_OID31109.gz
finished LMNB2_Q03252_OID31109.gz
running LMOD1_P29536_OID30212.gz
finished LMOD1_P29536_OID30212.gz
running LMOD1_P29536_OID30547.gz
finished LMOD1_P29536_OID30547.gz
running LMOD1_P29536_OID31014.gz
finished LMOD1_P29536_OID31014.gz
running LMOD1_P29536_OID31416.gz
finished LMOD1_P29536_OID31416.gz
running LMOD2_Q6P5Q4_OID30864.gz
finished LMOD2_Q6P5Q4_OID30864.gz
running LONP1_P36776_OID30219.gz
finished LONP1_P36776_OID30219.gz
running LPA_P08519_OID30747.gz
finished LPA_P08519_OID30747.gz
running LPCAT2_Q7L5N7_OID21290.gz
finished LPCAT2_Q7L5N7_OID21290.gz
running LPL_P06858_OID20188.gz
finished LPL_P06858_OID20188.gz
running LPO_P22079_OID20963.gz
finished LPO_P22079_OID20963.gz
running LPP_Q93052_OID30190.gz
finished LPP_Q93052_OID30190.gz
running LRCH4_O75427_OID30191.gz
finished LRCH4_O75427_OID30191.gz
running LRFN2_Q9ULH4_OID30895.gz
finished LRFN2_Q9ULH4_OID30895.gz
running LRG1_P02750_OID30751.gz
finished LRG1_P02750_OID30751.gz
running LRIG1_Q96JA1_OID21429.gz
finished LRIG1_Q96JA1_OID21429.gz
running LRIG3_Q6UXM1_OID30450.gz
finished LRIG3_Q6UXM1_OID30450.gz
running LRP11_Q86VZ4_OID20185.gz
finished LRP11_Q86VZ4_OID20185.gz
running LRP1_Q07954_OID21293.gz
finished LRP1_Q07954_OID21293.gz
running LRP2BP_Q9P2M1_OID30907.gz
finished LRP2BP_Q9P2M1_OID30907.gz
running LRP2_P98164_OID30960.gz
finished LRP2_P98164_OID30960.gz
running LRPAP1_P30533_OID21059.gz
finished LRPAP1_P30533_OID21059.gz
running LRRC25_Q8N386_OID21333.gz
finished LRRC25_Q8N386_OID21333.gz
running LRRC37A2_A6NM11_OID31440.gz
finished LRRC37A2_A6NM11_OID31440.gz
running LRRC38_Q5VT99_OID30924.gz
finished LRRC38_Q5VT99_OID30924.gz
running LRRC59_Q96AG4_OID30361.gz
finished LRRC59_Q96AG4_OID30361.gz
running LRRFIP1_Q32MZ4_OID31344.gz
finished LRRFIP1_Q32MZ4_OID31344.gz
running LRRN1_Q6UXK5_OID20438.gz
finished LRRN1_Q6UXK5_OID20438.gz
running LRTM1_Q9HBL6_OID30906.gz
finished LRTM1_Q9HBL6_OID30906.gz
running LRTM2_Q8N967_OID31020.gz
finished LRTM2_Q8N967_OID31020.gz
running LSM1_O15116_OID21210.gz
finished LSM1_O15116_OID21210.gz
running LSM8_O95777_OID31269.gz
finished LSM8_O95777_OID31269.gz
running LSP1_P33241_OID20530.gz
finished LSP1_P33241_OID20530.gz
running LTA4H_P09960_OID21452.gz
finished LTA4H_P09960_OID21452.gz
running LTA_P01374_OID20586.gz
finished LTA_P01374_OID20586.gz
running LTBP2_Q14767_OID20254.gz
finished LTBP2_Q14767_OID20254.gz
running LTBP3_Q9NS15_OID21191.gz
finished LTBP3_Q9NS15_OID21191.gz
running LTB_Q06643_OID31383.gz
finished LTB_Q06643_OID31383.gz
running LTBR_P36941_OID20768.gz
finished LTBR_P36941_OID20768.gz
running LTO1_Q8WV07_OID20434.gz
finished LTO1_Q8WV07_OID20434.gz
running LUZP2_Q86TE4_OID31402.gz
finished LUZP2_Q86TE4_OID31402.gz
running LXN_Q9BS40_OID21003.gz
finished LXN_Q9BS40_OID21003.gz
running LY6D_Q14210_OID20708.gz
finished LY6D_Q14210_OID20708.gz
running LY75_O60449_OID20580.gz
finished LY75_O60449_OID20580.gz
running LY96_Q9Y6Y9_OID20945.gz
finished LY96_Q9Y6Y9_OID20945.gz
running LY9_Q9HBG7_OID20670.gz
finished LY9_Q9HBG7_OID20670.gz
running LYAR_Q9NX58_OID21264.gz
finished LYAR_Q9NX58_OID21264.gz
running LYN_P07948_OID21350.gz
finished LYN_P07948_OID21350.gz
running LYPD1_Q8N2G4_OID20821.gz
finished LYPD1_Q8N2G4_OID20821.gz
running LYPD3_O95274_OID21530.gz
finished LYPD3_O95274_OID21530.gz
running LYPD8_Q6UX82_OID21251.gz
finished LYPD8_Q6UX82_OID21251.gz
running LYPLA2_O95372_OID30817.gz
finished LYPLA2_O95372_OID30817.gz
running LYSMD3_Q7Z3D4_OID30950.gz
finished LYSMD3_Q7Z3D4_OID30950.gz
running LYVE1_Q9Y5Y7_OID30728.gz
finished LYVE1_Q9Y5Y7_OID30728.gz
running LYZL2_Q7Z4W2_OID31180.gz
finished LYZL2_Q7Z4W2_OID31180.gz
running LZTFL1_Q9NQ48_OID30637.gz
finished LZTFL1_Q9NQ48_OID30637.gz
running M6PR_P20645_OID30208.gz
finished M6PR_P20645_OID30208.gz
running MAD1L1_Q9Y6D9_OID20904.gz
finished MAD1L1_Q9Y6D9_OID20904.gz
running MAEA_Q7L5Y9_OID21206.gz
finished MAEA_Q7L5Y9_OID21206.gz
running MAGEA3_P43357_OID31331.gz
finished MAGEA3_P43357_OID31331.gz
running MAGED1_Q9Y5V3_OID21181.gz
finished MAGED1_Q9Y5V3_OID21181.gz
running MAG_P20916_OID30967.gz
finished MAG_P20916_OID30967.gz
running MAMDC2_Q7Z304_OID30309.gz
finished MAMDC2_Q7Z304_OID30309.gz
running MAMDC4_Q6UXC1_OID31342.gz
finished MAMDC4_Q6UXC1_OID31342.gz
running MAN1A2_O60476_OID30262.gz
finished MAN1A2_O60476_OID30262.gz
running MAN2B2_Q9Y2E5_OID30306.gz
finished MAN2B2_Q9Y2E5_OID30306.gz
running MANEAL_Q5VSG8_OID31244.gz
finished MANEAL_Q5VSG8_OID31244.gz
running MANF_P55145_OID20707.gz
finished MANF_P55145_OID20707.gz
running MANSC1_Q9H8J5_OID21492.gz
finished MANSC1_Q9H8J5_OID21492.gz
running MANSC4_A6NHS7_OID30141.gz
finished MANSC4_A6NHS7_OID30141.gz
running MAP1LC3A_Q9H492_OID30868.gz
finished MAP1LC3A_Q9H492_OID30868.gz
running MAP1LC3B2_A6NCE7_OID30074.gz
finished MAP1LC3B2_A6NCE7_OID30074.gz
running MAP2K1_Q02750_OID31468.gz
finished MAP2K1_Q02750_OID31468.gz
running MAP2K6_P52564_OID20552.gz
finished MAP2K6_P52564_OID20552.gz
running MAP2_P11137_OID31138.gz
finished MAP2_P11137_OID31138.gz
