running 9191_8_TFF2_Trefoil_factor_2.txt.gz.annotated.gz.exclusions.gz.alleles.gz
finished 9191_8_TFF2_Trefoil_factor_2.txt.gz.annotated.gz.exclusions.gz.alleles.gz
running 9196_8_LGALS7_Galectin_7.txt.gz.annotated.gz.exclusions.gz.alleles.gz
finished 9196_8_LGALS7_Galectin_7.txt.gz.annotated.gz.exclusions.gz.alleles.gz
running 9197_4_LGALS9_LEG9.txt.gz.annotated.gz.exclusions.gz.alleles.gz
finished 9197_4_LGALS9_LEG9.txt.gz.annotated.gz.exclusions.gz.alleles.gz
running 9199_6_UBE2G2_UB2G2.txt.gz.annotated.gz.exclusions.gz.alleles.gz
finished 9199_6_UBE2G2_UB2G2.txt.gz.annotated.gz.exclusions.gz.alleles.gz
running 9201_13_TAGLN2_Transgelin_2.txt.gz.annotated.gz.exclusions.gz.alleles.gz
finished 9201_13_TAGLN2_Transgelin_2.txt.gz.annotated.gz.exclusions.gz.alleles.gz
running 9202_309_ATP5O_ATPO.txt.gz.annotated.gz.exclusions.gz.alleles.gz
finished 9202_309_ATP5O_ATPO.txt.gz.annotated.gz.exclusions.gz.alleles.gz
running 9204_33_POMC_Corticotropin_lipotropin.txt.gz.annotated.gz.exclusions.gz.alleles.gz
finished 9204_33_POMC_Corticotropin_lipotropin.txt.gz.annotated.gz.exclusions.gz.alleles.gz
running 9207_60_CRYZL1_QORL1.txt.gz.annotated.gz.exclusions.gz.alleles.gz
finished 9207_60_CRYZL1_QORL1.txt.gz.annotated.gz.exclusions.gz.alleles.gz
running 9211_19_SERPINF1_PEDF.txt.gz.annotated.gz.exclusions.gz.alleles.gz
finished 9211_19_SERPINF1_PEDF.txt.gz.annotated.gz.exclusions.gz.alleles.gz
running 9212_22_CTSF_CATF.txt.gz.annotated.gz.exclusions.gz.alleles.gz
finished 9212_22_CTSF_CATF.txt.gz.annotated.gz.exclusions.gz.alleles.gz
running 9213_24_FTCD_FTCD.txt.gz.annotated.gz.exclusions.gz.alleles.gz
finished 9213_24_FTCD_FTCD.txt.gz.annotated.gz.exclusions.gz.alleles.gz
running 9215_117_USP25_UBP25.txt.gz.annotated.gz.exclusions.gz.alleles.gz
finished 9215_117_USP25_UBP25.txt.gz.annotated.gz.exclusions.gz.alleles.gz
running 9216_100_PLXNB2_PLXB2.txt.gz.annotated.gz.exclusions.gz.alleles.gz
finished 9216_100_PLXNB2_PLXB2.txt.gz.annotated.gz.exclusions.gz.alleles.gz
running 9219_70_NENF_NENF.txt.gz.annotated.gz.exclusions.gz.alleles.gz
finished 9219_70_NENF_NENF.txt.gz.annotated.gz.exclusions.gz.alleles.gz
running 9220_7_EPHB3_EPHB3.txt.gz.annotated.gz.exclusions.gz.alleles.gz
finished 9220_7_EPHB3_EPHB3.txt.gz.annotated.gz.exclusions.gz.alleles.gz
running 9221_6_ITPRIPL1_IPIL1.txt.gz.annotated.gz.exclusions.gz.alleles.gz
finished 9221_6_ITPRIPL1_IPIL1.txt.gz.annotated.gz.exclusions.gz.alleles.gz
running 9223_11_MANF_ARMET.txt.gz.annotated.gz.exclusions.gz.alleles.gz
finished 9223_11_MANF_ARMET.txt.gz.annotated.gz.exclusions.gz.alleles.gz
running 9226_6_TMUB2_TMUB2.txt.gz.annotated.gz.exclusions.gz.alleles.gz
finished 9226_6_TMUB2_TMUB2.txt.gz.annotated.gz.exclusions.gz.alleles.gz
running 9229_9_CTRL_CTRL.txt.gz.annotated.gz.exclusions.gz.alleles.gz
finished 9229_9_CTRL_CTRL.txt.gz.annotated.gz.exclusions.gz.alleles.gz
running 9231_23_IMPAD1_IMPA3.txt.gz.annotated.gz.exclusions.gz.alleles.gz
finished 9231_23_IMPAD1_IMPA3.txt.gz.annotated.gz.exclusions.gz.alleles.gz
running 9233_71_TFPI2_TFPI__2.txt.gz.annotated.gz.exclusions.gz.alleles.gz
finished 9233_71_TFPI2_TFPI__2.txt.gz.annotated.gz.exclusions.gz.alleles.gz
running 9234_8_TWSG1_TWSG1.txt.gz.annotated.gz.exclusions.gz.alleles.gz
finished 9234_8_TWSG1_TWSG1.txt.gz.annotated.gz.exclusions.gz.alleles.gz
running 9235_3_PLXDC1_PXDC1.txt.gz.annotated.gz.exclusions.gz.alleles.gz
finished 9235_3_PLXDC1_PXDC1.txt.gz.annotated.gz.exclusions.gz.alleles.gz
running 9237_54_ACP2_Lysosomal_acid_phosphatase.txt.gz.annotated.gz.exclusions.gz.alleles.gz
finished 9237_54_ACP2_Lysosomal_acid_phosphatase.txt.gz.annotated.gz.exclusions.gz.alleles.gz
running 9241_40_SIRPG_SIRPG.txt.gz.annotated.gz.exclusions.gz.alleles.gz
finished 9241_40_SIRPG_SIRPG.txt.gz.annotated.gz.exclusions.gz.alleles.gz
running 9243_10_LYG1_LYG1.txt.gz.annotated.gz.exclusions.gz.alleles.gz
finished 9243_10_LYG1_LYG1.txt.gz.annotated.gz.exclusions.gz.alleles.gz
running 9244_27_PPT1_PPT1.txt.gz.annotated.gz.exclusions.gz.alleles.gz
finished 9244_27_PPT1_PPT1.txt.gz.annotated.gz.exclusions.gz.alleles.gz
running 9248_36_MYDGF_CS010.txt.gz.annotated.gz.exclusions.gz.alleles.gz
finished 9248_36_MYDGF_CS010.txt.gz.annotated.gz.exclusions.gz.alleles.gz
running 9249_17_TMEM9_TMEM9.txt.gz.annotated.gz.exclusions.gz.alleles.gz
finished 9249_17_TMEM9_TMEM9.txt.gz.annotated.gz.exclusions.gz.alleles.gz
running 9251_28_MAN2B2_MA2B2.txt.gz.annotated.gz.exclusions.gz.alleles.gz
finished 9251_28_MAN2B2_MA2B2.txt.gz.annotated.gz.exclusions.gz.alleles.gz
running 9253_52_ABO_BGAT.txt.gz.annotated.gz.exclusions.gz.alleles.gz
finished 9253_52_ABO_BGAT.txt.gz.annotated.gz.exclusions.gz.alleles.gz
running 9254_18_FCER1A_FCERA.txt.gz.annotated.gz.exclusions.gz.alleles.gz
finished 9254_18_FCER1A_FCERA.txt.gz.annotated.gz.exclusions.gz.alleles.gz
running 9255_5_IL17C_IL_17C.txt.gz.annotated.gz.exclusions.gz.alleles.gz
finished 9255_5_IL17C_IL_17C.txt.gz.annotated.gz.exclusions.gz.alleles.gz
running 9256_78_NPTX1_NPTX1.txt.gz.annotated.gz.exclusions.gz.alleles.gz
finished 9256_78_NPTX1_NPTX1.txt.gz.annotated.gz.exclusions.gz.alleles.gz
running 9257_14_TACO1_TACO1.txt.gz.annotated.gz.exclusions.gz.alleles.gz
finished 9257_14_TACO1_TACO1.txt.gz.annotated.gz.exclusions.gz.alleles.gz
running 9263_57_SIAE_SIAE.txt.gz.annotated.gz.exclusions.gz.alleles.gz
finished 9263_57_SIAE_SIAE.txt.gz.annotated.gz.exclusions.gz.alleles.gz
running 9264_11_CTSO_CATO.txt.gz.annotated.gz.exclusions.gz.alleles.gz
finished 9264_11_CTSO_CATO.txt.gz.annotated.gz.exclusions.gz.alleles.gz
running 9265_10_GLIPR1_GLIP1.txt.gz.annotated.gz.exclusions.gz.alleles.gz
finished 9265_10_GLIPR1_GLIP1.txt.gz.annotated.gz.exclusions.gz.alleles.gz
running 9266_1_TREM1_sTREM_1.txt.gz.annotated.gz.exclusions.gz.alleles.gz
finished 9266_1_TREM1_sTREM_1.txt.gz.annotated.gz.exclusions.gz.alleles.gz
running 9267_2_CPA4_CBPA4.txt.gz.annotated.gz.exclusions.gz.alleles.gz
finished 9267_2_CPA4_CBPA4.txt.gz.annotated.gz.exclusions.gz.alleles.gz
running 9271_101_STIM1_STIM1.txt.gz.annotated.gz.exclusions.gz.alleles.gz
finished 9271_101_STIM1_STIM1.txt.gz.annotated.gz.exclusions.gz.alleles.gz
running 9275_2_CTSL_Cathepsin_L.txt.gz.annotated.gz.exclusions.gz.alleles.gz
finished 9275_2_CTSL_Cathepsin_L.txt.gz.annotated.gz.exclusions.gz.alleles.gz
running 9276_7_CPA2_CBPA2.txt.gz.annotated.gz.exclusions.gz.alleles.gz
finished 9276_7_CPA2_CBPA2.txt.gz.annotated.gz.exclusions.gz.alleles.gz
running 9278_9_EPYC_Epiphycan.txt.gz.annotated.gz.exclusions.gz.alleles.gz
finished 9278_9_EPYC_Epiphycan.txt.gz.annotated.gz.exclusions.gz.alleles.gz
running 9282_12_CRISP2_CRIS2.txt.gz.annotated.gz.exclusions.gz.alleles.gz
finished 9282_12_CRISP2_CRIS2.txt.gz.annotated.gz.exclusions.gz.alleles.gz
running 9283_8_CD44_CD44.txt.gz.annotated.gz.exclusions.gz.alleles.gz
finished 9283_8_CD44_CD44.txt.gz.annotated.gz.exclusions.gz.alleles.gz
running 9287_6_SPR_SPRE.txt.gz.annotated.gz.exclusions.gz.alleles.gz
finished 9287_6_SPR_SPRE.txt.gz.annotated.gz.exclusions.gz.alleles.gz
running 9288_7_FKBP7_FKBP7.txt.gz.annotated.gz.exclusions.gz.alleles.gz
finished 9288_7_FKBP7_FKBP7.txt.gz.annotated.gz.exclusions.gz.alleles.gz
running 9290_8_RMDN3_RMD3.txt.gz.annotated.gz.exclusions.gz.alleles.gz
finished 9290_8_RMDN3_RMD3.txt.gz.annotated.gz.exclusions.gz.alleles.gz
running 9294_45_MFAP2_MFAP2.txt.gz.annotated.gz.exclusions.gz.alleles.gz
finished 9294_45_MFAP2_MFAP2.txt.gz.annotated.gz.exclusions.gz.alleles.gz
running 9296_15_PTPRD_PTPRD.txt.gz.annotated.gz.exclusions.gz.alleles.gz
finished 9296_15_PTPRD_PTPRD.txt.gz.annotated.gz.exclusions.gz.alleles.gz
running 9297_12_B3GNT8_B3GN8.txt.gz.annotated.gz.exclusions.gz.alleles.gz
finished 9297_12_B3GNT8_B3GN8.txt.gz.annotated.gz.exclusions.gz.alleles.gz
running 9302_90_GADD45GIP1_G45IP.txt.gz.annotated.gz.exclusions.gz.alleles.gz
finished 9302_90_GADD45GIP1_G45IP.txt.gz.annotated.gz.exclusions.gz.alleles.gz
running 9306_7_DEFB118_DB118.txt.gz.annotated.gz.exclusions.gz.alleles.gz
finished 9306_7_DEFB118_DB118.txt.gz.annotated.gz.exclusions.gz.alleles.gz
running 9310_2_CD8B_CD8B.txt.gz.annotated.gz.exclusions.gz.alleles.gz
finished 9310_2_CD8B_CD8B.txt.gz.annotated.gz.exclusions.gz.alleles.gz
running 9312_8_AZGP1_AZGP1.txt.gz.annotated.gz.exclusions.gz.alleles.gz
finished 9312_8_AZGP1_AZGP1.txt.gz.annotated.gz.exclusions.gz.alleles.gz
running 9313_27_CBLN1_CBLN1.txt.gz.annotated.gz.exclusions.gz.alleles.gz
finished 9313_27_CBLN1_CBLN1.txt.gz.annotated.gz.exclusions.gz.alleles.gz
running 9314_9_PSG5_PSG5.txt.gz.annotated.gz.exclusions.gz.alleles.gz
finished 9314_9_PSG5_PSG5.txt.gz.annotated.gz.exclusions.gz.alleles.gz
running 9315_16_MUL1_MUL1.txt.gz.annotated.gz.exclusions.gz.alleles.gz
finished 9315_16_MUL1_MUL1.txt.gz.annotated.gz.exclusions.gz.alleles.gz
running 9316_67_WFDC1_WFDC1.txt.gz.annotated.gz.exclusions.gz.alleles.gz
finished 9316_67_WFDC1_WFDC1.txt.gz.annotated.gz.exclusions.gz.alleles.gz
running 9317_4_LRRC25_LRC25.txt.gz.annotated.gz.exclusions.gz.alleles.gz
finished 9317_4_LRRC25_LRC25.txt.gz.annotated.gz.exclusions.gz.alleles.gz
running 9319_59_TMED4_TMED4.txt.gz.annotated.gz.exclusions.gz.alleles.gz
finished 9319_59_TMED4_TMED4.txt.gz.annotated.gz.exclusions.gz.alleles.gz
running 9321_400_NMB_NMB.txt.gz.annotated.gz.exclusions.gz.alleles.gz
finished 9321_400_NMB_NMB.txt.gz.annotated.gz.exclusions.gz.alleles.gz
running 9322_15_RCN1_RCN1.txt.gz.annotated.gz.exclusions.gz.alleles.gz
finished 9322_15_RCN1_RCN1.txt.gz.annotated.gz.exclusions.gz.alleles.gz
running 9326_33_ITIH2_ITI_heavy_chain_H2.txt.gz.annotated.gz.exclusions.gz.alleles.gz
finished 9326_33_ITIH2_ITI_heavy_chain_H2.txt.gz.annotated.gz.exclusions.gz.alleles.gz
running 9327_3_LYPD1_LYPD1.txt.gz.annotated.gz.exclusions.gz.alleles.gz
finished 9327_3_LYPD1_LYPD1.txt.gz.annotated.gz.exclusions.gz.alleles.gz
running 9329_28_TREML1_TRML1.txt.gz.annotated.gz.exclusions.gz.alleles.gz
finished 9329_28_TREML1_TRML1.txt.gz.annotated.gz.exclusions.gz.alleles.gz
running 9332_6_DEFB136_DB136.txt.gz.annotated.gz.exclusions.gz.alleles.gz
finished 9332_6_DEFB136_DB136.txt.gz.annotated.gz.exclusions.gz.alleles.gz
running 9333_59_ERP27_ERP27.txt.gz.annotated.gz.exclusions.gz.alleles.gz
finished 9333_59_ERP27_ERP27.txt.gz.annotated.gz.exclusions.gz.alleles.gz
running 9335_28_PSG9_PSG9.txt.gz.annotated.gz.exclusions.gz.alleles.gz
finished 9335_28_PSG9_PSG9.txt.gz.annotated.gz.exclusions.gz.alleles.gz
running 9337_43_TAC1_TKN1.txt.gz.annotated.gz.exclusions.gz.alleles.gz
finished 9337_43_TAC1_TKN1.txt.gz.annotated.gz.exclusions.gz.alleles.gz
running 9339_204_FKBP2_FKBP2.txt.gz.annotated.gz.exclusions.gz.alleles.gz
finished 9339_204_FKBP2_FKBP2.txt.gz.annotated.gz.exclusions.gz.alleles.gz
running 9340_17_FKBP14_FKB14.txt.gz.annotated.gz.exclusions.gz.alleles.gz
finished 9340_17_FKBP14_FKB14.txt.gz.annotated.gz.exclusions.gz.alleles.gz
running 9341_1_PDGFD_PDGFD.txt.gz.annotated.gz.exclusions.gz.alleles.gz
finished 9341_1_PDGFD_PDGFD.txt.gz.annotated.gz.exclusions.gz.alleles.gz
running 9343_16_IL2RB_IL_2_sRb.txt.gz.annotated.gz.exclusions.gz.alleles.gz
finished 9343_16_IL2RB_IL_2_sRb.txt.gz.annotated.gz.exclusions.gz.alleles.gz
running 9345_436_WFDC13_WFD13.txt.gz.annotated.gz.exclusions.gz.alleles.gz
finished 9345_436_WFDC13_WFD13.txt.gz.annotated.gz.exclusions.gz.alleles.gz
running 9348_1_C1RL_C1RL1.txt.gz.annotated.gz.exclusions.gz.alleles.gz
finished 9348_1_C1RL_C1RL1.txt.gz.annotated.gz.exclusions.gz.alleles.gz
running 9350_3_FSTL4_FSTL4.txt.gz.annotated.gz.exclusions.gz.alleles.gz
finished 9350_3_FSTL4_FSTL4.txt.gz.annotated.gz.exclusions.gz.alleles.gz
running 9357_4_CREG1_CREG1.txt.gz.annotated.gz.exclusions.gz.alleles.gz
finished 9357_4_CREG1_CREG1.txt.gz.annotated.gz.exclusions.gz.alleles.gz
running 9359_9_DLK2_EGFL9.txt.gz.annotated.gz.exclusions.gz.alleles.gz
finished 9359_9_DLK2_EGFL9.txt.gz.annotated.gz.exclusions.gz.alleles.gz
running 9360_33_EDIL3_EDIL3.txt.gz.annotated.gz.exclusions.gz.alleles.gz
finished 9360_33_EDIL3_EDIL3.txt.gz.annotated.gz.exclusions.gz.alleles.gz
running 9361_7_PCDHAC2_PCDC2.txt.gz.annotated.gz.exclusions.gz.alleles.gz
finished 9361_7_PCDHAC2_PCDC2.txt.gz.annotated.gz.exclusions.gz.alleles.gz
running 9363_11_CT55_CX048.txt.gz.annotated.gz.exclusions.gz.alleles.gz
finished 9363_11_CT55_CX048.txt.gz.annotated.gz.exclusions.gz.alleles.gz
running 9365_91_EYS_EYS.txt.gz.annotated.gz.exclusions.gz.alleles.gz
finished 9365_91_EYS_EYS.txt.gz.annotated.gz.exclusions.gz.alleles.gz
running 9366_54_IL21R_IL_21_sR.txt.gz.annotated.gz.exclusions.gz.alleles.gz
finished 9366_54_IL21R_IL_21_sR.txt.gz.annotated.gz.exclusions.gz.alleles.gz
running 9368_64_LRTM1_LRTM1.txt.gz.annotated.gz.exclusions.gz.alleles.gz
finished 9368_64_LRTM1_LRTM1.txt.gz.annotated.gz.exclusions.gz.alleles.gz
running 9369_174_LRRC4C_NGL1.txt.gz.annotated.gz.exclusions.gz.alleles.gz
finished 9369_174_LRRC4C_NGL1.txt.gz.annotated.gz.exclusions.gz.alleles.gz
running 9370_69_GGH_GGH.txt.gz.annotated.gz.exclusions.gz.alleles.gz
finished 9370_69_GGH_GGH.txt.gz.annotated.gz.exclusions.gz.alleles.gz
running 9372_157_MPZL2_MPZL2.txt.gz.annotated.gz.exclusions.gz.alleles.gz
finished 9372_157_MPZL2_MPZL2.txt.gz.annotated.gz.exclusions.gz.alleles.gz
running 9374_24_NNAT_NNAT.txt.gz.annotated.gz.exclusions.gz.alleles.gz
finished 9374_24_NNAT_NNAT.txt.gz.annotated.gz.exclusions.gz.alleles.gz
running 9377_25_KITLG_SCF.txt.gz.annotated.gz.exclusions.gz.alleles.gz
finished 9377_25_KITLG_SCF.txt.gz.annotated.gz.exclusions.gz.alleles.gz
running 9378_6_FIBCD1_FBCD1.txt.gz.annotated.gz.exclusions.gz.alleles.gz
finished 9378_6_FIBCD1_FBCD1.txt.gz.annotated.gz.exclusions.gz.alleles.gz
running 9379_248_SMIM10_CX069.txt.gz.annotated.gz.exclusions.gz.alleles.gz
finished 9379_248_SMIM10_CX069.txt.gz.annotated.gz.exclusions.gz.alleles.gz
running 9380_2_PLA2G12B_sPLA_2__XIII.txt.gz.annotated.gz.exclusions.gz.alleles.gz
finished 9380_2_PLA2G12B_sPLA_2__XIII.txt.gz.annotated.gz.exclusions.gz.alleles.gz
running 9383_24_CHI3L2_CH3L2.txt.gz.annotated.gz.exclusions.gz.alleles.gz
finished 9383_24_CHI3L2_CH3L2.txt.gz.annotated.gz.exclusions.gz.alleles.gz
running 9384_17_CAMP_Cathelicidin_peptide.txt.gz.annotated.gz.exclusions.gz.alleles.gz
finished 9384_17_CAMP_Cathelicidin_peptide.txt.gz.annotated.gz.exclusions.gz.alleles.gz
running 9385_4_GAA_GAA.txt.gz.annotated.gz.exclusions.gz.alleles.gz
finished 9385_4_GAA_GAA.txt.gz.annotated.gz.exclusions.gz.alleles.gz
running 9386_42_TTC9B_TTC9B.txt.gz.annotated.gz.exclusions.gz.alleles.gz
finished 9386_42_TTC9B_TTC9B.txt.gz.annotated.gz.exclusions.gz.alleles.gz
running 9388_18_MCEE_MCEE.txt.gz.annotated.gz.exclusions.gz.alleles.gz
finished 9388_18_MCEE_MCEE.txt.gz.annotated.gz.exclusions.gz.alleles.gz
running 9391_60_PCSK1N_PCSK1.txt.gz.annotated.gz.exclusions.gz.alleles.gz
finished 9391_60_PCSK1N_PCSK1.txt.gz.annotated.gz.exclusions.gz.alleles.gz
running 9392_43_MGAT4A_MGT4A.txt.gz.annotated.gz.exclusions.gz.alleles.gz
finished 9392_43_MGAT4A_MGT4A.txt.gz.annotated.gz.exclusions.gz.alleles.gz
running 9394_19_CPQ_Aminopeptidase.txt.gz.annotated.gz.exclusions.gz.alleles.gz
finished 9394_19_CPQ_Aminopeptidase.txt.gz.annotated.gz.exclusions.gz.alleles.gz
running 9398_30_GALP_GALP.txt.gz.annotated.gz.exclusions.gz.alleles.gz
finished 9398_30_GALP_GALP.txt.gz.annotated.gz.exclusions.gz.alleles.gz
running 9401_57_TRABD2A_CB089.txt.gz.annotated.gz.exclusions.gz.alleles.gz
finished 9401_57_TRABD2A_CB089.txt.gz.annotated.gz.exclusions.gz.alleles.gz
running 9402_18_DCBLD1_DCBD1.txt.gz.annotated.gz.exclusions.gz.alleles.gz
finished 9402_18_DCBLD1_DCBD1.txt.gz.annotated.gz.exclusions.gz.alleles.gz
running 9409_11_TPSAB1_TRYB1.txt.gz.annotated.gz.exclusions.gz.alleles.gz
finished 9409_11_TPSAB1_TRYB1.txt.gz.annotated.gz.exclusions.gz.alleles.gz
running 9412_52_ACVR2B_Activin_RIIB.txt.gz.annotated.gz.exclusions.gz.alleles.gz
finished 9412_52_ACVR2B_Activin_RIIB.txt.gz.annotated.gz.exclusions.gz.alleles.gz
running 9416_77_CPM_CBPM.txt.gz.annotated.gz.exclusions.gz.alleles.gz
finished 9416_77_CPM_CBPM.txt.gz.annotated.gz.exclusions.gz.alleles.gz
running 9443_137_CTSK_cathepsin_K.txt.gz.annotated.gz.exclusions.gz.alleles.gz
finished 9443_137_CTSK_cathepsin_K.txt.gz.annotated.gz.exclusions.gz.alleles.gz
