running 18824_7_EIF4A2_IF4A2.txt.gz.annotated.gz.exclusions.gz.alleles.gz
finished 18824_7_EIF4A2_IF4A2.txt.gz.annotated.gz.exclusions.gz.alleles.gz
running 18829_4_EIF4A1_IF4A1.txt.gz.annotated.gz.exclusions.gz.alleles.gz
finished 18829_4_EIF4A1_IF4A1.txt.gz.annotated.gz.exclusions.gz.alleles.gz
running 18830_1_ITLN1_Omentin.txt.gz.annotated.gz.exclusions.gz.alleles.gz
finished 18830_1_ITLN1_Omentin.txt.gz.annotated.gz.exclusions.gz.alleles.gz
running 18831_6_LRIG1_LRIG1.txt.gz.annotated.gz.exclusions.gz.alleles.gz
finished 18831_6_LRIG1_LRIG1.txt.gz.annotated.gz.exclusions.gz.alleles.gz
running 18832_65_SAA2_SAA2.txt.gz.annotated.gz.exclusions.gz.alleles.gz
finished 18832_65_SAA2_SAA2.txt.gz.annotated.gz.exclusions.gz.alleles.gz
running 18833_76_PEA15_PEA15.txt.gz.annotated.gz.exclusions.gz.alleles.gz
finished 18833_76_PEA15_PEA15.txt.gz.annotated.gz.exclusions.gz.alleles.gz
running 18837_9_SGTB_SGTB.txt.gz.annotated.gz.exclusions.gz.alleles.gz
finished 18837_9_SGTB_SGTB.txt.gz.annotated.gz.exclusions.gz.alleles.gz
running 18839_24_TG_Thyroglobulin.txt.gz.annotated.gz.exclusions.gz.alleles.gz
finished 18839_24_TG_Thyroglobulin.txt.gz.annotated.gz.exclusions.gz.alleles.gz
running 18840_205_SH2D1B_SH21B.txt.gz.annotated.gz.exclusions.gz.alleles.gz
finished 18840_205_SH2D1B_SH21B.txt.gz.annotated.gz.exclusions.gz.alleles.gz
running 18841_1_SERPINB13_SPB13.txt.gz.annotated.gz.exclusions.gz.alleles.gz
finished 18841_1_SERPINB13_SPB13.txt.gz.annotated.gz.exclusions.gz.alleles.gz
running 18842_24_UBE2D2_UB2D2.txt.gz.annotated.gz.exclusions.gz.alleles.gz
finished 18842_24_UBE2D2_UB2D2.txt.gz.annotated.gz.exclusions.gz.alleles.gz
running 18859_7_EIF4EBP3_4EBP3.txt.gz.annotated.gz.exclusions.gz.alleles.gz
finished 18859_7_EIF4EBP3_4EBP3.txt.gz.annotated.gz.exclusions.gz.alleles.gz
running 18860_2_CAMKK1_CaMKK_alpha.txt.gz.annotated.gz.exclusions.gz.alleles.gz
finished 18860_2_CAMKK1_CaMKK_alpha.txt.gz.annotated.gz.exclusions.gz.alleles.gz
running 18863_176_CHST2_CHST2.txt.gz.annotated.gz.exclusions.gz.alleles.gz
finished 18863_176_CHST2_CHST2.txt.gz.annotated.gz.exclusions.gz.alleles.gz
running 18864_7_PRSS3_TRY3.txt.gz.annotated.gz.exclusions.gz.alleles.gz
finished 18864_7_PRSS3_TRY3.txt.gz.annotated.gz.exclusions.gz.alleles.gz
running 18866_8_PPP3R2_CANB2.txt.gz.annotated.gz.exclusions.gz.alleles.gz
finished 18866_8_PPP3R2_CANB2.txt.gz.annotated.gz.exclusions.gz.alleles.gz
running 18868_7_CBX3_CBX3.txt.gz.annotated.gz.exclusions.gz.alleles.gz
finished 18868_7_CBX3_CBX3.txt.gz.annotated.gz.exclusions.gz.alleles.gz
running 18870_1_CD3E_CD3E.txt.gz.annotated.gz.exclusions.gz.alleles.gz
finished 18870_1_CD3E_CD3E.txt.gz.annotated.gz.exclusions.gz.alleles.gz
running 18871_24_AIF1L_AIF1L.txt.gz.annotated.gz.exclusions.gz.alleles.gz
finished 18871_24_AIF1L_AIF1L.txt.gz.annotated.gz.exclusions.gz.alleles.gz
running 18873_8_CEACAM8_CEAM8.txt.gz.annotated.gz.exclusions.gz.alleles.gz
finished 18873_8_CEACAM8_CEAM8.txt.gz.annotated.gz.exclusions.gz.alleles.gz
running 18874_66_CEBPA_CEBPA.txt.gz.annotated.gz.exclusions.gz.alleles.gz
finished 18874_66_CEBPA_CEBPA.txt.gz.annotated.gz.exclusions.gz.alleles.gz
running 18875_125_COL2A1_Chondrocalcin.txt.gz.annotated.gz.exclusions.gz.alleles.gz
finished 18875_125_COL2A1_Chondrocalcin.txt.gz.annotated.gz.exclusions.gz.alleles.gz
running 18876_77_CHST4_CHST4.txt.gz.annotated.gz.exclusions.gz.alleles.gz
finished 18876_77_CHST4_CHST4.txt.gz.annotated.gz.exclusions.gz.alleles.gz
running 18877_15_CNN2_CNN2.txt.gz.annotated.gz.exclusions.gz.alleles.gz
finished 18877_15_CNN2_CNN2.txt.gz.annotated.gz.exclusions.gz.alleles.gz
running 18878_15_GREM1_GREM1.txt.gz.annotated.gz.exclusions.gz.alleles.gz
finished 18878_15_GREM1_GREM1.txt.gz.annotated.gz.exclusions.gz.alleles.gz
running 18880_81_COL3A1_Collagen_Type_III.txt.gz.annotated.gz.exclusions.gz.alleles.gz
finished 18880_81_COL3A1_Collagen_Type_III.txt.gz.annotated.gz.exclusions.gz.alleles.gz
running 18881_7_CD97_CD97.txt.gz.annotated.gz.exclusions.gz.alleles.gz
finished 18881_7_CD97_CD97.txt.gz.annotated.gz.exclusions.gz.alleles.gz
running 18882_7_CLSTN2_CSTN2.txt.gz.annotated.gz.exclusions.gz.alleles.gz
finished 18882_7_CLSTN2_CSTN2.txt.gz.annotated.gz.exclusions.gz.alleles.gz
running 18883_4_DSTN_DEST.txt.gz.annotated.gz.exclusions.gz.alleles.gz
finished 18883_4_DSTN_DEST.txt.gz.annotated.gz.exclusions.gz.alleles.gz
running 18884_22_DNAJB4_DNJB4.txt.gz.annotated.gz.exclusions.gz.alleles.gz
finished 18884_22_DNAJB4_DNJB4.txt.gz.annotated.gz.exclusions.gz.alleles.gz
running 18886_28_DSCAML1_DSCL1.txt.gz.annotated.gz.exclusions.gz.alleles.gz
finished 18886_28_DSCAML1_DSCL1.txt.gz.annotated.gz.exclusions.gz.alleles.gz
running 18887_7_ENTPD2_ENTP2.txt.gz.annotated.gz.exclusions.gz.alleles.gz
finished 18887_7_ENTPD2_ENTP2.txt.gz.annotated.gz.exclusions.gz.alleles.gz
running 18888_37_FABP12_FBP12.txt.gz.annotated.gz.exclusions.gz.alleles.gz
finished 18888_37_FABP12_FBP12.txt.gz.annotated.gz.exclusions.gz.alleles.gz
running 18890_227_FGB_Fibrinogen_B.txt.gz.annotated.gz.exclusions.gz.alleles.gz
finished 18890_227_FGB_Fibrinogen_B.txt.gz.annotated.gz.exclusions.gz.alleles.gz
running 18891_98_GBP2_GBP2.txt.gz.annotated.gz.exclusions.gz.alleles.gz
finished 18891_98_GBP2_GBP2.txt.gz.annotated.gz.exclusions.gz.alleles.gz
running 18892_48_GPC4_GPC4.txt.gz.annotated.gz.exclusions.gz.alleles.gz
finished 18892_48_GPC4_GPC4.txt.gz.annotated.gz.exclusions.gz.alleles.gz
running 18893_26_GPR56_GPR56.txt.gz.annotated.gz.exclusions.gz.alleles.gz
finished 18893_26_GPR56_GPR56.txt.gz.annotated.gz.exclusions.gz.alleles.gz
running 18894_1_GPX2_GPX2.txt.gz.annotated.gz.exclusions.gz.alleles.gz
finished 18894_1_GPX2_GPX2.txt.gz.annotated.gz.exclusions.gz.alleles.gz
running 18895_54_GSTM4_GSTM4.txt.gz.annotated.gz.exclusions.gz.alleles.gz
finished 18895_54_GSTM4_GSTM4.txt.gz.annotated.gz.exclusions.gz.alleles.gz
running 18896_23_HS6ST3_H6ST3.txt.gz.annotated.gz.exclusions.gz.alleles.gz
finished 18896_23_HS6ST3_H6ST3.txt.gz.annotated.gz.exclusions.gz.alleles.gz
running 18897_31_HDAC2_HDAC2.txt.gz.annotated.gz.exclusions.gz.alleles.gz
finished 18897_31_HDAC2_HDAC2.txt.gz.annotated.gz.exclusions.gz.alleles.gz
running 18898_36_HDGFL1_HDGL1.txt.gz.annotated.gz.exclusions.gz.alleles.gz
finished 18898_36_HDGFL1_HDGL1.txt.gz.annotated.gz.exclusions.gz.alleles.gz
running 18899_82_HDGFRP3_HDGR3.txt.gz.annotated.gz.exclusions.gz.alleles.gz
finished 18899_82_HDGFRP3_HDGR3.txt.gz.annotated.gz.exclusions.gz.alleles.gz
running 18900_37_HRAS_H_ras__WT_.txt.gz.annotated.gz.exclusions.gz.alleles.gz
finished 18900_37_HRAS_H_ras__WT_.txt.gz.annotated.gz.exclusions.gz.alleles.gz
running 18901_26_HSPA1B_HS71B.txt.gz.annotated.gz.exclusions.gz.alleles.gz
finished 18901_26_HSPA1B_HS71B.txt.gz.annotated.gz.exclusions.gz.alleles.gz
running 18904_23_CAMK4_KCC4.txt.gz.annotated.gz.exclusions.gz.alleles.gz
finished 18904_23_CAMK4_KCC4.txt.gz.annotated.gz.exclusions.gz.alleles.gz
running 18905_5_KRT16_Keratin_16.txt.gz.annotated.gz.exclusions.gz.alleles.gz
finished 18905_5_KRT16_Keratin_16.txt.gz.annotated.gz.exclusions.gz.alleles.gz
running 18907_97_KIR3DL1_KI3L1.txt.gz.annotated.gz.exclusions.gz.alleles.gz
finished 18907_97_KIR3DL1_KI3L1.txt.gz.annotated.gz.exclusions.gz.alleles.gz
running 18909_11_EXOSC8_EXOS8.txt.gz.annotated.gz.exclusions.gz.alleles.gz
finished 18909_11_EXOSC8_EXOS8.txt.gz.annotated.gz.exclusions.gz.alleles.gz
running 18910_45_LIN7A_LIN7A.txt.gz.annotated.gz.exclusions.gz.alleles.gz
finished 18910_45_LIN7A_LIN7A.txt.gz.annotated.gz.exclusions.gz.alleles.gz
running 18913_3_CDC2_p34_protein_kinase.txt.gz.annotated.gz.exclusions.gz.alleles.gz
finished 18913_3_CDC2_p34_protein_kinase.txt.gz.annotated.gz.exclusions.gz.alleles.gz
running 18914_188_PAFAH2_PAFA2.txt.gz.annotated.gz.exclusions.gz.alleles.gz
finished 18914_188_PAFAH2_PAFA2.txt.gz.annotated.gz.exclusions.gz.alleles.gz
running 18916_25_ITPA_Inosine_triphosphatase.txt.gz.annotated.gz.exclusions.gz.alleles.gz
finished 18916_25_ITPA_Inosine_triphosphatase.txt.gz.annotated.gz.exclusions.gz.alleles.gz
running 18917_53_AMY2A_Pancreatic_alpha_amylase.txt.gz.annotated.gz.exclusions.gz.alleles.gz
finished 18917_53_AMY2A_Pancreatic_alpha_amylase.txt.gz.annotated.gz.exclusions.gz.alleles.gz
running 18918_86_PDE4A_PDE4A.txt.gz.annotated.gz.exclusions.gz.alleles.gz
finished 18918_86_PDE4A_PDE4A.txt.gz.annotated.gz.exclusions.gz.alleles.gz
running 18921_30_PHEX_PHEX.txt.gz.annotated.gz.exclusions.gz.alleles.gz
finished 18921_30_PHEX_PHEX.txt.gz.annotated.gz.exclusions.gz.alleles.gz
running 18922_27_CD68_CD68.txt.gz.annotated.gz.exclusions.gz.alleles.gz
finished 18922_27_CD68_CD68.txt.gz.annotated.gz.exclusions.gz.alleles.gz
running 18925_24_PSMA5_Proteasome_subunit_alpha_type_5.txt.gz.annotated.gz.exclusions.gz.alleles.gz
finished 18925_24_PSMA5_Proteasome_subunit_alpha_type_5.txt.gz.annotated.gz.exclusions.gz.alleles.gz
running 18926_7_PSMA3_PSA3.txt.gz.annotated.gz.exclusions.gz.alleles.gz
finished 18926_7_PSMA3_PSA3.txt.gz.annotated.gz.exclusions.gz.alleles.gz
running 18927_14_RAET1G_RET1G.txt.gz.annotated.gz.exclusions.gz.alleles.gz
finished 18927_14_RAET1G_RET1G.txt.gz.annotated.gz.exclusions.gz.alleles.gz
running 18928_10_S100Z_S100Z.txt.gz.annotated.gz.exclusions.gz.alleles.gz
finished 18928_10_S100Z_S100Z.txt.gz.annotated.gz.exclusions.gz.alleles.gz
running 18930_28_SLIT2_SLIT2.txt.gz.annotated.gz.exclusions.gz.alleles.gz
finished 18930_28_SLIT2_SLIT2.txt.gz.annotated.gz.exclusions.gz.alleles.gz
running 18931_40_SLIT3_SLIT3.txt.gz.annotated.gz.exclusions.gz.alleles.gz
finished 18931_40_SLIT3_SLIT3.txt.gz.annotated.gz.exclusions.gz.alleles.gz
running 18932_84_NMNAT1_NMNA1.txt.gz.annotated.gz.exclusions.gz.alleles.gz
finished 18932_84_NMNAT1_NMNA1.txt.gz.annotated.gz.exclusions.gz.alleles.gz
running 18933_4_TGM4_TGM4.txt.gz.annotated.gz.exclusions.gz.alleles.gz
finished 18933_4_TGM4_TGM4.txt.gz.annotated.gz.exclusions.gz.alleles.gz
running 18934_50_TGM2_Tissue_transglutaminase.txt.gz.annotated.gz.exclusions.gz.alleles.gz
finished 18934_50_TGM2_Tissue_transglutaminase.txt.gz.annotated.gz.exclusions.gz.alleles.gz
running 18935_14_TLR5_TLR5.txt.gz.annotated.gz.exclusions.gz.alleles.gz
finished 18935_14_TLR5_TLR5.txt.gz.annotated.gz.exclusions.gz.alleles.gz
running 18938_3_VLDLR_VLDLR.txt.gz.annotated.gz.exclusions.gz.alleles.gz
finished 18938_3_VLDLR_VLDLR.txt.gz.annotated.gz.exclusions.gz.alleles.gz
running 18942_11_PSMB9_PSB9.txt.gz.annotated.gz.exclusions.gz.alleles.gz
finished 18942_11_PSMB9_PSB9.txt.gz.annotated.gz.exclusions.gz.alleles.gz
running 18943_4_PTGR2_PTGR2.txt.gz.annotated.gz.exclusions.gz.alleles.gz
finished 18943_4_PTGR2_PTGR2.txt.gz.annotated.gz.exclusions.gz.alleles.gz
running 18945_11_RGS1_RGS1.txt.gz.annotated.gz.exclusions.gz.alleles.gz
finished 18945_11_RGS1_RGS1.txt.gz.annotated.gz.exclusions.gz.alleles.gz
running 18947_3_LRRC3B_LRC3B.txt.gz.annotated.gz.exclusions.gz.alleles.gz
finished 18947_3_LRRC3B_LRC3B.txt.gz.annotated.gz.exclusions.gz.alleles.gz
running 18950_13_RAC2_RAC2.txt.gz.annotated.gz.exclusions.gz.alleles.gz
finished 18950_13_RAC2_RAC2.txt.gz.annotated.gz.exclusions.gz.alleles.gz
running 19108_50_MECP2_MECP2.txt.gz.annotated.gz.exclusions.gz.alleles.gz
finished 19108_50_MECP2_MECP2.txt.gz.annotated.gz.exclusions.gz.alleles.gz
running 19109_32_TCEAL8_TCAL8.txt.gz.annotated.gz.exclusions.gz.alleles.gz
finished 19109_32_TCEAL8_TCAL8.txt.gz.annotated.gz.exclusions.gz.alleles.gz
running 19110_6_MEMO1_MEMO1.txt.gz.annotated.gz.exclusions.gz.alleles.gz
finished 19110_6_MEMO1_MEMO1.txt.gz.annotated.gz.exclusions.gz.alleles.gz
running 19111_10_UBE2M_UBC12.txt.gz.annotated.gz.exclusions.gz.alleles.gz
finished 19111_10_UBE2M_UBC12.txt.gz.annotated.gz.exclusions.gz.alleles.gz
running 19112_2_TCEAL3_TCAL3.txt.gz.annotated.gz.exclusions.gz.alleles.gz
finished 19112_2_TCEAL3_TCAL3.txt.gz.annotated.gz.exclusions.gz.alleles.gz
running 19113_66_SH3BGRL2_SH3L2.txt.gz.annotated.gz.exclusions.gz.alleles.gz
finished 19113_66_SH3BGRL2_SH3L2.txt.gz.annotated.gz.exclusions.gz.alleles.gz
running 19114_8_TK2_KITM.txt.gz.annotated.gz.exclusions.gz.alleles.gz
finished 19114_8_TK2_KITM.txt.gz.annotated.gz.exclusions.gz.alleles.gz
running 19115_13_CMBL_CMBL.txt.gz.annotated.gz.exclusions.gz.alleles.gz
finished 19115_13_CMBL_CMBL.txt.gz.annotated.gz.exclusions.gz.alleles.gz
running 19116_1_MUTED_MUTED.txt.gz.annotated.gz.exclusions.gz.alleles.gz
finished 19116_1_MUTED_MUTED.txt.gz.annotated.gz.exclusions.gz.alleles.gz
running 19117_3_PPP1R14A_PP14A.txt.gz.annotated.gz.exclusions.gz.alleles.gz
finished 19117_3_PPP1R14A_PP14A.txt.gz.annotated.gz.exclusions.gz.alleles.gz
running 19118_47_OSTF1_OSTF1.txt.gz.annotated.gz.exclusions.gz.alleles.gz
finished 19118_47_OSTF1_OSTF1.txt.gz.annotated.gz.exclusions.gz.alleles.gz
running 19119_10_DDIT3_DDIT3.txt.gz.annotated.gz.exclusions.gz.alleles.gz
finished 19119_10_DDIT3_DDIT3.txt.gz.annotated.gz.exclusions.gz.alleles.gz
running 19120_33_DAO_OXDA.txt.gz.annotated.gz.exclusions.gz.alleles.gz
finished 19120_33_DAO_OXDA.txt.gz.annotated.gz.exclusions.gz.alleles.gz
running 19121_3_UBQLN2_UBQL2.txt.gz.annotated.gz.exclusions.gz.alleles.gz
finished 19121_3_UBQLN2_UBQL2.txt.gz.annotated.gz.exclusions.gz.alleles.gz
running 19122_47_MYL12B_ML12B.txt.gz.annotated.gz.exclusions.gz.alleles.gz
finished 19122_47_MYL12B_ML12B.txt.gz.annotated.gz.exclusions.gz.alleles.gz
running 19123_6_NFKBID_IKBD.txt.gz.annotated.gz.exclusions.gz.alleles.gz
finished 19123_6_NFKBID_IKBD.txt.gz.annotated.gz.exclusions.gz.alleles.gz
running 19124_9_UBLCP1_UBCP1.txt.gz.annotated.gz.exclusions.gz.alleles.gz
finished 19124_9_UBLCP1_UBCP1.txt.gz.annotated.gz.exclusions.gz.alleles.gz
running 19125_26_PRKAR2A_KAP2.txt.gz.annotated.gz.exclusions.gz.alleles.gz
finished 19125_26_PRKAR2A_KAP2.txt.gz.annotated.gz.exclusions.gz.alleles.gz
running 19126_4_RPRD1B_C20orf77.txt.gz.annotated.gz.exclusions.gz.alleles.gz
finished 19126_4_RPRD1B_C20orf77.txt.gz.annotated.gz.exclusions.gz.alleles.gz
running 19127_1_HSPB6_HSPB6.txt.gz.annotated.gz.exclusions.gz.alleles.gz
finished 19127_1_HSPB6_HSPB6.txt.gz.annotated.gz.exclusions.gz.alleles.gz
running 19129_15_MTHFSD_MTHFSD.txt.gz.annotated.gz.exclusions.gz.alleles.gz
finished 19129_15_MTHFSD_MTHFSD.txt.gz.annotated.gz.exclusions.gz.alleles.gz
running 19130_81_SERPINB8_SPB8.txt.gz.annotated.gz.exclusions.gz.alleles.gz
finished 19130_81_SERPINB8_SPB8.txt.gz.annotated.gz.exclusions.gz.alleles.gz
running 19131_184_TIAL1_TIAR.txt.gz.annotated.gz.exclusions.gz.alleles.gz
finished 19131_184_TIAL1_TIAR.txt.gz.annotated.gz.exclusions.gz.alleles.gz
running 19132_1_MRPL2_RM02.txt.gz.annotated.gz.exclusions.gz.alleles.gz
finished 19132_1_MRPL2_RM02.txt.gz.annotated.gz.exclusions.gz.alleles.gz
running 19134_66_POLR2K_RPAB4.txt.gz.annotated.gz.exclusions.gz.alleles.gz
finished 19134_66_POLR2K_RPAB4.txt.gz.annotated.gz.exclusions.gz.alleles.gz
running 19135_5_NT5C3L_Cytosolic_5__nucleotidase_III_like_protein.txt.gz.annotated.gz.exclusions.gz.alleles.gz
finished 19135_5_NT5C3L_Cytosolic_5__nucleotidase_III_like_protein.txt.gz.annotated.gz.exclusions.gz.alleles.gz
running 19136_22_ALDH6A1_MMSA.txt.gz.annotated.gz.exclusions.gz.alleles.gz
finished 19136_22_ALDH6A1_MMSA.txt.gz.annotated.gz.exclusions.gz.alleles.gz
running 19139_3_HSF2BP_HSF2B.txt.gz.annotated.gz.exclusions.gz.alleles.gz
finished 19139_3_HSF2BP_HSF2B.txt.gz.annotated.gz.exclusions.gz.alleles.gz
running 19141_22_DAP_DAP1.txt.gz.annotated.gz.exclusions.gz.alleles.gz
finished 19141_22_DAP_DAP1.txt.gz.annotated.gz.exclusions.gz.alleles.gz
running 19142_39_DNMT3L_DNM3L.txt.gz.annotated.gz.exclusions.gz.alleles.gz
finished 19142_39_DNMT3L_DNM3L.txt.gz.annotated.gz.exclusions.gz.alleles.gz
running 19143_38_CYB5R2_NB5R2.txt.gz.annotated.gz.exclusions.gz.alleles.gz
finished 19143_38_CYB5R2_NB5R2.txt.gz.annotated.gz.exclusions.gz.alleles.gz
running 19144_9_TCF4_ITF2.txt.gz.annotated.gz.exclusions.gz.alleles.gz
finished 19144_9_TCF4_ITF2.txt.gz.annotated.gz.exclusions.gz.alleles.gz
running 19145_4_MREG_MREG.txt.gz.annotated.gz.exclusions.gz.alleles.gz
finished 19145_4_MREG_MREG.txt.gz.annotated.gz.exclusions.gz.alleles.gz
running 19147_6_LGALS13_PP13.txt.gz.annotated.gz.exclusions.gz.alleles.gz
finished 19147_6_LGALS13_PP13.txt.gz.annotated.gz.exclusions.gz.alleles.gz
running 19148_58_TIMM8A_TIM8A.txt.gz.annotated.gz.exclusions.gz.alleles.gz
finished 19148_58_TIMM8A_TIM8A.txt.gz.annotated.gz.exclusions.gz.alleles.gz
running 19150_20_PRPSAP2_KPRB.txt.gz.annotated.gz.exclusions.gz.alleles.gz
finished 19150_20_PRPSAP2_KPRB.txt.gz.annotated.gz.exclusions.gz.alleles.gz
