running ERBIN_Q96RT1_OID21323.gz
finished ERBIN_Q96RT1_OID21323.gz
running ERC2_O15083_OID30880.gz
finished ERC2_O15083_OID30880.gz
running ERCC1_P07992_OID31223.gz
finished ERCC1_P07992_OID31223.gz
running EREG_O14944_OID20905.gz
finished EREG_O14944_OID20905.gz
running ERI1_Q8IV48_OID31317.gz
finished ERI1_Q8IV48_OID31317.gz
running ERMAP_Q96PL5_OID30539.gz
finished ERMAP_Q96PL5_OID30539.gz
running ERN1_O75460_OID31391.gz
finished ERN1_O75460_OID31391.gz
running ERP29_P30040_OID30578.gz
finished ERP29_P30040_OID30578.gz
running ERP44_Q9BS26_OID21338.gz
finished ERP44_Q9BS26_OID21338.gz
running ERVV-1_B6SEH8_OID30094.gz
finished ERVV-1_B6SEH8_OID30094.gz
running ESAM_Q96AP7_OID20270.gz
finished ESAM_Q96AP7_OID20270.gz
running ESM1_Q9NQ30_OID20758.gz
finished ESM1_Q9NQ30_OID20758.gz
running ESPL1_Q14674_OID31176.gz
finished ESPL1_Q14674_OID31176.gz
running ESR1_P03372_OID30434.gz
finished ESR1_P03372_OID30434.gz
running ESYT2_A0FGR8_OID31134.gz
finished ESYT2_A0FGR8_OID31134.gz
running EVI2B_P34910_OID31227.gz
finished EVI2B_P34910_OID31227.gz
running EVI5_O60447_OID30519.gz
finished EVI5_O60447_OID30519.gz
running EVPL_Q92817_OID31309.gz
finished EVPL_Q92817_OID31309.gz
running EXOSC10_Q01780_OID30083.gz
finished EXOSC10_Q01780_OID30083.gz
running EXTL1_Q92935_OID30114.gz
finished EXTL1_Q92935_OID30114.gz
running EZR_P15311_OID21017.gz
finished EZR_P15311_OID21017.gz
running F10_P00742_OID30684.gz
finished F10_P00742_OID30684.gz
running F11_P03951_OID30773.gz
finished F11_P03951_OID30773.gz
running F11R_Q9Y624_OID21151.gz
finished F11R_Q9Y624_OID21151.gz
running F12_P00748_OID30739.gz
finished F12_P00748_OID30739.gz
running F13B_P05160_OID30781.gz
finished F13B_P05160_OID30781.gz
running F2_P00734_OID30723.gz
finished F2_P00734_OID30723.gz
running F2R_P25116_OID20691.gz
finished F2R_P25116_OID20691.gz
running F3_P13726_OID21440.gz
finished F3_P13726_OID21440.gz
running F7_P08709_OID20372.gz
finished F7_P08709_OID20372.gz
running F9_P00740_OID20349.gz
finished F9_P00740_OID20349.gz
running FABP1_P07148_OID20778.gz
finished FABP1_P07148_OID20778.gz
running FABP2_P12104_OID20200.gz
finished FABP2_P12104_OID20200.gz
running FABP3_P05413_OID30351.gz
finished FABP3_P05413_OID30351.gz
running FABP4_P15090_OID20245.gz
finished FABP4_P15090_OID20245.gz
running FABP5_Q01469_OID21043.gz
finished FABP5_Q01469_OID21043.gz
running FABP6_P51161_OID20076.gz
finished FABP6_P51161_OID20076.gz
running FABP9_Q0Z7S8_OID20501.gz
finished FABP9_Q0Z7S8_OID20501.gz
running FADD_Q13158_OID20151.gz
finished FADD_Q13158_OID20151.gz
running FAM13A_O94988_OID31463.gz
finished FAM13A_O94988_OID31463.gz
running FAM171A2_A8MVW0_OID31005.gz
finished FAM171A2_A8MVW0_OID31005.gz
running FAM171B_Q6P995_OID31338.gz
finished FAM171B_Q6P995_OID31338.gz
running FAM172A_Q8WUF8_OID30248.gz
finished FAM172A_Q8WUF8_OID30248.gz
running FAM20A_Q96MK3_OID30348.gz
finished FAM20A_Q96MK3_OID30348.gz
running FAM3B_P58499_OID21372.gz
finished FAM3B_P58499_OID21372.gz
running FAM3C_Q92520_OID20233.gz
finished FAM3C_Q92520_OID20233.gz
running FAM3D_Q96BQ1_OID31514.gz
finished FAM3D_Q96BQ1_OID31514.gz
running FAP_Q12884_OID20330.gz
finished FAP_Q12884_OID20330.gz
running FARSA_Q9Y285_OID30887.gz
finished FARSA_Q9Y285_OID30887.gz
running FASLG_P48023_OID20665.gz
finished FASLG_P48023_OID20665.gz
running FAS_P25445_OID20316.gz
finished FAS_P25445_OID20316.gz
running FBLN2_P98095_OID30378.gz
finished FBLN2_P98095_OID30378.gz
running FBN2_P35556_OID30974.gz
finished FBN2_P35556_OID30974.gz
running FBP1_P09467_OID20227.gz
finished FBP1_P09467_OID20227.gz
running FCAMR_Q8WWV6_OID30332.gz
finished FCAMR_Q8WWV6_OID30332.gz
running FCAR_P24071_OID20564.gz
finished FCAR_P24071_OID20564.gz
running FCER1A_P12319_OID30992.gz
finished FCER1A_P12319_OID30992.gz
running FCER2_P06734_OID21133.gz
finished FCER2_P06734_OID21133.gz
running FCGR2A_P12318_OID20391.gz
finished FCGR2A_P12318_OID20391.gz
running FCGR2B_P31994_OID21215.gz
finished FCGR2B_P31994_OID21215.gz
running FCGR3B_O75015_OID20387.gz
finished FCGR3B_O75015_OID20387.gz
running FCN1_O00602_OID30690.gz
finished FCN1_O00602_OID30690.gz
running FCN2_Q15485_OID20382.gz
finished FCN2_Q15485_OID20382.gz
running FCRL1_Q96LA6_OID20172.gz
finished FCRL1_Q96LA6_OID20172.gz
running FCRL2_Q96LA5_OID20639.gz
finished FCRL2_Q96LA5_OID20639.gz
running FCRL3_Q96P31_OID20443.gz
finished FCRL3_Q96P31_OID20443.gz
running FCRL5_Q96RD9_OID21111.gz
finished FCRL5_Q96RD9_OID21111.gz
running FCRL6_Q6DN72_OID20529.gz
finished FCRL6_Q6DN72_OID20529.gz
running FCRLB_Q6BAA4_OID21193.gz
finished FCRLB_Q6BAA4_OID21193.gz
running FDX1_P10109_OID30078.gz
finished FDX1_P10109_OID30078.gz
running FDX2_Q6P4F2_OID30147.gz
finished FDX2_Q6P4F2_OID30147.gz
running FEN1_P39748_OID21192.gz
finished FEN1_P39748_OID21192.gz
running FES_P07332_OID21207.gz
finished FES_P07332_OID21207.gz
running FETUB_Q9UGM5_OID20404.gz
finished FETUB_Q9UGM5_OID20404.gz
running FGA_P02671_OID30788.gz
finished FGA_P02671_OID30788.gz
running FGD3_Q5JSP0_OID31040.gz
finished FGD3_Q5JSP0_OID31040.gz
running FGF12_P61328_OID30454.gz
finished FGF12_P61328_OID30454.gz
running FGF16_O43320_OID30535.gz
finished FGF16_O43320_OID30535.gz
running FGF19_O95750_OID20715.gz
finished FGF19_O95750_OID20715.gz
running FGF20_Q9NP95_OID30459.gz
finished FGF20_Q9NP95_OID30459.gz
