running RGMA_Q96B86_OID21065.gz
finished RGMA_Q96B86_OID21065.gz
running RGMB_Q6NW40_OID21045.gz
finished RGMB_Q6NW40_OID21045.gz
running RGS10_O43665_OID30999.gz
finished RGS10_O43665_OID30999.gz
running RGS8_P57771_OID20454.gz
finished RGS8_P57771_OID20454.gz
running RHOC_P08134_OID20950.gz
finished RHOC_P08134_OID20950.gz
running RICTOR_Q6R327_OID30433.gz
finished RICTOR_Q6R327_OID30433.gz
running RIDA_P52758_OID30635.gz
finished RIDA_P52758_OID30635.gz
running RILPL2_Q969X0_OID30342.gz
finished RILPL2_Q969X0_OID30342.gz
running RILP_Q96NA2_OID21436.gz
finished RILP_Q96NA2_OID21436.gz
running RIPK4_P57078_OID30138.gz
finished RIPK4_P57078_OID30138.gz
running RLN1_P04808_OID30995.gz
finished RLN1_P04808_OID30995.gz
running RLN2_P04090_OID30601.gz
finished RLN2_P04090_OID30601.gz
running RNASE10_Q5GAN6_OID30238.gz
finished RNASE10_Q5GAN6_OID30238.gz
running RNASE1_P07998_OID30672.gz
finished RNASE1_P07998_OID30672.gz
running RNASE3_P12724_OID20203.gz
finished RNASE3_P12724_OID20203.gz
running RNASE4_P34096_OID30705.gz
finished RNASE4_P34096_OID30705.gz
running RNASE6_Q93091_OID30689.gz
finished RNASE6_Q93091_OID30689.gz
running RNASEH2A_O75792_OID31027.gz
finished RNASEH2A_O75792_OID31027.gz
running RNASET2_O00584_OID20321.gz
finished RNASET2_O00584_OID20321.gz
running RNF149_Q8NC42_OID30235.gz
finished RNF149_Q8NC42_OID30235.gz
running RNF168_Q8IYW5_OID30506.gz
finished RNF168_Q8IYW5_OID30506.gz
running RNF31_Q96EP0_OID30473.gz
finished RNF31_Q96EP0_OID30473.gz
running RNF41_Q9H4P4_OID21179.gz
finished RNF41_Q9H4P4_OID21179.gz
running RNF43_Q68DV7_OID31291.gz
finished RNF43_Q68DV7_OID31291.gz
running RNF4_P78317_OID31321.gz
finished RNF4_P78317_OID31321.gz
running RNF5_Q99942_OID30218.gz
finished RNF5_Q99942_OID30218.gz
running ROBO1_Q9Y6N7_OID20734.gz
finished ROBO1_Q9Y6N7_OID20734.gz
running ROBO2_Q9HCK4_OID21007.gz
finished ROBO2_Q9HCK4_OID21007.gz
running ROBO4_Q8WZ75_OID30226.gz
finished ROBO4_Q8WZ75_OID30226.gz
running ROR1_Q01973_OID20224.gz
finished ROR1_Q01973_OID20224.gz
running RP2_O75695_OID21302.gz
finished RP2_O75695_OID21302.gz
running RPA2_P15927_OID30453.gz
finished RPA2_P15927_OID30453.gz
running RPE_Q96AT9_OID31324.gz
finished RPE_Q96AT9_OID31324.gz
running RPGR_Q92834_OID30959.gz
finished RPGR_Q92834_OID30959.gz
running RPL14_P50914_OID30284.gz
finished RPL14_P50914_OID30284.gz
running RPS10_P46783_OID30070.gz
finished RPS10_P46783_OID30070.gz
running RRAS_P10301_OID30961.gz
finished RRAS_P10301_OID30961.gz
running RRM2B_Q7LG56_OID21174.gz
finished RRM2B_Q7LG56_OID21174.gz
running RRM2_P31350_OID21187.gz
finished RRM2_P31350_OID21187.gz
running RRP15_Q9Y3B9_OID30867.gz
finished RRP15_Q9Y3B9_OID30867.gz
running RSPO1_Q2MKA7_OID20938.gz
finished RSPO1_Q2MKA7_OID20938.gz
running RSPO3_Q9BXY4_OID21415.gz
finished RSPO3_Q9BXY4_OID21415.gz
running RTBDN_Q9BSG5_OID21343.gz
finished RTBDN_Q9BSG5_OID21343.gz
running RTKN2_Q8IZC4_OID30049.gz
finished RTKN2_Q8IZC4_OID30049.gz
running RTN4IP1_Q8WWV3_OID31030.gz
finished RTN4IP1_Q8WWV3_OID31030.gz
running RTN4R_Q9BZR6_OID21424.gz
finished RTN4R_Q9BZR6_OID21424.gz
running RUVBL1_Q9Y265_OID21211.gz
finished RUVBL1_Q9Y265_OID21211.gz
running RWDD1_Q9H446_OID21015.gz
finished RWDD1_Q9H446_OID21015.gz
running RYR1_P21817_OID30085.gz
finished RYR1_P21817_OID30085.gz
running S100A11_P31949_OID20130.gz
finished S100A11_P31949_OID20130.gz
running S100A12_P80511_OID21374.gz
finished S100A12_P80511_OID21374.gz
running S100A13_Q99584_OID30529.gz
finished S100A13_Q99584_OID30529.gz
running S100A14_Q9HCY8_OID30987.gz
finished S100A14_Q9HCY8_OID30987.gz
running S100A16_Q96FQ6_OID20878.gz
finished S100A16_Q96FQ6_OID20878.gz
running S100A3_P33764_OID31352.gz
finished S100A3_P33764_OID31352.gz
running S100A4_P26447_OID21519.gz
finished S100A4_P26447_OID21519.gz
running S100G_P29377_OID31051.gz
finished S100G_P29377_OID31051.gz
running S100P_P25815_OID20103.gz
finished S100P_P25815_OID20103.gz
running SAA4_P35542_OID30726.gz
finished SAA4_P35542_OID30726.gz
running SAFB2_Q14151_OID31012.gz
finished SAFB2_Q14151_OID31012.gz
running SAG_P10523_OID30874.gz
finished SAG_P10523_OID30874.gz
running SAMD9L_Q8IVG5_OID20536.gz
finished SAMD9L_Q8IVG5_OID20536.gz
running SAP18_O00422_OID31323.gz
finished SAP18_O00422_OID31323.gz
running SARG_Q9BW04_OID30331.gz
finished SARG_Q9BW04_OID30331.gz
running SART1_O43290_OID30113.gz
finished SART1_O43290_OID30113.gz
running SAT1_P21673_OID30111.gz
finished SAT1_P21673_OID30111.gz
running SAT2_Q96F10_OID31306.gz
finished SAT2_Q96F10_OID31306.gz
running SATB1_Q01826_OID31038.gz
finished SATB1_Q01826_OID31038.gz
running SBSN_Q6UWP8_OID30398.gz
finished SBSN_Q6UWP8_OID30398.gz
running SCAMP3_O14828_OID21332.gz
finished SCAMP3_O14828_OID21332.gz
running SCARA5_Q6ZMJ2_OID21058.gz
finished SCARA5_Q6ZMJ2_OID21058.gz
running SCARB1_Q8WTV0_OID20805.gz
finished SCARB1_Q8WTV0_OID20805.gz
running SCARB2_Q14108_OID20943.gz
finished SCARB2_Q14108_OID20943.gz
running SCARF1_Q14162_OID20297.gz
finished SCARF1_Q14162_OID20297.gz
running SCARF2_Q96GP6_OID21048.gz
finished SCARF2_Q96GP6_OID21048.gz
running SCG2_P13521_OID21400.gz
finished SCG2_P13521_OID21400.gz
running SCG3_Q8WXD2_OID20728.gz
finished SCG3_Q8WXD2_OID20728.gz
running SCGB1A1_P11684_OID20688.gz
finished SCGB1A1_P11684_OID20688.gz
running SCGB2A2_Q13296_OID30104.gz
finished SCGB2A2_Q13296_OID30104.gz
running SCGB3A1_Q96QR1_OID30577.gz
finished SCGB3A1_Q96QR1_OID30577.gz
running SCGB3A2_Q96PL1_OID20723.gz
finished SCGB3A2_Q96PL1_OID20723.gz
running SCGN_O76038_OID20457.gz
finished SCGN_O76038_OID20457.gz
running SCIN_Q9Y6U3_OID30857.gz
finished SCIN_Q9Y6U3_OID30857.gz
running SCLY_Q96I15_OID21425.gz
finished SCLY_Q96I15_OID21425.gz
running SCN2A_Q99250_OID30833.gz
finished SCN2A_Q99250_OID30833.gz
running SCN2B_O60939_OID30948.gz
finished SCN2B_O60939_OID30948.gz
running SCN3A_Q9NY46_OID30903.gz
finished SCN3A_Q9NY46_OID30903.gz
running SCN3B_Q9NY72_OID30804.gz
finished SCN3B_Q9NY72_OID30804.gz
running SCN4B_Q8IWT1_OID30277.gz
finished SCN4B_Q8IWT1_OID30277.gz
running SCP2_P22307_OID21161.gz
finished SCP2_P22307_OID21161.gz
running SCPEP1_Q9HB40_OID30278.gz
finished SCPEP1_Q9HB40_OID30278.gz
running SCRG1_O75711_OID30333.gz
finished SCRG1_O75711_OID30333.gz
running SCRIB_Q14160_OID30225.gz
finished SCRIB_Q14160_OID30225.gz
running SCRIB_Q14160_OID30558.gz
finished SCRIB_Q14160_OID30558.gz
running SCRIB_Q14160_OID31046.gz
finished SCRIB_Q14160_OID31046.gz
running SCRIB_Q14160_OID31455.gz
finished SCRIB_Q14160_OID31455.gz
running SCRN1_Q12765_OID20542.gz
finished SCRN1_Q12765_OID20542.gz
running SCT_P09683_OID30951.gz
finished SCT_P09683_OID30951.gz
running SDC1_P18827_OID20169.gz
finished SDC1_P18827_OID20169.gz
running SDC4_P31431_OID20216.gz
finished SDC4_P31431_OID20216.gz
running SDCCAG8_Q86SQ7_OID31423.gz
finished SDCCAG8_Q86SQ7_OID31423.gz
running SDHB_P21912_OID31436.gz
finished SDHB_P21912_OID31436.gz
running SDK2_Q58EX2_OID30662.gz
finished SDK2_Q58EX2_OID30662.gz
running SEC31A_O94979_OID30269.gz
finished SEC31A_O94979_OID30269.gz
running SEL1L_Q9UBV2_OID30196.gz
finished SEL1L_Q9UBV2_OID30196.gz
running SELENOP_P49908_OID30745.gz
finished SELENOP_P49908_OID30745.gz
running SELE_P16581_OID20290.gz
finished SELE_P16581_OID20290.gz
running SELL_P14151_OID30752.gz
finished SELL_P14151_OID30752.gz
running SELPLG_Q14242_OID20560.gz
finished SELPLG_Q14242_OID20560.gz
