running 17742_2_RRAS_RRAS.txt.gz.annotated.gz.exclusions.gz.alleles.gz
finished 17742_2_RRAS_RRAS.txt.gz.annotated.gz.exclusions.gz.alleles.gz
running 17743_14_UBE2A_UBE2A.txt.gz.annotated.gz.exclusions.gz.alleles.gz
finished 17743_14_UBE2A_UBE2A.txt.gz.annotated.gz.exclusions.gz.alleles.gz
running 17744_31_RAB11A_RB11A.txt.gz.annotated.gz.exclusions.gz.alleles.gz
finished 17744_31_RAB11A_RB11A.txt.gz.annotated.gz.exclusions.gz.alleles.gz
running 17746_77_FIS1_FIS1.txt.gz.annotated.gz.exclusions.gz.alleles.gz
finished 17746_77_FIS1_FIS1.txt.gz.annotated.gz.exclusions.gz.alleles.gz
running 17747_45_TRAF1_TRAF1.txt.gz.annotated.gz.exclusions.gz.alleles.gz
finished 17747_45_TRAF1_TRAF1.txt.gz.annotated.gz.exclusions.gz.alleles.gz
running 17748_21_TP53I3_QORX.txt.gz.annotated.gz.exclusions.gz.alleles.gz
finished 17748_21_TP53I3_QORX.txt.gz.annotated.gz.exclusions.gz.alleles.gz
running 17750_8_RRM2_RIR2.txt.gz.annotated.gz.exclusions.gz.alleles.gz
finished 17750_8_RRM2_RIR2.txt.gz.annotated.gz.exclusions.gz.alleles.gz
running 17751_68_CRYBB1_CRBB1.txt.gz.annotated.gz.exclusions.gz.alleles.gz
finished 17751_68_CRYBB1_CRBB1.txt.gz.annotated.gz.exclusions.gz.alleles.gz
running 17752_24_ARG2_Arginase.txt.gz.annotated.gz.exclusions.gz.alleles.gz
finished 17752_24_ARG2_Arginase.txt.gz.annotated.gz.exclusions.gz.alleles.gz
running 17755_5_UGDH_UGDH.txt.gz.annotated.gz.exclusions.gz.alleles.gz
finished 17755_5_UGDH_UGDH.txt.gz.annotated.gz.exclusions.gz.alleles.gz
running 17756_69_DCTD_DCTD.txt.gz.annotated.gz.exclusions.gz.alleles.gz
finished 17756_69_DCTD_DCTD.txt.gz.annotated.gz.exclusions.gz.alleles.gz
running 17757_86_CAB39_CAB39.txt.gz.annotated.gz.exclusions.gz.alleles.gz
finished 17757_86_CAB39_CAB39.txt.gz.annotated.gz.exclusions.gz.alleles.gz
running 17758_79_DCXR_DCXR.txt.gz.annotated.gz.exclusions.gz.alleles.gz
finished 17758_79_DCXR_DCXR.txt.gz.annotated.gz.exclusions.gz.alleles.gz
running 17760_128_WDR5_WDR5.txt.gz.annotated.gz.exclusions.gz.alleles.gz
finished 17760_128_WDR5_WDR5.txt.gz.annotated.gz.exclusions.gz.alleles.gz
running 17761_2_NUDT5_NUDT5.txt.gz.annotated.gz.exclusions.gz.alleles.gz
finished 17761_2_NUDT5_NUDT5.txt.gz.annotated.gz.exclusions.gz.alleles.gz
running 17764_108_RHOC_RHOC.txt.gz.annotated.gz.exclusions.gz.alleles.gz
finished 17764_108_RHOC_RHOC.txt.gz.annotated.gz.exclusions.gz.alleles.gz
running 17765_3_SNUPN_SPN1.txt.gz.annotated.gz.exclusions.gz.alleles.gz
finished 17765_3_SNUPN_SPN1.txt.gz.annotated.gz.exclusions.gz.alleles.gz
running 17766_5_NCF1_NCF_1.txt.gz.annotated.gz.exclusions.gz.alleles.gz
finished 17766_5_NCF1_NCF_1.txt.gz.annotated.gz.exclusions.gz.alleles.gz
running 17768_50_HAO1_HAOX1.txt.gz.annotated.gz.exclusions.gz.alleles.gz
finished 17768_50_HAO1_HAOX1.txt.gz.annotated.gz.exclusions.gz.alleles.gz
running 17769_28_PCNP_PCNP.txt.gz.annotated.gz.exclusions.gz.alleles.gz
finished 17769_28_PCNP_PCNP.txt.gz.annotated.gz.exclusions.gz.alleles.gz
running 17770_42_EMC8_EMC8.txt.gz.annotated.gz.exclusions.gz.alleles.gz
finished 17770_42_EMC8_EMC8.txt.gz.annotated.gz.exclusions.gz.alleles.gz
running 17771_35_CRCP_RPC9.txt.gz.annotated.gz.exclusions.gz.alleles.gz
finished 17771_35_CRCP_RPC9.txt.gz.annotated.gz.exclusions.gz.alleles.gz
running 17772_7_UBD_UBD.txt.gz.annotated.gz.exclusions.gz.alleles.gz
finished 17772_7_UBD_UBD.txt.gz.annotated.gz.exclusions.gz.alleles.gz
running 17773_26_NAPG_SNAG.txt.gz.annotated.gz.exclusions.gz.alleles.gz
finished 17773_26_NAPG_SNAG.txt.gz.annotated.gz.exclusions.gz.alleles.gz
running 17774_38_SNRPD3_SMD3.txt.gz.annotated.gz.exclusions.gz.alleles.gz
finished 17774_38_SNRPD3_SMD3.txt.gz.annotated.gz.exclusions.gz.alleles.gz
running 17775_8_TAGLN3_TAGL3.txt.gz.annotated.gz.exclusions.gz.alleles.gz
finished 17775_8_TAGLN3_TAGL3.txt.gz.annotated.gz.exclusions.gz.alleles.gz
running 17776_15_PECR_PECR.txt.gz.annotated.gz.exclusions.gz.alleles.gz
finished 17776_15_PECR_PECR.txt.gz.annotated.gz.exclusions.gz.alleles.gz
running 17777_31_SDSL_SDSL.txt.gz.annotated.gz.exclusions.gz.alleles.gz
finished 17777_31_SDSL_SDSL.txt.gz.annotated.gz.exclusions.gz.alleles.gz
running 17778_19_RAB32_RAB32.txt.gz.annotated.gz.exclusions.gz.alleles.gz
finished 17778_19_RAB32_RAB32.txt.gz.annotated.gz.exclusions.gz.alleles.gz
running 17781_191_MAP1LC3A_MLP3A.txt.gz.annotated.gz.exclusions.gz.alleles.gz
finished 17781_191_MAP1LC3A_MLP3A.txt.gz.annotated.gz.exclusions.gz.alleles.gz
running 17782_23_ACAA1_THIK.txt.gz.annotated.gz.exclusions.gz.alleles.gz
finished 17782_23_ACAA1_THIK.txt.gz.annotated.gz.exclusions.gz.alleles.gz
running 17783_9_MMAB_MMAB.txt.gz.annotated.gz.exclusions.gz.alleles.gz
finished 17783_9_MMAB_MMAB.txt.gz.annotated.gz.exclusions.gz.alleles.gz
running 17784_23_GMFB_GMFB.txt.gz.annotated.gz.exclusions.gz.alleles.gz
finished 17784_23_GMFB_GMFB.txt.gz.annotated.gz.exclusions.gz.alleles.gz
running 17785_11_RCL_RCL.txt.gz.annotated.gz.exclusions.gz.alleles.gz
finished 17785_11_RCL_RCL.txt.gz.annotated.gz.exclusions.gz.alleles.gz
running 17786_5_GGPS1_GGPPS.txt.gz.annotated.gz.exclusions.gz.alleles.gz
finished 17786_5_GGPS1_GGPPS.txt.gz.annotated.gz.exclusions.gz.alleles.gz
running 17787_1_ECHS1_Enoyl_CoA_hydratase.txt.gz.annotated.gz.exclusions.gz.alleles.gz
finished 17787_1_ECHS1_Enoyl_CoA_hydratase.txt.gz.annotated.gz.exclusions.gz.alleles.gz
running 17789_1_QPRT_NADC.txt.gz.annotated.gz.exclusions.gz.alleles.gz
finished 17789_1_QPRT_NADC.txt.gz.annotated.gz.exclusions.gz.alleles.gz
running 17791_25_HPCAL1_HPCL1.txt.gz.annotated.gz.exclusions.gz.alleles.gz
finished 17791_25_HPCAL1_HPCL1.txt.gz.annotated.gz.exclusions.gz.alleles.gz
running 17792_158_ALDH5A1_SSDH.txt.gz.annotated.gz.exclusions.gz.alleles.gz
finished 17792_158_ALDH5A1_SSDH.txt.gz.annotated.gz.exclusions.gz.alleles.gz
running 17793_4_DIRAS1_DIRA1.txt.gz.annotated.gz.exclusions.gz.alleles.gz
finished 17793_4_DIRAS1_DIRA1.txt.gz.annotated.gz.exclusions.gz.alleles.gz
running 17794_6_PMM2_Phosphomannomutase_2.txt.gz.annotated.gz.exclusions.gz.alleles.gz
finished 17794_6_PMM2_Phosphomannomutase_2.txt.gz.annotated.gz.exclusions.gz.alleles.gz
running 17795_176_LSM1_LSM1.txt.gz.annotated.gz.exclusions.gz.alleles.gz
finished 17795_176_LSM1_LSM1.txt.gz.annotated.gz.exclusions.gz.alleles.gz
running 17796_15_IMPA1_IMPA1.txt.gz.annotated.gz.exclusions.gz.alleles.gz
finished 17796_15_IMPA1_IMPA1.txt.gz.annotated.gz.exclusions.gz.alleles.gz
running 17797_1_CUL1_CUL1.txt.gz.annotated.gz.exclusions.gz.alleles.gz
finished 17797_1_CUL1_CUL1.txt.gz.annotated.gz.exclusions.gz.alleles.gz
running 17799_9_PGLS_6PGL.txt.gz.annotated.gz.exclusions.gz.alleles.gz
finished 17799_9_PGLS_6PGL.txt.gz.annotated.gz.exclusions.gz.alleles.gz
running 17800_33_SCAND1_SCAND1.txt.gz.annotated.gz.exclusions.gz.alleles.gz
finished 17800_33_SCAND1_SCAND1.txt.gz.annotated.gz.exclusions.gz.alleles.gz
running 17802_4_NANS_SIAS.txt.gz.annotated.gz.exclusions.gz.alleles.gz
finished 17802_4_NANS_SIAS.txt.gz.annotated.gz.exclusions.gz.alleles.gz
running 17804_102_PNPO_PNPO.txt.gz.annotated.gz.exclusions.gz.alleles.gz
finished 17804_102_PNPO_PNPO.txt.gz.annotated.gz.exclusions.gz.alleles.gz
running 17805_35_SMNDC1_SPF30.txt.gz.annotated.gz.exclusions.gz.alleles.gz
finished 17805_35_SMNDC1_SPF30.txt.gz.annotated.gz.exclusions.gz.alleles.gz
running 17806_6_SDCBP_Syntenin_1.txt.gz.annotated.gz.exclusions.gz.alleles.gz
finished 17806_6_SDCBP_Syntenin_1.txt.gz.annotated.gz.exclusions.gz.alleles.gz
running 17808_37_NIT2_NIT2.txt.gz.annotated.gz.exclusions.gz.alleles.gz
finished 17808_37_NIT2_NIT2.txt.gz.annotated.gz.exclusions.gz.alleles.gz
running 17811_78_SULT1C2_ST1C2.txt.gz.annotated.gz.exclusions.gz.alleles.gz
finished 17811_78_SULT1C2_ST1C2.txt.gz.annotated.gz.exclusions.gz.alleles.gz
running 17812_2_PTP4A1_TP4A1.txt.gz.annotated.gz.exclusions.gz.alleles.gz
finished 17812_2_PTP4A1_TP4A1.txt.gz.annotated.gz.exclusions.gz.alleles.gz
running 17813_21_BPHL_BPHL.txt.gz.annotated.gz.exclusions.gz.alleles.gz
finished 17813_21_BPHL_BPHL.txt.gz.annotated.gz.exclusions.gz.alleles.gz
running 17814_8_BPNT1_BPNT1.txt.gz.annotated.gz.exclusions.gz.alleles.gz
finished 17814_8_BPNT1_BPNT1.txt.gz.annotated.gz.exclusions.gz.alleles.gz
running 17816_58_NCALD_NCALD.txt.gz.annotated.gz.exclusions.gz.alleles.gz
finished 17816_58_NCALD_NCALD.txt.gz.annotated.gz.exclusions.gz.alleles.gz
running 17817_22_DDIT4_DDIT4.txt.gz.annotated.gz.exclusions.gz.alleles.gz
finished 17817_22_DDIT4_DDIT4.txt.gz.annotated.gz.exclusions.gz.alleles.gz
running 17818_22_SUGT1_SUGT1.txt.gz.annotated.gz.exclusions.gz.alleles.gz
finished 17818_22_SUGT1_SUGT1.txt.gz.annotated.gz.exclusions.gz.alleles.gz
running 17819_30_FAHD1_FAHD1.txt.gz.annotated.gz.exclusions.gz.alleles.gz
finished 17819_30_FAHD1_FAHD1.txt.gz.annotated.gz.exclusions.gz.alleles.gz
running 17820_170_MLF1_MLF1.txt.gz.annotated.gz.exclusions.gz.alleles.gz
finished 17820_170_MLF1_MLF1.txt.gz.annotated.gz.exclusions.gz.alleles.gz
running 17821_20_NMT2_NMT2.txt.gz.annotated.gz.exclusions.gz.alleles.gz
finished 17821_20_NMT2_NMT2.txt.gz.annotated.gz.exclusions.gz.alleles.gz
running 17822_57_RERG_RERG.txt.gz.annotated.gz.exclusions.gz.alleles.gz
finished 17822_57_RERG_RERG.txt.gz.annotated.gz.exclusions.gz.alleles.gz
running 17823_40_SNRPD2_SMD2.txt.gz.annotated.gz.exclusions.gz.alleles.gz
finished 17823_40_SNRPD2_SMD2.txt.gz.annotated.gz.exclusions.gz.alleles.gz
running 17826_341_EEF1D_EF1D.txt.gz.annotated.gz.exclusions.gz.alleles.gz
finished 17826_341_EEF1D_EF1D.txt.gz.annotated.gz.exclusions.gz.alleles.gz
running 17827_53_DYNLRB2_DLRB2.txt.gz.annotated.gz.exclusions.gz.alleles.gz
finished 17827_53_DYNLRB2_DLRB2.txt.gz.annotated.gz.exclusions.gz.alleles.gz
running 17828_3_S100A14_S100A14.txt.gz.annotated.gz.exclusions.gz.alleles.gz
finished 17828_3_S100A14_S100A14.txt.gz.annotated.gz.exclusions.gz.alleles.gz
running 17829_2_TREX2_TREX2.txt.gz.annotated.gz.exclusions.gz.alleles.gz
finished 17829_2_TREX2_TREX2.txt.gz.annotated.gz.exclusions.gz.alleles.gz
running 17832_12_IDI2_IDI2.txt.gz.annotated.gz.exclusions.gz.alleles.gz
finished 17832_12_IDI2_IDI2.txt.gz.annotated.gz.exclusions.gz.alleles.gz
running 17835_28_ANXA13_ANX13.txt.gz.annotated.gz.exclusions.gz.alleles.gz
finished 17835_28_ANXA13_ANX13.txt.gz.annotated.gz.exclusions.gz.alleles.gz
running 17836_17_S100A16_S100A16.txt.gz.annotated.gz.exclusions.gz.alleles.gz
finished 17836_17_S100A16_S100A16.txt.gz.annotated.gz.exclusions.gz.alleles.gz
running 17837_5_CLIC2_CLIC2.txt.gz.annotated.gz.exclusions.gz.alleles.gz
finished 17837_5_CLIC2_CLIC2.txt.gz.annotated.gz.exclusions.gz.alleles.gz
running 17843_30_PPCS_PPCS.txt.gz.annotated.gz.exclusions.gz.alleles.gz
finished 17843_30_PPCS_PPCS.txt.gz.annotated.gz.exclusions.gz.alleles.gz
running 17849_6_DRG1_DRG1.txt.gz.annotated.gz.exclusions.gz.alleles.gz
finished 17849_6_DRG1_DRG1.txt.gz.annotated.gz.exclusions.gz.alleles.gz
running 17850_42_KLF4_KLF4.txt.gz.annotated.gz.exclusions.gz.alleles.gz
finished 17850_42_KLF4_KLF4.txt.gz.annotated.gz.exclusions.gz.alleles.gz
running 17852_5_PPME1_PPME1.txt.gz.annotated.gz.exclusions.gz.alleles.gz
finished 17852_5_PPME1_PPME1.txt.gz.annotated.gz.exclusions.gz.alleles.gz
running 17854_33_NAA10_NAA10.txt.gz.annotated.gz.exclusions.gz.alleles.gz
finished 17854_33_NAA10_NAA10.txt.gz.annotated.gz.exclusions.gz.alleles.gz
running 17855_28_RGS4_RGS4.txt.gz.annotated.gz.exclusions.gz.alleles.gz
finished 17855_28_RGS4_RGS4.txt.gz.annotated.gz.exclusions.gz.alleles.gz
running 17856_23_NT5M_NT5M.txt.gz.annotated.gz.exclusions.gz.alleles.gz
finished 17856_23_NT5M_NT5M.txt.gz.annotated.gz.exclusions.gz.alleles.gz
running 17857_6_ACADL_ACADL.txt.gz.annotated.gz.exclusions.gz.alleles.gz
finished 17857_6_ACADL_ACADL.txt.gz.annotated.gz.exclusions.gz.alleles.gz
running 18156_7_ATG3_ATG3.txt.gz.annotated.gz.exclusions.gz.alleles.gz
finished 18156_7_ATG3_ATG3.txt.gz.annotated.gz.exclusions.gz.alleles.gz
