running HTRA2_O43464_OID21471.gz
finished HTRA2_O43464_OID21471.gz
running HYAL1_Q12794_OID20357.gz
finished HYAL1_Q12794_OID20357.gz
running HYOU1_Q9Y4L1_OID20300.gz
finished HYOU1_Q9Y4L1_OID20300.gz
running ICA1_Q05084_OID20484.gz
finished ICA1_Q05084_OID20484.gz
running ICAM1_P05362_OID20411.gz
finished ICAM1_P05362_OID20411.gz
running ICAM2_P13598_OID20248.gz
finished ICAM2_P13598_OID20248.gz
running ICAM3_P32942_OID20277.gz
finished ICAM3_P32942_OID20277.gz
running ICAM4_Q14773_OID20578.gz
finished ICAM4_Q14773_OID20578.gz
running ICAM5_Q9UMF0_OID20145.gz
finished ICAM5_Q9UMF0_OID20145.gz
running ICOSLG_O75144_OID21351.gz
finished ICOSLG_O75144_OID21351.gz
running ID4_P47928_OID31284.gz
finished ID4_P47928_OID31284.gz
running IDI2_Q9BXS1_OID20823.gz
finished IDI2_Q9BXS1_OID20823.gz
running IDO1_P14902_OID30230.gz
finished IDO1_P14902_OID30230.gz
running IDO1_P14902_OID30563.gz
finished IDO1_P14902_OID30563.gz
running IDO1_P14902_OID31050.gz
finished IDO1_P14902_OID31050.gz
running IDO1_P14902_OID31474.gz
finished IDO1_P14902_OID31474.gz
running IDS_P22304_OID20619.gz
finished IDS_P22304_OID20619.gz
running IDUA_P35475_OID21468.gz
finished IDUA_P35475_OID21468.gz
running IFI30_P13284_OID31505.gz
finished IFI30_P13284_OID31505.gz
running IFIT1_P09914_OID31310.gz
finished IFIT1_P09914_OID31310.gz
running IFIT3_O14879_OID31283.gz
finished IFIT3_O14879_OID31283.gz
running IFNAR1_P17181_OID31491.gz
finished IFNAR1_P17181_OID31491.gz
running IFNG_P01579_OID20495.gz
finished IFNG_P01579_OID20495.gz
running IFNGR1_P15260_OID20678.gz
finished IFNGR1_P15260_OID20678.gz
running IFNGR2_P38484_OID20941.gz
finished IFNGR2_P38484_OID20941.gz
running IFNL1_Q8IU54_OID20795.gz
finished IFNL1_Q8IU54_OID20795.gz
running IFNL2_Q8IZJ0_OID30791.gz
finished IFNL2_Q8IZJ0_OID30791.gz
running IFNLR1_Q8IU57_OID20506.gz
finished IFNLR1_Q8IU57_OID20506.gz
running IFNW1_P05000_OID30129.gz
finished IFNW1_P05000_OID30129.gz
running IFT20_Q8IY31_OID30962.gz
finished IFT20_Q8IY31_OID30962.gz
running IGBP1_P78318_OID31059.gz
finished IGBP1_P78318_OID31059.gz
running IGDCC3_Q8IVU1_OID30862.gz
finished IGDCC3_Q8IVU1_OID30862.gz
running IGDCC4_Q8TDY8_OID30402.gz
finished IGDCC4_Q8TDY8_OID30402.gz
running IGF1R_P08069_OID21274.gz
finished IGF1R_P08069_OID21274.gz
running IGF2BP3_O00425_OID30112.gz
finished IGF2BP3_O00425_OID30112.gz
running IGF2R_P11717_OID21146.gz
finished IGF2R_P11717_OID21146.gz
running IGFBP1_P08833_OID20246.gz
finished IGFBP1_P08833_OID20246.gz
running IGFBP2_P18065_OID20325.gz
finished IGFBP2_P18065_OID20325.gz
running IGFBP3_P17936_OID20398.gz
finished IGFBP3_P17936_OID20398.gz
running IGFBP4_P22692_OID21158.gz
finished IGFBP4_P22692_OID21158.gz
running IGFBP6_P24592_OID20413.gz
finished IGFBP6_P24592_OID20413.gz
running IGFBP7_Q16270_OID20236.gz
finished IGFBP7_Q16270_OID20236.gz
running IGFBPL1_Q8WX77_OID20155.gz
finished IGFBPL1_Q8WX77_OID20155.gz
running IGFL4_Q6B9Z1_OID30500.gz
finished IGFL4_Q6B9Z1_OID30500.gz
running IGHMBP2_P38935_OID30123.gz
finished IGHMBP2_P38935_OID30123.gz
running IGLC2_P0DOY2_OID30740.gz
finished IGLC2_P0DOY2_OID30740.gz
running IGLON5_A6NGN9_OID31169.gz
finished IGLON5_A6NGN9_OID31169.gz
running IGSF21_Q96ID5_OID30210.gz
finished IGSF21_Q96ID5_OID30210.gz
running IGSF3_O75054_OID21312.gz
finished IGSF3_O75054_OID21312.gz
running IGSF8_Q969P0_OID20167.gz
finished IGSF8_Q969P0_OID20167.gz
running IGSF9_Q9P2J2_OID30330.gz
finished IGSF9_Q9P2J2_OID30330.gz
running IKBKG_Q9Y6K9_OID20544.gz
finished IKBKG_Q9Y6K9_OID20544.gz
running IKZF2_Q9UKS7_OID21213.gz
finished IKZF2_Q9UKS7_OID21213.gz
running IL10_P22301_OID20431.gz
finished IL10_P22301_OID20431.gz
running IL10RA_Q13651_OID20420.gz
finished IL10RA_Q13651_OID20420.gz
running IL10RB_Q08334_OID20696.gz
finished IL10RB_Q08334_OID20696.gz
running IL11_P20809_OID20455.gz
finished IL11_P20809_OID20455.gz
running IL12A_IL12B_P29459_P29460_OID21327.gz
finished IL12A_IL12B_P29459_P29460_OID21327.gz
running IL12B_P29460_OID20666.gz
finished IL12B_P29460_OID20666.gz
running IL12RB1_P42701_OID20486.gz
finished IL12RB1_P42701_OID20486.gz
running IL12RB2_Q99665_OID30422.gz
finished IL12RB2_Q99665_OID30422.gz
running IL13_P35225_OID20430.gz
finished IL13_P35225_OID20430.gz
running IL13RA1_P78552_OID21504.gz
finished IL13RA1_P78552_OID21504.gz
running IL13RA2_Q14627_OID30841.gz
finished IL13RA2_Q14627_OID30841.gz
running IL15_P40933_OID20562.gz
finished IL15_P40933_OID20562.gz
running IL15RA_Q13261_OID20498.gz
finished IL15RA_Q13261_OID20498.gz
running IL16_Q14005_OID20633.gz
finished IL16_Q14005_OID20633.gz
running IL17A_Q16552_OID20469.gz
finished IL17A_Q16552_OID20469.gz
running IL17C_Q9P0M4_OID20477.gz
finished IL17C_Q9P0M4_OID20477.gz
running IL17D_Q8TAD2_OID20481.gz
finished IL17D_Q8TAD2_OID20481.gz
running IL17F_Q96PD4_OID20456.gz
finished IL17F_Q96PD4_OID20456.gz
running IL17RA_Q96F46_OID21089.gz
finished IL17RA_Q96F46_OID21089.gz
running IL17RB_Q9NRM6_OID20585.gz
finished IL17RB_Q9NRM6_OID20585.gz
running IL18BP_O95998_OID20348.gz
finished IL18BP_O95998_OID20348.gz
running IL18_Q14116_OID20694.gz
finished IL18_Q14116_OID20694.gz
running IL18R1_Q13478_OID20652.gz
finished IL18R1_Q13478_OID20652.gz
running IL18RAP_O95256_OID20900.gz
finished IL18RAP_O95256_OID20900.gz
running IL19_Q9UHD0_OID20158.gz
finished IL19_Q9UHD0_OID20158.gz
running IL1A_P01583_OID20488.gz
finished IL1A_P01583_OID20488.gz
running IL1B_P01584_OID20427.gz
finished IL1B_P01584_OID20427.gz
running IL1R1_P14778_OID21116.gz
finished IL1R1_P14778_OID21116.gz
running IL1R2_P27930_OID20757.gz
finished IL1R2_P27930_OID20757.gz
running IL1RAP_Q9NPH3_OID21126.gz
finished IL1RAP_Q9NPH3_OID21126.gz
running IL1RL1_Q01638_OID20250.gz
finished IL1RL1_Q01638_OID20250.gz
running IL1RL2_Q9HB29_OID20487.gz
finished IL1RL2_Q9HB29_OID20487.gz
running IL1RN_P18510_OID20700.gz
finished IL1RN_P18510_OID20700.gz
running IL20_Q9NYY1_OID20453.gz
finished IL20_Q9NYY1_OID20453.gz
running IL20RA_Q9UHF4_OID20422.gz
finished IL20RA_Q9UHF4_OID20422.gz
running IL20RB_Q6UXL0_OID30461.gz
finished IL20RB_Q6UXL0_OID30461.gz
running IL21R_Q9HBE5_OID30441.gz
finished IL21R_Q9HBE5_OID30441.gz
running IL22_Q9GZX6_OID31407.gz
finished IL22_Q9GZX6_OID31407.gz
running IL22RA1_Q8N6P7_OID20449.gz
finished IL22RA1_Q8N6P7_OID20449.gz
running IL24_Q13007_OID20440.gz
finished IL24_Q13007_OID20440.gz
running IL25_Q9H293_OID31243.gz
finished IL25_Q9H293_OID31243.gz
running IL2_P60568_OID20419.gz
finished IL2_P60568_OID20419.gz
running IL2RA_P01589_OID20267.gz
finished IL2RA_P01589_OID20267.gz
running IL2RB_P14784_OID20450.gz
finished IL2RB_P14784_OID20450.gz
running IL2RG_P31785_OID31361.gz
finished IL2RG_P31785_OID31361.gz
running IL31_Q6EBC2_OID30487.gz
finished IL31_Q6EBC2_OID30487.gz
running IL31RA_Q8NI17_OID30475.gz
finished IL31RA_Q8NI17_OID30475.gz
running IL32_P24001_OID20605.gz
finished IL32_P24001_OID20605.gz
running IL33_O95760_OID20428.gz
finished IL33_O95760_OID20428.gz
running IL34_Q6ZMJ4_OID20809.gz
finished IL34_Q6ZMJ4_OID20809.gz
running IL36A_Q9UHA7_OID30472.gz
finished IL36A_Q9UHA7_OID30472.gz
running IL36G_Q9NZH8_OID30551.gz
finished IL36G_Q9NZH8_OID30551.gz
running IL3_P08700_OID31229.gz
finished IL3_P08700_OID31229.gz
running IL3RA_P26951_OID20461.gz
finished IL3RA_P26951_OID20461.gz
running IL4_P05112_OID20426.gz
finished IL4_P05112_OID20426.gz
running IL4R_P24394_OID20576.gz
finished IL4R_P24394_OID20576.gz
