running 13502_2_SLC26A11_S2611.txt.gz.annotated.gz.exclusions.gz.alleles.gz
finished 13502_2_SLC26A11_S2611.txt.gz.annotated.gz.exclusions.gz.alleles.gz
running 13503_19_ARL6IP5_PRAF3.txt.gz.annotated.gz.exclusions.gz.alleles.gz
finished 13503_19_ARL6IP5_PRAF3.txt.gz.annotated.gz.exclusions.gz.alleles.gz
running 13506_10_DUS2_DUS2L.txt.gz.annotated.gz.exclusions.gz.alleles.gz
finished 13506_10_DUS2_DUS2L.txt.gz.annotated.gz.exclusions.gz.alleles.gz
running 13507_51_TRADD_TRADD.txt.gz.annotated.gz.exclusions.gz.alleles.gz
finished 13507_51_TRADD_TRADD.txt.gz.annotated.gz.exclusions.gz.alleles.gz
running 13509_5_SCAMP5_SCAM5.txt.gz.annotated.gz.exclusions.gz.alleles.gz
finished 13509_5_SCAMP5_SCAM5.txt.gz.annotated.gz.exclusions.gz.alleles.gz
running 13510_7_ATP2A3_AT2A3.txt.gz.annotated.gz.exclusions.gz.alleles.gz
finished 13510_7_ATP2A3_AT2A3.txt.gz.annotated.gz.exclusions.gz.alleles.gz
running 13511_29_SATB1_SATB1.txt.gz.annotated.gz.exclusions.gz.alleles.gz
finished 13511_29_SATB1_SATB1.txt.gz.annotated.gz.exclusions.gz.alleles.gz
running 13512_28_HNRNPR_HNRPR.txt.gz.annotated.gz.exclusions.gz.alleles.gz
finished 13512_28_HNRNPR_HNRPR.txt.gz.annotated.gz.exclusions.gz.alleles.gz
running 13513_174_PIAS3_PIAS3.txt.gz.annotated.gz.exclusions.gz.alleles.gz
finished 13513_174_PIAS3_PIAS3.txt.gz.annotated.gz.exclusions.gz.alleles.gz
running 13514_121_RAB35_Rab_1C.txt.gz.annotated.gz.exclusions.gz.alleles.gz
finished 13514_121_RAB35_Rab_1C.txt.gz.annotated.gz.exclusions.gz.alleles.gz
running 13515_8_RPRD1A_RPR1A.txt.gz.annotated.gz.exclusions.gz.alleles.gz
finished 13515_8_RPRD1A_RPR1A.txt.gz.annotated.gz.exclusions.gz.alleles.gz
running 13516_46_EMC4_TMM85.txt.gz.annotated.gz.exclusions.gz.alleles.gz
finished 13516_46_EMC4_TMM85.txt.gz.annotated.gz.exclusions.gz.alleles.gz
running 13517_3_PTCHD3_PTHD3.txt.gz.annotated.gz.exclusions.gz.alleles.gz
finished 13517_3_PTCHD3_PTHD3.txt.gz.annotated.gz.exclusions.gz.alleles.gz
running 13518_5_ASAP2_ASAP2.txt.gz.annotated.gz.exclusions.gz.alleles.gz
finished 13518_5_ASAP2_ASAP2.txt.gz.annotated.gz.exclusions.gz.alleles.gz
running 13519_112_ARHGEF25_ARHGP.txt.gz.annotated.gz.exclusions.gz.alleles.gz
finished 13519_112_ARHGEF25_ARHGP.txt.gz.annotated.gz.exclusions.gz.alleles.gz
running 13522_20_VSNL1_VISL1.txt.gz.annotated.gz.exclusions.gz.alleles.gz
finished 13522_20_VSNL1_VISL1.txt.gz.annotated.gz.exclusions.gz.alleles.gz
running 13524_25_HS6ST2_H6ST2.txt.gz.annotated.gz.exclusions.gz.alleles.gz
finished 13524_25_HS6ST2_H6ST2.txt.gz.annotated.gz.exclusions.gz.alleles.gz
running 13525_17_KCNG4_KCNG4.txt.gz.annotated.gz.exclusions.gz.alleles.gz
finished 13525_17_KCNG4_KCNG4.txt.gz.annotated.gz.exclusions.gz.alleles.gz
running 13526_5_SSB_LA.txt.gz.annotated.gz.exclusions.gz.alleles.gz
finished 13526_5_SSB_LA.txt.gz.annotated.gz.exclusions.gz.alleles.gz
running 13529_39_NAP1L2_NP1L2.txt.gz.annotated.gz.exclusions.gz.alleles.gz
finished 13529_39_NAP1L2_NP1L2.txt.gz.annotated.gz.exclusions.gz.alleles.gz
running 13530_5_UTS2R_UR2R.txt.gz.annotated.gz.exclusions.gz.alleles.gz
finished 13530_5_UTS2R_UR2R.txt.gz.annotated.gz.exclusions.gz.alleles.gz
running 13532_25_CNEP1R1_NEPR1.txt.gz.annotated.gz.exclusions.gz.alleles.gz
finished 13532_25_CNEP1R1_NEPR1.txt.gz.annotated.gz.exclusions.gz.alleles.gz
running 13534_20_MYOM2_MYOM2.txt.gz.annotated.gz.exclusions.gz.alleles.gz
finished 13534_20_MYOM2_MYOM2.txt.gz.annotated.gz.exclusions.gz.alleles.gz
running 13535_2_COL4A3BP_C43BP.txt.gz.annotated.gz.exclusions.gz.alleles.gz
finished 13535_2_COL4A3BP_C43BP.txt.gz.annotated.gz.exclusions.gz.alleles.gz
running 13536_56_POLI_POLI.txt.gz.annotated.gz.exclusions.gz.alleles.gz
finished 13536_56_POLI_POLI.txt.gz.annotated.gz.exclusions.gz.alleles.gz
running 13539_131_KCNN1_KCNN1.txt.gz.annotated.gz.exclusions.gz.alleles.gz
finished 13539_131_KCNN1_KCNN1.txt.gz.annotated.gz.exclusions.gz.alleles.gz
running 13540_1_GPR26_GPR26.txt.gz.annotated.gz.exclusions.gz.alleles.gz
finished 13540_1_GPR26_GPR26.txt.gz.annotated.gz.exclusions.gz.alleles.gz
running 13541_1_MYCT1_MYCT1.txt.gz.annotated.gz.exclusions.gz.alleles.gz
finished 13541_1_MYCT1_MYCT1.txt.gz.annotated.gz.exclusions.gz.alleles.gz
running 13544_9_HMHA1_HMHA1.txt.gz.annotated.gz.exclusions.gz.alleles.gz
finished 13544_9_HMHA1_HMHA1.txt.gz.annotated.gz.exclusions.gz.alleles.gz
running 13545_97_EIF1AD_EIF1A.txt.gz.annotated.gz.exclusions.gz.alleles.gz
finished 13545_97_EIF1AD_EIF1A.txt.gz.annotated.gz.exclusions.gz.alleles.gz
running 13547_5_HTR7_5HT7R.txt.gz.annotated.gz.exclusions.gz.alleles.gz
finished 13547_5_HTR7_5HT7R.txt.gz.annotated.gz.exclusions.gz.alleles.gz
running 13548_53_PPAPDC1A_PPC1A.txt.gz.annotated.gz.exclusions.gz.alleles.gz
finished 13548_53_PPAPDC1A_PPC1A.txt.gz.annotated.gz.exclusions.gz.alleles.gz
running 13549_15_ADAM29_ADA29.txt.gz.annotated.gz.exclusions.gz.alleles.gz
finished 13549_15_ADAM29_ADA29.txt.gz.annotated.gz.exclusions.gz.alleles.gz
running 13552_7_SWAP70_SWP70.txt.gz.annotated.gz.exclusions.gz.alleles.gz
finished 13552_7_SWAP70_SWP70.txt.gz.annotated.gz.exclusions.gz.alleles.gz
running 13553_4_DCUN1D3_DCNL3.txt.gz.annotated.gz.exclusions.gz.alleles.gz
finished 13553_4_DCUN1D3_DCNL3.txt.gz.annotated.gz.exclusions.gz.alleles.gz
running 13554_78_REPIN1_REPI1.txt.gz.annotated.gz.exclusions.gz.alleles.gz
finished 13554_78_REPIN1_REPI1.txt.gz.annotated.gz.exclusions.gz.alleles.gz
running 13556_28_HTR2A_5HT2A.txt.gz.annotated.gz.exclusions.gz.alleles.gz
finished 13556_28_HTR2A_5HT2A.txt.gz.annotated.gz.exclusions.gz.alleles.gz
running 13557_3_PVRL3_Nectin_3.txt.gz.annotated.gz.exclusions.gz.alleles.gz
finished 13557_3_PVRL3_Nectin_3.txt.gz.annotated.gz.exclusions.gz.alleles.gz
running 13561_5_HTR6_5HT6R.txt.gz.annotated.gz.exclusions.gz.alleles.gz
finished 13561_5_HTR6_5HT6R.txt.gz.annotated.gz.exclusions.gz.alleles.gz
running 13563_259_ACBD7_ACBD7.txt.gz.annotated.gz.exclusions.gz.alleles.gz
finished 13563_259_ACBD7_ACBD7.txt.gz.annotated.gz.exclusions.gz.alleles.gz
running 13565_2_RBL2_p130.txt.gz.annotated.gz.exclusions.gz.alleles.gz
finished 13565_2_RBL2_p130.txt.gz.annotated.gz.exclusions.gz.alleles.gz
running 13566_2_SSU72_SSU72.txt.gz.annotated.gz.exclusions.gz.alleles.gz
finished 13566_2_SSU72_SSU72.txt.gz.annotated.gz.exclusions.gz.alleles.gz
running 13567_1_DPYSL2_DPYL2.txt.gz.annotated.gz.exclusions.gz.alleles.gz
finished 13567_1_DPYSL2_DPYL2.txt.gz.annotated.gz.exclusions.gz.alleles.gz
running 13568_30_PSMD4_PSMD4.txt.gz.annotated.gz.exclusions.gz.alleles.gz
finished 13568_30_PSMD4_PSMD4.txt.gz.annotated.gz.exclusions.gz.alleles.gz
running 13570_43_HDLBP_VIGLN.txt.gz.annotated.gz.exclusions.gz.alleles.gz
finished 13570_43_HDLBP_VIGLN.txt.gz.annotated.gz.exclusions.gz.alleles.gz
running 13572_43_PSMD11_PSD11.txt.gz.annotated.gz.exclusions.gz.alleles.gz
finished 13572_43_PSMD11_PSD11.txt.gz.annotated.gz.exclusions.gz.alleles.gz
running 13573_5_ARPC3_p21_ARC.txt.gz.annotated.gz.exclusions.gz.alleles.gz
finished 13573_5_ARPC3_p21_ARC.txt.gz.annotated.gz.exclusions.gz.alleles.gz
running 13574_50_RND1_RND1.txt.gz.annotated.gz.exclusions.gz.alleles.gz
finished 13574_50_RND1_RND1.txt.gz.annotated.gz.exclusions.gz.alleles.gz
running 13575_40_DVL2_DVL2.txt.gz.annotated.gz.exclusions.gz.alleles.gz
finished 13575_40_DVL2_DVL2.txt.gz.annotated.gz.exclusions.gz.alleles.gz
running 13577_25_U2AF2_U2AF2.txt.gz.annotated.gz.exclusions.gz.alleles.gz
finished 13577_25_U2AF2_U2AF2.txt.gz.annotated.gz.exclusions.gz.alleles.gz
running 13578_98_ABLIM3_ABLM3.txt.gz.annotated.gz.exclusions.gz.alleles.gz
finished 13578_98_ABLIM3_ABLM3.txt.gz.annotated.gz.exclusions.gz.alleles.gz
running 13580_2_UAP1_Sperm_associated_antigen_2.txt.gz.annotated.gz.exclusions.gz.alleles.gz
finished 13580_2_UAP1_Sperm_associated_antigen_2.txt.gz.annotated.gz.exclusions.gz.alleles.gz
running 13583_19_APAF1_Apaf_1.txt.gz.annotated.gz.exclusions.gz.alleles.gz
finished 13583_19_APAF1_Apaf_1.txt.gz.annotated.gz.exclusions.gz.alleles.gz
running 13587_10_RACGAP1_RGAP1.txt.gz.annotated.gz.exclusions.gz.alleles.gz
finished 13587_10_RACGAP1_RGAP1.txt.gz.annotated.gz.exclusions.gz.alleles.gz
running 13588_11_ANXA9_ANXA9.txt.gz.annotated.gz.exclusions.gz.alleles.gz
finished 13588_11_ANXA9_ANXA9.txt.gz.annotated.gz.exclusions.gz.alleles.gz
running 13589_10_APBB3_APBB3.txt.gz.annotated.gz.exclusions.gz.alleles.gz
finished 13589_10_APBB3_APBB3.txt.gz.annotated.gz.exclusions.gz.alleles.gz
running 13590_1_REXO2_ORN.txt.gz.annotated.gz.exclusions.gz.alleles.gz
finished 13590_1_REXO2_ORN.txt.gz.annotated.gz.exclusions.gz.alleles.gz
running 13591_31_PRIM1_PRI1.txt.gz.annotated.gz.exclusions.gz.alleles.gz
finished 13591_31_PRIM1_PRI1.txt.gz.annotated.gz.exclusions.gz.alleles.gz
running 13594_158_GGA1_GGA1.txt.gz.annotated.gz.exclusions.gz.alleles.gz
finished 13594_158_GGA1_GGA1.txt.gz.annotated.gz.exclusions.gz.alleles.gz
running 13595_20_THTPA_THTPA.txt.gz.annotated.gz.exclusions.gz.alleles.gz
finished 13595_20_THTPA_THTPA.txt.gz.annotated.gz.exclusions.gz.alleles.gz
running 13596_3_RAB27B_RB27B.txt.gz.annotated.gz.exclusions.gz.alleles.gz
finished 13596_3_RAB27B_RB27B.txt.gz.annotated.gz.exclusions.gz.alleles.gz
running 13597_20_RAB31_RAB31.txt.gz.annotated.gz.exclusions.gz.alleles.gz
finished 13597_20_RAB31_RAB31.txt.gz.annotated.gz.exclusions.gz.alleles.gz
running 13599_15_RABEPK_RABEK.txt.gz.annotated.gz.exclusions.gz.alleles.gz
finished 13599_15_RABEPK_RABEK.txt.gz.annotated.gz.exclusions.gz.alleles.gz
running 13602_6_NHP2L1_NH2L1.txt.gz.annotated.gz.exclusions.gz.alleles.gz
finished 13602_6_NHP2L1_NH2L1.txt.gz.annotated.gz.exclusions.gz.alleles.gz
running 13603_7_RFESD_RFESD.txt.gz.annotated.gz.exclusions.gz.alleles.gz
finished 13603_7_RFESD_RFESD.txt.gz.annotated.gz.exclusions.gz.alleles.gz
running 13604_27_NEURL1_NEUL1.txt.gz.annotated.gz.exclusions.gz.alleles.gz
finished 13604_27_NEURL1_NEUL1.txt.gz.annotated.gz.exclusions.gz.alleles.gz
running 13605_16_ANXA10_ANX10.txt.gz.annotated.gz.exclusions.gz.alleles.gz
finished 13605_16_ANXA10_ANX10.txt.gz.annotated.gz.exclusions.gz.alleles.gz
running 13609_11_GTF2I_GTF2I.txt.gz.annotated.gz.exclusions.gz.alleles.gz
finished 13609_11_GTF2I_GTF2I.txt.gz.annotated.gz.exclusions.gz.alleles.gz
running 13610_9_MAGEA10_MAGE_10.txt.gz.annotated.gz.exclusions.gz.alleles.gz
finished 13610_9_MAGEA10_MAGE_10.txt.gz.annotated.gz.exclusions.gz.alleles.gz
running 13612_7_CYTIP_CYTIP.txt.gz.annotated.gz.exclusions.gz.alleles.gz
finished 13612_7_CYTIP_CYTIP.txt.gz.annotated.gz.exclusions.gz.alleles.gz
running 13613_23_AK5_Adenylate_kinase_isoenzyme_5.txt.gz.annotated.gz.exclusions.gz.alleles.gz
finished 13613_23_AK5_Adenylate_kinase_isoenzyme_5.txt.gz.annotated.gz.exclusions.gz.alleles.gz
running 13614_6_CREBBP_CREB_binding_protein.txt.gz.annotated.gz.exclusions.gz.alleles.gz
finished 13614_6_CREBBP_CREB_binding_protein.txt.gz.annotated.gz.exclusions.gz.alleles.gz
running 13615_60_NCK2_NCK2.txt.gz.annotated.gz.exclusions.gz.alleles.gz
finished 13615_60_NCK2_NCK2.txt.gz.annotated.gz.exclusions.gz.alleles.gz
running 13618_15_MAD1L1_MD1L1.txt.gz.annotated.gz.exclusions.gz.alleles.gz
finished 13618_15_MAD1L1_MD1L1.txt.gz.annotated.gz.exclusions.gz.alleles.gz
running 13620_10_ASNA1_ASNA.txt.gz.annotated.gz.exclusions.gz.alleles.gz
finished 13620_10_ASNA1_ASNA.txt.gz.annotated.gz.exclusions.gz.alleles.gz
running 13621_31_AP2A2_AP2A2.txt.gz.annotated.gz.exclusions.gz.alleles.gz
finished 13621_31_AP2A2_AP2A2.txt.gz.annotated.gz.exclusions.gz.alleles.gz
running 13622_16_PPP2R5A_2A5A.txt.gz.annotated.gz.exclusions.gz.alleles.gz
finished 13622_16_PPP2R5A_2A5A.txt.gz.annotated.gz.exclusions.gz.alleles.gz
running 13623_4_MLL2_MLL2.txt.gz.annotated.gz.exclusions.gz.alleles.gz
finished 13623_4_MLL2_MLL2.txt.gz.annotated.gz.exclusions.gz.alleles.gz
running 13624_17_NADK_NADK.txt.gz.annotated.gz.exclusions.gz.alleles.gz
finished 13624_17_NADK_NADK.txt.gz.annotated.gz.exclusions.gz.alleles.gz
running 13625_19_SSB_LA.txt.gz.annotated.gz.exclusions.gz.alleles.gz
finished 13625_19_SSB_LA.txt.gz.annotated.gz.exclusions.gz.alleles.gz
running 13628_58_GRB14_GRB14.txt.gz.annotated.gz.exclusions.gz.alleles.gz
finished 13628_58_GRB14_GRB14.txt.gz.annotated.gz.exclusions.gz.alleles.gz
running 13629_25_ATG4B_ATG4B.txt.gz.annotated.gz.exclusions.gz.alleles.gz
finished 13629_25_ATG4B_ATG4B.txt.gz.annotated.gz.exclusions.gz.alleles.gz
running 13631_1_RBBP5_RB_binding_protein_5.txt.gz.annotated.gz.exclusions.gz.alleles.gz
finished 13631_1_RBBP5_RB_binding_protein_5.txt.gz.annotated.gz.exclusions.gz.alleles.gz
running 13632_10_ZYX_Zyxin.txt.gz.annotated.gz.exclusions.gz.alleles.gz
finished 13632_10_ZYX_Zyxin.txt.gz.annotated.gz.exclusions.gz.alleles.gz
running 13634_209_PIR_PIR.txt.gz.annotated.gz.exclusions.gz.alleles.gz
finished 13634_209_PIR_PIR.txt.gz.annotated.gz.exclusions.gz.alleles.gz
running 13636_20_NAP1L1_NP1L1.txt.gz.annotated.gz.exclusions.gz.alleles.gz
finished 13636_20_NAP1L1_NP1L1.txt.gz.annotated.gz.exclusions.gz.alleles.gz
running 13639_101_USO1_USO1.txt.gz.annotated.gz.exclusions.gz.alleles.gz
finished 13639_101_USO1_USO1.txt.gz.annotated.gz.exclusions.gz.alleles.gz
running 13642_90_IFIT3_CIG49.txt.gz.annotated.gz.exclusions.gz.alleles.gz
finished 13642_90_IFIT3_CIG49.txt.gz.annotated.gz.exclusions.gz.alleles.gz
running 13644_30_HGS_HGS.txt.gz.annotated.gz.exclusions.gz.alleles.gz
finished 13644_30_HGS_HGS.txt.gz.annotated.gz.exclusions.gz.alleles.gz
running 13645_14_DHX38_PRP16.txt.gz.annotated.gz.exclusions.gz.alleles.gz
finished 13645_14_DHX38_PRP16.txt.gz.annotated.gz.exclusions.gz.alleles.gz
running 13650_11_KCNIP1_KCIP1.txt.gz.annotated.gz.exclusions.gz.alleles.gz
finished 13650_11_KCNIP1_KCIP1.txt.gz.annotated.gz.exclusions.gz.alleles.gz
running 13651_54_ZFP91_ZFP91.txt.gz.annotated.gz.exclusions.gz.alleles.gz
finished 13651_54_ZFP91_ZFP91.txt.gz.annotated.gz.exclusions.gz.alleles.gz
running 13652_2_TOM1L1_TM1L1.txt.gz.annotated.gz.exclusions.gz.alleles.gz
finished 13652_2_TOM1L1_TM1L1.txt.gz.annotated.gz.exclusions.gz.alleles.gz
running 13653_335_MACROD1_MACD1.txt.gz.annotated.gz.exclusions.gz.alleles.gz
finished 13653_335_MACROD1_MACD1.txt.gz.annotated.gz.exclusions.gz.alleles.gz
running 13654_1_ROCK2_ROCK2.txt.gz.annotated.gz.exclusions.gz.alleles.gz
finished 13654_1_ROCK2_ROCK2.txt.gz.annotated.gz.exclusions.gz.alleles.gz
running 13655_34_NCL_Nucleolin.txt.gz.annotated.gz.exclusions.gz.alleles.gz
finished 13655_34_NCL_Nucleolin.txt.gz.annotated.gz.exclusions.gz.alleles.gz
running 13657_2_PNKP_PNKP.txt.gz.annotated.gz.exclusions.gz.alleles.gz
finished 13657_2_PNKP_PNKP.txt.gz.annotated.gz.exclusions.gz.alleles.gz
running 13658_31_PDGFC_PDGF_CC.txt.gz.annotated.gz.exclusions.gz.alleles.gz
finished 13658_31_PDGFC_PDGF_CC.txt.gz.annotated.gz.exclusions.gz.alleles.gz
running 13659_36_ATP13A1_AT131.txt.gz.annotated.gz.exclusions.gz.alleles.gz
finished 13659_36_ATP13A1_AT131.txt.gz.annotated.gz.exclusions.gz.alleles.gz
running 13665_35_PPP2R3A_PP2A__subunit_B.txt.gz.annotated.gz.exclusions.gz.alleles.gz
finished 13665_35_PPP2R3A_PP2A__subunit_B.txt.gz.annotated.gz.exclusions.gz.alleles.gz
running 13666_222_CA10_Carbonic_Anhydrase_X.txt.gz.annotated.gz.exclusions.gz.alleles.gz
finished 13666_222_CA10_Carbonic_Anhydrase_X.txt.gz.annotated.gz.exclusions.gz.alleles.gz
running 13669_6_FGFR3_FGFR_3.txt.gz.annotated.gz.exclusions.gz.alleles.gz
finished 13669_6_FGFR3_FGFR_3.txt.gz.annotated.gz.exclusions.gz.alleles.gz
running 13671_40_ELANE_Elastase.txt.gz.annotated.gz.exclusions.gz.alleles.gz
finished 13671_40_ELANE_Elastase.txt.gz.annotated.gz.exclusions.gz.alleles.gz
running 13672_3_HSPA6_HSP76.txt.gz.annotated.gz.exclusions.gz.alleles.gz
finished 13672_3_HSPA6_HSP76.txt.gz.annotated.gz.exclusions.gz.alleles.gz
running 13673_21_CCT7_TCPH.txt.gz.annotated.gz.exclusions.gz.alleles.gz
finished 13673_21_CCT7_TCPH.txt.gz.annotated.gz.exclusions.gz.alleles.gz
running 13676_46_INHBB_Inhibin_bB_chain.txt.gz.annotated.gz.exclusions.gz.alleles.gz
finished 13676_46_INHBB_Inhibin_bB_chain.txt.gz.annotated.gz.exclusions.gz.alleles.gz
running 13680_3_NAB2_NAB2.txt.gz.annotated.gz.exclusions.gz.alleles.gz
finished 13680_3_NAB2_NAB2.txt.gz.annotated.gz.exclusions.gz.alleles.gz
running 13681_173_CSNK2A2_CSK22.txt.gz.annotated.gz.exclusions.gz.alleles.gz
finished 13681_173_CSNK2A2_CSK22.txt.gz.annotated.gz.exclusions.gz.alleles.gz
running 13682_47_CSF1R_M_CSF_R.txt.gz.annotated.gz.exclusions.gz.alleles.gz
finished 13682_47_CSF1R_M_CSF_R.txt.gz.annotated.gz.exclusions.gz.alleles.gz
