running 19152_4_PPP1R2_IPP2.txt.gz.annotated.gz.exclusions.gz.alleles.gz
finished 19152_4_PPP1R2_IPP2.txt.gz.annotated.gz.exclusions.gz.alleles.gz
running 19153_53_MPPED2_MPPD2.txt.gz.annotated.gz.exclusions.gz.alleles.gz
finished 19153_53_MPPED2_MPPD2.txt.gz.annotated.gz.exclusions.gz.alleles.gz
running 19154_41_SERPINE2_Protease_nexin_I.txt.gz.annotated.gz.exclusions.gz.alleles.gz
finished 19154_41_SERPINE2_Protease_nexin_I.txt.gz.annotated.gz.exclusions.gz.alleles.gz
running 19158_1_PAF_PAF.txt.gz.annotated.gz.exclusions.gz.alleles.gz
finished 19158_1_PAF_PAF.txt.gz.annotated.gz.exclusions.gz.alleles.gz
running 19159_9_POLD4_DNA_polymerase_subunit_delta_4.txt.gz.annotated.gz.exclusions.gz.alleles.gz
finished 19159_9_POLD4_DNA_polymerase_subunit_delta_4.txt.gz.annotated.gz.exclusions.gz.alleles.gz
running 19161_1_USP15_UBP15.txt.gz.annotated.gz.exclusions.gz.alleles.gz
finished 19161_1_USP15_UBP15.txt.gz.annotated.gz.exclusions.gz.alleles.gz
running 19163_26_LRRC59_LRC59.txt.gz.annotated.gz.exclusions.gz.alleles.gz
finished 19163_26_LRRC59_LRC59.txt.gz.annotated.gz.exclusions.gz.alleles.gz
running 19166_15_RPS19_RS19.txt.gz.annotated.gz.exclusions.gz.alleles.gz
finished 19166_15_RPS19_RS19.txt.gz.annotated.gz.exclusions.gz.alleles.gz
running 19168_71_PSTPIP1_PPIP1.txt.gz.annotated.gz.exclusions.gz.alleles.gz
finished 19168_71_PSTPIP1_PPIP1.txt.gz.annotated.gz.exclusions.gz.alleles.gz
running 19169_88_FIBP_FIBP.txt.gz.annotated.gz.exclusions.gz.alleles.gz
finished 19169_88_FIBP_FIBP.txt.gz.annotated.gz.exclusions.gz.alleles.gz
running 19170_25_POLE3_DPOE3.txt.gz.annotated.gz.exclusions.gz.alleles.gz
finished 19170_25_POLE3_DPOE3.txt.gz.annotated.gz.exclusions.gz.alleles.gz
running 19173_5_ZFAND1_ZFAN1.txt.gz.annotated.gz.exclusions.gz.alleles.gz
finished 19173_5_ZFAND1_ZFAN1.txt.gz.annotated.gz.exclusions.gz.alleles.gz
running 19174_141_GOLGA7_GOGA7.txt.gz.annotated.gz.exclusions.gz.alleles.gz
finished 19174_141_GOLGA7_GOGA7.txt.gz.annotated.gz.exclusions.gz.alleles.gz
running 19175_18_MARCKSL1_MARCKSL1.txt.gz.annotated.gz.exclusions.gz.alleles.gz
finished 19175_18_MARCKSL1_MARCKSL1.txt.gz.annotated.gz.exclusions.gz.alleles.gz
running 19176_27_FAM49B_FA49B.txt.gz.annotated.gz.exclusions.gz.alleles.gz
finished 19176_27_FAM49B_FA49B.txt.gz.annotated.gz.exclusions.gz.alleles.gz
running 19177_7_MOBKL1A_MOL1A.txt.gz.annotated.gz.exclusions.gz.alleles.gz
finished 19177_7_MOBKL1A_MOL1A.txt.gz.annotated.gz.exclusions.gz.alleles.gz
running 19180_38_GULP1_GULP1.txt.gz.annotated.gz.exclusions.gz.alleles.gz
finished 19180_38_GULP1_GULP1.txt.gz.annotated.gz.exclusions.gz.alleles.gz
running 19183_164_RPL12_RL12.txt.gz.annotated.gz.exclusions.gz.alleles.gz
finished 19183_164_RPL12_RL12.txt.gz.annotated.gz.exclusions.gz.alleles.gz
running 19187_21_STAMBP_STABP.txt.gz.annotated.gz.exclusions.gz.alleles.gz
finished 19187_21_STAMBP_STABP.txt.gz.annotated.gz.exclusions.gz.alleles.gz
running 19188_21_NAP1L4_NAP2L.txt.gz.annotated.gz.exclusions.gz.alleles.gz
finished 19188_21_NAP1L4_NAP2L.txt.gz.annotated.gz.exclusions.gz.alleles.gz
running 19189_2_USP14_UBP14.txt.gz.annotated.gz.exclusions.gz.alleles.gz
finished 19189_2_USP14_UBP14.txt.gz.annotated.gz.exclusions.gz.alleles.gz
running 19190_4_UBE2L6_UB2L6.txt.gz.annotated.gz.exclusions.gz.alleles.gz
finished 19190_4_UBE2L6_UB2L6.txt.gz.annotated.gz.exclusions.gz.alleles.gz
running 19193_18_VBP1_PFD3.txt.gz.annotated.gz.exclusions.gz.alleles.gz
finished 19193_18_VBP1_PFD3.txt.gz.annotated.gz.exclusions.gz.alleles.gz
running 19194_9_DTD1_Histidyl_tRNA_synthetase_related.txt.gz.annotated.gz.exclusions.gz.alleles.gz
finished 19194_9_DTD1_Histidyl_tRNA_synthetase_related.txt.gz.annotated.gz.exclusions.gz.alleles.gz
running 19195_85_RPS5_RS5.txt.gz.annotated.gz.exclusions.gz.alleles.gz
finished 19195_85_RPS5_RS5.txt.gz.annotated.gz.exclusions.gz.alleles.gz
running 19196_73_HOPX_HOP.txt.gz.annotated.gz.exclusions.gz.alleles.gz
finished 19196_73_HOPX_HOP.txt.gz.annotated.gz.exclusions.gz.alleles.gz
running 19197_95_ACAT1_THIL.txt.gz.annotated.gz.exclusions.gz.alleles.gz
finished 19197_95_ACAT1_THIL.txt.gz.annotated.gz.exclusions.gz.alleles.gz
running 19199_3_POLR2J_RPB11.txt.gz.annotated.gz.exclusions.gz.alleles.gz
finished 19199_3_POLR2J_RPB11.txt.gz.annotated.gz.exclusions.gz.alleles.gz
running 19200_16_NDUFA5_NDUA5.txt.gz.annotated.gz.exclusions.gz.alleles.gz
finished 19200_16_NDUFA5_NDUA5.txt.gz.annotated.gz.exclusions.gz.alleles.gz
running 19202_10_BTK_BTK.txt.gz.annotated.gz.exclusions.gz.alleles.gz
finished 19202_10_BTK_BTK.txt.gz.annotated.gz.exclusions.gz.alleles.gz
running 19206_20_NUDT1_8ODP.txt.gz.annotated.gz.exclusions.gz.alleles.gz
finished 19206_20_NUDT1_8ODP.txt.gz.annotated.gz.exclusions.gz.alleles.gz
running 19207_119_ADK_ADK.txt.gz.annotated.gz.exclusions.gz.alleles.gz
finished 19207_119_ADK_ADK.txt.gz.annotated.gz.exclusions.gz.alleles.gz
running 19208_8_ACVR2A_Activin_RIIA.txt.gz.annotated.gz.exclusions.gz.alleles.gz
finished 19208_8_ACVR2A_Activin_RIIA.txt.gz.annotated.gz.exclusions.gz.alleles.gz
running 19209_6_NFKBIA_IKB_alpha.txt.gz.annotated.gz.exclusions.gz.alleles.gz
finished 19209_6_NFKBIA_IKB_alpha.txt.gz.annotated.gz.exclusions.gz.alleles.gz
running 19212_4_DMBT1_DMBT1.txt.gz.annotated.gz.exclusions.gz.alleles.gz
finished 19212_4_DMBT1_DMBT1.txt.gz.annotated.gz.exclusions.gz.alleles.gz
running 19213_1_SPINK4_ISK4.txt.gz.annotated.gz.exclusions.gz.alleles.gz
finished 19213_1_SPINK4_ISK4.txt.gz.annotated.gz.exclusions.gz.alleles.gz
running 19215_7_NDRG1_NDRG1.txt.gz.annotated.gz.exclusions.gz.alleles.gz
finished 19215_7_NDRG1_NDRG1.txt.gz.annotated.gz.exclusions.gz.alleles.gz
running 19219_71_NUTF2_NTF_2.txt.gz.annotated.gz.exclusions.gz.alleles.gz
finished 19219_71_NUTF2_NTF_2.txt.gz.annotated.gz.exclusions.gz.alleles.gz
running 19222_124_RAB5B_RAB5B.txt.gz.annotated.gz.exclusions.gz.alleles.gz
finished 19222_124_RAB5B_RAB5B.txt.gz.annotated.gz.exclusions.gz.alleles.gz
running 19223_6_RAB1A_RAB1A.txt.gz.annotated.gz.exclusions.gz.alleles.gz
finished 19223_6_RAB1A_RAB1A.txt.gz.annotated.gz.exclusions.gz.alleles.gz
running 19224_5_EIF1AY_IF1AY.txt.gz.annotated.gz.exclusions.gz.alleles.gz
finished 19224_5_EIF1AY_IF1AY.txt.gz.annotated.gz.exclusions.gz.alleles.gz
running 19225_11_BLNK_BLNK.txt.gz.annotated.gz.exclusions.gz.alleles.gz
finished 19225_11_BLNK_BLNK.txt.gz.annotated.gz.exclusions.gz.alleles.gz
running 19227_18_BATF_BATF.txt.gz.annotated.gz.exclusions.gz.alleles.gz
finished 19227_18_BATF_BATF.txt.gz.annotated.gz.exclusions.gz.alleles.gz
running 19228_11_BAG2_BAG_2.txt.gz.annotated.gz.exclusions.gz.alleles.gz
finished 19228_11_BAG2_BAG_2.txt.gz.annotated.gz.exclusions.gz.alleles.gz
running 19229_92_HOMER1_HOME1.txt.gz.annotated.gz.exclusions.gz.alleles.gz
finished 19229_92_HOMER1_HOME1.txt.gz.annotated.gz.exclusions.gz.alleles.gz
running 19230_12_GSTT1_GSTT1.txt.gz.annotated.gz.exclusions.gz.alleles.gz
finished 19230_12_GSTT1_GSTT1.txt.gz.annotated.gz.exclusions.gz.alleles.gz
running 19231_22_PTP4A3_PRL_3.txt.gz.annotated.gz.exclusions.gz.alleles.gz
finished 19231_22_PTP4A3_PRL_3.txt.gz.annotated.gz.exclusions.gz.alleles.gz
running 19233_75_ATOX1_ATOX1.txt.gz.annotated.gz.exclusions.gz.alleles.gz
finished 19233_75_ATOX1_ATOX1.txt.gz.annotated.gz.exclusions.gz.alleles.gz
running 19236_24_SUB1_TCP4.txt.gz.annotated.gz.exclusions.gz.alleles.gz
finished 19236_24_SUB1_TCP4.txt.gz.annotated.gz.exclusions.gz.alleles.gz
running 19237_17_DDT_D_dopachrome_decarboxylase.txt.gz.annotated.gz.exclusions.gz.alleles.gz
finished 19237_17_DDT_D_dopachrome_decarboxylase.txt.gz.annotated.gz.exclusions.gz.alleles.gz
running 19238_12_GLUL_GLNA.txt.gz.annotated.gz.exclusions.gz.alleles.gz
finished 19238_12_GLUL_GLNA.txt.gz.annotated.gz.exclusions.gz.alleles.gz
running 19239_5_ARF1_ARF1.txt.gz.annotated.gz.exclusions.gz.alleles.gz
finished 19239_5_ARF1_ARF1.txt.gz.annotated.gz.exclusions.gz.alleles.gz
running 19240_265_PDAP1_HAP28.txt.gz.annotated.gz.exclusions.gz.alleles.gz
finished 19240_265_PDAP1_HAP28.txt.gz.annotated.gz.exclusions.gz.alleles.gz
running 19241_31_RBP5_RBP_III.txt.gz.annotated.gz.exclusions.gz.alleles.gz
finished 19241_31_RBP5_RBP_III.txt.gz.annotated.gz.exclusions.gz.alleles.gz
running 19242_21_PFDN1_PFD1.txt.gz.annotated.gz.exclusions.gz.alleles.gz
finished 19242_21_PFDN1_PFD1.txt.gz.annotated.gz.exclusions.gz.alleles.gz
running 19243_2_PFDN2_PFD2.txt.gz.annotated.gz.exclusions.gz.alleles.gz
finished 19243_2_PFDN2_PFD2.txt.gz.annotated.gz.exclusions.gz.alleles.gz
running 19247_1_UBE2D1_UB2D1.txt.gz.annotated.gz.exclusions.gz.alleles.gz
finished 19247_1_UBE2D1_UB2D1.txt.gz.annotated.gz.exclusions.gz.alleles.gz
running 19249_18_KARS_SYK.txt.gz.annotated.gz.exclusions.gz.alleles.gz
finished 19249_18_KARS_SYK.txt.gz.annotated.gz.exclusions.gz.alleles.gz
running 19250_50_MYCBP_MYCBP.txt.gz.annotated.gz.exclusions.gz.alleles.gz
finished 19250_50_MYCBP_MYCBP.txt.gz.annotated.gz.exclusions.gz.alleles.gz
running 19251_56_SRGN_Platelet_proteoglycan.txt.gz.annotated.gz.exclusions.gz.alleles.gz
finished 19251_56_SRGN_Platelet_proteoglycan.txt.gz.annotated.gz.exclusions.gz.alleles.gz
running 19252_67_PSMB2_PSB2.txt.gz.annotated.gz.exclusions.gz.alleles.gz
finished 19252_67_PSMB2_PSB2.txt.gz.annotated.gz.exclusions.gz.alleles.gz
running 19253_82_RAB2B_RAB2B.txt.gz.annotated.gz.exclusions.gz.alleles.gz
finished 19253_82_RAB2B_RAB2B.txt.gz.annotated.gz.exclusions.gz.alleles.gz
running 19254_125_GMPR_GMPR1.txt.gz.annotated.gz.exclusions.gz.alleles.gz
finished 19254_125_GMPR_GMPR1.txt.gz.annotated.gz.exclusions.gz.alleles.gz
running 19255_124_NXT2_NXT2.txt.gz.annotated.gz.exclusions.gz.alleles.gz
finished 19255_124_NXT2_NXT2.txt.gz.annotated.gz.exclusions.gz.alleles.gz
running 19257_11_CLTA_CLCA.txt.gz.annotated.gz.exclusions.gz.alleles.gz
finished 19257_11_CLTA_CLCA.txt.gz.annotated.gz.exclusions.gz.alleles.gz
running 19258_24_GCDH_GCDH.txt.gz.annotated.gz.exclusions.gz.alleles.gz
finished 19258_24_GCDH_GCDH.txt.gz.annotated.gz.exclusions.gz.alleles.gz
running 19259_176_EIF2S1_IF2A.txt.gz.annotated.gz.exclusions.gz.alleles.gz
finished 19259_176_EIF2S1_IF2A.txt.gz.annotated.gz.exclusions.gz.alleles.gz
running 19260_4_GIPC1_GIPC1.txt.gz.annotated.gz.exclusions.gz.alleles.gz
finished 19260_4_GIPC1_GIPC1.txt.gz.annotated.gz.exclusions.gz.alleles.gz
running 19261_12_SDCBP2_SDCB2.txt.gz.annotated.gz.exclusions.gz.alleles.gz
finished 19261_12_SDCBP2_SDCB2.txt.gz.annotated.gz.exclusions.gz.alleles.gz
running 19262_219_ACADVL_ACADV.txt.gz.annotated.gz.exclusions.gz.alleles.gz
finished 19262_219_ACADVL_ACADV.txt.gz.annotated.gz.exclusions.gz.alleles.gz
running 19263_147_EIF4E_IF4E.txt.gz.annotated.gz.exclusions.gz.alleles.gz
finished 19263_147_EIF4E_IF4E.txt.gz.annotated.gz.exclusions.gz.alleles.gz
running 19264_6_RPA2_RFA2.txt.gz.annotated.gz.exclusions.gz.alleles.gz
finished 19264_6_RPA2_RFA2.txt.gz.annotated.gz.exclusions.gz.alleles.gz
running 19265_9_TCP1_TCPA.txt.gz.annotated.gz.exclusions.gz.alleles.gz
finished 19265_9_TCP1_TCPA.txt.gz.annotated.gz.exclusions.gz.alleles.gz
running 19266_35_G3BP1_G3BP1.txt.gz.annotated.gz.exclusions.gz.alleles.gz
finished 19266_35_G3BP1_G3BP1.txt.gz.annotated.gz.exclusions.gz.alleles.gz
running 19267_14_HAGH_GLO2.txt.gz.annotated.gz.exclusions.gz.alleles.gz
finished 19267_14_HAGH_GLO2.txt.gz.annotated.gz.exclusions.gz.alleles.gz
running 19270_26_YARS_SYYC.txt.gz.annotated.gz.exclusions.gz.alleles.gz
finished 19270_26_YARS_SYYC.txt.gz.annotated.gz.exclusions.gz.alleles.gz
running 19271_64_GNAI1_GNAI1.txt.gz.annotated.gz.exclusions.gz.alleles.gz
finished 19271_64_GNAI1_GNAI1.txt.gz.annotated.gz.exclusions.gz.alleles.gz
running 19272_9_PEF1_PEF1.txt.gz.annotated.gz.exclusions.gz.alleles.gz
finished 19272_9_PEF1_PEF1.txt.gz.annotated.gz.exclusions.gz.alleles.gz
running 19273_3_GSR_Glutathione_reductase.txt.gz.annotated.gz.exclusions.gz.alleles.gz
finished 19273_3_GSR_Glutathione_reductase.txt.gz.annotated.gz.exclusions.gz.alleles.gz
running 19274_80_SNTA1_Alpha_1_syntrophin.txt.gz.annotated.gz.exclusions.gz.alleles.gz
finished 19274_80_SNTA1_Alpha_1_syntrophin.txt.gz.annotated.gz.exclusions.gz.alleles.gz
running 19275_68_IDH3G_IDH3G.txt.gz.annotated.gz.exclusions.gz.alleles.gz
finished 19275_68_IDH3G_IDH3G.txt.gz.annotated.gz.exclusions.gz.alleles.gz
running 19276_124_SNRPG_RUXG.txt.gz.annotated.gz.exclusions.gz.alleles.gz
finished 19276_124_SNRPG_RUXG.txt.gz.annotated.gz.exclusions.gz.alleles.gz
running 19277_4_TSTD1_KAT.txt.gz.annotated.gz.exclusions.gz.alleles.gz
finished 19277_4_TSTD1_KAT.txt.gz.annotated.gz.exclusions.gz.alleles.gz
running 19278_19_RAB1B_RAB1B.txt.gz.annotated.gz.exclusions.gz.alleles.gz
finished 19278_19_RAB1B_RAB1B.txt.gz.annotated.gz.exclusions.gz.alleles.gz
running 19279_42_RBP1_CRBP.txt.gz.annotated.gz.exclusions.gz.alleles.gz
finished 19279_42_RBP1_CRBP.txt.gz.annotated.gz.exclusions.gz.alleles.gz
running 19280_29_UBE2D3_UB2D3.txt.gz.annotated.gz.exclusions.gz.alleles.gz
finished 19280_29_UBE2D3_UB2D3.txt.gz.annotated.gz.exclusions.gz.alleles.gz
running 19281_86_MAFG_MAFG.txt.gz.annotated.gz.exclusions.gz.alleles.gz
finished 19281_86_MAFG_MAFG.txt.gz.annotated.gz.exclusions.gz.alleles.gz
running 19282_3_RAB13_RAB13.txt.gz.annotated.gz.exclusions.gz.alleles.gz
finished 19282_3_RAB13_RAB13.txt.gz.annotated.gz.exclusions.gz.alleles.gz
running 19286_30_MYL5_MLR5.txt.gz.annotated.gz.exclusions.gz.alleles.gz
finished 19286_30_MYL5_MLR5.txt.gz.annotated.gz.exclusions.gz.alleles.gz
running 19287_59_DENR_DENR.txt.gz.annotated.gz.exclusions.gz.alleles.gz
finished 19287_59_DENR_DENR.txt.gz.annotated.gz.exclusions.gz.alleles.gz
running 19289_29_UROD_DCUP.txt.gz.annotated.gz.exclusions.gz.alleles.gz
finished 19289_29_UROD_DCUP.txt.gz.annotated.gz.exclusions.gz.alleles.gz
running 19290_5_HPRT1_HPRT.txt.gz.annotated.gz.exclusions.gz.alleles.gz
finished 19290_5_HPRT1_HPRT.txt.gz.annotated.gz.exclusions.gz.alleles.gz
running 19291_2_CASQ2_CASQ2.txt.gz.annotated.gz.exclusions.gz.alleles.gz
finished 19291_2_CASQ2_CASQ2.txt.gz.annotated.gz.exclusions.gz.alleles.gz
running 19293_6_VPS26A_VP26A.txt.gz.annotated.gz.exclusions.gz.alleles.gz
finished 19293_6_VPS26A_VP26A.txt.gz.annotated.gz.exclusions.gz.alleles.gz
running 19294_26_CRIPT_CRIPT.txt.gz.annotated.gz.exclusions.gz.alleles.gz
finished 19294_26_CRIPT_CRIPT.txt.gz.annotated.gz.exclusions.gz.alleles.gz
running 19295_32_PPP1CC_PP1G.txt.gz.annotated.gz.exclusions.gz.alleles.gz
finished 19295_32_PPP1CC_PP1G.txt.gz.annotated.gz.exclusions.gz.alleles.gz
running 19296_51_MYL7_MLRA.txt.gz.annotated.gz.exclusions.gz.alleles.gz
finished 19296_51_MYL7_MLRA.txt.gz.annotated.gz.exclusions.gz.alleles.gz
running 19297_4_G6PD_G6PD.txt.gz.annotated.gz.exclusions.gz.alleles.gz
finished 19297_4_G6PD_G6PD.txt.gz.annotated.gz.exclusions.gz.alleles.gz
running 19302_7_GIMAP6_GIMA6.txt.gz.annotated.gz.exclusions.gz.alleles.gz
finished 19302_7_GIMAP6_GIMA6.txt.gz.annotated.gz.exclusions.gz.alleles.gz
running 19303_64_PET117_PT117.txt.gz.annotated.gz.exclusions.gz.alleles.gz
finished 19303_64_PET117_PT117.txt.gz.annotated.gz.exclusions.gz.alleles.gz
running 19310_81_COPE_COPE.txt.gz.annotated.gz.exclusions.gz.alleles.gz
finished 19310_81_COPE_COPE.txt.gz.annotated.gz.exclusions.gz.alleles.gz
running 19311_15_CRYGS_CRBS.txt.gz.annotated.gz.exclusions.gz.alleles.gz
finished 19311_15_CRYGS_CRBS.txt.gz.annotated.gz.exclusions.gz.alleles.gz
running 19316_2_HSCB_HSC20.txt.gz.annotated.gz.exclusions.gz.alleles.gz
finished 19316_2_HSCB_HSC20.txt.gz.annotated.gz.exclusions.gz.alleles.gz
running 19317_114_ACPP_Prostatic_acid_phosphatase.txt.gz.annotated.gz.exclusions.gz.alleles.gz
finished 19317_114_ACPP_Prostatic_acid_phosphatase.txt.gz.annotated.gz.exclusions.gz.alleles.gz
running 19323_1_EBAG9_RCAS1.txt.gz.annotated.gz.exclusions.gz.alleles.gz
finished 19323_1_EBAG9_RCAS1.txt.gz.annotated.gz.exclusions.gz.alleles.gz
running 19325_21_ABHD14B_ABHEB.txt.gz.annotated.gz.exclusions.gz.alleles.gz
finished 19325_21_ABHD14B_ABHEB.txt.gz.annotated.gz.exclusions.gz.alleles.gz
running 19327_31_HAT1_Hat1.txt.gz.annotated.gz.exclusions.gz.alleles.gz
finished 19327_31_HAT1_Hat1.txt.gz.annotated.gz.exclusions.gz.alleles.gz
running 19328_51_CHEK2_Chk2.txt.gz.annotated.gz.exclusions.gz.alleles.gz
finished 19328_51_CHEK2_Chk2.txt.gz.annotated.gz.exclusions.gz.alleles.gz
running 19329_31_HIPK3_HIPK3.txt.gz.annotated.gz.exclusions.gz.alleles.gz
finished 19329_31_HIPK3_HIPK3.txt.gz.annotated.gz.exclusions.gz.alleles.gz
