running 5062_60_CD226_CD226.txt.gz.annotated.gz.exclusions.gz.alleles.gz
finished 5062_60_CD226_CD226.txt.gz.annotated.gz.exclusions.gz.alleles.gz
running 5063_12_CD244_CD244.txt.gz.annotated.gz.exclusions.gz.alleles.gz
finished 5063_12_CD244_CD244.txt.gz.annotated.gz.exclusions.gz.alleles.gz
running 5065_8_CD83_CD83.txt.gz.annotated.gz.exclusions.gz.alleles.gz
finished 5065_8_CD83_CD83.txt.gz.annotated.gz.exclusions.gz.alleles.gz
running 5066_134_CD300C_CLM6.txt.gz.annotated.gz.exclusions.gz.alleles.gz
finished 5066_134_CD300C_CLM6.txt.gz.annotated.gz.exclusions.gz.alleles.gz
running 5069_9_CD55_DAF.txt.gz.annotated.gz.exclusions.gz.alleles.gz
finished 5069_9_CD55_DAF.txt.gz.annotated.gz.exclusions.gz.alleles.gz
running 5070_76_TNFRSF6B_DcR3.txt.gz.annotated.gz.exclusions.gz.alleles.gz
finished 5070_76_TNFRSF6B_DcR3.txt.gz.annotated.gz.exclusions.gz.alleles.gz
running 5076_53_EPHA10_EPHAA.txt.gz.annotated.gz.exclusions.gz.alleles.gz
finished 5076_53_EPHA10_EPHAA.txt.gz.annotated.gz.exclusions.gz.alleles.gz
running 5078_82_EPHB6_EphB6.txt.gz.annotated.gz.exclusions.gz.alleles.gz
finished 5078_82_EPHB6_EphB6.txt.gz.annotated.gz.exclusions.gz.alleles.gz
running 5082_51_IL1RAPL2_IL_1_sR9.txt.gz.annotated.gz.exclusions.gz.alleles.gz
finished 5082_51_IL1RAPL2_IL_1_sR9.txt.gz.annotated.gz.exclusions.gz.alleles.gz
running 5085_18_IL20RA_IL_20_Ra.txt.gz.annotated.gz.exclusions.gz.alleles.gz
finished 5085_18_IL20RA_IL_20_Ra.txt.gz.annotated.gz.exclusions.gz.alleles.gz
running 5087_5_IL22RA2_IL_22BP.txt.gz.annotated.gz.exclusions.gz.alleles.gz
finished 5087_5_IL22RA2_IL_22BP.txt.gz.annotated.gz.exclusions.gz.alleles.gz
running 5088_175_IL23R_IL_23_R.txt.gz.annotated.gz.exclusions.gz.alleles.gz
finished 5088_175_IL23R_IL_23_R.txt.gz.annotated.gz.exclusions.gz.alleles.gz
running 5089_11_IL7R_IL_7_Ra.txt.gz.annotated.gz.exclusions.gz.alleles.gz
finished 5089_11_IL7R_IL_7_Ra.txt.gz.annotated.gz.exclusions.gz.alleles.gz
running 5090_49_LILRB1_ILT_2.txt.gz.annotated.gz.exclusions.gz.alleles.gz
finished 5090_49_LILRB1_ILT_2.txt.gz.annotated.gz.exclusions.gz.alleles.gz
running 5091_28_LILRB2_ILT_4.txt.gz.annotated.gz.exclusions.gz.alleles.gz
finished 5091_28_LILRB2_ILT_4.txt.gz.annotated.gz.exclusions.gz.alleles.gz
running 5092_51_JAG1_JAG1.txt.gz.annotated.gz.exclusions.gz.alleles.gz
finished 5092_51_JAG1_JAG1.txt.gz.annotated.gz.exclusions.gz.alleles.gz
running 5093_47_JAG2_JAG2.txt.gz.annotated.gz.exclusions.gz.alleles.gz
finished 5093_47_JAG2_JAG2.txt.gz.annotated.gz.exclusions.gz.alleles.gz
running 5094_62_AMICA1_JAML1.txt.gz.annotated.gz.exclusions.gz.alleles.gz
finished 5094_62_AMICA1_JAML1.txt.gz.annotated.gz.exclusions.gz.alleles.gz
running 5095_21_KIR2DL4_KI2L4.txt.gz.annotated.gz.exclusions.gz.alleles.gz
finished 5095_21_KIR2DL4_KI2L4.txt.gz.annotated.gz.exclusions.gz.alleles.gz
running 5096_51_KIR3DL2_KI3L2.txt.gz.annotated.gz.exclusions.gz.alleles.gz
finished 5096_51_KIR3DL2_KI3L2.txt.gz.annotated.gz.exclusions.gz.alleles.gz
running 5097_14_KIR3DS1_KI3S1.txt.gz.annotated.gz.exclusions.gz.alleles.gz
finished 5097_14_KIR3DS1_KI3S1.txt.gz.annotated.gz.exclusions.gz.alleles.gz
running 5098_79_KLRF1_KLRF1.txt.gz.annotated.gz.exclusions.gz.alleles.gz
finished 5098_79_KLRF1_KLRF1.txt.gz.annotated.gz.exclusions.gz.alleles.gz
running 5100_53_SCARB2_LIMP_II.txt.gz.annotated.gz.exclusions.gz.alleles.gz
finished 5100_53_SCARB2_LIMP_II.txt.gz.annotated.gz.exclusions.gz.alleles.gz
running 5102_55_MICB_MICB.txt.gz.annotated.gz.exclusions.gz.alleles.gz
finished 5102_55_MICB_MICB.txt.gz.annotated.gz.exclusions.gz.alleles.gz
running 5103_30_CD200R1_MO2R1.txt.gz.annotated.gz.exclusions.gz.alleles.gz
finished 5103_30_CD200R1_MO2R1.txt.gz.annotated.gz.exclusions.gz.alleles.gz
running 5105_2_RTN4R_Nogo_Receptor.txt.gz.annotated.gz.exclusions.gz.alleles.gz
finished 5105_2_RTN4R_Nogo_Receptor.txt.gz.annotated.gz.exclusions.gz.alleles.gz
running 5106_52_NOTCH2_NOTC2.txt.gz.annotated.gz.exclusions.gz.alleles.gz
finished 5106_52_NOTCH2_NOTC2.txt.gz.annotated.gz.exclusions.gz.alleles.gz
running 5107_7_NOTCH1_Notch_1.txt.gz.annotated.gz.exclusions.gz.alleles.gz
finished 5107_7_NOTCH1_Notch_1.txt.gz.annotated.gz.exclusions.gz.alleles.gz
running 5108_72_NOTCH3_Notch_3.txt.gz.annotated.gz.exclusions.gz.alleles.gz
finished 5108_72_NOTCH3_Notch_3.txt.gz.annotated.gz.exclusions.gz.alleles.gz
running 5109_24_NRCAM_Nr_CAM.txt.gz.annotated.gz.exclusions.gz.alleles.gz
finished 5109_24_NRCAM_Nr_CAM.txt.gz.annotated.gz.exclusions.gz.alleles.gz
running 5110_84_NRXN1_NRX1B.txt.gz.annotated.gz.exclusions.gz.alleles.gz
finished 5110_84_NRXN1_NRX1B.txt.gz.annotated.gz.exclusions.gz.alleles.gz
running 5111_15_NRXN3_NRX3B.txt.gz.annotated.gz.exclusions.gz.alleles.gz
finished 5111_15_NRXN3_NRX3B.txt.gz.annotated.gz.exclusions.gz.alleles.gz
running 5112_73_CD200_OX2G.txt.gz.annotated.gz.exclusions.gz.alleles.gz
finished 5112_73_CD200_OX2G.txt.gz.annotated.gz.exclusions.gz.alleles.gz
running 5114_65_PRLR_Prolactin_Receptor.txt.gz.annotated.gz.exclusions.gz.alleles.gz
finished 5114_65_PRLR_Prolactin_Receptor.txt.gz.annotated.gz.exclusions.gz.alleles.gz
running 5116_62_ROBO2_ROBO2.txt.gz.annotated.gz.exclusions.gz.alleles.gz
finished 5116_62_ROBO2_ROBO2.txt.gz.annotated.gz.exclusions.gz.alleles.gz
running 5117_14_ROBO3_ROBO3.txt.gz.annotated.gz.exclusions.gz.alleles.gz
finished 5117_14_ROBO3_ROBO3.txt.gz.annotated.gz.exclusions.gz.alleles.gz
running 5121_3_SEMA6B_SEM6B.txt.gz.annotated.gz.exclusions.gz.alleles.gz
finished 5121_3_SEMA6B_SEM6B.txt.gz.annotated.gz.exclusions.gz.alleles.gz
running 5124_69_ICAM5_sICAM_5.txt.gz.annotated.gz.exclusions.gz.alleles.gz
finished 5124_69_ICAM5_sICAM_5.txt.gz.annotated.gz.exclusions.gz.alleles.gz
running 5128_53_SLAMF6_SLAF6.txt.gz.annotated.gz.exclusions.gz.alleles.gz
finished 5128_53_SLAMF6_SLAF6.txt.gz.annotated.gz.exclusions.gz.alleles.gz
running 5129_12_SCARF1_SREC_I.txt.gz.annotated.gz.exclusions.gz.alleles.gz
finished 5129_12_SCARF1_SREC_I.txt.gz.annotated.gz.exclusions.gz.alleles.gz
running 5131_15_TNFRSF19_TAJ.txt.gz.annotated.gz.exclusions.gz.alleles.gz
finished 5131_15_TNFRSF19_TAJ.txt.gz.annotated.gz.exclusions.gz.alleles.gz
running 5132_71_IL27RA_TCCR.txt.gz.annotated.gz.exclusions.gz.alleles.gz
finished 5132_71_IL27RA_TCCR.txt.gz.annotated.gz.exclusions.gz.alleles.gz
running 5133_17_TGFBR2_TGF_b_R_II.txt.gz.annotated.gz.exclusions.gz.alleles.gz
finished 5133_17_TGFBR2_TGF_b_R_II.txt.gz.annotated.gz.exclusions.gz.alleles.gz
running 5134_52_HAVCR2_TIMD3.txt.gz.annotated.gz.exclusions.gz.alleles.gz
finished 5134_52_HAVCR2_TIMD3.txt.gz.annotated.gz.exclusions.gz.alleles.gz
running 5138_50_TNFRSF12A_TWEAKR.txt.gz.annotated.gz.exclusions.gz.alleles.gz
finished 5138_50_TNFRSF12A_TWEAKR.txt.gz.annotated.gz.exclusions.gz.alleles.gz
running 5139_32_UNC5C_UNC5H3.txt.gz.annotated.gz.exclusions.gz.alleles.gz
finished 5139_32_UNC5C_UNC5H3.txt.gz.annotated.gz.exclusions.gz.alleles.gz
running 5178_5_PDE7A_PDE7A.txt.gz.annotated.gz.exclusions.gz.alleles.gz
finished 5178_5_PDE7A_PDE7A.txt.gz.annotated.gz.exclusions.gz.alleles.gz
running 5196_7_NMT1_NMT1.txt.gz.annotated.gz.exclusions.gz.alleles.gz
finished 5196_7_NMT1_NMT1.txt.gz.annotated.gz.exclusions.gz.alleles.gz
running 5201_50_PDE9A_PDE9A.txt.gz.annotated.gz.exclusions.gz.alleles.gz
finished 5201_50_PDE9A_PDE9A.txt.gz.annotated.gz.exclusions.gz.alleles.gz
running 5202_4_PPID_PPID.txt.gz.annotated.gz.exclusions.gz.alleles.gz
finished 5202_4_PPID_PPID.txt.gz.annotated.gz.exclusions.gz.alleles.gz
running 5204_13_PSME3_PSME3.txt.gz.annotated.gz.exclusions.gz.alleles.gz
finished 5204_13_PSME3_PSME3.txt.gz.annotated.gz.exclusions.gz.alleles.gz
running 5223_59_GCKR_GCKR.txt.gz.annotated.gz.exclusions.gz.alleles.gz
finished 5223_59_GCKR_GCKR.txt.gz.annotated.gz.exclusions.gz.alleles.gz
running 5224_20_CSNK2A1_CSK21.txt.gz.annotated.gz.exclusions.gz.alleles.gz
finished 5224_20_CSNK2A1_CSK21.txt.gz.annotated.gz.exclusions.gz.alleles.gz
running 5227_60_PDK1_PDK1.txt.gz.annotated.gz.exclusions.gz.alleles.gz
finished 5227_60_PDK1_PDK1.txt.gz.annotated.gz.exclusions.gz.alleles.gz
running 5228_25_KIF23_KIF23.txt.gz.annotated.gz.exclusions.gz.alleles.gz
finished 5228_25_KIF23_KIF23.txt.gz.annotated.gz.exclusions.gz.alleles.gz
running 5229_90_IMPDH1_IMDH1.txt.gz.annotated.gz.exclusions.gz.alleles.gz
finished 5229_90_IMPDH1_IMDH1.txt.gz.annotated.gz.exclusions.gz.alleles.gz
running 5230_99_HMGCR_HMGR.txt.gz.annotated.gz.exclusions.gz.alleles.gz
finished 5230_99_HMGCR_HMGR.txt.gz.annotated.gz.exclusions.gz.alleles.gz
running 5231_79_PCSK9_PCSK9.txt.gz.annotated.gz.exclusions.gz.alleles.gz
finished 5231_79_PCSK9_PCSK9.txt.gz.annotated.gz.exclusions.gz.alleles.gz
running 5236_2_NR1D1_NR1D1.txt.gz.annotated.gz.exclusions.gz.alleles.gz
finished 5236_2_NR1D1_NR1D1.txt.gz.annotated.gz.exclusions.gz.alleles.gz
running 5238_26_PPIE_PPIE.txt.gz.annotated.gz.exclusions.gz.alleles.gz
finished 5238_26_PPIE_PPIE.txt.gz.annotated.gz.exclusions.gz.alleles.gz
running 5242_37_MAP2K4_MP2K4.txt.gz.annotated.gz.exclusions.gz.alleles.gz
finished 5242_37_MAP2K4_MP2K4.txt.gz.annotated.gz.exclusions.gz.alleles.gz
running 5246_64_PDE2A_cGMP_stimulated_PDE.txt.gz.annotated.gz.exclusions.gz.alleles.gz
finished 5246_64_PDE2A_cGMP_stimulated_PDE.txt.gz.annotated.gz.exclusions.gz.alleles.gz
running 5248_68_PPIF_Cyclophilin_F.txt.gz.annotated.gz.exclusions.gz.alleles.gz
finished 5248_68_PPIF_Cyclophilin_F.txt.gz.annotated.gz.exclusions.gz.alleles.gz
running 5249_31_STK17B_DRAK2.txt.gz.annotated.gz.exclusions.gz.alleles.gz
finished 5249_31_STK17B_DRAK2.txt.gz.annotated.gz.exclusions.gz.alleles.gz
running 5250_53_IMPDH2_IMDH2.txt.gz.annotated.gz.exclusions.gz.alleles.gz
finished 5250_53_IMPDH2_IMDH2.txt.gz.annotated.gz.exclusions.gz.alleles.gz
running 5252_33_PDE11A_PDE11.txt.gz.annotated.gz.exclusions.gz.alleles.gz
finished 5252_33_PDE11A_PDE11.txt.gz.annotated.gz.exclusions.gz.alleles.gz
running 5253_1_PDE1A_PDE1A.txt.gz.annotated.gz.exclusions.gz.alleles.gz
finished 5253_1_PDE1A_PDE1A.txt.gz.annotated.gz.exclusions.gz.alleles.gz
running 5254_69_PDE3A_PDE3A.txt.gz.annotated.gz.exclusions.gz.alleles.gz
finished 5254_69_PDE3A_PDE3A.txt.gz.annotated.gz.exclusions.gz.alleles.gz
running 5255_22_PDE4D_PDE4D.txt.gz.annotated.gz.exclusions.gz.alleles.gz
finished 5255_22_PDE4D_PDE4D.txt.gz.annotated.gz.exclusions.gz.alleles.gz
running 5256_86_PDE5A_PDE5A.txt.gz.annotated.gz.exclusions.gz.alleles.gz
finished 5256_86_PDE5A_PDE5A.txt.gz.annotated.gz.exclusions.gz.alleles.gz
running 5260_80_TYK2_TYK2.txt.gz.annotated.gz.exclusions.gz.alleles.gz
finished 5260_80_TYK2_TYK2.txt.gz.annotated.gz.exclusions.gz.alleles.gz
running 5261_13_ABL2_ABL2.txt.gz.annotated.gz.exclusions.gz.alleles.gz
finished 5261_13_ABL2_ABL2.txt.gz.annotated.gz.exclusions.gz.alleles.gz
running 5262_57_BCAR3_BCAR3.txt.gz.annotated.gz.exclusions.gz.alleles.gz
finished 5262_57_BCAR3_BCAR3.txt.gz.annotated.gz.exclusions.gz.alleles.gz
running 5264_65_CALR_calreticulin.txt.gz.annotated.gz.exclusions.gz.alleles.gz
finished 5264_65_CALR_calreticulin.txt.gz.annotated.gz.exclusions.gz.alleles.gz
running 5265_12_GRAP2_GRB2_related_adapter_protein_2.txt.gz.annotated.gz.exclusions.gz.alleles.gz
finished 5265_12_GRAP2_GRB2_related_adapter_protein_2.txt.gz.annotated.gz.exclusions.gz.alleles.gz
running 5268_49_MMP16_MMP_16.txt.gz.annotated.gz.exclusions.gz.alleles.gz
finished 5268_49_MMP16_MMP_16.txt.gz.annotated.gz.exclusions.gz.alleles.gz
running 5272_55_SHC1_SHC1.txt.gz.annotated.gz.exclusions.gz.alleles.gz
finished 5272_55_SHC1_SHC1.txt.gz.annotated.gz.exclusions.gz.alleles.gz
running 5275_28_VAV1_VAV.txt.gz.annotated.gz.exclusions.gz.alleles.gz
finished 5275_28_VAV1_VAV.txt.gz.annotated.gz.exclusions.gz.alleles.gz
running 5280_68_SLC25A18_GHC2.txt.gz.annotated.gz.exclusions.gz.alleles.gz
finished 5280_68_SLC25A18_GHC2.txt.gz.annotated.gz.exclusions.gz.alleles.gz
running 5301_7_CCL11_Eotaxin.txt.gz.annotated.gz.exclusions.gz.alleles.gz
finished 5301_7_CCL11_Eotaxin.txt.gz.annotated.gz.exclusions.gz.alleles.gz
running 5307_12_F9_Coagulation_Factor_IXab.txt.gz.annotated.gz.exclusions.gz.alleles.gz
finished 5307_12_F9_Coagulation_Factor_IXab.txt.gz.annotated.gz.exclusions.gz.alleles.gz
running 5315_22_TNNT2_Troponin_T.txt.gz.annotated.gz.exclusions.gz.alleles.gz
finished 5315_22_TNNT2_Troponin_T.txt.gz.annotated.gz.exclusions.gz.alleles.gz
running 5316_54_F2_Prothrombin.txt.gz.annotated.gz.exclusions.gz.alleles.gz
finished 5316_54_F2_Prothrombin.txt.gz.annotated.gz.exclusions.gz.alleles.gz
running 5335_73_ANXA6_annexin_VI.txt.gz.annotated.gz.exclusions.gz.alleles.gz
finished 5335_73_ANXA6_annexin_VI.txt.gz.annotated.gz.exclusions.gz.alleles.gz
running 5337_64_CD86_B7_2.txt.gz.annotated.gz.exclusions.gz.alleles.gz
finished 5337_64_CD86_B7_2.txt.gz.annotated.gz.exclusions.gz.alleles.gz
running 5339_49_S100A9_calgranulin_B.txt.gz.annotated.gz.exclusions.gz.alleles.gz
finished 5339_49_S100A9_calgranulin_B.txt.gz.annotated.gz.exclusions.gz.alleles.gz
running 5340_24_CASP10_Caspase_10.txt.gz.annotated.gz.exclusions.gz.alleles.gz
finished 5340_24_CASP10_Caspase_10.txt.gz.annotated.gz.exclusions.gz.alleles.gz
running 5343_74_CPE_CBPE.txt.gz.annotated.gz.exclusions.gz.alleles.gz
finished 5343_74_CPE_CBPE.txt.gz.annotated.gz.exclusions.gz.alleles.gz
running 5345_51_CKAP2_CKAP2.txt.gz.annotated.gz.exclusions.gz.alleles.gz
finished 5345_51_CKAP2_CKAP2.txt.gz.annotated.gz.exclusions.gz.alleles.gz
running 5346_24_CPNE1_CPNE1.txt.gz.annotated.gz.exclusions.gz.alleles.gz
finished 5346_24_CPNE1_CPNE1.txt.gz.annotated.gz.exclusions.gz.alleles.gz
running 5347_59_CCNB1_Cyclin_B1.txt.gz.annotated.gz.exclusions.gz.alleles.gz
finished 5347_59_CCNB1_Cyclin_B1.txt.gz.annotated.gz.exclusions.gz.alleles.gz
running 5349_69_DLL1_DLL1.txt.gz.annotated.gz.exclusions.gz.alleles.gz
finished 5349_69_DLL1_DLL1.txt.gz.annotated.gz.exclusions.gz.alleles.gz
running 5350_14_GPC6_GPC6.txt.gz.annotated.gz.exclusions.gz.alleles.gz
finished 5350_14_GPC6_GPC6.txt.gz.annotated.gz.exclusions.gz.alleles.gz
running 5351_52_HNRNPA2B1_hnRNP_A2_B1.txt.gz.annotated.gz.exclusions.gz.alleles.gz
finished 5351_52_HNRNPA2B1_hnRNP_A2_B1.txt.gz.annotated.gz.exclusions.gz.alleles.gz
running 5352_11_TNFRSF14_HVEM.txt.gz.annotated.gz.exclusions.gz.alleles.gz
finished 5352_11_TNFRSF14_HVEM.txt.gz.annotated.gz.exclusions.gz.alleles.gz
running 5353_89_IL1RN_IL_1Ra.txt.gz.annotated.gz.exclusions.gz.alleles.gz
finished 5353_89_IL1RN_IL_1Ra.txt.gz.annotated.gz.exclusions.gz.alleles.gz
running 5354_11_KRT18_Keratin_18.txt.gz.annotated.gz.exclusions.gz.alleles.gz
finished 5354_11_KRT18_Keratin_18.txt.gz.annotated.gz.exclusions.gz.alleles.gz
running 5355_69_TNFSF14_LIGHT.txt.gz.annotated.gz.exclusions.gz.alleles.gz
finished 5355_69_TNFSF14_LIGHT.txt.gz.annotated.gz.exclusions.gz.alleles.gz
running 5357_60_NLGN4X_NLGNX.txt.gz.annotated.gz.exclusions.gz.alleles.gz
finished 5357_60_NLGN4X_NLGNX.txt.gz.annotated.gz.exclusions.gz.alleles.gz
running 5358_3_OMD_OMD.txt.gz.annotated.gz.exclusions.gz.alleles.gz
finished 5358_3_OMD_OMD.txt.gz.annotated.gz.exclusions.gz.alleles.gz
running 5359_65_PIM1_PIM1.txt.gz.annotated.gz.exclusions.gz.alleles.gz
finished 5359_65_PIM1_PIM1.txt.gz.annotated.gz.exclusions.gz.alleles.gz
running 5360_9_AKT2_PKB_beta.txt.gz.annotated.gz.exclusions.gz.alleles.gz
finished 5360_9_AKT2_PKB_beta.txt.gz.annotated.gz.exclusions.gz.alleles.gz
running 5363_51_SEMA3E_Semaphorin_3E.txt.gz.annotated.gz.exclusions.gz.alleles.gz
finished 5363_51_SEMA3E_Semaphorin_3E.txt.gz.annotated.gz.exclusions.gz.alleles.gz
running 5364_7_SET_SET.txt.gz.annotated.gz.exclusions.gz.alleles.gz
finished 5364_7_SET_SET.txt.gz.annotated.gz.exclusions.gz.alleles.gz
running 5383_14_TNFRSF13C_BAFF_Receptor.txt.gz.annotated.gz.exclusions.gz.alleles.gz
finished 5383_14_TNFRSF13C_BAFF_Receptor.txt.gz.annotated.gz.exclusions.gz.alleles.gz
running 5392_73_FAS_Fas__soluble.txt.gz.annotated.gz.exclusions.gz.alleles.gz
finished 5392_73_FAS_Fas__soluble.txt.gz.annotated.gz.exclusions.gz.alleles.gz
running 5400_52_LEPR_sLeptin_R.txt.gz.annotated.gz.exclusions.gz.alleles.gz
finished 5400_52_LEPR_sLeptin_R.txt.gz.annotated.gz.exclusions.gz.alleles.gz
running 5404_53_TNFRSF21_DR6.txt.gz.annotated.gz.exclusions.gz.alleles.gz
finished 5404_53_TNFRSF21_DR6.txt.gz.annotated.gz.exclusions.gz.alleles.gz
running 5410_53_CDH15_CAD15.txt.gz.annotated.gz.exclusions.gz.alleles.gz
finished 5410_53_CDH15_CAD15.txt.gz.annotated.gz.exclusions.gz.alleles.gz
