running AXL_P30530_OID20363.gz
finished AXL_P30530_OID20363.gz
running AZI2_Q9H6S1_OID31056.gz
finished AZI2_Q9H6S1_OID31056.gz
running AZU1_P20160_OID20309.gz
finished AZU1_P20160_OID20309.gz
running B2M_P61769_OID30725.gz
finished B2M_P61769_OID30725.gz
running B3GAT3_O94766_OID30165.gz
finished B3GAT3_O94766_OID30165.gz
running B3GNT7_Q8NFL0_OID30281.gz
finished B3GNT7_Q8NFL0_OID30281.gz
running B4GALT1_P15291_OID20780.gz
finished B4GALT1_P15291_OID20780.gz
running B4GAT1_O43505_OID21127.gz
finished B4GAT1_O43505_OID21127.gz
running BABAM1_Q9NWV8_OID30466.gz
finished BABAM1_Q9NWV8_OID30466.gz
running BACH1_O14867_OID20505.gz
finished BACH1_O14867_OID20505.gz
running BAG3_O95817_OID20972.gz
finished BAG3_O95817_OID20972.gz
running BAG4_O95429_OID30474.gz
finished BAG4_O95429_OID30474.gz
running BAG6_P46379_OID20114.gz
finished BAG6_P46379_OID20114.gz
running BAIAP2_Q9UQB8_OID21250.gz
finished BAIAP2_Q9UQB8_OID21250.gz
running BAMBI_Q13145_OID21267.gz
finished BAMBI_Q13145_OID21267.gz
running BANK1_Q8NDB2_OID20594.gz
finished BANK1_Q8NDB2_OID20594.gz
running BAP18_Q8IXM2_OID31150.gz
finished BAP18_Q8IXM2_OID31150.gz
running BATF_Q16520_OID30896.gz
finished BATF_Q16520_OID30896.gz
running BAX_Q07812_OID20856.gz
finished BAX_Q07812_OID20856.gz
running BCAM_P50895_OID21076.gz
finished BCAM_P50895_OID21076.gz
running BCAN_Q96GW7_OID20998.gz
finished BCAN_Q96GW7_OID20998.gz
running BCAT1_P54687_OID30312.gz
finished BCAT1_P54687_OID30312.gz
running BCAT2_O15382_OID30844.gz
finished BCAT2_O15382_OID30844.gz
running BCHE_P06276_OID30717.gz
finished BCHE_P06276_OID30717.gz
running BCL2L11_O43521-2_OID20513.gz
finished BCL2L11_O43521-2_OID20513.gz
running BCL2L15_Q5TBC7_OID30498.gz
finished BCL2L15_Q5TBC7_OID30498.gz
running BCL2L1_Q07817_OID31152.gz
finished BCL2L1_Q07817_OID31152.gz
running BCL2_P10415_OID31454.gz
finished BCL2_P10415_OID31454.gz
running BCL7A_Q4VC05_OID31218.gz
finished BCL7A_Q4VC05_OID31218.gz
running BCL7B_Q9BQE9_OID31421.gz
finished BCL7B_Q9BQE9_OID31421.gz
running BCR_P11274_OID20558.gz
finished BCR_P11274_OID20558.gz
running BDNF_P23560_OID30373.gz
finished BDNF_P23560_OID30373.gz
running BECN1_Q14457_OID30220.gz
finished BECN1_Q14457_OID30220.gz
running BEX3_Q00994_OID31202.gz
finished BEX3_Q00994_OID31202.gz
running BGLAP_P02818_OID30389.gz
finished BGLAP_P02818_OID30389.gz
running BGN_P21810_OID21198.gz
finished BGN_P21810_OID21198.gz
running BHLHE40_O14503_OID30873.gz
finished BHLHE40_O14503_OID30873.gz
running BHMT2_Q9H2M3_OID30051.gz
finished BHMT2_Q9H2M3_OID30051.gz
running BID_P55957_OID20517.gz
finished BID_P55957_OID20517.gz
running BIN2_Q9UBW5_OID21067.gz
finished BIN2_Q9UBW5_OID21067.gz
running BIRC2_Q13490_OID21217.gz
finished BIRC2_Q13490_OID21217.gz
running BLMH_Q13867_OID20336.gz
finished BLMH_Q13867_OID20336.gz
running BLNK_Q8WV28_OID30541.gz
finished BLNK_Q8WV28_OID30541.gz
running BLOC1S2_Q6QNY1_OID30856.gz
finished BLOC1S2_Q6QNY1_OID30856.gz
running BLOC1S3_Q6QNY0_OID31106.gz
finished BLOC1S3_Q6QNY0_OID31106.gz
running BLVRB_P30043_OID21141.gz
finished BLVRB_P30043_OID21141.gz
running BMP10_O95393_OID30575.gz
finished BMP10_O95393_OID30575.gz
running BMP4_P12644_OID20994.gz
finished BMP4_P12644_OID20994.gz
running BMP6_P22004_OID20111.gz
finished BMP6_P22004_OID20111.gz
running BMPER_Q8N8U9_OID30615.gz
finished BMPER_Q8N8U9_OID30615.gz
running BNIP2_Q12982_OID30292.gz
finished BNIP2_Q12982_OID30292.gz
running BNIP3L_O60238_OID30525.gz
finished BNIP3L_O60238_OID30525.gz
running BOC_Q9BWV1_OID20116.gz
finished BOC_Q9BWV1_OID20116.gz
running BOLA1_Q9Y3E2_OID30837.gz
finished BOLA1_Q9Y3E2_OID30837.gz
running BOLA2_BOLA2B_Q9H3K6_OID30267.gz
finished BOLA2_BOLA2B_Q9H3K6_OID30267.gz
running BPIFA2_Q96DR5_OID30279.gz
finished BPIFA2_Q96DR5_OID30279.gz
running BPIFB1_Q8TDL5_OID20308.gz
finished BPIFB1_Q8TDL5_OID20308.gz
running BPIFB2_Q8N4F0_OID30311.gz
finished BPIFB2_Q8N4F0_OID30311.gz
running BRAP_Q7Z569_OID31506.gz
finished BRAP_Q7Z569_OID31506.gz
running BRD1_O95696_OID31259.gz
finished BRD1_O95696_OID31259.gz
running BRD2_P25440_OID30826.gz
finished BRD2_P25440_OID30826.gz
running BRD3_Q15059_OID30093.gz
finished BRD3_Q15059_OID30093.gz
running BRDT_Q58F21_OID30179.gz
finished BRDT_Q58F21_OID30179.gz
running BRK1_Q8WUW1_OID20883.gz
finished BRK1_Q8WUW1_OID20883.gz
running BRME1_Q0VDD7_OID30847.gz
finished BRME1_Q0VDD7_OID30847.gz
running BRSK2_Q8IWQ3_OID31042.gz
finished BRSK2_Q8IWQ3_OID31042.gz
running BSG_P35613_OID20626.gz
finished BSG_P35613_OID20626.gz
running BSND_Q8WZ55_OID31184.gz
finished BSND_Q8WZ55_OID31184.gz
running BST1_Q10588_OID21051.gz
finished BST1_Q10588_OID21051.gz
running BST2_Q10589_OID21029.gz
finished BST2_Q10589_OID21029.gz
running BTC_P35070_OID21199.gz
finished BTC_P35070_OID21199.gz
running BTD_P43251_OID30754.gz
finished BTD_P43251_OID30754.gz
running BTLA_Q7Z6A9_OID31237.gz
finished BTLA_Q7Z6A9_OID31237.gz
running BTN1A1_Q13410_OID31363.gz
finished BTN1A1_Q13410_OID31363.gz
running BTN2A1_Q7KYR7_OID20713.gz
finished BTN2A1_Q7KYR7_OID20713.gz
running BTN3A2_P78410_OID20540.gz
finished BTN3A2_P78410_OID20540.gz
running BTNL10_A8MVZ5_OID31196.gz
finished BTNL10_A8MVZ5_OID31196.gz
running C19orf12_Q9NSK7_OID20804.gz
finished C19orf12_Q9NSK7_OID20804.gz
running C1GALT1C1_Q96EU7_OID30180.gz
finished C1GALT1C1_Q96EU7_OID30180.gz
running C1QA_P02745_OID20654.gz
finished C1QA_P02745_OID20654.gz
running C1QBP_Q07021_OID31007.gz
finished C1QBP_Q07021_OID31007.gz
running C1QL2_Q7Z5L3_OID30515.gz
finished C1QL2_Q7Z5L3_OID30515.gz
running C1QTNF1_Q9BXJ1_OID20367.gz
finished C1QTNF1_Q9BXJ1_OID20367.gz
running C1QTNF5_Q9BXJ0_OID30618.gz
finished C1QTNF5_Q9BXJ0_OID30618.gz
running C1QTNF6_Q9BXI9_OID31049.gz
finished C1QTNF6_Q9BXI9_OID31049.gz
running C1QTNF9_P0C862_OID30620.gz
finished C1QTNF9_P0C862_OID30620.gz
running C1RL_Q9NZP8_OID30721.gz
finished C1RL_Q9NZP8_OID30721.gz
running C1R_P00736_OID30753.gz
finished C1R_P00736_OID30753.gz
running C1S_P09871_OID30731.gz
finished C1S_P09871_OID30731.gz
running C2CD2L_O14523_OID20864.gz
finished C2CD2L_O14523_OID20864.gz
running C2orf69_Q8N8R5_OID30883.gz
finished C2orf69_Q8N8R5_OID30883.gz
running C2_P06681_OID20410.gz
finished C2_P06681_OID20410.gz
running C3_P01024_OID30776.gz
finished C3_P01024_OID30776.gz
running C4BPB_P20851_OID21481.gz
finished C4BPB_P20851_OID21481.gz
running C5_P01031_OID30744.gz
finished C5_P01031_OID30744.gz
running C7orf50_Q9BRJ6_OID31095.gz
finished C7orf50_Q9BRJ6_OID31095.gz
running C7_P10643_OID30766.gz
finished C7_P10643_OID30766.gz
running C8B_P07358_OID30719.gz
finished C8B_P07358_OID30719.gz
running C9orf40_Q8IXQ3_OID31489.gz
finished C9orf40_Q8IXQ3_OID31489.gz
running C9_P02748_OID30698.gz
finished C9_P02748_OID30698.gz
running CA11_O75493_OID21195.gz
finished CA11_O75493_OID21195.gz
running CA12_O43570_OID21344.gz
finished CA12_O43570_OID21344.gz
running CA13_Q8N1Q1_OID20225.gz
finished CA13_Q8N1Q1_OID20225.gz
running CA14_Q9ULX7_OID21401.gz
finished CA14_Q9ULX7_OID21401.gz
running CA1_P00915_OID20409.gz
finished CA1_P00915_OID20409.gz
running CA2_P00918_OID21149.gz
finished CA2_P00918_OID21149.gz
running CA3_P07451_OID20271.gz
finished CA3_P07451_OID20271.gz
running CA4_P22748_OID20241.gz
finished CA4_P22748_OID20241.gz
running CA5A_P35218_OID20075.gz
finished CA5A_P35218_OID20075.gz
