running 12619_14_PPM1A_Protein_phophatase_2Ca.txt.gz.annotated.gz.exclusions.gz.alleles.gz
finished 12619_14_PPM1A_Protein_phophatase_2Ca.txt.gz.annotated.gz.exclusions.gz.alleles.gz
running 12620_3_SEPT11_Septin_11.txt.gz.annotated.gz.exclusions.gz.alleles.gz
finished 12620_3_SEPT11_Septin_11.txt.gz.annotated.gz.exclusions.gz.alleles.gz
running 12621_55_PPP2R1A_PP2AAA.txt.gz.annotated.gz.exclusions.gz.alleles.gz
finished 12621_55_PPP2R1A_PP2AAA.txt.gz.annotated.gz.exclusions.gz.alleles.gz
running 12622_96_ASH1L_ASH1L.txt.gz.annotated.gz.exclusions.gz.alleles.gz
finished 12622_96_ASH1L_ASH1L.txt.gz.annotated.gz.exclusions.gz.alleles.gz
running 12623_84_JARID2_JARD2.txt.gz.annotated.gz.exclusions.gz.alleles.gz
finished 12623_84_JARID2_JARD2.txt.gz.annotated.gz.exclusions.gz.alleles.gz
running 12625_138_KLHL7_KLHL7.txt.gz.annotated.gz.exclusions.gz.alleles.gz
finished 12625_138_KLHL7_KLHL7.txt.gz.annotated.gz.exclusions.gz.alleles.gz
running 12626_6_SENP7_SENP7.txt.gz.annotated.gz.exclusions.gz.alleles.gz
finished 12626_6_SENP7_SENP7.txt.gz.annotated.gz.exclusions.gz.alleles.gz
running 12627_97_ATG7_ATG7.txt.gz.annotated.gz.exclusions.gz.alleles.gz
finished 12627_97_ATG7_ATG7.txt.gz.annotated.gz.exclusions.gz.alleles.gz
running 12628_31_LANCL2_LANC2.txt.gz.annotated.gz.exclusions.gz.alleles.gz
finished 12628_31_LANCL2_LANC2.txt.gz.annotated.gz.exclusions.gz.alleles.gz
running 12630_8_ARFIP2_ARFP2.txt.gz.annotated.gz.exclusions.gz.alleles.gz
finished 12630_8_ARFIP2_ARFP2.txt.gz.annotated.gz.exclusions.gz.alleles.gz
running 12632_14_NAT1_ARY1.txt.gz.annotated.gz.exclusions.gz.alleles.gz
finished 12632_14_NAT1_ARY1.txt.gz.annotated.gz.exclusions.gz.alleles.gz
running 12633_3_PTPN9_PTN9.txt.gz.annotated.gz.exclusions.gz.alleles.gz
finished 12633_3_PTPN9_PTN9.txt.gz.annotated.gz.exclusions.gz.alleles.gz
running 12634_79_BCAR3_BCAR3.txt.gz.annotated.gz.exclusions.gz.alleles.gz
finished 12634_79_BCAR3_BCAR3.txt.gz.annotated.gz.exclusions.gz.alleles.gz
running 12635_9_TRDMT1_TRDMT.txt.gz.annotated.gz.exclusions.gz.alleles.gz
finished 12635_9_TRDMT1_TRDMT.txt.gz.annotated.gz.exclusions.gz.alleles.gz
running 12636_113_SMYD2_SMYD2.txt.gz.annotated.gz.exclusions.gz.alleles.gz
finished 12636_113_SMYD2_SMYD2.txt.gz.annotated.gz.exclusions.gz.alleles.gz
running 12637_7_CRAT_CACP.txt.gz.annotated.gz.exclusions.gz.alleles.gz
finished 12637_7_CRAT_CACP.txt.gz.annotated.gz.exclusions.gz.alleles.gz
running 12641_3_INPP5B_I5P2.txt.gz.annotated.gz.exclusions.gz.alleles.gz
finished 12641_3_INPP5B_I5P2.txt.gz.annotated.gz.exclusions.gz.alleles.gz
running 12643_4_ARRB1_ARRB1.txt.gz.annotated.gz.exclusions.gz.alleles.gz
finished 12643_4_ARRB1_ARRB1.txt.gz.annotated.gz.exclusions.gz.alleles.gz
running 12644_63_ADSS_PURA2.txt.gz.annotated.gz.exclusions.gz.alleles.gz
finished 12644_63_ADSS_PURA2.txt.gz.annotated.gz.exclusions.gz.alleles.gz
running 12646_2_RPE_RPE.txt.gz.annotated.gz.exclusions.gz.alleles.gz
finished 12646_2_RPE_RPE.txt.gz.annotated.gz.exclusions.gz.alleles.gz
running 12647_52_SETD2_SETD2.txt.gz.annotated.gz.exclusions.gz.alleles.gz
finished 12647_52_SETD2_SETD2.txt.gz.annotated.gz.exclusions.gz.alleles.gz
running 12650_43_GNAI3_GNAI3.txt.gz.annotated.gz.exclusions.gz.alleles.gz
finished 12650_43_GNAI3_GNAI3.txt.gz.annotated.gz.exclusions.gz.alleles.gz
running 12651_21_PDK2_PDK2.txt.gz.annotated.gz.exclusions.gz.alleles.gz
finished 12651_21_PDK2_PDK2.txt.gz.annotated.gz.exclusions.gz.alleles.gz
running 12652_37_AHCYL1_SAHH2.txt.gz.annotated.gz.exclusions.gz.alleles.gz
finished 12652_37_AHCYL1_SAHH2.txt.gz.annotated.gz.exclusions.gz.alleles.gz
running 12653_13_CSNK1G2_CSNK1G2.txt.gz.annotated.gz.exclusions.gz.alleles.gz
finished 12653_13_CSNK1G2_CSNK1G2.txt.gz.annotated.gz.exclusions.gz.alleles.gz
running 12655_30_NAPB_SNAB.txt.gz.annotated.gz.exclusions.gz.alleles.gz
finished 12655_30_NAPB_SNAB.txt.gz.annotated.gz.exclusions.gz.alleles.gz
running 12656_1_KLC1_KLC1.txt.gz.annotated.gz.exclusions.gz.alleles.gz
finished 12656_1_KLC1_KLC1.txt.gz.annotated.gz.exclusions.gz.alleles.gz
running 12657_2_TSTA3_FCL.txt.gz.annotated.gz.exclusions.gz.alleles.gz
finished 12657_2_TSTA3_FCL.txt.gz.annotated.gz.exclusions.gz.alleles.gz
running 12658_72_PANK3_PANK3.txt.gz.annotated.gz.exclusions.gz.alleles.gz
finished 12658_72_PANK3_PANK3.txt.gz.annotated.gz.exclusions.gz.alleles.gz
running 12659_13_OLA1_GTPB9.txt.gz.annotated.gz.exclusions.gz.alleles.gz
finished 12659_13_OLA1_GTPB9.txt.gz.annotated.gz.exclusions.gz.alleles.gz
running 12661_44_GABARAPL1_GBRL1.txt.gz.annotated.gz.exclusions.gz.alleles.gz
finished 12661_44_GABARAPL1_GBRL1.txt.gz.annotated.gz.exclusions.gz.alleles.gz
running 12662_82_ECH1_ECH1.txt.gz.annotated.gz.exclusions.gz.alleles.gz
finished 12662_82_ECH1_ECH1.txt.gz.annotated.gz.exclusions.gz.alleles.gz
running 12663_1_TST_THTR.txt.gz.annotated.gz.exclusions.gz.alleles.gz
finished 12663_1_TST_THTR.txt.gz.annotated.gz.exclusions.gz.alleles.gz
running 12664_19_PTPN13_PTN13.txt.gz.annotated.gz.exclusions.gz.alleles.gz
finished 12664_19_PTPN13_PTN13.txt.gz.annotated.gz.exclusions.gz.alleles.gz
running 12665_16_ILF2_ILF2.txt.gz.annotated.gz.exclusions.gz.alleles.gz
finished 12665_16_ILF2_ILF2.txt.gz.annotated.gz.exclusions.gz.alleles.gz
running 12667_2_GDA_GUAD.txt.gz.annotated.gz.exclusions.gz.alleles.gz
finished 12667_2_GDA_GUAD.txt.gz.annotated.gz.exclusions.gz.alleles.gz
running 12668_7_VPS4B_VPS4B.txt.gz.annotated.gz.exclusions.gz.alleles.gz
finished 12668_7_VPS4B_VPS4B.txt.gz.annotated.gz.exclusions.gz.alleles.gz
running 12669_30_HECW1_HECW1.txt.gz.annotated.gz.exclusions.gz.alleles.gz
finished 12669_30_HECW1_HECW1.txt.gz.annotated.gz.exclusions.gz.alleles.gz
running 12670_15_RAD1_RAD1.txt.gz.annotated.gz.exclusions.gz.alleles.gz
finished 12670_15_RAD1_RAD1.txt.gz.annotated.gz.exclusions.gz.alleles.gz
running 12671_35_SULT1B1_ST1B1.txt.gz.annotated.gz.exclusions.gz.alleles.gz
finished 12671_35_SULT1B1_ST1B1.txt.gz.annotated.gz.exclusions.gz.alleles.gz
running 12675_14_DARS_SYDC.txt.gz.annotated.gz.exclusions.gz.alleles.gz
finished 12675_14_DARS_SYDC.txt.gz.annotated.gz.exclusions.gz.alleles.gz
running 12676_1_PACSIN1_PACN1.txt.gz.annotated.gz.exclusions.gz.alleles.gz
finished 12676_1_PACSIN1_PACN1.txt.gz.annotated.gz.exclusions.gz.alleles.gz
running 12677_164_FLII_FLII.txt.gz.annotated.gz.exclusions.gz.alleles.gz
finished 12677_164_FLII_FLII.txt.gz.annotated.gz.exclusions.gz.alleles.gz
running 12678_66_SNRPA_SNRPA.txt.gz.annotated.gz.exclusions.gz.alleles.gz
finished 12678_66_SNRPA_SNRPA.txt.gz.annotated.gz.exclusions.gz.alleles.gz
running 12681_63_USP21_UBP21.txt.gz.annotated.gz.exclusions.gz.alleles.gz
finished 12681_63_USP21_UBP21.txt.gz.annotated.gz.exclusions.gz.alleles.gz
running 12682_5_CCBL2_KAT3.txt.gz.annotated.gz.exclusions.gz.alleles.gz
finished 12682_5_CCBL2_KAT3.txt.gz.annotated.gz.exclusions.gz.alleles.gz
running 12683_156_DPYSL5_DPYL5.txt.gz.annotated.gz.exclusions.gz.alleles.gz
finished 12683_156_DPYSL5_DPYL5.txt.gz.annotated.gz.exclusions.gz.alleles.gz
running 12684_5_SCIN_ADSV.txt.gz.annotated.gz.exclusions.gz.alleles.gz
finished 12684_5_SCIN_ADSV.txt.gz.annotated.gz.exclusions.gz.alleles.gz
running 12685_57_HOMER2_HOME2.txt.gz.annotated.gz.exclusions.gz.alleles.gz
finished 12685_57_HOMER2_HOME2.txt.gz.annotated.gz.exclusions.gz.alleles.gz
running 12686_15_MPST_THTM.txt.gz.annotated.gz.exclusions.gz.alleles.gz
finished 12686_15_MPST_THTM.txt.gz.annotated.gz.exclusions.gz.alleles.gz
running 12687_2_DECR1_DECR.txt.gz.annotated.gz.exclusions.gz.alleles.gz
finished 12687_2_DECR1_DECR.txt.gz.annotated.gz.exclusions.gz.alleles.gz
running 12688_115_RPS6KA6_KS6A6.txt.gz.annotated.gz.exclusions.gz.alleles.gz
finished 12688_115_RPS6KA6_KS6A6.txt.gz.annotated.gz.exclusions.gz.alleles.gz
running 12689_56_ARPC1B_ARC1B.txt.gz.annotated.gz.exclusions.gz.alleles.gz
finished 12689_56_ARPC1B_ARC1B.txt.gz.annotated.gz.exclusions.gz.alleles.gz
running 12690_33_SEPT10_SEP10.txt.gz.annotated.gz.exclusions.gz.alleles.gz
finished 12690_33_SEPT10_SEP10.txt.gz.annotated.gz.exclusions.gz.alleles.gz
running 12691_44_SHMT2_GLYM.txt.gz.annotated.gz.exclusions.gz.alleles.gz
finished 12691_44_SHMT2_GLYM.txt.gz.annotated.gz.exclusions.gz.alleles.gz
running 12692_56_DOT1L_DOT1L.txt.gz.annotated.gz.exclusions.gz.alleles.gz
finished 12692_56_DOT1L_DOT1L.txt.gz.annotated.gz.exclusions.gz.alleles.gz
running 12693_2_SH3BGRL_SH3L1.txt.gz.annotated.gz.exclusions.gz.alleles.gz
finished 12693_2_SH3BGRL_SH3L1.txt.gz.annotated.gz.exclusions.gz.alleles.gz
running 12694_28_DIMT1_DIM1.txt.gz.annotated.gz.exclusions.gz.alleles.gz
finished 12694_28_DIMT1_DIM1.txt.gz.annotated.gz.exclusions.gz.alleles.gz
running 12695_62_KLHL12_KLH12.txt.gz.annotated.gz.exclusions.gz.alleles.gz
finished 12695_62_KLHL12_KLH12.txt.gz.annotated.gz.exclusions.gz.alleles.gz
running 12696_166_PRMT3_ANM3.txt.gz.annotated.gz.exclusions.gz.alleles.gz
finished 12696_166_PRMT3_ANM3.txt.gz.annotated.gz.exclusions.gz.alleles.gz
running 12697_30_PIP4K2A_PI42A.txt.gz.annotated.gz.exclusions.gz.alleles.gz
finished 12697_30_PIP4K2A_PI42A.txt.gz.annotated.gz.exclusions.gz.alleles.gz
running 12698_72_KPNA4_IMA4.txt.gz.annotated.gz.exclusions.gz.alleles.gz
finished 12698_72_KPNA4_IMA4.txt.gz.annotated.gz.exclusions.gz.alleles.gz
running 12699_28_CCT8_TCP_1_theta.txt.gz.annotated.gz.exclusions.gz.alleles.gz
finished 12699_28_CCT8_TCP_1_theta.txt.gz.annotated.gz.exclusions.gz.alleles.gz
running 12700_9_ACLY_ACLY.txt.gz.annotated.gz.exclusions.gz.alleles.gz
finished 12700_9_ACLY_ACLY.txt.gz.annotated.gz.exclusions.gz.alleles.gz
running 12701_1_EIF1B_EIF1B.txt.gz.annotated.gz.exclusions.gz.alleles.gz
finished 12701_1_EIF1B_EIF1B.txt.gz.annotated.gz.exclusions.gz.alleles.gz
running 12702_13_PELI2_PELI2.txt.gz.annotated.gz.exclusions.gz.alleles.gz
finished 12702_13_PELI2_PELI2.txt.gz.annotated.gz.exclusions.gz.alleles.gz
running 12703_6_NEK7_NEK7.txt.gz.annotated.gz.exclusions.gz.alleles.gz
finished 12703_6_NEK7_NEK7.txt.gz.annotated.gz.exclusions.gz.alleles.gz
running 12704_26_SH2D3C_SH2D3.txt.gz.annotated.gz.exclusions.gz.alleles.gz
finished 12704_26_SH2D3C_SH2D3.txt.gz.annotated.gz.exclusions.gz.alleles.gz
running 12705_9_HERC1_HERC1.txt.gz.annotated.gz.exclusions.gz.alleles.gz
finished 12705_9_HERC1_HERC1.txt.gz.annotated.gz.exclusions.gz.alleles.gz
running 12706_2_CDC42BPA_MRCKA.txt.gz.annotated.gz.exclusions.gz.alleles.gz
finished 12706_2_CDC42BPA_MRCKA.txt.gz.annotated.gz.exclusions.gz.alleles.gz
running 12707_26_DPYSL3_DPYL3.txt.gz.annotated.gz.exclusions.gz.alleles.gz
finished 12707_26_DPYSL3_DPYL3.txt.gz.annotated.gz.exclusions.gz.alleles.gz
running 12708_91_L3MBTL2_LMBL2.txt.gz.annotated.gz.exclusions.gz.alleles.gz
finished 12708_91_L3MBTL2_LMBL2.txt.gz.annotated.gz.exclusions.gz.alleles.gz
running 12709_63_H1FX_H1X.txt.gz.annotated.gz.exclusions.gz.alleles.gz
finished 12709_63_H1FX_H1X.txt.gz.annotated.gz.exclusions.gz.alleles.gz
running 12711_19_GJA8_CXA8.txt.gz.annotated.gz.exclusions.gz.alleles.gz
finished 12711_19_GJA8_CXA8.txt.gz.annotated.gz.exclusions.gz.alleles.gz
running 12712_9_HMG20A_HM20A.txt.gz.annotated.gz.exclusions.gz.alleles.gz
finished 12712_9_HMG20A_HM20A.txt.gz.annotated.gz.exclusions.gz.alleles.gz
running 12713_365_RGS19_RGS19.txt.gz.annotated.gz.exclusions.gz.alleles.gz
finished 12713_365_RGS19_RGS19.txt.gz.annotated.gz.exclusions.gz.alleles.gz
running 12714_38_AP1G2_AP1G2.txt.gz.annotated.gz.exclusions.gz.alleles.gz
finished 12714_38_AP1G2_AP1G2.txt.gz.annotated.gz.exclusions.gz.alleles.gz
running 12715_30_DCP1B_DCP1B.txt.gz.annotated.gz.exclusions.gz.alleles.gz
finished 12715_30_DCP1B_DCP1B.txt.gz.annotated.gz.exclusions.gz.alleles.gz
running 12716_3_ZNF175_ZN175.txt.gz.annotated.gz.exclusions.gz.alleles.gz
finished 12716_3_ZNF175_ZN175.txt.gz.annotated.gz.exclusions.gz.alleles.gz
running 12717_65_TOX3_TOX3.txt.gz.annotated.gz.exclusions.gz.alleles.gz
finished 12717_65_TOX3_TOX3.txt.gz.annotated.gz.exclusions.gz.alleles.gz
