running 18244_1_ANXA7_ANXA7.txt.gz.annotated.gz.exclusions.gz.alleles.gz
finished 18244_1_ANXA7_ANXA7.txt.gz.annotated.gz.exclusions.gz.alleles.gz
running 18255_6_CYB5R1_NB5R1.txt.gz.annotated.gz.exclusions.gz.alleles.gz
finished 18255_6_CYB5R1_NB5R1.txt.gz.annotated.gz.exclusions.gz.alleles.gz
running 18257_64_SRP19_SRP19.txt.gz.annotated.gz.exclusions.gz.alleles.gz
finished 18257_64_SRP19_SRP19.txt.gz.annotated.gz.exclusions.gz.alleles.gz
running 18259_15_MEOX2_MEOX2.txt.gz.annotated.gz.exclusions.gz.alleles.gz
finished 18259_15_MEOX2_MEOX2.txt.gz.annotated.gz.exclusions.gz.alleles.gz
running 18261_34_NATD1_NATD1.txt.gz.annotated.gz.exclusions.gz.alleles.gz
finished 18261_34_NATD1_NATD1.txt.gz.annotated.gz.exclusions.gz.alleles.gz
running 18264_12_CCDC25_CCD25.txt.gz.annotated.gz.exclusions.gz.alleles.gz
finished 18264_12_CCDC25_CCD25.txt.gz.annotated.gz.exclusions.gz.alleles.gz
running 18265_18_ZNF34_ZNF34.txt.gz.annotated.gz.exclusions.gz.alleles.gz
finished 18265_18_ZNF34_ZNF34.txt.gz.annotated.gz.exclusions.gz.alleles.gz
running 18267_74_CARD17_CAR17.txt.gz.annotated.gz.exclusions.gz.alleles.gz
finished 18267_74_CARD17_CAR17.txt.gz.annotated.gz.exclusions.gz.alleles.gz
running 18268_5_GAGE2A_GAG2A.txt.gz.annotated.gz.exclusions.gz.alleles.gz
finished 18268_5_GAGE2A_GAG2A.txt.gz.annotated.gz.exclusions.gz.alleles.gz
running 18270_10_TAF10_TAF10.txt.gz.annotated.gz.exclusions.gz.alleles.gz
finished 18270_10_TAF10_TAF10.txt.gz.annotated.gz.exclusions.gz.alleles.gz
running 18271_43_OXSM_OXSM.txt.gz.annotated.gz.exclusions.gz.alleles.gz
finished 18271_43_OXSM_OXSM.txt.gz.annotated.gz.exclusions.gz.alleles.gz
running 18273_14_GAGE2D_GGE2D.txt.gz.annotated.gz.exclusions.gz.alleles.gz
finished 18273_14_GAGE2D_GGE2D.txt.gz.annotated.gz.exclusions.gz.alleles.gz
running 18274_2_SERF2_SERF2.txt.gz.annotated.gz.exclusions.gz.alleles.gz
finished 18274_2_SERF2_SERF2.txt.gz.annotated.gz.exclusions.gz.alleles.gz
running 18275_5_CRIP1_CRIP1.txt.gz.annotated.gz.exclusions.gz.alleles.gz
finished 18275_5_CRIP1_CRIP1.txt.gz.annotated.gz.exclusions.gz.alleles.gz
running 18276_34_TCL1B_TCL1B.txt.gz.annotated.gz.exclusions.gz.alleles.gz
finished 18276_34_TCL1B_TCL1B.txt.gz.annotated.gz.exclusions.gz.alleles.gz
running 18277_28_TRIAP1_TRIA1.txt.gz.annotated.gz.exclusions.gz.alleles.gz
finished 18277_28_TRIAP1_TRIA1.txt.gz.annotated.gz.exclusions.gz.alleles.gz
running 18280_29_DTD2_DTD2.txt.gz.annotated.gz.exclusions.gz.alleles.gz
finished 18280_29_DTD2_DTD2.txt.gz.annotated.gz.exclusions.gz.alleles.gz
running 18282_1_GNG11_GBG11.txt.gz.annotated.gz.exclusions.gz.alleles.gz
finished 18282_1_GNG11_GBG11.txt.gz.annotated.gz.exclusions.gz.alleles.gz
running 18284_77_WWC1_WWC1.txt.gz.annotated.gz.exclusions.gz.alleles.gz
finished 18284_77_WWC1_WWC1.txt.gz.annotated.gz.exclusions.gz.alleles.gz
running 18285_6_SVIP_SVIP.txt.gz.annotated.gz.exclusions.gz.alleles.gz
finished 18285_6_SVIP_SVIP.txt.gz.annotated.gz.exclusions.gz.alleles.gz
running 18286_3_ZWINT_ZWINT.txt.gz.annotated.gz.exclusions.gz.alleles.gz
finished 18286_3_ZWINT_ZWINT.txt.gz.annotated.gz.exclusions.gz.alleles.gz
running 18289_16_CCL15_MIP_5.txt.gz.annotated.gz.exclusions.gz.alleles.gz
finished 18289_16_CCL15_MIP_5.txt.gz.annotated.gz.exclusions.gz.alleles.gz
running 18290_6_ANXA8_Annexin_A8.txt.gz.annotated.gz.exclusions.gz.alleles.gz
finished 18290_6_ANXA8_Annexin_A8.txt.gz.annotated.gz.exclusions.gz.alleles.gz
running 18291_8_CDKN1A_p21.txt.gz.annotated.gz.exclusions.gz.alleles.gz
finished 18291_8_CDKN1A_p21.txt.gz.annotated.gz.exclusions.gz.alleles.gz
running 18294_26_SOX2_SOX2.txt.gz.annotated.gz.exclusions.gz.alleles.gz
finished 18294_26_SOX2_SOX2.txt.gz.annotated.gz.exclusions.gz.alleles.gz
running 18295_102_GRHPR_GRHPR.txt.gz.annotated.gz.exclusions.gz.alleles.gz
finished 18295_102_GRHPR_GRHPR.txt.gz.annotated.gz.exclusions.gz.alleles.gz
running 18297_8_MRAS_RASM.txt.gz.annotated.gz.exclusions.gz.alleles.gz
finished 18297_8_MRAS_RASM.txt.gz.annotated.gz.exclusions.gz.alleles.gz
running 18299_13_CAPNS1_CPNS1.txt.gz.annotated.gz.exclusions.gz.alleles.gz
finished 18299_13_CAPNS1_CPNS1.txt.gz.annotated.gz.exclusions.gz.alleles.gz
running 18300_39_PURB_PURB.txt.gz.annotated.gz.exclusions.gz.alleles.gz
finished 18300_39_PURB_PURB.txt.gz.annotated.gz.exclusions.gz.alleles.gz
running 18301_10_NAIF1_NAIF1.txt.gz.annotated.gz.exclusions.gz.alleles.gz
finished 18301_10_NAIF1_NAIF1.txt.gz.annotated.gz.exclusions.gz.alleles.gz
running 18302_204_ZWILCH_ZWILC.txt.gz.annotated.gz.exclusions.gz.alleles.gz
finished 18302_204_ZWILCH_ZWILC.txt.gz.annotated.gz.exclusions.gz.alleles.gz
running 18303_39_NRGN_NEUG.txt.gz.annotated.gz.exclusions.gz.alleles.gz
finished 18303_39_NRGN_NEUG.txt.gz.annotated.gz.exclusions.gz.alleles.gz
running 18304_19_BCCIP_BCCIP.txt.gz.annotated.gz.exclusions.gz.alleles.gz
finished 18304_19_BCCIP_BCCIP.txt.gz.annotated.gz.exclusions.gz.alleles.gz
running 18306_1_PALM_PALM.txt.gz.annotated.gz.exclusions.gz.alleles.gz
finished 18306_1_PALM_PALM.txt.gz.annotated.gz.exclusions.gz.alleles.gz
running 18307_71_PPA2_PPase_2.txt.gz.annotated.gz.exclusions.gz.alleles.gz
finished 18307_71_PPA2_PPase_2.txt.gz.annotated.gz.exclusions.gz.alleles.gz
running 18308_30_STXBP6_STXB6.txt.gz.annotated.gz.exclusions.gz.alleles.gz
finished 18308_30_STXBP6_STXB6.txt.gz.annotated.gz.exclusions.gz.alleles.gz
running 18309_18_CS_CISY.txt.gz.annotated.gz.exclusions.gz.alleles.gz
finished 18309_18_CS_CISY.txt.gz.annotated.gz.exclusions.gz.alleles.gz
running 18310_26_SEPW1_SELW.txt.gz.annotated.gz.exclusions.gz.alleles.gz
finished 18310_26_SEPW1_SELW.txt.gz.annotated.gz.exclusions.gz.alleles.gz
running 18311_44_DCTN6_DCTN6.txt.gz.annotated.gz.exclusions.gz.alleles.gz
finished 18311_44_DCTN6_DCTN6.txt.gz.annotated.gz.exclusions.gz.alleles.gz
running 18312_68_NDRG3_NDRG3.txt.gz.annotated.gz.exclusions.gz.alleles.gz
finished 18312_68_NDRG3_NDRG3.txt.gz.annotated.gz.exclusions.gz.alleles.gz
running 18313_4_ASRGL1_Asparaginase_like_protein_1.txt.gz.annotated.gz.exclusions.gz.alleles.gz
finished 18313_4_ASRGL1_Asparaginase_like_protein_1.txt.gz.annotated.gz.exclusions.gz.alleles.gz
running 18315_38_RTP4_RTP4.txt.gz.annotated.gz.exclusions.gz.alleles.gz
finished 18315_38_RTP4_RTP4.txt.gz.annotated.gz.exclusions.gz.alleles.gz
running 18316_75_SEPT3_SEPT3.txt.gz.annotated.gz.exclusions.gz.alleles.gz
finished 18316_75_SEPT3_SEPT3.txt.gz.annotated.gz.exclusions.gz.alleles.gz
running 18317_111_ZFAND5_ZFAN5.txt.gz.annotated.gz.exclusions.gz.alleles.gz
finished 18317_111_ZFAND5_ZFAN5.txt.gz.annotated.gz.exclusions.gz.alleles.gz
running 18318_98_SH3GL3_SH3G3.txt.gz.annotated.gz.exclusions.gz.alleles.gz
finished 18318_98_SH3GL3_SH3G3.txt.gz.annotated.gz.exclusions.gz.alleles.gz
running 18319_7_PDHX_ODPX.txt.gz.annotated.gz.exclusions.gz.alleles.gz
finished 18319_7_PDHX_ODPX.txt.gz.annotated.gz.exclusions.gz.alleles.gz
running 18321_38_MTHFD2_MTDC.txt.gz.annotated.gz.exclusions.gz.alleles.gz
finished 18321_38_MTHFD2_MTDC.txt.gz.annotated.gz.exclusions.gz.alleles.gz
running 18322_15_JMJD6_JMJD6.txt.gz.annotated.gz.exclusions.gz.alleles.gz
finished 18322_15_JMJD6_JMJD6.txt.gz.annotated.gz.exclusions.gz.alleles.gz
running 18323_39_CRMP1_DRP_1.txt.gz.annotated.gz.exclusions.gz.alleles.gz
finished 18323_39_CRMP1_DRP_1.txt.gz.annotated.gz.exclusions.gz.alleles.gz
running 18324_61_SUOX_SUOX.txt.gz.annotated.gz.exclusions.gz.alleles.gz
finished 18324_61_SUOX_SUOX.txt.gz.annotated.gz.exclusions.gz.alleles.gz
running 18326_50_MAGEA8_MAGA8.txt.gz.annotated.gz.exclusions.gz.alleles.gz
finished 18326_50_MAGEA8_MAGA8.txt.gz.annotated.gz.exclusions.gz.alleles.gz
running 18327_6_SNX5_SNX5.txt.gz.annotated.gz.exclusions.gz.alleles.gz
finished 18327_6_SNX5_SNX5.txt.gz.annotated.gz.exclusions.gz.alleles.gz
running 18328_36_PYCR2_P5CR2.txt.gz.annotated.gz.exclusions.gz.alleles.gz
finished 18328_36_PYCR2_P5CR2.txt.gz.annotated.gz.exclusions.gz.alleles.gz
running 18329_4_PRPS2_PRPS2.txt.gz.annotated.gz.exclusions.gz.alleles.gz
finished 18329_4_PRPS2_PRPS2.txt.gz.annotated.gz.exclusions.gz.alleles.gz
running 18330_7_PGM2_PGM2.txt.gz.annotated.gz.exclusions.gz.alleles.gz
finished 18330_7_PGM2_PGM2.txt.gz.annotated.gz.exclusions.gz.alleles.gz
running 18332_17_CPLX1_CPLX1.txt.gz.annotated.gz.exclusions.gz.alleles.gz
finished 18332_17_CPLX1_CPLX1.txt.gz.annotated.gz.exclusions.gz.alleles.gz
running 18337_4_GMDS_GMDS.txt.gz.annotated.gz.exclusions.gz.alleles.gz
finished 18337_4_GMDS_GMDS.txt.gz.annotated.gz.exclusions.gz.alleles.gz
running 18338_26_IDH1_IDH.txt.gz.annotated.gz.exclusions.gz.alleles.gz
finished 18338_26_IDH1_IDH.txt.gz.annotated.gz.exclusions.gz.alleles.gz
running 18339_207_PSMB3_PSB3.txt.gz.annotated.gz.exclusions.gz.alleles.gz
finished 18339_207_PSMB3_PSB3.txt.gz.annotated.gz.exclusions.gz.alleles.gz
running 18340_2_PSMB4_Proteasome_beta_chain.txt.gz.annotated.gz.exclusions.gz.alleles.gz
finished 18340_2_PSMB4_Proteasome_beta_chain.txt.gz.annotated.gz.exclusions.gz.alleles.gz
running 18342_2_PSAT1_SERC.txt.gz.annotated.gz.exclusions.gz.alleles.gz
finished 18342_2_PSAT1_SERC.txt.gz.annotated.gz.exclusions.gz.alleles.gz
running 18343_10_DECR2_DECR2.txt.gz.annotated.gz.exclusions.gz.alleles.gz
finished 18343_10_DECR2_DECR2.txt.gz.annotated.gz.exclusions.gz.alleles.gz
running 18348_89_HNRNPD_HNRPD.txt.gz.annotated.gz.exclusions.gz.alleles.gz
finished 18348_89_HNRNPD_HNRPD.txt.gz.annotated.gz.exclusions.gz.alleles.gz
running 18373_13_RDX_Radixin.txt.gz.annotated.gz.exclusions.gz.alleles.gz
finished 18373_13_RDX_Radixin.txt.gz.annotated.gz.exclusions.gz.alleles.gz
running 18375_28_IL1F5_IL_1F5.txt.gz.annotated.gz.exclusions.gz.alleles.gz
finished 18375_28_IL1F5_IL_1F5.txt.gz.annotated.gz.exclusions.gz.alleles.gz
running 18376_19_MYL3_Myosin_light_chain_1.txt.gz.annotated.gz.exclusions.gz.alleles.gz
finished 18376_19_MYL3_Myosin_light_chain_1.txt.gz.annotated.gz.exclusions.gz.alleles.gz
running 18380_78_ALB_Albumin.txt.gz.annotated.gz.exclusions.gz.alleles.gz
finished 18380_78_ALB_Albumin.txt.gz.annotated.gz.exclusions.gz.alleles.gz
running 18381_16_ALDH2_ALDH_E2.txt.gz.annotated.gz.exclusions.gz.alleles.gz
finished 18381_16_ALDH2_ALDH_E2.txt.gz.annotated.gz.exclusions.gz.alleles.gz
running 18382_109_COMT_Catechol_O_methyltransferase.txt.gz.annotated.gz.exclusions.gz.alleles.gz
finished 18382_109_COMT_Catechol_O_methyltransferase.txt.gz.annotated.gz.exclusions.gz.alleles.gz
running 18383_9_FKBP3_FKBP3.txt.gz.annotated.gz.exclusions.gz.alleles.gz
finished 18383_9_FKBP3_FKBP3.txt.gz.annotated.gz.exclusions.gz.alleles.gz
running 18385_4_PSMD10_PSD10.txt.gz.annotated.gz.exclusions.gz.alleles.gz
finished 18385_4_PSMD10_PSD10.txt.gz.annotated.gz.exclusions.gz.alleles.gz
running 18386_36_GLRX_GLRX1.txt.gz.annotated.gz.exclusions.gz.alleles.gz
finished 18386_36_GLRX_GLRX1.txt.gz.annotated.gz.exclusions.gz.alleles.gz
running 18387_7_ST13_suppression_of_tumorigenicity_13.txt.gz.annotated.gz.exclusions.gz.alleles.gz
finished 18387_7_ST13_suppression_of_tumorigenicity_13.txt.gz.annotated.gz.exclusions.gz.alleles.gz
running 18389_11_IFNA1_IFNA1.txt.gz.annotated.gz.exclusions.gz.alleles.gz
finished 18389_11_IFNA1_IFNA1.txt.gz.annotated.gz.exclusions.gz.alleles.gz
running 18392_19_MAT2B_MAT2B.txt.gz.annotated.gz.exclusions.gz.alleles.gz
finished 18392_19_MAT2B_MAT2B.txt.gz.annotated.gz.exclusions.gz.alleles.gz
running 18395_5_ADPRH_ADPRH.txt.gz.annotated.gz.exclusions.gz.alleles.gz
finished 18395_5_ADPRH_ADPRH.txt.gz.annotated.gz.exclusions.gz.alleles.gz
running 18396_10_AES_AES.txt.gz.annotated.gz.exclusions.gz.alleles.gz
finished 18396_10_AES_AES.txt.gz.annotated.gz.exclusions.gz.alleles.gz
running 18397_5_AKR1C4_AK1C4.txt.gz.annotated.gz.exclusions.gz.alleles.gz
finished 18397_5_AKR1C4_AK1C4.txt.gz.annotated.gz.exclusions.gz.alleles.gz
running 18398_1_AKR1D1_AK1D1.txt.gz.annotated.gz.exclusions.gz.alleles.gz
finished 18398_1_AKR1D1_AK1D1.txt.gz.annotated.gz.exclusions.gz.alleles.gz
running 18399_1_AKAP7_AKA7A.txt.gz.annotated.gz.exclusions.gz.alleles.gz
finished 18399_1_AKAP7_AKA7A.txt.gz.annotated.gz.exclusions.gz.alleles.gz
running 18400_52_ALKBH2_ALKB2.txt.gz.annotated.gz.exclusions.gz.alleles.gz
finished 18400_52_ALKBH2_ALKB2.txt.gz.annotated.gz.exclusions.gz.alleles.gz
running 18401_18_ALKBH3_ALKB3.txt.gz.annotated.gz.exclusions.gz.alleles.gz
finished 18401_18_ALKBH3_ALKB3.txt.gz.annotated.gz.exclusions.gz.alleles.gz
running 18402_1_AMMECR1L_AMERL.txt.gz.annotated.gz.exclusions.gz.alleles.gz
finished 18402_1_AMMECR1L_AMERL.txt.gz.annotated.gz.exclusions.gz.alleles.gz
running 18403_25_AMPD2_AMPD2.txt.gz.annotated.gz.exclusions.gz.alleles.gz
finished 18403_25_AMPD2_AMPD2.txt.gz.annotated.gz.exclusions.gz.alleles.gz
running 18404_22_ANKRD54_ANR54.txt.gz.annotated.gz.exclusions.gz.alleles.gz
finished 18404_22_ANKRD54_ANR54.txt.gz.annotated.gz.exclusions.gz.alleles.gz
running 18405_117_AP1S2_AP1S2.txt.gz.annotated.gz.exclusions.gz.alleles.gz
finished 18405_117_AP1S2_AP1S2.txt.gz.annotated.gz.exclusions.gz.alleles.gz
running 18407_36_ARL2BP_AR2BP.txt.gz.annotated.gz.exclusions.gz.alleles.gz
finished 18407_36_ARL2BP_AR2BP.txt.gz.annotated.gz.exclusions.gz.alleles.gz
running 18408_26_ARF4_ARF4.txt.gz.annotated.gz.exclusions.gz.alleles.gz
finished 18408_26_ARF4_ARF4.txt.gz.annotated.gz.exclusions.gz.alleles.gz
running 18409_61_ARF5_ARF5.txt.gz.annotated.gz.exclusions.gz.alleles.gz
finished 18409_61_ARF5_ARF5.txt.gz.annotated.gz.exclusions.gz.alleles.gz
running 18410_26_ARL14_ARL14.txt.gz.annotated.gz.exclusions.gz.alleles.gz
finished 18410_26_ARL14_ARL14.txt.gz.annotated.gz.exclusions.gz.alleles.gz
running 18411_83_ARL15_ARL15.txt.gz.annotated.gz.exclusions.gz.alleles.gz
finished 18411_83_ARL15_ARL15.txt.gz.annotated.gz.exclusions.gz.alleles.gz
running 18413_24_ARL4D_ARL4D.txt.gz.annotated.gz.exclusions.gz.alleles.gz
finished 18413_24_ARL4D_ARL4D.txt.gz.annotated.gz.exclusions.gz.alleles.gz
running 18414_26_ARL5A_ARL5A.txt.gz.annotated.gz.exclusions.gz.alleles.gz
finished 18414_26_ARL5A_ARL5A.txt.gz.annotated.gz.exclusions.gz.alleles.gz
running 18415_16_ARL6_ARL6.txt.gz.annotated.gz.exclusions.gz.alleles.gz
finished 18415_16_ARL6_ARL6.txt.gz.annotated.gz.exclusions.gz.alleles.gz
running 18416_3_ARL9_ARL9.txt.gz.annotated.gz.exclusions.gz.alleles.gz
finished 18416_3_ARL9_ARL9.txt.gz.annotated.gz.exclusions.gz.alleles.gz
running 18417_3_AS3MT_AS3MT.txt.gz.annotated.gz.exclusions.gz.alleles.gz
finished 18417_3_AS3MT_AS3MT.txt.gz.annotated.gz.exclusions.gz.alleles.gz
running 18419_20_ARPC5_p16_ARC.txt.gz.annotated.gz.exclusions.gz.alleles.gz
finished 18419_20_ARPC5_p16_ARC.txt.gz.annotated.gz.exclusions.gz.alleles.gz
running 18422_41_MVD_ERG19.txt.gz.annotated.gz.exclusions.gz.alleles.gz
finished 18422_41_MVD_ERG19.txt.gz.annotated.gz.exclusions.gz.alleles.gz
running 18429_10_CDH1_Cadherin_E.txt.gz.annotated.gz.exclusions.gz.alleles.gz
finished 18429_10_CDH1_Cadherin_E.txt.gz.annotated.gz.exclusions.gz.alleles.gz
running 18432_32_RALB_RALB.txt.gz.annotated.gz.exclusions.gz.alleles.gz
finished 18432_32_RALB_RALB.txt.gz.annotated.gz.exclusions.gz.alleles.gz
running 18434_141_TBPL1_TBPL1.txt.gz.annotated.gz.exclusions.gz.alleles.gz
finished 18434_141_TBPL1_TBPL1.txt.gz.annotated.gz.exclusions.gz.alleles.gz
running 18435_40_UBXN2B_UBX2B.txt.gz.annotated.gz.exclusions.gz.alleles.gz
finished 18435_40_UBXN2B_UBX2B.txt.gz.annotated.gz.exclusions.gz.alleles.gz
running 18449_33_PPIG_PPIG.txt.gz.annotated.gz.exclusions.gz.alleles.gz
finished 18449_33_PPIG_PPIG.txt.gz.annotated.gz.exclusions.gz.alleles.gz
running 18458_4_PTGES2_PGES2.txt.gz.annotated.gz.exclusions.gz.alleles.gz
finished 18458_4_PTGES2_PGES2.txt.gz.annotated.gz.exclusions.gz.alleles.gz
running 18483_36_RABIF_MSS4.txt.gz.annotated.gz.exclusions.gz.alleles.gz
finished 18483_36_RABIF_MSS4.txt.gz.annotated.gz.exclusions.gz.alleles.gz
running 18813_15_DDX19A_DD19A.txt.gz.annotated.gz.exclusions.gz.alleles.gz
finished 18813_15_DDX19A_DD19A.txt.gz.annotated.gz.exclusions.gz.alleles.gz
running 18817_50_CBX1_CBX1.txt.gz.annotated.gz.exclusions.gz.alleles.gz
finished 18817_50_CBX1_CBX1.txt.gz.annotated.gz.exclusions.gz.alleles.gz
running 18819_21_PPIC_PPIC.txt.gz.annotated.gz.exclusions.gz.alleles.gz
finished 18819_21_PPIC_PPIC.txt.gz.annotated.gz.exclusions.gz.alleles.gz
running 18823_52_HIST3H2BB_H2B3B.txt.gz.annotated.gz.exclusions.gz.alleles.gz
finished 18823_52_HIST3H2BB_H2B3B.txt.gz.annotated.gz.exclusions.gz.alleles.gz
