running 4237_70_LCMT1_LCMT1.txt.gz.annotated.gz.exclusions.gz.alleles.gz
finished 4237_70_LCMT1_LCMT1.txt.gz.annotated.gz.exclusions.gz.alleles.gz
running 4240_31_PKM2_M2_PK.txt.gz.annotated.gz.exclusions.gz.alleles.gz
finished 4240_31_PKM2_M2_PK.txt.gz.annotated.gz.exclusions.gz.alleles.gz
running 4246_40_L1CAM_NCAM_L1.txt.gz.annotated.gz.exclusions.gz.alleles.gz
finished 4246_40_L1CAM_NCAM_L1.txt.gz.annotated.gz.exclusions.gz.alleles.gz
running 4249_64_NME2_NDP_kinase_B.txt.gz.annotated.gz.exclusions.gz.alleles.gz
finished 4249_64_NME2_NDP_kinase_B.txt.gz.annotated.gz.exclusions.gz.alleles.gz
running 4250_23_NSFL1C_NSF1C.txt.gz.annotated.gz.exclusions.gz.alleles.gz
finished 4250_23_NSFL1C_NSF1C.txt.gz.annotated.gz.exclusions.gz.alleles.gz
running 4254_6_NUDCD3_NUDC3.txt.gz.annotated.gz.exclusions.gz.alleles.gz
finished 4254_6_NUDCD3_NUDC3.txt.gz.annotated.gz.exclusions.gz.alleles.gz
running 4258_15_PA2G4_PA2G4.txt.gz.annotated.gz.exclusions.gz.alleles.gz
finished 4258_15_PA2G4_PA2G4.txt.gz.annotated.gz.exclusions.gz.alleles.gz
running 4261_55_PON1_paraoxonase_1.txt.gz.annotated.gz.exclusions.gz.alleles.gz
finished 4261_55_PON1_paraoxonase_1.txt.gz.annotated.gz.exclusions.gz.alleles.gz
running 4267_81_PES1_PESC.txt.gz.annotated.gz.exclusions.gz.alleles.gz
finished 4267_81_PES1_PESC.txt.gz.annotated.gz.exclusions.gz.alleles.gz
running 4271_75_PFDN5_PFD5.txt.gz.annotated.gz.exclusions.gz.alleles.gz
finished 4271_75_PFDN5_PFD5.txt.gz.annotated.gz.exclusions.gz.alleles.gz
running 4272_46_GPI_PHI.txt.gz.annotated.gz.exclusions.gz.alleles.gz
finished 4272_46_GPI_PHI.txt.gz.annotated.gz.exclusions.gz.alleles.gz
running 4276_10_PEBP1_prostatic_binding_protein.txt.gz.annotated.gz.exclusions.gz.alleles.gz
finished 4276_10_PEBP1_prostatic_binding_protein.txt.gz.annotated.gz.exclusions.gz.alleles.gz
running 4278_14_P4HB_Protein_disulfide_isomerase.txt.gz.annotated.gz.exclusions.gz.alleles.gz
finished 4278_14_P4HB_Protein_disulfide_isomerase.txt.gz.annotated.gz.exclusions.gz.alleles.gz
running 4280_47_PSMA2_PSA2.txt.gz.annotated.gz.exclusions.gz.alleles.gz
finished 4280_47_PSMA2_PSA2.txt.gz.annotated.gz.exclusions.gz.alleles.gz
running 4282_3_RAN_RAN.txt.gz.annotated.gz.exclusions.gz.alleles.gz
finished 4282_3_RAN_RAN.txt.gz.annotated.gz.exclusions.gz.alleles.gz
running 4284_18_RBM39_RBM39.txt.gz.annotated.gz.exclusions.gz.alleles.gz
finished 4284_18_RBM39_RBM39.txt.gz.annotated.gz.exclusions.gz.alleles.gz
running 4292_5_NAPA_SNAA.txt.gz.annotated.gz.exclusions.gz.alleles.gz
finished 4292_5_NAPA_SNAA.txt.gz.annotated.gz.exclusions.gz.alleles.gz
running 4294_16_SPHK1_Sphingosine_kinase_1.txt.gz.annotated.gz.exclusions.gz.alleles.gz
finished 4294_16_SPHK1_Sphingosine_kinase_1.txt.gz.annotated.gz.exclusions.gz.alleles.gz
running 4297_62_SPON1_Spondin_1.txt.gz.annotated.gz.exclusions.gz.alleles.gz
finished 4297_62_SPON1_Spondin_1.txt.gz.annotated.gz.exclusions.gz.alleles.gz
running 4301_58_TK1_Thymidine_kinase.txt.gz.annotated.gz.exclusions.gz.alleles.gz
finished 4301_58_TK1_Thymidine_kinase.txt.gz.annotated.gz.exclusions.gz.alleles.gz
running 4304_18_LCORL_transcription_factor_MLR1__isoform_CRA_b.txt.gz.annotated.gz.exclusions.gz.alleles.gz
finished 4304_18_LCORL_transcription_factor_MLR1__isoform_CRA_b.txt.gz.annotated.gz.exclusions.gz.alleles.gz
running 4306_4_TKT_Transketolase.txt.gz.annotated.gz.exclusions.gz.alleles.gz
finished 4306_4_TKT_Transketolase.txt.gz.annotated.gz.exclusions.gz.alleles.gz
running 4309_59_TPI1_Triosephosphate_isomerase.txt.gz.annotated.gz.exclusions.gz.alleles.gz
finished 4309_59_TPI1_Triosephosphate_isomerase.txt.gz.annotated.gz.exclusions.gz.alleles.gz
running 4314_12_DCTPP1_XTP3A.txt.gz.annotated.gz.exclusions.gz.alleles.gz
finished 4314_12_DCTPP1_XTP3A.txt.gz.annotated.gz.exclusions.gz.alleles.gz
running 4318_12_PTPN6_PTP_1C.txt.gz.annotated.gz.exclusions.gz.alleles.gz
finished 4318_12_PTPN6_PTP_1C.txt.gz.annotated.gz.exclusions.gz.alleles.gz
running 4322_28_AMN_AMNLS.txt.gz.annotated.gz.exclusions.gz.alleles.gz
finished 4322_28_AMN_AMNLS.txt.gz.annotated.gz.exclusions.gz.alleles.gz
running 4324_33_CST2_CYTT.txt.gz.annotated.gz.exclusions.gz.alleles.gz
finished 4324_33_CST2_CYTT.txt.gz.annotated.gz.exclusions.gz.alleles.gz
running 4328_2_BOC_BOC.txt.gz.annotated.gz.exclusions.gz.alleles.gz
finished 4328_2_BOC_BOC.txt.gz.annotated.gz.exclusions.gz.alleles.gz
running 4332_6_CLEC1B_CLC1B.txt.gz.annotated.gz.exclusions.gz.alleles.gz
finished 4332_6_CLEC1B_CLC1B.txt.gz.annotated.gz.exclusions.gz.alleles.gz
running 4337_49_CRP_CRP.txt.gz.annotated.gz.exclusions.gz.alleles.gz
finished 4337_49_CRP_CRP.txt.gz.annotated.gz.exclusions.gz.alleles.gz
running 4342_10_ICAM1_sICAM_1.txt.gz.annotated.gz.exclusions.gz.alleles.gz
finished 4342_10_ICAM1_sICAM_1.txt.gz.annotated.gz.exclusions.gz.alleles.gz
running 4355_13_DAPK2_DAPK2.txt.gz.annotated.gz.exclusions.gz.alleles.gz
finished 4355_13_DAPK2_DAPK2.txt.gz.annotated.gz.exclusions.gz.alleles.gz
running 4359_87_DYRK3_DYRK3.txt.gz.annotated.gz.exclusions.gz.alleles.gz
finished 4359_87_DYRK3_DYRK3.txt.gz.annotated.gz.exclusions.gz.alleles.gz
running 4374_45_GDF15_MIC_1.txt.gz.annotated.gz.exclusions.gz.alleles.gz
finished 4374_45_GDF15_MIC_1.txt.gz.annotated.gz.exclusions.gz.alleles.gz
running 4389_2_DHH_DHH.txt.gz.annotated.gz.exclusions.gz.alleles.gz
finished 4389_2_DHH_DHH.txt.gz.annotated.gz.exclusions.gz.alleles.gz
running 4392_54_FGF12_FGF_12.txt.gz.annotated.gz.exclusions.gz.alleles.gz
finished 4392_54_FGF12_FGF_12.txt.gz.annotated.gz.exclusions.gz.alleles.gz
running 4393_3_FGF16_FGF_16.txt.gz.annotated.gz.exclusions.gz.alleles.gz
finished 4393_3_FGF16_FGF_16.txt.gz.annotated.gz.exclusions.gz.alleles.gz
running 4394_71_FGF8_FGF_8A.txt.gz.annotated.gz.exclusions.gz.alleles.gz
finished 4394_71_FGF8_FGF_8A.txt.gz.annotated.gz.exclusions.gz.alleles.gz
running 4396_54_IFNL1_IFN_lambda_1.txt.gz.annotated.gz.exclusions.gz.alleles.gz
finished 4396_54_IFNL1_IFN_lambda_1.txt.gz.annotated.gz.exclusions.gz.alleles.gz
running 4397_26_IFNL2_IFN_lambda_2.txt.gz.annotated.gz.exclusions.gz.alleles.gz
finished 4397_26_IFNL2_IFN_lambda_2.txt.gz.annotated.gz.exclusions.gz.alleles.gz
running 4407_10_MST1_MSP.txt.gz.annotated.gz.exclusions.gz.alleles.gz
finished 4407_10_MST1_MSP.txt.gz.annotated.gz.exclusions.gz.alleles.gz
running 4413_3_SLPI_SLPI.txt.gz.annotated.gz.exclusions.gz.alleles.gz
finished 4413_3_SLPI_SLPI.txt.gz.annotated.gz.exclusions.gz.alleles.gz
running 4420_7_ADAM12_ADAM12.txt.gz.annotated.gz.exclusions.gz.alleles.gz
finished 4420_7_ADAM12_ADAM12.txt.gz.annotated.gz.exclusions.gz.alleles.gz
running 4423_77_BCL2L1_BCL2_like_1_protein.txt.gz.annotated.gz.exclusions.gz.alleles.gz
finished 4423_77_BCL2L1_BCL2_like_1_protein.txt.gz.annotated.gz.exclusions.gz.alleles.gz
running 4429_51_CHST6_CHST6.txt.gz.annotated.gz.exclusions.gz.alleles.gz
finished 4429_51_CHST6_CHST6.txt.gz.annotated.gz.exclusions.gz.alleles.gz
running 4430_44_COLEC11_Collectin_Kidney_1.txt.gz.annotated.gz.exclusions.gz.alleles.gz
finished 4430_44_COLEC11_Collectin_Kidney_1.txt.gz.annotated.gz.exclusions.gz.alleles.gz
running 4435_66_ENPP7_ENPP7.txt.gz.annotated.gz.exclusions.gz.alleles.gz
finished 4435_66_ENPP7_ENPP7.txt.gz.annotated.gz.exclusions.gz.alleles.gz
running 4436_1_ENTPD3_ENTP3.txt.gz.annotated.gz.exclusions.gz.alleles.gz
finished 4436_1_ENTPD3_ENTP3.txt.gz.annotated.gz.exclusions.gz.alleles.gz
running 4437_56_ENTPD5_ENTP5.txt.gz.annotated.gz.exclusions.gz.alleles.gz
finished 4437_56_ENTPD5_ENTP5.txt.gz.annotated.gz.exclusions.gz.alleles.gz
running 4440_15_FCRL3_FCRL3.txt.gz.annotated.gz.exclusions.gz.alleles.gz
finished 4440_15_FCRL3_FCRL3.txt.gz.annotated.gz.exclusions.gz.alleles.gz
running 4453_83_LRRTM3_LRRT3.txt.gz.annotated.gz.exclusions.gz.alleles.gz
finished 4453_83_LRRTM3_LRRT3.txt.gz.annotated.gz.exclusions.gz.alleles.gz
running 4455_89_MFGE8_MFGM.txt.gz.annotated.gz.exclusions.gz.alleles.gz
finished 4455_89_MFGE8_MFGM.txt.gz.annotated.gz.exclusions.gz.alleles.gz
running 4459_68_PCSK7_PCSK7.txt.gz.annotated.gz.exclusions.gz.alleles.gz
finished 4459_68_PCSK7_PCSK7.txt.gz.annotated.gz.exclusions.gz.alleles.gz
running 4460_8_PDPK1_PDPK1.txt.gz.annotated.gz.exclusions.gz.alleles.gz
finished 4460_8_PDPK1_PDPK1.txt.gz.annotated.gz.exclusions.gz.alleles.gz
running 4464_10_SIGLEC1_Sialoadhesin.txt.gz.annotated.gz.exclusions.gz.alleles.gz
finished 4464_10_SIGLEC1_Sialoadhesin.txt.gz.annotated.gz.exclusions.gz.alleles.gz
running 4467_49_SPARCL1_SPARCL1.txt.gz.annotated.gz.exclusions.gz.alleles.gz
finished 4467_49_SPARCL1_SPARCL1.txt.gz.annotated.gz.exclusions.gz.alleles.gz
running 4468_21_SPHK2_SPHK2.txt.gz.annotated.gz.exclusions.gz.alleles.gz
finished 4468_21_SPHK2_SPHK2.txt.gz.annotated.gz.exclusions.gz.alleles.gz
running 4469_78_CHST15_ST4S6.txt.gz.annotated.gz.exclusions.gz.alleles.gz
finished 4469_78_CHST15_ST4S6.txt.gz.annotated.gz.exclusions.gz.alleles.gz
running 4471_50_TGM3_TGM3.txt.gz.annotated.gz.exclusions.gz.alleles.gz
finished 4471_50_TGM3_TGM3.txt.gz.annotated.gz.exclusions.gz.alleles.gz
running 4472_5_TPM2_Tropomyosin_2.txt.gz.annotated.gz.exclusions.gz.alleles.gz
finished 4472_5_TPM2_Tropomyosin_2.txt.gz.annotated.gz.exclusions.gz.alleles.gz
running 4474_19_RPS27A_Ubiquitin.txt.gz.annotated.gz.exclusions.gz.alleles.gz
finished 4474_19_RPS27A_Ubiquitin.txt.gz.annotated.gz.exclusions.gz.alleles.gz
running 4476_22_ZAP70_ZAP70.txt.gz.annotated.gz.exclusions.gz.alleles.gz
finished 4476_22_ZAP70_ZAP70.txt.gz.annotated.gz.exclusions.gz.alleles.gz
running 4479_14_SERPING1_C1_Esterase_Inhibitor.txt.gz.annotated.gz.exclusions.gz.alleles.gz
finished 4479_14_SERPING1_C1_Esterase_Inhibitor.txt.gz.annotated.gz.exclusions.gz.alleles.gz
running 4480_59_C3_C3b.txt.gz.annotated.gz.exclusions.gz.alleles.gz
finished 4480_59_C3_C3b.txt.gz.annotated.gz.exclusions.gz.alleles.gz
running 4487_1_FGF7_FGF7.txt.gz.annotated.gz.exclusions.gz.alleles.gz
finished 4487_1_FGF7_FGF7.txt.gz.annotated.gz.exclusions.gz.alleles.gz
running 4493_92_IL11_IL_11.txt.gz.annotated.gz.exclusions.gz.alleles.gz
finished 4493_92_IL11_IL_11.txt.gz.annotated.gz.exclusions.gz.alleles.gz
running 4496_60_MMP12_MMP_12.txt.gz.annotated.gz.exclusions.gz.alleles.gz
finished 4496_60_MMP12_MMP_12.txt.gz.annotated.gz.exclusions.gz.alleles.gz
running 4498_62_NCAM1_NCAM_120.txt.gz.annotated.gz.exclusions.gz.alleles.gz
finished 4498_62_NCAM1_NCAM_120.txt.gz.annotated.gz.exclusions.gz.alleles.gz
running 4499_21_PDGFA_PDGF_AA.txt.gz.annotated.gz.exclusions.gz.alleles.gz
finished 4499_21_PDGFA_PDGF_AA.txt.gz.annotated.gz.exclusions.gz.alleles.gz
running 4500_50_CLEC11A_SCGF_alpha.txt.gz.annotated.gz.exclusions.gz.alleles.gz
finished 4500_50_CLEC11A_SCGF_alpha.txt.gz.annotated.gz.exclusions.gz.alleles.gz
running 4533_76_ADAMTS15_ATS15.txt.gz.annotated.gz.exclusions.gz.alleles.gz
finished 4533_76_ADAMTS15_ATS15.txt.gz.annotated.gz.exclusions.gz.alleles.gz
running 4534_10_PRSS22_BSSP4.txt.gz.annotated.gz.exclusions.gz.alleles.gz
finished 4534_10_PRSS22_BSSP4.txt.gz.annotated.gz.exclusions.gz.alleles.gz
running 4535_50_BST1_BST1.txt.gz.annotated.gz.exclusions.gz.alleles.gz
finished 4535_50_BST1_BST1.txt.gz.annotated.gz.exclusions.gz.alleles.gz
running 4540_11_CBX5_CBX5.txt.gz.annotated.gz.exclusions.gz.alleles.gz
finished 4540_11_CBX5_CBX5.txt.gz.annotated.gz.exclusions.gz.alleles.gz
running 4541_49_CDON_CDON.txt.gz.annotated.gz.exclusions.gz.alleles.gz
finished 4541_49_CDON_CDON.txt.gz.annotated.gz.exclusions.gz.alleles.gz
running 4542_24_CLU_Clusterin.txt.gz.annotated.gz.exclusions.gz.alleles.gz
finished 4542_24_CLU_Clusterin.txt.gz.annotated.gz.exclusions.gz.alleles.gz
running 4543_65_COL23A1_CONA1.txt.gz.annotated.gz.exclusions.gz.alleles.gz
finished 4543_65_COL23A1_CONA1.txt.gz.annotated.gz.exclusions.gz.alleles.gz
running 4544_4_PPBP_CTAP_III.txt.gz.annotated.gz.exclusions.gz.alleles.gz
finished 4544_4_PPBP_CTAP_III.txt.gz.annotated.gz.exclusions.gz.alleles.gz
running 4545_53_DNAJC19_DnaJ_homolog.txt.gz.annotated.gz.exclusions.gz.alleles.gz
finished 4545_53_DNAJC19_DnaJ_homolog.txt.gz.annotated.gz.exclusions.gz.alleles.gz
running 4546_27_ADGRE2_EMR2.txt.gz.annotated.gz.exclusions.gz.alleles.gz
finished 4546_27_ADGRE2_EMR2.txt.gz.annotated.gz.exclusions.gz.alleles.gz
running 4547_59_FLRT1_FLRT1.txt.gz.annotated.gz.exclusions.gz.alleles.gz
finished 4547_59_FLRT1_FLRT1.txt.gz.annotated.gz.exclusions.gz.alleles.gz
running 4548_4_FUT3_Fucosyltransferase_3.txt.gz.annotated.gz.exclusions.gz.alleles.gz
finished 4548_4_FUT3_Fucosyltransferase_3.txt.gz.annotated.gz.exclusions.gz.alleles.gz
running 4549_78_FUT5_FUT5.txt.gz.annotated.gz.exclusions.gz.alleles.gz
finished 4549_78_FUT5_FUT5.txt.gz.annotated.gz.exclusions.gz.alleles.gz
running 4551_72_ADGRG5_GP114.txt.gz.annotated.gz.exclusions.gz.alleles.gz
finished 4551_72_ADGRG5_GP114.txt.gz.annotated.gz.exclusions.gz.alleles.gz
running 4553_65_HDGFRP2_HDGR2.txt.gz.annotated.gz.exclusions.gz.alleles.gz
finished 4553_65_HDGFRP2_HDGR2.txt.gz.annotated.gz.exclusions.gz.alleles.gz
running 4556_10_IL34_IL_34.txt.gz.annotated.gz.exclusions.gz.alleles.gz
finished 4556_10_IL34_IL_34.txt.gz.annotated.gz.exclusions.gz.alleles.gz
running 4557_61_KIRREL3_KIRR3.txt.gz.annotated.gz.exclusions.gz.alleles.gz
finished 4557_61_KIRREL3_KIRR3.txt.gz.annotated.gz.exclusions.gz.alleles.gz
running 4559_64_KYNU_KYNU.txt.gz.annotated.gz.exclusions.gz.alleles.gz
finished 4559_64_KYNU_KYNU.txt.gz.annotated.gz.exclusions.gz.alleles.gz
running 4560_34_LCK_LCK.txt.gz.annotated.gz.exclusions.gz.alleles.gz
finished 4560_34_LCK_LCK.txt.gz.annotated.gz.exclusions.gz.alleles.gz
running 4562_1_NXPH1_NXPH1.txt.gz.annotated.gz.exclusions.gz.alleles.gz
finished 4562_1_NXPH1_NXPH1.txt.gz.annotated.gz.exclusions.gz.alleles.gz
running 4563_61_PLCG1_PLCG1.txt.gz.annotated.gz.exclusions.gz.alleles.gz
finished 4563_61_PLCG1_PLCG1.txt.gz.annotated.gz.exclusions.gz.alleles.gz
running 4564_2_PLXNC1_PLXC1.txt.gz.annotated.gz.exclusions.gz.alleles.gz
finished 4564_2_PLXNC1_PLXC1.txt.gz.annotated.gz.exclusions.gz.alleles.gz
running 4566_24_RSPO2_RSPO2.txt.gz.annotated.gz.exclusions.gz.alleles.gz
finished 4566_24_RSPO2_RSPO2.txt.gz.annotated.gz.exclusions.gz.alleles.gz
running 4567_82_SH2D1A_SH21A.txt.gz.annotated.gz.exclusions.gz.alleles.gz
finished 4567_82_SH2D1A_SH21A.txt.gz.annotated.gz.exclusions.gz.alleles.gz
running 4568_17_SLITRK5_SLIK5.txt.gz.annotated.gz.exclusions.gz.alleles.gz
finished 4568_17_SLITRK5_SLIK5.txt.gz.annotated.gz.exclusions.gz.alleles.gz
running 4569_52_SORCS2_SORC2.txt.gz.annotated.gz.exclusions.gz.alleles.gz
finished 4569_52_SORCS2_SORC2.txt.gz.annotated.gz.exclusions.gz.alleles.gz
running 4588_1_PPY_PH.txt.gz.annotated.gz.exclusions.gz.alleles.gz
finished 4588_1_PPY_PH.txt.gz.annotated.gz.exclusions.gz.alleles.gz
running 4673_13_IL6_IL_6.txt.gz.annotated.gz.exclusions.gz.alleles.gz
finished 4673_13_IL6_IL_6.txt.gz.annotated.gz.exclusions.gz.alleles.gz
running 4693_72_HIBADH_3HIDH.txt.gz.annotated.gz.exclusions.gz.alleles.gz
finished 4693_72_HIBADH_3HIDH.txt.gz.annotated.gz.exclusions.gz.alleles.gz
running 4697_59_CSF2_GM_CSF.txt.gz.annotated.gz.exclusions.gz.alleles.gz
finished 4697_59_CSF2_GM_CSF.txt.gz.annotated.gz.exclusions.gz.alleles.gz
running 4703_87_LTA_TNF_b.txt.gz.annotated.gz.exclusions.gz.alleles.gz
finished 4703_87_LTA_TNF_b.txt.gz.annotated.gz.exclusions.gz.alleles.gz
running 4706_17_EPB41_41.txt.gz.annotated.gz.exclusions.gz.alleles.gz
finished 4706_17_EPB41_41.txt.gz.annotated.gz.exclusions.gz.alleles.gz
running 4708_3_HSD17B1_17_beta_HSD_1.txt.gz.annotated.gz.exclusions.gz.alleles.gz
finished 4708_3_HSD17B1_17_beta_HSD_1.txt.gz.annotated.gz.exclusions.gz.alleles.gz
running 4712_28_APOD_Apo_D.txt.gz.annotated.gz.exclusions.gz.alleles.gz
finished 4712_28_APOD_Apo_D.txt.gz.annotated.gz.exclusions.gz.alleles.gz
running 4717_55_IL3_IL_3.txt.gz.annotated.gz.exclusions.gz.alleles.gz
finished 4717_55_IL3_IL_3.txt.gz.annotated.gz.exclusions.gz.alleles.gz
running 4718_5_PPIB_PPIB.txt.gz.annotated.gz.exclusions.gz.alleles.gz
finished 4718_5_PPIB_PPIB.txt.gz.annotated.gz.exclusions.gz.alleles.gz
running 4719_58_PDIA3_Protein_disulfide_isomerase_A3.txt.gz.annotated.gz.exclusions.gz.alleles.gz
finished 4719_58_PDIA3_Protein_disulfide_isomerase_A3.txt.gz.annotated.gz.exclusions.gz.alleles.gz
running 4721_54_TFF3_TFF3.txt.gz.annotated.gz.exclusions.gz.alleles.gz
finished 4721_54_TFF3_TFF3.txt.gz.annotated.gz.exclusions.gz.alleles.gz
running 4763_31_AFM_Afamin.txt.gz.annotated.gz.exclusions.gz.alleles.gz
finished 4763_31_AFM_Afamin.txt.gz.annotated.gz.exclusions.gz.alleles.gz
