running 11277_23_ATF6_ATF6A.txt.gz.annotated.gz.exclusions.gz.alleles.gz
finished 11277_23_ATF6_ATF6A.txt.gz.annotated.gz.exclusions.gz.alleles.gz
running 11278_4_COL11A2_COL11A2.txt.gz.annotated.gz.exclusions.gz.alleles.gz
finished 11278_4_COL11A2_COL11A2.txt.gz.annotated.gz.exclusions.gz.alleles.gz
running 11279_42_GABBR1_GABR1.txt.gz.annotated.gz.exclusions.gz.alleles.gz
finished 11279_42_GABBR1_GABR1.txt.gz.annotated.gz.exclusions.gz.alleles.gz
running 11280_6_GAD1_DCE1.txt.gz.annotated.gz.exclusions.gz.alleles.gz
finished 11280_6_GAD1_DCE1.txt.gz.annotated.gz.exclusions.gz.alleles.gz
running 11281_6_GRB7_GRB7.txt.gz.annotated.gz.exclusions.gz.alleles.gz
finished 11281_6_GRB7_GRB7.txt.gz.annotated.gz.exclusions.gz.alleles.gz
running 11283_13_DCAF5_DCAF5.txt.gz.annotated.gz.exclusions.gz.alleles.gz
finished 11283_13_DCAF5_DCAF5.txt.gz.annotated.gz.exclusions.gz.alleles.gz
running 11284_24_LAIR1_LAIR1.txt.gz.annotated.gz.exclusions.gz.alleles.gz
finished 11284_24_LAIR1_LAIR1.txt.gz.annotated.gz.exclusions.gz.alleles.gz
running 11286_78_VIMP_SELS.txt.gz.annotated.gz.exclusions.gz.alleles.gz
finished 11286_78_VIMP_SELS.txt.gz.annotated.gz.exclusions.gz.alleles.gz
running 11287_14_CYB5A_Cytochrome_b5.txt.gz.annotated.gz.exclusions.gz.alleles.gz
finished 11287_14_CYB5A_Cytochrome_b5.txt.gz.annotated.gz.exclusions.gz.alleles.gz
running 11288_26_NT5C2_5NTC.txt.gz.annotated.gz.exclusions.gz.alleles.gz
finished 11288_26_NT5C2_5NTC.txt.gz.annotated.gz.exclusions.gz.alleles.gz
running 11289_31_CSNK1D_KC1D.txt.gz.annotated.gz.exclusions.gz.alleles.gz
finished 11289_31_CSNK1D_KC1D.txt.gz.annotated.gz.exclusions.gz.alleles.gz
running 11292_13_SCARA3_SCAR3.txt.gz.annotated.gz.exclusions.gz.alleles.gz
finished 11292_13_SCARA3_SCAR3.txt.gz.annotated.gz.exclusions.gz.alleles.gz
running 11293_14_LRRN1_LRRN1.txt.gz.annotated.gz.exclusions.gz.alleles.gz
finished 11293_14_LRRN1_LRRN1.txt.gz.annotated.gz.exclusions.gz.alleles.gz
running 11297_54_NOTCH2_NOTC2.txt.gz.annotated.gz.exclusions.gz.alleles.gz
finished 11297_54_NOTCH2_NOTC2.txt.gz.annotated.gz.exclusions.gz.alleles.gz
running 11300_32_SORT1_SORT.txt.gz.annotated.gz.exclusions.gz.alleles.gz
finished 11300_32_SORT1_SORT.txt.gz.annotated.gz.exclusions.gz.alleles.gz
running 11302_237_TNR_TENR.txt.gz.annotated.gz.exclusions.gz.alleles.gz
finished 11302_237_TNR_TENR.txt.gz.annotated.gz.exclusions.gz.alleles.gz
running 11303_7_SAMHD1_SAMH1.txt.gz.annotated.gz.exclusions.gz.alleles.gz
finished 11303_7_SAMHD1_SAMH1.txt.gz.annotated.gz.exclusions.gz.alleles.gz
running 11307_33_WWP1_WWP1.txt.gz.annotated.gz.exclusions.gz.alleles.gz
finished 11307_33_WWP1_WWP1.txt.gz.annotated.gz.exclusions.gz.alleles.gz
running 11308_8_CREB3L4_CR3L4.txt.gz.annotated.gz.exclusions.gz.alleles.gz
finished 11308_8_CREB3L4_CR3L4.txt.gz.annotated.gz.exclusions.gz.alleles.gz
running 11311_79_RAG1_RAG_1.txt.gz.annotated.gz.exclusions.gz.alleles.gz
finished 11311_79_RAG1_RAG_1.txt.gz.annotated.gz.exclusions.gz.alleles.gz
running 11312_40_PMS2_PMS2.txt.gz.annotated.gz.exclusions.gz.alleles.gz
finished 11312_40_PMS2_PMS2.txt.gz.annotated.gz.exclusions.gz.alleles.gz
running 11313_100_PCBD1_PHS.txt.gz.annotated.gz.exclusions.gz.alleles.gz
finished 11313_100_PCBD1_PHS.txt.gz.annotated.gz.exclusions.gz.alleles.gz
running 11315_148_PPM1D_PPM1D.txt.gz.annotated.gz.exclusions.gz.alleles.gz
finished 11315_148_PPM1D_PPM1D.txt.gz.annotated.gz.exclusions.gz.alleles.gz
running 11319_106_MRE11A_MRE11.txt.gz.annotated.gz.exclusions.gz.alleles.gz
finished 11319_106_MRE11A_MRE11.txt.gz.annotated.gz.exclusions.gz.alleles.gz
running 11320_29_CHFR_CHFR.txt.gz.annotated.gz.exclusions.gz.alleles.gz
finished 11320_29_CHFR_CHFR.txt.gz.annotated.gz.exclusions.gz.alleles.gz
running 11324_3_PXDNL_PXDNL.txt.gz.annotated.gz.exclusions.gz.alleles.gz
finished 11324_3_PXDNL_PXDNL.txt.gz.annotated.gz.exclusions.gz.alleles.gz
running 11325_8_BTG2_BTG2.txt.gz.annotated.gz.exclusions.gz.alleles.gz
finished 11325_8_BTG2_BTG2.txt.gz.annotated.gz.exclusions.gz.alleles.gz
running 11327_56_CLK2_CLK2.txt.gz.annotated.gz.exclusions.gz.alleles.gz
finished 11327_56_CLK2_CLK2.txt.gz.annotated.gz.exclusions.gz.alleles.gz
running 11328_9_USB1_USB1.txt.gz.annotated.gz.exclusions.gz.alleles.gz
finished 11328_9_USB1_USB1.txt.gz.annotated.gz.exclusions.gz.alleles.gz
running 11330_15_CSNK2B_CSK2B.txt.gz.annotated.gz.exclusions.gz.alleles.gz
finished 11330_15_CSNK2B_CSK2B.txt.gz.annotated.gz.exclusions.gz.alleles.gz
running 11333_82_ARHGAP25_RHG25.txt.gz.annotated.gz.exclusions.gz.alleles.gz
finished 11333_82_ARHGAP25_RHG25.txt.gz.annotated.gz.exclusions.gz.alleles.gz
running 11334_7_LILRB3_LIRB3.txt.gz.annotated.gz.exclusions.gz.alleles.gz
finished 11334_7_LILRB3_LIRB3.txt.gz.annotated.gz.exclusions.gz.alleles.gz
running 11336_9_FANCF_FANCF.txt.gz.annotated.gz.exclusions.gz.alleles.gz
finished 11336_9_FANCF_FANCF.txt.gz.annotated.gz.exclusions.gz.alleles.gz
running 11338_49_BLK_BLK.txt.gz.annotated.gz.exclusions.gz.alleles.gz
finished 11338_49_BLK_BLK.txt.gz.annotated.gz.exclusions.gz.alleles.gz
running 11342_59_PLXDC2_PXDC2.txt.gz.annotated.gz.exclusions.gz.alleles.gz
finished 11342_59_PLXDC2_PXDC2.txt.gz.annotated.gz.exclusions.gz.alleles.gz
running 11347_9_TALDO1_Transaldolase.txt.gz.annotated.gz.exclusions.gz.alleles.gz
finished 11347_9_TALDO1_Transaldolase.txt.gz.annotated.gz.exclusions.gz.alleles.gz
running 11348_132_P4HA2_P4HA2.txt.gz.annotated.gz.exclusions.gz.alleles.gz
finished 11348_132_P4HA2_P4HA2.txt.gz.annotated.gz.exclusions.gz.alleles.gz
running 11350_30_STUB1_CHIP.txt.gz.annotated.gz.exclusions.gz.alleles.gz
finished 11350_30_STUB1_CHIP.txt.gz.annotated.gz.exclusions.gz.alleles.gz
running 11351_233_NHEJ1_NHEJ1.txt.gz.annotated.gz.exclusions.gz.alleles.gz
finished 11351_233_NHEJ1_NHEJ1.txt.gz.annotated.gz.exclusions.gz.alleles.gz
running 11352_42_TTN_TITIN.txt.gz.annotated.gz.exclusions.gz.alleles.gz
finished 11352_42_TTN_TITIN.txt.gz.annotated.gz.exclusions.gz.alleles.gz
running 11354_21_PLCB1_Phospholipase_C_beta_1.txt.gz.annotated.gz.exclusions.gz.alleles.gz
finished 11354_21_PLCB1_Phospholipase_C_beta_1.txt.gz.annotated.gz.exclusions.gz.alleles.gz
running 11355_10_EIF5A2_IF5A2.txt.gz.annotated.gz.exclusions.gz.alleles.gz
finished 11355_10_EIF5A2_IF5A2.txt.gz.annotated.gz.exclusions.gz.alleles.gz
running 11356_19_DGCR14_DGC14.txt.gz.annotated.gz.exclusions.gz.alleles.gz
finished 11356_19_DGCR14_DGC14.txt.gz.annotated.gz.exclusions.gz.alleles.gz
running 11358_15_GRB10_GRB10.txt.gz.annotated.gz.exclusions.gz.alleles.gz
finished 11358_15_GRB10_GRB10.txt.gz.annotated.gz.exclusions.gz.alleles.gz
running 11360_39_RRM1_RRM1.txt.gz.annotated.gz.exclusions.gz.alleles.gz
finished 11360_39_RRM1_RRM1.txt.gz.annotated.gz.exclusions.gz.alleles.gz
running 11361_73_TYMP_TP.txt.gz.annotated.gz.exclusions.gz.alleles.gz
finished 11361_73_TYMP_TP.txt.gz.annotated.gz.exclusions.gz.alleles.gz
running 11363_58_AQP4_AQP4.txt.gz.annotated.gz.exclusions.gz.alleles.gz
finished 11363_58_AQP4_AQP4.txt.gz.annotated.gz.exclusions.gz.alleles.gz
running 11364_18_MFN1_MFN1.txt.gz.annotated.gz.exclusions.gz.alleles.gz
finished 11364_18_MFN1_MFN1.txt.gz.annotated.gz.exclusions.gz.alleles.gz
running 11365_17_TENM4_TEN4.txt.gz.annotated.gz.exclusions.gz.alleles.gz
finished 11365_17_TENM4_TEN4.txt.gz.annotated.gz.exclusions.gz.alleles.gz
running 11368_32_AK2_KAD2.txt.gz.annotated.gz.exclusions.gz.alleles.gz
finished 11368_32_AK2_KAD2.txt.gz.annotated.gz.exclusions.gz.alleles.gz
running 11369_23_ADH5_ADHX.txt.gz.annotated.gz.exclusions.gz.alleles.gz
finished 11369_23_ADH5_ADHX.txt.gz.annotated.gz.exclusions.gz.alleles.gz
running 11370_20_INPP5E_INP5E.txt.gz.annotated.gz.exclusions.gz.alleles.gz
finished 11370_20_INPP5E_INP5E.txt.gz.annotated.gz.exclusions.gz.alleles.gz
running 11371_1_GPR101_GP101.txt.gz.annotated.gz.exclusions.gz.alleles.gz
finished 11371_1_GPR101_GP101.txt.gz.annotated.gz.exclusions.gz.alleles.gz
running 11372_2_ZNF18_ZNF18.txt.gz.annotated.gz.exclusions.gz.alleles.gz
finished 11372_2_ZNF18_ZNF18.txt.gz.annotated.gz.exclusions.gz.alleles.gz
running 11375_49_FOXL2_FOXL2.txt.gz.annotated.gz.exclusions.gz.alleles.gz
finished 11375_49_FOXL2_FOXL2.txt.gz.annotated.gz.exclusions.gz.alleles.gz
running 11377_19_ADH7_ADH7.txt.gz.annotated.gz.exclusions.gz.alleles.gz
finished 11377_19_ADH7_ADH7.txt.gz.annotated.gz.exclusions.gz.alleles.gz
running 11378_37_SYK_KSYK.txt.gz.annotated.gz.exclusions.gz.alleles.gz
finished 11378_37_SYK_KSYK.txt.gz.annotated.gz.exclusions.gz.alleles.gz
running 11380_84_RBM24_RBM24.txt.gz.annotated.gz.exclusions.gz.alleles.gz
finished 11380_84_RBM24_RBM24.txt.gz.annotated.gz.exclusions.gz.alleles.gz
running 11381_56_PRPS1_PRPS1.txt.gz.annotated.gz.exclusions.gz.alleles.gz
finished 11381_56_PRPS1_PRPS1.txt.gz.annotated.gz.exclusions.gz.alleles.gz
running 11382_5_BLVRA_BIEA.txt.gz.annotated.gz.exclusions.gz.alleles.gz
finished 11382_5_BLVRA_BIEA.txt.gz.annotated.gz.exclusions.gz.alleles.gz
running 11383_41_KRT7_Keratin_7.txt.gz.annotated.gz.exclusions.gz.alleles.gz
finished 11383_41_KRT7_Keratin_7.txt.gz.annotated.gz.exclusions.gz.alleles.gz
running 11387_3_ATF6B_ATF6B.txt.gz.annotated.gz.exclusions.gz.alleles.gz
finished 11387_3_ATF6B_ATF6B.txt.gz.annotated.gz.exclusions.gz.alleles.gz
running 11388_75_WFDC2_HE4.txt.gz.annotated.gz.exclusions.gz.alleles.gz
finished 11388_75_WFDC2_HE4.txt.gz.annotated.gz.exclusions.gz.alleles.gz
running 11390_24_CA8_Carbonic_Anhydrase_VIII.txt.gz.annotated.gz.exclusions.gz.alleles.gz
finished 11390_24_CA8_Carbonic_Anhydrase_VIII.txt.gz.annotated.gz.exclusions.gz.alleles.gz
running 11391_69_MVK_MVK.txt.gz.annotated.gz.exclusions.gz.alleles.gz
finished 11391_69_MVK_MVK.txt.gz.annotated.gz.exclusions.gz.alleles.gz
running 11395_5_PTK2B_FAK2.txt.gz.annotated.gz.exclusions.gz.alleles.gz
finished 11395_5_PTK2B_FAK2.txt.gz.annotated.gz.exclusions.gz.alleles.gz
running 11396_39_DNAI1_DNAI1.txt.gz.annotated.gz.exclusions.gz.alleles.gz
finished 11396_39_DNAI1_DNAI1.txt.gz.annotated.gz.exclusions.gz.alleles.gz
running 11401_181_RNF146_RN146.txt.gz.annotated.gz.exclusions.gz.alleles.gz
finished 11401_181_RNF146_RN146.txt.gz.annotated.gz.exclusions.gz.alleles.gz
running 11402_17_KMT2C_KMT2C.txt.gz.annotated.gz.exclusions.gz.alleles.gz
finished 11402_17_KMT2C_KMT2C.txt.gz.annotated.gz.exclusions.gz.alleles.gz
running 11405_150_CARD9_CARD9.txt.gz.annotated.gz.exclusions.gz.alleles.gz
finished 11405_150_CARD9_CARD9.txt.gz.annotated.gz.exclusions.gz.alleles.gz
running 11406_82_ACAD8_ACAD8.txt.gz.annotated.gz.exclusions.gz.alleles.gz
finished 11406_82_ACAD8_ACAD8.txt.gz.annotated.gz.exclusions.gz.alleles.gz
running 11407_57_PLSCR3_PLS3.txt.gz.annotated.gz.exclusions.gz.alleles.gz
finished 11407_57_PLSCR3_PLS3.txt.gz.annotated.gz.exclusions.gz.alleles.gz
running 11416_23_FBXL4_FBXL4.txt.gz.annotated.gz.exclusions.gz.alleles.gz
finished 11416_23_FBXL4_FBXL4.txt.gz.annotated.gz.exclusions.gz.alleles.gz
running 11421_10_EHD4_EHD4.txt.gz.annotated.gz.exclusions.gz.alleles.gz
finished 11421_10_EHD4_EHD4.txt.gz.annotated.gz.exclusions.gz.alleles.gz
running 11422_2_DLX3_DLX3.txt.gz.annotated.gz.exclusions.gz.alleles.gz
finished 11422_2_DLX3_DLX3.txt.gz.annotated.gz.exclusions.gz.alleles.gz
running 11424_4_FAH_FAAA.txt.gz.annotated.gz.exclusions.gz.alleles.gz
finished 11424_4_FAH_FAAA.txt.gz.annotated.gz.exclusions.gz.alleles.gz
running 11425_31_RUFY1_RUFY1.txt.gz.annotated.gz.exclusions.gz.alleles.gz
finished 11425_31_RUFY1_RUFY1.txt.gz.annotated.gz.exclusions.gz.alleles.gz
running 11428_31_PDLIM1_PDLI1.txt.gz.annotated.gz.exclusions.gz.alleles.gz
finished 11428_31_PDLIM1_PDLI1.txt.gz.annotated.gz.exclusions.gz.alleles.gz
running 11429_80_HNRNPC_hnRNP_C1_C2.txt.gz.annotated.gz.exclusions.gz.alleles.gz
finished 11429_80_HNRNPC_hnRNP_C1_C2.txt.gz.annotated.gz.exclusions.gz.alleles.gz
running 11430_49_DTX1_DTX1.txt.gz.annotated.gz.exclusions.gz.alleles.gz
finished 11430_49_DTX1_DTX1.txt.gz.annotated.gz.exclusions.gz.alleles.gz
