running 12488_9_MCTS1_MCTS1.txt.gz.annotated.gz.exclusions.gz.alleles.gz
finished 12488_9_MCTS1_MCTS1.txt.gz.annotated.gz.exclusions.gz.alleles.gz
running 12490_92_LAMTOR3_LTOR3.txt.gz.annotated.gz.exclusions.gz.alleles.gz
finished 12490_92_LAMTOR3_LTOR3.txt.gz.annotated.gz.exclusions.gz.alleles.gz
running 12493_42_OTUB2_OTUB2.txt.gz.annotated.gz.exclusions.gz.alleles.gz
finished 12493_42_OTUB2_OTUB2.txt.gz.annotated.gz.exclusions.gz.alleles.gz
running 12494_99_GABARAPL2_GBRL2.txt.gz.annotated.gz.exclusions.gz.alleles.gz
finished 12494_99_GABARAPL2_GBRL2.txt.gz.annotated.gz.exclusions.gz.alleles.gz
running 12497_29_NUDT16L1_SDOS.txt.gz.annotated.gz.exclusions.gz.alleles.gz
finished 12497_29_NUDT16L1_SDOS.txt.gz.annotated.gz.exclusions.gz.alleles.gz
running 12498_12_TAX1BP3_TX1B3.txt.gz.annotated.gz.exclusions.gz.alleles.gz
finished 12498_12_TAX1BP3_TX1B3.txt.gz.annotated.gz.exclusions.gz.alleles.gz
running 12499_108_SH3GL2_SH3G2.txt.gz.annotated.gz.exclusions.gz.alleles.gz
finished 12499_108_SH3GL2_SH3G2.txt.gz.annotated.gz.exclusions.gz.alleles.gz
running 12500_88_UBA2_SAE2.txt.gz.annotated.gz.exclusions.gz.alleles.gz
finished 12500_88_UBA2_SAE2.txt.gz.annotated.gz.exclusions.gz.alleles.gz
running 12501_10_TBCA_TBCA.txt.gz.annotated.gz.exclusions.gz.alleles.gz
finished 12501_10_TBCA_TBCA.txt.gz.annotated.gz.exclusions.gz.alleles.gz
running 12503_5_GPR68_SPR1.txt.gz.annotated.gz.exclusions.gz.alleles.gz
finished 12503_5_GPR68_SPR1.txt.gz.annotated.gz.exclusions.gz.alleles.gz
running 12504_26_LMOD1_LMOD1.txt.gz.annotated.gz.exclusions.gz.alleles.gz
finished 12504_26_LMOD1_LMOD1.txt.gz.annotated.gz.exclusions.gz.alleles.gz
running 12507_16_ITPKC_IP3KC.txt.gz.annotated.gz.exclusions.gz.alleles.gz
finished 12507_16_ITPKC_IP3KC.txt.gz.annotated.gz.exclusions.gz.alleles.gz
running 12508_9_VPS24_CHMP3.txt.gz.annotated.gz.exclusions.gz.alleles.gz
finished 12508_9_VPS24_CHMP3.txt.gz.annotated.gz.exclusions.gz.alleles.gz
running 12509_115_COMMD1_COMD1.txt.gz.annotated.gz.exclusions.gz.alleles.gz
finished 12509_115_COMMD1_COMD1.txt.gz.annotated.gz.exclusions.gz.alleles.gz
running 12510_3_STAP1_STAP1.txt.gz.annotated.gz.exclusions.gz.alleles.gz
finished 12510_3_STAP1_STAP1.txt.gz.annotated.gz.exclusions.gz.alleles.gz
running 12511_83_SLC41A2_S41A2.txt.gz.annotated.gz.exclusions.gz.alleles.gz
finished 12511_83_SLC41A2_S41A2.txt.gz.annotated.gz.exclusions.gz.alleles.gz
running 12513_8_GLTP_GLTP.txt.gz.annotated.gz.exclusions.gz.alleles.gz
finished 12513_8_GLTP_GLTP.txt.gz.annotated.gz.exclusions.gz.alleles.gz
running 12514_16_METTL1_METTL1.txt.gz.annotated.gz.exclusions.gz.alleles.gz
finished 12514_16_METTL1_METTL1.txt.gz.annotated.gz.exclusions.gz.alleles.gz
running 12515_45_UCK2_UCK2.txt.gz.annotated.gz.exclusions.gz.alleles.gz
finished 12515_45_UCK2_UCK2.txt.gz.annotated.gz.exclusions.gz.alleles.gz
running 12516_13_TEAD4_TEAD4.txt.gz.annotated.gz.exclusions.gz.alleles.gz
finished 12516_13_TEAD4_TEAD4.txt.gz.annotated.gz.exclusions.gz.alleles.gz
running 12517_52_PDCD5_TFAR19.txt.gz.annotated.gz.exclusions.gz.alleles.gz
finished 12517_52_PDCD5_TFAR19.txt.gz.annotated.gz.exclusions.gz.alleles.gz
running 12518_289_PBRM1_PB1.txt.gz.annotated.gz.exclusions.gz.alleles.gz
finished 12518_289_PBRM1_PB1.txt.gz.annotated.gz.exclusions.gz.alleles.gz
running 12521_3_CDKN2C_CDN2C.txt.gz.annotated.gz.exclusions.gz.alleles.gz
finished 12521_3_CDKN2C_CDN2C.txt.gz.annotated.gz.exclusions.gz.alleles.gz
running 12522_6_RAD23B_RD23B.txt.gz.annotated.gz.exclusions.gz.alleles.gz
finished 12522_6_RAD23B_RD23B.txt.gz.annotated.gz.exclusions.gz.alleles.gz
running 12524_18_SAT2_SAT2.txt.gz.annotated.gz.exclusions.gz.alleles.gz
finished 12524_18_SAT2_SAT2.txt.gz.annotated.gz.exclusions.gz.alleles.gz
running 12527_50_THRA_THA.txt.gz.annotated.gz.exclusions.gz.alleles.gz
finished 12527_50_THRA_THA.txt.gz.annotated.gz.exclusions.gz.alleles.gz
running 12528_40_WRNIP1_WRIP1.txt.gz.annotated.gz.exclusions.gz.alleles.gz
finished 12528_40_WRNIP1_WRIP1.txt.gz.annotated.gz.exclusions.gz.alleles.gz
running 12529_32_FKBP6_FKBP6.txt.gz.annotated.gz.exclusions.gz.alleles.gz
finished 12529_32_FKBP6_FKBP6.txt.gz.annotated.gz.exclusions.gz.alleles.gz
running 12530_14_CKS1B_CKS_1.txt.gz.annotated.gz.exclusions.gz.alleles.gz
finished 12530_14_CKS1B_CKS_1.txt.gz.annotated.gz.exclusions.gz.alleles.gz
running 12531_5_ERVV_1_ERVV1.txt.gz.annotated.gz.exclusions.gz.alleles.gz
finished 12531_5_ERVV_1_ERVV1.txt.gz.annotated.gz.exclusions.gz.alleles.gz
running 12532_28_CDC34_UB2R1.txt.gz.annotated.gz.exclusions.gz.alleles.gz
finished 12532_28_CDC34_UB2R1.txt.gz.annotated.gz.exclusions.gz.alleles.gz
running 12533_135_CYTH2_CYH2.txt.gz.annotated.gz.exclusions.gz.alleles.gz
finished 12533_135_CYTH2_CYH2.txt.gz.annotated.gz.exclusions.gz.alleles.gz
running 12534_10_CALCOCO2_CACO2.txt.gz.annotated.gz.exclusions.gz.alleles.gz
finished 12534_10_CALCOCO2_CACO2.txt.gz.annotated.gz.exclusions.gz.alleles.gz
running 12535_2_XRCC1_XRCC1.txt.gz.annotated.gz.exclusions.gz.alleles.gz
finished 12535_2_XRCC1_XRCC1.txt.gz.annotated.gz.exclusions.gz.alleles.gz
running 12536_46_MTMR6_MTMR6.txt.gz.annotated.gz.exclusions.gz.alleles.gz
finished 12536_46_MTMR6_MTMR6.txt.gz.annotated.gz.exclusions.gz.alleles.gz
running 12537_88_PURA_PURA.txt.gz.annotated.gz.exclusions.gz.alleles.gz
finished 12537_88_PURA_PURA.txt.gz.annotated.gz.exclusions.gz.alleles.gz
running 12538_19_RGS7_RGS7.txt.gz.annotated.gz.exclusions.gz.alleles.gz
finished 12538_19_RGS7_RGS7.txt.gz.annotated.gz.exclusions.gz.alleles.gz
running 12540_25_RHOG_RHOG.txt.gz.annotated.gz.exclusions.gz.alleles.gz
finished 12540_25_RHOG_RHOG.txt.gz.annotated.gz.exclusions.gz.alleles.gz
running 12543_76_ZNF560_ZN560.txt.gz.annotated.gz.exclusions.gz.alleles.gz
finished 12543_76_ZNF560_ZN560.txt.gz.annotated.gz.exclusions.gz.alleles.gz
running 12546_1_SMTN_SMTN.txt.gz.annotated.gz.exclusions.gz.alleles.gz
finished 12546_1_SMTN_SMTN.txt.gz.annotated.gz.exclusions.gz.alleles.gz
running 12548_75_RRAGC_RRAGC.txt.gz.annotated.gz.exclusions.gz.alleles.gz
finished 12548_75_RRAGC_RRAGC.txt.gz.annotated.gz.exclusions.gz.alleles.gz
running 12549_33_HPGDS_PTGD2.txt.gz.annotated.gz.exclusions.gz.alleles.gz
finished 12549_33_HPGDS_PTGD2.txt.gz.annotated.gz.exclusions.gz.alleles.gz
running 12551_3_ITCH_ITCH.txt.gz.annotated.gz.exclusions.gz.alleles.gz
finished 12551_3_ITCH_ITCH.txt.gz.annotated.gz.exclusions.gz.alleles.gz
running 12553_5_VRK1_VRK1.txt.gz.annotated.gz.exclusions.gz.alleles.gz
finished 12553_5_VRK1_VRK1.txt.gz.annotated.gz.exclusions.gz.alleles.gz
running 12554_10_RAD51L3_RA51D.txt.gz.annotated.gz.exclusions.gz.alleles.gz
finished 12554_10_RAD51L3_RA51D.txt.gz.annotated.gz.exclusions.gz.alleles.gz
running 12556_7_UBE2C_UBE2C.txt.gz.annotated.gz.exclusions.gz.alleles.gz
finished 12556_7_UBE2C_UBE2C.txt.gz.annotated.gz.exclusions.gz.alleles.gz
running 12557_18_NOVA1_NOVA1.txt.gz.annotated.gz.exclusions.gz.alleles.gz
finished 12557_18_NOVA1_NOVA1.txt.gz.annotated.gz.exclusions.gz.alleles.gz
running 12558_3_UBASH3B_UBS3B.txt.gz.annotated.gz.exclusions.gz.alleles.gz
finished 12558_3_UBASH3B_UBS3B.txt.gz.annotated.gz.exclusions.gz.alleles.gz
running 12560_9_NT5C_NT5C.txt.gz.annotated.gz.exclusions.gz.alleles.gz
finished 12560_9_NT5C_NT5C.txt.gz.annotated.gz.exclusions.gz.alleles.gz
running 12562_1_PKN1_PKN1.txt.gz.annotated.gz.exclusions.gz.alleles.gz
finished 12562_1_PKN1_PKN1.txt.gz.annotated.gz.exclusions.gz.alleles.gz
running 12563_2_TNFAIP8_TFIP8.txt.gz.annotated.gz.exclusions.gz.alleles.gz
finished 12563_2_TNFAIP8_TFIP8.txt.gz.annotated.gz.exclusions.gz.alleles.gz
running 12564_9_NIP7_NIP7.txt.gz.annotated.gz.exclusions.gz.alleles.gz
finished 12564_9_NIP7_NIP7.txt.gz.annotated.gz.exclusions.gz.alleles.gz
running 12568_14_KEAP1_KEAP1.txt.gz.annotated.gz.exclusions.gz.alleles.gz
finished 12568_14_KEAP1_KEAP1.txt.gz.annotated.gz.exclusions.gz.alleles.gz
running 12569_25_CCT5_TCP_1_epsilon.txt.gz.annotated.gz.exclusions.gz.alleles.gz
finished 12569_25_CCT5_TCP_1_epsilon.txt.gz.annotated.gz.exclusions.gz.alleles.gz
running 12571_14_ARL3_ARL3.txt.gz.annotated.gz.exclusions.gz.alleles.gz
finished 12571_14_ARL3_ARL3.txt.gz.annotated.gz.exclusions.gz.alleles.gz
running 12572_236_EFS_EFS.txt.gz.annotated.gz.exclusions.gz.alleles.gz
finished 12572_236_EFS_EFS.txt.gz.annotated.gz.exclusions.gz.alleles.gz
running 12573_80_TRIM3_TRIM3.txt.gz.annotated.gz.exclusions.gz.alleles.gz
finished 12573_80_TRIM3_TRIM3.txt.gz.annotated.gz.exclusions.gz.alleles.gz
running 12574_36_EDN2_Endothelin_2.txt.gz.annotated.gz.exclusions.gz.alleles.gz
finished 12574_36_EDN2_Endothelin_2.txt.gz.annotated.gz.exclusions.gz.alleles.gz
running 12575_30_MTHFD1_C1TC.txt.gz.annotated.gz.exclusions.gz.alleles.gz
finished 12575_30_MTHFD1_C1TC.txt.gz.annotated.gz.exclusions.gz.alleles.gz
running 12576_21_MAGEA3_MAGE_3.txt.gz.annotated.gz.exclusions.gz.alleles.gz
finished 12576_21_MAGEA3_MAGE_3.txt.gz.annotated.gz.exclusions.gz.alleles.gz
running 12577_100_FEN1_FLAP_endonuclease_1.txt.gz.annotated.gz.exclusions.gz.alleles.gz
finished 12577_100_FEN1_FLAP_endonuclease_1.txt.gz.annotated.gz.exclusions.gz.alleles.gz
running 12578_13_ARF3_ARF3.txt.gz.annotated.gz.exclusions.gz.alleles.gz
finished 12578_13_ARF3_ARF3.txt.gz.annotated.gz.exclusions.gz.alleles.gz
running 12580_7_PSMB5_PSB5.txt.gz.annotated.gz.exclusions.gz.alleles.gz
finished 12580_7_PSMB5_PSB5.txt.gz.annotated.gz.exclusions.gz.alleles.gz
running 12581_39_IMPA2_IMPA2.txt.gz.annotated.gz.exclusions.gz.alleles.gz
finished 12581_39_IMPA2_IMPA2.txt.gz.annotated.gz.exclusions.gz.alleles.gz
running 12583_77_ARAF_ARAF.txt.gz.annotated.gz.exclusions.gz.alleles.gz
finished 12583_77_ARAF_ARAF.txt.gz.annotated.gz.exclusions.gz.alleles.gz
running 12585_39_ERCC1_ERCC1.txt.gz.annotated.gz.exclusions.gz.alleles.gz
finished 12585_39_ERCC1_ERCC1.txt.gz.annotated.gz.exclusions.gz.alleles.gz
running 12587_65_ARL2_ARL2.txt.gz.annotated.gz.exclusions.gz.alleles.gz
finished 12587_65_ARL2_ARL2.txt.gz.annotated.gz.exclusions.gz.alleles.gz
running 12591_27_OPHN1_Oligophrenin_1.txt.gz.annotated.gz.exclusions.gz.alleles.gz
finished 12591_27_OPHN1_Oligophrenin_1.txt.gz.annotated.gz.exclusions.gz.alleles.gz
running 12593_33_PDRG1_PDRG1.txt.gz.annotated.gz.exclusions.gz.alleles.gz
finished 12593_33_PDRG1_PDRG1.txt.gz.annotated.gz.exclusions.gz.alleles.gz
running 12594_5_GCA_GRAN.txt.gz.annotated.gz.exclusions.gz.alleles.gz
finished 12594_5_GCA_GRAN.txt.gz.annotated.gz.exclusions.gz.alleles.gz
running 12595_11_TMOD1_TMOD1.txt.gz.annotated.gz.exclusions.gz.alleles.gz
finished 12595_11_TMOD1_TMOD1.txt.gz.annotated.gz.exclusions.gz.alleles.gz
running 12597_68_ATG5_Autophagy_protein_5.txt.gz.annotated.gz.exclusions.gz.alleles.gz
finished 12597_68_ATG5_Autophagy_protein_5.txt.gz.annotated.gz.exclusions.gz.alleles.gz
running 12599_10_FERMT3_URP2.txt.gz.annotated.gz.exclusions.gz.alleles.gz
finished 12599_10_FERMT3_URP2.txt.gz.annotated.gz.exclusions.gz.alleles.gz
running 12603_87_PABPC4_PABP4.txt.gz.annotated.gz.exclusions.gz.alleles.gz
finished 12603_87_PABPC4_PABP4.txt.gz.annotated.gz.exclusions.gz.alleles.gz
running 12604_16_SCMH1_SCMH1.txt.gz.annotated.gz.exclusions.gz.alleles.gz
finished 12604_16_SCMH1_SCMH1.txt.gz.annotated.gz.exclusions.gz.alleles.gz
running 12605_1_EXOSC3_Exosome_component_3.txt.gz.annotated.gz.exclusions.gz.alleles.gz
finished 12605_1_EXOSC3_Exosome_component_3.txt.gz.annotated.gz.exclusions.gz.alleles.gz
running 12612_37_PSMB1_PSB1.txt.gz.annotated.gz.exclusions.gz.alleles.gz
finished 12612_37_PSMB1_PSB1.txt.gz.annotated.gz.exclusions.gz.alleles.gz
running 12616_45_NRBP1_NRBP.txt.gz.annotated.gz.exclusions.gz.alleles.gz
finished 12616_45_NRBP1_NRBP.txt.gz.annotated.gz.exclusions.gz.alleles.gz
running 12617_2_STK24_STK24.txt.gz.annotated.gz.exclusions.gz.alleles.gz
finished 12617_2_STK24_STK24.txt.gz.annotated.gz.exclusions.gz.alleles.gz
running 12618_50_AKR1C1_Aldo_keto_reductase_1C1.txt.gz.annotated.gz.exclusions.gz.alleles.gz
finished 12618_50_AKR1C1_Aldo_keto_reductase_1C1.txt.gz.annotated.gz.exclusions.gz.alleles.gz
running 12619_14_PPM1A_Protein_phophatase_2Ca.txt.gz.annotated.gz.exclusions.gz.alleles.gz
finished 12619_14_PPM1A_Protein_phophatase_2Ca.txt.gz.annotated.gz.exclusions.gz.alleles.gz
running 12620_3_SEPT11_Septin_11.txt.gz.annotated.gz.exclusions.gz.alleles.gz
finished 12620_3_SEPT11_Septin_11.txt.gz.annotated.gz.exclusions.gz.alleles.gz
running 12621_55_PPP2R1A_PP2AAA.txt.gz.annotated.gz.exclusions.gz.alleles.gz
finished 12621_55_PPP2R1A_PP2AAA.txt.gz.annotated.gz.exclusions.gz.alleles.gz
running 12622_96_ASH1L_ASH1L.txt.gz.annotated.gz.exclusions.gz.alleles.gz
finished 12622_96_ASH1L_ASH1L.txt.gz.annotated.gz.exclusions.gz.alleles.gz
running 12623_84_JARID2_JARD2.txt.gz.annotated.gz.exclusions.gz.alleles.gz
finished 12623_84_JARID2_JARD2.txt.gz.annotated.gz.exclusions.gz.alleles.gz
running 12625_138_KLHL7_KLHL7.txt.gz.annotated.gz.exclusions.gz.alleles.gz
finished 12625_138_KLHL7_KLHL7.txt.gz.annotated.gz.exclusions.gz.alleles.gz
running 12626_6_SENP7_SENP7.txt.gz.annotated.gz.exclusions.gz.alleles.gz
finished 12626_6_SENP7_SENP7.txt.gz.annotated.gz.exclusions.gz.alleles.gz
running 12627_97_ATG7_ATG7.txt.gz.annotated.gz.exclusions.gz.alleles.gz
finished 12627_97_ATG7_ATG7.txt.gz.annotated.gz.exclusions.gz.alleles.gz
running 12628_31_LANCL2_LANC2.txt.gz.annotated.gz.exclusions.gz.alleles.gz
finished 12628_31_LANCL2_LANC2.txt.gz.annotated.gz.exclusions.gz.alleles.gz
running 12630_8_ARFIP2_ARFP2.txt.gz.annotated.gz.exclusions.gz.alleles.gz
finished 12630_8_ARFIP2_ARFP2.txt.gz.annotated.gz.exclusions.gz.alleles.gz
running 12632_14_NAT1_ARY1.txt.gz.annotated.gz.exclusions.gz.alleles.gz
finished 12632_14_NAT1_ARY1.txt.gz.annotated.gz.exclusions.gz.alleles.gz
running 12633_3_PTPN9_PTN9.txt.gz.annotated.gz.exclusions.gz.alleles.gz
finished 12633_3_PTPN9_PTN9.txt.gz.annotated.gz.exclusions.gz.alleles.gz
running 12634_79_BCAR3_BCAR3.txt.gz.annotated.gz.exclusions.gz.alleles.gz
finished 12634_79_BCAR3_BCAR3.txt.gz.annotated.gz.exclusions.gz.alleles.gz
running 12635_9_TRDMT1_TRDMT.txt.gz.annotated.gz.exclusions.gz.alleles.gz
finished 12635_9_TRDMT1_TRDMT.txt.gz.annotated.gz.exclusions.gz.alleles.gz
running 12636_113_SMYD2_SMYD2.txt.gz.annotated.gz.exclusions.gz.alleles.gz
finished 12636_113_SMYD2_SMYD2.txt.gz.annotated.gz.exclusions.gz.alleles.gz
running 12637_7_CRAT_CACP.txt.gz.annotated.gz.exclusions.gz.alleles.gz
finished 12637_7_CRAT_CACP.txt.gz.annotated.gz.exclusions.gz.alleles.gz
running 12641_3_INPP5B_I5P2.txt.gz.annotated.gz.exclusions.gz.alleles.gz
finished 12641_3_INPP5B_I5P2.txt.gz.annotated.gz.exclusions.gz.alleles.gz
running 12643_4_ARRB1_ARRB1.txt.gz.annotated.gz.exclusions.gz.alleles.gz
finished 12643_4_ARRB1_ARRB1.txt.gz.annotated.gz.exclusions.gz.alleles.gz
running 12644_63_ADSS_PURA2.txt.gz.annotated.gz.exclusions.gz.alleles.gz
finished 12644_63_ADSS_PURA2.txt.gz.annotated.gz.exclusions.gz.alleles.gz
running 12646_2_RPE_RPE.txt.gz.annotated.gz.exclusions.gz.alleles.gz
finished 12646_2_RPE_RPE.txt.gz.annotated.gz.exclusions.gz.alleles.gz
running 12647_52_SETD2_SETD2.txt.gz.annotated.gz.exclusions.gz.alleles.gz
finished 12647_52_SETD2_SETD2.txt.gz.annotated.gz.exclusions.gz.alleles.gz
running 12650_43_GNAI3_GNAI3.txt.gz.annotated.gz.exclusions.gz.alleles.gz
finished 12650_43_GNAI3_GNAI3.txt.gz.annotated.gz.exclusions.gz.alleles.gz
running 12651_21_PDK2_PDK2.txt.gz.annotated.gz.exclusions.gz.alleles.gz
finished 12651_21_PDK2_PDK2.txt.gz.annotated.gz.exclusions.gz.alleles.gz
running 12652_37_AHCYL1_SAHH2.txt.gz.annotated.gz.exclusions.gz.alleles.gz
finished 12652_37_AHCYL1_SAHH2.txt.gz.annotated.gz.exclusions.gz.alleles.gz
running 12653_13_CSNK1G2_CSNK1G2.txt.gz.annotated.gz.exclusions.gz.alleles.gz
finished 12653_13_CSNK1G2_CSNK1G2.txt.gz.annotated.gz.exclusions.gz.alleles.gz
running 12655_30_NAPB_SNAB.txt.gz.annotated.gz.exclusions.gz.alleles.gz
finished 12655_30_NAPB_SNAB.txt.gz.annotated.gz.exclusions.gz.alleles.gz
running 12656_1_KLC1_KLC1.txt.gz.annotated.gz.exclusions.gz.alleles.gz
finished 12656_1_KLC1_KLC1.txt.gz.annotated.gz.exclusions.gz.alleles.gz
running 12657_2_TSTA3_FCL.txt.gz.annotated.gz.exclusions.gz.alleles.gz
finished 12657_2_TSTA3_FCL.txt.gz.annotated.gz.exclusions.gz.alleles.gz
running 12658_72_PANK3_PANK3.txt.gz.annotated.gz.exclusions.gz.alleles.gz
finished 12658_72_PANK3_PANK3.txt.gz.annotated.gz.exclusions.gz.alleles.gz
