running 3346_72_AURKB_AURKB.txt.gz.annotated.gz.exclusions.gz.alleles.gz
finished 3346_72_AURKB_AURKB.txt.gz.annotated.gz.exclusions.gz.alleles.gz
running 3347_9_ADRBK1_BARK1.txt.gz.annotated.gz.exclusions.gz.alleles.gz
finished 3347_9_ADRBK1_BARK1.txt.gz.annotated.gz.exclusions.gz.alleles.gz
running 3348_49_BMP1_BMP_1.txt.gz.annotated.gz.exclusions.gz.alleles.gz
finished 3348_49_BMP1_BMP_1.txt.gz.annotated.gz.exclusions.gz.alleles.gz
running 3350_53_CAMK2A_CAMK2A.txt.gz.annotated.gz.exclusions.gz.alleles.gz
finished 3350_53_CAMK2A_CAMK2A.txt.gz.annotated.gz.exclusions.gz.alleles.gz
running 3351_1_CAMK2B_CAMK2B.txt.gz.annotated.gz.exclusions.gz.alleles.gz
finished 3351_1_CAMK2B_CAMK2B.txt.gz.annotated.gz.exclusions.gz.alleles.gz
running 3352_80_CA6_Carbonic_anhydrase_6.txt.gz.annotated.gz.exclusions.gz.alleles.gz
finished 3352_80_CA6_Carbonic_anhydrase_6.txt.gz.annotated.gz.exclusions.gz.alleles.gz
running 3356_50_CA7_Carbonic_anhydrase_VII.txt.gz.annotated.gz.exclusions.gz.alleles.gz
finished 3356_50_CA7_Carbonic_anhydrase_VII.txt.gz.annotated.gz.exclusions.gz.alleles.gz
running 3361_26_CD207_CLC4K.txt.gz.annotated.gz.exclusions.gz.alleles.gz
finished 3361_26_CD207_CLC4K.txt.gz.annotated.gz.exclusions.gz.alleles.gz
running 3362_61_CHRDL1_CRDL1.txt.gz.annotated.gz.exclusions.gz.alleles.gz
finished 3362_61_CHRDL1_CRDL1.txt.gz.annotated.gz.exclusions.gz.alleles.gz
running 3363_31_CSK_CSK.txt.gz.annotated.gz.exclusions.gz.alleles.gz
finished 3363_31_CSK_CSK.txt.gz.annotated.gz.exclusions.gz.alleles.gz
running 3364_76_CTSV_Cathepsin_V.txt.gz.annotated.gz.exclusions.gz.alleles.gz
finished 3364_76_CTSV_Cathepsin_V.txt.gz.annotated.gz.exclusions.gz.alleles.gz
running 3365_7_DKK4_Dkk_4.txt.gz.annotated.gz.exclusions.gz.alleles.gz
finished 3365_7_DKK4_Dkk_4.txt.gz.annotated.gz.exclusions.gz.alleles.gz
running 3366_51_ECM1_ECM1.txt.gz.annotated.gz.exclusions.gz.alleles.gz
finished 3366_51_ECM1_ECM1.txt.gz.annotated.gz.exclusions.gz.alleles.gz
running 3367_8_FETUB_FETUB.txt.gz.annotated.gz.exclusions.gz.alleles.gz
finished 3367_8_FETUB_FETUB.txt.gz.annotated.gz.exclusions.gz.alleles.gz
running 3373_5_GZMH_Granzyme_H.txt.gz.annotated.gz.exclusions.gz.alleles.gz
finished 3373_5_GZMH_Granzyme_H.txt.gz.annotated.gz.exclusions.gz.alleles.gz
running 3374_49_HCK_HCK.txt.gz.annotated.gz.exclusions.gz.alleles.gz
finished 3374_49_HCK_HCK.txt.gz.annotated.gz.exclusions.gz.alleles.gz
running 3376_49_IL17RD_IL_17_RD.txt.gz.annotated.gz.exclusions.gz.alleles.gz
finished 3376_49_IL17RD_IL_17_RD.txt.gz.annotated.gz.exclusions.gz.alleles.gz
running 3378_49_KLK7_Kallikrein_7.txt.gz.annotated.gz.exclusions.gz.alleles.gz
finished 3378_49_KLK7_Kallikrein_7.txt.gz.annotated.gz.exclusions.gz.alleles.gz
running 3379_29_PRKCI_KPCI.txt.gz.annotated.gz.exclusions.gz.alleles.gz
finished 3379_29_PRKCI_KPCI.txt.gz.annotated.gz.exclusions.gz.alleles.gz
running 3381_24_LYN_LYNB.txt.gz.annotated.gz.exclusions.gz.alleles.gz
finished 3381_24_LYN_LYNB.txt.gz.annotated.gz.exclusions.gz.alleles.gz
running 3387_1_PAK3_PAK3.txt.gz.annotated.gz.exclusions.gz.alleles.gz
finished 3387_1_PAK3_PAK3.txt.gz.annotated.gz.exclusions.gz.alleles.gz
running 3388_58_PAK7_PAK7.txt.gz.annotated.gz.exclusions.gz.alleles.gz
finished 3388_58_PAK7_PAK7.txt.gz.annotated.gz.exclusions.gz.alleles.gz
running 3389_7_SERPINA5_PCI.txt.gz.annotated.gz.exclusions.gz.alleles.gz
finished 3389_7_SERPINA5_PCI.txt.gz.annotated.gz.exclusions.gz.alleles.gz
running 3391_10_PIK3CG_PK3CG.txt.gz.annotated.gz.exclusions.gz.alleles.gz
finished 3391_10_PIK3CG_PK3CG.txt.gz.annotated.gz.exclusions.gz.alleles.gz
running 3394_81_PLK1_PLK_1.txt.gz.annotated.gz.exclusions.gz.alleles.gz
finished 3394_81_PLK1_PLK_1.txt.gz.annotated.gz.exclusions.gz.alleles.gz
running 3396_54_REN_Renin.txt.gz.annotated.gz.exclusions.gz.alleles.gz
finished 3396_54_REN_Renin.txt.gz.annotated.gz.exclusions.gz.alleles.gz
running 3397_7_PTPN11_SHP_2.txt.gz.annotated.gz.exclusions.gz.alleles.gz
finished 3397_7_PTPN11_SHP_2.txt.gz.annotated.gz.exclusions.gz.alleles.gz
running 3399_31_STAB2_STAB2.txt.gz.annotated.gz.exclusions.gz.alleles.gz
finished 3399_31_STAB2_STAB2.txt.gz.annotated.gz.exclusions.gz.alleles.gz
running 3400_49_TBK1_TBK1.txt.gz.annotated.gz.exclusions.gz.alleles.gz
finished 3400_49_TBK1_TBK1.txt.gz.annotated.gz.exclusions.gz.alleles.gz
running 3401_8_PTPN2_TCPTP.txt.gz.annotated.gz.exclusions.gz.alleles.gz
finished 3401_8_PTPN2_TCPTP.txt.gz.annotated.gz.exclusions.gz.alleles.gz
running 3403_1_TPSB2_TPSB2.txt.gz.annotated.gz.exclusions.gz.alleles.gz
finished 3403_1_TPSB2_TPSB2.txt.gz.annotated.gz.exclusions.gz.alleles.gz
running 3404_51_TPSG1_TPSG1.txt.gz.annotated.gz.exclusions.gz.alleles.gz
finished 3404_51_TPSG1_TPSG1.txt.gz.annotated.gz.exclusions.gz.alleles.gz
running 3405_6_UFC1_UFC1.txt.gz.annotated.gz.exclusions.gz.alleles.gz
finished 3405_6_UFC1_UFC1.txt.gz.annotated.gz.exclusions.gz.alleles.gz
running 3412_7_BCL2_Bcl_2.txt.gz.annotated.gz.exclusions.gz.alleles.gz
finished 3412_7_BCL2_Bcl_2.txt.gz.annotated.gz.exclusions.gz.alleles.gz
running 3413_50_BCL2A1_BFL1.txt.gz.annotated.gz.exclusions.gz.alleles.gz
finished 3413_50_BCL2A1_BFL1.txt.gz.annotated.gz.exclusions.gz.alleles.gz
running 3414_40_BMX_BMX.txt.gz.annotated.gz.exclusions.gz.alleles.gz
finished 3414_40_BMX_BMX.txt.gz.annotated.gz.exclusions.gz.alleles.gz
running 3415_61_IBSP_BSP.txt.gz.annotated.gz.exclusions.gz.alleles.gz
finished 3415_61_IBSP_BSP.txt.gz.annotated.gz.exclusions.gz.alleles.gz
running 3418_12_CAMK1D_CAMK1D.txt.gz.annotated.gz.exclusions.gz.alleles.gz
finished 3418_12_CAMK1D_CAMK1D.txt.gz.annotated.gz.exclusions.gz.alleles.gz
running 3419_49_CAMK2D_CAMK2D.txt.gz.annotated.gz.exclusions.gz.alleles.gz
finished 3419_49_CAMK2D_CAMK2D.txt.gz.annotated.gz.exclusions.gz.alleles.gz
running 3420_21_CA13_Carbonic_anhydrase_XIII.txt.gz.annotated.gz.exclusions.gz.alleles.gz
finished 3420_21_CA13_Carbonic_anhydrase_XIII.txt.gz.annotated.gz.exclusions.gz.alleles.gz
running 3421_54_TNFSF8_CD30_Ligand.txt.gz.annotated.gz.exclusions.gz.alleles.gz
finished 3421_54_TNFSF8_CD30_Ligand.txt.gz.annotated.gz.exclusions.gz.alleles.gz
running 3423_59_CMA1_Chymase.txt.gz.annotated.gz.exclusions.gz.alleles.gz
finished 3423_59_CMA1_Chymase.txt.gz.annotated.gz.exclusions.gz.alleles.gz
running 3427_63_CSNK2A1_CSK21.txt.gz.annotated.gz.exclusions.gz.alleles.gz
finished 3427_63_CSNK2A1_CSK21.txt.gz.annotated.gz.exclusions.gz.alleles.gz
running 3431_54_EPHA1_EphA1.txt.gz.annotated.gz.exclusions.gz.alleles.gz
finished 3431_54_EPHA1_EphA1.txt.gz.annotated.gz.exclusions.gz.alleles.gz
running 3432_21_EPHA3_EPHA3.txt.gz.annotated.gz.exclusions.gz.alleles.gz
finished 3432_21_EPHA3_EPHA3.txt.gz.annotated.gz.exclusions.gz.alleles.gz
running 3434_34_FN1_FN1_3.txt.gz.annotated.gz.exclusions.gz.alleles.gz
finished 3434_34_FN1_FN1_3.txt.gz.annotated.gz.exclusions.gz.alleles.gz
running 3435_53_FN1_FN1_4.txt.gz.annotated.gz.exclusions.gz.alleles.gz
finished 3435_53_FN1_FN1_4.txt.gz.annotated.gz.exclusions.gz.alleles.gz
running 3437_80_FLT3_Flt_3.txt.gz.annotated.gz.exclusions.gz.alleles.gz
finished 3437_80_FLT3_Flt_3.txt.gz.annotated.gz.exclusions.gz.alleles.gz
running 3438_10_FSTL3_FSTL3.txt.gz.annotated.gz.exclusions.gz.alleles.gz
finished 3438_10_FSTL3_FSTL3.txt.gz.annotated.gz.exclusions.gz.alleles.gz
running 3440_7_GZMA_granzyme_A.txt.gz.annotated.gz.exclusions.gz.alleles.gz
finished 3440_7_GZMA_granzyme_A.txt.gz.annotated.gz.exclusions.gz.alleles.gz
running 3445_53_IL15RA_IL_15_Ra.txt.gz.annotated.gz.exclusions.gz.alleles.gz
finished 3445_53_IL15RA_IL_15_Ra.txt.gz.annotated.gz.exclusions.gz.alleles.gz
running 3447_64_CXCL8_IL_8.txt.gz.annotated.gz.exclusions.gz.alleles.gz
finished 3447_64_CXCL8_IL_8.txt.gz.annotated.gz.exclusions.gz.alleles.gz
running 3448_13_INSR_IR.txt.gz.annotated.gz.exclusions.gz.alleles.gz
finished 3448_13_INSR_IR.txt.gz.annotated.gz.exclusions.gz.alleles.gz
running 3449_58_SERPINA4_Kallistatin.txt.gz.annotated.gz.exclusions.gz.alleles.gz
finished 3449_58_SERPINA4_Kallistatin.txt.gz.annotated.gz.exclusions.gz.alleles.gz
running 3450_4_KLK6_Kallikrein_6.txt.gz.annotated.gz.exclusions.gz.alleles.gz
finished 3450_4_KLK6_Kallikrein_6.txt.gz.annotated.gz.exclusions.gz.alleles.gz
running 3452_17_LCK_LCK.txt.gz.annotated.gz.exclusions.gz.alleles.gz
finished 3452_17_LCK_LCK.txt.gz.annotated.gz.exclusions.gz.alleles.gz
running 3453_87_LYN_LYN.txt.gz.annotated.gz.exclusions.gz.alleles.gz
finished 3453_87_LYN_LYN.txt.gz.annotated.gz.exclusions.gz.alleles.gz
running 3457_57_POSTN_Periostin.txt.gz.annotated.gz.exclusions.gz.alleles.gz
finished 3457_57_POSTN_Periostin.txt.gz.annotated.gz.exclusions.gz.alleles.gz
running 3459_49_PDGFRB_PDGF_Rb.txt.gz.annotated.gz.exclusions.gz.alleles.gz
finished 3459_49_PDGFRB_PDGF_Rb.txt.gz.annotated.gz.exclusions.gz.alleles.gz
running 3461_58_BCAN_PGCB.txt.gz.annotated.gz.exclusions.gz.alleles.gz
finished 3461_58_BCAN_PGCB.txt.gz.annotated.gz.exclusions.gz.alleles.gz
running 3466_8_PRKACA_PRKACA.txt.gz.annotated.gz.exclusions.gz.alleles.gz
finished 3466_8_PRKACA_PRKACA.txt.gz.annotated.gz.exclusions.gz.alleles.gz
running 3469_74_RPS6KA3_RPS6KA3.txt.gz.annotated.gz.exclusions.gz.alleles.gz
finished 3469_74_RPS6KA3_RPS6KA3.txt.gz.annotated.gz.exclusions.gz.alleles.gz
running 3470_1_SELE_sE_Selectin.txt.gz.annotated.gz.exclusions.gz.alleles.gz
finished 3470_1_SELE_sE_Selectin.txt.gz.annotated.gz.exclusions.gz.alleles.gz
running 3471_49_STK16_STK16.txt.gz.annotated.gz.exclusions.gz.alleles.gz
finished 3471_49_STK16_STK16.txt.gz.annotated.gz.exclusions.gz.alleles.gz
running 3472_40_BIRC5_Survivin.txt.gz.annotated.gz.exclusions.gz.alleles.gz
finished 3472_40_BIRC5_Survivin.txt.gz.annotated.gz.exclusions.gz.alleles.gz
running 3473_78_MPL_Thrombopoietin_Receptor.txt.gz.annotated.gz.exclusions.gz.alleles.gz
finished 3473_78_MPL_Thrombopoietin_Receptor.txt.gz.annotated.gz.exclusions.gz.alleles.gz
running 3474_19_THBS1_Thrombospondin_1.txt.gz.annotated.gz.exclusions.gz.alleles.gz
finished 3474_19_THBS1_Thrombospondin_1.txt.gz.annotated.gz.exclusions.gz.alleles.gz
running 3477_63_NTRK1_TrkA.txt.gz.annotated.gz.exclusions.gz.alleles.gz
finished 3477_63_NTRK1_TrkA.txt.gz.annotated.gz.exclusions.gz.alleles.gz
running 3480_7_DUSP3_DUS3.txt.gz.annotated.gz.exclusions.gz.alleles.gz
finished 3480_7_DUSP3_DUS3.txt.gz.annotated.gz.exclusions.gz.alleles.gz
running 3481_87_XPNPEP1_XPNPEP1.txt.gz.annotated.gz.exclusions.gz.alleles.gz
finished 3481_87_XPNPEP1_XPNPEP1.txt.gz.annotated.gz.exclusions.gz.alleles.gz
running 3484_60_AGT_Angiotensinogen.txt.gz.annotated.gz.exclusions.gz.alleles.gz
finished 3484_60_AGT_Angiotensinogen.txt.gz.annotated.gz.exclusions.gz.alleles.gz
running 3485_28_B2M_b2_Microglobulin.txt.gz.annotated.gz.exclusions.gz.alleles.gz
finished 3485_28_B2M_b2_Microglobulin.txt.gz.annotated.gz.exclusions.gz.alleles.gz
running 3486_58_FGF1_b_ECGF.txt.gz.annotated.gz.exclusions.gz.alleles.gz
finished 3486_58_FGF1_b_ECGF.txt.gz.annotated.gz.exclusions.gz.alleles.gz
running 3487_32_CXCL13_BLC.txt.gz.annotated.gz.exclusions.gz.alleles.gz
finished 3487_32_CXCL13_BLC.txt.gz.annotated.gz.exclusions.gz.alleles.gz
running 3488_64_CAT_Catalase.txt.gz.annotated.gz.exclusions.gz.alleles.gz
finished 3488_64_CAT_Catalase.txt.gz.annotated.gz.exclusions.gz.alleles.gz
running 3489_9_CNTF_CNTF.txt.gz.annotated.gz.exclusions.gz.alleles.gz
finished 3489_9_CNTF_CNTF.txt.gz.annotated.gz.exclusions.gz.alleles.gz
running 3494_71_FGF17_FGF_17.txt.gz.annotated.gz.exclusions.gz.alleles.gz
finished 3494_71_FGF17_FGF_17.txt.gz.annotated.gz.exclusions.gz.alleles.gz
running 3495_15_CXCL6_GCP_2.txt.gz.annotated.gz.exclusions.gz.alleles.gz
finished 3495_15_CXCL6_GCP_2.txt.gz.annotated.gz.exclusions.gz.alleles.gz
running 3497_13_IFNA2_IFN_aA.txt.gz.annotated.gz.exclusions.gz.alleles.gz
finished 3497_13_IFNA2_IFN_aA.txt.gz.annotated.gz.exclusions.gz.alleles.gz
running 3499_77_IL17B_IL_17B.txt.gz.annotated.gz.exclusions.gz.alleles.gz
finished 3499_77_IL17B_IL_17B.txt.gz.annotated.gz.exclusions.gz.alleles.gz
