running 14035_13_TIAM1_TIAM1.txt.gz.annotated.gz.exclusions.gz.alleles.gz
finished 14035_13_TIAM1_TIAM1.txt.gz.annotated.gz.exclusions.gz.alleles.gz
running 14036_116_MPDZ_MPDZ.txt.gz.annotated.gz.exclusions.gz.alleles.gz
finished 14036_116_MPDZ_MPDZ.txt.gz.annotated.gz.exclusions.gz.alleles.gz
running 14037_18_RANBP3_RANB3.txt.gz.annotated.gz.exclusions.gz.alleles.gz
finished 14037_18_RANBP3_RANB3.txt.gz.annotated.gz.exclusions.gz.alleles.gz
running 14039_33_KLK5_kallikrein_5.txt.gz.annotated.gz.exclusions.gz.alleles.gz
finished 14039_33_KLK5_kallikrein_5.txt.gz.annotated.gz.exclusions.gz.alleles.gz
running 14043_12_EEA1_EEA1.txt.gz.annotated.gz.exclusions.gz.alleles.gz
finished 14043_12_EEA1_EEA1.txt.gz.annotated.gz.exclusions.gz.alleles.gz
running 14045_12_NCOA2_NCOA2.txt.gz.annotated.gz.exclusions.gz.alleles.gz
finished 14045_12_NCOA2_NCOA2.txt.gz.annotated.gz.exclusions.gz.alleles.gz
running 14047_78_BDNF_BDNF.txt.gz.annotated.gz.exclusions.gz.alleles.gz
finished 14047_78_BDNF_BDNF.txt.gz.annotated.gz.exclusions.gz.alleles.gz
running 14048_7_IL1RAP_IL_1_R_AcP.txt.gz.annotated.gz.exclusions.gz.alleles.gz
finished 14048_7_IL1RAP_IL_1_R_AcP.txt.gz.annotated.gz.exclusions.gz.alleles.gz
running 14051_54_FOXC2_FOXC2.txt.gz.annotated.gz.exclusions.gz.alleles.gz
finished 14051_54_FOXC2_FOXC2.txt.gz.annotated.gz.exclusions.gz.alleles.gz
running 14052_26_UNC13A_UN13A.txt.gz.annotated.gz.exclusions.gz.alleles.gz
finished 14052_26_UNC13A_UN13A.txt.gz.annotated.gz.exclusions.gz.alleles.gz
running 14054_17_IL15RA_IL_15_Ra.txt.gz.annotated.gz.exclusions.gz.alleles.gz
finished 14054_17_IL15RA_IL_15_Ra.txt.gz.annotated.gz.exclusions.gz.alleles.gz
running 14056_4_CGA_Glycoprotein_hormones_a_chain.txt.gz.annotated.gz.exclusions.gz.alleles.gz
finished 14056_4_CGA_Glycoprotein_hormones_a_chain.txt.gz.annotated.gz.exclusions.gz.alleles.gz
running 14060_67_NCF4_NCF4.txt.gz.annotated.gz.exclusions.gz.alleles.gz
finished 14060_67_NCF4_NCF4.txt.gz.annotated.gz.exclusions.gz.alleles.gz
running 14061_48_TNFSF11_sRANKL.txt.gz.annotated.gz.exclusions.gz.alleles.gz
finished 14061_48_TNFSF11_sRANKL.txt.gz.annotated.gz.exclusions.gz.alleles.gz
running 14063_17_OSM_OSM.txt.gz.annotated.gz.exclusions.gz.alleles.gz
finished 14063_17_OSM_OSM.txt.gz.annotated.gz.exclusions.gz.alleles.gz
running 14065_11_CD5_CD5.txt.gz.annotated.gz.exclusions.gz.alleles.gz
finished 14065_11_CD5_CD5.txt.gz.annotated.gz.exclusions.gz.alleles.gz
running 14066_49_MAGI2_MAGI2.txt.gz.annotated.gz.exclusions.gz.alleles.gz
finished 14066_49_MAGI2_MAGI2.txt.gz.annotated.gz.exclusions.gz.alleles.gz
running 14067_6_PKP2_PKP2.txt.gz.annotated.gz.exclusions.gz.alleles.gz
finished 14067_6_PKP2_PKP2.txt.gz.annotated.gz.exclusions.gz.alleles.gz
running 14069_61_CA4_Carbonic_Anhydrase_IV.txt.gz.annotated.gz.exclusions.gz.alleles.gz
finished 14069_61_CA4_Carbonic_Anhydrase_IV.txt.gz.annotated.gz.exclusions.gz.alleles.gz
running 14070_56_ITSN1_ITSN1.txt.gz.annotated.gz.exclusions.gz.alleles.gz
finished 14070_56_ITSN1_ITSN1.txt.gz.annotated.gz.exclusions.gz.alleles.gz
running 14074_2_SHC2_SHC2.txt.gz.annotated.gz.exclusions.gz.alleles.gz
finished 14074_2_SHC2_SHC2.txt.gz.annotated.gz.exclusions.gz.alleles.gz
running 14076_74_CST4_Cystatin_S.txt.gz.annotated.gz.exclusions.gz.alleles.gz
finished 14076_74_CST4_Cystatin_S.txt.gz.annotated.gz.exclusions.gz.alleles.gz
running 14079_14_IL18R1_IL_18_Ra.txt.gz.annotated.gz.exclusions.gz.alleles.gz
finished 14079_14_IL18R1_IL_18_Ra.txt.gz.annotated.gz.exclusions.gz.alleles.gz
running 14082_56_TLN2_TLN2.txt.gz.annotated.gz.exclusions.gz.alleles.gz
finished 14082_56_TLN2_TLN2.txt.gz.annotated.gz.exclusions.gz.alleles.gz
running 14083_25_SEPHS1_SPS1.txt.gz.annotated.gz.exclusions.gz.alleles.gz
finished 14083_25_SEPHS1_SPS1.txt.gz.annotated.gz.exclusions.gz.alleles.gz
running 14088_38_IGFBP6_IGFBP_6.txt.gz.annotated.gz.exclusions.gz.alleles.gz
finished 14088_38_IGFBP6_IGFBP_6.txt.gz.annotated.gz.exclusions.gz.alleles.gz
running 14090_23_DEF6_DEFI6.txt.gz.annotated.gz.exclusions.gz.alleles.gz
finished 14090_23_DEF6_DEFI6.txt.gz.annotated.gz.exclusions.gz.alleles.gz
running 14091_42_CBR3_Carbonyl_reductase_3.txt.gz.annotated.gz.exclusions.gz.alleles.gz
finished 14091_42_CBR3_Carbonyl_reductase_3.txt.gz.annotated.gz.exclusions.gz.alleles.gz
running 14093_10_FLT3LG_Flt3_ligand.txt.gz.annotated.gz.exclusions.gz.alleles.gz
finished 14093_10_FLT3LG_Flt3_ligand.txt.gz.annotated.gz.exclusions.gz.alleles.gz
running 14094_29_HBEGF_HB_EGF.txt.gz.annotated.gz.exclusions.gz.alleles.gz
finished 14094_29_HBEGF_HB_EGF.txt.gz.annotated.gz.exclusions.gz.alleles.gz
running 14095_1_KLRK1_NKG2D.txt.gz.annotated.gz.exclusions.gz.alleles.gz
finished 14095_1_KLRK1_NKG2D.txt.gz.annotated.gz.exclusions.gz.alleles.gz
running 14098_28_CARS_SYCC.txt.gz.annotated.gz.exclusions.gz.alleles.gz
finished 14098_28_CARS_SYCC.txt.gz.annotated.gz.exclusions.gz.alleles.gz
running 14099_20_PSMA4_PSA4.txt.gz.annotated.gz.exclusions.gz.alleles.gz
finished 14099_20_PSMA4_PSA4.txt.gz.annotated.gz.exclusions.gz.alleles.gz
running 14100_63_C1QC_C1QC.txt.gz.annotated.gz.exclusions.gz.alleles.gz
finished 14100_63_C1QC_C1QC.txt.gz.annotated.gz.exclusions.gz.alleles.gz
running 14101_2_CNTFR_CNTFR_alpha.txt.gz.annotated.gz.exclusions.gz.alleles.gz
finished 14101_2_CNTFR_CNTFR_alpha.txt.gz.annotated.gz.exclusions.gz.alleles.gz
running 14106_46_RAP1GDS1_GDP_GTP_exchange_protein.txt.gz.annotated.gz.exclusions.gz.alleles.gz
finished 14106_46_RAP1GDS1_GDP_GTP_exchange_protein.txt.gz.annotated.gz.exclusions.gz.alleles.gz
running 14107_1_MTHFS_MTHFS.txt.gz.annotated.gz.exclusions.gz.alleles.gz
finished 14107_1_MTHFS_MTHFS.txt.gz.annotated.gz.exclusions.gz.alleles.gz
running 14111_15_THBS2_TSP2.txt.gz.annotated.gz.exclusions.gz.alleles.gz
finished 14111_15_THBS2_TSP2.txt.gz.annotated.gz.exclusions.gz.alleles.gz
running 14112_40_RELT_RELT.txt.gz.annotated.gz.exclusions.gz.alleles.gz
finished 14112_40_RELT_RELT.txt.gz.annotated.gz.exclusions.gz.alleles.gz
running 14114_18_PIANP_PIANP.txt.gz.annotated.gz.exclusions.gz.alleles.gz
finished 14114_18_PIANP_PIANP.txt.gz.annotated.gz.exclusions.gz.alleles.gz
running 14115_34_ADM_Adrenomedullin.txt.gz.annotated.gz.exclusions.gz.alleles.gz
finished 14115_34_ADM_Adrenomedullin.txt.gz.annotated.gz.exclusions.gz.alleles.gz
running 14116_129_S100A4_S100A4.txt.gz.annotated.gz.exclusions.gz.alleles.gz
finished 14116_129_S100A4_S100A4.txt.gz.annotated.gz.exclusions.gz.alleles.gz
running 14120_2_RNF43_RNF43.txt.gz.annotated.gz.exclusions.gz.alleles.gz
finished 14120_2_RNF43_RNF43.txt.gz.annotated.gz.exclusions.gz.alleles.gz
running 14121_24_TNFRSF10D_TRAIL_R4.txt.gz.annotated.gz.exclusions.gz.alleles.gz
finished 14121_24_TNFRSF10D_TRAIL_R4.txt.gz.annotated.gz.exclusions.gz.alleles.gz
running 14122_132_ZNRF3_ZNRF3.txt.gz.annotated.gz.exclusions.gz.alleles.gz
finished 14122_132_ZNRF3_ZNRF3.txt.gz.annotated.gz.exclusions.gz.alleles.gz
running 14123_34_C10orf54_GI24.txt.gz.annotated.gz.exclusions.gz.alleles.gz
finished 14123_34_C10orf54_GI24.txt.gz.annotated.gz.exclusions.gz.alleles.gz
running 14124_6_EFNA2_Ephrin_A2.txt.gz.annotated.gz.exclusions.gz.alleles.gz
finished 14124_6_EFNA2_Ephrin_A2.txt.gz.annotated.gz.exclusions.gz.alleles.gz
running 14127_240_IFNB1_IFN_b.txt.gz.annotated.gz.exclusions.gz.alleles.gz
finished 14127_240_IFNB1_IFN_b.txt.gz.annotated.gz.exclusions.gz.alleles.gz
running 14128_121_IFNA10_IFN10.txt.gz.annotated.gz.exclusions.gz.alleles.gz
finished 14128_121_IFNA10_IFN10.txt.gz.annotated.gz.exclusions.gz.alleles.gz
running 14129_1_IFNA7_IFNA7.txt.gz.annotated.gz.exclusions.gz.alleles.gz
finished 14129_1_IFNA7_IFNA7.txt.gz.annotated.gz.exclusions.gz.alleles.gz
running 14131_37_EFNB2_EFNB2.txt.gz.annotated.gz.exclusions.gz.alleles.gz
finished 14131_37_EFNB2_EFNB2.txt.gz.annotated.gz.exclusions.gz.alleles.gz
running 14132_21_HHLA2_HHLA2.txt.gz.annotated.gz.exclusions.gz.alleles.gz
finished 14132_21_HHLA2_HHLA2.txt.gz.annotated.gz.exclusions.gz.alleles.gz
running 14133_93_IL1R2_IL_1_sRII.txt.gz.annotated.gz.exclusions.gz.alleles.gz
finished 14133_93_IL1R2_IL_1_sRII.txt.gz.annotated.gz.exclusions.gz.alleles.gz
running 14134_49_AMIGO2_AMGO2.txt.gz.annotated.gz.exclusions.gz.alleles.gz
finished 14134_49_AMIGO2_AMGO2.txt.gz.annotated.gz.exclusions.gz.alleles.gz
running 14135_3_RXFP1_RXFP1.txt.gz.annotated.gz.exclusions.gz.alleles.gz
finished 14135_3_RXFP1_RXFP1.txt.gz.annotated.gz.exclusions.gz.alleles.gz
running 14136_234_CD93_C1QR1.txt.gz.annotated.gz.exclusions.gz.alleles.gz
finished 14136_234_CD93_C1QR1.txt.gz.annotated.gz.exclusions.gz.alleles.gz
running 14139_16_NRG4_NRG4.txt.gz.annotated.gz.exclusions.gz.alleles.gz
finished 14139_16_NRG4_NRG4.txt.gz.annotated.gz.exclusions.gz.alleles.gz
running 14143_8_HIST2H2BE_H2B2E.txt.gz.annotated.gz.exclusions.gz.alleles.gz
finished 14143_8_HIST2H2BE_H2B2E.txt.gz.annotated.gz.exclusions.gz.alleles.gz
running 14144_3_HIST3H2A_H2A3.txt.gz.annotated.gz.exclusions.gz.alleles.gz
finished 14144_3_HIST3H2A_H2A3.txt.gz.annotated.gz.exclusions.gz.alleles.gz
running 14146_92_HIST1H3A_H31.txt.gz.annotated.gz.exclusions.gz.alleles.gz
finished 14146_92_HIST1H3A_H31.txt.gz.annotated.gz.exclusions.gz.alleles.gz
running 14149_9_IL36B_IL_1F8.txt.gz.annotated.gz.exclusions.gz.alleles.gz
finished 14149_9_IL36B_IL_1F8.txt.gz.annotated.gz.exclusions.gz.alleles.gz
running 14150_7_IL36A_IL_1F6.txt.gz.annotated.gz.exclusions.gz.alleles.gz
finished 14150_7_IL36A_IL_1F6.txt.gz.annotated.gz.exclusions.gz.alleles.gz
running 14151_4_ISG15_UCRP.txt.gz.annotated.gz.exclusions.gz.alleles.gz
finished 14151_4_ISG15_UCRP.txt.gz.annotated.gz.exclusions.gz.alleles.gz
running 14153_8_EFNA3_Ephrin_A3.txt.gz.annotated.gz.exclusions.gz.alleles.gz
finished 14153_8_EFNA3_Ephrin_A3.txt.gz.annotated.gz.exclusions.gz.alleles.gz
running 14156_33_YWHAB_14_3_3_protein_beta_alpha.txt.gz.annotated.gz.exclusions.gz.alleles.gz
finished 14156_33_YWHAB_14_3_3_protein_beta_alpha.txt.gz.annotated.gz.exclusions.gz.alleles.gz
running 14157_21_YWHAE_14_3_3E.txt.gz.annotated.gz.exclusions.gz.alleles.gz
finished 14157_21_YWHAE_14_3_3E.txt.gz.annotated.gz.exclusions.gz.alleles.gz
running 14158_17_ANXA5_Annexin_V.txt.gz.annotated.gz.exclusions.gz.alleles.gz
finished 14158_17_ANXA5_Annexin_V.txt.gz.annotated.gz.exclusions.gz.alleles.gz
running 14175_78_SCP2D1_SCP2D.txt.gz.annotated.gz.exclusions.gz.alleles.gz
finished 14175_78_SCP2D1_SCP2D.txt.gz.annotated.gz.exclusions.gz.alleles.gz
running 14178_18_CDKN3_CDKN3.txt.gz.annotated.gz.exclusions.gz.alleles.gz
finished 14178_18_CDKN3_CDKN3.txt.gz.annotated.gz.exclusions.gz.alleles.gz
running 14186_13_RFFL_RFFL.txt.gz.annotated.gz.exclusions.gz.alleles.gz
finished 14186_13_RFFL_RFFL.txt.gz.annotated.gz.exclusions.gz.alleles.gz
running 14192_31_PDCL2_PDCL2.txt.gz.annotated.gz.exclusions.gz.alleles.gz
finished 14192_31_PDCL2_PDCL2.txt.gz.annotated.gz.exclusions.gz.alleles.gz
running 14197_2_PRDM1_PRDM1.txt.gz.annotated.gz.exclusions.gz.alleles.gz
finished 14197_2_PRDM1_PRDM1.txt.gz.annotated.gz.exclusions.gz.alleles.gz
running 14203_3_ANXA7_ANXA7.txt.gz.annotated.gz.exclusions.gz.alleles.gz
finished 14203_3_ANXA7_ANXA7.txt.gz.annotated.gz.exclusions.gz.alleles.gz
running 14204_55_FOXJ2_FOXJ2.txt.gz.annotated.gz.exclusions.gz.alleles.gz
finished 14204_55_FOXJ2_FOXJ2.txt.gz.annotated.gz.exclusions.gz.alleles.gz
running 14205_6_HEXIM2_HEXI2.txt.gz.annotated.gz.exclusions.gz.alleles.gz
finished 14205_6_HEXIM2_HEXI2.txt.gz.annotated.gz.exclusions.gz.alleles.gz
running 14206_28_APBB1_APBB1.txt.gz.annotated.gz.exclusions.gz.alleles.gz
finished 14206_28_APBB1_APBB1.txt.gz.annotated.gz.exclusions.gz.alleles.gz
running 14208_3_RBP7_RET7.txt.gz.annotated.gz.exclusions.gz.alleles.gz
finished 14208_3_RBP7_RET7.txt.gz.annotated.gz.exclusions.gz.alleles.gz
running 14216_35_DDX46_DDX46.txt.gz.annotated.gz.exclusions.gz.alleles.gz
finished 14216_35_DDX46_DDX46.txt.gz.annotated.gz.exclusions.gz.alleles.gz
running 14226_120_BHMT2_BHMT2.txt.gz.annotated.gz.exclusions.gz.alleles.gz
finished 14226_120_BHMT2_BHMT2.txt.gz.annotated.gz.exclusions.gz.alleles.gz
running 14227_21_MYL6B_MYL6B.txt.gz.annotated.gz.exclusions.gz.alleles.gz
finished 14227_21_MYL6B_MYL6B.txt.gz.annotated.gz.exclusions.gz.alleles.gz
