running F10_P00742_OID30684.gz
finished F10_P00742_OID30684.gz
running F11_P03951_OID30773.gz
finished F11_P03951_OID30773.gz
running F11R_Q9Y624_OID21151.gz
finished F11R_Q9Y624_OID21151.gz
running F12_P00748_OID30739.gz
finished F12_P00748_OID30739.gz
running F13B_P05160_OID30781.gz
finished F13B_P05160_OID30781.gz
running F2_P00734_OID30723.gz
finished F2_P00734_OID30723.gz
running F2R_P25116_OID20691.gz
finished F2R_P25116_OID20691.gz
running F3_P13726_OID21440.gz
finished F3_P13726_OID21440.gz
running F7_P08709_OID20372.gz
finished F7_P08709_OID20372.gz
running F9_P00740_OID20349.gz
finished F9_P00740_OID20349.gz
running FABP1_P07148_OID20778.gz
finished FABP1_P07148_OID20778.gz
running FABP2_P12104_OID20200.gz
finished FABP2_P12104_OID20200.gz
running FABP3_P05413_OID30351.gz
finished FABP3_P05413_OID30351.gz
running FABP4_P15090_OID20245.gz
finished FABP4_P15090_OID20245.gz
running FABP5_Q01469_OID21043.gz
finished FABP5_Q01469_OID21043.gz
running FABP6_P51161_OID20076.gz
finished FABP6_P51161_OID20076.gz
running FABP9_Q0Z7S8_OID20501.gz
finished FABP9_Q0Z7S8_OID20501.gz
running FADD_Q13158_OID20151.gz
finished FADD_Q13158_OID20151.gz
running FAM13A_O94988_OID31463.gz
finished FAM13A_O94988_OID31463.gz
running FAM171A2_A8MVW0_OID31005.gz
finished FAM171A2_A8MVW0_OID31005.gz
running FAM171B_Q6P995_OID31338.gz
finished FAM171B_Q6P995_OID31338.gz
running FAM172A_Q8WUF8_OID30248.gz
finished FAM172A_Q8WUF8_OID30248.gz
running FAM20A_Q96MK3_OID30348.gz
finished FAM20A_Q96MK3_OID30348.gz
running FAM3B_P58499_OID21372.gz
finished FAM3B_P58499_OID21372.gz
running FAM3C_Q92520_OID20233.gz
finished FAM3C_Q92520_OID20233.gz
running FAM3D_Q96BQ1_OID31514.gz
finished FAM3D_Q96BQ1_OID31514.gz
running FAP_Q12884_OID20330.gz
finished FAP_Q12884_OID20330.gz
running FARSA_Q9Y285_OID30887.gz
finished FARSA_Q9Y285_OID30887.gz
running FASLG_P48023_OID20665.gz
finished FASLG_P48023_OID20665.gz
running FAS_P25445_OID20316.gz
finished FAS_P25445_OID20316.gz
running FBLN2_P98095_OID30378.gz
finished FBLN2_P98095_OID30378.gz
running FBN2_P35556_OID30974.gz
finished FBN2_P35556_OID30974.gz
running FBP1_P09467_OID20227.gz
finished FBP1_P09467_OID20227.gz
running FCAMR_Q8WWV6_OID30332.gz
finished FCAMR_Q8WWV6_OID30332.gz
running FCAR_P24071_OID20564.gz
finished FCAR_P24071_OID20564.gz
running FCER1A_P12319_OID30992.gz
finished FCER1A_P12319_OID30992.gz
running FCER2_P06734_OID21133.gz
finished FCER2_P06734_OID21133.gz
running FCGR2A_P12318_OID20391.gz
finished FCGR2A_P12318_OID20391.gz
running FCGR2B_P31994_OID21215.gz
finished FCGR2B_P31994_OID21215.gz
running FCGR3B_O75015_OID20387.gz
finished FCGR3B_O75015_OID20387.gz
running FCN1_O00602_OID30690.gz
finished FCN1_O00602_OID30690.gz
running FCN2_Q15485_OID20382.gz
finished FCN2_Q15485_OID20382.gz
running FCRL1_Q96LA6_OID20172.gz
finished FCRL1_Q96LA6_OID20172.gz
running FCRL2_Q96LA5_OID20639.gz
finished FCRL2_Q96LA5_OID20639.gz
running FCRL3_Q96P31_OID20443.gz
finished FCRL3_Q96P31_OID20443.gz
running FCRL5_Q96RD9_OID21111.gz
finished FCRL5_Q96RD9_OID21111.gz
running FCRL6_Q6DN72_OID20529.gz
finished FCRL6_Q6DN72_OID20529.gz
running FCRLB_Q6BAA4_OID21193.gz
finished FCRLB_Q6BAA4_OID21193.gz
running FDX1_P10109_OID30078.gz
finished FDX1_P10109_OID30078.gz
running FDX2_Q6P4F2_OID30147.gz
finished FDX2_Q6P4F2_OID30147.gz
running FEN1_P39748_OID21192.gz
finished FEN1_P39748_OID21192.gz
running FES_P07332_OID21207.gz
finished FES_P07332_OID21207.gz
running FETUB_Q9UGM5_OID20404.gz
finished FETUB_Q9UGM5_OID20404.gz
running FGA_P02671_OID30788.gz
finished FGA_P02671_OID30788.gz
running FGD3_Q5JSP0_OID31040.gz
finished FGD3_Q5JSP0_OID31040.gz
running FGF12_P61328_OID30454.gz
finished FGF12_P61328_OID30454.gz
running FGF16_O43320_OID30535.gz
finished FGF16_O43320_OID30535.gz
running FGF19_O95750_OID20715.gz
finished FGF19_O95750_OID20715.gz
running FGF20_Q9NP95_OID30459.gz
finished FGF20_Q9NP95_OID30459.gz
running FGF21_Q9NSA1_OID21402.gz
finished FGF21_Q9NSA1_OID21402.gz
running FGF23_Q9GZV9_OID21411.gz
finished FGF23_Q9GZV9_OID21411.gz
running FGF2_P09038_OID20503.gz
finished FGF2_P09038_OID20503.gz
running FGF3_P11487_OID30544.gz
finished FGF3_P11487_OID30544.gz
running FGF5_P12034_OID20490.gz
finished FGF5_P12034_OID20490.gz
running FGF6_P10767_OID30443.gz
finished FGF6_P10767_OID30443.gz
running FGF7_P21781_OID31241.gz
finished FGF7_P21781_OID31241.gz
running FGF9_P31371_OID31193.gz
finished FGF9_P31371_OID31193.gz
running FGFBP1_Q14512_OID21507.gz
finished FGFBP1_Q14512_OID21507.gz
running FGFBP2_Q9BYJ0_OID30395.gz
finished FGFBP2_Q9BYJ0_OID30395.gz
running FGFBP3_Q8TAT2_OID31108.gz
finished FGFBP3_Q8TAT2_OID31108.gz
running FGFR2_P21802_OID21478.gz
finished FGFR2_P21802_OID21478.gz
running FGFR4_P22455_OID30646.gz
finished FGFR4_P22455_OID30646.gz
running FGL1_Q08830_OID30702.gz
finished FGL1_Q08830_OID30702.gz
running FGR_P09769_OID20828.gz
finished FGR_P09769_OID20828.gz
running FHIP2A_Q5W0V3_OID30187.gz
finished FHIP2A_Q5W0V3_OID30187.gz
running FHIT_P49789_OID20872.gz
finished FHIT_P49789_OID20872.gz
running FH_P07954_OID30839.gz
finished FH_P07954_OID30839.gz
running FIS1_Q9Y3D6_OID20722.gz
finished FIS1_Q9Y3D6_OID20722.gz
running FKBP14_Q9NWM8_OID31065.gz
finished FKBP14_Q9NWM8_OID31065.gz
running FKBP1B_P68106_OID20618.gz
finished FKBP1B_P68106_OID20618.gz
running FKBP4_Q02790_OID20960.gz
finished FKBP4_Q02790_OID20960.gz
running FKBP5_Q13451_OID20937.gz
finished FKBP5_Q13451_OID20937.gz
running FKBP7_Q9Y680_OID20846.gz
finished FKBP7_Q9Y680_OID20846.gz
running FKBPL_Q9UIM3_OID31499.gz
finished FKBPL_Q9UIM3_OID31499.gz
running FLI1_Q01543_OID21239.gz
finished FLI1_Q01543_OID21239.gz
running FLRT2_O43155_OID20946.gz
finished FLRT2_O43155_OID20946.gz
running FLT1_P17948_OID21301.gz
finished FLT1_P17948_OID21301.gz
running FLT3LG_P49771_OID20661.gz
finished FLT3LG_P49771_OID20661.gz
running FLT3_P36888_OID21272.gz
finished FLT3_P36888_OID21272.gz
running FLT4_P35916_OID21491.gz
finished FLT4_P35916_OID21491.gz
running FMNL1_O95466_OID20884.gz
finished FMNL1_O95466_OID20884.gz
running FMR1_Q06787_OID21233.gz
finished FMR1_Q06787_OID21233.gz
running FN1_P02751_OID30787.gz
finished FN1_P02751_OID30787.gz
running FNDC1_Q4ZHG4_OID31127.gz
finished FNDC1_Q4ZHG4_OID31127.gz
running FNTA_P49354_OID31381.gz
finished FNTA_P49354_OID31381.gz
running FOLH1_Q04609_OID30430.gz
finished FOLH1_Q04609_OID30430.gz
running FOLR1_P15328_OID21529.gz
finished FOLR1_P15328_OID21529.gz
running FOLR2_P14207_OID21062.gz
finished FOLR2_P14207_OID21062.gz
running FOLR3_P41439_OID21485.gz
finished FOLR3_P41439_OID21485.gz
running FOSB_P53539_OID20791.gz
finished FOSB_P53539_OID20791.gz
running FOS_P01100_OID31221.gz
finished FOS_P01100_OID31221.gz
running FOXJ3_Q9UPW0_OID30445.gz
finished FOXJ3_Q9UPW0_OID30445.gz
running FOXO1_Q12778_OID20515.gz
finished FOXO1_Q12778_OID20515.gz
running FOXO3_O43524_OID21271.gz
finished FOXO3_O43524_OID21271.gz
running FRMD4B_Q9Y2L6_OID30155.gz
finished FRMD4B_Q9Y2L6_OID30155.gz
running FRMD7_Q6ZUT3_OID30898.gz
finished FRMD7_Q6ZUT3_OID30898.gz
running FRZB_Q92765_OID20968.gz
finished FRZB_Q92765_OID20968.gz
running FSHB_P01225_OID30233.gz
finished FSHB_P01225_OID30233.gz
running FSTL1_Q12841_OID30254.gz
finished FSTL1_Q12841_OID30254.gz
