running 19367_34_DCI_D3D2.txt.gz.annotated.gz.exclusions.gz.alleles.gz
finished 19367_34_DCI_D3D2.txt.gz.annotated.gz.exclusions.gz.alleles.gz
running 19369_17_KAT2A_GCNL2.txt.gz.annotated.gz.exclusions.gz.alleles.gz
finished 19369_17_KAT2A_GCNL2.txt.gz.annotated.gz.exclusions.gz.alleles.gz
running 19370_30_HS3ST4_HS3S4.txt.gz.annotated.gz.exclusions.gz.alleles.gz
finished 19370_30_HS3ST4_HS3S4.txt.gz.annotated.gz.exclusions.gz.alleles.gz
running 19372_7_MDGA2_MDGA2.txt.gz.annotated.gz.exclusions.gz.alleles.gz
finished 19372_7_MDGA2_MDGA2.txt.gz.annotated.gz.exclusions.gz.alleles.gz
running 19373_3_MYL12A_MLRM.txt.gz.annotated.gz.exclusions.gz.alleles.gz
finished 19373_3_MYL12A_MLRM.txt.gz.annotated.gz.exclusions.gz.alleles.gz
running 19374_72_MTCP1_MTCP1.txt.gz.annotated.gz.exclusions.gz.alleles.gz
finished 19374_72_MTCP1_MTCP1.txt.gz.annotated.gz.exclusions.gz.alleles.gz
running 19376_74_NNMT_NNMT.txt.gz.annotated.gz.exclusions.gz.alleles.gz
finished 19376_74_NNMT_NNMT.txt.gz.annotated.gz.exclusions.gz.alleles.gz
running 19377_14_OLFM2_NOE2.txt.gz.annotated.gz.exclusions.gz.alleles.gz
finished 19377_14_OLFM2_NOE2.txt.gz.annotated.gz.exclusions.gz.alleles.gz
running 19379_154_RAB3D_RAB3D.txt.gz.annotated.gz.exclusions.gz.alleles.gz
finished 19379_154_RAB3D_RAB3D.txt.gz.annotated.gz.exclusions.gz.alleles.gz
running 19381_7_RGS21_RGS21.txt.gz.annotated.gz.exclusions.gz.alleles.gz
finished 19381_7_RGS21_RGS21.txt.gz.annotated.gz.exclusions.gz.alleles.gz
running 19383_131_CINP_CINP.txt.gz.annotated.gz.exclusions.gz.alleles.gz
finished 19383_131_CINP_CINP.txt.gz.annotated.gz.exclusions.gz.alleles.gz
running 19388_2_CDH12_Cadherin_12.txt.gz.annotated.gz.exclusions.gz.alleles.gz
finished 19388_2_CDH12_Cadherin_12.txt.gz.annotated.gz.exclusions.gz.alleles.gz
running 19392_6_DDAH1_DDAH1.txt.gz.annotated.gz.exclusions.gz.alleles.gz
finished 19392_6_DDAH1_DDAH1.txt.gz.annotated.gz.exclusions.gz.alleles.gz
running 19437_61_VEGFA_L_VEGF165.txt.gz.annotated.gz.exclusions.gz.alleles.gz
finished 19437_61_VEGFA_L_VEGF165.txt.gz.annotated.gz.exclusions.gz.alleles.gz
running 19438_68_SYF2_SYF2.txt.gz.annotated.gz.exclusions.gz.alleles.gz
finished 19438_68_SYF2_SYF2.txt.gz.annotated.gz.exclusions.gz.alleles.gz
running 19446_1_GMPR2_GMPR2.txt.gz.annotated.gz.exclusions.gz.alleles.gz
finished 19446_1_GMPR2_GMPR2.txt.gz.annotated.gz.exclusions.gz.alleles.gz
running 19448_104_UPP1_UPP1.txt.gz.annotated.gz.exclusions.gz.alleles.gz
finished 19448_104_UPP1_UPP1.txt.gz.annotated.gz.exclusions.gz.alleles.gz
running 19467_3_RBKS_RBSK.txt.gz.annotated.gz.exclusions.gz.alleles.gz
finished 19467_3_RBKS_RBSK.txt.gz.annotated.gz.exclusions.gz.alleles.gz
running 19482_11_HDHD3_HDHD3.txt.gz.annotated.gz.exclusions.gz.alleles.gz
finished 19482_11_HDHD3_HDHD3.txt.gz.annotated.gz.exclusions.gz.alleles.gz
running 19483_16_KDSR_KDSR.txt.gz.annotated.gz.exclusions.gz.alleles.gz
finished 19483_16_KDSR_KDSR.txt.gz.annotated.gz.exclusions.gz.alleles.gz
running 19488_1_PDCD6_PDCD6.txt.gz.annotated.gz.exclusions.gz.alleles.gz
finished 19488_1_PDCD6_PDCD6.txt.gz.annotated.gz.exclusions.gz.alleles.gz
running 19491_11_HSD17B8_DHB8.txt.gz.annotated.gz.exclusions.gz.alleles.gz
finished 19491_11_HSD17B8_DHB8.txt.gz.annotated.gz.exclusions.gz.alleles.gz
running 19492_5_KAAG1_KAAG1.txt.gz.annotated.gz.exclusions.gz.alleles.gz
finished 19492_5_KAAG1_KAAG1.txt.gz.annotated.gz.exclusions.gz.alleles.gz
running 19496_1_NPL_NPL.txt.gz.annotated.gz.exclusions.gz.alleles.gz
finished 19496_1_NPL_NPL.txt.gz.annotated.gz.exclusions.gz.alleles.gz
running 19503_2_SNX3_SNX3.txt.gz.annotated.gz.exclusions.gz.alleles.gz
finished 19503_2_SNX3_SNX3.txt.gz.annotated.gz.exclusions.gz.alleles.gz
running 19504_22_DTYMK_KTHY.txt.gz.annotated.gz.exclusions.gz.alleles.gz
finished 19504_22_DTYMK_KTHY.txt.gz.annotated.gz.exclusions.gz.alleles.gz
running 19506_6_GLYAT_GLYAT.txt.gz.annotated.gz.exclusions.gz.alleles.gz
finished 19506_6_GLYAT_GLYAT.txt.gz.annotated.gz.exclusions.gz.alleles.gz
running 19511_8_DCUN1D2_DCNL2.txt.gz.annotated.gz.exclusions.gz.alleles.gz
finished 19511_8_DCUN1D2_DCNL2.txt.gz.annotated.gz.exclusions.gz.alleles.gz
running 19516_10_HMGA2_HMGA2.txt.gz.annotated.gz.exclusions.gz.alleles.gz
finished 19516_10_HMGA2_HMGA2.txt.gz.annotated.gz.exclusions.gz.alleles.gz
running 19518_12_HK3_HXK3.txt.gz.annotated.gz.exclusions.gz.alleles.gz
finished 19518_12_HK3_HXK3.txt.gz.annotated.gz.exclusions.gz.alleles.gz
running 19523_215_PARK7_PARK7.txt.gz.annotated.gz.exclusions.gz.alleles.gz
finished 19523_215_PARK7_PARK7.txt.gz.annotated.gz.exclusions.gz.alleles.gz
running 19545_145_PARK7_Oxidized_PARK7.txt.gz.annotated.gz.exclusions.gz.alleles.gz
finished 19545_145_PARK7_Oxidized_PARK7.txt.gz.annotated.gz.exclusions.gz.alleles.gz
running 19553_14_STX1A_STX1a.txt.gz.annotated.gz.exclusions.gz.alleles.gz
finished 19553_14_STX1A_STX1a.txt.gz.annotated.gz.exclusions.gz.alleles.gz
running 19555_1_SUMO2_SUMO2.txt.gz.annotated.gz.exclusions.gz.alleles.gz
finished 19555_1_SUMO2_SUMO2.txt.gz.annotated.gz.exclusions.gz.alleles.gz
running 19556_12_CR1_Complement_receptor_type_1.txt.gz.annotated.gz.exclusions.gz.alleles.gz
finished 19556_12_CR1_Complement_receptor_type_1.txt.gz.annotated.gz.exclusions.gz.alleles.gz
running 19557_3_KLB_KLOTB.txt.gz.annotated.gz.exclusions.gz.alleles.gz
finished 19557_3_KLB_KLOTB.txt.gz.annotated.gz.exclusions.gz.alleles.gz
running 19558_10_LRP4_LRP4.txt.gz.annotated.gz.exclusions.gz.alleles.gz
finished 19558_10_LRP4_LRP4.txt.gz.annotated.gz.exclusions.gz.alleles.gz
running 19560_23_PLXNA4_PLXA4.txt.gz.annotated.gz.exclusions.gz.alleles.gz
finished 19560_23_PLXNA4_PLXA4.txt.gz.annotated.gz.exclusions.gz.alleles.gz
running 19561_216_PLXND1_PLXD1.txt.gz.annotated.gz.exclusions.gz.alleles.gz
finished 19561_216_PLXND1_PLXD1.txt.gz.annotated.gz.exclusions.gz.alleles.gz
running 19562_8_USP28_UBP28.txt.gz.annotated.gz.exclusions.gz.alleles.gz
finished 19562_8_USP28_UBP28.txt.gz.annotated.gz.exclusions.gz.alleles.gz
running 19563_3_SEZ6L_SEZ6L.txt.gz.annotated.gz.exclusions.gz.alleles.gz
finished 19563_3_SEZ6L_SEZ6L.txt.gz.annotated.gz.exclusions.gz.alleles.gz
running 19564_61_IRF4_IRF4.txt.gz.annotated.gz.exclusions.gz.alleles.gz
finished 19564_61_IRF4_IRF4.txt.gz.annotated.gz.exclusions.gz.alleles.gz
running 19567_1_EGFR_EGFRvIII.txt.gz.annotated.gz.exclusions.gz.alleles.gz
finished 19567_1_EGFR_EGFRvIII.txt.gz.annotated.gz.exclusions.gz.alleles.gz
running 19568_17_IL15_IL_15.txt.gz.annotated.gz.exclusions.gz.alleles.gz
finished 19568_17_IL15_IL_15.txt.gz.annotated.gz.exclusions.gz.alleles.gz
running 19570_12_FGF8_FGF_8.txt.gz.annotated.gz.exclusions.gz.alleles.gz
finished 19570_12_FGF8_FGF_8.txt.gz.annotated.gz.exclusions.gz.alleles.gz
running 19572_10_CEBPG_CEBPG.txt.gz.annotated.gz.exclusions.gz.alleles.gz
finished 19572_10_CEBPG_CEBPG.txt.gz.annotated.gz.exclusions.gz.alleles.gz
running 19575_4_EPOR_EPO_R.txt.gz.annotated.gz.exclusions.gz.alleles.gz
finished 19575_4_EPOR_EPO_R.txt.gz.annotated.gz.exclusions.gz.alleles.gz
running 19578_19_DOK2_DOK2.txt.gz.annotated.gz.exclusions.gz.alleles.gz
finished 19578_19_DOK2_DOK2.txt.gz.annotated.gz.exclusions.gz.alleles.gz
running 19579_5_DEFA1_HNP_1.txt.gz.annotated.gz.exclusions.gz.alleles.gz
finished 19579_5_DEFA1_HNP_1.txt.gz.annotated.gz.exclusions.gz.alleles.gz
running 19581_15_IGFBP5_IGFBP_5.txt.gz.annotated.gz.exclusions.gz.alleles.gz
finished 19581_15_IGFBP5_IGFBP_5.txt.gz.annotated.gz.exclusions.gz.alleles.gz
running 19584_33_FGF9_FGF9.txt.gz.annotated.gz.exclusions.gz.alleles.gz
finished 19584_33_FGF9_FGF9.txt.gz.annotated.gz.exclusions.gz.alleles.gz
running 19586_89_RAB3C_RAB3C.txt.gz.annotated.gz.exclusions.gz.alleles.gz
finished 19586_89_RAB3C_RAB3C.txt.gz.annotated.gz.exclusions.gz.alleles.gz
running 19587_12_KPNA1_IMA5.txt.gz.annotated.gz.exclusions.gz.alleles.gz
finished 19587_12_KPNA1_IMA5.txt.gz.annotated.gz.exclusions.gz.alleles.gz
running 19590_46_SFTPD_SP_D.txt.gz.annotated.gz.exclusions.gz.alleles.gz
finished 19590_46_SFTPD_SP_D.txt.gz.annotated.gz.exclusions.gz.alleles.gz
running 19596_18_BRF1_BRF_1.txt.gz.annotated.gz.exclusions.gz.alleles.gz
finished 19596_18_BRF1_BRF_1.txt.gz.annotated.gz.exclusions.gz.alleles.gz
running 19601_15_ASB9_ASB9.txt.gz.annotated.gz.exclusions.gz.alleles.gz
finished 19601_15_ASB9_ASB9.txt.gz.annotated.gz.exclusions.gz.alleles.gz
running 19602_36_JUND_jun_D.txt.gz.annotated.gz.exclusions.gz.alleles.gz
finished 19602_36_JUND_jun_D.txt.gz.annotated.gz.exclusions.gz.alleles.gz
running 19606_28_IHH_ihh.txt.gz.annotated.gz.exclusions.gz.alleles.gz
finished 19606_28_IHH_ihh.txt.gz.annotated.gz.exclusions.gz.alleles.gz
running 19612_3_CD81_CD81.txt.gz.annotated.gz.exclusions.gz.alleles.gz
finished 19612_3_CD81_CD81.txt.gz.annotated.gz.exclusions.gz.alleles.gz
running 19614_8_TCN1_Holo_TC_I.txt.gz.annotated.gz.exclusions.gz.alleles.gz
finished 19614_8_TCN1_Holo_TC_I.txt.gz.annotated.gz.exclusions.gz.alleles.gz
running 19615_213_NT5C3A_5NT3.txt.gz.annotated.gz.exclusions.gz.alleles.gz
finished 19615_213_NT5C3A_5NT3.txt.gz.annotated.gz.exclusions.gz.alleles.gz
running 19616_100_EFHD1_EFHD1.txt.gz.annotated.gz.exclusions.gz.alleles.gz
finished 19616_100_EFHD1_EFHD1.txt.gz.annotated.gz.exclusions.gz.alleles.gz
running 19617_5_PTGR1_LTB4DH.txt.gz.annotated.gz.exclusions.gz.alleles.gz
finished 19617_5_PTGR1_LTB4DH.txt.gz.annotated.gz.exclusions.gz.alleles.gz
running 19620_16_DLG2_DLG2.txt.gz.annotated.gz.exclusions.gz.alleles.gz
finished 19620_16_DLG2_DLG2.txt.gz.annotated.gz.exclusions.gz.alleles.gz
running 19622_7_INHBA_Activin_A.txt.gz.annotated.gz.exclusions.gz.alleles.gz
finished 19622_7_INHBA_Activin_A.txt.gz.annotated.gz.exclusions.gz.alleles.gz
running 19623_26_RPSA_40S_ribosomal_protein_SA.txt.gz.annotated.gz.exclusions.gz.alleles.gz
finished 19623_26_RPSA_40S_ribosomal_protein_SA.txt.gz.annotated.gz.exclusions.gz.alleles.gz
running 19631_13_KNG1_Kininostatin.txt.gz.annotated.gz.exclusions.gz.alleles.gz
finished 19631_13_KNG1_Kininostatin.txt.gz.annotated.gz.exclusions.gz.alleles.gz
running 19635_69_FGL2_FGL2.txt.gz.annotated.gz.exclusions.gz.alleles.gz
finished 19635_69_FGL2_FGL2.txt.gz.annotated.gz.exclusions.gz.alleles.gz
running 19636_23_HLA_G_HLA_G.txt.gz.annotated.gz.exclusions.gz.alleles.gz
finished 19636_23_HLA_G_HLA_G.txt.gz.annotated.gz.exclusions.gz.alleles.gz
running 19637_9_CRH_CRH.txt.gz.annotated.gz.exclusions.gz.alleles.gz
finished 19637_9_CRH_CRH.txt.gz.annotated.gz.exclusions.gz.alleles.gz
running 19638_9_PDYN_Dynorphin_A__1_17_.txt.gz.annotated.gz.exclusions.gz.alleles.gz
finished 19638_9_PDYN_Dynorphin_A__1_17_.txt.gz.annotated.gz.exclusions.gz.alleles.gz
running 19639_53_IAPP_IAPP.txt.gz.annotated.gz.exclusions.gz.alleles.gz
finished 19639_53_IAPP_IAPP.txt.gz.annotated.gz.exclusions.gz.alleles.gz
running 19640_2_PTH_Parathyroid_Hormone1_34.txt.gz.annotated.gz.exclusions.gz.alleles.gz
finished 19640_2_PTH_Parathyroid_Hormone1_34.txt.gz.annotated.gz.exclusions.gz.alleles.gz
running 2190_55_F11_Coagulation_Factor_XI.txt.gz.annotated.gz.exclusions.gz.alleles.gz
finished 2190_55_F11_Coagulation_Factor_XI.txt.gz.annotated.gz.exclusions.gz.alleles.gz
running 2192_63_CCL27_CTACK.txt.gz.annotated.gz.exclusions.gz.alleles.gz
finished 2192_63_CCL27_CTACK.txt.gz.annotated.gz.exclusions.gz.alleles.gz
running 2201_17_COL18A1_Endostatin.txt.gz.annotated.gz.exclusions.gz.alleles.gz
finished 2201_17_COL18A1_Endostatin.txt.gz.annotated.gz.exclusions.gz.alleles.gz
running 2211_9_TIMP1_TIMP_1.txt.gz.annotated.gz.exclusions.gz.alleles.gz
finished 2211_9_TIMP1_TIMP_1.txt.gz.annotated.gz.exclusions.gz.alleles.gz
running 2212_69_PLAT_tPA.txt.gz.annotated.gz.exclusions.gz.alleles.gz
finished 2212_69_PLAT_tPA.txt.gz.annotated.gz.exclusions.gz.alleles.gz
running 2247_20_PROK1_EG_VEGF.txt.gz.annotated.gz.exclusions.gz.alleles.gz
finished 2247_20_PROK1_EG_VEGF.txt.gz.annotated.gz.exclusions.gz.alleles.gz
running 2278_61_TIMP2_TIMP_2.txt.gz.annotated.gz.exclusions.gz.alleles.gz
finished 2278_61_TIMP2_TIMP_2.txt.gz.annotated.gz.exclusions.gz.alleles.gz
