running 3504_58_HAMP_LEAP_1.txt.gz.annotated.gz.exclusions.gz.alleles.gz
finished 3504_58_HAMP_LEAP_1.txt.gz.annotated.gz.exclusions.gz.alleles.gz
running 3508_78_CCL22_MDC.txt.gz.annotated.gz.exclusions.gz.alleles.gz
finished 3508_78_CCL22_MDC.txt.gz.annotated.gz.exclusions.gz.alleles.gz
running 3516_60_CXCL12_SDF_1.txt.gz.annotated.gz.exclusions.gz.alleles.gz
finished 3516_60_CXCL12_SDF_1.txt.gz.annotated.gz.exclusions.gz.alleles.gz
running 3518_54_CPB2_TAFI.txt.gz.annotated.gz.exclusions.gz.alleles.gz
finished 3518_54_CPB2_TAFI.txt.gz.annotated.gz.exclusions.gz.alleles.gz
running 3519_3_CCL17_TARC.txt.gz.annotated.gz.exclusions.gz.alleles.gz
finished 3519_3_CCL17_TARC.txt.gz.annotated.gz.exclusions.gz.alleles.gz
running 3520_58_TGFB3_TGF_b3.txt.gz.annotated.gz.exclusions.gz.alleles.gz
finished 3520_58_TGFB3_TGF_b3.txt.gz.annotated.gz.exclusions.gz.alleles.gz
running 3522_57_VIP_Vasoactive_Intestinal_Peptide.txt.gz.annotated.gz.exclusions.gz.alleles.gz
finished 3522_57_VIP_Vasoactive_Intestinal_Peptide.txt.gz.annotated.gz.exclusions.gz.alleles.gz
running 3534_14_CD40LG_CD40_ligand__soluble.txt.gz.annotated.gz.exclusions.gz.alleles.gz
finished 3534_14_CD40LG_CD40_ligand__soluble.txt.gz.annotated.gz.exclusions.gz.alleles.gz
running 3535_84_DKK1_DKK1.txt.gz.annotated.gz.exclusions.gz.alleles.gz
finished 3535_84_DKK1_DKK1.txt.gz.annotated.gz.exclusions.gz.alleles.gz
running 3538_26_DDC_dopa_decarboxylase.txt.gz.annotated.gz.exclusions.gz.alleles.gz
finished 3538_26_DDC_dopa_decarboxylase.txt.gz.annotated.gz.exclusions.gz.alleles.gz
running 3554_24_ADIPOQ_Adiponectin.txt.gz.annotated.gz.exclusions.gz.alleles.gz
finished 3554_24_ADIPOQ_Adiponectin.txt.gz.annotated.gz.exclusions.gz.alleles.gz
running 3580_25_SERPINA1_a1_Antitrypsin.txt.gz.annotated.gz.exclusions.gz.alleles.gz
finished 3580_25_SERPINA1_a1_Antitrypsin.txt.gz.annotated.gz.exclusions.gz.alleles.gz
running 3581_53_AHSG_a2_HS_Glycoprotein.txt.gz.annotated.gz.exclusions.gz.alleles.gz
finished 3581_53_AHSG_a2_HS_Glycoprotein.txt.gz.annotated.gz.exclusions.gz.alleles.gz
running 3583_54_ARSA_Arylsulfatase_A.txt.gz.annotated.gz.exclusions.gz.alleles.gz
finished 3583_54_ARSA_Arylsulfatase_A.txt.gz.annotated.gz.exclusions.gz.alleles.gz
running 3585_54_BSG_BASI.txt.gz.annotated.gz.exclusions.gz.alleles.gz
finished 3585_54_BSG_BASI.txt.gz.annotated.gz.exclusions.gz.alleles.gz
running 3587_53_BMP10_BMP10.txt.gz.annotated.gz.exclusions.gz.alleles.gz
finished 3587_53_BMP10_BMP10.txt.gz.annotated.gz.exclusions.gz.alleles.gz
running 3592_4_CAMK1_CAMK1.txt.gz.annotated.gz.exclusions.gz.alleles.gz
finished 3592_4_CAMK1_CAMK1.txt.gz.annotated.gz.exclusions.gz.alleles.gz
running 3593_72_CASP3_Caspase_3.txt.gz.annotated.gz.exclusions.gz.alleles.gz
finished 3593_72_CASP3_Caspase_3.txt.gz.annotated.gz.exclusions.gz.alleles.gz
running 3600_2_CHIT1_Chitotriosidase_1.txt.gz.annotated.gz.exclusions.gz.alleles.gz
finished 3600_2_CHIT1_Chitotriosidase_1.txt.gz.annotated.gz.exclusions.gz.alleles.gz
running 3603_60_CLEC7A_CLC7A.txt.gz.annotated.gz.exclusions.gz.alleles.gz
finished 3603_60_CLEC7A_CLC7A.txt.gz.annotated.gz.exclusions.gz.alleles.gz
running 3605_77_MASP1_MASP3.txt.gz.annotated.gz.exclusions.gz.alleles.gz
finished 3605_77_MASP1_MASP3.txt.gz.annotated.gz.exclusions.gz.alleles.gz
running 3607_71_DKK3_DKK3.txt.gz.annotated.gz.exclusions.gz.alleles.gz
finished 3607_71_DKK3_DKK3.txt.gz.annotated.gz.exclusions.gz.alleles.gz
running 3616_3_GNS_GNS.txt.gz.annotated.gz.exclusions.gz.alleles.gz
finished 3616_3_GNS_GNS.txt.gz.annotated.gz.exclusions.gz.alleles.gz
running 3617_80_HGFAC_HGFA.txt.gz.annotated.gz.exclusions.gz.alleles.gz
finished 3617_80_HGFAC_HGFA.txt.gz.annotated.gz.exclusions.gz.alleles.gz
running 3620_67_IL22RA1_IL22RA1.txt.gz.annotated.gz.exclusions.gz.alleles.gz
finished 3620_67_IL22RA1_IL22RA1.txt.gz.annotated.gz.exclusions.gz.alleles.gz
running 3622_33_LGMN_LGMN.txt.gz.annotated.gz.exclusions.gz.alleles.gz
finished 3622_33_LGMN_LGMN.txt.gz.annotated.gz.exclusions.gz.alleles.gz
running 3623_84_LY86_LY86.txt.gz.annotated.gz.exclusions.gz.alleles.gz
finished 3623_84_LY86_LY86.txt.gz.annotated.gz.exclusions.gz.alleles.gz
running 3627_71_MMEL1_MMEL2.txt.gz.annotated.gz.exclusions.gz.alleles.gz
finished 3627_71_MMEL1_MMEL2.txt.gz.annotated.gz.exclusions.gz.alleles.gz
running 3628_3_MAP2K2_MP2K2.txt.gz.annotated.gz.exclusions.gz.alleles.gz
finished 3628_3_MAP2K2_MP2K2.txt.gz.annotated.gz.exclusions.gz.alleles.gz
running 3629_60_CDC42BPB_MRCKB.txt.gz.annotated.gz.exclusions.gz.alleles.gz
finished 3629_60_CDC42BPB_MRCKB.txt.gz.annotated.gz.exclusions.gz.alleles.gz
running 3630_27_CADM3_Nectin_like_protein_1.txt.gz.annotated.gz.exclusions.gz.alleles.gz
finished 3630_27_CADM3_Nectin_like_protein_1.txt.gz.annotated.gz.exclusions.gz.alleles.gz
running 3640_14_LRPAP1_RAP.txt.gz.annotated.gz.exclusions.gz.alleles.gz
finished 3640_14_LRPAP1_RAP.txt.gz.annotated.gz.exclusions.gz.alleles.gz
running 3651_50_KDR_VEGF_sR2.txt.gz.annotated.gz.exclusions.gz.alleles.gz
finished 3651_50_KDR_VEGF_sR2.txt.gz.annotated.gz.exclusions.gz.alleles.gz
running 3685_53_MFRP_MFRP.txt.gz.annotated.gz.exclusions.gz.alleles.gz
finished 3685_53_MFRP_MFRP.txt.gz.annotated.gz.exclusions.gz.alleles.gz
running 3708_62_A2M_a2_Macroglobulin.txt.gz.annotated.gz.exclusions.gz.alleles.gz
finished 3708_62_A2M_a2_Macroglobulin.txt.gz.annotated.gz.exclusions.gz.alleles.gz
running 3710_49_PLG_Angiostatin.txt.gz.annotated.gz.exclusions.gz.alleles.gz
finished 3710_49_PLG_Angiostatin.txt.gz.annotated.gz.exclusions.gz.alleles.gz
running 3719_2_CDKN1B_p27Kip1.txt.gz.annotated.gz.exclusions.gz.alleles.gz
finished 3719_2_CDKN1B_p27Kip1.txt.gz.annotated.gz.exclusions.gz.alleles.gz
running 3723_1_NPPB_BNP_32.txt.gz.annotated.gz.exclusions.gz.alleles.gz
finished 3723_1_NPPB_BNP_32.txt.gz.annotated.gz.exclusions.gz.alleles.gz
running 3727_35_PYY_PYY.txt.gz.annotated.gz.exclusions.gz.alleles.gz
finished 3727_35_PYY_PYY.txt.gz.annotated.gz.exclusions.gz.alleles.gz
running 3728_52_SCT_Secretin.txt.gz.annotated.gz.exclusions.gz.alleles.gz
finished 3728_52_SCT_Secretin.txt.gz.annotated.gz.exclusions.gz.alleles.gz
running 3730_81_TNFRSF4_TNR4.txt.gz.annotated.gz.exclusions.gz.alleles.gz
finished 3730_81_TNFRSF4_TNR4.txt.gz.annotated.gz.exclusions.gz.alleles.gz
running 3738_54_CSF1_CSF_1.txt.gz.annotated.gz.exclusions.gz.alleles.gz
finished 3738_54_CSF1_CSF_1.txt.gz.annotated.gz.exclusions.gz.alleles.gz
running 3758_68_PROC_Activated_Protein_C.txt.gz.annotated.gz.exclusions.gz.alleles.gz
finished 3758_68_PROC_Activated_Protein_C.txt.gz.annotated.gz.exclusions.gz.alleles.gz
running 3761_4_PTGS2_COX_2.txt.gz.annotated.gz.exclusions.gz.alleles.gz
finished 3761_4_PTGS2_COX_2.txt.gz.annotated.gz.exclusions.gz.alleles.gz
running 3773_15_TEK_sTie_2.txt.gz.annotated.gz.exclusions.gz.alleles.gz
finished 3773_15_TEK_sTie_2.txt.gz.annotated.gz.exclusions.gz.alleles.gz
running 3795_6_ADAM9_ADAM_9.txt.gz.annotated.gz.exclusions.gz.alleles.gz
finished 3795_6_ADAM9_ADAM_9.txt.gz.annotated.gz.exclusions.gz.alleles.gz
running 3796_79_ANGPTL4_ANGL4.txt.gz.annotated.gz.exclusions.gz.alleles.gz
finished 3796_79_ANGPTL4_ANGL4.txt.gz.annotated.gz.exclusions.gz.alleles.gz
running 3797_1_CDH2_Cadherin_2.txt.gz.annotated.gz.exclusions.gz.alleles.gz
finished 3797_1_CDH2_Cadherin_2.txt.gz.annotated.gz.exclusions.gz.alleles.gz
running 3798_71_CA9_Carbonic_anhydrase_9.txt.gz.annotated.gz.exclusions.gz.alleles.gz
finished 3798_71_CA9_Carbonic_anhydrase_9.txt.gz.annotated.gz.exclusions.gz.alleles.gz
running 3799_11_CA3_Carbonic_anhydrase_III.txt.gz.annotated.gz.exclusions.gz.alleles.gz
finished 3799_11_CA3_Carbonic_anhydrase_III.txt.gz.annotated.gz.exclusions.gz.alleles.gz
running 3800_71_CKB_CK_BB.txt.gz.annotated.gz.exclusions.gz.alleles.gz
finished 3800_71_CKB_CK_BB.txt.gz.annotated.gz.exclusions.gz.alleles.gz
running 3803_10_CST5_CYTD.txt.gz.annotated.gz.exclusions.gz.alleles.gz
finished 3803_10_CST5_CYTD.txt.gz.annotated.gz.exclusions.gz.alleles.gz
running 3805_16_ESM1_Endocan.txt.gz.annotated.gz.exclusions.gz.alleles.gz
finished 3805_16_ESM1_Endocan.txt.gz.annotated.gz.exclusions.gz.alleles.gz
running 3806_55_EPHA5_EphA5.txt.gz.annotated.gz.exclusions.gz.alleles.gz
finished 3806_55_EPHA5_EphA5.txt.gz.annotated.gz.exclusions.gz.alleles.gz
running 3807_1_FGF23_FGF23.txt.gz.annotated.gz.exclusions.gz.alleles.gz
finished 3807_1_FGF23_FGF23.txt.gz.annotated.gz.exclusions.gz.alleles.gz
running 3808_76_FGFR2_FGFR_2.txt.gz.annotated.gz.exclusions.gz.alleles.gz
finished 3808_76_FGFR2_FGFR_2.txt.gz.annotated.gz.exclusions.gz.alleles.gz
running 3809_1_FGFR3_FGFR_3.txt.gz.annotated.gz.exclusions.gz.alleles.gz
finished 3809_1_FGFR3_FGFR_3.txt.gz.annotated.gz.exclusions.gz.alleles.gz
running 3810_50_FGR_FGR.txt.gz.annotated.gz.exclusions.gz.alleles.gz
finished 3810_50_FGR_FGR.txt.gz.annotated.gz.exclusions.gz.alleles.gz
running 3813_3_FYN_FYN.txt.gz.annotated.gz.exclusions.gz.alleles.gz
finished 3813_3_FYN_FYN.txt.gz.annotated.gz.exclusions.gz.alleles.gz
running 3815_14_IL12RB2_IL_12_RB2.txt.gz.annotated.gz.exclusions.gz.alleles.gz
finished 3815_14_IL12RB2_IL_12_RB2.txt.gz.annotated.gz.exclusions.gz.alleles.gz
running 3817_18_PRKCQ_KPCT.txt.gz.annotated.gz.exclusions.gz.alleles.gz
finished 3817_18_PRKCQ_KPCT.txt.gz.annotated.gz.exclusions.gz.alleles.gz
running 3820_68_MAPKAPK2_MAPK2.txt.gz.annotated.gz.exclusions.gz.alleles.gz
finished 3820_68_MAPKAPK2_MAPK2.txt.gz.annotated.gz.exclusions.gz.alleles.gz
running 3821_28_MAPKAPK5_MAPK5.txt.gz.annotated.gz.exclusions.gz.alleles.gz
finished 3821_28_MAPKAPK5_MAPK5.txt.gz.annotated.gz.exclusions.gz.alleles.gz
running 3822_54_MAPKAPK3_MAPKAPK3.txt.gz.annotated.gz.exclusions.gz.alleles.gz
finished 3822_54_MAPKAPK3_MAPKAPK3.txt.gz.annotated.gz.exclusions.gz.alleles.gz
running 3823_9_MATK_MATK.txt.gz.annotated.gz.exclusions.gz.alleles.gz
finished 3823_9_MATK_MATK.txt.gz.annotated.gz.exclusions.gz.alleles.gz
running 3825_18_MAPK8_MK08.txt.gz.annotated.gz.exclusions.gz.alleles.gz
finished 3825_18_MAPK8_MK08.txt.gz.annotated.gz.exclusions.gz.alleles.gz
running 3827_22_PAK6_PAK6.txt.gz.annotated.gz.exclusions.gz.alleles.gz
finished 3827_22_PAK6_PAK6.txt.gz.annotated.gz.exclusions.gz.alleles.gz
running 3831_21_PTEN_pTEN.txt.gz.annotated.gz.exclusions.gz.alleles.gz
finished 3831_21_PTEN_pTEN.txt.gz.annotated.gz.exclusions.gz.alleles.gz
running 3832_51_PTK6_PTK6.txt.gz.annotated.gz.exclusions.gz.alleles.gz
finished 3832_51_PTK6_PTK6.txt.gz.annotated.gz.exclusions.gz.alleles.gz
running 3835_11_TLR2_TLR2.txt.gz.annotated.gz.exclusions.gz.alleles.gz
finished 3835_11_TLR2_TLR2.txt.gz.annotated.gz.exclusions.gz.alleles.gz
running 3836_51_UFM1_UFM1.txt.gz.annotated.gz.exclusions.gz.alleles.gz
finished 3836_51_UFM1_UFM1.txt.gz.annotated.gz.exclusions.gz.alleles.gz
running 3837_6_ZAP70_ZAP70.txt.gz.annotated.gz.exclusions.gz.alleles.gz
finished 3837_6_ZAP70_ZAP70.txt.gz.annotated.gz.exclusions.gz.alleles.gz
running 3839_60_AIP_AIP.txt.gz.annotated.gz.exclusions.gz.alleles.gz
finished 3839_60_AIP_AIP.txt.gz.annotated.gz.exclusions.gz.alleles.gz
running 3844_2_PPIA_Cyclophilin_A.txt.gz.annotated.gz.exclusions.gz.alleles.gz
finished 3844_2_PPIA_Cyclophilin_A.txt.gz.annotated.gz.exclusions.gz.alleles.gz
running 3845_51_DYNLRB1_DLRB1.txt.gz.annotated.gz.exclusions.gz.alleles.gz
finished 3845_51_DYNLRB1_DLRB1.txt.gz.annotated.gz.exclusions.gz.alleles.gz
running 3847_56_ETHE1_ETHE1.txt.gz.annotated.gz.exclusions.gz.alleles.gz
finished 3847_56_ETHE1_ETHE1.txt.gz.annotated.gz.exclusions.gz.alleles.gz
running 3848_14_GAPDH_GAPDH__liver.txt.gz.annotated.gz.exclusions.gz.alleles.gz
finished 3848_14_GAPDH_GAPDH__liver.txt.gz.annotated.gz.exclusions.gz.alleles.gz
running 3852_19_DNAJB1_HSP_40.txt.gz.annotated.gz.exclusions.gz.alleles.gz
finished 3852_19_DNAJB1_HSP_40.txt.gz.annotated.gz.exclusions.gz.alleles.gz
running 3853_56_MDH1_MDHC.txt.gz.annotated.gz.exclusions.gz.alleles.gz
finished 3853_56_MDH1_MDHC.txt.gz.annotated.gz.exclusions.gz.alleles.gz
running 3854_24_NACA_NACA.txt.gz.annotated.gz.exclusions.gz.alleles.gz
finished 3854_24_NACA_NACA.txt.gz.annotated.gz.exclusions.gz.alleles.gz
