running 11134_30_MTRF1L_RF1ML.txt.gz.annotated.gz.exclusions.gz.alleles.gz
finished 11134_30_MTRF1L_RF1ML.txt.gz.annotated.gz.exclusions.gz.alleles.gz
running 11135_5_MRPL55_RM55.txt.gz.annotated.gz.exclusions.gz.alleles.gz
finished 11135_5_MRPL55_RM55.txt.gz.annotated.gz.exclusions.gz.alleles.gz
running 11137_43_CSF2RB_IL3RB.txt.gz.annotated.gz.exclusions.gz.alleles.gz
finished 11137_43_CSF2RB_IL3RB.txt.gz.annotated.gz.exclusions.gz.alleles.gz
running 11138_16_RUNX3_RUNX3.txt.gz.annotated.gz.exclusions.gz.alleles.gz
finished 11138_16_RUNX3_RUNX3.txt.gz.annotated.gz.exclusions.gz.alleles.gz
running 11140_56_COL1A1_CO1A1.txt.gz.annotated.gz.exclusions.gz.alleles.gz
finished 11140_56_COL1A1_CO1A1.txt.gz.annotated.gz.exclusions.gz.alleles.gz
running 11142_11_ANGPTL1_ANGL1.txt.gz.annotated.gz.exclusions.gz.alleles.gz
finished 11142_11_ANGPTL1_ANGL1.txt.gz.annotated.gz.exclusions.gz.alleles.gz
running 11143_32_OLFM3_NOE3.txt.gz.annotated.gz.exclusions.gz.alleles.gz
finished 11143_32_OLFM3_NOE3.txt.gz.annotated.gz.exclusions.gz.alleles.gz
running 11144_10_DEFB116_DB116.txt.gz.annotated.gz.exclusions.gz.alleles.gz
finished 11144_10_DEFB116_DB116.txt.gz.annotated.gz.exclusions.gz.alleles.gz
running 11145_72_KIAA1549L_K154L.txt.gz.annotated.gz.exclusions.gz.alleles.gz
finished 11145_72_KIAA1549L_K154L.txt.gz.annotated.gz.exclusions.gz.alleles.gz
running 11146_4_TBX22_TBX22.txt.gz.annotated.gz.exclusions.gz.alleles.gz
finished 11146_4_TBX22_TBX22.txt.gz.annotated.gz.exclusions.gz.alleles.gz
running 11147_17_TREML1_TRML1.txt.gz.annotated.gz.exclusions.gz.alleles.gz
finished 11147_17_TREML1_TRML1.txt.gz.annotated.gz.exclusions.gz.alleles.gz
running 11149_3_TLR1_TLR1.txt.gz.annotated.gz.exclusions.gz.alleles.gz
finished 11149_3_TLR1_TLR1.txt.gz.annotated.gz.exclusions.gz.alleles.gz
running 11152_46_KLK13_kallikrein_13.txt.gz.annotated.gz.exclusions.gz.alleles.gz
finished 11152_46_KLK13_kallikrein_13.txt.gz.annotated.gz.exclusions.gz.alleles.gz
running 11154_3_NFE2L1_NF2L1.txt.gz.annotated.gz.exclusions.gz.alleles.gz
finished 11154_3_NFE2L1_NF2L1.txt.gz.annotated.gz.exclusions.gz.alleles.gz
running 11155_16_COL6A5_CO6A5.txt.gz.annotated.gz.exclusions.gz.alleles.gz
finished 11155_16_COL6A5_CO6A5.txt.gz.annotated.gz.exclusions.gz.alleles.gz
running 11158_40_CCDC64_BICR1.txt.gz.annotated.gz.exclusions.gz.alleles.gz
finished 11158_40_CCDC64_BICR1.txt.gz.annotated.gz.exclusions.gz.alleles.gz
running 11160_56_RNF122_RN122.txt.gz.annotated.gz.exclusions.gz.alleles.gz
finished 11160_56_RNF122_RN122.txt.gz.annotated.gz.exclusions.gz.alleles.gz
running 11161_5_SPG20_SPG20.txt.gz.annotated.gz.exclusions.gz.alleles.gz
finished 11161_5_SPG20_SPG20.txt.gz.annotated.gz.exclusions.gz.alleles.gz
running 11162_37_EQTN_EQTN.txt.gz.annotated.gz.exclusions.gz.alleles.gz
finished 11162_37_EQTN_EQTN.txt.gz.annotated.gz.exclusions.gz.alleles.gz
running 11163_7_FAM162B_F162B.txt.gz.annotated.gz.exclusions.gz.alleles.gz
finished 11163_7_FAM162B_F162B.txt.gz.annotated.gz.exclusions.gz.alleles.gz
running 11164_7_TENM2_TEN2.txt.gz.annotated.gz.exclusions.gz.alleles.gz
finished 11164_7_TENM2_TEN2.txt.gz.annotated.gz.exclusions.gz.alleles.gz
running 11167_6_MTMR1_MTMR1.txt.gz.annotated.gz.exclusions.gz.alleles.gz
finished 11167_6_MTMR1_MTMR1.txt.gz.annotated.gz.exclusions.gz.alleles.gz
running 11168_3_MEGF10_MEG10.txt.gz.annotated.gz.exclusions.gz.alleles.gz
finished 11168_3_MEGF10_MEG10.txt.gz.annotated.gz.exclusions.gz.alleles.gz
running 11171_25_FLNA_filamin_A.txt.gz.annotated.gz.exclusions.gz.alleles.gz
finished 11171_25_FLNA_filamin_A.txt.gz.annotated.gz.exclusions.gz.alleles.gz
running 11173_29_MILR1_MILR1.txt.gz.annotated.gz.exclusions.gz.alleles.gz
finished 11173_29_MILR1_MILR1.txt.gz.annotated.gz.exclusions.gz.alleles.gz
running 11174_8_THSD7A_THS7A.txt.gz.annotated.gz.exclusions.gz.alleles.gz
finished 11174_8_THSD7A_THS7A.txt.gz.annotated.gz.exclusions.gz.alleles.gz
running 11175_45_LPCAT2_PCAT2.txt.gz.annotated.gz.exclusions.gz.alleles.gz
finished 11175_45_LPCAT2_PCAT2.txt.gz.annotated.gz.exclusions.gz.alleles.gz
running 11177_16_KRT5_K2C5.txt.gz.annotated.gz.exclusions.gz.alleles.gz
finished 11177_16_KRT5_K2C5.txt.gz.annotated.gz.exclusions.gz.alleles.gz
running 11178_21_SVEP1_SVEP1.txt.gz.annotated.gz.exclusions.gz.alleles.gz
finished 11178_21_SVEP1_SVEP1.txt.gz.annotated.gz.exclusions.gz.alleles.gz
running 11179_7_TSSK1B_TSSK1.txt.gz.annotated.gz.exclusions.gz.alleles.gz
finished 11179_7_TSSK1B_TSSK1.txt.gz.annotated.gz.exclusions.gz.alleles.gz
running 11180_17_SMARCC1_SMRC1.txt.gz.annotated.gz.exclusions.gz.alleles.gz
finished 11180_17_SMARCC1_SMRC1.txt.gz.annotated.gz.exclusions.gz.alleles.gz
running 11185_145_GCH1_GCH1.txt.gz.annotated.gz.exclusions.gz.alleles.gz
finished 11185_145_GCH1_GCH1.txt.gz.annotated.gz.exclusions.gz.alleles.gz
running 11186_12_TMEM52_TMM52.txt.gz.annotated.gz.exclusions.gz.alleles.gz
finished 11186_12_TMEM52_TMM52.txt.gz.annotated.gz.exclusions.gz.alleles.gz
running 11187_11_CLEC12A_CL12A.txt.gz.annotated.gz.exclusions.gz.alleles.gz
finished 11187_11_CLEC12A_CL12A.txt.gz.annotated.gz.exclusions.gz.alleles.gz
running 11190_129_YME1L1_YMEL1.txt.gz.annotated.gz.exclusions.gz.alleles.gz
finished 11190_129_YME1L1_YMEL1.txt.gz.annotated.gz.exclusions.gz.alleles.gz
running 11192_168_TINAGL1_TINAL.txt.gz.annotated.gz.exclusions.gz.alleles.gz
finished 11192_168_TINAGL1_TINAL.txt.gz.annotated.gz.exclusions.gz.alleles.gz
running 11193_27_HNF1A_HNF1A.txt.gz.annotated.gz.exclusions.gz.alleles.gz
finished 11193_27_HNF1A_HNF1A.txt.gz.annotated.gz.exclusions.gz.alleles.gz
running 11194_6_SIT1_SIT1.txt.gz.annotated.gz.exclusions.gz.alleles.gz
finished 11194_6_SIT1_SIT1.txt.gz.annotated.gz.exclusions.gz.alleles.gz
running 11196_31_COL6A3_Collagen_alpha_3_VI_.txt.gz.annotated.gz.exclusions.gz.alleles.gz
finished 11196_31_COL6A3_Collagen_alpha_3_VI_.txt.gz.annotated.gz.exclusions.gz.alleles.gz
running 11198_37_CREB3L1_CR3L1.txt.gz.annotated.gz.exclusions.gz.alleles.gz
finished 11198_37_CREB3L1_CR3L1.txt.gz.annotated.gz.exclusions.gz.alleles.gz
running 11201_19_PUS1_TRUA.txt.gz.annotated.gz.exclusions.gz.alleles.gz
finished 11201_19_PUS1_TRUA.txt.gz.annotated.gz.exclusions.gz.alleles.gz
running 11202_70_TBX5_TBX5.txt.gz.annotated.gz.exclusions.gz.alleles.gz
finished 11202_70_TBX5_TBX5.txt.gz.annotated.gz.exclusions.gz.alleles.gz
running 11204_80_CXADR_CXAR.txt.gz.annotated.gz.exclusions.gz.alleles.gz
finished 11204_80_CXADR_CXAR.txt.gz.annotated.gz.exclusions.gz.alleles.gz
running 11205_10_ITGB7_Integrin_beta_7.txt.gz.annotated.gz.exclusions.gz.alleles.gz
finished 11205_10_ITGB7_Integrin_beta_7.txt.gz.annotated.gz.exclusions.gz.alleles.gz
running 11207_3_MSR1_Macrophage_scavenger_receptor.txt.gz.annotated.gz.exclusions.gz.alleles.gz
finished 11207_3_MSR1_Macrophage_scavenger_receptor.txt.gz.annotated.gz.exclusions.gz.alleles.gz
running 11208_15_NAGPA_NAGPA.txt.gz.annotated.gz.exclusions.gz.alleles.gz
finished 11208_15_NAGPA_NAGPA.txt.gz.annotated.gz.exclusions.gz.alleles.gz
running 11211_7_TBCE_TBCE.txt.gz.annotated.gz.exclusions.gz.alleles.gz
finished 11211_7_TBCE_TBCE.txt.gz.annotated.gz.exclusions.gz.alleles.gz
running 11212_7_TXNDC5_TXND5.txt.gz.annotated.gz.exclusions.gz.alleles.gz
finished 11212_7_TXNDC5_TXND5.txt.gz.annotated.gz.exclusions.gz.alleles.gz
running 11214_40_DNAJB9_DNJB9.txt.gz.annotated.gz.exclusions.gz.alleles.gz
finished 11214_40_DNAJB9_DNJB9.txt.gz.annotated.gz.exclusions.gz.alleles.gz
running 11215_6_CDH15_CAD15.txt.gz.annotated.gz.exclusions.gz.alleles.gz
finished 11215_6_CDH15_CAD15.txt.gz.annotated.gz.exclusions.gz.alleles.gz
running 11217_16_CTBP1_CTBP1.txt.gz.annotated.gz.exclusions.gz.alleles.gz
finished 11217_16_CTBP1_CTBP1.txt.gz.annotated.gz.exclusions.gz.alleles.gz
running 11218_84_TPMT_TPMT.txt.gz.annotated.gz.exclusions.gz.alleles.gz
finished 11218_84_TPMT_TPMT.txt.gz.annotated.gz.exclusions.gz.alleles.gz
running 11219_95_FGFBP3_FGFP3.txt.gz.annotated.gz.exclusions.gz.alleles.gz
finished 11219_95_FGFBP3_FGFP3.txt.gz.annotated.gz.exclusions.gz.alleles.gz
running 11220_53_C10orf105_CJ105.txt.gz.annotated.gz.exclusions.gz.alleles.gz
finished 11220_53_C10orf105_CJ105.txt.gz.annotated.gz.exclusions.gz.alleles.gz
running 11223_1_TMEM154_TM154.txt.gz.annotated.gz.exclusions.gz.alleles.gz
finished 11223_1_TMEM154_TM154.txt.gz.annotated.gz.exclusions.gz.alleles.gz
running 11226_16_UBE3A_UBE3A.txt.gz.annotated.gz.exclusions.gz.alleles.gz
finished 11226_16_UBE3A_UBE3A.txt.gz.annotated.gz.exclusions.gz.alleles.gz
running 11227_31_TBL2_TBL2.txt.gz.annotated.gz.exclusions.gz.alleles.gz
finished 11227_31_TBL2_TBL2.txt.gz.annotated.gz.exclusions.gz.alleles.gz
running 11228_37_RIC3_RIC3.txt.gz.annotated.gz.exclusions.gz.alleles.gz
finished 11228_37_RIC3_RIC3.txt.gz.annotated.gz.exclusions.gz.alleles.gz
running 11229_16_ERN1_ERN1.txt.gz.annotated.gz.exclusions.gz.alleles.gz
finished 11229_16_ERN1_ERN1.txt.gz.annotated.gz.exclusions.gz.alleles.gz
running 11231_12_FDX1L_ADXL.txt.gz.annotated.gz.exclusions.gz.alleles.gz
finished 11231_12_FDX1L_ADXL.txt.gz.annotated.gz.exclusions.gz.alleles.gz
running 11237_49_PCOLCE_PCOC1.txt.gz.annotated.gz.exclusions.gz.alleles.gz
finished 11237_49_PCOLCE_PCOC1.txt.gz.annotated.gz.exclusions.gz.alleles.gz
running 11239_49_TMPRSS6_TMPS6.txt.gz.annotated.gz.exclusions.gz.alleles.gz
finished 11239_49_TMPRSS6_TMPS6.txt.gz.annotated.gz.exclusions.gz.alleles.gz
running 11241_8_ASL_ARLY.txt.gz.annotated.gz.exclusions.gz.alleles.gz
finished 11241_8_ASL_ARLY.txt.gz.annotated.gz.exclusions.gz.alleles.gz
running 11242_33_TGM1_TGM1.txt.gz.annotated.gz.exclusions.gz.alleles.gz
finished 11242_33_TGM1_TGM1.txt.gz.annotated.gz.exclusions.gz.alleles.gz
running 11243_90_ADGRF1_GPR110.txt.gz.annotated.gz.exclusions.gz.alleles.gz
finished 11243_90_ADGRF1_GPR110.txt.gz.annotated.gz.exclusions.gz.alleles.gz
running 11247_20_NAGS_NAGS.txt.gz.annotated.gz.exclusions.gz.alleles.gz
finished 11247_20_NAGS_NAGS.txt.gz.annotated.gz.exclusions.gz.alleles.gz
running 11248_43_UROS_HEM4.txt.gz.annotated.gz.exclusions.gz.alleles.gz
finished 11248_43_UROS_HEM4.txt.gz.annotated.gz.exclusions.gz.alleles.gz
running 11252_30_LRCH4_LRCH4.txt.gz.annotated.gz.exclusions.gz.alleles.gz
finished 11252_30_LRCH4_LRCH4.txt.gz.annotated.gz.exclusions.gz.alleles.gz
running 11254_13_PAPLN_PPN.txt.gz.annotated.gz.exclusions.gz.alleles.gz
finished 11254_13_PAPLN_PPN.txt.gz.annotated.gz.exclusions.gz.alleles.gz
running 11257_1_QDPR_DHPR.txt.gz.annotated.gz.exclusions.gz.alleles.gz
finished 11257_1_QDPR_DHPR.txt.gz.annotated.gz.exclusions.gz.alleles.gz
running 11258_41_MADCAM1_MAdCAM_1.txt.gz.annotated.gz.exclusions.gz.alleles.gz
finished 11258_41_MADCAM1_MAdCAM_1.txt.gz.annotated.gz.exclusions.gz.alleles.gz
running 11260_47_SUN5_SPA4L.txt.gz.annotated.gz.exclusions.gz.alleles.gz
finished 11260_47_SUN5_SPA4L.txt.gz.annotated.gz.exclusions.gz.alleles.gz
running 11262_39_TRABD_TRABD.txt.gz.annotated.gz.exclusions.gz.alleles.gz
finished 11262_39_TRABD_TRABD.txt.gz.annotated.gz.exclusions.gz.alleles.gz
running 11263_57_CASQ1_CASQ1.txt.gz.annotated.gz.exclusions.gz.alleles.gz
finished 11263_57_CASQ1_CASQ1.txt.gz.annotated.gz.exclusions.gz.alleles.gz
running 11264_33_XDH_XDH.txt.gz.annotated.gz.exclusions.gz.alleles.gz
finished 11264_33_XDH_XDH.txt.gz.annotated.gz.exclusions.gz.alleles.gz
running 11265_8_ALDH1A1_Retinal_dehydrogenase_1.txt.gz.annotated.gz.exclusions.gz.alleles.gz
finished 11265_8_ALDH1A1_Retinal_dehydrogenase_1.txt.gz.annotated.gz.exclusions.gz.alleles.gz
running 11266_8_SELPLG_SELPL.txt.gz.annotated.gz.exclusions.gz.alleles.gz
finished 11266_8_SELPLG_SELPL.txt.gz.annotated.gz.exclusions.gz.alleles.gz
running 11270_17_CHCHD10_CHC10.txt.gz.annotated.gz.exclusions.gz.alleles.gz
finished 11270_17_CHCHD10_CHC10.txt.gz.annotated.gz.exclusions.gz.alleles.gz
running 11273_176_GSTT2B_GSTT2.txt.gz.annotated.gz.exclusions.gz.alleles.gz
finished 11273_176_GSTT2B_GSTT2.txt.gz.annotated.gz.exclusions.gz.alleles.gz
running 11275_94_LRP1B_LRP1B.txt.gz.annotated.gz.exclusions.gz.alleles.gz
finished 11275_94_LRP1B_LRP1B.txt.gz.annotated.gz.exclusions.gz.alleles.gz
