TwoSampleMR version 0.5.9 
[>] New: Option to use non-European LD reference panels for clumping etc
[>] Some studies temporarily quarantined to verify effect allele
[>] See news(package='TwoSampleMR') and https://gwas.mrcieu.ac.uk for further details


Attaching package: ‘dplyr’

The following objects are masked from ‘package:data.table’:

    between, first, last

The following objects are masked from ‘package:stats’:

    filter, lag

The following objects are masked from ‘package:base’:

    intersect, setdiff, setequal, union

Warning message:
In .fun(piece, ...) :
  Duplicated SNPs present in exposure data for phenotype 'myeloma-UKB-finngen. Just keeping the first instance:
rs10003328
rs10021298
rs10036243
rs10038838
rs10040674
rs10043214
rs1004333
rs10043596
rs1004401
rs1004583
rs10049630
rs10050453
rs10052480
rs10061388
rs10062580
rs1006298
rs10069609
rs1007476
rs10079451
rs1008027
rs10084570
rs10100051
rs1010071
rs10103272
rs10103352
rs10115113
rs10116350
rs10119851
rs10121888
rs10123725
rs10130510
rs10132344
rs10134482
rs10135127
rs10135626
rs10136944
rs1014167
rs10141733
rs10143305
rs10147203
rs10148215
rs10149690
rs10170845
rs10174292
rs10175092
rs1017879
rs10178923
rs10181130
rs10183985
rs10184610
rs1019075
rs10193163
rs10200281
rs10204610
rs10207628
rs10208172
rs10212373
rs10213481
rs10224308
rs10227033
rs10227341
rs10230670
rs10232369
rs1023261
rs10237834
rs1024024
rs1024178
rs10242425
rs10244231
rs10247880
rs10250359
rs10266558
rs10267780
rs10272798
rs1029442
rs1030738
rs1033518
rs1034236
rs1034705
rs1035370
rs1036495
rs1037757
rs1038985 [... truncated]
